[10:12:37] 🚀 SCRIPT STARTED
[10:12:37] [1/459] MBDC
[10:12:37] 🧠 New identity created
[10:12:38] [2/459] CHKM
[10:12:39] [3/459] JTKZ
[10:12:40] [4/459] CMCT
[10:12:42] [5/459] ASHO
[10:12:43] [6/459] ECDG
[10:12:44] [7/459] SPAT
[10:12:45] [8/459] HILC
[10:12:46] [9/459] SPPH
[10:12:47] [10/459] SBHN
[10:12:48] [11/459] RRCA
[10:12:49] [12/459] APAA
[10:12:49] [13/459] RAME
[10:12:50] [14/459] TMMS
[10:12:51] [15/459] BATK
[10:12:52] [16/459] LKOP
[10:12:53] [17/459] AMTT
[10:12:54] [18/459] PTGK
[10:12:55] [19/459] ANRS
[10:12:55] [20/459] VWBW
[10:12:56] [21/459] SVFG
[10:12:58] [22/459] STAT
[10:12:59] [23/459] GDCV
[10:12:59] [24/459] VEBI
[10:13:00] [25/459] VDSS
[10:13:01] [26/459] NTHV
[10:13:02] [27/459] AOCH
[10:13:03] [28/459] KASR
[10:13:04] [29/459] AYCS
[10:13:04] [30/459] SHAI
[10:13:05] [31/459] SKPE
[10:13:06] [32/459] SBTA
[10:13:07] [33/459] RTTD
[10:13:08] [34/459] CCJD
[10:13:09] [35/459] RSJJ
[10:13:09] [36/459] RKND
[10:13:10] [37/459] SVTX
[10:13:11] [38/459] BAKM
[10:13:12] [39/459] SVDC
[10:13:13] [40/459] MNCV
[10:13:14] [41/459] SJGC
[10:13:15] [42/459] MTPK
[10:13:16] [43/459] GATP
[10:13:17] [44/459] ABTS
[10:13:18] [45/459] ABDE
[10:13:19] [46/459] RCNM
[10:13:20] [47/459] KTHV
[10:13:21] [48/459] MDGJ
[10:13:21] [49/459] SMLM
[10:13:22] [50/459] JTMA
[10:13:23] [51/459] ACKP
[10:13:24] [52/459] SRTA
[10:13:25] [53/459] STAY
[10:13:26] [54/459] MAVO
[10:13:27] [55/459] APTS
[10:13:27] [56/459] OMEA
[10:13:28] [57/459] TTFD
[10:13:29] [58/459] MJCU
[10:13:30] [59/459] CXTE
[10:13:31] [60/459] CTPX
[10:13:32] [61/459] ASSL
[10:13:33] [62/459] CMVB
[10:13:34] [63/459] VPUR
[10:13:35] [64/459] JJDA
[10:13:36] [65/459] INBL
[10:13:37] [66/459] BIKB
[10:13:37] [67/459] NTBB
[10:13:38] [68/459] GLOB
[10:13:39] [69/459] SNTB
[10:13:40] [70/459] CHGV
[10:13:41] [71/459] SSBZ
[10:13:42] [72/459] PRDB
[10:13:43] [73/459] ISMT
[10:13:45] [74/459] MCSD
[10:13:46] [75/459] JBTT
[10:13:47] [76/459] GEKR
[10:13:48] [77/459] PVUN
[10:13:48] [78/459] NRTB
[10:13:49] [79/459] PRAA
[10:13:50] [80/459] PCBL
[10:13:51] [81/459] PTCM
[10:13:52] [82/459] KHNN
[10:13:53] [83/459] OMJE
[10:13:53] [84/459] STGN
[10:13:54] [85/459] RPMS
[10:13:55] [86/459] NWAD
[10:13:56] [87/459] BLCK
[10:13:57] [88/459] SVAA
[10:13:57] [89/459] URVM
[10:13:58] [90/459] ANTM
[10:13:59] [91/459] VJYM
[10:14:00] [92/459] MAZZ
[10:14:01] [93/459] CSHM
[10:14:02] [94/459] WGMH
[10:14:03] [95/459] SALN
[10:14:03] [96/459] BRTP
[10:14:04] [97/459] SVTA
[10:14:05] [98/459] SBTP
[10:14:05] [99/459] VLSS
[10:14:06] [100/459] SRJA
[10:14:07] [101/459] ANCG
[10:14:08] [102/459] CGGC
[10:14:10] [103/459] CRJA
[10:14:11] [104/459] USCR
[10:14:11] [105/459] MMEF
[10:14:12] [106/459] JCRJ
[10:14:13] [107/459] ADCM
[10:14:14] [108/459] BMYK
[10:14:15] [109/459] KICS
[10:14:16] [110/459] MBBT
[10:14:17] [111/459] MACK
[10:14:18] [112/459] CLDR
[10:14:18] [113/459] JYCR
[10:14:19] [114/459] DCRP
[10:14:20] [115/459] RAHT
[10:14:20] [116/459] CSSM
[10:14:21] [117/459] ATPK
[10:14:22] [118/459] KLRT
[10:14:23] [119/459] SRDD
[10:14:24] [120/459] CKMC
[10:14:25] [121/459] KRVM
[10:14:26] [122/459] AKCP
[10:14:27] [123/459] CNCV
[10:14:27] [124/459] PACT
[10:14:28] [125/459] NATP
[10:14:29] [126/459] PCPK
[10:14:30] [127/459] SMHO
[10:14:31] [128/459] CWTK
[10:14:31] [129/459] RVKZ
[10:14:32] [130/459] ASPD
[10:14:34] [131/459] VTKZ
[10:14:35] [132/459] LCSO
[10:14:36] [133/459] PRDY
[10:14:36] [134/459] RCAP
[10:14:37] [135/459] RGAR
[10:14:38] [136/459] RCAC
[10:14:39] [137/459] PMOD
[10:14:40] [138/459] PVCN
[10:14:41] [139/459] SCRZ
[10:14:42] [140/459] PVPC
[10:14:43] [141/459] STID
[10:14:43] [142/459] NEDD
[10:14:44] [143/459] BNBA
[10:14:45] [144/459] NTCD
[10:14:46] [145/459] OCDE
[10:14:47] [146/459] CCDU
[10:14:48] [147/459] CRXH
[10:14:49] [148/459] VLVT
[10:14:50] [149/459] CICI
[10:14:50] [150/459] SUCB
[10:14:51] [151/459] TCBP
[10:14:52] [152/459] SCCY
[10:14:53] [153/459] LXCY
[10:14:54] [154/459] NCMD
[10:14:55] [155/459] PHCS
[10:14:55] [156/459] DUXR
[10:14:56] [157/459] VNKS
[10:14:59] [158/459] SEDP
[10:15:00] [159/459] SVEN
[10:15:01] [160/459] SRKM
[10:15:01] [161/459] JTLT
[10:15:02] [162/459] SVSS
[10:15:03] [163/459] AMDE
[10:15:04] [164/459] WVRN
[10:15:05] [165/459] ISMG
[10:15:06] [166/459] WVKS
[10:15:07] [167/459] USCG
[10:15:08] [168/459] IOTG
[10:15:09] [169/459] RRJM
[10:15:10] [170/459] EDMP
[10:15:11] [171/459] SCGZ
[10:15:12] [172/459] GMGX
[10:15:12] [173/459] OMTP
[10:15:13] [174/459] MITD
[10:15:14] [175/459] SMMD
[10:15:15] [176/459] STML
[10:15:16] [177/459] MCFS
[10:15:17] [178/459] FPKA
[10:15:18] [179/459] OMLR
[10:15:18] [180/459] KKSC
[10:15:19] [181/459] RVMA
[10:15:21] [182/459] SCLL
[10:15:22] [183/459] SCDK
[10:15:23] [184/459] SXMI
[10:15:24] [185/459] SHDN
[10:15:25] [186/459] PAAD
[10:15:25] [187/459] UUCB
[10:15:26] [188/459] JHOL
[10:15:27] [189/459] SGWT
[10:15:28] [190/459] SRII
[10:15:28] [191/459] SGCK
[10:15:29] [192/459] SVVB
[10:15:31] [193/459] DMHA
[10:15:32] [194/459] PPNL
[10:15:33] [195/459] CPNL
[10:15:34] [196/459] WVLD
[10:15:34] [197/459] PSLV
[10:15:35] [198/459] VTTL
[10:15:36] [199/459] NPAD
[10:15:37] [200/459] PVCS
[10:15:38] [201/459] MCHL
[10:15:39] [202/459] PPLL
[10:15:40] [203/459] MALO
[10:15:41] [204/459] SWBH
[10:15:42] [205/459] PUGB
[10:15:43] [206/459] INBB
[10:15:43] [207/459] INNS
[10:15:45] [208/459] MCPT
[10:15:45] [209/459] SCMI
[10:15:46] [210/459] OCON
[10:15:47] [211/459] SCSM
[10:15:48] [212/459] RJVN
[10:15:50] [213/459] AMDK
[10:15:51] [214/459] ISMR
[10:15:51] [215/459] SMTD
[10:15:53] [216/459] VTDD
[10:15:54] [217/459] PDDZ
[10:15:55] [218/459] PCCK
[10:15:56] [219/459] INAM
[10:15:56] [220/459] FNKT
[10:15:57] [221/459] GDKA
[10:15:58] [222/459] MAYU
[10:15:59] [223/459] TCGU
[10:16:00] [224/459] KDCA
[10:16:01] [225/459] DOMY
[10:16:02] [226/459] PDDD
[10:16:03] [227/459] BJTS
[10:16:04] [228/459] VTCA
[10:16:05] [229/459] SBTM
[10:16:06] [230/459] SEET
[10:16:07] [231/459] SSTJ
[10:16:07] [232/459] SVNT
[10:16:08] [233/459] PPPR
[10:16:09] [234/459] PVYS
[10:16:10] [235/459] IOSE
[10:16:11] [236/459] ACTV
[10:16:12] [237/459] APVE
[10:16:13] [238/459] TCCL
[10:16:14] [239/459] SCMO
[10:16:15] [240/459] SAUM
[10:16:16] [241/459] KCJS
[10:16:17] [242/459] NJCJ
[10:16:17] [243/459] NECF
[10:16:18] [244/459] CCGW
[10:16:19] [245/459] CCMG
[10:16:21] [246/459] NYRG
[10:16:21] [247/459] NCSQ
[10:16:23] [248/459] GRCG
[10:16:24] [249/459] CCBT
[10:16:24] [250/459] ACGA
[10:16:25] [251/459] INAG
[10:16:26] [252/459] FUCG
[10:16:27] [253/459] AICF
[10:16:28] [254/459] GRGA
[10:16:29] [255/459] GDCN
[10:16:30] [256/459] RRCG
[10:16:30] [257/459] SDCH
[10:16:31] [258/459] WVJM
[10:16:32] [259/459] JCCZ
[10:16:33] [260/459] CNCL
[10:16:34] [261/459] TMLV
[10:16:34] [262/459] MEMB
[10:16:35] [263/459] SGTD
[10:16:36] [264/459] CONX
[10:16:37] [265/459] CCMH
[10:16:38] [266/459] ACMC
[10:16:39] [267/459] DTPD
[10:16:40] [268/459] POJA
[10:16:41] [269/459] FNBH
[10:16:41] [270/459] CGCB
[10:16:42] [271/459] RACN
[10:16:43] [272/459] JTSM
[10:16:44] [273/459] SCDN
[10:16:45] [274/459] AACK
[10:16:46] [275/459] RMCE
[10:16:47] [276/459] BSGB
[10:16:48] [277/459] MRCB
[10:16:49] [278/459] SRVR
[10:16:49] [279/459] VTKK
[10:16:50] [280/459] AMST
[10:16:51] [281/459] APCY
[10:16:52] [282/459] LMHO
[10:16:53] [283/459] MTZH
[10:16:54] [284/459] AMZB
[10:16:55] [285/459] SUVT
[10:16:56] [286/459] RCIP
[10:16:57] [287/459] KESR
[10:16:57] [288/459] SNKC
[10:16:58] [289/459] SCED
[10:16:59] [290/459] DVCA
[10:17:00] [291/459] VCDT
[10:17:01] [292/459] RRDI
[10:17:02] [293/459] DFCH
[10:17:03] [294/459] INSC
[10:17:03] [295/459] RGTR
[10:17:04] [296/459] FMOT
[10:17:05] [297/459] SCPM
[10:17:06] [298/459] GCDT
[10:17:07] [299/459] BRKT
[10:17:08] [300/459] DEMP
[10:17:08] [301/459] SRLC
[10:17:09] [302/459] KSTT
[10:17:10] [303/459] SMMT
[10:17:11] [304/459] SILM
[10:17:12] [305/459] JCVM
[10:17:13] [306/459] KCSV
[10:17:14] [307/459] MHLK
[10:17:15] [308/459] SLVL
[10:17:16] [309/459] RJKP
[10:17:17] [310/459] BBPC
[10:17:18] [311/459] MXCB
[10:17:19] [312/459] TCPK
[10:17:20] [313/459] RTBR
[10:17:21] [314/459] GAUT
[10:17:23] [315/459] DVCF
[10:17:24] [316/459] JTSB
[10:17:24] [317/459] SBLS
[10:17:25] [318/459] UDAY
[10:17:26] [319/459] PTNP
[10:17:27] [320/459] DMKT
[10:17:28] [321/459] NTDT
[10:17:29] [322/459] SHDJ
[10:17:29] [323/459] OTNC
[10:17:30] [324/459] RNTW
[10:17:31] [325/459] GCMI
[10:17:32] [326/459] CRCM
[10:17:33] [327/459] NNCZ
[10:17:34] [328/459] OEMO
[10:17:34] [329/459] PVJM
[10:17:35] [330/459] CPJI
[10:17:36] [331/459] RMCJ
[10:17:37] [332/459] CNWJ
[10:17:38] [333/459] EPJM
[10:17:39] [334/459] FNJJ
[10:17:40] [335/459] GCMJ
[10:17:41] [336/459] INPS
[10:17:42] [337/459] BICJ
[10:17:43] [338/459] ISTJ
[10:17:44] [339/459] INJC
[10:17:45] [340/459] GLXJ
[10:17:46] [341/459] INEM
[10:17:47] [342/459] JTMN
[10:17:48] [343/459] FRCJ
[10:17:49] [344/459] DDJP
[10:17:50] [345/459] INJV
[10:17:51] [346/459] GOLC
[10:17:52] [347/459] KOCI
[10:17:53] [348/459] FSTD
[10:17:53] [349/459] PACJ
[10:17:54] [350/459] GMCN
[10:17:56] [351/459] MMDJ
[10:17:56] [352/459] GODH
[10:17:57] [353/459] SKYN
[10:17:58] [354/459] NCTH
[10:17:59] [355/459] SKVZ
[10:17:59] [356/459] SVML
[10:18:00] [357/459] ACVZ
[10:18:02] [358/459] SURA
[10:18:02] [359/459] RTRB
[10:18:03] [360/459] LLCT
[10:18:05] [361/459] ATTS
[10:18:06] [362/459] JYCM
[10:18:06] [363/459] CTKR
[10:18:07] [364/459] LCKR
[10:18:08] [365/459] NYCV
[10:18:09] [366/459] NYOH
[10:18:10] [367/459] NOVX
[10:18:11] [368/459] MRGK
[10:18:12] [369/459] MOON
[10:18:12] [370/459] SBUC
[10:18:13] [371/459] GSVA
[10:18:15] [372/459] VIAK
[10:18:16] [373/459] SMVZ
[10:18:17] [374/459] MATE
[10:18:17] [375/459] RDCN
[10:18:18] [376/459] ASBL
[10:18:19] [377/459] ASVS
[10:18:20] [378/459] ASSR
[10:18:20] [379/459] SSKN
[10:18:21] [380/459] DRPV
[10:18:22] [381/459] MRHT
[10:18:23] [382/459] BSCN
[10:18:23] [383/459] RKNX
[10:18:24] [384/459] MSMC
[10:18:25] [385/459] MSCJ
[10:18:26] [386/459] BTBJ
[10:18:26] [387/459] MJCC
[10:18:28] [388/459] IOMM
[10:18:29] [389/459] ADGR
[10:18:30] [390/459] MYCP
[10:18:31] [391/459] IGCM
[10:18:32] [392/459] PGRK
[10:18:33] [393/459] VPGO
[10:18:34] [394/459] KOMS
[10:18:35] [395/459] URGG
[10:18:35] [396/459] GOST
[10:18:36] [397/459] LACT
[10:18:37] [398/459] BWCM
[10:18:38] [399/459] NCCW
[10:18:40] [400/459] SKYC
[10:18:41] [401/459] CCPM
[10:18:42] [402/459] VCBT
[10:18:43] [403/459] SDKR
[10:18:44] [404/459] CTYB
[10:18:45] [405/459] SHCX
[10:18:45] [406/459] RCUN
[10:18:47] [407/459] CNRA
[10:18:48] [408/459] RFCA
[10:18:49] [409/459] RDCU
[10:18:49] [410/459] SARK
[10:18:50] [411/459] SPPP
[10:18:51] [412/459] ADMB
[10:18:53] [413/459] JYOE
[10:18:54] [414/459] SRMD
[10:18:55] [415/459] RJDH
[10:18:56] [416/459] SSTD
[10:18:57] [417/459] AACV
[10:18:58] [418/459] PPVD
[10:18:59] [419/459] STCP
[10:18:59] [420/459] ANJR
[10:19:00] [421/459] ANLS
[10:19:01] [422/459] BIJO
[10:19:02] [423/459] AVAB
[10:19:03] [424/459] SPMD
[10:19:04] [425/459] SVJL
[10:19:04] [426/459] SDDJ
[10:19:06] [427/459] SLTU
[10:19:07] [428/459] SAKA
[10:19:08] [429/459] PMAM
[10:19:08] [430/459] FNAM
[10:19:09] [431/459] ACAM
[10:19:10] [432/459] SCMM
[10:19:11] [433/459] PMAK
[10:19:12] [434/459] NYSA
[10:19:13] [435/459] FCPA
[10:19:14] [436/459] GDAN
[10:19:15] [437/459] RSCA
[10:19:15] [438/459] DMAN
[10:19:16] [439/459] DZCM
[10:19:17] [440/459] NSGL
[10:19:18] [441/459] CCPP
[10:19:19] [442/459] PSMG
[10:19:20] [443/459] GSER
[10:19:21] [444/459] FCCT
[10:19:22] [445/459] FCTB
[10:19:23] [446/459] LCNK
[10:19:24] [447/459] SKTY
[10:19:24] [448/459] INAA
[10:19:25] [449/459] RCWN
[10:19:26] [450/459] VAIS
[10:19:27] [451/459] CVMN
[10:19:27] [452/459] INTS
[10:19:28] [453/459] FRGS
[10:19:29] [454/459] DTCK
[10:19:30] [455/459] MCMH
[10:19:31] [456/459] ECRR
[10:19:33] [457/459] RLLP
[10:19:33] [458/459] CCSN
[10:19:34] [459/459] CCBA
[10:19:35] 🧹 Deduping shows
[10:19:35] ✅ DONE | Shows=12 | Movies=3
[16:52:01] 🚀 SCRIPT STARTED
[16:52:01] [1/459] MBDC
[16:52:01] 🧠 New identity created
[16:52:01] 🔄 Identity reset
[16:52:01] ❌ MBDC | RuntimeError
[16:52:02] [2/459] CHKM
[16:52:02] 🧠 New identity created
[16:52:02] 🔄 Identity reset
[16:52:02] ❌ CHKM | RuntimeError
[16:52:02] [3/459] JTKZ
[16:52:02] 🧠 New identity created
[16:52:03] [4/459] CMCT
[16:52:04] [5/459] ASHO
[16:52:04] [6/459] ECDG
[16:52:05] [7/459] SPAT
[16:52:05] [8/459] HILC
[16:52:06] [9/459] SPPH
[16:52:06] [10/459] SBHN
[16:52:07] [11/459] RRCA
[16:52:08] [12/459] APAA
[16:52:08] [13/459] RAME
[16:52:09] [14/459] TMMS
[16:52:10] [15/459] BATK
[16:52:10] [16/459] LKOP
[16:52:11] [17/459] AMTT
[16:52:11] [18/459] PTGK
[16:52:12] [19/459] ANRS
[16:52:13] [20/459] VWBW
[16:52:13] [21/459] SVFG
[16:52:14] [22/459] STAT
[16:52:14] [23/459] GDCV
[16:52:15] [24/459] VEBI
[16:52:15] [25/459] VDSS
[16:52:16] [26/459] NTHV
[16:52:16] [27/459] AOCH
[16:52:17] [28/459] KASR
[16:52:17] [29/459] AYCS
[16:52:18] [30/459] SHAI
[16:52:19] [31/459] SKPE
[16:52:19] [32/459] SBTA
[16:52:20] [33/459] RTTD
[16:52:21] [34/459] CCJD
[16:52:21] [35/459] RSJJ
[16:52:22] [36/459] RKND
[16:52:22] [37/459] SVTX
[16:52:23] [38/459] BAKM
[16:52:24] [39/459] SVDC
[16:52:24] [40/459] MNCV
[16:52:25] [41/459] SJGC
[16:52:26] [42/459] MTPK
[16:52:26] [43/459] GATP
[16:52:27] [44/459] ABTS
[16:52:28] [45/459] ABDE
[16:52:28] [46/459] RCNM
[16:52:29] [47/459] KTHV
[16:52:30] [48/459] MDGJ
[16:52:30] [49/459] SMLM
[16:52:31] [50/459] JTMA
[16:52:31] [51/459] ACKP
[16:52:32] [52/459] SRTA
[16:52:33] [53/459] STAY
[16:52:33] [54/459] MAVO
[16:52:34] [55/459] APTS
[16:52:35] [56/459] OMEA
[16:52:35] [57/459] TTFD
[16:52:36] [58/459] MJCU
[16:52:36] [59/459] CXTE
[16:52:37] [60/459] CTPX
[16:52:38] [61/459] ASSL
[16:52:38] [62/459] CMVB
[16:52:39] [63/459] VPUR
[16:52:39] [64/459] JJDA
[16:52:40] [65/459] INBL
[16:52:41] [66/459] BIKB
[16:52:41] [67/459] NTBB
[16:52:42] [68/459] GLOB
[16:52:42] [69/459] SNTB
[16:52:43] [70/459] CHGV
[16:52:44] [71/459] SSBZ
[16:52:45] [72/459] PRDB
[16:52:45] [73/459] ISMT
[16:52:46] [74/459] MCSD
[16:52:46] [75/459] JBTT
[16:52:47] [76/459] GEKR
[16:52:47] [77/459] PVUN
[16:52:48] [78/459] NRTB
[16:52:48] [79/459] PRAA
[16:52:49] [80/459] PCBL
[16:52:49] [81/459] PTCM
[16:52:50] [82/459] KHNN
[16:52:51] [83/459] OMJE
[16:52:51] [84/459] STGN
[16:52:52] [85/459] RPMS
[16:52:52] [86/459] NWAD
[16:52:53] [87/459] BLCK
[16:52:53] [88/459] SVAA
[16:52:54] [89/459] URVM
[16:52:55] [90/459] ANTM
[16:52:55] [91/459] VJYM
[16:52:56] [92/459] MAZZ
[16:52:56] [93/459] CSHM
[16:52:57] [94/459] WGMH
[16:52:57] [95/459] SALN
[16:52:58] [96/459] BRTP
[16:52:58] [97/459] SVTA
[16:52:59] [98/459] SBTP
[16:52:59] [99/459] VLSS
[16:53:00] [100/459] SRJA
[16:53:01] [101/459] ANCG
[16:53:01] [102/459] CGGC
[16:53:02] [103/459] CRJA
[16:53:02] [104/459] USCR
[16:53:03] [105/459] MMEF
[16:53:03] [106/459] JCRJ
[16:53:04] [107/459] ADCM
[16:53:04] [108/459] BMYK
[16:53:05] [109/459] KICS
[16:53:05] [110/459] MBBT
[16:53:06] [111/459] MACK
[16:53:07] [112/459] CLDR
[16:53:08] [113/459] JYCR
[16:53:08] [114/459] DCRP
[16:53:09] [115/459] RAHT
[16:53:09] [116/459] CSSM
[16:53:10] [117/459] ATPK
[16:53:10] [118/459] KLRT
[16:53:11] [119/459] SRDD
[16:53:12] [120/459] CKMC
[16:53:12] [121/459] KRVM
[16:53:13] [122/459] AKCP
[16:53:14] [123/459] CNCV
[16:53:14] [124/459] PACT
[16:53:15] [125/459] NATP
[16:53:15] [126/459] PCPK
[16:53:16] [127/459] SMHO
[16:53:17] [128/459] CWTK
[16:53:17] [129/459] RVKZ
[16:53:17] [130/459] ASPD
[16:53:18] [131/459] VTKZ
[16:53:19] [132/459] LCSO
[16:53:19] [133/459] PRDY
[16:53:20] [134/459] RCAP
[16:53:20] [135/459] RGAR
[16:53:21] [136/459] RCAC
[16:53:22] [137/459] PMOD
[16:53:22] [138/459] PVCN
[16:53:23] [139/459] SCRZ
[16:53:23] [140/459] PVPC
[16:53:24] [141/459] STID
[16:53:25] [142/459] NEDD
[16:53:25] [143/459] BNBA
[16:53:26] [144/459] NTCD
[16:53:26] [145/459] OCDE
[16:53:27] [146/459] CCDU
[16:53:27] [147/459] CRXH
[16:53:28] [148/459] VLVT
[16:53:28] [149/459] CICI
[16:53:29] [150/459] SUCB
[16:53:29] [151/459] TCBP
[16:53:30] [152/459] SCCY
[16:53:30] [153/459] LXCY
[16:53:31] [154/459] NCMD
[16:53:31] [155/459] PHCS
[16:53:32] [156/459] DUXR
[16:53:32] [157/459] VNKS
[16:53:33] [158/459] SEDP
[16:53:34] [159/459] SVEN
[16:53:34] [160/459] SRKM
[16:53:35] [161/459] JTLT
[16:53:35] [162/459] SVSS
[16:53:35] [163/459] AMDE
[16:53:36] [164/459] WVRN
[16:53:37] [165/459] ISMG
[16:53:37] [166/459] WVKS
[16:53:38] [167/459] USCG
[16:53:38] [168/459] IOTG
[16:53:39] [169/459] RRJM
[16:53:40] [170/459] EDMP
[16:53:40] [171/459] SCGZ
[16:53:41] [172/459] GMGX
[16:53:41] [173/459] OMTP
[16:53:42] [174/459] MITD
[16:53:42] [175/459] SMMD
[16:53:43] [176/459] STML
[16:53:43] [177/459] MCFS
[16:53:44] [178/459] FPKA
[16:53:44] [179/459] OMLR
[16:53:45] [180/459] KKSC
[16:53:45] [181/459] RVMA
[16:53:46] [182/459] SCLL
[16:53:46] [183/459] SCDK
[16:53:47] [184/459] SXMI
[16:53:48] [185/459] SHDN
[16:53:48] [186/459] PAAD
[16:53:49] [187/459] UUCB
[16:53:49] [188/459] JHOL
[16:53:50] [189/459] SGWT
[16:53:50] [190/459] SRII
[16:53:51] [191/459] SGCK
[16:53:52] [192/459] SVVB
[16:53:52] [193/459] DMHA
[16:53:53] [194/459] PPNL
[16:53:53] [195/459] CPNL
[16:53:54] [196/459] WVLD
[16:53:55] [197/459] PSLV
[16:53:55] [198/459] VTTL
[16:53:56] [199/459] NPAD
[16:53:56] [200/459] PVCS
[16:53:57] [201/459] MCHL
[16:53:58] [202/459] PPLL
[16:53:58] [203/459] MALO
[16:53:59] [204/459] SWBH
[16:54:00] [205/459] PUGB
[16:54:00] [206/459] INBB
[16:54:01] [207/459] INNS
[16:54:01] [208/459] MCPT
[16:54:02] [209/459] SCMI
[16:54:02] [210/459] OCON
[16:54:03] [211/459] SCSM
[16:54:04] [212/459] RJVN
[16:54:04] [213/459] AMDK
[16:54:05] [214/459] ISMR
[16:54:06] [215/459] SMTD
[16:54:06] [216/459] VTDD
[16:54:07] [217/459] PDDZ
[16:54:07] [218/459] PCCK
[16:54:08] [219/459] INAM
[16:54:08] [220/459] FNKT
[16:54:09] [221/459] GDKA
[16:54:09] [222/459] MAYU
[16:54:10] [223/459] TCGU
[16:54:11] [224/459] KDCA
[16:54:11] [225/459] DOMY
[16:54:12] [226/459] PDDD
[16:54:12] [227/459] BJTS
[16:54:13] [228/459] VTCA
[16:54:13] [229/459] SBTM
[16:54:14] [230/459] SEET
[16:54:15] [231/459] SSTJ
[16:54:15] [232/459] SVNT
[16:54:16] [233/459] PPPR
[16:54:16] [234/459] PVYS
[16:54:17] [235/459] IOSE
[16:54:17] [236/459] ACTV
[16:54:18] [237/459] APVE
[16:54:19] [238/459] TCCL
[16:54:19] [239/459] SCMO
[16:54:20] [240/459] SAUM
[16:54:20] [241/459] KCJS
[16:54:21] [242/459] NJCJ
[16:54:21] [243/459] NECF
[16:54:22] [244/459] CCGW
[16:54:22] [245/459] CCMG
[16:54:23] [246/459] NYRG
[16:54:23] [247/459] NCSQ
[16:54:24] [248/459] GRCG
[16:54:24] [249/459] CCBT
[16:54:24] [250/459] ACGA
[16:54:25] [251/459] INAG
[16:54:26] [252/459] FUCG
[16:54:26] [253/459] AICF
[16:54:27] [254/459] GRGA
[16:54:27] [255/459] GDCN
[16:54:28] [256/459] RRCG
[16:54:29] [257/459] SDCH
[16:54:29] [258/459] WVJM
[16:54:30] [259/459] JCCZ
[16:54:30] [260/459] CNCL
[16:54:31] [261/459] TMLV
[16:54:32] [262/459] MEMB
[16:54:32] [263/459] SGTD
[16:54:33] [264/459] CONX
[16:54:33] [265/459] CCMH
[16:54:34] [266/459] ACMC
[16:54:35] [267/459] DTPD
[16:54:35] [268/459] POJA
[16:54:36] [269/459] FNBH
[16:54:36] [270/459] CGCB
[16:54:37] [271/459] RACN
[16:54:37] [272/459] JTSM
[16:54:38] [273/459] SCDN
[16:54:39] [274/459] AACK
[16:54:39] [275/459] RMCE
[16:54:40] [276/459] BSGB
[16:54:40] [277/459] MRCB
[16:54:41] [278/459] SRVR
[16:54:41] [279/459] VTKK
[16:54:42] [280/459] AMST
[16:54:43] [281/459] APCY
[16:54:43] [282/459] LMHO
[16:54:44] [283/459] MTZH
[16:54:44] [284/459] AMZB
[16:54:45] [285/459] SUVT
[16:54:46] [286/459] RCIP
[16:54:46] [287/459] KESR
[16:54:47] [288/459] SNKC
[16:54:47] [289/459] SCED
[16:54:48] [290/459] DVCA
[16:54:48] [291/459] VCDT
[16:54:49] [292/459] RRDI
[16:54:49] [293/459] DFCH
[16:54:50] [294/459] INSC
[16:54:51] [295/459] RGTR
[16:54:51] [296/459] FMOT
[16:54:52] [297/459] SCPM
[16:54:52] [298/459] GCDT
[16:54:52] [299/459] BRKT
[16:54:53] [300/459] DEMP
[16:54:54] [301/459] SRLC
[16:54:54] [302/459] KSTT
[16:54:55] [303/459] SMMT
[16:54:55] [304/459] SILM
[16:54:56] [305/459] JCVM
[16:54:56] [306/459] KCSV
[16:54:57] [307/459] MHLK
[16:54:57] [308/459] SLVL
[16:54:57] [309/459] RJKP
[16:54:58] [310/459] BBPC
[16:54:58] [311/459] MXCB
[16:54:59] [312/459] TCPK
[16:54:59] [313/459] RTBR
[16:55:00] [314/459] GAUT
[16:55:01] [315/459] DVCF
[16:55:02] [316/459] JTSB
[16:55:02] [317/459] SBLS
[16:55:04] [318/459] UDAY
[16:55:04] [319/459] PTNP
[16:55:05] [320/459] DMKT
[16:55:06] [321/459] NTDT
[16:55:07] [322/459] SHDJ
[16:55:08] [323/459] OTNC
[16:55:08] [324/459] RNTW
[16:55:09] [325/459] GCMI
[16:55:10] [326/459] CRCM
[16:55:11] [327/459] NNCZ
[16:55:13] [328/459] OEMO
[16:55:13] [329/459] PVJM
[16:55:14] [330/459] CPJI
[16:55:16] [331/459] RMCJ
[16:55:16] [332/459] CNWJ
[16:55:19] [333/459] EPJM
[16:55:20] [334/459] FNJJ
[16:55:21] [335/459] GCMJ
[16:55:22] [336/459] INPS
[16:55:23] [337/459] BICJ
[16:55:24] [338/459] ISTJ
[16:55:30] [339/459] INJC
[16:55:30] [340/459] GLXJ
[16:55:31] [341/459] INEM
[16:55:31] [342/459] JTMN
[16:55:32] [343/459] FRCJ
[16:55:32] [344/459] DDJP
[16:55:33] [345/459] INJV
[16:55:36] [346/459] GOLC
[16:55:37] [347/459] KOCI
[16:55:37] [348/459] FSTD
[16:55:38] [349/459] PACJ
[16:55:38] [350/459] GMCN
[16:55:39] [351/459] MMDJ
[16:55:40] [352/459] GODH
[16:55:41] [353/459] SKYN
[16:55:42] [354/459] NCTH
[16:55:43] [355/459] SKVZ
[16:55:44] [356/459] SVML
[16:55:45] [357/459] ACVZ
[16:55:46] [358/459] SURA
[16:55:51] [359/459] RTRB
[16:55:51] [360/459] LLCT
[16:55:52] [361/459] ATTS
[16:55:53] [362/459] JYCM
[16:55:53] [363/459] CTKR
[16:55:54] [364/459] LCKR
[16:55:54] [365/459] NYCV
[16:55:55] [366/459] NYOH
[16:55:55] [367/459] NOVX
[16:55:56] [368/459] MRGK
[16:55:57] [369/459] MOON
[16:55:58] [370/459] SBUC
[16:55:59] [371/459] GSVA
[16:56:00] [372/459] VIAK
[16:56:01] [373/459] SMVZ
[16:56:02] [374/459] MATE
[16:56:03] [375/459] RDCN
[16:56:05] [376/459] ASBL
[16:56:07] [377/459] ASVS
[16:56:08] [378/459] ASSR
[16:56:09] [379/459] SSKN
[16:56:10] [380/459] DRPV
[16:56:11] [381/459] MRHT
[16:56:12] [382/459] BSCN
[16:56:13] [383/459] RKNX
[16:56:14] [384/459] MSMC
[16:56:15] [385/459] MSCJ
[16:56:16] [386/459] BTBJ
[16:56:17] [387/459] MJCC
[16:56:18] [388/459] IOMM
[16:56:19] [389/459] ADGR
[16:56:19] [390/459] MYCP
[16:56:20] [391/459] IGCM
[16:56:22] [392/459] PGRK
[16:56:22] [393/459] VPGO
[16:56:23] [394/459] KOMS
[16:56:24] [395/459] URGG
[16:56:26] [396/459] GOST
[16:56:27] [397/459] LACT
[16:56:28] [398/459] BWCM
[16:56:29] [399/459] NCCW
[16:56:29] [400/459] SKYC
[16:56:34] [401/459] CCPM
[16:56:35] [402/459] VCBT
[16:56:36] [403/459] SDKR
[16:56:36] [404/459] CTYB
[16:56:37] [405/459] SHCX
[16:56:37] [406/459] RCUN
[16:56:38] [407/459] CNRA
[16:56:38] [408/459] RFCA
[16:56:39] [409/459] RDCU
[16:56:40] [410/459] SARK
[16:56:41] [411/459] SPPP
[16:56:42] [412/459] ADMB
[16:56:42] [413/459] JYOE
[16:56:43] [414/459] SRMD
[16:56:45] [415/459] RJDH
[16:56:46] [416/459] SSTD
[16:56:47] [417/459] AACV
[16:56:48] [418/459] PPVD
[16:56:49] [419/459] STCP
[16:56:50] [420/459] ANJR
[16:56:51] [421/459] ANLS
[16:56:52] [422/459] BIJO
[16:56:53] [423/459] AVAB
[16:56:54] [424/459] SPMD
[16:56:55] [425/459] SVJL
[16:56:56] [426/459] SDDJ
[16:56:57] [427/459] SLTU
[16:56:58] [428/459] SAKA
[16:57:00] [429/459] PMAM
[16:57:00] [430/459] FNAM
[16:57:02] [431/459] ACAM
[16:57:03] [432/459] SCMM
[16:57:04] [433/459] PMAK
[16:57:05] [434/459] NYSA
[16:57:06] [435/459] FCPA
[16:57:07] [436/459] GDAN
[16:57:08] [437/459] RSCA
[16:57:08] [438/459] DMAN
[16:57:09] [439/459] DZCM
[16:57:10] [440/459] NSGL
[16:57:11] [441/459] CCPP
[16:57:12] [442/459] PSMG
[16:57:13] [443/459] GSER
[16:57:14] [444/459] FCCT
[16:57:15] [445/459] FCTB
[16:57:16] [446/459] LCNK
[16:57:17] [447/459] SKTY
[16:57:18] [448/459] INAA
[16:57:20] [449/459] RCWN
[16:57:20] [450/459] VAIS
[16:57:21] [451/459] CVMN
[16:57:21] [452/459] INTS
[16:57:23] [453/459] FRGS
[16:57:23] [454/459] DTCK
[16:57:24] [455/459] MCMH
[16:57:26] [456/459] ECRR
[16:57:28] [457/459] RLLP
[16:57:29] [458/459] CCSN
[16:57:29] [459/459] CCBA
[16:57:30] 🧹 Deduping shows
[16:57:30] ✅ DONE | Shows=65 | Movies=7
[04:54:51] 🚀 SCRIPT STARTED
[04:54:51] [1/459] MBDC
[04:54:51] 🧠 New identity created
[04:54:52] [2/459] CHKM
[04:54:53] [3/459] JTKZ
[04:54:54] [4/459] CMCT
[04:54:55] [5/459] ASHO
[04:54:56] [6/459] ECDG
[04:54:57] [7/459] SPAT
[04:54:58] [8/459] HILC
[04:54:59] [9/459] SPPH
[04:55:00] [10/459] SBHN
[04:55:01] [11/459] RRCA
[04:55:01] [12/459] APAA
[04:55:03] [13/459] RAME
[04:55:05] [14/459] TMMS
[04:55:06] [15/459] BATK
[04:55:07] [16/459] LKOP
[04:55:08] [17/459] AMTT
[04:55:09] [18/459] PTGK
[04:55:10] [19/459] ANRS
[04:55:12] [20/459] VWBW
[04:55:13] [21/459] SVFG
[04:55:13] [22/459] STAT
[04:55:15] [23/459] GDCV
[04:55:15] [24/459] VEBI
[04:55:16] [25/459] VDSS
[04:55:17] [26/459] NTHV
[04:55:18] [27/459] AOCH
[04:55:19] [28/459] KASR
[04:55:20] [29/459] AYCS
[04:55:20] [30/459] SHAI
[04:55:22] [31/459] SKPE
[04:55:23] [32/459] SBTA
[04:55:24] [33/459] RTTD
[04:55:25] [34/459] CCJD
[04:55:26] [35/459] RSJJ
[04:55:27] [36/459] RKND
[04:55:28] [37/459] SVTX
[04:55:29] [38/459] BAKM
[04:55:30] [39/459] SVDC
[04:55:30] [40/459] MNCV
[04:55:31] [41/459] SJGC
[04:55:32] [42/459] MTPK
[04:55:33] [43/459] GATP
[04:55:35] [44/459] ABTS
[04:55:35] [45/459] ABDE
[04:55:37] [46/459] RCNM
[04:55:39] [47/459] KTHV
[04:55:40] [48/459] MDGJ
[04:55:41] [49/459] SMLM
[04:55:41] [50/459] JTMA
[04:55:42] [51/459] ACKP
[04:55:43] [52/459] SRTA
[04:55:44] [53/459] STAY
[04:55:46] [54/459] MAVO
[04:55:47] [55/459] APTS
[04:55:48] [56/459] OMEA
[04:55:49] [57/459] TTFD
[04:55:50] [58/459] MJCU
[04:55:50] [59/459] CXTE
[04:55:51] [60/459] CTPX
[04:55:52] [61/459] ASSL
[04:55:53] [62/459] CMVB
[04:55:54] [63/459] VPUR
[04:55:54] [64/459] JJDA
[04:55:56] [65/459] INBL
[04:55:57] [66/459] BIKB
[04:55:58] [67/459] NTBB
[04:55:59] [68/459] GLOB
[04:56:00] [69/459] SNTB
[04:56:01] [70/459] CHGV
[04:56:02] [71/459] SSBZ
[04:56:03] [72/459] PRDB
[04:56:04] [73/459] ISMT
[04:56:04] [74/459] MCSD
[04:56:05] [75/459] JBTT
[04:56:07] [76/459] GEKR
[04:56:09] [77/459] PVUN
[04:56:10] [78/459] NRTB
[04:56:10] [79/459] PRAA
[04:56:11] [80/459] PCBL
[04:56:13] [81/459] PTCM
[04:56:14] [82/459] KHNN
[04:56:15] [83/459] OMJE
[04:56:16] [84/459] STGN
[04:56:17] [85/459] RPMS
[04:56:19] [86/459] NWAD
[04:56:20] [87/459] BLCK
[04:56:21] [88/459] SVAA
[04:56:21] [89/459] URVM
[04:56:22] [90/459] ANTM
[04:56:23] [91/459] VJYM
[04:56:24] [92/459] MAZZ
[04:56:25] [93/459] CSHM
[04:56:26] [94/459] WGMH
[04:56:27] [95/459] SALN
[04:56:28] [96/459] BRTP
[04:56:29] [97/459] SVTA
[04:56:29] [98/459] SBTP
[04:56:30] [99/459] VLSS
[04:56:31] [100/459] SRJA
[04:56:32] [101/459] ANCG
[04:56:34] [102/459] CGGC
[04:56:35] [103/459] CRJA
[04:56:35] [104/459] USCR
[04:56:36] [105/459] MMEF
[04:56:37] [106/459] JCRJ
[04:56:38] [107/459] ADCM
[04:56:39] [108/459] BMYK
[04:56:40] [109/459] KICS
[04:56:41] [110/459] MBBT
[04:56:43] [111/459] MACK
[04:56:44] [112/459] CLDR
[04:56:44] [113/459] JYCR
[04:56:45] [114/459] DCRP
[04:56:46] [115/459] RAHT
[04:56:47] [116/459] CSSM
[04:56:48] [117/459] ATPK
[04:56:49] [118/459] KLRT
[04:56:50] [119/459] SRDD
[04:56:51] [120/459] CKMC
[04:56:51] [121/459] KRVM
[04:56:52] [122/459] AKCP
[04:56:53] [123/459] CNCV
[04:56:54] [124/459] PACT
[04:56:55] [125/459] NATP
[04:56:56] [126/459] PCPK
[04:56:57] [127/459] SMHO
[04:56:58] [128/459] CWTK
[04:56:59] [129/459] RVKZ
[04:57:00] [130/459] ASPD
[04:57:02] [131/459] VTKZ
[04:57:03] [132/459] LCSO
[04:57:04] [133/459] PRDY
[04:57:05] [134/459] RCAP
[04:57:06] [135/459] RGAR
[04:57:06] [136/459] RCAC
[04:57:07] [137/459] PMOD
[04:57:08] [138/459] PVCN
[04:57:09] [139/459] SCRZ
[04:57:10] [140/459] PVPC
[04:57:11] [141/459] STID
[04:57:12] [142/459] NEDD
[04:57:13] [143/459] BNBA
[04:57:13] [144/459] NTCD
[04:57:14] [145/459] OCDE
[04:57:16] [146/459] CCDU
[04:57:17] [147/459] CRXH
[04:57:18] [148/459] VLVT
[04:57:19] [149/459] CICI
[04:57:20] [150/459] SUCB
[04:57:21] [151/459] TCBP
[04:57:21] [152/459] SCCY
[04:57:22] [153/459] LXCY
[04:57:23] [154/459] NCMD
[04:57:24] [155/459] PHCS
[04:57:25] [156/459] DUXR
[04:57:26] [157/459] VNKS
[04:57:26] [158/459] SEDP
[04:57:27] [159/459] SVEN
[04:57:28] [160/459] SRKM
[04:57:29] [161/459] JTLT
[04:57:30] [162/459] SVSS
[04:57:32] [163/459] AMDE
[04:57:33] [164/459] WVRN
[04:57:34] [165/459] ISMG
[04:57:36] [166/459] WVKS
[04:57:37] [167/459] USCG
[04:57:38] [168/459] IOTG
[04:57:39] [169/459] RRJM
[04:57:40] [170/459] EDMP
[04:57:41] [171/459] SCGZ
[04:57:42] [172/459] GMGX
[04:57:43] [173/459] OMTP
[04:57:45] [174/459] MITD
[04:57:46] [175/459] SMMD
[04:57:47] [176/459] STML
[04:57:48] [177/459] MCFS
[04:57:48] [178/459] FPKA
[04:57:49] [179/459] OMLR
[04:57:50] [180/459] KKSC
[04:57:52] [181/459] RVMA
[04:57:52] [182/459] SCLL
[04:57:53] [183/459] SCDK
[04:57:54] [184/459] SXMI
[04:57:55] [185/459] SHDN
[04:57:56] [186/459] PAAD
[04:57:57] [187/459] UUCB
[04:57:58] [188/459] JHOL
[04:57:59] [189/459] SGWT
[04:58:01] [190/459] SRII
[04:58:02] [191/459] SGCK
[04:58:02] [192/459] SVVB
[04:58:03] [193/459] DMHA
[04:58:04] [194/459] PPNL
[04:58:05] [195/459] CPNL
[04:58:06] [196/459] WVLD
[04:58:07] [197/459] PSLV
[04:58:07] [198/459] VTTL
[04:58:08] [199/459] NPAD
[04:58:09] [200/459] PVCS
[04:58:10] [201/459] MCHL
[04:58:11] [202/459] PPLL
[04:58:12] [203/459] MALO
[04:58:13] [204/459] SWBH
[04:58:14] [205/459] PUGB
[04:58:15] [206/459] INBB
[04:58:16] [207/459] INNS
[04:58:17] [208/459] MCPT
[04:58:18] [209/459] SCMI
[04:58:19] [210/459] OCON
[04:58:20] [211/459] SCSM
[04:58:20] [212/459] RJVN
[04:58:21] [213/459] AMDK
[04:58:22] [214/459] ISMR
[04:58:23] [215/459] SMTD
[04:58:24] [216/459] VTDD
[04:58:25] [217/459] PDDZ
[04:58:26] [218/459] PCCK
[04:58:27] [219/459] INAM
[04:58:28] [220/459] FNKT
[04:58:29] [221/459] GDKA
[04:58:31] [222/459] MAYU
[04:58:32] [223/459] TCGU
[04:58:32] [224/459] KDCA
[04:58:34] [225/459] DOMY
[04:58:35] [226/459] PDDD
[04:58:36] [227/459] BJTS
[04:58:37] [228/459] VTCA
[04:58:38] [229/459] SBTM
[04:58:39] [230/459] SEET
[04:58:40] [231/459] SSTJ
[04:58:42] [232/459] SVNT
[04:58:43] [233/459] PPPR
[04:58:44] [234/459] PVYS
[04:58:44] [235/459] IOSE
[04:58:45] [236/459] ACTV
[04:58:46] [237/459] APVE
[04:58:48] [238/459] TCCL
[04:58:49] [239/459] SCMO
[04:58:50] [240/459] SAUM
[04:58:51] [241/459] KCJS
[04:58:52] [242/459] NJCJ
[04:58:54] [243/459] NECF
[04:58:55] [244/459] CCGW
[04:58:56] [245/459] CCMG
[04:58:57] [246/459] NYRG
[04:58:59] [247/459] NCSQ
[04:59:00] [248/459] GRCG
[04:59:01] [249/459] CCBT
[04:59:02] [250/459] ACGA
[04:59:03] [251/459] INAG
[04:59:04] [252/459] FUCG
[04:59:05] [253/459] AICF
[04:59:05] [254/459] GRGA
[04:59:06] [255/459] GDCN
[04:59:07] [256/459] RRCG
[04:59:08] [257/459] SDCH
[04:59:09] [258/459] WVJM
[04:59:10] [259/459] JCCZ
[04:59:10] [260/459] CNCL
[04:59:11] [261/459] TMLV
[04:59:12] [262/459] MEMB
[04:59:13] [263/459] SGTD
[04:59:14] [264/459] CONX
[04:59:15] [265/459] CCMH
[04:59:16] [266/459] ACMC
[04:59:17] [267/459] DTPD
[04:59:17] [268/459] POJA
[04:59:18] [269/459] FNBH
[04:59:19] [270/459] CGCB
[04:59:20] [271/459] RACN
[04:59:22] [272/459] JTSM
[04:59:23] [273/459] SCDN
[04:59:24] [274/459] AACK
[04:59:26] [275/459] RMCE
[04:59:26] [276/459] BSGB
[04:59:27] [277/459] MRCB
[04:59:28] [278/459] SRVR
[04:59:29] [279/459] VTKK
[04:59:30] [280/459] AMST
[04:59:31] [281/459] APCY
[04:59:32] [282/459] LMHO
[04:59:33] [283/459] MTZH
[04:59:35] [284/459] AMZB
[04:59:35] [285/459] SUVT
[04:59:36] [286/459] RCIP
[04:59:37] [287/459] KESR
[04:59:38] [288/459] SNKC
[04:59:39] [289/459] SCED
[04:59:40] [290/459] DVCA
[04:59:41] [291/459] VCDT
[04:59:41] [292/459] RRDI
[04:59:42] [293/459] DFCH
[04:59:43] [294/459] INSC
[04:59:44] [295/459] RGTR
[04:59:45] [296/459] FMOT
[04:59:46] [297/459] SCPM
[04:59:47] [298/459] GCDT
[04:59:47] [299/459] BRKT
[04:59:48] [300/459] DEMP
[04:59:49] [301/459] SRLC
[04:59:50] [302/459] KSTT
[04:59:51] [303/459] SMMT
[04:59:52] [304/459] SILM
[04:59:53] [305/459] JCVM
[04:59:54] [306/459] KCSV
[04:59:55] [307/459] MHLK
[04:59:56] [308/459] SLVL
[04:59:57] [309/459] RJKP
[04:59:58] [310/459] BBPC
[04:59:58] [311/459] MXCB
[04:59:59] [312/459] TCPK
[05:00:00] [313/459] RTBR
[05:00:01] [314/459] GAUT
[05:00:02] [315/459] DVCF
[05:00:03] [316/459] JTSB
[05:00:04] [317/459] SBLS
[05:00:05] [318/459] UDAY
[05:00:06] [319/459] PTNP
[05:00:07] [320/459] DMKT
[05:00:08] [321/459] NTDT
[05:00:09] [322/459] SHDJ
[05:00:10] [323/459] OTNC
[05:00:11] [324/459] RNTW
[05:00:12] [325/459] GCMI
[05:00:13] [326/459] CRCM
[05:00:14] [327/459] NNCZ
[05:00:15] [328/459] OEMO
[05:00:16] [329/459] PVJM
[05:00:17] [330/459] CPJI
[05:00:18] [331/459] RMCJ
[05:00:19] [332/459] CNWJ
[05:00:20] [333/459] EPJM
[05:00:21] [334/459] FNJJ
[05:00:22] [335/459] GCMJ
[05:00:23] [336/459] INPS
[05:00:24] [337/459] BICJ
[05:00:25] [338/459] ISTJ
[05:00:26] [339/459] INJC
[05:00:27] [340/459] GLXJ
[05:00:29] [341/459] INEM
[05:00:30] [342/459] JTMN
[05:00:31] [343/459] FRCJ
[05:00:32] [344/459] DDJP
[05:00:32] [345/459] INJV
[05:00:34] [346/459] GOLC
[05:00:34] [347/459] KOCI
[05:00:35] [348/459] FSTD
[05:00:36] [349/459] PACJ
[05:00:37] [350/459] GMCN
[05:00:38] [351/459] MMDJ
[05:00:38] [352/459] GODH
[05:00:39] [353/459] SKYN
[05:00:41] [354/459] NCTH
[05:00:42] [355/459] SKVZ
[05:00:43] [356/459] SVML
[05:00:44] [357/459] ACVZ
[05:00:45] [358/459] SURA
[05:00:47] [359/459] RTRB
[05:00:48] [360/459] LLCT
[05:00:49] [361/459] ATTS
[05:00:49] [362/459] JYCM
[05:00:50] [363/459] CTKR
[05:00:51] [364/459] LCKR
[05:00:52] [365/459] NYCV
[05:00:53] [366/459] NYOH
[05:00:54] [367/459] NOVX
[05:00:55] [368/459] MRGK
[05:00:56] [369/459] MOON
[05:00:57] [370/459] SBUC
[05:00:57] [371/459] GSVA
[05:00:58] [372/459] VIAK
[05:00:59] [373/459] SMVZ
[05:01:00] [374/459] MATE
[05:01:01] [375/459] RDCN
[05:01:01] [376/459] ASBL
[05:01:02] [377/459] ASVS
[05:01:03] [378/459] ASSR
[05:01:04] [379/459] SSKN
[05:01:05] [380/459] DRPV
[05:01:06] [381/459] MRHT
[05:01:07] [382/459] BSCN
[05:01:08] [383/459] RKNX
[05:01:09] [384/459] MSMC
[05:01:09] [385/459] MSCJ
[05:01:10] [386/459] BTBJ
[05:01:11] [387/459] MJCC
[05:01:12] [388/459] IOMM
[05:01:13] [389/459] ADGR
[05:01:14] [390/459] MYCP
[05:01:16] [391/459] IGCM
[05:01:16] [392/459] PGRK
[05:01:17] [393/459] VPGO
[05:01:18] [394/459] KOMS
[05:01:19] [395/459] URGG
[05:01:20] [396/459] GOST
[05:01:21] [397/459] LACT
[05:01:22] [398/459] BWCM
[05:01:23] [399/459] NCCW
[05:01:24] [400/459] SKYC
[05:01:25] [401/459] CCPM
[05:01:26] [402/459] VCBT
[05:01:27] [403/459] SDKR
[05:01:29] [404/459] CTYB
[05:01:30] [405/459] SHCX
[05:01:31] [406/459] RCUN
[05:01:33] [407/459] CNRA
[05:01:34] [408/459] RFCA
[05:01:35] [409/459] RDCU
[05:01:37] [410/459] SARK
[05:01:38] [411/459] SPPP
[05:01:39] [412/459] ADMB
[05:01:40] [413/459] JYOE
[05:01:41] [414/459] SRMD
[05:01:43] [415/459] RJDH
[05:01:43] [416/459] SSTD
[05:01:44] [417/459] AACV
[05:01:45] [418/459] PPVD
[05:01:46] [419/459] STCP
[05:01:47] [420/459] ANJR
[05:01:48] [421/459] ANLS
[05:01:49] [422/459] BIJO
[05:01:50] [423/459] AVAB
[05:01:51] [424/459] SPMD
[05:01:52] [425/459] SVJL
[05:01:53] [426/459] SDDJ
[05:01:54] [427/459] SLTU
[05:01:55] [428/459] SAKA
[05:01:56] [429/459] PMAM
[05:01:57] [430/459] FNAM
[05:01:58] [431/459] ACAM
[05:01:59] [432/459] SCMM
[05:02:00] [433/459] PMAK
[05:02:01] [434/459] NYSA
[05:02:02] [435/459] FCPA
[05:02:02] [436/459] GDAN
[05:02:03] [437/459] RSCA
[05:02:04] [438/459] DMAN
[05:02:05] [439/459] DZCM
[05:02:06] [440/459] NSGL
[05:02:07] [441/459] CCPP
[05:02:09] [442/459] PSMG
[05:02:10] [443/459] GSER
[05:02:11] [444/459] FCCT
[05:02:13] [445/459] FCTB
[05:02:14] [446/459] LCNK
[05:02:15] [447/459] SKTY
[05:02:15] [448/459] INAA
[05:02:16] [449/459] RCWN
[05:02:17] [450/459] VAIS
[05:02:18] [451/459] CVMN
[05:02:19] [452/459] INTS
[05:02:19] [453/459] FRGS
[05:02:20] [454/459] DTCK
[05:02:21] [455/459] MCMH
[05:02:22] [456/459] ECRR
[05:02:23] [457/459] RLLP
[05:02:24] [458/459] CCSN
[05:02:25] [459/459] CCBA
[05:02:26] 🧹 Deduping shows
[05:02:26] ✅ DONE | Shows=222 | Movies=21
[12:13:12] 🚀 SCRIPT STARTED
[12:13:12] [1/459] MBDC
[12:13:12] 🧠 New identity created
[12:13:14] [2/459] CHKM
[12:13:15] [3/459] JTKZ
[12:13:15] [4/459] CMCT
[12:13:16] [5/459] ASHO
[12:13:17] [6/459] ECDG
[12:13:18] [7/459] SPAT
[12:13:19] [8/459] HILC
[12:13:19] [9/459] SPPH
[12:13:20] [10/459] SBHN
[12:13:21] [11/459] RRCA
[12:13:22] [12/459] APAA
[12:13:23] [13/459] RAME
[12:13:24] [14/459] TMMS
[12:13:25] [15/459] BATK
[12:13:25] [16/459] LKOP
[12:13:27] [17/459] AMTT
[12:13:28] [18/459] PTGK
[12:13:28] [19/459] ANRS
[12:13:29] [20/459] VWBW
[12:13:30] [21/459] SVFG
[12:13:31] [22/459] STAT
[12:13:32] [23/459] GDCV
[12:13:33] [24/459] VEBI
[12:13:34] [25/459] VDSS
[12:13:35] [26/459] NTHV
[12:13:36] [27/459] AOCH
[12:13:36] [28/459] KASR
[12:13:37] [29/459] AYCS
[12:13:38] [30/459] SHAI
[12:13:40] [31/459] SKPE
[12:13:40] [32/459] SBTA
[12:13:41] [33/459] RTTD
[12:13:42] [34/459] CCJD
[12:13:43] [35/459] RSJJ
[12:13:43] [36/459] RKND
[12:13:44] [37/459] SVTX
[12:13:46] [38/459] BAKM
[12:13:46] [39/459] SVDC
[12:13:48] [40/459] MNCV
[12:13:49] [41/459] SJGC
[12:13:50] [42/459] MTPK
[12:13:51] [43/459] GATP
[12:13:51] [44/459] ABTS
[12:13:52] [45/459] ABDE
[12:13:53] [46/459] RCNM
[12:13:54] [47/459] KTHV
[12:13:55] [48/459] MDGJ
[12:13:56] [49/459] SMLM
[12:13:56] [50/459] JTMA
[12:13:57] [51/459] ACKP
[12:13:58] [52/459] SRTA
[12:13:59] [53/459] STAY
[12:14:00] [54/459] MAVO
[12:14:01] [55/459] APTS
[12:14:01] [56/459] OMEA
[12:14:02] [57/459] TTFD
[12:14:03] [58/459] MJCU
[12:14:04] [59/459] CXTE
[12:14:05] [60/459] CTPX
[12:14:06] [61/459] ASSL
[12:14:07] [62/459] CMVB
[12:14:08] [63/459] VPUR
[12:14:09] [64/459] JJDA
[12:14:10] [65/459] INBL
[12:14:11] [66/459] BIKB
[12:14:12] [67/459] NTBB
[12:14:12] [68/459] GLOB
[12:14:14] [69/459] SNTB
[12:14:15] [70/459] CHGV
[12:14:16] [71/459] SSBZ
[12:14:17] [72/459] PRDB
[12:14:18] [73/459] ISMT
[12:14:19] [74/459] MCSD
[12:14:19] [75/459] JBTT
[12:14:20] [76/459] GEKR
[12:14:21] [77/459] PVUN
[12:14:22] [78/459] NRTB
[12:14:23] [79/459] PRAA
[12:14:23] [80/459] PCBL
[12:14:24] [81/459] PTCM
[12:14:25] [82/459] KHNN
[12:14:26] [83/459] OMJE
[12:14:27] [84/459] STGN
[12:14:28] [85/459] RPMS
[12:14:29] [86/459] NWAD
[12:14:29] [87/459] BLCK
[12:14:30] [88/459] SVAA
[12:14:31] [89/459] URVM
[12:14:32] [90/459] ANTM
[12:14:33] [91/459] VJYM
[12:14:34] [92/459] MAZZ
[12:14:35] [93/459] CSHM
[12:14:36] [94/459] WGMH
[12:14:37] [95/459] SALN
[12:14:38] [96/459] BRTP
[12:14:38] [97/459] SVTA
[12:14:39] [98/459] SBTP
[12:14:40] [99/459] VLSS
[12:14:40] [100/459] SRJA
[12:14:41] [101/459] ANCG
[12:14:43] [102/459] CGGC
[12:14:44] [103/459] CRJA
[12:14:45] [104/459] USCR
[12:14:46] [105/459] MMEF
[12:14:47] [106/459] JCRJ
[12:14:47] [107/459] ADCM
[12:14:48] [108/459] BMYK
[12:14:49] [109/459] KICS
[12:14:50] [110/459] MBBT
[12:14:51] [111/459] MACK
[12:14:51] [112/459] CLDR
[12:14:53] [113/459] JYCR
[12:14:54] [114/459] DCRP
[12:14:55] [115/459] RAHT
[12:14:56] [116/459] CSSM
[12:14:57] [117/459] ATPK
[12:14:58] [118/459] KLRT
[12:14:58] [119/459] SRDD
[12:14:59] [120/459] CKMC
[12:15:00] [121/459] KRVM
[12:15:01] [122/459] AKCP
[12:15:02] [123/459] CNCV
[12:15:02] [124/459] PACT
[12:15:03] [125/459] NATP
[12:15:05] [126/459] PCPK
[12:15:05] [127/459] SMHO
[12:15:06] [128/459] CWTK
[12:15:07] [129/459] RVKZ
[12:15:08] [130/459] ASPD
[12:15:09] [131/459] VTKZ
[12:15:10] [132/459] LCSO
[12:15:11] [133/459] PRDY
[12:15:11] [134/459] RCAP
[12:15:12] [135/459] RGAR
[12:15:13] [136/459] RCAC
[12:15:13] [137/459] PMOD
[12:15:15] [138/459] PVCN
[12:15:16] [139/459] SCRZ
[12:15:17] [140/459] PVPC
[12:15:18] [141/459] STID
[12:15:18] [142/459] NEDD
[12:15:20] [143/459] BNBA
[12:15:20] [144/459] NTCD
[12:15:21] [145/459] OCDE
[12:15:22] [146/459] CCDU
[12:15:23] [147/459] CRXH
[12:15:23] [148/459] VLVT
[12:15:24] [149/459] CICI
[12:15:25] [150/459] SUCB
[12:15:26] [151/459] TCBP
[12:15:27] [152/459] SCCY
[12:15:28] [153/459] LXCY
[12:15:28] [154/459] NCMD
[12:15:30] [155/459] PHCS
[12:15:31] [156/459] DUXR
[12:15:31] [157/459] VNKS
[12:15:32] [158/459] SEDP
[12:15:33] [159/459] SVEN
[12:15:34] [160/459] SRKM
[12:15:35] [161/459] JTLT
[12:15:36] [162/459] SVSS
[12:15:36] [163/459] AMDE
[12:15:37] [164/459] WVRN
[12:15:38] [165/459] ISMG
[12:15:39] [166/459] WVKS
[12:15:40] [167/459] USCG
[12:15:41] [168/459] IOTG
[12:15:41] [169/459] RRJM
[12:15:42] [170/459] EDMP
[12:15:43] [171/459] SCGZ
[12:15:44] [172/459] GMGX
[12:15:45] [173/459] OMTP
[12:15:45] [174/459] MITD
[12:15:46] [175/459] SMMD
[12:15:48] [176/459] STML
[12:15:49] [177/459] MCFS
[12:15:50] [178/459] FPKA
[12:15:51] [179/459] OMLR
[12:15:51] [180/459] KKSC
[12:15:52] [181/459] RVMA
[12:15:54] [182/459] SCLL
[12:15:55] [183/459] SCDK
[12:15:56] [184/459] SXMI
[12:15:57] [185/459] SHDN
[12:15:58] [186/459] PAAD
[12:15:59] [187/459] UUCB
[12:16:00] [188/459] JHOL
[12:16:01] [189/459] SGWT
[12:16:02] [190/459] SRII
[12:16:03] [191/459] SGCK
[12:16:04] [192/459] SVVB
[12:16:05] [193/459] DMHA
[12:16:06] [194/459] PPNL
[12:16:06] [195/459] CPNL
[12:16:07] [196/459] WVLD
[12:16:08] [197/459] PSLV
[12:16:09] [198/459] VTTL
[12:16:10] [199/459] NPAD
[12:16:10] [200/459] PVCS
[12:16:11] [201/459] MCHL
[12:16:12] [202/459] PPLL
[12:16:13] [203/459] MALO
[12:16:14] [204/459] SWBH
[12:16:16] [205/459] PUGB
[12:16:17] [206/459] INBB
[12:16:17] [207/459] INNS
[12:16:18] [208/459] MCPT
[12:16:19] [209/459] SCMI
[12:16:20] [210/459] OCON
[12:16:22] [211/459] SCSM
[12:16:22] [212/459] RJVN
[12:16:23] [213/459] AMDK
[12:16:25] [214/459] ISMR
[12:16:25] [215/459] SMTD
[12:16:26] [216/459] VTDD
[12:16:27] [217/459] PDDZ
[12:16:28] [218/459] PCCK
[12:16:29] [219/459] INAM
[12:16:29] [220/459] FNKT
[12:16:30] [221/459] GDKA
[12:16:31] [222/459] MAYU
[12:16:32] [223/459] TCGU
[12:16:33] [224/459] KDCA
[12:16:34] [225/459] DOMY
[12:16:35] [226/459] PDDD
[12:16:37] [227/459] BJTS
[12:16:38] [228/459] VTCA
[12:16:39] [229/459] SBTM
[12:16:40] [230/459] SEET
[12:16:41] [231/459] SSTJ
[12:16:41] [232/459] SVNT
[12:16:43] [233/459] PPPR
[12:16:43] [234/459] PVYS
[12:16:44] [235/459] IOSE
[12:16:45] [236/459] ACTV
[12:16:46] [237/459] APVE
[12:16:47] [238/459] TCCL
[12:16:48] [239/459] SCMO
[12:16:50] [240/459] SAUM
[12:16:50] [241/459] KCJS
[12:16:51] [242/459] NJCJ
[12:16:52] [243/459] NECF
[12:16:53] [244/459] CCGW
[12:16:54] [245/459] CCMG
[12:16:55] [246/459] NYRG
[12:16:56] [247/459] NCSQ
[12:16:57] [248/459] GRCG
[12:16:58] [249/459] CCBT
[12:16:59] [250/459] ACGA
[12:16:59] [251/459] INAG
[12:17:01] [252/459] FUCG
[12:17:02] [253/459] AICF
[12:17:02] [254/459] GRGA
[12:17:03] [255/459] GDCN
[12:17:04] [256/459] RRCG
[12:17:04] [257/459] SDCH
[12:17:05] [258/459] WVJM
[12:17:06] [259/459] JCCZ
[12:17:07] [260/459] CNCL
[12:17:08] [261/459] TMLV
[12:17:09] [262/459] MEMB
[12:17:10] [263/459] SGTD
[12:17:10] [264/459] CONX
[12:17:11] [265/459] CCMH
[12:17:12] [266/459] ACMC
[12:17:13] [267/459] DTPD
[12:17:14] [268/459] POJA
[12:17:15] [269/459] FNBH
[12:17:16] [270/459] CGCB
[12:17:17] [271/459] RACN
[12:17:18] [272/459] JTSM
[12:17:18] [273/459] SCDN
[12:17:19] [274/459] AACK
[12:17:20] [275/459] RMCE
[12:17:22] [276/459] BSGB
[12:17:23] [277/459] MRCB
[12:17:24] [278/459] SRVR
[12:17:25] [279/459] VTKK
[12:17:25] [280/459] AMST
[12:17:26] [281/459] APCY
[12:17:28] [282/459] LMHO
[12:17:29] [283/459] MTZH
[12:17:30] [284/459] AMZB
[12:17:31] [285/459] SUVT
[12:17:31] [286/459] RCIP
[12:17:32] [287/459] KESR
[12:17:33] [288/459] SNKC
[12:17:34] [289/459] SCED
[12:17:35] [290/459] DVCA
[12:17:35] [291/459] VCDT
[12:17:37] [292/459] RRDI
[12:17:38] [293/459] DFCH
[12:17:39] [294/459] INSC
[12:17:40] [295/459] RGTR
[12:17:41] [296/459] FMOT
[12:17:42] [297/459] SCPM
[12:17:43] [298/459] GCDT
[12:17:44] [299/459] BRKT
[12:17:45] [300/459] DEMP
[12:17:45] [301/459] SRLC
[12:17:46] [302/459] KSTT
[12:17:48] [303/459] SMMT
[12:17:48] [304/459] SILM
[12:17:49] [305/459] JCVM
[12:17:50] [306/459] KCSV
[12:17:51] [307/459] MHLK
[12:17:52] [308/459] SLVL
[12:17:54] [309/459] RJKP
[12:17:54] [310/459] BBPC
[12:17:58] [311/459] MXCB
[12:17:59] [312/459] TCPK
[12:18:00] [313/459] RTBR
[12:18:01] [314/459] GAUT
[12:18:02] [315/459] DVCF
[12:18:03] [316/459] JTSB
[12:18:04] [317/459] SBLS
[12:18:04] [318/459] UDAY
[12:18:05] [319/459] PTNP
[12:18:06] [320/459] DMKT
[12:18:07] [321/459] NTDT
[12:18:08] [322/459] SHDJ
[12:18:09] [323/459] OTNC
[12:18:10] [324/459] RNTW
[12:18:11] [325/459] GCMI
[12:18:12] [326/459] CRCM
[12:18:13] [327/459] NNCZ
[12:18:13] [328/459] OEMO
[12:18:14] [329/459] PVJM
[12:18:15] [330/459] CPJI
[12:18:16] [331/459] RMCJ
[12:18:17] [332/459] CNWJ
[12:18:17] [333/459] EPJM
[12:18:19] [334/459] FNJJ
[12:18:20] [335/459] GCMJ
[12:18:21] [336/459] INPS
[12:18:23] [337/459] BICJ
[12:18:24] [338/459] ISTJ
[12:18:24] [339/459] INJC
[12:18:25] [340/459] GLXJ
[12:18:26] [341/459] INEM
[12:18:28] [342/459] JTMN
[12:18:28] [343/459] FRCJ
[12:18:29] [344/459] DDJP
[12:18:30] [345/459] INJV
[12:18:31] [346/459] GOLC
[12:18:32] [347/459] KOCI
[12:18:33] [348/459] FSTD
[12:18:34] [349/459] PACJ
[12:18:35] [350/459] GMCN
[12:18:36] [351/459] MMDJ
[12:18:37] [352/459] GODH
[12:18:37] [353/459] SKYN
[12:18:38] [354/459] NCTH
[12:18:39] [355/459] SKVZ
[12:18:40] [356/459] SVML
[12:18:41] [357/459] ACVZ
[12:18:42] [358/459] SURA
[12:18:43] [359/459] RTRB
[12:18:44] [360/459] LLCT
[12:18:44] [361/459] ATTS
[12:18:45] [362/459] JYCM
[12:18:46] [363/459] CTKR
[12:18:47] [364/459] LCKR
[12:18:48] [365/459] NYCV
[12:18:48] [366/459] NYOH
[12:18:49] [367/459] NOVX
[12:18:50] [368/459] MRGK
[12:18:52] [369/459] MOON
[12:18:53] [370/459] SBUC
[12:18:54] [371/459] GSVA
[12:18:55] [372/459] VIAK
[12:18:56] [373/459] SMVZ
[12:18:57] [374/459] MATE
[12:18:58] [375/459] RDCN
[12:18:59] [376/459] ASBL
[12:19:00] [377/459] ASVS
[12:19:01] [378/459] ASSR
[12:19:01] [379/459] SSKN
[12:19:02] [380/459] DRPV
[12:19:03] [381/459] MRHT
[12:19:04] [382/459] BSCN
[12:19:05] [383/459] RKNX
[12:19:05] [384/459] MSMC
[12:19:07] [385/459] MSCJ
[12:19:08] [386/459] BTBJ
[12:19:08] [387/459] MJCC
[12:19:09] [388/459] IOMM
[12:19:10] [389/459] ADGR
[12:19:11] [390/459] MYCP
[12:19:12] [391/459] IGCM
[12:19:13] [392/459] PGRK
[12:19:14] [393/459] VPGO
[12:19:15] [394/459] KOMS
[12:19:15] [395/459] URGG
[12:19:16] [396/459] GOST
[12:19:17] [397/459] LACT
[12:19:18] [398/459] BWCM
[12:19:19] [399/459] NCCW
[12:19:20] [400/459] SKYC
[12:19:21] [401/459] CCPM
[12:19:21] [402/459] VCBT
[12:19:22] [403/459] SDKR
[12:19:23] [404/459] CTYB
[12:19:24] [405/459] SHCX
[12:19:25] [406/459] RCUN
[12:19:26] [407/459] CNRA
[12:19:27] [408/459] RFCA
[12:19:28] [409/459] RDCU
[12:19:28] [410/459] SARK
[12:19:29] [411/459] SPPP
[12:19:30] [412/459] ADMB
[12:19:31] [413/459] JYOE
[12:19:32] [414/459] SRMD
[12:19:33] [415/459] RJDH
[12:19:34] [416/459] SSTD
[12:19:35] [417/459] AACV
[12:19:35] [418/459] PPVD
[12:19:37] [419/459] STCP
[12:19:38] [420/459] ANJR
[12:19:39] [421/459] ANLS
[12:19:40] [422/459] BIJO
[12:19:41] [423/459] AVAB
[12:19:42] [424/459] SPMD
[12:19:43] [425/459] SVJL
[12:19:44] [426/459] SDDJ
[12:19:45] [427/459] SLTU
[12:19:46] [428/459] SAKA
[12:19:47] [429/459] PMAM
[12:19:47] [430/459] FNAM
[12:19:48] [431/459] ACAM
[12:19:49] [432/459] SCMM
[12:19:49] [433/459] PMAK
[12:19:50] [434/459] NYSA
[12:19:51] [435/459] FCPA
[12:19:52] [436/459] GDAN
[12:19:53] [437/459] RSCA
[12:19:53] [438/459] DMAN
[12:19:55] [439/459] DZCM
[12:19:56] [440/459] NSGL
[12:19:57] [441/459] CCPP
[12:19:58] [442/459] PSMG
[12:19:59] [443/459] GSER
[12:19:59] [444/459] FCCT
[12:20:00] [445/459] FCTB
[12:20:01] [446/459] LCNK
[12:20:02] [447/459] SKTY
[12:20:03] [448/459] INAA
[12:20:04] [449/459] RCWN
[12:20:05] [450/459] VAIS
[12:20:06] [451/459] CVMN
[12:20:07] [452/459] INTS
[12:20:08] [453/459] FRGS
[12:20:10] [454/459] DTCK
[12:20:10] [455/459] MCMH
[12:20:11] [456/459] ECRR
[12:20:13] [457/459] RLLP
[12:20:14] [458/459] CCSN
[12:20:14] [459/459] CCBA
[12:20:15] 🧹 Deduping shows
[12:20:15] ✅ DONE | Shows=345 | Movies=28
[19:29:48] 🚀 SCRIPT STARTED
[19:29:48] [1/459] MBDC
[19:29:48] 🧠 New identity created
[19:29:49] [2/459] CHKM
[19:29:49] [3/459] JTKZ
[19:29:50] [4/459] CMCT
[19:29:50] [5/459] ASHO
[19:29:51] [6/459] ECDG
[19:29:52] [7/459] SPAT
[19:29:52] [8/459] HILC
[19:29:53] [9/459] SPPH
[19:29:54] [10/459] SBHN
[19:29:54] [11/459] RRCA
[19:29:55] [12/459] APAA
[19:29:55] [13/459] RAME
[19:29:56] [14/459] TMMS
[19:29:56] [15/459] BATK
[19:29:57] [16/459] LKOP
[19:29:58] [17/459] AMTT
[19:29:58] [18/459] PTGK
[19:29:59] [19/459] ANRS
[19:29:59] [20/459] VWBW
[19:30:00] [21/459] SVFG
[19:30:00] [22/459] STAT
[19:30:01] [23/459] GDCV
[19:30:01] [24/459] VEBI
[19:30:02] [25/459] VDSS
[19:30:03] [26/459] NTHV
[19:30:03] [27/459] AOCH
[19:30:04] [28/459] KASR
[19:30:04] [29/459] AYCS
[19:30:05] [30/459] SHAI
[19:30:05] [31/459] SKPE
[19:30:06] [32/459] SBTA
[19:30:07] [33/459] RTTD
[19:30:07] [34/459] CCJD
[19:30:08] [35/459] RSJJ
[19:30:08] [36/459] RKND
[19:30:09] [37/459] SVTX
[19:30:10] [38/459] BAKM
[19:30:10] [39/459] SVDC
[19:30:11] [40/459] MNCV
[19:30:12] [41/459] SJGC
[19:30:13] [42/459] MTPK
[19:30:13] [43/459] GATP
[19:30:14] [44/459] ABTS
[19:30:14] [45/459] ABDE
[19:30:15] [46/459] RCNM
[19:30:15] [47/459] KTHV
[19:30:16] [48/459] MDGJ
[19:30:16] [49/459] SMLM
[19:30:17] [50/459] JTMA
[19:30:18] [51/459] ACKP
[19:30:18] [52/459] SRTA
[19:30:19] [53/459] STAY
[19:30:19] [54/459] MAVO
[19:30:20] [55/459] APTS
[19:30:21] [56/459] OMEA
[19:30:21] [57/459] TTFD
[19:30:22] [58/459] MJCU
[19:30:22] [59/459] CXTE
[19:30:23] [60/459] CTPX
[19:30:23] [61/459] ASSL
[19:30:24] [62/459] CMVB
[19:30:25] [63/459] VPUR
[19:30:25] [64/459] JJDA
[19:30:26] [65/459] INBL
[19:30:26] [66/459] BIKB
[19:30:27] [67/459] NTBB
[19:30:28] [68/459] GLOB
[19:30:28] [69/459] SNTB
[19:30:29] [70/459] CHGV
[19:30:29] [71/459] SSBZ
[19:30:30] [72/459] PRDB
[19:30:30] [73/459] ISMT
[19:30:31] [74/459] MCSD
[19:30:31] [75/459] JBTT
[19:30:32] [76/459] GEKR
[19:30:33] [77/459] PVUN
[19:30:33] [78/459] NRTB
[19:30:34] [79/459] PRAA
[19:30:34] [80/459] PCBL
[19:30:35] [81/459] PTCM
[19:30:36] [82/459] KHNN
[19:30:36] [83/459] OMJE
[19:30:37] [84/459] STGN
[19:30:37] [85/459] RPMS
[19:30:38] [86/459] NWAD
[19:30:38] [87/459] BLCK
[19:30:39] [88/459] SVAA
[19:30:40] [89/459] URVM
[19:30:40] [90/459] ANTM
[19:30:41] [91/459] VJYM
[19:30:42] [92/459] MAZZ
[19:30:42] [93/459] CSHM
[19:30:43] [94/459] WGMH
[19:30:43] [95/459] SALN
[19:30:44] [96/459] BRTP
[19:30:44] [97/459] SVTA
[19:30:45] [98/459] SBTP
[19:30:46] [99/459] VLSS
[19:30:47] [100/459] SRJA
[19:30:47] [101/459] ANCG
[19:30:48] [102/459] CGGC
[19:30:48] [103/459] CRJA
[19:30:49] [104/459] USCR
[19:30:49] [105/459] MMEF
[19:30:50] [106/459] JCRJ
[19:30:50] [107/459] ADCM
[19:30:51] [108/459] BMYK
[19:30:51] [109/459] KICS
[19:30:52] [110/459] MBBT
[19:30:52] [111/459] MACK
[19:30:53] [112/459] CLDR
[19:30:53] [113/459] JYCR
[19:30:54] [114/459] DCRP
[19:30:55] [115/459] RAHT
[19:30:55] [116/459] CSSM
[19:30:56] [117/459] ATPK
[19:30:56] [118/459] KLRT
[19:30:57] [119/459] SRDD
[19:30:57] [120/459] CKMC
[19:30:58] [121/459] KRVM
[19:30:59] [122/459] AKCP
[19:30:59] [123/459] CNCV
[19:31:00] [124/459] PACT
[19:31:01] [125/459] NATP
[19:31:01] [126/459] PCPK
[19:31:02] [127/459] SMHO
[19:31:02] [128/459] CWTK
[19:31:03] [129/459] RVKZ
[19:31:03] [130/459] ASPD
[19:31:04] [131/459] VTKZ
[19:31:04] [132/459] LCSO
[19:31:05] [133/459] PRDY
[19:31:05] [134/459] RCAP
[19:31:06] [135/459] RGAR
[19:31:06] [136/459] RCAC
[19:31:07] [137/459] PMOD
[19:31:08] [138/459] PVCN
[19:31:08] [139/459] SCRZ
[19:31:08] [140/459] PVPC
[19:31:09] [141/459] STID
[19:31:09] [142/459] NEDD
[19:31:10] [143/459] BNBA
[19:31:11] [144/459] NTCD
[19:31:11] [145/459] OCDE
[19:31:12] [146/459] CCDU
[19:31:13] [147/459] CRXH
[19:31:13] [148/459] VLVT
[19:31:14] [149/459] CICI
[19:31:14] [150/459] SUCB
[19:31:15] [151/459] TCBP
[19:31:16] [152/459] SCCY
[19:31:16] [153/459] LXCY
[19:31:17] [154/459] NCMD
[19:31:17] [155/459] PHCS
[19:31:18] [156/459] DUXR
[19:31:19] [157/459] VNKS
[19:31:19] [158/459] SEDP
[19:31:20] [159/459] SVEN
[19:31:20] [160/459] SRKM
[19:31:21] [161/459] JTLT
[19:31:22] [162/459] SVSS
[19:31:22] [163/459] AMDE
[19:31:23] [164/459] WVRN
[19:31:23] [165/459] ISMG
[19:31:24] [166/459] WVKS
[19:31:24] [167/459] USCG
[19:31:25] [168/459] IOTG
[19:31:25] [169/459] RRJM
[19:31:26] [170/459] EDMP
[19:31:27] [171/459] SCGZ
[19:31:27] [172/459] GMGX
[19:31:28] [173/459] OMTP
[19:31:28] [174/459] MITD
[19:31:29] [175/459] SMMD
[19:31:29] [176/459] STML
[19:31:30] [177/459] MCFS
[19:31:30] [178/459] FPKA
[19:31:31] [179/459] OMLR
[19:31:31] [180/459] KKSC
[19:31:32] [181/459] RVMA
[19:31:32] [182/459] SCLL
[19:31:33] [183/459] SCDK
[19:31:34] [184/459] SXMI
[19:31:34] [185/459] SHDN
[19:31:35] [186/459] PAAD
[19:31:35] [187/459] UUCB
[19:31:36] [188/459] JHOL
[19:31:37] [189/459] SGWT
[19:31:37] [190/459] SRII
[19:31:38] [191/459] SGCK
[19:31:39] [192/459] SVVB
[19:31:39] [193/459] DMHA
[19:31:39] [194/459] PPNL
[19:31:40] [195/459] CPNL
[19:31:41] [196/459] WVLD
[19:31:41] [197/459] PSLV
[19:31:42] [198/459] VTTL
[19:31:43] [199/459] NPAD
[19:31:43] [200/459] PVCS
[19:31:44] [201/459] MCHL
[19:31:44] [202/459] PPLL
[19:31:45] [203/459] MALO
[19:31:45] [204/459] SWBH
[19:31:46] [205/459] PUGB
[19:31:46] [206/459] INBB
[19:31:46] [207/459] INNS
[19:31:47] [208/459] MCPT
[19:31:47] [209/459] SCMI
[19:31:48] [210/459] OCON
[19:31:48] [211/459] SCSM
[19:31:49] [212/459] RJVN
[19:31:50] [213/459] AMDK
[19:31:50] [214/459] ISMR
[19:31:51] [215/459] SMTD
[19:31:52] [216/459] VTDD
[19:31:52] [217/459] PDDZ
[19:31:53] [218/459] PCCK
[19:31:53] [219/459] INAM
[19:31:54] [220/459] FNKT
[19:31:54] [221/459] GDKA
[19:31:55] [222/459] MAYU
[19:31:56] [223/459] TCGU
[19:31:56] [224/459] KDCA
[19:31:57] [225/459] DOMY
[19:31:57] [226/459] PDDD
[19:31:58] [227/459] BJTS
[19:31:59] [228/459] VTCA
[19:31:59] [229/459] SBTM
[19:32:00] [230/459] SEET
[19:32:00] [231/459] SSTJ
[19:32:01] [232/459] SVNT
[19:32:01] [233/459] PPPR
[19:32:02] [234/459] PVYS
[19:32:02] [235/459] IOSE
[19:32:03] [236/459] ACTV
[19:32:04] [237/459] APVE
[19:32:04] [238/459] TCCL
[19:32:05] [239/459] SCMO
[19:32:05] [240/459] SAUM
[19:32:06] [241/459] KCJS
[19:32:06] [242/459] NJCJ
[19:32:07] [243/459] NECF
[19:32:07] [244/459] CCGW
[19:32:08] [245/459] CCMG
[19:32:08] [246/459] NYRG
[19:32:09] [247/459] NCSQ
[19:32:10] [248/459] GRCG
[19:32:10] [249/459] CCBT
[19:32:11] [250/459] ACGA
[19:32:11] [251/459] INAG
[19:32:12] [252/459] FUCG
[19:32:12] [253/459] AICF
[19:32:13] [254/459] GRGA
[19:32:13] [255/459] GDCN
[19:32:14] [256/459] RRCG
[19:32:14] [257/459] SDCH
[19:32:15] [258/459] WVJM
[19:32:16] [259/459] JCCZ
[19:32:16] [260/459] CNCL
[19:32:17] [261/459] TMLV
[19:32:17] [262/459] MEMB
[19:32:18] [263/459] SGTD
[19:32:18] [264/459] CONX
[19:32:19] [265/459] CCMH
[19:32:20] [266/459] ACMC
[19:32:20] [267/459] DTPD
[19:32:21] [268/459] POJA
[19:32:21] [269/459] FNBH
[19:32:22] [270/459] CGCB
[19:32:22] [271/459] RACN
[19:32:23] [272/459] JTSM
[19:32:23] [273/459] SCDN
[19:32:24] [274/459] AACK
[19:32:24] [275/459] RMCE
[19:32:25] [276/459] BSGB
[19:32:26] [277/459] MRCB
[19:32:26] [278/459] SRVR
[19:32:27] [279/459] VTKK
[19:32:27] [280/459] AMST
[19:32:28] [281/459] APCY
[19:32:29] [282/459] LMHO
[19:32:29] [283/459] MTZH
[19:32:29] [284/459] AMZB
[19:32:30] [285/459] SUVT
[19:32:30] [286/459] RCIP
[19:32:31] [287/459] KESR
[19:32:32] [288/459] SNKC
[19:32:32] [289/459] SCED
[19:32:33] [290/459] DVCA
[19:32:34] [291/459] VCDT
[19:32:34] [292/459] RRDI
[19:32:35] [293/459] DFCH
[19:32:35] [294/459] INSC
[19:32:36] [295/459] RGTR
[19:32:37] [296/459] FMOT
[19:32:37] [297/459] SCPM
[19:32:38] [298/459] GCDT
[19:32:38] [299/459] BRKT
[19:32:39] [300/459] DEMP
[19:32:40] [301/459] SRLC
[19:32:40] [302/459] KSTT
[19:32:41] [303/459] SMMT
[19:32:41] [304/459] SILM
[19:32:42] [305/459] JCVM
[19:32:42] [306/459] KCSV
[19:32:43] [307/459] MHLK
[19:32:43] [308/459] SLVL
[19:32:44] [309/459] RJKP
[19:32:45] [310/459] BBPC
[19:32:45] [311/459] MXCB
[19:32:45] [312/459] TCPK
[19:32:46] [313/459] RTBR
[19:32:47] [314/459] GAUT
[19:32:47] [315/459] DVCF
[19:32:48] [316/459] JTSB
[19:32:48] [317/459] SBLS
[19:32:48] [318/459] UDAY
[19:32:49] [319/459] PTNP
[19:32:50] [320/459] DMKT
[19:32:50] [321/459] NTDT
[19:32:51] [322/459] SHDJ
[19:32:52] [323/459] OTNC
[19:32:52] [324/459] RNTW
[19:32:53] [325/459] GCMI
[19:32:53] [326/459] CRCM
[19:32:54] [327/459] NNCZ
[19:32:54] [328/459] OEMO
[19:32:55] [329/459] PVJM
[19:32:55] [330/459] CPJI
[19:32:56] [331/459] RMCJ
[19:32:57] [332/459] CNWJ
[19:32:57] [333/459] EPJM
[19:32:58] [334/459] FNJJ
[19:32:59] [335/459] GCMJ
[19:32:59] [336/459] INPS
[19:33:00] [337/459] BICJ
[19:33:00] [338/459] ISTJ
[19:33:01] [339/459] INJC
[19:33:01] [340/459] GLXJ
[19:33:02] [341/459] INEM
[19:33:02] [342/459] JTMN
[19:33:03] [343/459] FRCJ
[19:33:04] [344/459] DDJP
[19:33:04] [345/459] INJV
[19:33:05] [346/459] GOLC
[19:33:05] [347/459] KOCI
[19:33:06] [348/459] FSTD
[19:33:07] [349/459] PACJ
[19:33:07] [350/459] GMCN
[19:33:08] [351/459] MMDJ
[19:33:08] [352/459] GODH
[19:33:09] [353/459] SKYN
[19:33:09] [354/459] NCTH
[19:33:10] [355/459] SKVZ
[19:33:10] [356/459] SVML
[19:33:11] [357/459] ACVZ
[19:33:12] [358/459] SURA
[19:33:12] [359/459] RTRB
[19:33:13] [360/459] LLCT
[19:33:14] [361/459] ATTS
[19:33:14] [362/459] JYCM
[19:33:15] [363/459] CTKR
[19:33:15] [364/459] LCKR
[19:33:16] [365/459] NYCV
[19:33:17] [366/459] NYOH
[19:33:17] [367/459] NOVX
[19:33:18] [368/459] MRGK
[19:33:18] [369/459] MOON
[19:33:19] [370/459] SBUC
[19:33:19] [371/459] GSVA
[19:33:20] [372/459] VIAK
[19:33:20] [373/459] SMVZ
[19:33:21] [374/459] MATE
[19:33:21] [375/459] RDCN
[19:33:22] [376/459] ASBL
[19:33:23] [377/459] ASVS
[19:33:23] [378/459] ASSR
[19:33:24] [379/459] SSKN
[19:33:24] [380/459] DRPV
[19:33:25] [381/459] MRHT
[19:33:25] [382/459] BSCN
[19:33:26] [383/459] RKNX
[19:33:26] [384/459] MSMC
[19:33:27] [385/459] MSCJ
[19:33:28] [386/459] BTBJ
[19:33:28] [387/459] MJCC
[19:33:29] [388/459] IOMM
[19:33:29] [389/459] ADGR
[19:33:30] [390/459] MYCP
[19:33:30] [391/459] IGCM
[19:33:31] [392/459] PGRK
[19:33:32] [393/459] VPGO
[19:33:32] [394/459] KOMS
[19:33:33] [395/459] URGG
[19:33:33] [396/459] GOST
[19:33:34] [397/459] LACT
[19:33:34] [398/459] BWCM
[19:33:35] [399/459] NCCW
[19:33:35] [400/459] SKYC
[19:33:36] [401/459] CCPM
[19:33:36] [402/459] VCBT
[19:33:37] [403/459] SDKR
[19:33:38] [404/459] CTYB
[19:33:38] [405/459] SHCX
[19:33:39] [406/459] RCUN
[19:33:39] [407/459] CNRA
[19:33:40] [408/459] RFCA
[19:33:40] [409/459] RDCU
[19:33:41] [410/459] SARK
[19:33:41] [411/459] SPPP
[19:33:42] [412/459] ADMB
[19:33:43] [413/459] JYOE
[19:33:43] [414/459] SRMD
[19:33:44] [415/459] RJDH
[19:33:44] [416/459] SSTD
[19:33:45] [417/459] AACV
[19:33:45] [418/459] PPVD
[19:33:46] [419/459] STCP
[19:33:46] [420/459] ANJR
[19:33:47] [421/459] ANLS
[19:33:48] [422/459] BIJO
[19:33:48] [423/459] AVAB
[19:33:49] [424/459] SPMD
[19:33:49] [425/459] SVJL
[19:33:50] [426/459] SDDJ
[19:33:51] [427/459] SLTU
[19:33:51] [428/459] SAKA
[19:33:52] [429/459] PMAM
[19:33:52] [430/459] FNAM
[19:33:53] [431/459] ACAM
[19:33:53] [432/459] SCMM
[19:33:54] [433/459] PMAK
[19:33:55] [434/459] NYSA
[19:33:55] [435/459] FCPA
[19:33:56] [436/459] GDAN
[19:33:56] [437/459] RSCA
[19:33:57] [438/459] DMAN
[19:33:57] [439/459] DZCM
[19:33:58] [440/459] NSGL
[19:33:58] [441/459] CCPP
[19:33:59] [442/459] PSMG
[19:34:00] [443/459] GSER
[19:34:00] [444/459] FCCT
[19:34:01] [445/459] FCTB
[19:34:01] [446/459] LCNK
[19:34:02] [447/459] SKTY
[19:34:03] [448/459] INAA
[19:34:03] [449/459] RCWN
[19:34:04] [450/459] VAIS
[19:34:04] [451/459] CVMN
[19:34:05] [452/459] INTS
[19:34:06] [453/459] FRGS
[19:34:06] [454/459] DTCK
[19:34:07] [455/459] MCMH
[19:34:07] [456/459] ECRR
[19:34:08] [457/459] RLLP
[19:34:09] [458/459] CCSN
[19:34:10] [459/459] CCBA
[19:34:10] 🧹 Deduping shows
[19:34:10] ✅ DONE | Shows=718 | Movies=47
[22:10:45] 🚀 SCRIPT STARTED
[22:10:45] [1/459] MBDC
[22:10:45] 🧠 New identity created
[22:10:46] [2/459] CHKM
[22:10:47] [3/459] JTKZ
[22:10:48] [4/459] CMCT
[22:10:49] [5/459] ASHO
[22:10:50] [6/459] ECDG
[22:10:51] [7/459] SPAT
[22:10:52] [8/459] HILC
[22:10:53] [9/459] SPPH
[22:10:54] [10/459] SBHN
[22:10:54] [11/459] RRCA
[22:10:55] [12/459] APAA
[22:10:56] [13/459] RAME
[22:10:57] [14/459] TMMS
[22:10:58] [15/459] BATK
[22:11:00] [16/459] LKOP
[22:11:01] [17/459] AMTT
[22:11:02] [18/459] PTGK
[22:11:02] [19/459] ANRS
[22:11:03] [20/459] VWBW
[22:11:04] [21/459] SVFG
[22:11:05] [22/459] STAT
[22:11:06] [23/459] GDCV
[22:11:07] [24/459] VEBI
[22:11:08] [25/459] VDSS
[22:11:09] [26/459] NTHV
[22:11:10] [27/459] AOCH
[22:11:10] [28/459] KASR
[22:11:11] [29/459] AYCS
[22:11:12] [30/459] SHAI
[22:11:13] [31/459] SKPE
[22:11:14] [32/459] SBTA
[22:11:15] [33/459] RTTD
[22:11:16] [34/459] CCJD
[22:11:17] [35/459] RSJJ
[22:11:17] [36/459] RKND
[22:11:18] [37/459] SVTX
[22:11:19] [38/459] BAKM
[22:11:20] [39/459] SVDC
[22:11:21] [40/459] MNCV
[22:11:22] [41/459] SJGC
[22:11:23] [42/459] MTPK
[22:11:24] [43/459] GATP
[22:11:25] [44/459] ABTS
[22:11:25] [45/459] ABDE
[22:11:26] [46/459] RCNM
[22:11:27] [47/459] KTHV
[22:11:28] [48/459] MDGJ
[22:11:29] [49/459] SMLM
[22:11:30] [50/459] JTMA
[22:11:31] [51/459] ACKP
[22:11:32] [52/459] SRTA
[22:11:33] [53/459] STAY
[22:11:34] [54/459] MAVO
[22:11:35] [55/459] APTS
[22:11:36] [56/459] OMEA
[22:11:37] [57/459] TTFD
[22:11:38] [58/459] MJCU
[22:11:38] [59/459] CXTE
[22:11:39] [60/459] CTPX
[22:11:40] [61/459] ASSL
[22:11:41] [62/459] CMVB
[22:11:42] [63/459] VPUR
[22:11:43] [64/459] JJDA
[22:11:44] [65/459] INBL
[22:11:45] [66/459] BIKB
[22:11:46] [67/459] NTBB
[22:11:47] [68/459] GLOB
[22:11:48] [69/459] SNTB
[22:11:49] [70/459] CHGV
[22:11:50] [71/459] SSBZ
[22:11:52] [72/459] PRDB
[22:11:53] [73/459] ISMT
[22:11:53] [74/459] MCSD
[22:11:54] [75/459] JBTT
[22:11:55] [76/459] GEKR
[22:11:56] [77/459] PVUN
[22:11:57] [78/459] NRTB
[22:11:58] [79/459] PRAA
[22:11:59] [80/459] PCBL
[22:12:00] [81/459] PTCM
[22:12:01] [82/459] KHNN
[22:12:02] [83/459] OMJE
[22:12:03] [84/459] STGN
[22:12:03] [85/459] RPMS
[22:12:04] [86/459] NWAD
[22:12:06] [87/459] BLCK
[22:12:07] [88/459] SVAA
[22:12:08] [89/459] URVM
[22:12:08] [90/459] ANTM
[22:12:09] [91/459] VJYM
[22:12:10] [92/459] MAZZ
[22:12:11] [93/459] CSHM
[22:12:12] [94/459] WGMH
[22:12:13] [95/459] SALN
[22:12:14] [96/459] BRTP
[22:12:15] [97/459] SVTA
[22:12:15] [98/459] SBTP
[22:12:16] [99/459] VLSS
[22:12:17] [100/459] SRJA
[22:12:18] [101/459] ANCG
[22:12:19] [102/459] CGGC
[22:12:20] [103/459] CRJA
[22:12:21] [104/459] USCR
[22:12:21] [105/459] MMEF
[22:12:22] [106/459] JCRJ
[22:12:23] [107/459] ADCM
[22:12:28] [108/459] BMYK
[22:12:29] [109/459] KICS
[22:12:36] [110/459] MBBT
[22:12:37] [111/459] MACK
[22:12:38] [112/459] CLDR
[22:12:39] [113/459] JYCR
[22:12:40] [114/459] DCRP
[22:12:42] [115/459] RAHT
[22:12:43] [116/459] CSSM
[22:12:43] [117/459] ATPK
[22:12:44] [118/459] KLRT
[22:12:45] [119/459] SRDD
[22:12:46] [120/459] CKMC
[22:12:46] [121/459] KRVM
[22:12:47] [122/459] AKCP
[22:12:48] [123/459] CNCV
[22:12:49] [124/459] PACT
[22:12:50] [125/459] NATP
[22:12:51] [126/459] PCPK
[22:12:52] [127/459] SMHO
[22:12:53] [128/459] CWTK
[22:12:54] [129/459] RVKZ
[22:12:55] [130/459] ASPD
[22:12:56] [131/459] VTKZ
[22:12:57] [132/459] LCSO
[22:12:57] [133/459] PRDY
[22:12:58] [134/459] RCAP
[22:12:59] [135/459] RGAR
[22:13:00] [136/459] RCAC
[22:13:01] [137/459] PMOD
[22:13:02] [138/459] PVCN
[22:13:03] [139/459] SCRZ
[22:13:04] [140/459] PVPC
[22:13:05] [141/459] STID
[22:13:06] [142/459] NEDD
[22:13:07] [143/459] BNBA
[22:13:08] [144/459] NTCD
[22:13:09] [145/459] OCDE
[22:13:10] [146/459] CCDU
[22:13:11] [147/459] CRXH
[22:13:12] [148/459] VLVT
[22:13:13] [149/459] CICI
[22:13:14] [150/459] SUCB
[22:13:15] [151/459] TCBP
[22:13:16] [152/459] SCCY
[22:13:17] 🔄 Identity reset
[22:13:17] ❌ SCCY | RuntimeError
[22:13:17] [153/459] LXCY
[22:13:17] 🧠 New identity created
[22:13:17] 🔄 Identity reset
[22:13:17] ❌ LXCY | RuntimeError
[22:13:18] [154/459] NCMD
[22:13:18] 🧠 New identity created
[22:13:18] 🔄 Identity reset
[22:13:18] ❌ NCMD | RuntimeError
[22:13:18] [155/459] PHCS
[22:13:18] 🧠 New identity created
[22:13:18] 🔄 Identity reset
[22:13:18] ❌ PHCS | RuntimeError
[22:13:19] [156/459] DUXR
[22:13:19] 🧠 New identity created
[22:13:19] 🔄 Identity reset
[22:13:19] ❌ DUXR | RuntimeError
[22:13:20] [157/459] VNKS
[22:13:20] 🧠 New identity created
[22:13:20] 🔄 Identity reset
[22:13:20] ❌ VNKS | RuntimeError
[22:13:21] [158/459] SEDP
[22:13:21] 🧠 New identity created
[22:13:21] 🔄 Identity reset
[22:13:21] ❌ SEDP | RuntimeError
[22:13:21] [159/459] SVEN
[22:13:21] 🧠 New identity created
[22:13:22] [160/459] SRKM
[22:13:23] [161/459] JTLT
[22:13:25] [162/459] SVSS
[22:13:25] [163/459] AMDE
[22:13:26] [164/459] WVRN
[22:13:27] [165/459] ISMG
[22:13:28] [166/459] WVKS
[22:13:30] [167/459] USCG
[22:13:31] [168/459] IOTG
[22:13:32] [169/459] RRJM
[22:13:33] [170/459] EDMP
[22:13:33] [171/459] SCGZ
[22:13:34] [172/459] GMGX
[22:13:35] [173/459] OMTP
[22:13:36] [174/459] MITD
[22:13:37] [175/459] SMMD
[22:13:38] [176/459] STML
[22:13:39] [177/459] MCFS
[22:13:40] [178/459] FPKA
[22:13:41] [179/459] OMLR
[22:13:42] [180/459] KKSC
[22:13:43] [181/459] RVMA
[22:13:44] [182/459] SCLL
[22:13:45] [183/459] SCDK
[22:13:45] [184/459] SXMI
[22:13:46] [185/459] SHDN
[22:13:47] [186/459] PAAD
[22:13:48] [187/459] UUCB
[22:13:48] [188/459] JHOL
[22:13:49] [189/459] SGWT
[22:13:50] [190/459] SRII
[22:13:51] [191/459] SGCK
[22:13:52] [192/459] SVVB
[22:13:53] [193/459] DMHA
[22:13:53] [194/459] PPNL
[22:13:54] [195/459] CPNL
[22:13:55] [196/459] WVLD
[22:13:56] [197/459] PSLV
[22:13:57] [198/459] VTTL
[22:13:58] [199/459] NPAD
[22:13:59] [200/459] PVCS
[22:14:00] [201/459] MCHL
[22:14:01] [202/459] PPLL
[22:14:02] [203/459] MALO
[22:14:02] [204/459] SWBH
[22:14:04] [205/459] PUGB
[22:14:04] [206/459] INBB
[22:14:05] [207/459] INNS
[22:14:06] [208/459] MCPT
[22:14:08] [209/459] SCMI
[22:14:09] [210/459] OCON
[22:14:10] [211/459] SCSM
[22:14:11] [212/459] RJVN
[22:14:12] [213/459] AMDK
[22:14:13] [214/459] ISMR
[22:14:14] [215/459] SMTD
[22:14:14] [216/459] VTDD
[22:14:15] [217/459] PDDZ
[22:14:16] [218/459] PCCK
[22:14:17] [219/459] INAM
[22:14:18] [220/459] FNKT
[22:14:18] [221/459] GDKA
[22:14:19] [222/459] MAYU
[22:14:20] [223/459] TCGU
[22:14:21] [224/459] KDCA
[22:14:22] [225/459] DOMY
[22:14:23] [226/459] PDDD
[22:14:24] [227/459] BJTS
[22:14:25] [228/459] VTCA
[22:14:26] [229/459] SBTM
[22:14:27] [230/459] SEET
[22:14:28] [231/459] SSTJ
[22:14:29] [232/459] SVNT
[22:14:30] [233/459] PPPR
[22:14:31] [234/459] PVYS
[22:14:32] [235/459] IOSE
[22:14:33] [236/459] ACTV
[22:14:34] [237/459] APVE
[22:14:34] [238/459] TCCL
[22:14:35] [239/459] SCMO
[22:14:36] [240/459] SAUM
[22:14:37] [241/459] KCJS
[22:14:38] [242/459] NJCJ
[22:14:39] [243/459] NECF
[22:14:40] [244/459] CCGW
[22:14:41] [245/459] CCMG
[22:14:42] [246/459] NYRG
[22:14:43] [247/459] NCSQ
[22:14:44] [248/459] GRCG
[22:14:45] [249/459] CCBT
[22:14:46] [250/459] ACGA
[22:14:47] [251/459] INAG
[22:14:48] [252/459] FUCG
[22:14:49] [253/459] AICF
[22:14:49] [254/459] GRGA
[22:14:50] [255/459] GDCN
[22:14:51] [256/459] RRCG
[22:14:52] [257/459] SDCH
[22:14:53] [258/459] WVJM
[22:14:54] [259/459] JCCZ
[22:14:54] [260/459] CNCL
[22:14:55] [261/459] TMLV
[22:14:56] [262/459] MEMB
[22:14:58] [263/459] SGTD
[22:14:59] [264/459] CONX
[22:15:00] [265/459] CCMH
[22:15:01] [266/459] ACMC
[22:15:02] [267/459] DTPD
[22:15:03] [268/459] POJA
[22:15:03] [269/459] FNBH
[22:15:04] [270/459] CGCB
[22:15:05] [271/459] RACN
[22:15:06] [272/459] JTSM
[22:15:07] [273/459] SCDN
[22:15:08] [274/459] AACK
[22:15:09] [275/459] RMCE
[22:15:10] [276/459] BSGB
[22:15:11] [277/459] MRCB
[22:15:12] [278/459] SRVR
[22:15:13] [279/459] VTKK
[22:15:13] [280/459] AMST
[22:15:14] [281/459] APCY
[22:15:15] [282/459] LMHO
[22:15:16] [283/459] MTZH
[22:15:17] [284/459] AMZB
[22:15:18] [285/459] SUVT
[22:15:19] [286/459] RCIP
[22:15:20] [287/459] KESR
[22:15:21] [288/459] SNKC
[22:15:21] [289/459] SCED
[22:15:22] [290/459] DVCA
[22:15:23] [291/459] VCDT
[22:15:24] [292/459] RRDI
[22:15:25] [293/459] DFCH
[22:15:26] [294/459] INSC
[22:15:27] [295/459] RGTR
[22:15:27] [296/459] FMOT
[22:15:28] [297/459] SCPM
[22:15:29] [298/459] GCDT
[22:15:30] [299/459] BRKT
[22:15:31] [300/459] DEMP
[22:15:32] [301/459] SRLC
[22:15:33] [302/459] KSTT
[22:15:34] [303/459] SMMT
[22:15:35] [304/459] SILM
[22:15:35] [305/459] JCVM
[22:15:36] [306/459] KCSV
[22:15:37] [307/459] MHLK
[22:15:38] [308/459] SLVL
[22:15:38] [309/459] RJKP
[22:15:39] [310/459] BBPC
[22:15:40] [311/459] MXCB
[22:15:41] [312/459] TCPK
[22:15:42] [313/459] RTBR
[22:15:43] [314/459] GAUT
[22:15:43] [315/459] DVCF
[22:15:44] [316/459] JTSB
[22:15:45] [317/459] SBLS
[22:15:46] [318/459] UDAY
[22:15:47] [319/459] PTNP
[22:15:47] [320/459] DMKT
[22:15:48] [321/459] NTDT
[22:15:49] [322/459] SHDJ
[22:15:50] [323/459] OTNC
[22:15:51] [324/459] RNTW
[22:15:52] [325/459] GCMI
[22:15:53] [326/459] CRCM
[22:15:53] [327/459] NNCZ
[22:15:54] [328/459] OEMO
[22:15:55] [329/459] PVJM
[22:15:56] [330/459] CPJI
[22:15:57] [331/459] RMCJ
[22:15:58] [332/459] CNWJ
[22:15:59] [333/459] EPJM
[22:16:00] [334/459] FNJJ
[22:16:00] [335/459] GCMJ
[22:16:01] [336/459] INPS
[22:16:02] [337/459] BICJ
[22:16:03] [338/459] ISTJ
[22:16:04] [339/459] INJC
[22:16:05] [340/459] GLXJ
[22:16:06] [341/459] INEM
[22:16:07] [342/459] JTMN
[22:16:07] [343/459] FRCJ
[22:16:08] [344/459] DDJP
[22:16:10] [345/459] INJV
[22:16:11] [346/459] GOLC
[22:16:11] [347/459] KOCI
[22:16:12] [348/459] FSTD
[22:16:13] [349/459] PACJ
[22:16:14] [350/459] GMCN
[22:16:15] [351/459] MMDJ
[22:16:16] [352/459] GODH
[22:16:17] [353/459] SKYN
[22:16:18] [354/459] NCTH
[22:16:19] [355/459] SKVZ
[22:16:19] [356/459] SVML
[22:16:20] [357/459] ACVZ
[22:16:21] [358/459] SURA
[22:16:22] [359/459] RTRB
[22:16:23] [360/459] LLCT
[22:16:23] [361/459] ATTS
[22:16:24] [362/459] JYCM
[22:16:25] [363/459] CTKR
[22:16:26] [364/459] LCKR
[22:16:27] [365/459] NYCV
[22:16:28] [366/459] NYOH
[22:16:29] [367/459] NOVX
[22:16:30] [368/459] MRGK
[22:16:30] [369/459] MOON
[22:16:31] [370/459] SBUC
[22:16:32] [371/459] GSVA
[22:16:33] [372/459] VIAK
[22:16:35] [373/459] SMVZ
[22:16:35] [374/459] MATE
[22:16:36] [375/459] RDCN
[22:16:37] [376/459] ASBL
[22:16:38] [377/459] ASVS
[22:16:39] [378/459] ASSR
[22:16:40] [379/459] SSKN
[22:16:41] [380/459] DRPV
[22:16:42] [381/459] MRHT
[22:16:43] [382/459] BSCN
[22:16:43] [383/459] RKNX
[22:16:45] [384/459] MSMC
[22:16:46] [385/459] MSCJ
[22:16:46] [386/459] BTBJ
[22:16:47] [387/459] MJCC
[22:16:48] [388/459] IOMM
[22:16:49] [389/459] ADGR
[22:16:51] [390/459] MYCP
[22:16:51] [391/459] IGCM
[22:16:52] [392/459] PGRK
[22:16:53] [393/459] VPGO
[22:16:54] [394/459] KOMS
[22:16:55] [395/459] URGG
[22:16:56] [396/459] GOST
[22:16:57] [397/459] LACT
[22:16:58] [398/459] BWCM
[22:16:59] [399/459] NCCW
[22:17:00] [400/459] SKYC
[22:17:00] [401/459] CCPM
[22:17:01] [402/459] VCBT
[22:17:02] [403/459] SDKR
[22:17:03] [404/459] CTYB
[22:17:04] [405/459] SHCX
[22:17:05] [406/459] RCUN
[22:17:06] [407/459] CNRA
[22:17:07] [408/459] RFCA
[22:17:08] [409/459] RDCU
[22:17:09] [410/459] SARK
[22:17:09] [411/459] SPPP
[22:17:10] [412/459] ADMB
[22:17:11] [413/459] JYOE
[22:17:12] [414/459] SRMD
[22:17:12] [415/459] RJDH
[22:17:13] [416/459] SSTD
[22:17:14] [417/459] AACV
[22:17:15] [418/459] PPVD
[22:17:16] [419/459] STCP
[22:17:16] [420/459] ANJR
[22:17:18] [421/459] ANLS
[22:17:18] [422/459] BIJO
[22:17:19] [423/459] AVAB
[22:17:20] [424/459] SPMD
[22:17:21] [425/459] SVJL
[22:17:22] [426/459] SDDJ
[22:17:22] [427/459] SLTU
[22:17:23] [428/459] SAKA
[22:17:24] [429/459] PMAM
[22:17:25] [430/459] FNAM
[22:17:26] [431/459] ACAM
[22:17:27] [432/459] SCMM
[22:17:28] [433/459] PMAK
[22:17:29] [434/459] NYSA
[22:17:30] [435/459] FCPA
[22:17:31] [436/459] GDAN
[22:17:32] [437/459] RSCA
[22:17:33] [438/459] DMAN
[22:17:33] [439/459] DZCM
[22:17:35] [440/459] NSGL
[22:17:36] [441/459] CCPP
[22:17:37] [442/459] PSMG
[22:17:37] [443/459] GSER
[22:17:38] [444/459] FCCT
[22:17:39] [445/459] FCTB
[22:17:40] [446/459] LCNK
[22:17:41] [447/459] SKTY
[22:17:41] [448/459] INAA
[22:17:42] [449/459] RCWN
[22:17:43] [450/459] VAIS
[22:17:44] [451/459] CVMN
[22:17:45] [452/459] INTS
[22:17:46] [453/459] FRGS
[22:17:47] [454/459] DTCK
[22:17:48] [455/459] MCMH
[22:17:49] [456/459] ECRR
[22:17:50] [457/459] RLLP
[22:17:51] [458/459] CCSN
[22:17:51] [459/459] CCBA
[22:17:52] 🧹 Deduping shows
[22:17:52] ✅ DONE | Shows=795 | Movies=50
[03:55:42] 🚀 SCRIPT STARTED
[03:55:42] [1/459] MBDC
[03:55:42] 🧠 New identity created
[03:55:43] 🔄 Identity reset
[03:55:43] ❌ MBDC | RuntimeError
[03:55:43] [2/459] CHKM
[03:55:43] 🧠 New identity created
[03:55:43] 🔄 Identity reset
[03:55:43] ❌ CHKM | RuntimeError
[03:55:44] [3/459] JTKZ
[03:55:44] 🧠 New identity created
[03:55:44] 🔄 Identity reset
[03:55:44] ❌ JTKZ | RuntimeError
[03:55:44] [4/459] CMCT
[03:55:44] 🧠 New identity created
[03:55:44] 🔄 Identity reset
[03:55:44] ❌ CMCT | RuntimeError
[03:55:45] [5/459] ASHO
[03:55:45] 🧠 New identity created
[03:55:45] 🔄 Identity reset
[03:55:45] ❌ ASHO | RuntimeError
[03:55:45] [6/459] ECDG
[03:55:45] 🧠 New identity created
[03:55:46] 🔄 Identity reset
[03:55:46] ❌ ECDG | RuntimeError
[03:55:46] [7/459] SPAT
[03:55:46] 🧠 New identity created
[03:55:46] 🔄 Identity reset
[03:55:46] ❌ SPAT | RuntimeError
[03:55:47] [8/459] HILC
[03:55:47] 🧠 New identity created
[03:55:47] 🔄 Identity reset
[03:55:47] ❌ HILC | RuntimeError
[03:55:47] [9/459] SPPH
[03:55:47] 🧠 New identity created
[03:55:48] 🔄 Identity reset
[03:55:48] ❌ SPPH | RuntimeError
[03:55:48] [10/459] SBHN
[03:55:48] 🧠 New identity created
[03:55:48] 🔄 Identity reset
[03:55:48] ❌ SBHN | RuntimeError
[03:55:49] [11/459] RRCA
[03:55:49] 🧠 New identity created
[03:55:49] 🔄 Identity reset
[03:55:49] ❌ RRCA | RuntimeError
[03:55:49] [12/459] APAA
[03:55:49] 🧠 New identity created
[03:55:49] 🔄 Identity reset
[03:55:49] ❌ APAA | RuntimeError
[03:55:50] [13/459] RAME
[03:55:50] 🧠 New identity created
[03:55:50] 🔄 Identity reset
[03:55:50] ❌ RAME | RuntimeError
[03:55:51] [14/459] TMMS
[03:55:51] 🧠 New identity created
[03:55:51] 🔄 Identity reset
[03:55:51] ❌ TMMS | RuntimeError
[03:55:51] [15/459] BATK
[03:55:51] 🧠 New identity created
[03:55:51] 🔄 Identity reset
[03:55:51] ❌ BATK | RuntimeError
[03:55:52] [16/459] LKOP
[03:55:52] 🧠 New identity created
[03:55:52] 🔄 Identity reset
[03:55:52] ❌ LKOP | RuntimeError
[03:55:53] [17/459] AMTT
[03:55:53] 🧠 New identity created
[03:55:53] 🔄 Identity reset
[03:55:53] ❌ AMTT | RuntimeError
[03:55:53] [18/459] PTGK
[03:55:53] 🧠 New identity created
[03:55:54] 🔄 Identity reset
[03:55:54] ❌ PTGK | RuntimeError
[03:55:54] [19/459] ANRS
[03:55:54] 🧠 New identity created
[03:55:54] 🔄 Identity reset
[03:55:54] ❌ ANRS | RuntimeError
[03:55:55] [20/459] VWBW
[03:55:55] 🧠 New identity created
[03:55:55] 🔄 Identity reset
[03:55:55] ❌ VWBW | RuntimeError
[03:55:55] [21/459] SVFG
[03:55:55] 🧠 New identity created
[03:55:55] 🔄 Identity reset
[03:55:55] ❌ SVFG | RuntimeError
[03:55:56] [22/459] STAT
[03:55:56] 🧠 New identity created
[03:55:56] 🔄 Identity reset
[03:55:56] ❌ STAT | RuntimeError
[03:55:57] [23/459] GDCV
[03:55:57] 🧠 New identity created
[03:55:58] [24/459] VEBI
[03:55:58] [25/459] VDSS
[03:55:59] [26/459] NTHV
[03:56:00] [27/459] AOCH
[03:56:01] [28/459] KASR
[03:56:02] [29/459] AYCS
[03:56:02] [30/459] SHAI
[03:56:03] [31/459] SKPE
[03:56:04] [32/459] SBTA
[03:56:05] [33/459] RTTD
[03:56:06] [34/459] CCJD
[03:56:07] [35/459] RSJJ
[03:56:08] [36/459] RKND
[03:56:09] [37/459] SVTX
[03:56:10] [38/459] BAKM
[03:56:11] [39/459] SVDC
[03:56:12] [40/459] MNCV
[03:56:13] [41/459] SJGC
[03:56:14] [42/459] MTPK
[03:56:15] [43/459] GATP
[03:56:16] [44/459] ABTS
[03:56:17] [45/459] ABDE
[03:56:18] [46/459] RCNM
[03:56:18] [47/459] KTHV
[03:56:20] [48/459] MDGJ
[03:56:21] [49/459] SMLM
[03:56:21] [50/459] JTMA
[03:56:23] [51/459] ACKP
[03:56:24] [52/459] SRTA
[03:56:24] [53/459] STAY
[03:56:26] [54/459] MAVO
[03:56:27] [55/459] APTS
[03:56:29] [56/459] OMEA
[03:56:29] [57/459] TTFD
[03:56:30] [58/459] MJCU
[03:56:31] [59/459] CXTE
[03:56:32] [60/459] CTPX
[03:56:33] [61/459] ASSL
[03:56:34] [62/459] CMVB
[03:56:36] [63/459] VPUR
[03:56:37] [64/459] JJDA
[03:56:37] [65/459] INBL
[03:56:38] [66/459] BIKB
[03:56:39] [67/459] NTBB
[03:56:40] [68/459] GLOB
[03:56:41] [69/459] SNTB
[03:56:42] [70/459] CHGV
[03:56:42] [71/459] SSBZ
[03:56:43] [72/459] PRDB
[03:56:45] [73/459] ISMT
[03:56:45] [74/459] MCSD
[03:56:46] [75/459] JBTT
[03:56:47] [76/459] GEKR
[03:56:48] [77/459] PVUN
[03:56:49] [78/459] NRTB
[03:56:50] [79/459] PRAA
[03:56:50] [80/459] PCBL
[03:56:51] [81/459] PTCM
[03:56:52] [82/459] KHNN
[03:56:54] [83/459] OMJE
[03:56:55] [84/459] STGN
[03:56:56] [85/459] RPMS
[03:56:56] [86/459] NWAD
[03:56:57] [87/459] BLCK
[03:56:58] [88/459] SVAA
[03:56:59] [89/459] URVM
[03:57:00] [90/459] ANTM
[03:57:01] [91/459] VJYM
[03:57:02] [92/459] MAZZ
[03:57:03] [93/459] CSHM
[03:57:04] [94/459] WGMH
[03:57:05] [95/459] SALN
[03:57:06] [96/459] BRTP
[03:57:07] [97/459] SVTA
[03:57:08] [98/459] SBTP
[03:57:09] [99/459] VLSS
[03:57:09] [100/459] SRJA
[03:57:11] [101/459] ANCG
[03:57:12] [102/459] CGGC
[03:57:12] [103/459] CRJA
[03:57:13] [104/459] USCR
[03:57:15] [105/459] MMEF
[03:57:16] [106/459] JCRJ
[03:57:17] [107/459] ADCM
[03:57:18] [108/459] BMYK
[03:57:19] [109/459] KICS
[03:57:19] [110/459] MBBT
[03:57:20] [111/459] MACK
[03:57:22] [112/459] CLDR
[03:57:23] [113/459] JYCR
[03:57:23] [114/459] DCRP
[03:57:24] [115/459] RAHT
[03:57:25] [116/459] CSSM
[03:57:26] [117/459] ATPK
[03:57:27] [118/459] KLRT
[03:57:27] [119/459] SRDD
[03:57:28] [120/459] CKMC
[03:57:29] [121/459] KRVM
[03:57:31] [122/459] AKCP
[03:57:32] [123/459] CNCV
[03:57:32] [124/459] PACT
[03:57:34] [125/459] NATP
[03:57:35] [126/459] PCPK
[03:57:36] [127/459] SMHO
[03:57:37] [128/459] CWTK
[03:57:37] [129/459] RVKZ
[03:57:38] [130/459] ASPD
[03:57:39] [131/459] VTKZ
[03:57:41] [132/459] LCSO
[03:57:41] [133/459] PRDY
[03:57:42] [134/459] RCAP
[03:57:43] [135/459] RGAR
[03:57:44] [136/459] RCAC
[03:57:44] [137/459] PMOD
[03:57:45] [138/459] PVCN
[03:57:46] [139/459] SCRZ
[03:57:47] [140/459] PVPC
[03:57:48] [141/459] STID
[03:57:48] [142/459] NEDD
[03:57:49] [143/459] BNBA
[03:57:50] [144/459] NTCD
[03:57:50] [145/459] OCDE
[03:57:51] [146/459] CCDU
[03:57:52] [147/459] CRXH
[03:57:53] [148/459] VLVT
[03:57:54] [149/459] CICI
[03:57:55] [150/459] SUCB
[03:57:56] [151/459] TCBP
[03:57:57] [152/459] SCCY
[03:57:58] [153/459] LXCY
[03:57:59] [154/459] NCMD
[03:58:01] [155/459] PHCS
[03:58:01] [156/459] DUXR
[03:58:02] [157/459] VNKS
[03:58:03] [158/459] SEDP
[03:58:03] [159/459] SVEN
[03:58:04] [160/459] SRKM
[03:58:05] [161/459] JTLT
[03:58:06] [162/459] SVSS
[03:58:07] [163/459] AMDE
[03:58:08] [164/459] WVRN
[03:58:08] [165/459] ISMG
[03:58:09] [166/459] WVKS
[03:58:10] [167/459] USCG
[03:58:11] [168/459] IOTG
[03:58:11] [169/459] RRJM
[03:58:13] [170/459] EDMP
[03:58:13] [171/459] SCGZ
[03:58:14] [172/459] GMGX
[03:58:15] [173/459] OMTP
[03:58:16] [174/459] MITD
[03:58:17] [175/459] SMMD
[03:58:18] [176/459] STML
[03:58:19] [177/459] MCFS
[03:58:20] [178/459] FPKA
[03:58:20] [179/459] OMLR
[03:58:21] [180/459] KKSC
[03:58:22] [181/459] RVMA
[03:58:23] [182/459] SCLL
[03:58:24] [183/459] SCDK
[03:58:25] [184/459] SXMI
[03:58:25] [185/459] SHDN
[03:58:26] [186/459] PAAD
[03:58:27] [187/459] UUCB
[03:58:28] [188/459] JHOL
[03:58:29] [189/459] SGWT
[03:58:29] [190/459] SRII
[03:58:30] [191/459] SGCK
[03:58:31] [192/459] SVVB
[03:58:32] [193/459] DMHA
[03:58:32] [194/459] PPNL
[03:58:34] [195/459] CPNL
[03:58:35] [196/459] WVLD
[03:58:36] [197/459] PSLV
[03:58:37] [198/459] VTTL
[03:58:38] [199/459] NPAD
[03:58:38] [200/459] PVCS
[03:58:39] [201/459] MCHL
[03:58:40] [202/459] PPLL
[03:58:41] [203/459] MALO
[03:58:42] [204/459] SWBH
[03:58:42] [205/459] PUGB
[03:58:43] [206/459] INBB
[03:58:44] [207/459] INNS
[03:58:45] [208/459] MCPT
[03:58:45] [209/459] SCMI
[03:58:47] [210/459] OCON
[03:58:48] [211/459] SCSM
[03:58:49] [212/459] RJVN
[03:58:50] [213/459] AMDK
[03:58:51] [214/459] ISMR
[03:58:52] [215/459] SMTD
[03:58:54] [216/459] VTDD
[03:58:56] [217/459] PDDZ
[03:58:56] [218/459] PCCK
[03:58:57] [219/459] INAM
[03:58:58] [220/459] FNKT
[03:58:59] [221/459] GDKA
[03:58:59] [222/459] MAYU
[03:59:00] [223/459] TCGU
[03:59:01] [224/459] KDCA
[03:59:02] [225/459] DOMY
[03:59:03] [226/459] PDDD
[03:59:04] [227/459] BJTS
[03:59:05] [228/459] VTCA
[03:59:06] [229/459] SBTM
[03:59:07] [230/459] SEET
[03:59:07] [231/459] SSTJ
[03:59:08] [232/459] SVNT
[03:59:09] [233/459] PPPR
[03:59:10] [234/459] PVYS
[03:59:10] [235/459] IOSE
[03:59:11] [236/459] ACTV
[03:59:13] [237/459] APVE
[03:59:13] [238/459] TCCL
[03:59:14] [239/459] SCMO
[03:59:15] [240/459] SAUM
[03:59:16] [241/459] KCJS
[03:59:16] [242/459] NJCJ
[03:59:17] [243/459] NECF
[03:59:18] [244/459] CCGW
[03:59:19] [245/459] CCMG
[03:59:20] [246/459] NYRG
[03:59:21] [247/459] NCSQ
[03:59:22] [248/459] GRCG
[03:59:23] [249/459] CCBT
[03:59:24] [250/459] ACGA
[03:59:25] [251/459] INAG
[03:59:26] [252/459] FUCG
[03:59:27] [253/459] AICF
[03:59:28] [254/459] GRGA
[03:59:29] [255/459] GDCN
[03:59:30] [256/459] RRCG
[03:59:30] [257/459] SDCH
[03:59:31] [258/459] WVJM
[03:59:33] [259/459] JCCZ
[03:59:33] [260/459] CNCL
[03:59:34] [261/459] TMLV
[03:59:35] [262/459] MEMB
[03:59:36] [263/459] SGTD
[03:59:37] [264/459] CONX
[03:59:38] [265/459] CCMH
[03:59:39] [266/459] ACMC
[03:59:41] [267/459] DTPD
[03:59:42] [268/459] POJA
[03:59:43] [269/459] FNBH
[03:59:44] [270/459] CGCB
[03:59:45] [271/459] RACN
[03:59:46] [272/459] JTSM
[03:59:47] [273/459] SCDN
[03:59:48] [274/459] AACK
[03:59:49] [275/459] RMCE
[03:59:50] [276/459] BSGB
[03:59:51] [277/459] MRCB
[03:59:52] [278/459] SRVR
[03:59:53] [279/459] VTKK
[03:59:54] [280/459] AMST
[03:59:54] [281/459] APCY
[03:59:55] [282/459] LMHO
[03:59:56] [283/459] MTZH
[03:59:57] [284/459] AMZB
[03:59:58] [285/459] SUVT
[03:59:58] [286/459] RCIP
[04:00:00] [287/459] KESR
[04:00:01] [288/459] SNKC
[04:00:02] [289/459] SCED
[04:00:03] [290/459] DVCA
[04:00:04] [291/459] VCDT
[04:00:05] [292/459] RRDI
[04:00:06] [293/459] DFCH
[04:00:07] [294/459] INSC
[04:00:08] [295/459] RGTR
[04:00:09] [296/459] FMOT
[04:00:10] [297/459] SCPM
[04:00:11] [298/459] GCDT
[04:00:12] [299/459] BRKT
[04:00:13] [300/459] DEMP
[04:00:14] [301/459] SRLC
[04:00:15] [302/459] KSTT
[04:00:17] [303/459] SMMT
[04:00:18] [304/459] SILM
[04:00:18] [305/459] JCVM
[04:00:19] [306/459] KCSV
[04:00:20] [307/459] MHLK
[04:00:21] [308/459] SLVL
[04:00:22] [309/459] RJKP
[04:00:22] [310/459] BBPC
[04:00:23] [311/459] MXCB
[04:00:24] [312/459] TCPK
[04:00:25] [313/459] RTBR
[04:00:26] [314/459] GAUT
[04:00:27] [315/459] DVCF
[04:00:28] [316/459] JTSB
[04:00:28] [317/459] SBLS
[04:00:29] [318/459] UDAY
[04:00:30] [319/459] PTNP
[04:00:30] [320/459] DMKT
[04:00:31] [321/459] NTDT
[04:00:32] [322/459] SHDJ
[04:00:33] [323/459] OTNC
[04:00:34] [324/459] RNTW
[04:00:35] [325/459] GCMI
[04:00:36] [326/459] CRCM
[04:00:37] [327/459] NNCZ
[04:00:38] [328/459] OEMO
[04:00:39] [329/459] PVJM
[04:00:40] [330/459] CPJI
[04:00:40] [331/459] RMCJ
[04:00:41] [332/459] CNWJ
[04:00:43] [333/459] EPJM
[04:00:43] [334/459] FNJJ
[04:00:44] [335/459] GCMJ
[04:00:45] [336/459] INPS
[04:00:47] [337/459] BICJ
[04:00:47] [338/459] ISTJ
[04:00:48] [339/459] INJC
[04:00:49] [340/459] GLXJ
[04:00:50] [341/459] INEM
[04:00:51] [342/459] JTMN
[04:00:51] [343/459] FRCJ
[04:00:52] [344/459] DDJP
[04:00:53] [345/459] INJV
[04:00:54] [346/459] GOLC
[04:00:55] [347/459] KOCI
[04:00:56] [348/459] FSTD
[04:00:57] [349/459] PACJ
[04:00:58] [350/459] GMCN
[04:00:59] [351/459] MMDJ
[04:01:00] [352/459] GODH
[04:01:01] [353/459] SKYN
[04:01:02] [354/459] NCTH
[04:01:04] [355/459] SKVZ
[04:01:05] [356/459] SVML
[04:01:05] [357/459] ACVZ
[04:01:06] [358/459] SURA
[04:01:07] [359/459] RTRB
[04:01:08] [360/459] LLCT
[04:01:09] [361/459] ATTS
[04:01:09] [362/459] JYCM
[04:01:11] [363/459] CTKR
[04:01:11] [364/459] LCKR
[04:01:12] [365/459] NYCV
[04:01:14] [366/459] NYOH
[04:01:15] [367/459] NOVX
[04:01:15] [368/459] MRGK
[04:01:16] [369/459] MOON
[04:01:17] [370/459] SBUC
[04:01:18] [371/459] GSVA
[04:01:19] [372/459] VIAK
[04:01:20] [373/459] SMVZ
[04:01:21] [374/459] MATE
[04:01:21] [375/459] RDCN
[04:01:22] [376/459] ASBL
[04:01:23] [377/459] ASVS
[04:01:24] [378/459] ASSR
[04:01:25] [379/459] SSKN
[04:01:26] [380/459] DRPV
[04:01:27] [381/459] MRHT
[04:01:28] [382/459] BSCN
[04:01:29] [383/459] RKNX
[04:01:30] [384/459] MSMC
[04:01:31] [385/459] MSCJ
[04:01:32] [386/459] BTBJ
[04:01:33] [387/459] MJCC
[04:01:34] [388/459] IOMM
[04:01:35] [389/459] ADGR
[04:01:35] [390/459] MYCP
[04:01:36] [391/459] IGCM
[04:01:37] [392/459] PGRK
[04:01:38] [393/459] VPGO
[04:01:39] [394/459] KOMS
[04:01:40] [395/459] URGG
[04:01:41] [396/459] GOST
[04:01:42] [397/459] LACT
[04:01:42] [398/459] BWCM
[04:01:43] [399/459] NCCW
[04:01:44] [400/459] SKYC
[04:01:45] [401/459] CCPM
[04:01:46] [402/459] VCBT
[04:01:47] [403/459] SDKR
[04:01:48] [404/459] CTYB
[04:01:49] [405/459] SHCX
[04:01:49] [406/459] RCUN
[04:01:50] [407/459] CNRA
[04:01:51] [408/459] RFCA
[04:01:52] [409/459] RDCU
[04:01:53] [410/459] SARK
[04:01:54] [411/459] SPPP
[04:01:56] [412/459] ADMB
[04:01:56] [413/459] JYOE
[04:01:58] [414/459] SRMD
[04:01:59] [415/459] RJDH
[04:02:00] [416/459] SSTD
[04:02:00] [417/459] AACV
[04:02:01] [418/459] PPVD
[04:02:02] [419/459] STCP
[04:02:03] [420/459] ANJR
[04:02:04] [421/459] ANLS
[04:02:05] [422/459] BIJO
[04:02:05] [423/459] AVAB
[04:02:06] [424/459] SPMD
[04:02:07] [425/459] SVJL
[04:02:08] [426/459] SDDJ
[04:02:08] [427/459] SLTU
[04:02:09] [428/459] SAKA
[04:02:10] [429/459] PMAM
[04:02:11] [430/459] FNAM
[04:02:12] [431/459] ACAM
[04:02:13] [432/459] SCMM
[04:02:14] [433/459] PMAK
[04:02:14] [434/459] NYSA
[04:02:16] [435/459] FCPA
[04:02:16] [436/459] GDAN
[04:02:17] [437/459] RSCA
[04:02:18] [438/459] DMAN
[04:02:19] [439/459] DZCM
[04:02:19] [440/459] NSGL
[04:02:20] [441/459] CCPP
[04:02:21] [442/459] PSMG
[04:02:22] [443/459] GSER
[04:02:23] [444/459] FCCT
[04:02:24] [445/459] FCTB
[04:02:25] [446/459] LCNK
[04:02:27] [447/459] SKTY
[04:02:27] [448/459] INAA
[04:02:28] [449/459] RCWN
[04:02:29] [450/459] VAIS
[04:02:30] [451/459] CVMN
[04:02:30] [452/459] INTS
[04:02:32] [453/459] FRGS
[04:02:33] [454/459] DTCK
[04:02:34] [455/459] MCMH
[04:02:35] [456/459] ECRR
[04:02:36] [457/459] RLLP
[04:02:36] [458/459] CCSN
[04:02:37] [459/459] CCBA
[04:02:39] 🧹 Deduping shows
[04:02:39] ✅ DONE | Shows=808 | Movies=49
