[10:12:40] 🚀 SCRIPT STARTED
[10:12:40] [1/296] CDCA
[10:12:40] 🧠 New identity created
[10:12:41] [2/296] MNSR
[10:12:42] [3/296] CSSL
[10:12:43] [4/296] BGGM
[10:12:44] [5/296] MANT
[10:12:45] [6/296] SOOY
[10:12:46] [7/296] VPPK
[10:12:47] [8/296] MYHJ
[10:12:48] [9/296] KSCK
[10:12:49] [10/296] KATK
[10:12:50] [11/296] RTRT
[10:12:51] [12/296] SSTT
[10:12:52] [13/296] SSTV
[10:12:53] [14/296] LACM
[10:12:54] [15/296] SGMG
[10:12:55] [16/296] KACX
[10:12:57] [17/296] GVCP
[10:12:58] [18/296] CSNC
[10:12:58] [19/296] SXCB
[10:12:59] [20/296] BAHS
[10:13:00] [21/296] PCBI
[10:13:01] [22/296] PSSM
[10:13:02] [23/296] RCOK
[10:13:03] [24/296] SCPF
[10:13:04] [25/296] SSAS
[10:13:05] [26/296] EVMM
[10:13:06] [27/296] SYCB
[10:13:07] [28/296] GCKI
[10:13:08] [29/296] IAET
[10:13:09] [30/296] DDTD
[10:13:10] [31/296] GMDH
[10:13:11] [32/296] STLE
[10:13:11] [33/296] JTRA
[10:13:12] [34/296] RPPA
[10:13:13] [35/296] ARUT
[10:13:14] [36/296] JTVM
[10:13:15] [37/296] SWRH
[10:13:16] [38/296] DCPC
[10:13:17] [39/296] RAPR
[10:13:18] [40/296] GCRT
[10:13:19] [41/296] ATUN
[10:13:20] [42/296] LTRM
[10:13:21] [43/296] TASR
[10:13:22] [44/296] RLLC
[10:13:23] [45/296] MABI
[10:13:23] [46/296] SVHB
[10:13:24] [47/296] NVTB
[10:13:26] [48/296] KCKG
[10:13:27] [49/296] SSRN
[10:13:28] [50/296] VDDC
[10:13:29] [51/296] GKTK
[10:13:30] [52/296] YFSN
[10:13:31] [53/296] GCSG
[10:13:32] [54/296] ESSM
[10:13:33] [55/296] KRIH
[10:13:33] [56/296] GCDS
[10:13:34] [57/296] CCSH
[10:13:35] [58/296] ACSK
[10:13:36] [59/296] APRK
[10:13:37] [60/296] ADKM
[10:13:38] [61/296] SRDM
[10:13:39] [62/296] RMOG
[10:13:41] [63/296] SJMY
[10:13:42] [64/296] PGGC
[10:13:42] [65/296] INGM
[10:13:44] [66/296] LSCB
[10:13:45] [67/296] STAD
[10:13:46] [68/296] MCCR
[10:13:47] [69/296] ABCC
[10:13:48] [70/296] RKCC
[10:13:49] [71/296] RTCR
[10:13:50] [72/296] GGBC
[10:13:51] [73/296] GCSD
[10:13:51] [74/296] LPTY
[10:13:53] [75/296] MCFD
[10:13:54] [76/296] HENN
[10:13:55] [77/296] SMKU
[10:13:56] [78/296] TNZC
[10:13:57] [79/296] DRCD
[10:13:58] [80/296] DLCD
[10:13:59] [81/296] RCDA
[10:13:59] [82/296] COSM
[10:14:00] [83/296] MCMJ
[10:14:01] [84/296] CSTR
[10:14:03] [85/296] CVDK
[10:14:04] [86/296] INRR
[10:14:05] [87/296] RJRT
[10:14:06] [88/296] IRMR
[10:14:07] [89/296] SRCF
[10:14:07] [90/296] GRCR
[10:14:08] [91/296] SURC
[10:14:09] [92/296] NMNH
[10:14:11] [93/296] SVBL
[10:14:11] [94/296] KACI
[10:14:12] [95/296] TDGO
[10:14:13] [96/296] KTBR
[10:14:14] [97/296] PMAD
[10:14:15] [98/296] CCPN
[10:14:16] [99/296] SBTK
[10:14:17] [100/296] LMDK
[10:14:17] [101/296] PGDA
[10:14:18] [102/296] SRML
[10:14:19] [103/296] EVCK
[10:14:20] [104/296] RTTK
[10:14:21] [105/296] SRTU
[10:14:22] [106/296] VRSA
[10:14:23] [107/296] VARS
[10:14:23] [108/296] DSCZ
[10:14:25] [109/296] GAGA
[10:14:26] [110/296] SARV
[10:14:27] [111/296] SEEG
[10:14:28] [112/296] GLCA
[10:14:29] [113/296] APAS
[10:14:29] [114/296] VCIA
[10:14:30] [115/296] SJTA
[10:14:31] [116/296] SABM
[10:14:32] [117/296] PPAG
[10:14:33] [118/296] RVCA
[10:14:33] [119/296] CCIA
[10:14:34] [120/296] HTAG
[10:14:35] [121/296] SMBI
[10:14:36] [122/296] MCJR
[10:14:37] [123/296] CCJR
[10:14:37] [124/296] SINF
[10:14:38] [125/296] CPLX
[10:14:40] [126/296] KKTJ
[10:14:41] [127/296] GDBW
[10:14:42] [128/296] CSUB
[10:14:43] [129/296] DABA
[10:14:44] [130/296] TITR
[10:14:45] [131/296] NYCR
[10:14:46] [132/296] RTRY
[10:14:48] [133/296] JTJL
[10:14:49] [134/296] SJCP
[10:14:49] [135/296] KCCA
[10:14:50] [136/296] MLPG
[10:14:51] [137/296] VRCK
[10:14:53] [138/296] SRIN
[10:14:53] [139/296] CXMK
[10:14:54] [140/296] SKAD
[10:14:55] [141/296] AVTR
[10:14:56] [142/296] PTAJ
[10:14:57] [143/296] SCNK
[10:14:58] [144/296] STTI
[10:14:59] [145/296] KACR
[10:15:00] [146/296] SSDX
[10:15:02] [147/296] VRTJ
[10:15:02] [148/296] RAJD
[10:15:03] [149/296] SCIP
[10:15:05] [150/296] RJSL
[10:15:06] [151/296] ARRS
[10:15:06] [152/296] ASMS
[10:15:07] [153/296] RDTS
[10:15:08] [154/296] DVMY
[10:15:09] [155/296] RASA
[10:15:10] [156/296] INOM
[10:15:12] [157/296] SPRS
[10:15:12] [158/296] SGCS
[10:15:13] [159/296] SALM
[10:15:15] [160/296] PKHC
[10:15:16] [161/296] RCSV
[10:15:17] [162/296] CPKC
[10:15:18] [163/296] AACD
[10:15:19] [164/296] GGCV
[10:15:19] [165/296] SMKD
[10:15:20] [166/296] NBCH
[10:15:21] [167/296] AMCB
[10:15:22] [168/296] OPCN
[10:15:23] [169/296] DCIN
[10:15:24] [170/296] INGW
[10:15:25] [171/296] PKKW
[10:15:26] [172/296] FNGW
[10:15:26] [173/296] GCGD
[10:15:27] [174/296] MSTW
[10:15:28] [175/296] KCCG
[10:15:29] [176/296] MRSS
[10:15:30] [177/296] CLCF
[10:15:31] [178/296] EETS
[10:15:33] [179/296] AATR
[10:15:34] [180/296] CMMN
[10:15:35] [181/296] SCCJ
[10:15:36] [182/296] CDTK
[10:15:38] [183/296] AICP
[10:15:39] [184/296] FNBP
[10:15:40] [185/296] CBPB
[10:15:41] [186/296] CPAS
[10:15:41] [187/296] MAPM
[10:15:43] [188/296] PASD
[10:15:44] [189/296] JCMN
[10:15:45] [190/296] MALB
[10:15:45] [191/296] SACG
[10:15:46] [192/296] DDRX
[10:15:47] [193/296] DDXB
[10:15:48] [194/296] RAMC
[10:15:49] [195/296] SANC
[10:15:50] [196/296] BCBP
[10:15:51] [197/296] ALPC
[10:15:52] [198/296] RBAC
[10:15:53] [199/296] RAJL
[10:15:54] [200/296] MPDX
[10:15:55] [201/296] MUSC
[10:15:56] [202/296] VKMK
[10:15:56] [203/296] SKCG
[10:15:57] [204/296] ANCN
[10:15:58] [205/296] MMCJ
[10:15:59] [206/296] DCAK
[10:16:00] [207/296] SCKG
[10:16:01] [208/296] LMCK
[10:16:02] [209/296] CKKX
[10:16:02] [210/296] ANKU
[10:16:03] [211/296] CSMD
[10:16:05] [212/296] MKMP
[10:16:06] [213/296] SVBG
[10:16:07] [214/296] ROOP
[10:16:07] [215/296] GDMT
[10:16:08] [216/296] FPPF
[10:16:09] [217/296] SFUU
[10:16:10] [218/296] ANCB
[10:16:11] [219/296] SMMC
[10:16:12] [220/296] UGKT
[10:16:12] [221/296] JVRM
[10:16:13] [222/296] BATG
[10:16:14] [223/296] RATE
[10:16:15] [224/296] SKME
[10:16:16] [225/296] LMTP
[10:16:17] [226/296] TCBD
[10:16:18] [227/296] ESBD
[10:16:19] [228/296] GDCU
[10:16:20] [229/296] SNKT
[10:16:21] [230/296] SRNK
[10:16:22] [231/296] SMED
[10:16:23] [232/296] CSQS
[10:16:23] [233/296] ALCS
[10:16:24] [234/296] KCKN
[10:16:25] [235/296] VCCL
[10:16:26] [236/296] MCDA
[10:16:27] [237/296] SHMI
[10:16:28] [238/296] SKHA
[10:16:29] [239/296] SVFK
[10:16:30] [240/296] INVB
[10:16:30] [241/296] MELD
[10:16:31] [242/296] JTYS
[10:16:32] [243/296] INCM
[10:16:33] [244/296] MCDV
[10:16:34] [245/296] KSGK
[10:16:35] [246/296] ICMG
[10:16:36] [247/296] CSCV
[10:16:36] [248/296] STMD
[10:16:38] [249/296] STTR
[10:16:39] [250/296] INVC
[10:16:41] [251/296] JTBL
[10:16:41] [252/296] SRVV
[10:16:42] [253/296] MAVC
[10:16:43] [254/296] SRPP
[10:16:44] [255/296] JGDM
[10:16:45] [256/296] MBSJ
[10:16:46] [257/296] SSLL
[10:16:47] [258/296] SLKP
[10:16:48] [259/296] NSRV
[10:16:49] [260/296] UTDV
[10:16:51] [261/296] KICM
[10:16:51] [262/296] KCMD
[10:16:52] [263/296] TTPP
[10:16:53] [264/296] KMPV
[10:16:54] [265/296] SKTV
[10:16:55] [266/296] STCV
[10:16:56] [267/296] SRDA
[10:16:56] [268/296] JTSX
[10:16:57] [269/296] STBV
[10:16:58] [270/296] APVZ
[10:16:59] [271/296] GSTV
[10:17:00] [272/296] NMVS
[10:17:01] [273/296] SKRT
[10:17:02] [274/296] RMDV
[10:17:03] [275/296] RATG
[10:17:04] [276/296] SJYV
[10:17:04] [277/296] NDGP
[10:17:06] [278/296] SNDG
[10:17:07] [279/296] INSR
[10:17:09] [280/296] INSO
[10:17:10] [281/296] CCSI
[10:17:11] [282/296] RASM
[10:17:12] [283/296] NEWC
[10:17:13] [284/296] VSHL
[10:17:14] [285/296] BISW
[10:17:16] [286/296] GCNG
[10:17:17] [287/296] CWSC
[10:17:18] [288/296] SKAN
[10:17:19] [289/296] SEHP
[10:17:20] [290/296] CCOA
[10:17:21] [291/296] MCAJ
[10:17:22] [292/296] ACDE
[10:17:23] [293/296] AACM
[10:17:24] [294/296] JJCK
[10:17:25] [295/296] RCMO
[10:17:26] [296/296] GDAW
[10:17:27] 🧹 Deduping shows
[10:17:27] ✅ DONE | Shows=59 | Movies=6
[16:51:58] 🚀 SCRIPT STARTED
[16:51:58] [1/296] CDCA
[16:51:58] 🧠 New identity created
[16:51:59] [2/296] MNSR
[16:51:59] [3/296] CSSL
[16:52:00] [4/296] BGGM
[16:52:01] [5/296] MANT
[16:52:01] [6/296] SOOY
[16:52:02] [7/296] VPPK
[16:52:02] [8/296] MYHJ
[16:52:03] [9/296] KSCK
[16:52:03] [10/296] KATK
[16:52:04] [11/296] RTRT
[16:52:05] [12/296] SSTT
[16:52:05] [13/296] SSTV
[16:52:06] [14/296] LACM
[16:52:07] [15/296] SGMG
[16:52:07] [16/296] KACX
[16:52:08] [17/296] GVCP
[16:52:09] [18/296] CSNC
[16:52:09] [19/296] SXCB
[16:52:10] [20/296] BAHS
[16:52:10] [21/296] PCBI
[16:52:11] [22/296] PSSM
[16:52:12] [23/296] RCOK
[16:52:12] [24/296] SCPF
[16:52:13] [25/296] SSAS
[16:52:13] [26/296] EVMM
[16:52:14] [27/296] SYCB
[16:52:14] [28/296] GCKI
[16:52:15] [29/296] IAET
[16:52:15] [30/296] DDTD
[16:52:16] [31/296] GMDH
[16:52:16] [32/296] STLE
[16:52:17] [33/296] JTRA
[16:52:18] [34/296] RPPA
[16:52:18] [35/296] ARUT
[16:52:19] [36/296] JTVM
[16:52:20] [37/296] SWRH
[16:52:20] [38/296] DCPC
[16:52:21] [39/296] RAPR
[16:52:21] [40/296] GCRT
[16:52:22] [41/296] ATUN
[16:52:22] [42/296] LTRM
[16:52:23] [43/296] TASR
[16:52:24] [44/296] RLLC
[16:52:24] [45/296] MABI
[16:52:25] [46/296] SVHB
[16:52:25] [47/296] NVTB
[16:52:26] [48/296] KCKG
[16:52:27] [49/296] SSRN
[16:52:27] [50/296] VDDC
[16:52:28] [51/296] GKTK
[16:52:28] [52/296] YFSN
[16:52:29] [53/296] GCSG
[16:52:30] [54/296] ESSM
[16:52:30] [55/296] KRIH
[16:52:31] [56/296] GCDS
[16:52:32] [57/296] CCSH
[16:52:32] [58/296] ACSK
[16:52:33] [59/296] APRK
[16:52:34] [60/296] ADKM
[16:52:34] [61/296] SRDM
[16:52:35] [62/296] RMOG
[16:52:35] [63/296] SJMY
[16:52:36] [64/296] PGGC
[16:52:36] [65/296] INGM
[16:52:37] [66/296] LSCB
[16:52:37] [67/296] STAD
[16:52:38] [68/296] MCCR
[16:52:38] [69/296] ABCC
[16:52:39] [70/296] RKCC
[16:52:40] [71/296] RTCR
[16:52:40] [72/296] GGBC
[16:52:41] [73/296] GCSD
[16:52:41] [74/296] LPTY
[16:52:42] [75/296] MCFD
[16:52:42] [76/296] HENN
[16:52:43] [77/296] SMKU
[16:52:44] [78/296] TNZC
[16:52:44] [79/296] DRCD
[16:52:45] [80/296] DLCD
[16:52:46] [81/296] RCDA
[16:52:46] [82/296] COSM
[16:52:47] [83/296] MCMJ
[16:52:48] [84/296] CSTR
[16:52:48] [85/296] CVDK
[16:52:49] [86/296] INRR
[16:52:49] [87/296] RJRT
[16:52:50] [88/296] IRMR
[16:52:51] [89/296] SRCF
[16:52:51] [90/296] GRCR
[16:52:52] [91/296] SURC
[16:52:52] [92/296] NMNH
[16:52:53] [93/296] SVBL
[16:52:53] [94/296] KACI
[16:52:54] [95/296] TDGO
[16:52:55] [96/296] KTBR
[16:52:55] [97/296] PMAD
[16:52:56] [98/296] CCPN
[16:52:57] [99/296] SBTK
[16:52:57] [100/296] LMDK
[16:52:57] [101/296] PGDA
[16:52:58] [102/296] SRML
[16:52:58] [103/296] EVCK
[16:52:59] [104/296] RTTK
[16:53:00] [105/296] SRTU
[16:53:00] [106/296] VRSA
[16:53:01] [107/296] VARS
[16:53:01] [108/296] DSCZ
[16:53:02] [109/296] GAGA
[16:53:02] [110/296] SARV
[16:53:03] [111/296] SEEG
[16:53:04] [112/296] GLCA
[16:53:04] [113/296] APAS
[16:53:05] [114/296] VCIA
[16:53:05] [115/296] SJTA
[16:53:06] [116/296] SABM
[16:53:07] [117/296] PPAG
[16:53:07] [118/296] RVCA
[16:53:08] [119/296] CCIA
[16:53:09] [120/296] HTAG
[16:53:10] [121/296] SMBI
[16:53:10] [122/296] MCJR
[16:53:11] [123/296] CCJR
[16:53:11] [124/296] SINF
[16:53:12] [125/296] CPLX
[16:53:13] [126/296] KKTJ
[16:53:13] [127/296] GDBW
[16:53:14] [128/296] CSUB
[16:53:14] [129/296] DABA
[16:53:15] [130/296] TITR
[16:53:15] [131/296] NYCR
[16:53:16] [132/296] RTRY
[16:53:17] [133/296] JTJL
[16:53:17] [134/296] SJCP
[16:53:17] [135/296] KCCA
[16:53:18] [136/296] MLPG
[16:53:19] [137/296] VRCK
[16:53:19] [138/296] SRIN
[16:53:20] [139/296] CXMK
[16:53:20] [140/296] SKAD
[16:53:21] [141/296] AVTR
[16:53:22] [142/296] PTAJ
[16:53:22] [143/296] SCNK
[16:53:23] [144/296] STTI
[16:53:23] [145/296] KACR
[16:53:24] [146/296] SSDX
[16:53:25] [147/296] VRTJ
[16:53:25] [148/296] RAJD
[16:53:26] [149/296] SCIP
[16:53:27] [150/296] RJSL
[16:53:28] [151/296] ARRS
[16:53:28] [152/296] ASMS
[16:53:29] [153/296] RDTS
[16:53:29] [154/296] DVMY
[16:53:29] [155/296] RASA
[16:53:30] [156/296] INOM
[16:53:30] [157/296] SPRS
[16:53:31] [158/296] SGCS
[16:53:31] [159/296] SALM
[16:53:32] [160/296] PKHC
[16:53:33] [161/296] RCSV
[16:53:33] [162/296] CPKC
[16:53:34] [163/296] AACD
[16:53:35] [164/296] GGCV
[16:53:35] [165/296] SMKD
[16:53:36] [166/296] NBCH
[16:53:36] [167/296] AMCB
[16:53:37] [168/296] OPCN
[16:53:38] [169/296] DCIN
[16:53:38] [170/296] INGW
[16:53:39] [171/296] PKKW
[16:53:39] [172/296] FNGW
[16:53:40] [173/296] GCGD
[16:53:40] [174/296] MSTW
[16:53:41] [175/296] KCCG
[16:53:41] [176/296] MRSS
[16:53:42] [177/296] CLCF
[16:53:43] [178/296] EETS
[16:53:43] [179/296] AATR
[16:53:44] [180/296] CMMN
[16:53:45] [181/296] SCCJ
[16:53:45] [182/296] CDTK
[16:53:46] [183/296] AICP
[16:53:46] [184/296] FNBP
[16:53:47] [185/296] CBPB
[16:53:47] [186/296] CPAS
[16:53:48] [187/296] MAPM
[16:53:49] [188/296] PASD
[16:53:49] [189/296] JCMN
[16:53:50] [190/296] MALB
[16:53:50] [191/296] SACG
[16:53:51] [192/296] DDRX
[16:53:52] [193/296] DDXB
[16:53:52] [194/296] RAMC
[16:53:53] [195/296] SANC
[16:53:53] [196/296] BCBP
[16:53:54] [197/296] ALPC
[16:53:54] [198/296] RBAC
[16:53:55] [199/296] RAJL
[16:53:56] [200/296] MPDX
[16:53:57] [201/296] MUSC
[16:53:57] [202/296] VKMK
[16:53:58] [203/296] SKCG
[16:53:58] [204/296] ANCN
[16:53:58] [205/296] MMCJ
[16:53:59] [206/296] DCAK
[16:54:00] [207/296] SCKG
[16:54:00] [208/296] LMCK
[16:54:01] [209/296] CKKX
[16:54:01] [210/296] ANKU
[16:54:02] [211/296] CSMD
[16:54:03] [212/296] MKMP
[16:54:04] [213/296] SVBG
[16:54:04] [214/296] ROOP
[16:54:05] [215/296] GDMT
[16:54:05] [216/296] FPPF
[16:54:06] [217/296] SFUU
[16:54:06] [218/296] ANCB
[16:54:07] [219/296] SMMC
[16:54:07] [220/296] UGKT
[16:54:08] [221/296] JVRM
[16:54:09] [222/296] BATG
[16:54:09] [223/296] RATE
[16:54:10] [224/296] SKME
[16:54:10] [225/296] LMTP
[16:54:11] [226/296] TCBD
[16:54:11] [227/296] ESBD
[16:54:12] [228/296] GDCU
[16:54:12] [229/296] SNKT
[16:54:13] [230/296] SRNK
[16:54:14] [231/296] SMED
[16:54:14] [232/296] CSQS
[16:54:15] [233/296] ALCS
[16:54:16] [234/296] KCKN
[16:54:16] [235/296] VCCL
[16:54:17] [236/296] MCDA
[16:54:17] [237/296] SHMI
[16:54:18] [238/296] SKHA
[16:54:19] [239/296] SVFK
[16:54:19] [240/296] INVB
[16:54:20] [241/296] MELD
[16:54:20] [242/296] JTYS
[16:54:21] [243/296] INCM
[16:54:21] [244/296] MCDV
[16:54:22] [245/296] KSGK
[16:54:23] [246/296] ICMG
[16:54:23] [247/296] CSCV
[16:54:24] [248/296] STMD
[16:54:25] [249/296] STTR
[16:54:25] [250/296] INVC
[16:54:26] [251/296] JTBL
[16:54:26] [252/296] SRVV
[16:54:27] [253/296] MAVC
[16:54:27] [254/296] SRPP
[16:54:28] [255/296] JGDM
[16:54:28] [256/296] MBSJ
[16:54:29] [257/296] SSLL
[16:54:29] [258/296] SLKP
[16:54:30] [259/296] NSRV
[16:54:31] [260/296] UTDV
[16:54:31] [261/296] KICM
[16:54:32] [262/296] KCMD
[16:54:32] [263/296] TTPP
[16:54:33] [264/296] KMPV
[16:54:33] [265/296] SKTV
[16:54:34] [266/296] STCV
[16:54:34] [267/296] SRDA
[16:54:35] [268/296] JTSX
[16:54:36] [269/296] STBV
[16:54:36] [270/296] APVZ
[16:54:37] [271/296] GSTV
[16:54:37] [272/296] NMVS
[16:54:38] [273/296] SKRT
[16:54:38] [274/296] RMDV
[16:54:39] [275/296] RATG
[16:54:40] [276/296] SJYV
[16:54:40] [277/296] NDGP
[16:54:41] [278/296] SNDG
[16:54:41] [279/296] INSR
[16:54:42] [280/296] INSO
[16:54:42] [281/296] CCSI
[16:54:43] [282/296] RASM
[16:54:43] [283/296] NEWC
[16:54:44] [284/296] VSHL
[16:54:44] [285/296] BISW
[16:54:45] [286/296] GCNG
[16:54:46] [287/296] CWSC
[16:54:46] [288/296] SKAN
[16:54:47] [289/296] SEHP
[16:54:47] [290/296] CCOA
[16:54:48] [291/296] MCAJ
[16:54:48] [292/296] ACDE
[16:54:49] [293/296] AACM
[16:54:49] [294/296] JJCK
[16:54:50] [295/296] RCMO
[16:54:51] [296/296] GDAW
[16:54:51] 🧹 Deduping shows
[16:54:51] ✅ DONE | Shows=109 | Movies=9
[04:54:41] 🚀 SCRIPT STARTED
[04:54:41] [1/296] CDCA
[04:54:41] 🧠 New identity created
[04:54:42] 🔄 Identity reset
[04:54:42] ❌ CDCA | RuntimeError
[04:54:42] [2/296] MNSR
[04:54:42] 🧠 New identity created
[04:54:43] [3/296] CSSL
[04:54:44] [4/296] BGGM
[04:54:45] [5/296] MANT
[04:54:46] [6/296] SOOY
[04:54:47] [7/296] VPPK
[04:54:47] [8/296] MYHJ
[04:54:49] [9/296] KSCK
[04:54:50] [10/296] KATK
[04:54:52] [11/296] RTRT
[04:54:52] [12/296] SSTT
[04:54:53] [13/296] SSTV
[04:54:55] [14/296] LACM
[04:54:56] [15/296] SGMG
[04:54:57] [16/296] KACX
[04:54:57] [17/296] GVCP
[04:54:58] [18/296] CSNC
[04:54:59] [19/296] SXCB
[04:54:59] [20/296] BAHS
[04:55:00] [21/296] PCBI
[04:55:01] [22/296] PSSM
[04:55:02] [23/296] RCOK
[04:55:03] [24/296] SCPF
[04:55:03] [25/296] SSAS
[04:55:04] [26/296] EVMM
[04:55:05] [27/296] SYCB
[04:55:06] [28/296] GCKI
[04:55:07] [29/296] IAET
[04:55:08] [30/296] DDTD
[04:55:09] [31/296] GMDH
[04:55:10] [32/296] STLE
[04:55:10] [33/296] JTRA
[04:55:11] [34/296] RPPA
[04:55:12] [35/296] ARUT
[04:55:13] [36/296] JTVM
[04:55:14] [37/296] SWRH
[04:55:15] [38/296] DCPC
[04:55:15] [39/296] RAPR
[04:55:16] [40/296] GCRT
[04:55:17] [41/296] ATUN
[04:55:18] [42/296] LTRM
[04:55:19] [43/296] TASR
[04:55:20] [44/296] RLLC
[04:55:21] [45/296] MABI
[04:55:22] [46/296] SVHB
[04:55:23] [47/296] NVTB
[04:55:24] [48/296] KCKG
[04:55:26] [49/296] SSRN
[04:55:27] [50/296] VDDC
[04:55:28] [51/296] GKTK
[04:55:29] [52/296] YFSN
[04:55:30] [53/296] GCSG
[04:55:31] [54/296] ESSM
[04:55:31] [55/296] KRIH
[04:55:32] [56/296] GCDS
[04:55:33] [57/296] CCSH
[04:55:34] [58/296] ACSK
[04:55:34] [59/296] APRK
[04:55:35] [60/296] ADKM
[04:55:36] [61/296] SRDM
[04:55:37] [62/296] RMOG
[04:55:38] [63/296] SJMY
[04:55:39] [64/296] PGGC
[04:55:39] [65/296] INGM
[04:55:41] [66/296] LSCB
[04:55:42] [67/296] STAD
[04:55:42] [68/296] MCCR
[04:55:43] [69/296] ABCC
[04:55:44] [70/296] RKCC
[04:55:45] [71/296] RTCR
[04:55:46] [72/296] GGBC
[04:55:47] [73/296] GCSD
[04:55:48] [74/296] LPTY
[04:55:49] [75/296] MCFD
[04:55:50] [76/296] HENN
[04:55:51] [77/296] SMKU
[04:55:51] [78/296] TNZC
[04:55:53] [79/296] DRCD
[04:55:54] [80/296] DLCD
[04:55:55] [81/296] RCDA
[04:55:55] [82/296] COSM
[04:55:56] [83/296] MCMJ
[04:55:57] [84/296] CSTR
[04:55:58] [85/296] CVDK
[04:55:59] [86/296] INRR
[04:56:01] [87/296] RJRT
[04:56:01] [88/296] IRMR
[04:56:02] [89/296] SRCF
[04:56:03] [90/296] GRCR
[04:56:04] [91/296] SURC
[04:56:04] [92/296] NMNH
[04:56:05] [93/296] SVBL
[04:56:07] [94/296] KACI
[04:56:08] [95/296] TDGO
[04:56:09] [96/296] KTBR
[04:56:10] [97/296] PMAD
[04:56:11] [98/296] CCPN
[04:56:12] [99/296] SBTK
[04:56:13] [100/296] LMDK
[04:56:14] [101/296] PGDA
[04:56:14] [102/296] SRML
[04:56:15] [103/296] EVCK
[04:56:16] [104/296] RTTK
[04:56:17] [105/296] SRTU
[04:56:18] [106/296] VRSA
[04:56:19] [107/296] VARS
[04:56:20] [108/296] DSCZ
[04:56:22] [109/296] GAGA
[04:56:23] [110/296] SARV
[04:56:24] [111/296] SEEG
[04:56:25] [112/296] GLCA
[04:56:26] [113/296] APAS
[04:56:27] [114/296] VCIA
[04:56:27] [115/296] SJTA
[04:56:28] [116/296] SABM
[04:56:29] [117/296] PPAG
[04:56:30] [118/296] RVCA
[04:56:31] [119/296] CCIA
[04:56:32] [120/296] HTAG
[04:56:34] [121/296] SMBI
[04:56:34] [122/296] MCJR
[04:56:36] [123/296] CCJR
[04:56:37] [124/296] SINF
[04:56:38] [125/296] CPLX
[04:56:39] [126/296] KKTJ
[04:56:40] [127/296] GDBW
[04:56:40] [128/296] CSUB
[04:56:41] [129/296] DABA
[04:56:42] [130/296] TITR
[04:56:43] [131/296] NYCR
[04:56:45] [132/296] RTRY
[04:56:45] [133/296] JTJL
[04:56:46] [134/296] SJCP
[04:56:47] [135/296] KCCA
[04:56:49] [136/296] MLPG
[04:56:50] [137/296] VRCK
[04:56:51] [138/296] SRIN
[04:56:52] [139/296] CXMK
[04:56:52] [140/296] SKAD
[04:56:53] [141/296] AVTR
[04:56:54] [142/296] PTAJ
[04:56:55] [143/296] SCNK
[04:56:56] [144/296] STTI
[04:56:57] [145/296] KACR
[04:56:57] [146/296] SSDX
[04:56:58] [147/296] VRTJ
[04:57:00] [148/296] RAJD
[04:57:01] [149/296] SCIP
[04:57:01] [150/296] RJSL
[04:57:02] [151/296] ARRS
[04:57:04] [152/296] ASMS
[04:57:05] [153/296] RDTS
[04:57:06] [154/296] DVMY
[04:57:07] [155/296] RASA
[04:57:08] [156/296] INOM
[04:57:10] [157/296] SPRS
[04:57:12] [158/296] SGCS
[04:57:14] [159/296] SALM
[04:57:14] [160/296] PKHC
[04:57:15] [161/296] RCSV
[04:57:17] [162/296] CPKC
[04:57:18] [163/296] AACD
[04:57:19] [164/296] GGCV
[04:57:20] [165/296] SMKD
[04:57:21] [166/296] NBCH
[04:57:22] [167/296] AMCB
[04:57:22] [168/296] OPCN
[04:57:23] [169/296] DCIN
[04:57:24] [170/296] INGW
[04:57:25] [171/296] PKKW
[04:57:27] [172/296] FNGW
[04:57:27] [173/296] GCGD
[04:57:29] [174/296] MSTW
[04:57:30] [175/296] KCCG
[04:57:31] [176/296] MRSS
[04:57:32] [177/296] CLCF
[04:57:32] [178/296] EETS
[04:57:34] [179/296] AATR
[04:57:35] [180/296] CMMN
[04:57:35] [181/296] SCCJ
[04:57:36] [182/296] CDTK
[04:57:38] [183/296] AICP
[04:57:39] [184/296] FNBP
[04:57:40] [185/296] CBPB
[04:57:41] [186/296] CPAS
[04:57:42] [187/296] MAPM
[04:57:43] [188/296] PASD
[04:57:44] [189/296] JCMN
[04:57:46] [190/296] MALB
[04:57:46] [191/296] SACG
[04:57:47] [192/296] DDRX
[04:57:48] [193/296] DDXB
[04:57:49] [194/296] RAMC
[04:57:50] [195/296] SANC
[04:57:50] [196/296] BCBP
[04:57:51] [197/296] ALPC
[04:57:52] [198/296] RBAC
[04:57:53] [199/296] RAJL
[04:57:54] [200/296] MPDX
[04:57:55] [201/296] MUSC
[04:57:56] [202/296] VKMK
[04:57:57] [203/296] SKCG
[04:57:58] [204/296] ANCN
[04:57:59] [205/296] MMCJ
[04:58:00] [206/296] DCAK
[04:58:01] [207/296] SCKG
[04:58:02] [208/296] LMCK
[04:58:02] [209/296] CKKX
[04:58:03] [210/296] ANKU
[04:58:04] [211/296] CSMD
[04:58:05] [212/296] MKMP
[04:58:06] [213/296] SVBG
[04:58:07] [214/296] ROOP
[04:58:08] [215/296] GDMT
[04:58:10] [216/296] FPPF
[04:58:11] [217/296] SFUU
[04:58:11] [218/296] ANCB
[04:58:12] [219/296] SMMC
[04:58:13] [220/296] UGKT
[04:58:14] [221/296] JVRM
[04:58:15] [222/296] BATG
[04:58:16] [223/296] RATE
[04:58:17] [224/296] SKME
[04:58:18] [225/296] LMTP
[04:58:19] [226/296] TCBD
[04:58:20] [227/296] ESBD
[04:58:20] [228/296] GDCU
[04:58:21] [229/296] SNKT
[04:58:23] [230/296] SRNK
[04:58:24] [231/296] SMED
[04:58:25] [232/296] CSQS
[04:58:26] [233/296] ALCS
[04:58:27] [234/296] KCKN
[04:58:28] [235/296] VCCL
[04:58:29] [236/296] MCDA
[04:58:30] [237/296] SHMI
[04:58:31] [238/296] SKHA
[04:58:31] [239/296] SVFK
[04:58:32] [240/296] INVB
[04:58:33] [241/296] MELD
[04:58:34] [242/296] JTYS
[04:58:35] [243/296] INCM
[04:58:36] [244/296] MCDV
[04:58:37] [245/296] KSGK
[04:58:38] [246/296] ICMG
[04:58:39] [247/296] CSCV
[04:58:39] [248/296] STMD
[04:58:41] [249/296] STTR
[04:58:42] [250/296] INVC
[04:58:42] [251/296] JTBL
[04:58:43] [252/296] SRVV
[04:58:44] [253/296] MAVC
[04:58:46] [254/296] SRPP
[04:58:47] [255/296] JGDM
[04:58:48] [256/296] MBSJ
[04:58:49] [257/296] SSLL
[04:58:50] [258/296] SLKP
[04:58:51] [259/296] NSRV
[04:58:52] [260/296] UTDV
[04:58:53] [261/296] KICM
[04:58:54] [262/296] KCMD
[04:58:55] [263/296] TTPP
[04:58:56] [264/296] KMPV
[04:58:56] [265/296] SKTV
[04:58:57] [266/296] STCV
[04:58:58] [267/296] SRDA
[04:58:59] [268/296] JTSX
[04:58:59] [269/296] STBV
[04:59:00] [270/296] APVZ
[04:59:01] [271/296] GSTV
[04:59:02] [272/296] NMVS
[04:59:03] [273/296] SKRT
[04:59:04] [274/296] RMDV
[04:59:05] [275/296] RATG
[04:59:06] [276/296] SJYV
[04:59:07] [277/296] NDGP
[04:59:07] [278/296] SNDG
[04:59:08] [279/296] INSR
[04:59:09] [280/296] INSO
[04:59:10] [281/296] CCSI
[04:59:11] [282/296] RASM
[04:59:12] [283/296] NEWC
[04:59:13] [284/296] VSHL
[04:59:14] [285/296] BISW
[04:59:14] [286/296] GCNG
[04:59:15] [287/296] CWSC
[04:59:16] [288/296] SKAN
[04:59:17] [289/296] SEHP
[04:59:18] [290/296] CCOA
[04:59:18] [291/296] MCAJ
[04:59:19] [292/296] ACDE
[04:59:20] [293/296] AACM
[04:59:21] [294/296] JJCK
[04:59:22] [295/296] RCMO
[04:59:23] [296/296] GDAW
[04:59:23] 🧹 Deduping shows
[04:59:23] ✅ DONE | Shows=182 | Movies=19
[12:13:25] 🚀 SCRIPT STARTED
[12:13:25] [1/296] CDCA
[12:13:25] 🧠 New identity created
[12:13:25] 🔄 Identity reset
[12:13:25] ❌ CDCA | RuntimeError
[12:13:26] [2/296] MNSR
[12:13:26] 🧠 New identity created
[12:13:26] [3/296] CSSL
[12:13:27] [4/296] BGGM
[12:13:28] [5/296] MANT
[12:13:29] [6/296] SOOY
[12:13:30] [7/296] VPPK
[12:13:31] [8/296] MYHJ
[12:13:32] [9/296] KSCK
[12:13:33] [10/296] KATK
[12:13:33] [11/296] RTRT
[12:13:34] [12/296] SSTT
[12:13:35] [13/296] SSTV
[12:13:36] [14/296] LACM
[12:13:37] [15/296] SGMG
[12:13:38] [16/296] KACX
[12:13:39] [17/296] GVCP
[12:13:40] [18/296] CSNC
[12:13:41] [19/296] SXCB
[12:13:42] [20/296] BAHS
[12:13:42] [21/296] PCBI
[12:13:43] [22/296] PSSM
[12:13:44] [23/296] RCOK
[12:13:45] [24/296] SCPF
[12:13:46] [25/296] SSAS
[12:13:48] [26/296] EVMM
[12:13:49] [27/296] SYCB
[12:13:51] [28/296] GCKI
[12:13:52] [29/296] IAET
[12:13:52] [30/296] DDTD
[12:13:53] [31/296] GMDH
[12:13:54] [32/296] STLE
[12:13:55] [33/296] JTRA
[12:13:56] [34/296] RPPA
[12:13:57] [35/296] ARUT
[12:13:58] [36/296] JTVM
[12:13:59] [37/296] SWRH
[12:13:59] [38/296] DCPC
[12:14:01] [39/296] RAPR
[12:14:02] [40/296] GCRT
[12:14:03] [41/296] ATUN
[12:14:04] [42/296] LTRM
[12:14:04] [43/296] TASR
[12:14:05] [44/296] RLLC
[12:14:06] [45/296] MABI
[12:14:07] [46/296] SVHB
[12:14:08] [47/296] NVTB
[12:14:08] [48/296] KCKG
[12:14:09] [49/296] SSRN
[12:14:10] [50/296] VDDC
[12:14:11] [51/296] GKTK
[12:14:12] [52/296] YFSN
[12:14:12] [53/296] GCSG
[12:14:14] [54/296] ESSM
[12:14:15] [55/296] KRIH
[12:14:16] [56/296] GCDS
[12:14:17] [57/296] CCSH
[12:14:18] [58/296] ACSK
[12:14:18] [59/296] APRK
[12:14:19] [60/296] ADKM
[12:14:20] [61/296] SRDM
[12:14:21] [62/296] RMOG
[12:14:22] [63/296] SJMY
[12:14:24] [64/296] PGGC
[12:14:24] [65/296] INGM
[12:14:25] [66/296] LSCB
[12:14:26] [67/296] STAD
[12:14:27] [68/296] MCCR
[12:14:27] [69/296] ABCC
[12:14:28] [70/296] RKCC
[12:14:29] [71/296] RTCR
[12:14:30] [72/296] GGBC
[12:14:31] [73/296] GCSD
[12:14:32] [74/296] LPTY
[12:14:33] [75/296] MCFD
[12:14:34] [76/296] HENN
[12:14:35] [77/296] SMKU
[12:14:36] [78/296] TNZC
[12:14:37] [79/296] DRCD
[12:14:38] [80/296] DLCD
[12:14:38] [81/296] RCDA
[12:14:40] [82/296] COSM
[12:14:40] [83/296] MCMJ
[12:14:41] [84/296] CSTR
[12:14:42] [85/296] CVDK
[12:14:43] [86/296] INRR
[12:14:43] [87/296] RJRT
[12:14:44] [88/296] IRMR
[12:14:45] [89/296] SRCF
[12:14:46] [90/296] GRCR
[12:14:47] [91/296] SURC
[12:14:47] [92/296] NMNH
[12:14:48] [93/296] SVBL
[12:14:50] [94/296] KACI
[12:14:51] [95/296] TDGO
[12:14:52] [96/296] KTBR
[12:14:53] [97/296] PMAD
[12:14:53] [98/296] CCPN
[12:14:54] [99/296] SBTK
[12:14:55] [100/296] LMDK
[12:14:56] [101/296] PGDA
[12:14:57] [102/296] SRML
[12:14:58] [103/296] EVCK
[12:14:58] [104/296] RTTK
[12:14:59] [105/296] SRTU
[12:15:01] [106/296] VRSA
[12:15:01] [107/296] VARS
[12:15:02] [108/296] DSCZ
[12:15:03] [109/296] GAGA
[12:15:04] [110/296] SARV
[12:15:05] [111/296] SEEG
[12:15:06] [112/296] GLCA
[12:15:07] [113/296] APAS
[12:15:07] [114/296] VCIA
[12:15:08] [115/296] SJTA
[12:15:09] [116/296] SABM
[12:15:10] [117/296] PPAG
[12:15:11] [118/296] RVCA
[12:15:12] [119/296] CCIA
[12:15:13] [120/296] HTAG
[12:15:13] [121/296] SMBI
[12:15:14] [122/296] MCJR
[12:15:16] [123/296] CCJR
[12:15:16] [124/296] SINF
[12:15:17] [125/296] CPLX
[12:15:18] [126/296] KKTJ
[12:15:20] [127/296] GDBW
[12:15:21] [128/296] CSUB
[12:15:22] [129/296] DABA
[12:15:23] [130/296] TITR
[12:15:23] [131/296] NYCR
[12:15:24] [132/296] RTRY
[12:15:25] [133/296] JTJL
[12:15:26] [134/296] SJCP
[12:15:27] [135/296] KCCA
[12:15:28] [136/296] MLPG
[12:15:29] [137/296] VRCK
[12:15:31] [138/296] SRIN
[12:15:31] [139/296] CXMK
[12:15:32] [140/296] SKAD
[12:15:33] [141/296] AVTR
[12:15:34] [142/296] PTAJ
[12:15:35] [143/296] SCNK
[12:15:36] [144/296] STTI
[12:15:37] [145/296] KACR
[12:15:37] [146/296] SSDX
[12:15:38] [147/296] VRTJ
[12:15:39] [148/296] RAJD
[12:15:40] [149/296] SCIP
[12:15:41] [150/296] RJSL
[12:15:42] [151/296] ARRS
[12:15:43] [152/296] ASMS
[12:15:44] [153/296] RDTS
[12:15:44] [154/296] DVMY
[12:15:46] [155/296] RASA
[12:15:47] [156/296] INOM
[12:15:48] [157/296] SPRS
[12:15:48] [158/296] SGCS
[12:15:49] [159/296] SALM
[12:15:50] [160/296] PKHC
[12:15:51] [161/296] RCSV
[12:15:52] [162/296] CPKC
[12:15:53] [163/296] AACD
[12:15:53] [164/296] GGCV
[12:15:54] [165/296] SMKD
[12:15:55] [166/296] NBCH
[12:15:56] [167/296] AMCB
[12:15:56] [168/296] OPCN
[12:15:57] [169/296] DCIN
[12:15:59] [170/296] INGW
[12:16:00] [171/296] PKKW
[12:16:00] [172/296] FNGW
[12:16:01] [173/296] GCGD
[12:16:02] [174/296] MSTW
[12:16:02] [175/296] KCCG
[12:16:03] [176/296] MRSS
[12:16:04] [177/296] CLCF
[12:16:05] [178/296] EETS
[12:16:06] [179/296] AATR
[12:16:06] [180/296] CMMN
[12:16:07] [181/296] SCCJ
[12:16:08] [182/296] CDTK
[12:16:09] [183/296] AICP
[12:16:11] [184/296] FNBP
[12:16:12] [185/296] CBPB
[12:16:13] [186/296] CPAS
[12:16:14] [187/296] MAPM
[12:16:15] [188/296] PASD
[12:16:16] [189/296] JCMN
[12:16:17] [190/296] MALB
[12:16:17] [191/296] SACG
[12:16:18] [192/296] DDRX
[12:16:19] [193/296] DDXB
[12:16:19] [194/296] RAMC
[12:16:21] [195/296] SANC
[12:16:22] [196/296] BCBP
[12:16:22] [197/296] ALPC
[12:16:23] [198/296] RBAC
[12:16:24] [199/296] RAJL
[12:16:25] [200/296] MPDX
[12:16:26] [201/296] MUSC
[12:16:27] [202/296] VKMK
[12:16:28] [203/296] SKCG
[12:16:30] [204/296] ANCN
[12:16:31] [205/296] MMCJ
[12:16:32] [206/296] DCAK
[12:16:33] [207/296] SCKG
[12:16:34] [208/296] LMCK
[12:16:35] [209/296] CKKX
[12:16:35] [210/296] ANKU
[12:16:36] [211/296] CSMD
[12:16:37] [212/296] MKMP
[12:16:38] [213/296] SVBG
[12:16:39] [214/296] ROOP
[12:16:39] [215/296] GDMT
[12:16:40] [216/296] FPPF
[12:16:41] [217/296] SFUU
[12:16:42] [218/296] ANCB
[12:16:42] [219/296] SMMC
[12:16:43] [220/296] UGKT
[12:16:44] [221/296] JVRM
[12:16:45] [222/296] BATG
[12:16:46] [223/296] RATE
[12:16:47] [224/296] SKME
[12:16:47] [225/296] LMTP
[12:16:48] [226/296] TCBD
[12:16:49] [227/296] ESBD
[12:16:50] [228/296] GDCU
[12:16:51] [229/296] SNKT
[12:16:51] [230/296] SRNK
[12:16:53] [231/296] SMED
[12:16:53] [232/296] CSQS
[12:16:54] [233/296] ALCS
[12:16:55] [234/296] KCKN
[12:16:56] [235/296] VCCL
[12:16:57] [236/296] MCDA
[12:16:57] [237/296] SHMI
[12:16:58] [238/296] SKHA
[12:17:00] [239/296] SVFK
[12:17:01] [240/296] INVB
[12:17:02] [241/296] MELD
[12:17:03] [242/296] JTYS
[12:17:04] [243/296] INCM
[12:17:05] [244/296] MCDV
[12:17:07] [245/296] KSGK
[12:17:07] [246/296] ICMG
[12:17:08] [247/296] CSCV
[12:17:09] [248/296] STMD
[12:17:10] [249/296] STTR
[12:17:11] [250/296] INVC
[12:17:11] [251/296] JTBL
[12:17:12] [252/296] SRVV
[12:17:13] [253/296] MAVC
[12:17:14] [254/296] SRPP
[12:17:15] [255/296] JGDM
[12:17:16] [256/296] MBSJ
[12:17:16] [257/296] SSLL
[12:17:17] [258/296] SLKP
[12:17:18] [259/296] NSRV
[12:17:19] [260/296] UTDV
[12:17:20] [261/296] KICM
[12:17:21] [262/296] KCMD
[12:17:22] [263/296] TTPP
[12:17:23] [264/296] KMPV
[12:17:24] [265/296] SKTV
[12:17:25] [266/296] STCV
[12:17:25] [267/296] SRDA
[12:17:26] [268/296] JTSX
[12:17:27] [269/296] STBV
[12:17:28] [270/296] APVZ
[12:17:29] [271/296] GSTV
[12:17:30] [272/296] NMVS
[12:17:31] [273/296] SKRT
[12:17:32] [274/296] RMDV
[12:17:34] [275/296] RATG
[12:17:35] [276/296] SJYV
[12:17:36] [277/296] NDGP
[12:17:37] [278/296] SNDG
[12:17:38] [279/296] INSR
[12:17:39] [280/296] INSO
[12:17:40] [281/296] CCSI
[12:17:41] [282/296] RASM
[12:17:42] [283/296] NEWC
[12:17:42] [284/296] VSHL
[12:17:43] [285/296] BISW
[12:17:44] [286/296] GCNG
[12:17:45] [287/296] CWSC
[12:17:46] [288/296] SKAN
[12:17:47] [289/296] SEHP
[12:17:48] [290/296] CCOA
[12:17:49] [291/296] MCAJ
[12:17:50] [292/296] ACDE
[12:17:51] [293/296] AACM
[12:17:52] [294/296] JJCK
[12:17:53] [295/296] RCMO
[12:17:53] [296/296] GDAW
[12:17:54] 🧹 Deduping shows
[12:17:54] ✅ DONE | Shows=220 | Movies=20
[19:29:50] 🚀 SCRIPT STARTED
[19:29:50] [1/296] CDCA
[19:29:50] 🧠 New identity created
[19:29:51] [2/296] MNSR
[19:29:52] [3/296] CSSL
[19:29:53] [4/296] BGGM
[19:29:54] [5/296] MANT
[19:29:55] [6/296] SOOY
[19:29:56] [7/296] VPPK
[19:29:57] [8/296] MYHJ
[19:29:58] [9/296] KSCK
[19:29:59] [10/296] KATK
[19:30:00] [11/296] RTRT
[19:30:01] [12/296] SSTT
[19:30:01] [13/296] SSTV
[19:30:02] [14/296] LACM
[19:30:03] [15/296] SGMG
[19:30:04] [16/296] KACX
[19:30:04] [17/296] GVCP
[19:30:05] [18/296] CSNC
[19:30:06] [19/296] SXCB
[19:30:07] [20/296] BAHS
[19:30:08] [21/296] PCBI
[19:30:09] [22/296] PSSM
[19:30:10] [23/296] RCOK
[19:30:11] [24/296] SCPF
[19:30:12] [25/296] SSAS
[19:30:13] [26/296] EVMM
[19:30:13] [27/296] SYCB
[19:30:14] [28/296] GCKI
[19:30:15] [29/296] IAET
[19:30:16] [30/296] DDTD
[19:30:17] [31/296] GMDH
[19:30:17] [32/296] STLE
[19:30:19] [33/296] JTRA
[19:30:19] [34/296] RPPA
[19:30:20] [35/296] ARUT
[19:30:21] [36/296] JTVM
[19:30:22] [37/296] SWRH
[19:30:22] [38/296] DCPC
[19:30:23] [39/296] RAPR
[19:30:25] [40/296] GCRT
[19:30:26] [41/296] ATUN
[19:30:26] [42/296] LTRM
[19:30:28] [43/296] TASR
[19:30:29] [44/296] RLLC
[19:30:30] [45/296] MABI
[19:30:31] [46/296] SVHB
[19:30:32] [47/296] NVTB
[19:30:33] [48/296] KCKG
[19:30:34] [49/296] SSRN
[19:30:35] [50/296] VDDC
[19:30:36] [51/296] GKTK
[19:30:37] [52/296] YFSN
[19:30:38] [53/296] GCSG
[19:30:39] [54/296] ESSM
[19:30:40] [55/296] KRIH
[19:30:41] [56/296] GCDS
[19:30:41] [57/296] CCSH
[19:30:42] [58/296] ACSK
[19:30:43] [59/296] APRK
[19:30:44] [60/296] ADKM
[19:30:45] [61/296] SRDM
[19:30:46] [62/296] RMOG
[19:30:47] [63/296] SJMY
[19:30:48] [64/296] PGGC
[19:30:49] [65/296] INGM
[19:30:50] [66/296] LSCB
[19:30:50] [67/296] STAD
[19:30:51] [68/296] MCCR
[19:30:52] [69/296] ABCC
[19:30:53] [70/296] RKCC
[19:30:54] [71/296] RTCR
[19:30:56] [72/296] GGBC
[19:30:56] [73/296] GCSD
[19:30:57] [74/296] LPTY
[19:30:58] [75/296] MCFD
[19:30:59] [76/296] HENN
[19:31:00] [77/296] SMKU
[19:31:00] [78/296] TNZC
[19:31:01] [79/296] DRCD
[19:31:02] [80/296] DLCD
[19:31:03] [81/296] RCDA
[19:31:04] [82/296] COSM
[19:31:05] [83/296] MCMJ
[19:31:06] [84/296] CSTR
[19:31:07] [85/296] CVDK
[19:31:08] [86/296] INRR
[19:31:09] [87/296] RJRT
[19:31:10] [88/296] IRMR
[19:31:11] [89/296] SRCF
[19:31:12] [90/296] GRCR
[19:31:13] [91/296] SURC
[19:31:14] [92/296] NMNH
[19:31:15] [93/296] SVBL
[19:31:15] [94/296] KACI
[19:31:16] [95/296] TDGO
[19:31:17] [96/296] KTBR
[19:31:18] [97/296] PMAD
[19:31:18] [98/296] CCPN
[19:31:20] [99/296] SBTK
[19:31:21] [100/296] LMDK
[19:31:22] [101/296] PGDA
[19:31:23] [102/296] SRML
[19:31:25] [103/296] EVCK
[19:31:25] [104/296] RTTK
[19:31:26] [105/296] SRTU
[19:31:27] [106/296] VRSA
[19:31:28] [107/296] VARS
[19:31:29] [108/296] DSCZ
[19:31:30] [109/296] GAGA
[19:31:31] [110/296] SARV
[19:31:32] [111/296] SEEG
[19:31:33] [112/296] GLCA
[19:31:34] [113/296] APAS
[19:31:35] [114/296] VCIA
[19:31:36] [115/296] SJTA
[19:31:37] [116/296] SABM
[19:31:38] [117/296] PPAG
[19:31:39] [118/296] RVCA
[19:31:40] [119/296] CCIA
[19:31:41] [120/296] HTAG
[19:31:42] [121/296] SMBI
[19:31:42] [122/296] MCJR
[19:31:43] [123/296] CCJR
[19:31:45] [124/296] SINF
[19:31:45] [125/296] CPLX
[19:31:46] [126/296] KKTJ
[19:31:47] [127/296] GDBW
[19:31:48] [128/296] CSUB
[19:31:48] [129/296] DABA
[19:31:49] [130/296] TITR
[19:31:50] [131/296] NYCR
[19:31:51] [132/296] RTRY
[19:31:52] [133/296] JTJL
[19:31:53] [134/296] SJCP
[19:31:53] [135/296] KCCA
[19:31:55] [136/296] MLPG
[19:31:55] [137/296] VRCK
[19:31:56] [138/296] SRIN
[19:31:57] [139/296] CXMK
[19:31:58] [140/296] SKAD
[19:31:59] [141/296] AVTR
[19:32:00] [142/296] PTAJ
[19:32:01] [143/296] SCNK
[19:32:02] [144/296] STTI
[19:32:03] [145/296] KACR
[19:32:04] [146/296] SSDX
[19:32:04] [147/296] VRTJ
[19:32:05] [148/296] RAJD
[19:32:06] [149/296] SCIP
[19:32:07] [150/296] RJSL
[19:32:08] [151/296] ARRS
[19:32:09] [152/296] ASMS
[19:32:09] [153/296] RDTS
[19:32:10] [154/296] DVMY
[19:32:11] [155/296] RASA
[19:32:12] [156/296] INOM
[19:32:13] [157/296] SPRS
[19:32:14] [158/296] SGCS
[19:32:15] [159/296] SALM
[19:32:16] [160/296] PKHC
[19:32:17] [161/296] RCSV
[19:32:17] [162/296] CPKC
[19:32:18] [163/296] AACD
[19:32:19] [164/296] GGCV
[19:32:20] [165/296] SMKD
[19:32:21] [166/296] NBCH
[19:32:22] [167/296] AMCB
[19:32:23] [168/296] OPCN
[19:32:24] [169/296] DCIN
[19:32:25] [170/296] INGW
[19:32:26] [171/296] PKKW
[19:32:27] [172/296] FNGW
[19:32:28] [173/296] GCGD
[19:32:29] [174/296] MSTW
[19:32:29] [175/296] KCCG
[19:32:30] [176/296] MRSS
[19:32:32] [177/296] CLCF
[19:32:33] [178/296] EETS
[19:32:34] [179/296] AATR
[19:32:35] [180/296] CMMN
[19:32:36] [181/296] SCCJ
[19:32:36] [182/296] CDTK
[19:32:38] [183/296] AICP
[19:32:38] [184/296] FNBP
[19:32:39] [185/296] CBPB
[19:32:41] [186/296] CPAS
[19:32:42] [187/296] MAPM
[19:32:43] [188/296] PASD
[19:32:43] [189/296] JCMN
[19:32:45] [190/296] MALB
[19:32:45] [191/296] SACG
[19:32:46] [192/296] DDRX
[19:32:47] [193/296] DDXB
[19:32:48] [194/296] RAMC
[19:32:49] [195/296] SANC
[19:32:50] [196/296] BCBP
[19:32:51] [197/296] ALPC
[19:32:52] [198/296] RBAC
[19:32:53] [199/296] RAJL
[19:32:54] [200/296] MPDX
[19:32:55] [201/296] MUSC
[19:32:56] [202/296] VKMK
[19:32:56] [203/296] SKCG
[19:32:57] [204/296] ANCN
[19:32:58] [205/296] MMCJ
[19:32:59] [206/296] DCAK
[19:33:00] [207/296] SCKG
[19:33:00] [208/296] LMCK
[19:33:01] [209/296] CKKX
[19:33:02] [210/296] ANKU
[19:33:03] [211/296] CSMD
[19:33:05] [212/296] MKMP
[19:33:06] [213/296] SVBG
[19:33:07] [214/296] ROOP
[19:33:08] [215/296] GDMT
[19:33:09] [216/296] FPPF
[19:33:10] [217/296] SFUU
[19:33:11] [218/296] ANCB
[19:33:12] [219/296] SMMC
[19:33:13] [220/296] UGKT
[19:33:14] [221/296] JVRM
[19:33:15] [222/296] BATG
[19:33:16] [223/296] RATE
[19:33:17] [224/296] SKME
[19:33:18] [225/296] LMTP
[19:33:19] [226/296] TCBD
[19:33:20] [227/296] ESBD
[19:33:21] [228/296] GDCU
[19:33:22] [229/296] SNKT
[19:33:23] [230/296] SRNK
[19:33:23] [231/296] SMED
[19:33:25] [232/296] CSQS
[19:33:26] [233/296] ALCS
[19:33:27] [234/296] KCKN
[19:33:28] [235/296] VCCL
[19:33:28] [236/296] MCDA
[19:33:29] [237/296] SHMI
[19:33:30] [238/296] SKHA
[19:33:31] [239/296] SVFK
[19:33:32] [240/296] INVB
[19:33:32] [241/296] MELD
[19:33:33] [242/296] JTYS
[19:33:34] [243/296] INCM
[19:33:35] [244/296] MCDV
[19:33:35] [245/296] KSGK
[19:33:36] [246/296] ICMG
[19:33:37] [247/296] CSCV
[19:33:38] [248/296] STMD
[19:33:38] [249/296] STTR
[19:33:39] [250/296] INVC
[19:33:40] [251/296] JTBL
[19:33:41] [252/296] SRVV
[19:33:42] [253/296] MAVC
[19:33:42] [254/296] SRPP
[19:33:43] [255/296] JGDM
[19:33:44] [256/296] MBSJ
[19:33:45] [257/296] SSLL
[19:33:46] [258/296] SLKP
[19:33:47] [259/296] NSRV
[19:33:48] [260/296] UTDV
[19:33:49] [261/296] KICM
[19:33:49] [262/296] KCMD
[19:33:51] [263/296] TTPP
[19:33:51] [264/296] KMPV
[19:33:52] [265/296] SKTV
[19:33:53] [266/296] STCV
[19:33:54] [267/296] SRDA
[19:33:55] [268/296] JTSX
[19:33:55] [269/296] STBV
[19:33:56] [270/296] APVZ
[19:33:57] [271/296] GSTV
[19:33:58] [272/296] NMVS
[19:33:59] [273/296] SKRT
[19:34:00] [274/296] RMDV
[19:34:01] [275/296] RATG
[19:34:02] [276/296] SJYV
[19:34:03] [277/296] NDGP
[19:34:04] [278/296] SNDG
[19:34:04] [279/296] INSR
[19:34:05] [280/296] INSO
[19:34:06] [281/296] CCSI
[19:34:07] [282/296] RASM
[19:34:08] [283/296] NEWC
[19:34:09] [284/296] VSHL
[19:34:10] [285/296] BISW
[19:34:11] [286/296] GCNG
[19:34:12] [287/296] CWSC
[19:34:12] [288/296] SKAN
[19:34:13] [289/296] SEHP
[19:34:14] [290/296] CCOA
[19:34:15] [291/296] MCAJ
[19:34:16] [292/296] ACDE
[19:34:16] [293/296] AACM
[19:34:17] [294/296] JJCK
[19:34:18] [295/296] RCMO
[19:34:20] [296/296] GDAW
[19:34:21] 🧹 Deduping shows
[19:34:21] ✅ DONE | Shows=448 | Movies=31
[22:10:42] 🚀 SCRIPT STARTED
[22:10:42] [1/296] CDCA
[22:10:42] 🧠 New identity created
[22:10:43] 🔄 Identity reset
[22:10:43] ❌ CDCA | RuntimeError
[22:10:43] [2/296] MNSR
[22:10:43] 🧠 New identity created
[22:10:44] [3/296] CSSL
[22:10:45] [4/296] BGGM
[22:10:46] [5/296] MANT
[22:10:47] [6/296] SOOY
[22:10:48] [7/296] VPPK
[22:10:49] [8/296] MYHJ
[22:10:49] [9/296] KSCK
[22:10:50] [10/296] KATK
[22:10:52] [11/296] RTRT
[22:10:53] [12/296] SSTT
[22:10:54] [13/296] SSTV
[22:10:54] [14/296] LACM
[22:10:55] [15/296] SGMG
[22:10:56] [16/296] KACX
[22:10:57] [17/296] GVCP
[22:10:59] [18/296] CSNC
[22:10:59] [19/296] SXCB
[22:11:00] [20/296] BAHS
[22:11:01] [21/296] PCBI
[22:11:02] [22/296] PSSM
[22:11:03] [23/296] RCOK
[22:11:04] [24/296] SCPF
[22:11:05] [25/296] SSAS
[22:11:05] [26/296] EVMM
[22:11:06] [27/296] SYCB
[22:11:07] [28/296] GCKI
[22:11:08] [29/296] IAET
[22:11:09] [30/296] DDTD
[22:11:10] [31/296] GMDH
[22:11:11] [32/296] STLE
[22:11:11] [33/296] JTRA
[22:11:13] [34/296] RPPA
[22:11:14] [35/296] ARUT
[22:11:15] [36/296] JTVM
[22:11:16] [37/296] SWRH
[22:11:17] [38/296] DCPC
[22:11:18] [39/296] RAPR
[22:11:19] [40/296] GCRT
[22:11:20] [41/296] ATUN
[22:11:21] [42/296] LTRM
[22:11:22] [43/296] TASR
[22:11:23] [44/296] RLLC
[22:11:24] [45/296] MABI
[22:11:25] [46/296] SVHB
[22:11:26] [47/296] NVTB
[22:11:27] [48/296] KCKG
[22:11:28] [49/296] SSRN
[22:11:28] [50/296] VDDC
[22:11:29] [51/296] GKTK
[22:11:30] [52/296] YFSN
[22:11:31] [53/296] GCSG
[22:11:31] [54/296] ESSM
[22:11:32] [55/296] KRIH
[22:11:34] [56/296] GCDS
[22:11:35] [57/296] CCSH
[22:11:36] [58/296] ACSK
[22:11:37] [59/296] APRK
[22:11:37] [60/296] ADKM
[22:11:38] [61/296] SRDM
[22:11:39] [62/296] RMOG
[22:11:40] [63/296] SJMY
[22:11:41] [64/296] PGGC
[22:11:41] [65/296] INGM
[22:11:43] [66/296] LSCB
[22:11:44] [67/296] STAD
[22:11:44] [68/296] MCCR
[22:11:45] [69/296] ABCC
[22:11:46] [70/296] RKCC
[22:11:47] [71/296] RTCR
[22:11:48] [72/296] GGBC
[22:11:49] [73/296] GCSD
[22:11:50] [74/296] LPTY
[22:11:51] [75/296] MCFD
[22:11:52] [76/296] HENN
[22:11:53] [77/296] SMKU
[22:11:53] [78/296] TNZC
[22:11:54] [79/296] DRCD
[22:11:55] [80/296] DLCD
[22:11:56] [81/296] RCDA
[22:11:56] [82/296] COSM
[22:11:57] [83/296] MCMJ
[22:11:58] [84/296] CSTR
[22:11:59] [85/296] CVDK
[22:12:00] [86/296] INRR
[22:12:01] [87/296] RJRT
[22:12:02] [88/296] IRMR
[22:12:03] [89/296] SRCF
[22:12:04] [90/296] GRCR
[22:12:04] [91/296] SURC
[22:12:05] [92/296] NMNH
[22:12:06] [93/296] SVBL
[22:12:07] [94/296] KACI
[22:12:08] [95/296] TDGO
[22:12:09] [96/296] KTBR
[22:12:10] [97/296] PMAD
[22:12:11] [98/296] CCPN
[22:12:12] [99/296] SBTK
[22:12:12] [100/296] LMDK
[22:12:13] [101/296] PGDA
[22:12:14] [102/296] SRML
[22:12:15] [103/296] EVCK
[22:12:16] [104/296] RTTK
[22:12:17] [105/296] SRTU
[22:12:18] [106/296] VRSA
[22:12:19] [107/296] VARS
[22:12:20] [108/296] DSCZ
[22:12:21] [109/296] GAGA
[22:12:22] [110/296] SARV
[22:12:23] [111/296] SEEG
[22:12:24] [112/296] GLCA
[22:12:26] [113/296] APAS
[22:12:30] [114/296] VCIA
[22:12:37] [115/296] SJTA
[22:12:38] [116/296] SABM
[22:12:39] [117/296] PPAG
[22:12:40] [118/296] RVCA
[22:12:41] [119/296] CCIA
[22:12:42] [120/296] HTAG
[22:12:43] [121/296] SMBI
[22:12:43] [122/296] MCJR
[22:12:44] [123/296] CCJR
[22:12:45] [124/296] SINF
[22:12:45] [125/296] CPLX
[22:12:46] [126/296] KKTJ
[22:12:47] [127/296] GDBW
[22:12:48] [128/296] CSUB
[22:12:49] [129/296] DABA
[22:12:50] [130/296] TITR
[22:12:51] [131/296] NYCR
[22:12:52] [132/296] RTRY
[22:12:53] [133/296] JTJL
[22:12:53] [134/296] SJCP
[22:12:54] [135/296] KCCA
[22:12:55] [136/296] MLPG
[22:12:55] [137/296] VRCK
[22:12:56] [138/296] SRIN
[22:12:57] [139/296] CXMK
[22:12:59] [140/296] SKAD
[22:13:00] [141/296] AVTR
[22:13:01] [142/296] PTAJ
[22:13:02] [143/296] SCNK
[22:13:03] [144/296] STTI
[22:13:04] [145/296] KACR
[22:13:05] [146/296] SSDX
[22:13:06] [147/296] VRTJ
[22:13:07] [148/296] RAJD
[22:13:08] [149/296] SCIP
[22:13:08] [150/296] RJSL
[22:13:09] [151/296] ARRS
[22:13:10] [152/296] ASMS
[22:13:11] [153/296] RDTS
[22:13:12] [154/296] DVMY
[22:13:14] [155/296] RASA
[22:13:15] [156/296] INOM
[22:13:16] [157/296] SPRS
[22:13:17] [158/296] SGCS
[22:13:18] [159/296] SALM
[22:13:19] [160/296] PKHC
[22:13:19] [161/296] RCSV
[22:13:20] [162/296] CPKC
[22:13:21] [163/296] AACD
[22:13:22] [164/296] GGCV
[22:13:23] [165/296] SMKD
[22:13:24] [166/296] NBCH
[22:13:24] [167/296] AMCB
[22:13:25] [168/296] OPCN
[22:13:26] [169/296] DCIN
[22:13:27] [170/296] INGW
[22:13:28] [171/296] PKKW
[22:13:29] [172/296] FNGW
[22:13:29] [173/296] GCGD
[22:13:30] [174/296] MSTW
[22:13:31] [175/296] KCCG
[22:13:32] [176/296] MRSS
[22:13:33] [177/296] CLCF
[22:13:34] [178/296] EETS
[22:13:35] [179/296] AATR
[22:13:36] [180/296] CMMN
[22:13:37] [181/296] SCCJ
[22:13:38] [182/296] CDTK
[22:13:38] [183/296] AICP
[22:13:39] [184/296] FNBP
[22:13:40] [185/296] CBPB
[22:13:41] [186/296] CPAS
[22:13:42] [187/296] MAPM
[22:13:42] [188/296] PASD
[22:13:43] [189/296] JCMN
[22:13:45] [190/296] MALB
[22:13:45] [191/296] SACG
[22:13:46] [192/296] DDRX
[22:13:47] [193/296] DDXB
[22:13:48] [194/296] RAMC
[22:13:49] [195/296] SANC
[22:13:50] [196/296] BCBP
[22:13:51] [197/296] ALPC
[22:13:51] [198/296] RBAC
[22:13:52] [199/296] RAJL
[22:13:54] [200/296] MPDX
[22:13:55] [201/296] MUSC
[22:13:55] [202/296] VKMK
[22:13:56] [203/296] SKCG
[22:13:57] [204/296] ANCN
[22:13:58] [205/296] MMCJ
[22:13:58] [206/296] DCAK
[22:13:59] [207/296] SCKG
[22:14:00] [208/296] LMCK
[22:14:01] [209/296] CKKX
[22:14:02] [210/296] ANKU
[22:14:02] [211/296] CSMD
[22:14:03] [212/296] MKMP
[22:14:05] [213/296] SVBG
[22:14:05] [214/296] ROOP
[22:14:06] [215/296] GDMT
[22:14:07] [216/296] FPPF
[22:14:08] [217/296] SFUU
[22:14:09] [218/296] ANCB
[22:14:09] [219/296] SMMC
[22:14:10] [220/296] UGKT
[22:14:11] [221/296] JVRM
[22:14:12] [222/296] BATG
[22:14:13] [223/296] RATE
[22:14:14] [224/296] SKME
[22:14:15] [225/296] LMTP
[22:14:16] [226/296] TCBD
[22:14:17] [227/296] ESBD
[22:14:18] [228/296] GDCU
[22:14:19] [229/296] SNKT
[22:14:20] [230/296] SRNK
[22:14:20] [231/296] SMED
[22:14:21] [232/296] CSQS
[22:14:23] [233/296] ALCS
[22:14:24] [234/296] KCKN
[22:14:25] [235/296] VCCL
[22:14:25] [236/296] MCDA
[22:14:26] [237/296] SHMI
[22:14:27] [238/296] SKHA
[22:14:28] [239/296] SVFK
[22:14:28] [240/296] INVB
[22:14:30] [241/296] MELD
[22:14:31] [242/296] JTYS
[22:14:31] [243/296] INCM
[22:14:32] [244/296] MCDV
[22:14:33] [245/296] KSGK
[22:14:34] [246/296] ICMG
[22:14:35] [247/296] CSCV
[22:14:36] [248/296] STMD
[22:14:37] [249/296] STTR
[22:14:38] [250/296] INVC
[22:14:39] [251/296] JTBL
[22:14:39] [252/296] SRVV
[22:14:40] [253/296] MAVC
[22:14:41] [254/296] SRPP
[22:14:42] [255/296] JGDM
[22:14:43] [256/296] MBSJ
[22:14:44] [257/296] SSLL
[22:14:45] [258/296] SLKP
[22:14:45] [259/296] NSRV
[22:14:47] [260/296] UTDV
[22:14:48] [261/296] KICM
[22:14:49] [262/296] KCMD
[22:14:50] [263/296] TTPP
[22:14:51] [264/296] KMPV
[22:14:52] [265/296] SKTV
[22:14:53] [266/296] STCV
[22:14:54] [267/296] SRDA
[22:14:54] [268/296] JTSX
[22:14:55] [269/296] STBV
[22:14:56] [270/296] APVZ
[22:14:57] [271/296] GSTV
[22:14:58] [272/296] NMVS
[22:14:58] [273/296] SKRT
[22:14:59] [274/296] RMDV
[22:15:00] [275/296] RATG
[22:15:01] [276/296] SJYV
[22:15:02] [277/296] NDGP
[22:15:03] [278/296] SNDG
[22:15:04] [279/296] INSR
[22:15:05] [280/296] INSO
[22:15:05] [281/296] CCSI
[22:15:06] [282/296] RASM
[22:15:07] [283/296] NEWC
[22:15:08] [284/296] VSHL
[22:15:09] [285/296] BISW
[22:15:10] [286/296] GCNG
[22:15:11] [287/296] CWSC
[22:15:11] [288/296] SKAN
[22:15:12] [289/296] SEHP
[22:15:13] [290/296] CCOA
[22:15:14] [291/296] MCAJ
[22:15:15] [292/296] ACDE
[22:15:15] [293/296] AACM
[22:15:16] [294/296] JJCK
[22:15:17] [295/296] RCMO
[22:15:18] [296/296] GDAW
[22:15:18] 🧹 Deduping shows
[22:15:18] ✅ DONE | Shows=498 | Movies=32
[03:55:42] 🚀 SCRIPT STARTED
[03:55:42] [1/296] CDCA
[03:55:42] 🧠 New identity created
[03:55:42] 🔄 Identity reset
[03:55:42] ❌ CDCA | RuntimeError
[03:55:42] [2/296] MNSR
[03:55:42] 🧠 New identity created
[03:55:43] 🔄 Identity reset
[03:55:43] ❌ MNSR | RuntimeError
[03:55:43] [3/296] CSSL
[03:55:43] 🧠 New identity created
[03:55:43] 🔄 Identity reset
[03:55:43] ❌ CSSL | RuntimeError
[03:55:44] [4/296] BGGM
[03:55:44] 🧠 New identity created
[03:55:44] 🔄 Identity reset
[03:55:44] ❌ BGGM | RuntimeError
[03:55:44] [5/296] MANT
[03:55:44] 🧠 New identity created
[03:55:44] 🔄 Identity reset
[03:55:44] ❌ MANT | RuntimeError
[03:55:45] [6/296] SOOY
[03:55:45] 🧠 New identity created
[03:55:45] 🔄 Identity reset
[03:55:45] ❌ SOOY | RuntimeError
[03:55:46] [7/296] VPPK
[03:55:46] 🧠 New identity created
[03:55:46] 🔄 Identity reset
[03:55:46] ❌ VPPK | RuntimeError
[03:55:46] [8/296] MYHJ
[03:55:46] 🧠 New identity created
[03:55:47] 🔄 Identity reset
[03:55:47] ❌ MYHJ | RuntimeError
[03:55:47] [9/296] KSCK
[03:55:47] 🧠 New identity created
[03:55:47] 🔄 Identity reset
[03:55:47] ❌ KSCK | RuntimeError
[03:55:48] [10/296] KATK
[03:55:48] 🧠 New identity created
[03:55:48] 🔄 Identity reset
[03:55:48] ❌ KATK | RuntimeError
[03:55:49] [11/296] RTRT
[03:55:49] 🧠 New identity created
[03:55:49] 🔄 Identity reset
[03:55:49] ❌ RTRT | RuntimeError
[03:55:49] [12/296] SSTT
[03:55:49] 🧠 New identity created
[03:55:49] 🔄 Identity reset
[03:55:49] ❌ SSTT | RuntimeError
[03:55:50] [13/296] SSTV
[03:55:50] 🧠 New identity created
[03:55:50] 🔄 Identity reset
[03:55:50] ❌ SSTV | RuntimeError
[03:55:51] [14/296] LACM
[03:55:51] 🧠 New identity created
[03:55:51] 🔄 Identity reset
[03:55:51] ❌ LACM | RuntimeError
[03:55:51] [15/296] SGMG
[03:55:51] 🧠 New identity created
[03:55:51] 🔄 Identity reset
[03:55:51] ❌ SGMG | RuntimeError
[03:55:52] [16/296] KACX
[03:55:52] 🧠 New identity created
[03:55:52] 🔄 Identity reset
[03:55:52] ❌ KACX | RuntimeError
[03:55:53] [17/296] GVCP
[03:55:53] 🧠 New identity created
[03:55:53] 🔄 Identity reset
[03:55:53] ❌ GVCP | RuntimeError
[03:55:54] [18/296] CSNC
[03:55:54] 🧠 New identity created
[03:55:54] 🔄 Identity reset
[03:55:54] ❌ CSNC | RuntimeError
[03:55:54] [19/296] SXCB
[03:55:54] 🧠 New identity created
[03:55:55] 🔄 Identity reset
[03:55:55] ❌ SXCB | RuntimeError
[03:55:55] [20/296] BAHS
[03:55:55] 🧠 New identity created
[03:55:55] 🔄 Identity reset
[03:55:55] ❌ BAHS | RuntimeError
[03:55:56] [21/296] PCBI
[03:55:56] 🧠 New identity created
[03:55:56] 🔄 Identity reset
[03:55:56] ❌ PCBI | RuntimeError
[03:55:57] [22/296] PSSM
[03:55:57] 🧠 New identity created
[03:55:57] 🔄 Identity reset
[03:55:57] ❌ PSSM | RuntimeError
[03:55:57] [23/296] RCOK
[03:55:57] 🧠 New identity created
[03:55:57] 🔄 Identity reset
[03:55:57] ❌ RCOK | RuntimeError
[03:55:58] [24/296] SCPF
[03:55:58] 🧠 New identity created
[03:55:58] 🔄 Identity reset
[03:55:58] ❌ SCPF | RuntimeError
[03:55:59] [25/296] SSAS
[03:55:59] 🧠 New identity created
[03:55:59] 🔄 Identity reset
[03:55:59] ❌ SSAS | RuntimeError
[03:56:00] [26/296] EVMM
[03:56:00] 🧠 New identity created
[03:56:00] 🔄 Identity reset
[03:56:00] ❌ EVMM | RuntimeError
[03:56:00] [27/296] SYCB
[03:56:00] 🧠 New identity created
[03:56:00] 🔄 Identity reset
[03:56:00] ❌ SYCB | RuntimeError
[03:56:01] [28/296] GCKI
[03:56:01] 🧠 New identity created
[03:56:01] 🔄 Identity reset
[03:56:01] ❌ GCKI | RuntimeError
[03:56:02] [29/296] IAET
[03:56:02] 🧠 New identity created
[03:56:02] 🔄 Identity reset
[03:56:02] ❌ IAET | RuntimeError
[03:56:02] [30/296] DDTD
[03:56:02] 🧠 New identity created
[03:56:03] 🔄 Identity reset
[03:56:03] ❌ DDTD | RuntimeError
[03:56:03] [31/296] GMDH
[03:56:03] 🧠 New identity created
[03:56:03] 🔄 Identity reset
[03:56:03] ❌ GMDH | RuntimeError
[03:56:04] [32/296] STLE
[03:56:04] 🧠 New identity created
[03:56:04] 🔄 Identity reset
[03:56:04] ❌ STLE | RuntimeError
[03:56:04] [33/296] JTRA
[03:56:04] 🧠 New identity created
[03:56:05] 🔄 Identity reset
[03:56:05] ❌ JTRA | RuntimeError
[03:56:05] [34/296] RPPA
[03:56:05] 🧠 New identity created
[03:56:05] 🔄 Identity reset
[03:56:05] ❌ RPPA | RuntimeError
[03:56:06] [35/296] ARUT
[03:56:06] 🧠 New identity created
[03:56:06] 🔄 Identity reset
[03:56:06] ❌ ARUT | RuntimeError
[03:56:07] [36/296] JTVM
[03:56:07] 🧠 New identity created
[03:56:07] 🔄 Identity reset
[03:56:07] ❌ JTVM | RuntimeError
[03:56:07] [37/296] SWRH
[03:56:07] 🧠 New identity created
[03:56:07] 🔄 Identity reset
[03:56:07] ❌ SWRH | RuntimeError
[03:56:08] [38/296] DCPC
[03:56:08] 🧠 New identity created
[03:56:08] 🔄 Identity reset
[03:56:08] ❌ DCPC | RuntimeError
[03:56:09] [39/296] RAPR
[03:56:09] 🧠 New identity created
[03:56:09] 🔄 Identity reset
[03:56:09] ❌ RAPR | RuntimeError
[03:56:09] [40/296] GCRT
[03:56:09] 🧠 New identity created
[03:56:09] 🔄 Identity reset
[03:56:09] ❌ GCRT | RuntimeError
[03:56:10] [41/296] ATUN
[03:56:10] 🧠 New identity created
[03:56:10] 🔄 Identity reset
[03:56:10] ❌ ATUN | RuntimeError
[03:56:10] [42/296] LTRM
[03:56:10] 🧠 New identity created
[03:56:11] 🔄 Identity reset
[03:56:11] ❌ LTRM | RuntimeError
[03:56:11] [43/296] TASR
[03:56:11] 🧠 New identity created
[03:56:11] 🔄 Identity reset
[03:56:11] ❌ TASR | RuntimeError
[03:56:12] [44/296] RLLC
[03:56:12] 🧠 New identity created
[03:56:12] 🔄 Identity reset
[03:56:12] ❌ RLLC | RuntimeError
[03:56:12] [45/296] MABI
[03:56:12] 🧠 New identity created
[03:56:13] 🔄 Identity reset
[03:56:13] ❌ MABI | RuntimeError
[03:56:13] [46/296] SVHB
[03:56:13] 🧠 New identity created
[03:56:13] 🔄 Identity reset
[03:56:13] ❌ SVHB | RuntimeError
[03:56:14] [47/296] NVTB
[03:56:14] 🧠 New identity created
[03:56:14] 🔄 Identity reset
[03:56:14] ❌ NVTB | RuntimeError
[03:56:14] [48/296] KCKG
[03:56:15] 🧠 New identity created
[03:56:15] 🔄 Identity reset
[03:56:15] ❌ KCKG | RuntimeError
[03:56:15] [49/296] SSRN
[03:56:15] 🧠 New identity created
[03:56:15] 🔄 Identity reset
[03:56:15] ❌ SSRN | RuntimeError
[03:56:16] [50/296] VDDC
[03:56:16] 🧠 New identity created
[03:56:16] 🔄 Identity reset
[03:56:16] ❌ VDDC | RuntimeError
[03:56:16] [51/296] GKTK
[03:56:16] 🧠 New identity created
[03:56:17] 🔄 Identity reset
[03:56:17] ❌ GKTK | RuntimeError
[03:56:17] [52/296] YFSN
[03:56:17] 🧠 New identity created
[03:56:17] 🔄 Identity reset
[03:56:17] ❌ YFSN | RuntimeError
[03:56:18] [53/296] GCSG
[03:56:18] 🧠 New identity created
[03:56:18] 🔄 Identity reset
[03:56:18] ❌ GCSG | RuntimeError
[03:56:19] [54/296] ESSM
[03:56:19] 🧠 New identity created
[03:56:19] 🔄 Identity reset
[03:56:19] ❌ ESSM | RuntimeError
[03:56:20] [55/296] KRIH
[03:56:20] 🧠 New identity created
[03:56:20] 🔄 Identity reset
[03:56:20] ❌ KRIH | RuntimeError
[03:56:20] [56/296] GCDS
[03:56:20] 🧠 New identity created
[03:56:20] 🔄 Identity reset
[03:56:20] ❌ GCDS | RuntimeError
[03:56:21] [57/296] CCSH
[03:56:21] 🧠 New identity created
[03:56:21] 🔄 Identity reset
[03:56:21] ❌ CCSH | RuntimeError
[03:56:22] [58/296] ACSK
[03:56:22] 🧠 New identity created
[03:56:22] 🔄 Identity reset
[03:56:22] ❌ ACSK | RuntimeError
[03:56:22] [59/296] APRK
[03:56:22] 🧠 New identity created
[03:56:22] 🔄 Identity reset
[03:56:22] ❌ APRK | RuntimeError
[03:56:23] [60/296] ADKM
[03:56:23] 🧠 New identity created
[03:56:23] 🔄 Identity reset
[03:56:23] ❌ ADKM | RuntimeError
[03:56:24] [61/296] SRDM
[03:56:24] 🧠 New identity created
[03:56:24] 🔄 Identity reset
[03:56:24] ❌ SRDM | RuntimeError
[03:56:25] [62/296] RMOG
[03:56:25] 🧠 New identity created
[03:56:25] 🔄 Identity reset
[03:56:25] ❌ RMOG | RuntimeError
[03:56:25] [63/296] SJMY
[03:56:25] 🧠 New identity created
[03:56:25] 🔄 Identity reset
[03:56:25] ❌ SJMY | RuntimeError
[03:56:26] [64/296] PGGC
[03:56:26] 🧠 New identity created
[03:56:26] 🔄 Identity reset
[03:56:26] ❌ PGGC | RuntimeError
[03:56:27] [65/296] INGM
[03:56:27] 🧠 New identity created
[03:56:27] 🔄 Identity reset
[03:56:27] ❌ INGM | RuntimeError
[03:56:27] [66/296] LSCB
[03:56:27] 🧠 New identity created
[03:56:27] 🔄 Identity reset
[03:56:27] ❌ LSCB | RuntimeError
[03:56:28] [67/296] STAD
[03:56:28] 🧠 New identity created
[03:56:28] 🔄 Identity reset
[03:56:28] ❌ STAD | RuntimeError
[03:56:29] [68/296] MCCR
[03:56:29] 🧠 New identity created
[03:56:29] 🔄 Identity reset
[03:56:29] ❌ MCCR | RuntimeError
[03:56:29] [69/296] ABCC
[03:56:29] 🧠 New identity created
[03:56:30] 🔄 Identity reset
[03:56:30] ❌ ABCC | RuntimeError
[03:56:30] [70/296] RKCC
[03:56:30] 🧠 New identity created
[03:56:30] 🔄 Identity reset
[03:56:30] ❌ RKCC | RuntimeError
[03:56:31] [71/296] RTCR
[03:56:31] 🧠 New identity created
[03:56:31] 🔄 Identity reset
[03:56:31] ❌ RTCR | RuntimeError
[03:56:31] [72/296] GGBC
[03:56:31] 🧠 New identity created
[03:56:31] 🔄 Identity reset
[03:56:31] ❌ GGBC | RuntimeError
[03:56:32] [73/296] GCSD
[03:56:32] 🧠 New identity created
[03:56:32] 🔄 Identity reset
[03:56:32] ❌ GCSD | RuntimeError
[03:56:33] [74/296] LPTY
[03:56:33] 🧠 New identity created
[03:56:33] 🔄 Identity reset
[03:56:33] ❌ LPTY | RuntimeError
[03:56:34] [75/296] MCFD
[03:56:34] 🧠 New identity created
[03:56:34] 🔄 Identity reset
[03:56:34] ❌ MCFD | RuntimeError
[03:56:34] [76/296] HENN
[03:56:34] 🧠 New identity created
[03:56:35] 🔄 Identity reset
[03:56:35] ❌ HENN | RuntimeError
[03:56:35] [77/296] SMKU
[03:56:35] 🧠 New identity created
[03:56:35] 🔄 Identity reset
[03:56:35] ❌ SMKU | RuntimeError
[03:56:36] [78/296] TNZC
[03:56:36] 🧠 New identity created
[03:56:36] 🔄 Identity reset
[03:56:36] ❌ TNZC | RuntimeError
[03:56:37] [79/296] DRCD
[03:56:37] 🧠 New identity created
[03:56:37] 🔄 Identity reset
[03:56:37] ❌ DRCD | RuntimeError
[03:56:37] [80/296] DLCD
[03:56:37] 🧠 New identity created
[03:56:38] 🔄 Identity reset
[03:56:38] ❌ DLCD | RuntimeError
[03:56:38] [81/296] RCDA
[03:56:38] 🧠 New identity created
[03:56:38] 🔄 Identity reset
[03:56:38] ❌ RCDA | RuntimeError
[03:56:39] [82/296] COSM
[03:56:39] 🧠 New identity created
[03:56:39] 🔄 Identity reset
[03:56:39] ❌ COSM | RuntimeError
[03:56:40] [83/296] MCMJ
[03:56:40] 🧠 New identity created
[03:56:40] 🔄 Identity reset
[03:56:40] ❌ MCMJ | RuntimeError
[03:56:40] [84/296] CSTR
[03:56:40] 🧠 New identity created
[03:56:40] 🔄 Identity reset
[03:56:40] ❌ CSTR | RuntimeError
[03:56:41] [85/296] CVDK
[03:56:41] 🧠 New identity created
[03:56:41] 🔄 Identity reset
[03:56:41] ❌ CVDK | RuntimeError
[03:56:41] [86/296] INRR
[03:56:41] 🧠 New identity created
[03:56:42] 🔄 Identity reset
[03:56:42] ❌ INRR | RuntimeError
[03:56:42] [87/296] RJRT
[03:56:42] 🧠 New identity created
[03:56:42] 🔄 Identity reset
[03:56:42] ❌ RJRT | RuntimeError
[03:56:43] [88/296] IRMR
[03:56:43] 🧠 New identity created
[03:56:43] 🔄 Identity reset
[03:56:43] ❌ IRMR | RuntimeError
[03:56:43] [89/296] SRCF
[03:56:43] 🧠 New identity created
[03:56:44] 🔄 Identity reset
[03:56:44] ❌ SRCF | RuntimeError
[03:56:44] [90/296] GRCR
[03:56:44] 🧠 New identity created
[03:56:44] 🔄 Identity reset
[03:56:44] ❌ GRCR | RuntimeError
[03:56:45] [91/296] SURC
[03:56:45] 🧠 New identity created
[03:56:45] 🔄 Identity reset
[03:56:45] ❌ SURC | RuntimeError
[03:56:45] [92/296] NMNH
[03:56:45] 🧠 New identity created
[03:56:46] 🔄 Identity reset
[03:56:46] ❌ NMNH | RuntimeError
[03:56:46] [93/296] SVBL
[03:56:46] 🧠 New identity created
[03:56:46] 🔄 Identity reset
[03:56:46] ❌ SVBL | RuntimeError
[03:56:47] [94/296] KACI
[03:56:47] 🧠 New identity created
[03:56:47] 🔄 Identity reset
[03:56:47] ❌ KACI | RuntimeError
[03:56:48] [95/296] TDGO
[03:56:48] 🧠 New identity created
[03:56:48] 🔄 Identity reset
[03:56:48] ❌ TDGO | RuntimeError
[03:56:48] [96/296] KTBR
[03:56:48] 🧠 New identity created
[03:56:48] 🔄 Identity reset
[03:56:48] ❌ KTBR | RuntimeError
[03:56:49] [97/296] PMAD
[03:56:49] 🧠 New identity created
[03:56:49] 🔄 Identity reset
[03:56:49] ❌ PMAD | RuntimeError
[03:56:50] [98/296] CCPN
[03:56:50] 🧠 New identity created
[03:56:50] 🔄 Identity reset
[03:56:50] ❌ CCPN | RuntimeError
[03:56:50] [99/296] SBTK
[03:56:50] 🧠 New identity created
[03:56:50] 🔄 Identity reset
[03:56:50] ❌ SBTK | RuntimeError
[03:56:51] [100/296] LMDK
[03:56:51] 🧠 New identity created
[03:56:51] 🔄 Identity reset
[03:56:51] ❌ LMDK | RuntimeError
[03:56:52] [101/296] PGDA
[03:56:52] 🧠 New identity created
[03:56:52] 🔄 Identity reset
[03:56:52] ❌ PGDA | RuntimeError
[03:56:53] [102/296] SRML
[03:56:53] 🧠 New identity created
[03:56:53] 🔄 Identity reset
[03:56:53] ❌ SRML | RuntimeError
[03:56:53] [103/296] EVCK
[03:56:53] 🧠 New identity created
[03:56:54] 🔄 Identity reset
[03:56:54] ❌ EVCK | RuntimeError
[03:56:54] [104/296] RTTK
[03:56:54] 🧠 New identity created
[03:56:54] 🔄 Identity reset
[03:56:54] ❌ RTTK | RuntimeError
[03:56:55] [105/296] SRTU
[03:56:55] 🧠 New identity created
[03:56:55] 🔄 Identity reset
[03:56:55] ❌ SRTU | RuntimeError
[03:56:56] [106/296] VRSA
[03:56:56] 🧠 New identity created
[03:56:56] 🔄 Identity reset
[03:56:56] ❌ VRSA | RuntimeError
[03:56:56] [107/296] VARS
[03:56:56] 🧠 New identity created
[03:56:56] 🔄 Identity reset
[03:56:56] ❌ VARS | RuntimeError
[03:56:57] [108/296] DSCZ
[03:56:57] 🧠 New identity created
[03:56:57] 🔄 Identity reset
[03:56:57] ❌ DSCZ | RuntimeError
[03:56:58] [109/296] GAGA
[03:56:58] 🧠 New identity created
[03:56:58] 🔄 Identity reset
[03:56:58] ❌ GAGA | RuntimeError
[03:56:58] [110/296] SARV
[03:56:58] 🧠 New identity created
[03:56:59] 🔄 Identity reset
[03:56:59] ❌ SARV | RuntimeError
[03:56:59] [111/296] SEEG
[03:56:59] 🧠 New identity created
[03:56:59] 🔄 Identity reset
[03:56:59] ❌ SEEG | RuntimeError
[03:57:00] [112/296] GLCA
[03:57:00] 🧠 New identity created
[03:57:00] 🔄 Identity reset
[03:57:00] ❌ GLCA | RuntimeError
[03:57:00] [113/296] APAS
[03:57:00] 🧠 New identity created
[03:57:00] 🔄 Identity reset
[03:57:00] ❌ APAS | RuntimeError
[03:57:01] [114/296] VCIA
[03:57:01] 🧠 New identity created
[03:57:01] 🔄 Identity reset
[03:57:01] ❌ VCIA | RuntimeError
[03:57:02] [115/296] SJTA
[03:57:02] 🧠 New identity created
[03:57:02] 🔄 Identity reset
[03:57:02] ❌ SJTA | RuntimeError
[03:57:02] [116/296] SABM
[03:57:02] 🧠 New identity created
[03:57:02] 🔄 Identity reset
[03:57:02] ❌ SABM | RuntimeError
[03:57:03] [117/296] PPAG
[03:57:03] 🧠 New identity created
[03:57:03] 🔄 Identity reset
[03:57:03] ❌ PPAG | RuntimeError
[03:57:04] [118/296] RVCA
[03:57:04] 🧠 New identity created
[03:57:04] 🔄 Identity reset
[03:57:04] ❌ RVCA | RuntimeError
[03:57:04] [119/296] CCIA
[03:57:04] 🧠 New identity created
[03:57:04] 🔄 Identity reset
[03:57:04] ❌ CCIA | RuntimeError
[03:57:05] [120/296] HTAG
[03:57:05] 🧠 New identity created
[03:57:05] 🔄 Identity reset
[03:57:05] ❌ HTAG | RuntimeError
[03:57:05] [121/296] SMBI
[03:57:05] 🧠 New identity created
[03:57:06] 🔄 Identity reset
[03:57:06] ❌ SMBI | RuntimeError
[03:57:06] [122/296] MCJR
[03:57:06] 🧠 New identity created
[03:57:06] 🔄 Identity reset
[03:57:06] ❌ MCJR | RuntimeError
[03:57:07] [123/296] CCJR
[03:57:07] 🧠 New identity created
[03:57:07] 🔄 Identity reset
[03:57:07] ❌ CCJR | RuntimeError
[03:57:07] [124/296] SINF
[03:57:07] 🧠 New identity created
[03:57:07] 🔄 Identity reset
[03:57:07] ❌ SINF | RuntimeError
[03:57:08] [125/296] CPLX
[03:57:08] 🧠 New identity created
[03:57:08] 🔄 Identity reset
[03:57:08] ❌ CPLX | RuntimeError
[03:57:09] [126/296] KKTJ
[03:57:09] 🧠 New identity created
[03:57:09] 🔄 Identity reset
[03:57:09] ❌ KKTJ | RuntimeError
[03:57:09] [127/296] GDBW
[03:57:09] 🧠 New identity created
[03:57:10] 🔄 Identity reset
[03:57:10] ❌ GDBW | RuntimeError
[03:57:10] [128/296] CSUB
[03:57:10] 🧠 New identity created
[03:57:10] 🔄 Identity reset
[03:57:10] ❌ CSUB | RuntimeError
[03:57:11] [129/296] DABA
[03:57:11] 🧠 New identity created
[03:57:11] 🔄 Identity reset
[03:57:11] ❌ DABA | RuntimeError
[03:57:12] [130/296] TITR
[03:57:12] 🧠 New identity created
[03:57:12] 🔄 Identity reset
[03:57:12] ❌ TITR | RuntimeError
[03:57:12] [131/296] NYCR
[03:57:12] 🧠 New identity created
[03:57:12] 🔄 Identity reset
[03:57:12] ❌ NYCR | RuntimeError
[03:57:13] [132/296] RTRY
[03:57:13] 🧠 New identity created
[03:57:13] 🔄 Identity reset
[03:57:13] ❌ RTRY | RuntimeError
[03:57:14] [133/296] JTJL
[03:57:14] 🧠 New identity created
[03:57:14] 🔄 Identity reset
[03:57:14] ❌ JTJL | RuntimeError
[03:57:14] [134/296] SJCP
[03:57:14] 🧠 New identity created
[03:57:14] 🔄 Identity reset
[03:57:14] ❌ SJCP | RuntimeError
[03:57:15] [135/296] KCCA
[03:57:15] 🧠 New identity created
[03:57:15] 🔄 Identity reset
[03:57:15] ❌ KCCA | RuntimeError
[03:57:16] [136/296] MLPG
[03:57:16] 🧠 New identity created
[03:57:16] 🔄 Identity reset
[03:57:16] ❌ MLPG | RuntimeError
[03:57:17] [137/296] VRCK
[03:57:17] 🧠 New identity created
[03:57:17] 🔄 Identity reset
[03:57:17] ❌ VRCK | RuntimeError
[03:57:17] [138/296] SRIN
[03:57:17] 🧠 New identity created
[03:57:17] 🔄 Identity reset
[03:57:17] ❌ SRIN | RuntimeError
[03:57:18] [139/296] CXMK
[03:57:18] 🧠 New identity created
[03:57:18] 🔄 Identity reset
[03:57:18] ❌ CXMK | RuntimeError
[03:57:18] [140/296] SKAD
[03:57:18] 🧠 New identity created
[03:57:19] 🔄 Identity reset
[03:57:19] ❌ SKAD | RuntimeError
[03:57:19] [141/296] AVTR
[03:57:19] 🧠 New identity created
[03:57:19] 🔄 Identity reset
[03:57:19] ❌ AVTR | RuntimeError
[03:57:20] [142/296] PTAJ
[03:57:20] 🧠 New identity created
[03:57:20] 🔄 Identity reset
[03:57:20] ❌ PTAJ | RuntimeError
[03:57:21] [143/296] SCNK
[03:57:21] 🧠 New identity created
[03:57:21] 🔄 Identity reset
[03:57:21] ❌ SCNK | RuntimeError
[03:57:21] [144/296] STTI
[03:57:21] 🧠 New identity created
[03:57:22] 🔄 Identity reset
[03:57:22] ❌ STTI | RuntimeError
[03:57:22] [145/296] KACR
[03:57:22] 🧠 New identity created
[03:57:22] 🔄 Identity reset
[03:57:22] ❌ KACR | RuntimeError
[03:57:23] [146/296] SSDX
[03:57:23] 🧠 New identity created
[03:57:23] 🔄 Identity reset
[03:57:23] ❌ SSDX | RuntimeError
[03:57:23] [147/296] VRTJ
[03:57:23] 🧠 New identity created
[03:57:23] 🔄 Identity reset
[03:57:23] ❌ VRTJ | RuntimeError
[03:57:24] [148/296] RAJD
[03:57:24] 🧠 New identity created
[03:57:24] 🔄 Identity reset
[03:57:24] ❌ RAJD | RuntimeError
[03:57:25] [149/296] SCIP
[03:57:25] 🧠 New identity created
[03:57:25] 🔄 Identity reset
[03:57:25] ❌ SCIP | RuntimeError
[03:57:25] [150/296] RJSL
[03:57:25] 🧠 New identity created
[03:57:25] 🔄 Identity reset
[03:57:25] ❌ RJSL | RuntimeError
[03:57:26] [151/296] ARRS
[03:57:26] 🧠 New identity created
[03:57:26] 🔄 Identity reset
[03:57:26] ❌ ARRS | RuntimeError
[03:57:26] [152/296] ASMS
[03:57:26] 🧠 New identity created
[03:57:26] 🔄 Identity reset
[03:57:26] ❌ ASMS | RuntimeError
[03:57:27] [153/296] RDTS
[03:57:27] 🧠 New identity created
[03:57:27] 🔄 Identity reset
[03:57:27] ❌ RDTS | RuntimeError
[03:57:27] [154/296] DVMY
[03:57:28] 🧠 New identity created
[03:57:28] 🔄 Identity reset
[03:57:28] ❌ DVMY | RuntimeError
[03:57:28] [155/296] RASA
[03:57:28] 🧠 New identity created
[03:57:28] 🔄 Identity reset
[03:57:28] ❌ RASA | RuntimeError
[03:57:29] [156/296] INOM
[03:57:29] 🧠 New identity created
[03:57:29] 🔄 Identity reset
[03:57:29] ❌ INOM | RuntimeError
[03:57:30] [157/296] SPRS
[03:57:30] 🧠 New identity created
[03:57:30] 🔄 Identity reset
[03:57:30] ❌ SPRS | RuntimeError
[03:57:30] [158/296] SGCS
[03:57:30] 🧠 New identity created
[03:57:31] 🔄 Identity reset
[03:57:31] ❌ SGCS | RuntimeError
[03:57:31] [159/296] SALM
[03:57:31] 🧠 New identity created
[03:57:31] 🔄 Identity reset
[03:57:31] ❌ SALM | RuntimeError
[03:57:32] [160/296] PKHC
[03:57:32] 🧠 New identity created
[03:57:32] 🔄 Identity reset
[03:57:32] ❌ PKHC | RuntimeError
[03:57:33] [161/296] RCSV
[03:57:33] 🧠 New identity created
[03:57:33] 🔄 Identity reset
[03:57:33] ❌ RCSV | RuntimeError
[03:57:33] [162/296] CPKC
[03:57:33] 🧠 New identity created
[03:57:34] 🔄 Identity reset
[03:57:34] ❌ CPKC | RuntimeError
[03:57:34] [163/296] AACD
[03:57:34] 🧠 New identity created
[03:57:34] 🔄 Identity reset
[03:57:34] ❌ AACD | RuntimeError
[03:57:35] [164/296] GGCV
[03:57:35] 🧠 New identity created
[03:57:35] 🔄 Identity reset
[03:57:35] ❌ GGCV | RuntimeError
[03:57:35] [165/296] SMKD
[03:57:35] 🧠 New identity created
[03:57:35] 🔄 Identity reset
[03:57:35] ❌ SMKD | RuntimeError
[03:57:36] [166/296] NBCH
[03:57:36] 🧠 New identity created
[03:57:36] 🔄 Identity reset
[03:57:36] ❌ NBCH | RuntimeError
[03:57:37] [167/296] AMCB
[03:57:37] 🧠 New identity created
[03:57:37] 🔄 Identity reset
[03:57:37] ❌ AMCB | RuntimeError
[03:57:37] [168/296] OPCN
[03:57:37] 🧠 New identity created
[03:57:37] 🔄 Identity reset
[03:57:37] ❌ OPCN | RuntimeError
[03:57:38] [169/296] DCIN
[03:57:38] 🧠 New identity created
[03:57:38] 🔄 Identity reset
[03:57:38] ❌ DCIN | RuntimeError
[03:57:39] [170/296] INGW
[03:57:39] 🧠 New identity created
[03:57:39] 🔄 Identity reset
[03:57:39] ❌ INGW | RuntimeError
[03:57:39] [171/296] PKKW
[03:57:39] 🧠 New identity created
[03:57:40] 🔄 Identity reset
[03:57:40] ❌ PKKW | RuntimeError
[03:57:40] [172/296] FNGW
[03:57:40] 🧠 New identity created
[03:57:40] 🔄 Identity reset
[03:57:40] ❌ FNGW | RuntimeError
[03:57:41] [173/296] GCGD
[03:57:41] 🧠 New identity created
[03:57:41] 🔄 Identity reset
[03:57:41] ❌ GCGD | RuntimeError
[03:57:42] [174/296] MSTW
[03:57:42] 🧠 New identity created
[03:57:42] 🔄 Identity reset
[03:57:42] ❌ MSTW | RuntimeError
[03:57:43] [175/296] KCCG
[03:57:43] 🧠 New identity created
[03:57:43] 🔄 Identity reset
[03:57:43] ❌ KCCG | RuntimeError
[03:57:43] [176/296] MRSS
[03:57:43] 🧠 New identity created
[03:57:43] 🔄 Identity reset
[03:57:43] ❌ MRSS | RuntimeError
[03:57:44] [177/296] CLCF
[03:57:44] 🧠 New identity created
[03:57:44] 🔄 Identity reset
[03:57:44] ❌ CLCF | RuntimeError
[03:57:44] [178/296] EETS
[03:57:44] 🧠 New identity created
[03:57:45] 🔄 Identity reset
[03:57:45] ❌ EETS | RuntimeError
[03:57:45] [179/296] AATR
[03:57:45] 🧠 New identity created
[03:57:45] 🔄 Identity reset
[03:57:45] ❌ AATR | RuntimeError
[03:57:46] [180/296] CMMN
[03:57:46] 🧠 New identity created
[03:57:46] 🔄 Identity reset
[03:57:46] ❌ CMMN | RuntimeError
[03:57:46] [181/296] SCCJ
[03:57:46] 🧠 New identity created
[03:57:46] 🔄 Identity reset
[03:57:46] ❌ SCCJ | RuntimeError
[03:57:47] [182/296] CDTK
[03:57:47] 🧠 New identity created
[03:57:47] 🔄 Identity reset
[03:57:47] ❌ CDTK | RuntimeError
[03:57:48] [183/296] AICP
[03:57:48] 🧠 New identity created
[03:57:48] 🔄 Identity reset
[03:57:48] ❌ AICP | RuntimeError
[03:57:49] [184/296] FNBP
[03:57:49] 🧠 New identity created
[03:57:49] 🔄 Identity reset
[03:57:49] ❌ FNBP | RuntimeError
[03:57:49] [185/296] CBPB
[03:57:49] 🧠 New identity created
[03:57:49] 🔄 Identity reset
[03:57:49] ❌ CBPB | RuntimeError
[03:57:50] [186/296] CPAS
[03:57:50] 🧠 New identity created
[03:57:50] 🔄 Identity reset
[03:57:50] ❌ CPAS | RuntimeError
[03:57:50] [187/296] MAPM
[03:57:51] 🧠 New identity created
[03:57:51] 🔄 Identity reset
[03:57:51] ❌ MAPM | RuntimeError
[03:57:51] [188/296] PASD
[03:57:51] 🧠 New identity created
[03:57:51] 🔄 Identity reset
[03:57:51] ❌ PASD | RuntimeError
[03:57:52] [189/296] JCMN
[03:57:52] 🧠 New identity created
[03:57:52] 🔄 Identity reset
[03:57:52] ❌ JCMN | RuntimeError
[03:57:52] [190/296] MALB
[03:57:52] 🧠 New identity created
[03:57:52] 🔄 Identity reset
[03:57:52] ❌ MALB | RuntimeError
[03:57:53] [191/296] SACG
[03:57:53] 🧠 New identity created
[03:57:53] 🔄 Identity reset
[03:57:53] ❌ SACG | RuntimeError
[03:57:54] [192/296] DDRX
[03:57:54] 🧠 New identity created
[03:57:54] 🔄 Identity reset
[03:57:54] ❌ DDRX | RuntimeError
[03:57:54] [193/296] DDXB
[03:57:54] 🧠 New identity created
[03:57:54] 🔄 Identity reset
[03:57:54] ❌ DDXB | RuntimeError
[03:57:55] [194/296] RAMC
[03:57:55] 🧠 New identity created
[03:57:55] 🔄 Identity reset
[03:57:55] ❌ RAMC | RuntimeError
[03:57:56] [195/296] SANC
[03:57:56] 🧠 New identity created
[03:57:56] 🔄 Identity reset
[03:57:56] ❌ SANC | RuntimeError
[03:57:56] [196/296] BCBP
[03:57:56] 🧠 New identity created
[03:57:56] 🔄 Identity reset
[03:57:56] ❌ BCBP | RuntimeError
[03:57:57] [197/296] ALPC
[03:57:57] 🧠 New identity created
[03:57:57] 🔄 Identity reset
[03:57:57] ❌ ALPC | RuntimeError
[03:57:58] [198/296] RBAC
[03:57:58] 🧠 New identity created
[03:57:58] 🔄 Identity reset
[03:57:58] ❌ RBAC | RuntimeError
[03:57:58] [199/296] RAJL
[03:57:58] 🧠 New identity created
[03:57:58] 🔄 Identity reset
[03:57:58] ❌ RAJL | RuntimeError
[03:57:59] [200/296] MPDX
[03:57:59] 🧠 New identity created
[03:57:59] 🔄 Identity reset
[03:57:59] ❌ MPDX | RuntimeError
[03:58:00] [201/296] MUSC
[03:58:00] 🧠 New identity created
[03:58:00] 🔄 Identity reset
[03:58:00] ❌ MUSC | RuntimeError
[03:58:01] [202/296] VKMK
[03:58:01] 🧠 New identity created
[03:58:01] 🔄 Identity reset
[03:58:01] ❌ VKMK | RuntimeError
[03:58:01] [203/296] SKCG
[03:58:01] 🧠 New identity created
[03:58:01] 🔄 Identity reset
[03:58:01] ❌ SKCG | RuntimeError
[03:58:02] [204/296] ANCN
[03:58:02] 🧠 New identity created
[03:58:02] 🔄 Identity reset
[03:58:02] ❌ ANCN | RuntimeError
[03:58:03] [205/296] MMCJ
[03:58:03] 🧠 New identity created
[03:58:03] 🔄 Identity reset
[03:58:03] ❌ MMCJ | RuntimeError
[03:58:03] [206/296] DCAK
[03:58:03] 🧠 New identity created
[03:58:04] 🔄 Identity reset
[03:58:04] ❌ DCAK | RuntimeError
[03:58:04] [207/296] SCKG
[03:58:04] 🧠 New identity created
[03:58:04] 🔄 Identity reset
[03:58:04] ❌ SCKG | RuntimeError
[03:58:05] [208/296] LMCK
[03:58:05] 🧠 New identity created
[03:58:05] 🔄 Identity reset
[03:58:05] ❌ LMCK | RuntimeError
[03:58:05] [209/296] CKKX
[03:58:05] 🧠 New identity created
[03:58:06] 🔄 Identity reset
[03:58:06] ❌ CKKX | RuntimeError
[03:58:06] [210/296] ANKU
[03:58:06] 🧠 New identity created
[03:58:06] 🔄 Identity reset
[03:58:06] ❌ ANKU | RuntimeError
[03:58:07] [211/296] CSMD
[03:58:07] 🧠 New identity created
[03:58:07] 🔄 Identity reset
[03:58:07] ❌ CSMD | RuntimeError
[03:58:08] [212/296] MKMP
[03:58:08] 🧠 New identity created
[03:58:08] 🔄 Identity reset
[03:58:08] ❌ MKMP | RuntimeError
[03:58:09] [213/296] SVBG
[03:58:09] 🧠 New identity created
[03:58:09] 🔄 Identity reset
[03:58:09] ❌ SVBG | RuntimeError
[03:58:09] [214/296] ROOP
[03:58:09] 🧠 New identity created
[03:58:09] 🔄 Identity reset
[03:58:09] ❌ ROOP | RuntimeError
[03:58:10] [215/296] GDMT
[03:58:10] 🧠 New identity created
[03:58:10] 🔄 Identity reset
[03:58:10] ❌ GDMT | RuntimeError
[03:58:10] [216/296] FPPF
[03:58:10] 🧠 New identity created
[03:58:11] 🔄 Identity reset
[03:58:11] ❌ FPPF | RuntimeError
[03:58:11] [217/296] SFUU
[03:58:11] 🧠 New identity created
[03:58:11] 🔄 Identity reset
[03:58:11] ❌ SFUU | RuntimeError
[03:58:12] [218/296] ANCB
[03:58:12] 🧠 New identity created
[03:58:12] 🔄 Identity reset
[03:58:12] ❌ ANCB | RuntimeError
[03:58:12] [219/296] SMMC
[03:58:12] 🧠 New identity created
[03:58:13] 🔄 Identity reset
[03:58:13] ❌ SMMC | RuntimeError
[03:58:13] [220/296] UGKT
[03:58:13] 🧠 New identity created
[03:58:13] 🔄 Identity reset
[03:58:13] ❌ UGKT | RuntimeError
[03:58:14] [221/296] JVRM
[03:58:14] 🧠 New identity created
[03:58:14] 🔄 Identity reset
[03:58:14] ❌ JVRM | RuntimeError
[03:58:14] [222/296] BATG
[03:58:14] 🧠 New identity created
[03:58:14] 🔄 Identity reset
[03:58:14] ❌ BATG | RuntimeError
[03:58:15] [223/296] RATE
[03:58:15] 🧠 New identity created
[03:58:15] 🔄 Identity reset
[03:58:15] ❌ RATE | RuntimeError
[03:58:15] [224/296] SKME
[03:58:15] 🧠 New identity created
[03:58:15] 🔄 Identity reset
[03:58:15] ❌ SKME | RuntimeError
[03:58:16] [225/296] LMTP
[03:58:16] 🧠 New identity created
[03:58:16] 🔄 Identity reset
[03:58:16] ❌ LMTP | RuntimeError
[03:58:17] [226/296] TCBD
[03:58:17] 🧠 New identity created
[03:58:17] 🔄 Identity reset
[03:58:17] ❌ TCBD | RuntimeError
[03:58:17] [227/296] ESBD
[03:58:17] 🧠 New identity created
[03:58:17] 🔄 Identity reset
[03:58:17] ❌ ESBD | RuntimeError
[03:58:18] [228/296] GDCU
[03:58:18] 🧠 New identity created
[03:58:18] 🔄 Identity reset
[03:58:18] ❌ GDCU | RuntimeError
[03:58:19] [229/296] SNKT
[03:58:19] 🧠 New identity created
[03:58:19] 🔄 Identity reset
[03:58:19] ❌ SNKT | RuntimeError
[03:58:19] [230/296] SRNK
[03:58:19] 🧠 New identity created
[03:58:20] 🔄 Identity reset
[03:58:20] ❌ SRNK | RuntimeError
[03:58:20] [231/296] SMED
[03:58:20] 🧠 New identity created
[03:58:20] 🔄 Identity reset
[03:58:20] ❌ SMED | RuntimeError
[03:58:21] [232/296] CSQS
[03:58:21] 🧠 New identity created
[03:58:21] 🔄 Identity reset
[03:58:21] ❌ CSQS | RuntimeError
[03:58:21] [233/296] ALCS
[03:58:21] 🧠 New identity created
[03:58:21] 🔄 Identity reset
[03:58:21] ❌ ALCS | RuntimeError
[03:58:22] [234/296] KCKN
[03:58:22] 🧠 New identity created
[03:58:22] 🔄 Identity reset
[03:58:22] ❌ KCKN | RuntimeError
[03:58:23] [235/296] VCCL
[03:58:23] 🧠 New identity created
[03:58:23] 🔄 Identity reset
[03:58:23] ❌ VCCL | RuntimeError
[03:58:23] [236/296] MCDA
[03:58:23] 🧠 New identity created
[03:58:23] 🔄 Identity reset
[03:58:23] ❌ MCDA | RuntimeError
[03:58:24] [237/296] SHMI
[03:58:24] 🧠 New identity created
[03:58:24] 🔄 Identity reset
[03:58:24] ❌ SHMI | RuntimeError
[03:58:25] [238/296] SKHA
[03:58:25] 🧠 New identity created
[03:58:25] 🔄 Identity reset
[03:58:25] ❌ SKHA | RuntimeError
[03:58:25] [239/296] SVFK
[03:58:25] 🧠 New identity created
[03:58:26] 🔄 Identity reset
[03:58:26] ❌ SVFK | RuntimeError
[03:58:26] [240/296] INVB
[03:58:26] 🧠 New identity created
[03:58:26] 🔄 Identity reset
[03:58:26] ❌ INVB | RuntimeError
[03:58:27] [241/296] MELD
[03:58:27] 🧠 New identity created
[03:58:27] 🔄 Identity reset
[03:58:27] ❌ MELD | RuntimeError
[03:58:27] [242/296] JTYS
[03:58:27] 🧠 New identity created
[03:58:28] 🔄 Identity reset
[03:58:28] ❌ JTYS | RuntimeError
[03:58:28] [243/296] INCM
[03:58:28] 🧠 New identity created
[03:58:28] 🔄 Identity reset
[03:58:28] ❌ INCM | RuntimeError
[03:58:29] [244/296] MCDV
[03:58:29] 🧠 New identity created
[03:58:29] 🔄 Identity reset
[03:58:29] ❌ MCDV | RuntimeError
[03:58:29] [245/296] KSGK
[03:58:29] 🧠 New identity created
[03:58:30] 🔄 Identity reset
[03:58:30] ❌ KSGK | RuntimeError
[03:58:30] [246/296] ICMG
[03:58:30] 🧠 New identity created
[03:58:30] 🔄 Identity reset
[03:58:30] ❌ ICMG | RuntimeError
[03:58:31] [247/296] CSCV
[03:58:31] 🧠 New identity created
[03:58:31] 🔄 Identity reset
[03:58:31] ❌ CSCV | RuntimeError
[03:58:31] [248/296] STMD
[03:58:31] 🧠 New identity created
[03:58:31] 🔄 Identity reset
[03:58:31] ❌ STMD | RuntimeError
[03:58:32] [249/296] STTR
[03:58:32] 🧠 New identity created
[03:58:32] 🔄 Identity reset
[03:58:32] ❌ STTR | RuntimeError
[03:58:33] [250/296] INVC
[03:58:33] 🧠 New identity created
[03:58:33] 🔄 Identity reset
[03:58:33] ❌ INVC | RuntimeError
[03:58:34] [251/296] JTBL
[03:58:34] 🧠 New identity created
[03:58:34] 🔄 Identity reset
[03:58:34] ❌ JTBL | RuntimeError
[03:58:35] [252/296] SRVV
[03:58:35] 🧠 New identity created
[03:58:35] 🔄 Identity reset
[03:58:35] ❌ SRVV | RuntimeError
[03:58:35] [253/296] MAVC
[03:58:35] 🧠 New identity created
[03:58:35] 🔄 Identity reset
[03:58:35] ❌ MAVC | RuntimeError
[03:58:36] [254/296] SRPP
[03:58:36] 🧠 New identity created
[03:58:36] 🔄 Identity reset
[03:58:36] ❌ SRPP | RuntimeError
[03:58:36] [255/296] JGDM
[03:58:36] 🧠 New identity created
[03:58:37] 🔄 Identity reset
[03:58:37] ❌ JGDM | RuntimeError
[03:58:37] [256/296] MBSJ
[03:58:37] 🧠 New identity created
[03:58:37] 🔄 Identity reset
[03:58:37] ❌ MBSJ | RuntimeError
[03:58:38] [257/296] SSLL
[03:58:38] 🧠 New identity created
[03:58:38] 🔄 Identity reset
[03:58:38] ❌ SSLL | RuntimeError
[03:58:38] [258/296] SLKP
[03:58:39] 🧠 New identity created
[03:58:39] 🔄 Identity reset
[03:58:39] ❌ SLKP | RuntimeError
[03:58:39] [259/296] NSRV
[03:58:39] 🧠 New identity created
[03:58:39] 🔄 Identity reset
[03:58:39] ❌ NSRV | RuntimeError
[03:58:40] [260/296] UTDV
[03:58:40] 🧠 New identity created
[03:58:40] 🔄 Identity reset
[03:58:40] ❌ UTDV | RuntimeError
[03:58:40] [261/296] KICM
[03:58:40] 🧠 New identity created
[03:58:41] 🔄 Identity reset
[03:58:41] ❌ KICM | RuntimeError
[03:58:41] [262/296] KCMD
[03:58:41] 🧠 New identity created
[03:58:41] 🔄 Identity reset
[03:58:41] ❌ KCMD | RuntimeError
[03:58:42] [263/296] TTPP
[03:58:42] 🧠 New identity created
[03:58:42] 🔄 Identity reset
[03:58:42] ❌ TTPP | RuntimeError
[03:58:43] [264/296] KMPV
[03:58:43] 🧠 New identity created
[03:58:43] 🔄 Identity reset
[03:58:43] ❌ KMPV | RuntimeError
[03:58:43] [265/296] SKTV
[03:58:43] 🧠 New identity created
[03:58:43] 🔄 Identity reset
[03:58:43] ❌ SKTV | RuntimeError
[03:58:44] [266/296] STCV
[03:58:44] 🧠 New identity created
[03:58:44] 🔄 Identity reset
[03:58:44] ❌ STCV | RuntimeError
[03:58:45] [267/296] SRDA
[03:58:45] 🧠 New identity created
[03:58:45] 🔄 Identity reset
[03:58:45] ❌ SRDA | RuntimeError
[03:58:45] [268/296] JTSX
[03:58:45] 🧠 New identity created
[03:58:46] 🔄 Identity reset
[03:58:46] ❌ JTSX | RuntimeError
[03:58:46] [269/296] STBV
[03:58:46] 🧠 New identity created
[03:58:46] 🔄 Identity reset
[03:58:46] ❌ STBV | RuntimeError
[03:58:47] [270/296] APVZ
[03:58:47] 🧠 New identity created
[03:58:47] 🔄 Identity reset
[03:58:47] ❌ APVZ | RuntimeError
[03:58:48] [271/296] GSTV
[03:58:48] 🧠 New identity created
[03:58:48] 🔄 Identity reset
[03:58:48] ❌ GSTV | RuntimeError
[03:58:49] [272/296] NMVS
[03:58:49] 🧠 New identity created
[03:58:49] 🔄 Identity reset
[03:58:49] ❌ NMVS | RuntimeError
[03:58:49] [273/296] SKRT
[03:58:49] 🧠 New identity created
[03:58:50] 🔄 Identity reset
[03:58:50] ❌ SKRT | RuntimeError
[03:58:50] [274/296] RMDV
[03:58:50] 🧠 New identity created
[03:58:50] 🔄 Identity reset
[03:58:50] ❌ RMDV | RuntimeError
[03:58:51] [275/296] RATG
[03:58:51] 🧠 New identity created
[03:58:51] 🔄 Identity reset
[03:58:51] ❌ RATG | RuntimeError
[03:58:52] [276/296] SJYV
[03:58:52] 🧠 New identity created
[03:58:52] 🔄 Identity reset
[03:58:52] ❌ SJYV | RuntimeError
[03:58:52] [277/296] NDGP
[03:58:52] 🧠 New identity created
[03:58:52] 🔄 Identity reset
[03:58:52] ❌ NDGP | RuntimeError
[03:58:53] [278/296] SNDG
[03:58:53] 🧠 New identity created
[03:58:53] 🔄 Identity reset
[03:58:53] ❌ SNDG | RuntimeError
[03:58:53] [279/296] INSR
[03:58:53] 🧠 New identity created
[03:58:54] 🔄 Identity reset
[03:58:54] ❌ INSR | RuntimeError
[03:58:54] [280/296] INSO
[03:58:54] 🧠 New identity created
[03:58:54] 🔄 Identity reset
[03:58:54] ❌ INSO | RuntimeError
[03:58:55] [281/296] CCSI
[03:58:55] 🧠 New identity created
[03:58:55] 🔄 Identity reset
[03:58:55] ❌ CCSI | RuntimeError
[03:58:56] [282/296] RASM
[03:58:56] 🧠 New identity created
[03:58:56] 🔄 Identity reset
[03:58:56] ❌ RASM | RuntimeError
[03:58:56] [283/296] NEWC
[03:58:56] 🧠 New identity created
[03:58:56] 🔄 Identity reset
[03:58:56] ❌ NEWC | RuntimeError
[03:58:57] [284/296] VSHL
[03:58:57] 🧠 New identity created
[03:58:57] 🔄 Identity reset
[03:58:57] ❌ VSHL | RuntimeError
[03:58:58] [285/296] BISW
[03:58:58] 🧠 New identity created
[03:58:58] 🔄 Identity reset
[03:58:58] ❌ BISW | RuntimeError
[03:58:58] [286/296] GCNG
[03:58:58] 🧠 New identity created
[03:58:59] 🔄 Identity reset
[03:58:59] ❌ GCNG | RuntimeError
[03:58:59] [287/296] CWSC
[03:58:59] 🧠 New identity created
[03:58:59] 🔄 Identity reset
[03:58:59] ❌ CWSC | RuntimeError
[03:59:00] [288/296] SKAN
[03:59:00] 🧠 New identity created
[03:59:00] 🔄 Identity reset
[03:59:00] ❌ SKAN | RuntimeError
[03:59:00] [289/296] SEHP
[03:59:00] 🧠 New identity created
[03:59:01] 🔄 Identity reset
[03:59:01] ❌ SEHP | RuntimeError
[03:59:01] [290/296] CCOA
[03:59:01] 🧠 New identity created
[03:59:01] 🔄 Identity reset
[03:59:01] ❌ CCOA | RuntimeError
[03:59:02] [291/296] MCAJ
[03:59:02] 🧠 New identity created
[03:59:02] 🔄 Identity reset
[03:59:02] ❌ MCAJ | RuntimeError
[03:59:03] [292/296] ACDE
[03:59:03] 🧠 New identity created
[03:59:03] 🔄 Identity reset
[03:59:03] ❌ ACDE | RuntimeError
[03:59:03] [293/296] AACM
[03:59:03] 🧠 New identity created
[03:59:03] 🔄 Identity reset
[03:59:03] ❌ AACM | RuntimeError
[03:59:04] [294/296] JJCK
[03:59:04] 🧠 New identity created
[03:59:04] 🔄 Identity reset
[03:59:04] ❌ JJCK | RuntimeError
[03:59:05] [295/296] RCMO
[03:59:05] 🧠 New identity created
[03:59:05] 🔄 Identity reset
[03:59:05] ❌ RCMO | RuntimeError
[03:59:05] [296/296] GDAW
[03:59:05] 🧠 New identity created
[03:59:06] 🔄 Identity reset
[03:59:06] ❌ GDAW | RuntimeError
[03:59:06] 🧹 Deduping shows
[03:59:06] ✅ DONE | Shows=0 | Movies=0
