[10:12:36] 🚀 SCRIPT STARTED
[10:12:36] [1/326] BSAT
[10:12:36] 🧠 New identity created
[10:12:38] [2/326] RSSM
[10:12:39] [3/326] GCTA
[10:12:40] [4/326] TOPN
[10:12:41] [5/326] MCUS
[10:12:42] [6/326] SHRL
[10:12:42] [7/326] UPTP
[10:12:43] [8/326] TMMP
[10:12:44] [9/326] DNRP
[10:12:45] [10/326] SRLT
[10:12:46] [11/326] RCNS
[10:12:47] [12/326] DCBH
[10:12:48] [13/326] NAGJ
[10:12:49] [14/326] JVRC
[10:12:49] [15/326] KRJG
[10:12:50] [16/326] SRTJ
[10:12:51] [17/326] CMXM
[10:12:52] [18/326] STMI
[10:12:53] [19/326] SLST
[10:12:54] [20/326] DTCN
[10:12:55] [21/326] STYN
[10:12:56] [22/326] SZVR
[10:12:56] [23/326] SRKO
[10:12:57] [24/326] JTGT
[10:12:58] [25/326] SVFD
[10:12:59] [26/326] SISD
[10:13:00] [27/326] ABDD
[10:13:01] [28/326] DRCA
[10:13:01] [29/326] AVCS
[10:13:02] [30/326] MVKH
[10:13:03] [31/326] ACPR
[10:13:04] [32/326] STIP
[10:13:05] [33/326] MTRA
[10:13:06] [34/326] RMKH
[10:13:07] [35/326] NKRL
[10:13:08] [36/326] PCWN
[10:13:09] [37/326] BLMT
[10:13:10] [38/326] GDPG
[10:13:11] [39/326] SRMX
[10:13:11] [40/326] JACP
[10:13:12] [41/326] CPSH
[10:13:13] [42/326] MCCD
[10:13:14] [43/326] ECGH
[10:13:15] [44/326] MKCK
[10:13:15] [45/326] SRMM
[10:13:16] [46/326] SKYR
[10:13:18] [47/326] PCKC
[10:13:19] [48/326] JCMA
[10:13:20] [49/326] BSMP
[10:13:20] [50/326] VSPA
[10:13:21] [51/326] DJYA
[10:13:22] [52/326] DIMP
[10:13:24] [53/326] FXDR
[10:13:24] [54/326] SSRC
[10:13:26] [55/326] STHP
[10:13:26] [56/326] CPPD
[10:13:27] [57/326] FCLK
[10:13:28] [58/326] SCPP
[10:13:29] [59/326] DCMJ
[10:13:30] [60/326] RCCR
[10:13:31] [61/326] INMT
[10:13:31] [62/326] LXTK
[10:13:32] [63/326] SRYK
[10:13:33] [64/326] SGDK
[10:13:34] [65/326] PPKA
[10:13:35] [66/326] SPKA
[10:13:36] [67/326] CGHH
[10:13:37] [68/326] DCJN
[10:13:38] [69/326] SRKV
[10:13:39] [70/326] SAJC
[10:13:40] [71/326] SUSR
[10:13:41] [72/326] STYG
[10:13:42] [73/326] NTKP
[10:13:44] [74/326] AKTG
[10:13:44] [75/326] CGCM
[10:13:45] [76/326] TULC
[10:13:46] [77/326] NYYZ
[10:13:47] [78/326] NYBW
[10:13:48] [79/326] MACB
[10:13:48] [80/326] SLVT
[10:13:49] [81/326] SANA
[10:13:50] [82/326] ACMR
[10:13:51] [83/326] CPKN
[10:13:52] [84/326] DLGK
[10:13:53] [85/326] CWCK
[10:13:54] [86/326] FDDH
[10:13:55] [87/326] MMMD
[10:13:56] [88/326] CMEH
[10:13:57] [89/326] GGGV
[10:13:58] [90/326] SPJL
[10:13:59] [91/326] RCCD
[10:14:00] [92/326] STTZ
[10:14:01] [93/326] BTCF
[10:14:01] [94/326] TSTZ
[10:14:02] [95/326] IPMM
[10:14:03] [96/326] PMPW
[10:14:04] [97/326] PCMZ
[10:14:05] [98/326] ESEM
[10:14:06] [99/326] PIPO
[10:14:07] [100/326] MATK
[10:14:08] [101/326] PGHM
[10:14:09] [102/326] CTSR
[10:14:10] [103/326] CYKR
[10:14:11] [104/326] MSCM
[10:14:11] [105/326] RFNP
[10:14:12] [106/326] PDCP
[10:14:13] [107/326] NPSE
[10:14:15] [108/326] MKML
[10:14:15] [109/326] FTDP
[10:14:16] [110/326] MMXA
[10:14:17] [111/326] CEPO
[10:14:18] [112/326] CMVP
[10:14:19] [113/326] SGTH
[10:14:20] [114/326] SAYN
[10:14:21] [115/326] URVS
[10:14:22] [116/326] VJTN
[10:14:22] [117/326] BBYK
[10:14:23] [118/326] SHBO
[10:14:24] [119/326] VCMR
[10:14:25] [120/326] MACT
[10:14:26] [121/326] JMNP
[10:14:27] [122/326] VICS
[10:14:28] [123/326] VCDA
[10:14:28] [124/326] GCMM
[10:14:29] [125/326] INVS
[10:14:30] [126/326] SCGM
[10:14:32] [127/326] PCDA
[10:14:33] [128/326] KDCT
[10:14:35] [129/326] JACS
[10:14:36] [130/326] GMMC
[10:14:37] [131/326] AICM
[10:14:37] [132/326] TJCM
[10:14:38] [133/326] RMTI
[10:14:39] [134/326] SHAC
[10:14:40] [135/326] APJC
[10:14:41] [136/326] GCTG
[10:14:42] [137/326] SSMC
[10:14:43] [138/326] THRM
[10:14:44] [139/326] RBCT
[10:14:45] [140/326] DIKT
[10:14:45] [141/326] MIDL
[10:14:46] [142/326] VCSN
[10:14:47] [143/326] SKTG
[10:14:48] [144/326] SMWC
[10:14:49] [145/326] MNKH
[10:14:50] [146/326] PIAT
[10:14:51] [147/326] LTTP
[10:14:52] [148/326] PTPU
[10:14:53] [149/326] ACMG
[10:14:54] [150/326] SHMM
[10:14:55] [151/326] MCMN
[10:14:56] [152/326] GLDC
[10:14:57] [153/326] HOUT
[10:14:58] [154/326] SVRP
[10:14:58] [155/326] PVDN
[10:15:00] [156/326] SCPY
[10:15:01] [157/326] DTPY
[10:15:02] [158/326] GKCS
[10:15:03] [159/326] NCAM
[10:15:04] [160/326] BSRM
[10:15:05] [161/326] RCLC
[10:15:06] [162/326] SKKD
[10:15:06] [163/326] ACHU
[10:15:08] [164/326] RSCF
[10:15:09] [165/326] IMSH
[10:15:11] [166/326] MACX
[10:15:11] [167/326] HMMW
[10:15:13] [168/326] JTCP
[10:15:14] [169/326] SREN
[10:15:15] [170/326] PJRR
[10:15:16] [171/326] INAC
[10:15:16] [172/326] BMCA
[10:15:17] [173/326] SHCB
[10:15:18] [174/326] GABA
[10:15:19] [175/326] SBCT
[10:15:20] [176/326] GCMA
[10:15:21] [177/326] MYTK
[10:15:22] [178/326] INZS
[10:15:23] [179/326] RMIK
[10:15:23] [180/326] NYCH
[10:15:25] [181/326] RAVE
[10:15:26] [182/326] PSXM
[10:15:27] [183/326] MCGP
[10:15:27] [184/326] PDDK
[10:15:28] [185/326] SPCK
[10:15:29] [186/326] MCRL
[10:15:30] [187/326] MHKT
[10:15:31] [188/326] ANRR
[10:15:31] [189/326] SAPK
[10:15:32] [190/326] NCUK
[10:15:33] [191/326] JUGA
[10:15:34] [192/326] DBSC
[10:15:35] [193/326] LALK
[10:15:35] [194/326] GUCK
[10:15:36] [195/326] STSG
[10:15:37] [196/326] PPPZ
[10:15:39] [197/326] CNCY
[10:15:40] [198/326] MTAR
[10:15:40] [199/326] VNKD
[10:15:41] [200/326] KMAJ
[10:15:42] [201/326] ACXK
[10:15:43] [202/326] UTKC
[10:15:44] [203/326] PBLK
[10:15:44] [204/326] ACBX
[10:15:45] [205/326] PTGM
[10:15:46] [206/326] BTDA
[10:15:47] [207/326] PJMB
[10:15:48] [208/326] TPDA
[10:15:50] [209/326] AMOE
[10:15:51] [210/326] PRHT
[10:15:52] [211/326] PRTA
[10:15:53] [212/326] STAM
[10:15:54] [213/326] MSAA
[10:15:55] [214/326] SDLU
[10:15:55] [215/326] RCHH
[10:15:56] [216/326] KANT
[10:15:57] [217/326] FCRT
[10:15:59] [218/326] DNKM
[10:16:00] [219/326] RYCP
[10:16:01] [220/326] MYRP
[10:16:01] [221/326] PPAK
[10:16:02] [222/326] NVPK
[10:16:03] [223/326] PRMC
[10:16:04] [224/326] JBCS
[10:16:04] [225/326] GXCK
[10:16:06] [226/326] USKO
[10:16:07] [227/326] GTEM
[10:16:08] [228/326] SMBU
[10:16:09] [229/326] VETC
[10:16:10] [230/326] LCDA
[10:16:11] [231/326] MTVT
[10:16:12] [232/326] PYCP
[10:16:13] [233/326] PNSC
[10:16:14] [234/326] PPCC
[10:16:14] [235/326] TGRT
[10:16:15] [236/326] JYOT
[10:16:16] [237/326] SRCZ
[10:16:17] [238/326] SJTE
[10:16:18] [239/326] DESC
[10:16:18] [240/326] JHVN
[10:16:19] [241/326] IPSG
[10:16:20] [242/326] IPCM
[10:16:22] [243/326] PDRS
[10:16:23] [244/326] ANCV
[10:16:24] [245/326] CMVV
[10:16:24] [246/326] SHYP
[10:16:25] [247/326] DNCS
[10:16:27] [248/326] GAJK
[10:16:28] [249/326] AKTN
[10:16:28] [250/326] KAYA
[10:16:29] [251/326] SBRC
[10:16:30] [252/326] CHTP
[10:16:31] [253/326] SHRT
[10:16:33] [254/326] BCKU
[10:16:34] [255/326] FCPS
[10:16:35] [256/326] ARDD
[10:16:36] [257/326] CPCM
[10:16:37] [258/326] CGSM
[10:16:38] [259/326] PSMP
[10:16:39] [260/326] SDAL
[10:16:40] [261/326] RTNB
[10:16:41] [262/326] LMCR
[10:16:41] [263/326] CIMA
[10:16:42] [264/326] RNAS
[10:16:43] [265/326] LITH
[10:16:44] [266/326] PBOX
[10:16:45] [267/326] FRTS
[10:16:46] [268/326] RKIC
[10:16:47] [269/326] PTAI
[10:16:47] [270/326] GCIC
[10:16:48] [271/326] FNAS
[10:16:49] [272/326] SCAR
[10:16:50] [273/326] MTCA
[10:16:50] [274/326] SCTS
[10:16:51] [275/326] SYCS
[10:16:53] [276/326] RDMS
[10:16:54] [277/326] KAMP
[10:16:55] [278/326] ERSD
[10:16:56] [279/326] MJMJ
[10:16:57] [280/326] SRCJ
[10:16:58] [281/326] SCXE
[10:16:58] [282/326] SVFR
[10:16:59] [283/326] BHCS
[10:17:00] [284/326] IMCC
[10:17:01] [285/326] PCBO
[10:17:02] [286/326] PRVN
[10:17:03] [287/326] AUPM
[10:17:04] [288/326] INBW
[10:17:04] [289/326] SVCW
[10:17:05] [290/326] RKCF
[10:17:06] [291/326] UVBH
[10:17:07] [292/326] DNCY
[10:17:08] [293/326] ABCN
[10:17:09] [294/326] PRUR
[10:17:12] [295/326] PFMR
[10:17:13] [296/326] RKCN
[10:17:14] [297/326] CFEA
[10:17:15] [298/326] SDBG
[10:17:16] [299/326] SNAR
[10:17:16] [300/326] YISI
[10:17:17] [301/326] JCFF
[10:17:19] [302/326] VTRK
[10:17:20] [303/326] PCLZ
[10:17:21] [304/326] DIMY
[10:17:21] [305/326] BBTS
[10:17:22] [306/326] GATH
[10:17:23] [307/326] GTMN
[10:17:24] [308/326] VTMH
[10:17:25] [309/326] CCKP
[10:17:25] [310/326] GPKA
[10:17:26] [311/326] MHCL
[10:17:27] [312/326] ATCL
[10:17:28] [313/326] SBCK
[10:17:29] [314/326] AMMR
[10:17:30] [315/326] MADC
[10:17:31] [316/326] TMMA
[10:17:31] [317/326] CACC
[10:17:32] [318/326] CHAL
[10:17:33] [319/326] DURG
[10:17:34] [320/326] GMKU
[10:17:35] [321/326] GECA
[10:17:36] [322/326] KYRR
[10:17:37] [323/326] KSDE
[10:17:37] [324/326] LMCI
[10:17:38] [325/326] NKCP
[10:17:39] [326/326] BGTC
[10:17:40] 🧹 Deduping shows
[10:17:40] ✅ DONE | Shows=1 | Movies=1
[16:52:08] 🚀 SCRIPT STARTED
[16:52:08] [1/326] BSAT
[16:52:08] 🧠 New identity created
[16:52:09] [2/326] RSSM
[16:52:10] [3/326] GCTA
[16:52:11] [4/326] TOPN
[16:52:12] [5/326] MCUS
[16:52:13] [6/326] SHRL
[16:52:14] [7/326] UPTP
[16:52:15] [8/326] TMMP
[16:52:16] [9/326] DNRP
[16:52:16] [10/326] SRLT
[16:52:17] [11/326] RCNS
[16:52:18] [12/326] DCBH
[16:52:19] [13/326] NAGJ
[16:52:21] [14/326] JVRC
[16:52:23] [15/326] KRJG
[16:52:24] [16/326] SRTJ
[16:52:25] [17/326] CMXM
[16:52:26] [18/326] STMI
[16:52:27] [19/326] SLST
[16:52:28] [20/326] DTCN
[16:52:29] [21/326] STYN
[16:52:30] [22/326] SZVR
[16:52:31] [23/326] SRKO
[16:52:32] [24/326] JTGT
[16:52:33] [25/326] SVFD
[16:52:33] [26/326] SISD
[16:52:34] [27/326] ABDD
[16:52:35] [28/326] DRCA
[16:52:36] [29/326] AVCS
[16:52:37] [30/326] MVKH
[16:52:38] [31/326] ACPR
[16:52:39] [32/326] STIP
[16:52:40] [33/326] MTRA
[16:52:41] [34/326] RMKH
[16:52:42] [35/326] NKRL
[16:52:43] [36/326] PCWN
[16:52:44] [37/326] BLMT
[16:52:45] [38/326] GDPG
[16:52:46] [39/326] SRMX
[16:52:47] [40/326] JACP
[16:52:47] [41/326] CPSH
[16:52:48] [42/326] MCCD
[16:52:50] [43/326] ECGH
[16:52:51] [44/326] MKCK
[16:52:52] [45/326] SRMM
[16:52:52] [46/326] SKYR
[16:52:53] [47/326] PCKC
[16:52:54] [48/326] JCMA
[16:52:55] [49/326] BSMP
[16:52:55] [50/326] VSPA
[16:52:56] [51/326] DJYA
[16:52:57] [52/326] DIMP
[16:52:58] [53/326] FXDR
[16:52:59] [54/326] SSRC
[16:53:01] [55/326] STHP
[16:53:02] [56/326] CPPD
[16:53:03] [57/326] FCLK
[16:53:04] [58/326] SCPP
[16:53:05] [59/326] DCMJ
[16:53:06] [60/326] RCCR
[16:53:07] [61/326] INMT
[16:53:09] [62/326] LXTK
[16:53:10] [63/326] SRYK
[16:53:11] [64/326] SGDK
[16:53:11] [65/326] PPKA
[16:53:12] [66/326] SPKA
[16:53:14] [67/326] CGHH
[16:53:15] [68/326] DCJN
[16:53:15] [69/326] SRKV
[16:53:16] [70/326] SAJC
[16:53:17] [71/326] SUSR
[16:53:18] [72/326] STYG
[16:53:20] [73/326] NTKP
[16:53:21] [74/326] AKTG
[16:53:21] [75/326] CGCM
[16:53:22] [76/326] TULC
[16:53:23] [77/326] NYYZ
[16:53:24] [78/326] NYBW
[16:53:25] [79/326] MACB
[16:53:26] [80/326] SLVT
[16:53:27] [81/326] SANA
[16:53:30] [82/326] ACMR
[16:53:30] [83/326] CPKN
[16:53:32] [84/326] DLGK
[16:53:33] [85/326] CWCK
[16:53:34] [86/326] FDDH
[16:53:35] [87/326] MMMD
[16:53:35] [88/326] CMEH
[16:53:36] [89/326] GGGV
[16:53:37] [90/326] SPJL
[16:53:38] [91/326] RCCD
[16:53:39] [92/326] STTZ
[16:53:40] [93/326] BTCF
[16:53:41] [94/326] TSTZ
[16:53:42] [95/326] IPMM
[16:53:43] [96/326] PMPW
[16:53:44] [97/326] PCMZ
[16:53:44] [98/326] ESEM
[16:53:45] [99/326] PIPO
[16:53:46] [100/326] MATK
[16:53:47] [101/326] PGHM
[16:53:49] [102/326] CTSR
[16:53:50] [103/326] CYKR
[16:53:52] [104/326] MSCM
[16:53:52] [105/326] RFNP
[16:53:53] [106/326] PDCP
[16:53:54] [107/326] NPSE
[16:53:55] [108/326] MKML
[16:53:56] [109/326] FTDP
[16:53:57] [110/326] MMXA
[16:53:58] [111/326] CEPO
[16:54:00] [112/326] CMVP
[16:54:00] [113/326] SGTH
[16:54:02] [114/326] SAYN
[16:54:03] [115/326] URVS
[16:54:04] [116/326] VJTN
[16:54:05] [117/326] BBYK
[16:54:06] [118/326] SHBO
[16:54:08] [119/326] VCMR
[16:54:08] [120/326] MACT
[16:54:09] [121/326] JMNP
[16:54:10] [122/326] VICS
[16:54:11] [123/326] VCDA
[16:54:12] [124/326] GCMM
[16:54:13] [125/326] INVS
[16:54:13] [126/326] SCGM
[16:54:14] [127/326] PCDA
[16:54:15] [128/326] KDCT
[16:54:17] [129/326] JACS
[16:54:19] [130/326] GMMC
[16:54:19] [131/326] AICM
[16:54:20] [132/326] TJCM
[16:54:21] [133/326] RMTI
[16:54:22] [134/326] SHAC
[16:54:23] [135/326] APJC
[16:54:24] [136/326] GCTG
[16:54:25] [137/326] SSMC
[16:54:26] [138/326] THRM
[16:54:27] [139/326] RBCT
[16:54:28] [140/326] DIKT
[16:54:29] [141/326] MIDL
[16:54:30] [142/326] VCSN
[16:54:31] [143/326] SKTG
[16:54:32] [144/326] SMWC
[16:54:33] [145/326] MNKH
[16:54:34] [146/326] PIAT
[16:54:35] [147/326] LTTP
[16:54:36] [148/326] PTPU
[16:54:37] [149/326] ACMG
[16:54:39] [150/326] SHMM
[16:54:40] [151/326] MCMN
[16:54:41] [152/326] GLDC
[16:54:42] [153/326] HOUT
[16:54:43] [154/326] SVRP
[16:54:43] [155/326] PVDN
[16:54:44] [156/326] SCPY
[16:54:45] [157/326] DTPY
[16:54:46] [158/326] GKCS
[16:54:47] [159/326] NCAM
[16:54:48] [160/326] BSRM
[16:54:49] [161/326] RCLC
[16:54:50] [162/326] SKKD
[16:54:50] [163/326] ACHU
[16:54:51] [164/326] RSCF
[16:54:52] [165/326] IMSH
[16:54:53] [166/326] MACX
[16:54:54] [167/326] HMMW
[16:54:55] [168/326] JTCP
[16:54:56] [169/326] SREN
[16:54:57] [170/326] PJRR
[16:54:58] [171/326] INAC
[16:54:59] [172/326] BMCA
[16:54:59] [173/326] SHCB
[16:55:02] [174/326] GABA
[16:55:04] [175/326] SBCT
[16:55:05] [176/326] GCMA
[16:55:06] [177/326] MYTK
[16:55:06] [178/326] INZS
[16:55:07] [179/326] RMIK
[16:55:08] [180/326] NYCH
[16:55:09] [181/326] RAVE
[16:55:10] [182/326] PSXM
[16:55:10] [183/326] MCGP
[16:55:11] [184/326] PDDK
[16:55:12] [185/326] SPCK
[16:55:14] [186/326] MCRL
[16:55:15] [187/326] MHKT
[16:55:16] [188/326] ANRR
[16:55:18] [189/326] SAPK
[16:55:18] [190/326] NCUK
[16:55:19] [191/326] JUGA
[16:55:20] [192/326] DBSC
[16:55:21] [193/326] LALK
[16:55:22] [194/326] GUCK
[16:55:22] [195/326] STSG
[16:55:24] [196/326] PPPZ
[16:55:25] [197/326] CNCY
[16:55:25] [198/326] MTAR
[16:55:26] [199/326] VNKD
[16:55:28] [200/326] KMAJ
[16:55:29] [201/326] ACXK
[16:55:31] [202/326] UTKC
[16:55:32] [203/326] PBLK
[16:55:33] [204/326] ACBX
[16:55:33] [205/326] PTGM
[16:55:35] [206/326] BTDA
[16:55:36] [207/326] PJMB
[16:55:37] [208/326] TPDA
[16:55:38] [209/326] AMOE
[16:55:38] [210/326] PRHT
[16:55:39] [211/326] PRTA
[16:55:40] [212/326] STAM
[16:55:41] [213/326] MSAA
[16:55:42] [214/326] SDLU
[16:55:42] [215/326] RCHH
[16:55:43] [216/326] KANT
[16:55:44] [217/326] FCRT
[16:55:44] [218/326] DNKM
[16:55:45] [219/326] RYCP
[16:55:46] [220/326] MYRP
[16:55:47] [221/326] PPAK
[16:55:48] [222/326] NVPK
[16:55:49] [223/326] PRMC
[16:55:50] [224/326] JBCS
[16:55:51] [225/326] GXCK
[16:55:51] [226/326] USKO
[16:55:52] [227/326] GTEM
[16:55:53] [228/326] SMBU
[16:55:54] [229/326] VETC
[16:55:54] [230/326] LCDA
[16:55:55] [231/326] MTVT
[16:55:56] [232/326] PYCP
[16:55:57] [233/326] PNSC
[16:55:58] [234/326] PPCC
[16:55:59] [235/326] TGRT
[16:55:59] [236/326] JYOT
[16:56:01] [237/326] SRCZ
[16:56:02] [238/326] SJTE
[16:56:03] [239/326] DESC
[16:56:03] [240/326] JHVN
[16:56:04] [241/326] IPSG
[16:56:05] [242/326] IPCM
[16:56:06] [243/326] PDRS
[16:56:06] [244/326] ANCV
[16:56:07] [245/326] CMVV
[16:56:08] [246/326] SHYP
[16:56:09] [247/326] DNCS
[16:56:10] [248/326] GAJK
[16:56:11] [249/326] AKTN
[16:56:12] [250/326] KAYA
[16:56:13] [251/326] SBRC
[16:56:14] [252/326] CHTP
[16:56:16] [253/326] SHRT
[16:56:17] [254/326] BCKU
[16:56:19] [255/326] FCPS
[16:56:20] [256/326] ARDD
[16:56:21] [257/326] CPCM
[16:56:22] [258/326] CGSM
[16:56:23] [259/326] PSMP
[16:56:24] [260/326] SDAL
[16:56:25] [261/326] RTNB
[16:56:26] [262/326] LMCR
[16:56:26] [263/326] CIMA
[16:56:27] [264/326] RNAS
[16:56:28] [265/326] LITH
[16:56:29] [266/326] PBOX
[16:56:30] [267/326] FRTS
[16:56:31] [268/326] RKIC
[16:56:32] [269/326] PTAI
[16:56:33] [270/326] GCIC
[16:56:34] [271/326] FNAS
[16:56:35] [272/326] SCAR
[16:56:36] [273/326] MTCA
[16:56:37] [274/326] SCTS
[16:56:38] [275/326] SYCS
[16:56:38] [276/326] RDMS
[16:56:39] [277/326] KAMP
[16:56:40] [278/326] ERSD
[16:56:41] [279/326] MJMJ
[16:56:41] [280/326] SRCJ
[16:56:42] [281/326] SCXE
[16:56:43] [282/326] SVFR
[16:56:45] [283/326] BHCS
[16:56:46] [284/326] IMCC
[16:56:46] [285/326] PCBO
[16:56:47] [286/326] PRVN
[16:56:48] [287/326] AUPM
[16:56:49] [288/326] INBW
[16:56:50] [289/326] SVCW
[16:56:52] [290/326] RKCF
[16:56:53] [291/326] UVBH
[16:56:53] [292/326] DNCY
[16:56:55] [293/326] ABCN
[16:56:56] [294/326] PRUR
[16:56:57] [295/326] PFMR
[16:56:58] [296/326] RKCN
[16:56:59] [297/326] CFEA
[16:57:00] [298/326] SDBG
[16:57:00] [299/326] SNAR
[16:57:01] [300/326] YISI
[16:57:02] [301/326] JCFF
[16:57:03] [302/326] VTRK
[16:57:04] [303/326] PCLZ
[16:57:05] [304/326] DIMY
[16:57:05] [305/326] BBTS
[16:57:06] [306/326] GATH
[16:57:07] [307/326] GTMN
[16:57:08] [308/326] VTMH
[16:57:09] [309/326] CCKP
[16:57:10] [310/326] GPKA
[16:57:10] [311/326] MHCL
[16:57:11] [312/326] ATCL
[16:57:12] [313/326] SBCK
[16:57:13] [314/326] AMMR
[16:57:15] [315/326] MADC
[16:57:16] [316/326] TMMA
[16:57:17] [317/326] CACC
[16:57:18] [318/326] CHAL
[16:57:19] [319/326] DURG
[16:57:20] [320/326] GMKU
[16:57:21] [321/326] GECA
[16:57:22] [322/326] KYRR
[16:57:23] [323/326] KSDE
[16:57:24] [324/326] LMCI
[16:57:25] [325/326] NKCP
[16:57:26] [326/326] BGTC
[16:57:27] 🧹 Deduping shows
[16:57:27] ✅ DONE | Shows=22 | Movies=2
[04:54:41] 🚀 SCRIPT STARTED
[04:54:41] [1/326] BSAT
[04:54:41] 🧠 New identity created
[04:54:42] [2/326] RSSM
[04:54:42] [3/326] GCTA
[04:54:43] [4/326] TOPN
[04:54:44] [5/326] MCUS
[04:54:44] [6/326] SHRL
[04:54:45] [7/326] UPTP
[04:54:45] [8/326] TMMP
[04:54:46] [9/326] DNRP
[04:54:46] [10/326] SRLT
[04:54:47] [11/326] RCNS
[04:54:48] [12/326] DCBH
[04:54:48] [13/326] NAGJ
[04:54:49] [14/326] JVRC
[04:54:50] [15/326] KRJG
[04:54:51] [16/326] SRTJ
[04:54:51] [17/326] CMXM
[04:54:52] [18/326] STMI
[04:54:53] [19/326] SLST
[04:54:53] [20/326] DTCN
[04:54:54] [21/326] STYN
[04:54:54] [22/326] SZVR
[04:54:55] [23/326] SRKO
[04:54:56] [24/326] JTGT
[04:54:56] [25/326] SVFD
[04:54:57] [26/326] SISD
[04:54:58] [27/326] ABDD
[04:54:58] [28/326] DRCA
[04:54:59] [29/326] AVCS
[04:54:59] [30/326] MVKH
[04:55:00] [31/326] ACPR
[04:55:00] [32/326] STIP
[04:55:01] [33/326] MTRA
[04:55:02] [34/326] RMKH
[04:55:02] [35/326] NKRL
[04:55:03] [36/326] PCWN
[04:55:04] [37/326] BLMT
[04:55:04] [38/326] GDPG
[04:55:05] [39/326] SRMX
[04:55:06] [40/326] JACP
[04:55:06] [41/326] CPSH
[04:55:07] [42/326] MCCD
[04:55:08] [43/326] ECGH
[04:55:08] [44/326] MKCK
[04:55:09] [45/326] SRMM
[04:55:09] [46/326] SKYR
[04:55:10] [47/326] PCKC
[04:55:11] [48/326] JCMA
[04:55:11] [49/326] BSMP
[04:55:12] [50/326] VSPA
[04:55:12] [51/326] DJYA
[04:55:13] [52/326] DIMP
[04:55:14] [53/326] FXDR
[04:55:14] [54/326] SSRC
[04:55:15] [55/326] STHP
[04:55:16] [56/326] CPPD
[04:55:16] [57/326] FCLK
[04:55:17] [58/326] SCPP
[04:55:18] [59/326] DCMJ
[04:55:18] [60/326] RCCR
[04:55:19] [61/326] INMT
[04:55:19] [62/326] LXTK
[04:55:20] [63/326] SRYK
[04:55:20] [64/326] SGDK
[04:55:21] [65/326] PPKA
[04:55:22] [66/326] SPKA
[04:55:22] [67/326] CGHH
[04:55:23] [68/326] DCJN
[04:55:23] [69/326] SRKV
[04:55:24] [70/326] SAJC
[04:55:25] [71/326] SUSR
[04:55:25] [72/326] STYG
[04:55:26] [73/326] NTKP
[04:55:26] [74/326] AKTG
[04:55:27] [75/326] CGCM
[04:55:27] [76/326] TULC
[04:55:28] [77/326] NYYZ
[04:55:29] [78/326] NYBW
[04:55:29] [79/326] MACB
[04:55:30] [80/326] SLVT
[04:55:30] [81/326] SANA
[04:55:30] [82/326] ACMR
[04:55:31] [83/326] CPKN
[04:55:32] [84/326] DLGK
[04:55:32] [85/326] CWCK
[04:55:33] [86/326] FDDH
[04:55:33] [87/326] MMMD
[04:55:34] [88/326] CMEH
[04:55:34] [89/326] GGGV
[04:55:35] [90/326] SPJL
[04:55:36] [91/326] RCCD
[04:55:36] [92/326] STTZ
[04:55:37] [93/326] BTCF
[04:55:38] [94/326] TSTZ
[04:55:38] [95/326] IPMM
[04:55:39] [96/326] PMPW
[04:55:40] [97/326] PCMZ
[04:55:40] [98/326] ESEM
[04:55:41] [99/326] PIPO
[04:55:41] [100/326] MATK
[04:55:42] [101/326] PGHM
[04:55:43] [102/326] CTSR
[04:55:43] [103/326] CYKR
[04:55:44] [104/326] MSCM
[04:55:44] [105/326] RFNP
[04:55:45] [106/326] PDCP
[04:55:45] [107/326] NPSE
[04:55:46] [108/326] MKML
[04:55:47] [109/326] FTDP
[04:55:47] [110/326] MMXA
[04:55:48] [111/326] CEPO
[04:55:48] [112/326] CMVP
[04:55:49] [113/326] SGTH
[04:55:50] [114/326] SAYN
[04:55:50] [115/326] URVS
[04:55:51] [116/326] VJTN
[04:55:51] [117/326] BBYK
[04:55:52] [118/326] SHBO
[04:55:53] [119/326] VCMR
[04:55:53] [120/326] MACT
[04:55:54] [121/326] JMNP
[04:55:54] [122/326] VICS
[04:55:55] [123/326] VCDA
[04:55:56] [124/326] GCMM
[04:55:56] [125/326] INVS
[04:55:57] [126/326] SCGM
[04:55:57] [127/326] PCDA
[04:55:58] [128/326] KDCT
[04:55:59] [129/326] JACS
[04:55:59] [130/326] GMMC
[04:56:00] [131/326] AICM
[04:56:01] [132/326] TJCM
[04:56:01] [133/326] RMTI
[04:56:02] [134/326] SHAC
[04:56:02] [135/326] APJC
[04:56:03] [136/326] GCTG
[04:56:04] [137/326] SSMC
[04:56:04] [138/326] THRM
[04:56:05] [139/326] RBCT
[04:56:06] [140/326] DIKT
[04:56:06] [141/326] MIDL
[04:56:07] [142/326] VCSN
[04:56:08] [143/326] SKTG
[04:56:08] [144/326] SMWC
[04:56:09] [145/326] MNKH
[04:56:09] [146/326] PIAT
[04:56:10] [147/326] LTTP
[04:56:11] [148/326] PTPU
[04:56:11] [149/326] ACMG
[04:56:12] [150/326] SHMM
[04:56:13] [151/326] MCMN
[04:56:13] [152/326] GLDC
[04:56:14] [153/326] HOUT
[04:56:14] [154/326] SVRP
[04:56:15] [155/326] PVDN
[04:56:15] [156/326] SCPY
[04:56:16] [157/326] DTPY
[04:56:16] [158/326] GKCS
[04:56:17] [159/326] NCAM
[04:56:18] [160/326] BSRM
[04:56:18] [161/326] RCLC
[04:56:19] [162/326] SKKD
[04:56:19] [163/326] ACHU
[04:56:20] [164/326] RSCF
[04:56:20] [165/326] IMSH
[04:56:21] [166/326] MACX
[04:56:22] [167/326] HMMW
[04:56:22] [168/326] JTCP
[04:56:23] [169/326] SREN
[04:56:23] [170/326] PJRR
[04:56:24] [171/326] INAC
[04:56:24] [172/326] BMCA
[04:56:25] [173/326] SHCB
[04:56:25] [174/326] GABA
[04:56:26] [175/326] SBCT
[04:56:27] [176/326] GCMA
[04:56:27] [177/326] MYTK
[04:56:28] [178/326] INZS
[04:56:29] [179/326] RMIK
[04:56:29] [180/326] NYCH
[04:56:30] [181/326] RAVE
[04:56:30] [182/326] PSXM
[04:56:31] [183/326] MCGP
[04:56:32] [184/326] PDDK
[04:56:32] [185/326] SPCK
[04:56:33] [186/326] MCRL
[04:56:34] [187/326] MHKT
[04:56:34] [188/326] ANRR
[04:56:35] [189/326] SAPK
[04:56:35] [190/326] NCUK
[04:56:36] [191/326] JUGA
[04:56:36] [192/326] DBSC
[04:56:37] [193/326] LALK
[04:56:38] [194/326] GUCK
[04:56:38] [195/326] STSG
[04:56:39] [196/326] PPPZ
[04:56:40] [197/326] CNCY
[04:56:40] [198/326] MTAR
[04:56:41] [199/326] VNKD
[04:56:41] [200/326] KMAJ
[04:56:42] [201/326] ACXK
[04:56:43] [202/326] UTKC
[04:56:43] [203/326] PBLK
[04:56:44] [204/326] ACBX
[04:56:45] [205/326] PTGM
[04:56:45] [206/326] BTDA
[04:56:46] [207/326] PJMB
[04:56:46] [208/326] TPDA
[04:56:47] [209/326] AMOE
[04:56:47] [210/326] PRHT
[04:56:48] [211/326] PRTA
[04:56:48] [212/326] STAM
[04:56:49] [213/326] MSAA
[04:56:50] [214/326] SDLU
[04:56:50] [215/326] RCHH
[04:56:51] [216/326] KANT
[04:56:52] [217/326] FCRT
[04:56:52] [218/326] DNKM
[04:56:53] [219/326] RYCP
[04:56:53] [220/326] MYRP
[04:56:54] [221/326] PPAK
[04:56:54] [222/326] NVPK
[04:56:55] [223/326] PRMC
[04:56:55] [224/326] JBCS
[04:56:56] [225/326] GXCK
[04:56:56] [226/326] USKO
[04:56:57] [227/326] GTEM
[04:56:57] [228/326] SMBU
[04:56:58] [229/326] VETC
[04:56:59] [230/326] LCDA
[04:56:59] [231/326] MTVT
[04:57:00] [232/326] PYCP
[04:57:00] [233/326] PNSC
[04:57:01] [234/326] PPCC
[04:57:01] [235/326] TGRT
[04:57:02] [236/326] JYOT
[04:57:03] [237/326] SRCZ
[04:57:03] [238/326] SJTE
[04:57:04] [239/326] DESC
[04:57:04] [240/326] JHVN
[04:57:05] [241/326] IPSG
[04:57:05] [242/326] IPCM
[04:57:06] [243/326] PDRS
[04:57:06] [244/326] ANCV
[04:57:07] [245/326] CMVV
[04:57:08] [246/326] SHYP
[04:57:08] [247/326] DNCS
[04:57:09] [248/326] GAJK
[04:57:10] [249/326] AKTN
[04:57:10] [250/326] KAYA
[04:57:11] [251/326] SBRC
[04:57:11] [252/326] CHTP
[04:57:12] [253/326] SHRT
[04:57:12] [254/326] BCKU
[04:57:13] [255/326] FCPS
[04:57:14] [256/326] ARDD
[04:57:14] [257/326] CPCM
[04:57:15] [258/326] CGSM
[04:57:16] [259/326] PSMP
[04:57:16] [260/326] SDAL
[04:57:17] [261/326] RTNB
[04:57:17] [262/326] LMCR
[04:57:18] [263/326] CIMA
[04:57:19] [264/326] RNAS
[04:57:19] [265/326] LITH
[04:57:20] [266/326] PBOX
[04:57:21] [267/326] FRTS
[04:57:21] [268/326] RKIC
[04:57:22] [269/326] PTAI
[04:57:22] [270/326] GCIC
[04:57:23] [271/326] FNAS
[04:57:24] [272/326] SCAR
[04:57:24] [273/326] MTCA
[04:57:25] [274/326] SCTS
[04:57:25] [275/326] SYCS
[04:57:26] [276/326] RDMS
[04:57:27] [277/326] KAMP
[04:57:27] [278/326] ERSD
[04:57:28] [279/326] MJMJ
[04:57:28] [280/326] SRCJ
[04:57:29] [281/326] SCXE
[04:57:29] [282/326] SVFR
[04:57:30] [283/326] BHCS
[04:57:31] [284/326] IMCC
[04:57:31] [285/326] PCBO
[04:57:32] [286/326] PRVN
[04:57:32] [287/326] AUPM
[04:57:33] [288/326] INBW
[04:57:34] [289/326] SVCW
[04:57:34] [290/326] RKCF
[04:57:35] [291/326] UVBH
[04:57:35] [292/326] DNCY
[04:57:36] [293/326] ABCN
[04:57:36] [294/326] PRUR
[04:57:37] [295/326] PFMR
[04:57:38] [296/326] RKCN
[04:57:38] [297/326] CFEA
[04:57:39] [298/326] SDBG
[04:57:39] [299/326] SNAR
[04:57:40] [300/326] YISI
[04:57:40] [301/326] JCFF
[04:57:41] [302/326] VTRK
[04:57:41] [303/326] PCLZ
[04:57:42] [304/326] DIMY
[04:57:42] [305/326] BBTS
[04:57:43] [306/326] GATH
[04:57:43] [307/326] GTMN
[04:57:44] [308/326] VTMH
[04:57:45] [309/326] CCKP
[04:57:45] [310/326] GPKA
[04:57:46] [311/326] MHCL
[04:57:46] [312/326] ATCL
[04:57:47] [313/326] SBCK
[04:57:47] [314/326] AMMR
[04:57:48] [315/326] MADC
[04:57:49] [316/326] TMMA
[04:57:49] [317/326] CACC
[04:57:50] [318/326] CHAL
[04:57:50] [319/326] DURG
[04:57:51] [320/326] GMKU
[04:57:51] [321/326] GECA
[04:57:52] [322/326] KYRR
[04:57:53] [323/326] KSDE
[04:57:53] [324/326] LMCI
[04:57:54] [325/326] NKCP
[04:57:55] [326/326] BGTC
[04:57:55] 🧹 Deduping shows
[04:57:55] ✅ DONE | Shows=52 | Movies=8
[12:13:13] 🚀 SCRIPT STARTED
[12:13:13] [1/326] BSAT
[12:13:13] 🧠 New identity created
[12:13:14] 🔄 Identity reset
[12:13:14] ❌ BSAT | RuntimeError
[12:13:14] [2/326] RSSM
[12:13:14] 🧠 New identity created
[12:13:15] [3/326] GCTA
[12:13:17] [4/326] TOPN
[12:13:17] [5/326] MCUS
[12:13:18] [6/326] SHRL
[12:13:19] [7/326] UPTP
[12:13:20] [8/326] TMMP
[12:13:20] [9/326] DNRP
[12:13:21] [10/326] SRLT
[12:13:23] [11/326] RCNS
[12:13:23] [12/326] DCBH
[12:13:24] [13/326] NAGJ
[12:13:25] [14/326] JVRC
[12:13:26] [15/326] KRJG
[12:13:26] [16/326] SRTJ
[12:13:27] [17/326] CMXM
[12:13:28] [18/326] STMI
[12:13:29] [19/326] SLST
[12:13:30] [20/326] DTCN
[12:13:31] [21/326] STYN
[12:13:33] [22/326] SZVR
[12:13:33] [23/326] SRKO
[12:13:34] [24/326] JTGT
[12:13:35] [25/326] SVFD
[12:13:36] [26/326] SISD
[12:13:37] [27/326] ABDD
[12:13:38] [28/326] DRCA
[12:13:40] [29/326] AVCS
[12:13:41] [30/326] MVKH
[12:13:42] [31/326] ACPR
[12:13:43] [32/326] STIP
[12:13:44] [33/326] MTRA
[12:13:45] [34/326] RMKH
[12:13:46] [35/326] NKRL
[12:13:47] [36/326] PCWN
[12:13:47] [37/326] BLMT
[12:13:48] [38/326] GDPG
[12:13:49] [39/326] SRMX
[12:13:50] [40/326] JACP
[12:13:51] [41/326] CPSH
[12:13:52] [42/326] MCCD
[12:13:53] [43/326] ECGH
[12:13:54] [44/326] MKCK
[12:13:55] [45/326] SRMM
[12:13:56] [46/326] SKYR
[12:13:56] [47/326] PCKC
[12:13:57] [48/326] JCMA
[12:13:59] [49/326] BSMP
[12:13:59] [50/326] VSPA
[12:14:00] [51/326] DJYA
[12:14:02] [52/326] DIMP
[12:14:03] [53/326] FXDR
[12:14:04] [54/326] SSRC
[12:14:04] [55/326] STHP
[12:14:05] [56/326] CPPD
[12:14:06] [57/326] FCLK
[12:14:07] [58/326] SCPP
[12:14:08] [59/326] DCMJ
[12:14:09] [60/326] RCCR
[12:14:10] [61/326] INMT
[12:14:11] [62/326] LXTK
[12:14:12] [63/326] SRYK
[12:14:13] [64/326] SGDK
[12:14:14] [65/326] PPKA
[12:14:14] [66/326] SPKA
[12:14:15] [67/326] CGHH
[12:14:16] [68/326] DCJN
[12:14:17] [69/326] SRKV
[12:14:17] [70/326] SAJC
[12:14:18] [71/326] SUSR
[12:14:19] [72/326] STYG
[12:14:20] [73/326] NTKP
[12:14:21] [74/326] AKTG
[12:14:21] [75/326] CGCM
[12:14:22] [76/326] TULC
[12:14:23] [77/326] NYYZ
[12:14:24] [78/326] NYBW
[12:14:25] [79/326] MACB
[12:14:26] [80/326] SLVT
[12:14:27] [81/326] SANA
[12:14:29] [82/326] ACMR
[12:14:30] [83/326] CPKN
[12:14:31] [84/326] DLGK
[12:14:32] [85/326] CWCK
[12:14:32] [86/326] FDDH
[12:14:33] [87/326] MMMD
[12:14:34] [88/326] CMEH
[12:14:35] [89/326] GGGV
[12:14:37] [90/326] SPJL
[12:14:37] [91/326] RCCD
[12:14:38] [92/326] STTZ
[12:14:39] [93/326] BTCF
[12:14:40] [94/326] TSTZ
[12:14:41] [95/326] IPMM
[12:14:42] [96/326] PMPW
[12:14:43] [97/326] PCMZ
[12:14:44] [98/326] ESEM
[12:14:45] [99/326] PIPO
[12:14:46] [100/326] MATK
[12:14:47] [101/326] PGHM
[12:14:48] [102/326] CTSR
[12:14:49] [103/326] CYKR
[12:14:50] [104/326] MSCM
[12:14:51] [105/326] RFNP
[12:14:52] [106/326] PDCP
[12:14:53] [107/326] NPSE
[12:14:53] [108/326] MKML
[12:14:54] [109/326] FTDP
[12:14:56] [110/326] MMXA
[12:14:56] [111/326] CEPO
[12:14:58] [112/326] CMVP
[12:14:59] [113/326] SGTH
[12:14:59] [114/326] SAYN
[12:15:00] [115/326] URVS
[12:15:01] [116/326] VJTN
[12:15:02] [117/326] BBYK
[12:15:02] [118/326] SHBO
[12:15:03] [119/326] VCMR
[12:15:04] [120/326] MACT
[12:15:06] [121/326] JMNP
[12:15:07] [122/326] VICS
[12:15:07] [123/326] VCDA
[12:15:08] [124/326] GCMM
[12:15:09] [125/326] INVS
[12:15:10] [126/326] SCGM
[12:15:11] [127/326] PCDA
[12:15:12] [128/326] KDCT
[12:15:13] [129/326] JACS
[12:15:15] [130/326] GMMC
[12:15:15] [131/326] AICM
[12:15:17] [132/326] TJCM
[12:15:18] [133/326] RMTI
[12:15:19] [134/326] SHAC
[12:15:19] [135/326] APJC
[12:15:20] [136/326] GCTG
[12:15:22] [137/326] SSMC
[12:15:22] [138/326] THRM
[12:15:23] [139/326] RBCT
[12:15:25] [140/326] DIKT
[12:15:26] [141/326] MIDL
[12:15:27] [142/326] VCSN
[12:15:28] [143/326] SKTG
[12:15:28] [144/326] SMWC
[12:15:30] [145/326] MNKH
[12:15:31] [146/326] PIAT
[12:15:32] [147/326] LTTP
[12:15:33] [148/326] PTPU
[12:15:33] [149/326] ACMG
[12:15:34] [150/326] SHMM
[12:15:35] [151/326] MCMN
[12:15:36] [152/326] GLDC
[12:15:37] [153/326] HOUT
[12:15:39] [154/326] SVRP
[12:15:40] [155/326] PVDN
[12:15:41] [156/326] SCPY
[12:15:42] [157/326] DTPY
[12:15:43] [158/326] GKCS
[12:15:43] [159/326] NCAM
[12:15:44] [160/326] BSRM
[12:15:45] [161/326] RCLC
[12:15:46] [162/326] SKKD
[12:15:47] [163/326] ACHU
[12:15:48] [164/326] RSCF
[12:15:49] [165/326] IMSH
[12:15:50] [166/326] MACX
[12:15:51] [167/326] HMMW
[12:15:52] [168/326] JTCP
[12:15:53] [169/326] SREN
[12:15:54] [170/326] PJRR
[12:15:55] [171/326] INAC
[12:15:56] [172/326] BMCA
[12:15:57] [173/326] SHCB
[12:15:57] [174/326] GABA
[12:15:58] [175/326] SBCT
[12:15:59] [176/326] GCMA
[12:16:01] [177/326] MYTK
[12:16:02] [178/326] INZS
[12:16:02] [179/326] RMIK
[12:16:03] [180/326] NYCH
[12:16:04] [181/326] RAVE
[12:16:05] [182/326] PSXM
[12:16:06] [183/326] MCGP
[12:16:07] [184/326] PDDK
[12:16:08] [185/326] SPCK
[12:16:08] [186/326] MCRL
[12:16:09] [187/326] MHKT
[12:16:10] [188/326] ANRR
[12:16:11] [189/326] SAPK
[12:16:12] [190/326] NCUK
[12:16:13] [191/326] JUGA
[12:16:13] [192/326] DBSC
[12:16:14] [193/326] LALK
[12:16:15] [194/326] GUCK
[12:16:16] [195/326] STSG
[12:16:17] [196/326] PPPZ
[12:16:18] [197/326] CNCY
[12:16:19] [198/326] MTAR
[12:16:21] [199/326] VNKD
[12:16:21] [200/326] KMAJ
[12:16:22] [201/326] ACXK
[12:16:23] [202/326] UTKC
[12:16:24] [203/326] PBLK
[12:16:25] [204/326] ACBX
[12:16:26] [205/326] PTGM
[12:16:26] [206/326] BTDA
[12:16:27] [207/326] PJMB
[12:16:28] [208/326] TPDA
[12:16:29] [209/326] AMOE
[12:16:30] [210/326] PRHT
[12:16:31] [211/326] PRTA
[12:16:31] [212/326] STAM
[12:16:32] [213/326] MSAA
[12:16:34] [214/326] SDLU
[12:16:34] [215/326] RCHH
[12:16:35] [216/326] KANT
[12:16:36] [217/326] FCRT
[12:16:37] [218/326] DNKM
[12:16:38] [219/326] RYCP
[12:16:39] [220/326] MYRP
[12:16:40] [221/326] PPAK
[12:16:41] [222/326] NVPK
[12:16:41] [223/326] PRMC
[12:16:42] [224/326] JBCS
[12:16:43] [225/326] GXCK
[12:16:44] [226/326] USKO
[12:16:45] [227/326] GTEM
[12:16:46] [228/326] SMBU
[12:16:48] [229/326] VETC
[12:16:48] [230/326] LCDA
[12:16:50] [231/326] MTVT
[12:16:51] [232/326] PYCP
[12:16:51] [233/326] PNSC
[12:16:53] [234/326] PPCC
[12:16:54] [235/326] TGRT
[12:16:54] [236/326] JYOT
[12:16:55] [237/326] SRCZ
[12:16:56] [238/326] SJTE
[12:16:57] [239/326] DESC
[12:16:59] [240/326] JHVN
[12:17:00] [241/326] IPSG
[12:17:00] [242/326] IPCM
[12:17:02] [243/326] PDRS
[12:17:02] [244/326] ANCV
[12:17:03] [245/326] CMVV
[12:17:04] [246/326] SHYP
[12:17:05] [247/326] DNCS
[12:17:06] [248/326] GAJK
[12:17:07] [249/326] AKTN
[12:17:08] [250/326] KAYA
[12:17:08] [251/326] SBRC
[12:17:09] [252/326] CHTP
[12:17:10] [253/326] SHRT
[12:17:12] [254/326] BCKU
[12:17:13] [255/326] FCPS
[12:17:13] [256/326] ARDD
[12:17:14] [257/326] CPCM
[12:17:16] [258/326] CGSM
[12:17:17] [259/326] PSMP
[12:17:18] [260/326] SDAL
[12:17:18] [261/326] RTNB
[12:17:20] [262/326] LMCR
[12:17:20] [263/326] CIMA
[12:17:21] [264/326] RNAS
[12:17:22] [265/326] LITH
[12:17:23] [266/326] PBOX
[12:17:24] [267/326] FRTS
[12:17:25] [268/326] RKIC
[12:17:26] [269/326] PTAI
[12:17:27] [270/326] GCIC
[12:17:28] [271/326] FNAS
[12:17:30] [272/326] SCAR
[12:17:31] [273/326] MTCA
[12:17:31] [274/326] SCTS
[12:17:32] [275/326] SYCS
[12:17:33] [276/326] RDMS
[12:17:35] [277/326] KAMP
[12:17:35] [278/326] ERSD
[12:17:36] [279/326] MJMJ
[12:17:38] [280/326] SRCJ
[12:17:39] [281/326] SCXE
[12:17:39] [282/326] SVFR
[12:17:40] [283/326] BHCS
[12:17:41] [284/326] IMCC
[12:17:42] [285/326] PCBO
[12:17:43] [286/326] PRVN
[12:17:43] [287/326] AUPM
[12:17:44] [288/326] INBW
[12:17:45] [289/326] SVCW
[12:17:46] [290/326] RKCF
[12:17:47] [291/326] UVBH
[12:17:47] [292/326] DNCY
[12:17:48] [293/326] ABCN
[12:17:49] [294/326] PRUR
[12:17:49] [295/326] PFMR
[12:17:50] [296/326] RKCN
[12:17:51] [297/326] CFEA
[12:17:51] [298/326] SDBG
[12:17:52] [299/326] SNAR
[12:17:52] [300/326] YISI
[12:17:53] [301/326] JCFF
[12:17:54] [302/326] VTRK
[12:17:54] [303/326] PCLZ
[12:17:55] [304/326] DIMY
[12:17:55] [305/326] BBTS
[12:17:56] [306/326] GATH
[12:17:56] [307/326] GTMN
[12:17:57] [308/326] VTMH
[12:17:57] [309/326] CCKP
[12:17:58] [310/326] GPKA
[12:17:59] [311/326] MHCL
[12:17:59] [312/326] ATCL
[12:18:00] [313/326] SBCK
[12:18:00] [314/326] AMMR
[12:18:01] [315/326] MADC
[12:18:01] [316/326] TMMA
[12:18:02] [317/326] CACC
[12:18:03] [318/326] CHAL
[12:18:03] [319/326] DURG
[12:18:04] [320/326] GMKU
[12:18:04] [321/326] GECA
[12:18:05] [322/326] KYRR
[12:18:05] [323/326] KSDE
[12:18:06] [324/326] LMCI
[12:18:06] [325/326] NKCP
[12:18:07] [326/326] BGTC
[12:18:07] 🧹 Deduping shows
[12:18:07] ✅ DONE | Shows=106 | Movies=18
[19:29:45] 🚀 SCRIPT STARTED
[19:29:45] [1/326] BSAT
[19:29:45] 🧠 New identity created
[19:29:47] [2/326] RSSM
[19:29:47] [3/326] GCTA
[19:29:48] [4/326] TOPN
[19:29:49] [5/326] MCUS
[19:29:49] [6/326] SHRL
[19:29:50] [7/326] UPTP
[19:29:51] [8/326] TMMP
[19:29:51] [9/326] DNRP
[19:29:52] [10/326] SRLT
[19:29:52] [11/326] RCNS
[19:29:53] [12/326] DCBH
[19:29:54] [13/326] NAGJ
[19:29:54] [14/326] JVRC
[19:29:55] [15/326] KRJG
[19:29:55] [16/326] SRTJ
[19:29:56] [17/326] CMXM
[19:29:56] [18/326] STMI
[19:29:57] [19/326] SLST
[19:29:58] [20/326] DTCN
[19:29:58] [21/326] STYN
[19:29:59] [22/326] SZVR
[19:30:00] [23/326] SRKO
[19:30:00] [24/326] JTGT
[19:30:01] [25/326] SVFD
[19:30:01] [26/326] SISD
[19:30:02] [27/326] ABDD
[19:30:02] [28/326] DRCA
[19:30:03] [29/326] AVCS
[19:30:03] [30/326] MVKH
[19:30:04] [31/326] ACPR
[19:30:04] [32/326] STIP
[19:30:05] [33/326] MTRA
[19:30:06] [34/326] RMKH
[19:30:06] [35/326] NKRL
[19:30:07] [36/326] PCWN
[19:30:08] [37/326] BLMT
[19:30:08] [38/326] GDPG
[19:30:08] [39/326] SRMX
[19:30:09] [40/326] JACP
[19:30:10] [41/326] CPSH
[19:30:10] [42/326] MCCD
[19:30:11] [43/326] ECGH
[19:30:11] [44/326] MKCK
[19:30:12] [45/326] SRMM
[19:30:12] [46/326] SKYR
[19:30:13] [47/326] PCKC
[19:30:13] [48/326] JCMA
[19:30:14] [49/326] BSMP
[19:30:14] [50/326] VSPA
[19:30:15] [51/326] DJYA
[19:30:16] [52/326] DIMP
[19:30:17] [53/326] FXDR
[19:30:17] [54/326] SSRC
[19:30:18] [55/326] STHP
[19:30:18] [56/326] CPPD
[19:30:19] [57/326] FCLK
[19:30:20] [58/326] SCPP
[19:30:20] [59/326] DCMJ
[19:30:21] [60/326] RCCR
[19:30:21] [61/326] INMT
[19:30:22] [62/326] LXTK
[19:30:23] [63/326] SRYK
[19:30:23] [64/326] SGDK
[19:30:24] [65/326] PPKA
[19:30:25] [66/326] SPKA
[19:30:25] [67/326] CGHH
[19:30:26] [68/326] DCJN
[19:30:26] [69/326] SRKV
[19:30:27] [70/326] SAJC
[19:30:27] [71/326] SUSR
[19:30:28] [72/326] STYG
[19:30:29] [73/326] NTKP
[19:30:29] [74/326] AKTG
[19:30:30] [75/326] CGCM
[19:30:30] [76/326] TULC
[19:30:31] [77/326] NYYZ
[19:30:31] [78/326] NYBW
[19:30:32] [79/326] MACB
[19:30:33] [80/326] SLVT
[19:30:33] [81/326] SANA
[19:30:34] [82/326] ACMR
[19:30:34] [83/326] CPKN
[19:30:35] [84/326] DLGK
[19:30:36] [85/326] CWCK
[19:30:36] [86/326] FDDH
[19:30:37] [87/326] MMMD
[19:30:37] [88/326] CMEH
[19:30:38] [89/326] GGGV
[19:30:39] [90/326] SPJL
[19:30:39] [91/326] RCCD
[19:30:40] [92/326] STTZ
[19:30:40] [93/326] BTCF
[19:30:41] [94/326] TSTZ
[19:30:41] [95/326] IPMM
[19:30:42] [96/326] PMPW
[19:30:43] [97/326] PCMZ
[19:30:43] [98/326] ESEM
[19:30:44] [99/326] PIPO
[19:30:44] [100/326] MATK
[19:30:45] [101/326] PGHM
[19:30:46] [102/326] CTSR
[19:30:46] [103/326] CYKR
[19:30:47] [104/326] MSCM
[19:30:48] [105/326] RFNP
[19:30:48] [106/326] PDCP
[19:30:49] [107/326] NPSE
[19:30:49] [108/326] MKML
[19:30:50] [109/326] FTDP
[19:30:51] [110/326] MMXA
[19:30:51] [111/326] CEPO
[19:30:52] [112/326] CMVP
[19:30:52] [113/326] SGTH
[19:30:53] [114/326] SAYN
[19:30:53] [115/326] URVS
[19:30:53] [116/326] VJTN
[19:30:54] [117/326] BBYK
[19:30:55] [118/326] SHBO
[19:30:55] [119/326] VCMR
[19:30:56] [120/326] MACT
[19:30:57] [121/326] JMNP
[19:30:57] [122/326] VICS
[19:30:58] [123/326] VCDA
[19:30:58] [124/326] GCMM
[19:30:59] [125/326] INVS
[19:30:59] [126/326] SCGM
[19:31:00] [127/326] PCDA
[19:31:00] [128/326] KDCT
[19:31:01] [129/326] JACS
[19:31:01] [130/326] GMMC
[19:31:02] [131/326] AICM
[19:31:02] [132/326] TJCM
[19:31:03] [133/326] RMTI
[19:31:04] [134/326] SHAC
[19:31:04] [135/326] APJC
[19:31:05] [136/326] GCTG
[19:31:05] [137/326] SSMC
[19:31:06] [138/326] THRM
[19:31:06] [139/326] RBCT
[19:31:07] [140/326] DIKT
[19:31:07] [141/326] MIDL
[19:31:08] [142/326] VCSN
[19:31:08] [143/326] SKTG
[19:31:09] [144/326] SMWC
[19:31:09] [145/326] MNKH
[19:31:10] [146/326] PIAT
[19:31:11] [147/326] LTTP
[19:31:11] [148/326] PTPU
[19:31:12] [149/326] ACMG
[19:31:13] [150/326] SHMM
[19:31:13] [151/326] MCMN
[19:31:14] [152/326] GLDC
[19:31:14] [153/326] HOUT
[19:31:15] [154/326] SVRP
[19:31:16] [155/326] PVDN
[19:31:16] [156/326] SCPY
[19:31:17] [157/326] DTPY
[19:31:18] [158/326] GKCS
[19:31:18] [159/326] NCAM
[19:31:19] [160/326] BSRM
[19:31:19] [161/326] RCLC
[19:31:20] [162/326] SKKD
[19:31:21] [163/326] ACHU
[19:31:21] [164/326] RSCF
[19:31:22] [165/326] IMSH
[19:31:22] [166/326] MACX
[19:31:23] [167/326] HMMW
[19:31:24] [168/326] JTCP
[19:31:24] [169/326] SREN
[19:31:25] [170/326] PJRR
[19:31:25] [171/326] INAC
[19:31:26] [172/326] BMCA
[19:31:26] [173/326] SHCB
[19:31:27] [174/326] GABA
[19:31:28] [175/326] SBCT
[19:31:28] [176/326] GCMA
[19:31:29] [177/326] MYTK
[19:31:29] [178/326] INZS
[19:31:30] [179/326] RMIK
[19:31:31] [180/326] NYCH
[19:31:31] [181/326] RAVE
[19:31:32] [182/326] PSXM
[19:31:32] [183/326] MCGP
[19:31:33] [184/326] PDDK
[19:31:33] [185/326] SPCK
[19:31:34] [186/326] MCRL
[19:31:35] [187/326] MHKT
[19:31:35] [188/326] ANRR
[19:31:36] [189/326] SAPK
[19:31:36] [190/326] NCUK
[19:31:37] [191/326] JUGA
[19:31:37] [192/326] DBSC
[19:31:38] [193/326] LALK
[19:31:38] [194/326] GUCK
[19:31:39] [195/326] STSG
[19:31:40] [196/326] PPPZ
[19:31:40] [197/326] CNCY
[19:31:41] [198/326] MTAR
[19:31:41] [199/326] VNKD
[19:31:42] [200/326] KMAJ
[19:31:42] [201/326] ACXK
[19:31:43] [202/326] UTKC
[19:31:43] [203/326] PBLK
[19:31:44] [204/326] ACBX
[19:31:45] [205/326] PTGM
[19:31:45] [206/326] BTDA
[19:31:46] [207/326] PJMB
[19:31:46] [208/326] TPDA
[19:31:47] [209/326] AMOE
[19:31:47] [210/326] PRHT
[19:31:48] [211/326] PRTA
[19:31:48] [212/326] STAM
[19:31:49] [213/326] MSAA
[19:31:50] [214/326] SDLU
[19:31:50] [215/326] RCHH
[19:31:51] [216/326] KANT
[19:31:51] [217/326] FCRT
[19:31:52] [218/326] DNKM
[19:31:52] [219/326] RYCP
[19:31:53] [220/326] MYRP
[19:31:53] [221/326] PPAK
[19:31:54] [222/326] NVPK
[19:31:54] [223/326] PRMC
[19:31:55] [224/326] JBCS
[19:31:56] [225/326] GXCK
[19:31:56] [226/326] USKO
[19:31:57] [227/326] GTEM
[19:31:57] [228/326] SMBU
[19:31:58] [229/326] VETC
[19:31:59] [230/326] LCDA
[19:31:59] [231/326] MTVT
[19:32:00] [232/326] PYCP
[19:32:00] [233/326] PNSC
[19:32:01] [234/326] PPCC
[19:32:02] [235/326] TGRT
[19:32:02] [236/326] JYOT
[19:32:03] [237/326] SRCZ
[19:32:03] [238/326] SJTE
[19:32:04] [239/326] DESC
[19:32:04] [240/326] JHVN
[19:32:05] [241/326] IPSG
[19:32:05] [242/326] IPCM
[19:32:06] [243/326] PDRS
[19:32:06] [244/326] ANCV
[19:32:07] [245/326] CMVV
[19:32:08] [246/326] SHYP
[19:32:08] [247/326] DNCS
[19:32:09] [248/326] GAJK
[19:32:10] [249/326] AKTN
[19:32:10] [250/326] KAYA
[19:32:11] [251/326] SBRC
[19:32:11] [252/326] CHTP
[19:32:12] [253/326] SHRT
[19:32:13] [254/326] BCKU
[19:32:13] [255/326] FCPS
[19:32:14] [256/326] ARDD
[19:32:15] [257/326] CPCM
[19:32:15] [258/326] CGSM
[19:32:16] [259/326] PSMP
[19:32:17] [260/326] SDAL
[19:32:17] [261/326] RTNB
[19:32:18] [262/326] LMCR
[19:32:18] [263/326] CIMA
[19:32:19] [264/326] RNAS
[19:32:20] [265/326] LITH
[19:32:20] [266/326] PBOX
[19:32:21] [267/326] FRTS
[19:32:21] [268/326] RKIC
[19:32:22] [269/326] PTAI
[19:32:22] [270/326] GCIC
[19:32:23] [271/326] FNAS
[19:32:23] [272/326] SCAR
[19:32:24] [273/326] MTCA
[19:32:25] [274/326] SCTS
[19:32:25] [275/326] SYCS
[19:32:26] [276/326] RDMS
[19:32:26] [277/326] KAMP
[19:32:27] [278/326] ERSD
[19:32:28] [279/326] MJMJ
[19:32:28] [280/326] SRCJ
[19:32:29] [281/326] SCXE
[19:32:30] [282/326] SVFR
[19:32:30] [283/326] BHCS
[19:32:31] [284/326] IMCC
[19:32:31] [285/326] PCBO
[19:32:32] [286/326] PRVN
[19:32:33] [287/326] AUPM
[19:32:33] [288/326] INBW
[19:32:34] [289/326] SVCW
[19:32:34] [290/326] RKCF
[19:32:35] [291/326] UVBH
[19:32:35] [292/326] DNCY
[19:32:36] [293/326] ABCN
[19:32:37] [294/326] PRUR
[19:32:37] [295/326] PFMR
[19:32:38] [296/326] RKCN
[19:32:38] [297/326] CFEA
[19:32:39] [298/326] SDBG
[19:32:39] [299/326] SNAR
[19:32:40] [300/326] YISI
[19:32:40] [301/326] JCFF
[19:32:41] [302/326] VTRK
[19:32:42] [303/326] PCLZ
[19:32:42] [304/326] DIMY
[19:32:43] [305/326] BBTS
[19:32:44] [306/326] GATH
[19:32:44] [307/326] GTMN
[19:32:45] [308/326] VTMH
[19:32:45] [309/326] CCKP
[19:32:46] [310/326] GPKA
[19:32:47] [311/326] MHCL
[19:32:47] [312/326] ATCL
[19:32:48] [313/326] SBCK
[19:32:48] [314/326] AMMR
[19:32:49] [315/326] MADC
[19:32:49] [316/326] TMMA
[19:32:50] [317/326] CACC
[19:32:50] [318/326] CHAL
[19:32:51] [319/326] DURG
[19:32:51] [320/326] GMKU
[19:32:52] [321/326] GECA
[19:32:52] [322/326] KYRR
[19:32:53] [323/326] KSDE
[19:32:53] [324/326] LMCI
[19:32:54] [325/326] NKCP
[19:32:55] [326/326] BGTC
[19:32:55] 🧹 Deduping shows
[19:32:55] ✅ DONE | Shows=384 | Movies=33
[22:10:43] 🚀 SCRIPT STARTED
[22:10:43] [1/326] BSAT
[22:10:43] 🧠 New identity created
[22:10:44] [2/326] RSSM
[22:10:45] [3/326] GCTA
[22:10:46] [4/326] TOPN
[22:10:47] [5/326] MCUS
[22:10:48] [6/326] SHRL
[22:10:49] [7/326] UPTP
[22:10:49] [8/326] TMMP
[22:10:50] [9/326] DNRP
[22:10:52] [10/326] SRLT
[22:10:53] [11/326] RCNS
[22:10:54] [12/326] DCBH
[22:10:55] [13/326] NAGJ
[22:10:56] [14/326] JVRC
[22:10:58] [15/326] KRJG
[22:10:59] [16/326] SRTJ
[22:10:59] [17/326] CMXM
[22:11:01] [18/326] STMI
[22:11:02] [19/326] SLST
[22:11:03] [20/326] DTCN
[22:11:03] [21/326] STYN
[22:11:04] [22/326] SZVR
[22:11:05] [23/326] SRKO
[22:11:05] [24/326] JTGT
[22:11:06] [25/326] SVFD
[22:11:07] [26/326] SISD
[22:11:09] [27/326] ABDD
[22:11:10] [28/326] DRCA
[22:11:11] [29/326] AVCS
[22:11:12] [30/326] MVKH
[22:11:13] [31/326] ACPR
[22:11:14] [32/326] STIP
[22:11:14] [33/326] MTRA
[22:11:15] [34/326] RMKH
[22:11:16] [35/326] NKRL
[22:11:17] [36/326] PCWN
[22:11:18] [37/326] BLMT
[22:11:19] [38/326] GDPG
[22:11:20] [39/326] SRMX
[22:11:21] [40/326] JACP
[22:11:22] [41/326] CPSH
[22:11:23] [42/326] MCCD
[22:11:24] [43/326] ECGH
[22:11:25] [44/326] MKCK
[22:11:26] [45/326] SRMM
[22:11:27] [46/326] SKYR
[22:11:27] [47/326] PCKC
[22:11:28] [48/326] JCMA
[22:11:29] [49/326] BSMP
[22:11:30] [50/326] VSPA
[22:11:31] [51/326] DJYA
[22:11:32] [52/326] DIMP
[22:11:32] [53/326] FXDR
[22:11:33] [54/326] SSRC
[22:11:34] [55/326] STHP
[22:11:35] [56/326] CPPD
[22:11:36] [57/326] FCLK
[22:11:36] [58/326] SCPP
[22:11:37] [59/326] DCMJ
[22:11:39] [60/326] RCCR
[22:11:40] [61/326] INMT
[22:11:41] [62/326] LXTK
[22:11:41] [63/326] SRYK
[22:11:42] [64/326] SGDK
[22:11:43] [65/326] PPKA
[22:11:44] [66/326] SPKA
[22:11:45] [67/326] CGHH
[22:11:46] [68/326] DCJN
[22:11:46] [69/326] SRKV
[22:11:47] [70/326] SAJC
[22:11:48] [71/326] SUSR
[22:11:49] [72/326] STYG
[22:11:50] [73/326] NTKP
[22:11:51] [74/326] AKTG
[22:11:52] [75/326] CGCM
[22:11:53] [76/326] TULC
[22:11:54] [77/326] NYYZ
[22:11:55] [78/326] NYBW
[22:11:55] [79/326] MACB
[22:11:56] [80/326] SLVT
[22:11:57] [81/326] SANA
[22:11:58] [82/326] ACMR
[22:11:59] [83/326] CPKN
[22:11:59] [84/326] DLGK
[22:12:00] [85/326] CWCK
[22:12:01] [86/326] FDDH
[22:12:02] [87/326] MMMD
[22:12:03] [88/326] CMEH
[22:12:04] [89/326] GGGV
[22:12:05] [90/326] SPJL
[22:12:06] [91/326] RCCD
[22:12:07] [92/326] STTZ
[22:12:08] [93/326] BTCF
[22:12:09] [94/326] TSTZ
[22:12:10] [95/326] IPMM
[22:12:11] [96/326] PMPW
[22:12:11] [97/326] PCMZ
[22:12:13] [98/326] ESEM
[22:12:14] [99/326] PIPO
[22:12:15] [100/326] MATK
[22:12:16] [101/326] PGHM
[22:12:17] [102/326] CTSR
[22:12:18] [103/326] CYKR
[22:12:19] [104/326] MSCM
[22:12:20] [105/326] RFNP
[22:12:20] [106/326] PDCP
[22:12:21] [107/326] NPSE
[22:12:22] [108/326] MKML
[22:12:23] [109/326] FTDP
[22:12:24] [110/326] MMXA
[22:12:25] [111/326] CEPO
[22:12:25] [112/326] CMVP
[22:12:26] [113/326] SGTH
[22:12:27] [114/326] SAYN
[22:12:28] [115/326] URVS
[22:12:29] [116/326] VJTN
[22:12:34] [117/326] BBYK
[22:12:35] [118/326] SHBO
[22:12:36] [119/326] VCMR
[22:12:37] [120/326] MACT
[22:12:37] [121/326] JMNP
[22:12:39] [122/326] VICS
[22:12:40] [123/326] VCDA
[22:12:41] [124/326] GCMM
[22:12:42] [125/326] INVS
[22:12:42] [126/326] SCGM
[22:12:43] [127/326] PCDA
[22:12:44] [128/326] KDCT
[22:12:45] [129/326] JACS
[22:12:46] [130/326] GMMC
[22:12:47] [131/326] AICM
[22:12:48] [132/326] TJCM
[22:12:49] [133/326] RMTI
[22:12:50] [134/326] SHAC
[22:12:51] [135/326] APJC
[22:12:52] [136/326] GCTG
[22:12:53] [137/326] SSMC
[22:12:54] [138/326] THRM
[22:12:56] [139/326] RBCT
[22:12:56] [140/326] DIKT
[22:12:57] [141/326] MIDL
[22:12:58] [142/326] VCSN
[22:12:59] [143/326] SKTG
[22:13:00] [144/326] SMWC
[22:13:01] [145/326] MNKH
[22:13:01] [146/326] PIAT
[22:13:02] [147/326] LTTP
[22:13:03] [148/326] PTPU
[22:13:04] [149/326] ACMG
[22:13:05] [150/326] SHMM
[22:13:07] [151/326] MCMN
[22:13:07] [152/326] GLDC
[22:13:08] [153/326] HOUT
[22:13:09] [154/326] SVRP
[22:13:10] [155/326] PVDN
[22:13:11] [156/326] SCPY
[22:13:12] [157/326] DTPY
[22:13:13] [158/326] GKCS
[22:13:14] [159/326] NCAM
[22:13:15] [160/326] BSRM
[22:13:15] [161/326] RCLC
[22:13:16] [162/326] SKKD
[22:13:17] [163/326] ACHU
[22:13:18] [164/326] RSCF
[22:13:19] [165/326] IMSH
[22:13:19] [166/326] MACX
[22:13:20] [167/326] HMMW
[22:13:21] [168/326] JTCP
[22:13:22] [169/326] SREN
[22:13:23] [170/326] PJRR
[22:13:24] [171/326] INAC
[22:13:25] [172/326] BMCA
[22:13:26] [173/326] SHCB
[22:13:27] [174/326] GABA
[22:13:28] [175/326] SBCT
[22:13:29] [176/326] GCMA
[22:13:30] [177/326] MYTK
[22:13:30] [178/326] INZS
[22:13:31] [179/326] RMIK
[22:13:32] [180/326] NYCH
[22:13:33] [181/326] RAVE
[22:13:34] [182/326] PSXM
[22:13:34] [183/326] MCGP
[22:13:35] [184/326] PDDK
[22:13:36] [185/326] SPCK
[22:13:37] [186/326] MCRL
[22:13:38] [187/326] MHKT
[22:13:39] [188/326] ANRR
[22:13:40] [189/326] SAPK
[22:13:41] [190/326] NCUK
[22:13:42] [191/326] JUGA
[22:13:43] [192/326] DBSC
[22:13:43] [193/326] LALK
[22:13:44] [194/326] GUCK
[22:13:45] [195/326] STSG
[22:13:46] [196/326] PPPZ
[22:13:47] [197/326] CNCY
[22:13:47] [198/326] MTAR
[22:13:48] [199/326] VNKD
[22:13:49] [200/326] KMAJ
[22:13:50] [201/326] ACXK
[22:13:51] [202/326] UTKC
[22:13:52] [203/326] PBLK
[22:13:52] [204/326] ACBX
[22:13:54] [205/326] PTGM
[22:13:55] [206/326] BTDA
[22:13:55] [207/326] PJMB
[22:13:57] [208/326] TPDA
[22:13:58] [209/326] AMOE
[22:13:58] [210/326] PRHT
[22:13:59] [211/326] PRTA
[22:14:00] [212/326] STAM
[22:14:01] [213/326] MSAA
[22:14:02] [214/326] SDLU
[22:14:03] [215/326] RCHH
[22:14:03] [216/326] KANT
[22:14:04] [217/326] FCRT
[22:14:05] [218/326] DNKM
[22:14:06] [219/326] RYCP
[22:14:07] [220/326] MYRP
[22:14:08] [221/326] PPAK
[22:14:09] [222/326] NVPK
[22:14:10] [223/326] PRMC
[22:14:10] [224/326] JBCS
[22:14:11] [225/326] GXCK
[22:14:12] [226/326] USKO
[22:14:13] [227/326] GTEM
[22:14:14] [228/326] SMBU
[22:14:14] [229/326] VETC
[22:14:16] [230/326] LCDA
[22:14:17] [231/326] MTVT
[22:14:18] [232/326] PYCP
[22:14:19] [233/326] PNSC
[22:14:20] [234/326] PPCC
[22:14:21] [235/326] TGRT
[22:14:22] [236/326] JYOT
[22:14:23] [237/326] SRCZ
[22:14:23] [238/326] SJTE
[22:14:24] [239/326] DESC
[22:14:25] [240/326] JHVN
[22:14:26] [241/326] IPSG
[22:14:27] [242/326] IPCM
[22:14:28] [243/326] PDRS
[22:14:29] [244/326] ANCV
[22:14:30] [245/326] CMVV
[22:14:31] [246/326] SHYP
[22:14:32] [247/326] DNCS
[22:14:33] [248/326] GAJK
[22:14:34] [249/326] AKTN
[22:14:36] [250/326] KAYA
[22:14:37] [251/326] SBRC
[22:14:38] [252/326] CHTP
[22:14:39] [253/326] SHRT
[22:14:40] [254/326] BCKU
[22:14:41] [255/326] FCPS
[22:14:42] [256/326] ARDD
[22:14:43] [257/326] CPCM
[22:14:44] [258/326] CGSM
[22:14:45] [259/326] PSMP
[22:14:46] [260/326] SDAL
[22:14:46] [261/326] RTNB
[22:14:47] [262/326] LMCR
[22:14:48] [263/326] CIMA
[22:14:49] [264/326] RNAS
[22:14:50] [265/326] LITH
[22:14:51] [266/326] PBOX
[22:14:51] [267/326] FRTS
[22:14:52] [268/326] RKIC
[22:14:54] [269/326] PTAI
[22:14:55] [270/326] GCIC
[22:14:56] [271/326] FNAS
[22:14:56] [272/326] SCAR
[22:14:57] [273/326] MTCA
[22:14:59] [274/326] SCTS
[22:15:00] [275/326] SYCS
[22:15:00] [276/326] RDMS
[22:15:01] [277/326] KAMP
[22:15:02] [278/326] ERSD
[22:15:03] [279/326] MJMJ
[22:15:04] [280/326] SRCJ
[22:15:05] [281/326] SCXE
[22:15:06] [282/326] SVFR
[22:15:07] [283/326] BHCS
[22:15:08] [284/326] IMCC
[22:15:09] [285/326] PCBO
[22:15:09] [286/326] PRVN
[22:15:10] [287/326] AUPM
[22:15:11] [288/326] INBW
[22:15:12] [289/326] SVCW
[22:15:13] [290/326] RKCF
[22:15:13] [291/326] UVBH
[22:15:14] [292/326] DNCY
[22:15:15] [293/326] ABCN
[22:15:16] [294/326] PRUR
[22:15:17] [295/326] PFMR
[22:15:18] [296/326] RKCN
[22:15:18] [297/326] CFEA
[22:15:19] [298/326] SDBG
[22:15:20] [299/326] SNAR
[22:15:21] [300/326] YISI
[22:15:22] [301/326] JCFF
[22:15:23] [302/326] VTRK
[22:15:23] [303/326] PCLZ
[22:15:24] [304/326] DIMY
[22:15:26] [305/326] BBTS
[22:15:26] [306/326] GATH
[22:15:27] [307/326] GTMN
[22:15:28] [308/326] VTMH
[22:15:29] [309/326] CCKP
[22:15:30] [310/326] GPKA
[22:15:30] [311/326] MHCL
[22:15:31] [312/326] ATCL
[22:15:32] [313/326] SBCK
[22:15:33] [314/326] AMMR
[22:15:34] [315/326] MADC
[22:15:35] [316/326] TMMA
[22:15:36] [317/326] CACC
[22:15:37] [318/326] CHAL
[22:15:38] [319/326] DURG
[22:15:39] [320/326] GMKU
[22:15:39] [321/326] GECA
[22:15:40] [322/326] KYRR
[22:15:41] [323/326] KSDE
[22:15:42] [324/326] LMCI
[22:15:42] [325/326] NKCP
[22:15:43] [326/326] BGTC
[22:15:44] 🧹 Deduping shows
[22:15:44] ✅ DONE | Shows=475 | Movies=38
[03:55:50] 🚀 SCRIPT STARTED
[03:55:50] [1/326] BSAT
[03:55:50] 🧠 New identity created
[03:55:50] 🔄 Identity reset
[03:55:50] ❌ BSAT | RuntimeError
[03:55:51] [2/326] RSSM
[03:55:51] 🧠 New identity created
[03:55:51] 🔄 Identity reset
[03:55:51] ❌ RSSM | RuntimeError
[03:55:51] [3/326] GCTA
[03:55:51] 🧠 New identity created
[03:55:51] 🔄 Identity reset
[03:55:51] ❌ GCTA | RuntimeError
[03:55:52] [4/326] TOPN
[03:55:52] 🧠 New identity created
[03:55:52] 🔄 Identity reset
[03:55:52] ❌ TOPN | RuntimeError
[03:55:53] [5/326] MCUS
[03:55:53] 🧠 New identity created
[03:55:53] 🔄 Identity reset
[03:55:53] ❌ MCUS | RuntimeError
[03:55:53] [6/326] SHRL
[03:55:53] 🧠 New identity created
[03:55:53] 🔄 Identity reset
[03:55:53] ❌ SHRL | RuntimeError
[03:55:54] [7/326] UPTP
[03:55:54] 🧠 New identity created
[03:55:54] 🔄 Identity reset
[03:55:54] ❌ UPTP | RuntimeError
[03:55:54] [8/326] TMMP
[03:55:54] 🧠 New identity created
[03:55:54] 🔄 Identity reset
[03:55:54] ❌ TMMP | RuntimeError
[03:55:55] [9/326] DNRP
[03:55:55] 🧠 New identity created
[03:55:55] 🔄 Identity reset
[03:55:55] ❌ DNRP | RuntimeError
[03:55:55] [10/326] SRLT
[03:55:55] 🧠 New identity created
[03:55:55] 🔄 Identity reset
[03:55:55] ❌ SRLT | RuntimeError
[03:55:56] [11/326] RCNS
[03:55:56] 🧠 New identity created
[03:55:56] 🔄 Identity reset
[03:55:56] ❌ RCNS | RuntimeError
[03:55:57] [12/326] DCBH
[03:55:57] 🧠 New identity created
[03:55:57] 🔄 Identity reset
[03:55:57] ❌ DCBH | RuntimeError
[03:55:58] [13/326] NAGJ
[03:55:58] 🧠 New identity created
[03:55:58] 🔄 Identity reset
[03:55:58] ❌ NAGJ | RuntimeError
[03:55:58] [14/326] JVRC
[03:55:58] 🧠 New identity created
[03:55:58] 🔄 Identity reset
[03:55:58] ❌ JVRC | RuntimeError
[03:55:59] [15/326] KRJG
[03:55:59] 🧠 New identity created
[03:55:59] 🔄 Identity reset
[03:55:59] ❌ KRJG | RuntimeError
[03:56:00] [16/326] SRTJ
[03:56:00] 🧠 New identity created
[03:56:00] 🔄 Identity reset
[03:56:00] ❌ SRTJ | RuntimeError
[03:56:00] [17/326] CMXM
[03:56:00] 🧠 New identity created
[03:56:00] 🔄 Identity reset
[03:56:00] ❌ CMXM | RuntimeError
[03:56:01] [18/326] STMI
[03:56:01] 🧠 New identity created
[03:56:01] 🔄 Identity reset
[03:56:01] ❌ STMI | RuntimeError
[03:56:01] [19/326] SLST
[03:56:01] 🧠 New identity created
[03:56:02] 🔄 Identity reset
[03:56:02] ❌ SLST | RuntimeError
[03:56:02] [20/326] DTCN
[03:56:02] 🧠 New identity created
[03:56:02] 🔄 Identity reset
[03:56:02] ❌ DTCN | RuntimeError
[03:56:03] [21/326] STYN
[03:56:03] 🧠 New identity created
[03:56:03] 🔄 Identity reset
[03:56:03] ❌ STYN | RuntimeError
[03:56:03] [22/326] SZVR
[03:56:03] 🧠 New identity created
[03:56:04] 🔄 Identity reset
[03:56:04] ❌ SZVR | RuntimeError
[03:56:04] [23/326] SRKO
[03:56:04] 🧠 New identity created
[03:56:04] 🔄 Identity reset
[03:56:04] ❌ SRKO | RuntimeError
[03:56:05] [24/326] JTGT
[03:56:05] 🧠 New identity created
[03:56:05] 🔄 Identity reset
[03:56:05] ❌ JTGT | RuntimeError
[03:56:05] [25/326] SVFD
[03:56:05] 🧠 New identity created
[03:56:06] 🔄 Identity reset
[03:56:06] ❌ SVFD | RuntimeError
[03:56:06] [26/326] SISD
[03:56:06] 🧠 New identity created
[03:56:06] 🔄 Identity reset
[03:56:06] ❌ SISD | RuntimeError
[03:56:07] [27/326] ABDD
[03:56:07] 🧠 New identity created
[03:56:07] 🔄 Identity reset
[03:56:07] ❌ ABDD | RuntimeError
[03:56:07] [28/326] DRCA
[03:56:07] 🧠 New identity created
[03:56:07] 🔄 Identity reset
[03:56:07] ❌ DRCA | RuntimeError
[03:56:08] [29/326] AVCS
[03:56:08] 🧠 New identity created
[03:56:08] 🔄 Identity reset
[03:56:08] ❌ AVCS | RuntimeError
[03:56:09] [30/326] MVKH
[03:56:09] 🧠 New identity created
[03:56:09] 🔄 Identity reset
[03:56:09] ❌ MVKH | RuntimeError
[03:56:09] [31/326] ACPR
[03:56:09] 🧠 New identity created
[03:56:10] [32/326] STIP
[03:56:12] [33/326] MTRA
[03:56:13] [34/326] RMKH
[03:56:14] [35/326] NKRL
[03:56:15] [36/326] PCWN
[03:56:15] [37/326] BLMT
[03:56:16] [38/326] GDPG
[03:56:18] [39/326] SRMX
[03:56:19] [40/326] JACP
[03:56:20] [41/326] CPSH
[03:56:20] [42/326] MCCD
[03:56:21] [43/326] ECGH
[03:56:22] [44/326] MKCK
[03:56:23] [45/326] SRMM
[03:56:23] [46/326] SKYR
[03:56:24] [47/326] PCKC
[03:56:25] [48/326] JCMA
[03:56:26] [49/326] BSMP
[03:56:28] [50/326] VSPA
[03:56:28] [51/326] DJYA
[03:56:29] [52/326] DIMP
[03:56:30] [53/326] FXDR
[03:56:31] [54/326] SSRC
[03:56:32] [55/326] STHP
[03:56:33] [56/326] CPPD
[03:56:33] [57/326] FCLK
[03:56:34] [58/326] SCPP
[03:56:35] [59/326] DCMJ
[03:56:36] [60/326] RCCR
[03:56:36] [61/326] INMT
[03:56:37] [62/326] LXTK
[03:56:38] [63/326] SRYK
[03:56:39] [64/326] SGDK
[03:56:41] [65/326] PPKA
[03:56:42] [66/326] SPKA
[03:56:43] [67/326] CGHH
[03:56:44] [68/326] DCJN
[03:56:44] [69/326] SRKV
[03:56:46] [70/326] SAJC
[03:56:47] [71/326] SUSR
[03:56:48] [72/326] STYG
[03:56:48] [73/326] NTKP
[03:56:49] [74/326] AKTG
[03:56:50] [75/326] CGCM
[03:56:51] [76/326] TULC
[03:56:52] [77/326] NYYZ
[03:56:54] [78/326] NYBW
[03:56:55] [79/326] MACB
[03:56:56] [80/326] SLVT
[03:56:56] [81/326] SANA
[03:56:57] [82/326] ACMR
[03:56:58] [83/326] CPKN
[03:56:59] [84/326] DLGK
[03:57:00] [85/326] CWCK
[03:57:02] [86/326] FDDH
[03:57:03] [87/326] MMMD
[03:57:04] [88/326] CMEH
[03:57:05] [89/326] GGGV
[03:57:06] [90/326] SPJL
[03:57:07] [91/326] RCCD
[03:57:08] [92/326] STTZ
[03:57:09] [93/326] BTCF
[03:57:09] [94/326] TSTZ
[03:57:10] [95/326] IPMM
[03:57:11] [96/326] PMPW
[03:57:12] [97/326] PCMZ
[03:57:13] [98/326] ESEM
[03:57:14] [99/326] PIPO
[03:57:14] [100/326] MATK
[03:57:16] [101/326] PGHM
[03:57:17] [102/326] CTSR
[03:57:17] [103/326] CYKR
[03:57:18] [104/326] MSCM
[03:57:20] [105/326] RFNP
[03:57:21] [106/326] PDCP
[03:57:22] [107/326] NPSE
[03:57:22] [108/326] MKML
[03:57:23] [109/326] FTDP
[03:57:25] [110/326] MMXA
[03:57:26] [111/326] CEPO
[03:57:26] [112/326] CMVP
[03:57:28] [113/326] SGTH
[03:57:28] [114/326] SAYN
[03:57:29] [115/326] URVS
[03:57:30] [116/326] VJTN
[03:57:31] [117/326] BBYK
[03:57:32] [118/326] SHBO
[03:57:32] [119/326] VCMR
[03:57:33] [120/326] MACT
[03:57:34] [121/326] JMNP
[03:57:35] [122/326] VICS
[03:57:36] [123/326] VCDA
[03:57:36] [124/326] GCMM
[03:57:37] [125/326] INVS
[03:57:39] [126/326] SCGM
[03:57:40] [127/326] PCDA
[03:57:41] [128/326] KDCT
[03:57:42] [129/326] JACS
[03:57:43] [130/326] GMMC
[03:57:43] [131/326] AICM
[03:57:44] [132/326] TJCM
[03:57:50] [133/326] RMTI
[03:57:51] [134/326] SHAC
[03:57:52] [135/326] APJC
[03:57:52] [136/326] GCTG
[03:57:53] [137/326] SSMC
[03:57:54] [138/326] THRM
[03:57:55] [139/326] RBCT
[03:57:56] [140/326] DIKT
[03:57:56] [141/326] MIDL
[03:57:57] [142/326] VCSN
[03:57:58] [143/326] SKTG
[03:57:59] [144/326] SMWC
[03:57:59] [145/326] MNKH
[03:58:00] [146/326] PIAT
[03:58:01] [147/326] LTTP
[03:58:02] [148/326] PTPU
[03:58:02] [149/326] ACMG
[03:58:03] [150/326] SHMM
[03:58:04] [151/326] MCMN
[03:58:05] [152/326] GLDC
[03:58:06] [153/326] HOUT
[03:58:07] [154/326] SVRP
[03:58:08] [155/326] PVDN
[03:58:09] [156/326] SCPY
[03:58:10] [157/326] DTPY
[03:58:10] [158/326] GKCS
[03:58:11] [159/326] NCAM
[03:58:12] [160/326] BSRM
[03:58:13] [161/326] RCLC
[03:58:14] [162/326] SKKD
[03:58:15] [163/326] ACHU
[03:58:16] [164/326] RSCF
[03:58:17] [165/326] IMSH
[03:58:17] [166/326] MACX
[03:58:18] [167/326] HMMW
[03:58:19] [168/326] JTCP
[03:58:21] [169/326] SREN
[03:58:22] [170/326] PJRR
[03:58:22] [171/326] INAC
[03:58:23] [172/326] BMCA
[03:58:24] [173/326] SHCB
[03:58:25] [174/326] GABA
[03:58:26] [175/326] SBCT
[03:58:27] [176/326] GCMA
[03:58:28] [177/326] MYTK
[03:58:29] [178/326] INZS
[03:58:30] [179/326] RMIK
[03:58:31] [180/326] NYCH
[03:58:31] [181/326] RAVE
[03:58:32] [182/326] PSXM
[03:58:33] [183/326] MCGP
[03:58:34] [184/326] PDDK
[03:58:35] [185/326] SPCK
[03:58:37] [186/326] MCRL
[03:58:37] [187/326] MHKT
[03:58:38] [188/326] ANRR
[03:58:40] [189/326] SAPK
[03:58:41] [190/326] NCUK
[03:58:41] [191/326] JUGA
[03:58:43] [192/326] DBSC
[03:58:44] [193/326] LALK
[03:58:45] [194/326] GUCK
[03:58:46] [195/326] STSG
[03:58:46] [196/326] PPPZ
[03:58:47] [197/326] CNCY
[03:58:48] [198/326] MTAR
[03:58:49] [199/326] VNKD
[03:58:50] [200/326] KMAJ
[03:58:51] [201/326] ACXK
[03:58:52] [202/326] UTKC
[03:58:52] [203/326] PBLK
[03:58:53] [204/326] ACBX
[03:58:54] [205/326] PTGM
[03:58:55] [206/326] BTDA
[03:58:56] [207/326] PJMB
[03:58:56] [208/326] TPDA
[03:58:57] [209/326] AMOE
[03:58:58] [210/326] PRHT
[03:58:59] [211/326] PRTA
[03:59:00] [212/326] STAM
[03:59:01] [213/326] MSAA
[03:59:02] [214/326] SDLU
[03:59:03] [215/326] RCHH
[03:59:03] [216/326] KANT
[03:59:04] [217/326] FCRT
[03:59:05] [218/326] DNKM
[03:59:06] [219/326] RYCP
[03:59:06] [220/326] MYRP
[03:59:07] [221/326] PPAK
[03:59:08] [222/326] NVPK
[03:59:09] [223/326] PRMC
[03:59:09] [224/326] JBCS
[03:59:10] [225/326] GXCK
[03:59:11] [226/326] USKO
[03:59:12] [227/326] GTEM
[03:59:13] [228/326] SMBU
[03:59:13] [229/326] VETC
[03:59:14] [230/326] LCDA
[03:59:15] [231/326] MTVT
[03:59:16] [232/326] PYCP
[03:59:16] [233/326] PNSC
[03:59:17] [234/326] PPCC
[03:59:20] [235/326] TGRT
[03:59:20] [236/326] JYOT
[03:59:21] [237/326] SRCZ
[03:59:22] [238/326] SJTE
[03:59:23] [239/326] DESC
[03:59:24] [240/326] JHVN
[03:59:26] [241/326] IPSG
[03:59:27] [242/326] IPCM
[03:59:27] [243/326] PDRS
[03:59:28] [244/326] ANCV
[03:59:29] [245/326] CMVV
[03:59:30] [246/326] SHYP
[03:59:30] [247/326] DNCS
[03:59:31] [248/326] GAJK
[03:59:32] [249/326] AKTN
[03:59:33] [250/326] KAYA
[03:59:34] [251/326] SBRC
[03:59:34] [252/326] CHTP
[03:59:35] [253/326] SHRT
[03:59:36] [254/326] BCKU
[03:59:37] [255/326] FCPS
[03:59:38] [256/326] ARDD
[03:59:39] [257/326] CPCM
[03:59:40] [258/326] CGSM
[03:59:41] [259/326] PSMP
[03:59:42] [260/326] SDAL
[03:59:43] [261/326] RTNB
[03:59:43] [262/326] LMCR
[03:59:44] [263/326] CIMA
[03:59:45] [264/326] RNAS
[03:59:46] [265/326] LITH
[03:59:46] [266/326] PBOX
[03:59:47] [267/326] FRTS
[03:59:48] [268/326] RKIC
[03:59:49] [269/326] PTAI
[03:59:49] [270/326] GCIC
[03:59:51] [271/326] FNAS
[03:59:52] [272/326] SCAR
[03:59:53] [273/326] MTCA
[03:59:54] [274/326] SCTS
[03:59:55] [275/326] SYCS
[03:59:56] [276/326] RDMS
[03:59:57] [277/326] KAMP
[03:59:57] [278/326] ERSD
[03:59:58] [279/326] MJMJ
[03:59:59] [280/326] SRCJ
[04:00:00] [281/326] SCXE
[04:00:01] [282/326] SVFR
[04:00:02] [283/326] BHCS
[04:00:03] [284/326] IMCC
[04:00:03] [285/326] PCBO
[04:00:04] [286/326] PRVN
[04:00:05] [287/326] AUPM
[04:00:06] [288/326] INBW
[04:00:07] [289/326] SVCW
[04:00:08] [290/326] RKCF
[04:00:08] [291/326] UVBH
[04:00:09] [292/326] DNCY
[04:00:10] [293/326] ABCN
[04:00:11] [294/326] PRUR
[04:00:12] [295/326] PFMR
[04:00:12] [296/326] RKCN
[04:00:13] [297/326] CFEA
[04:00:14] [298/326] SDBG
[04:00:15] [299/326] SNAR
[04:00:16] [300/326] YISI
[04:00:16] [301/326] JCFF
[04:00:17] [302/326] VTRK
[04:00:18] [303/326] PCLZ
[04:00:19] [304/326] DIMY
[04:00:20] [305/326] BBTS
[04:00:20] [306/326] GATH
[04:00:21] [307/326] GTMN
[04:00:22] [308/326] VTMH
[04:00:23] [309/326] CCKP
[04:00:24] [310/326] GPKA
[04:00:25] [311/326] MHCL
[04:00:26] [312/326] ATCL
[04:00:27] [313/326] SBCK
[04:00:28] [314/326] AMMR
[04:00:29] [315/326] MADC
[04:00:30] [316/326] TMMA
[04:00:31] [317/326] CACC
[04:00:32] [318/326] CHAL
[04:00:33] [319/326] DURG
[04:00:34] [320/326] GMKU
[04:00:34] [321/326] GECA
[04:00:36] [322/326] KYRR
[04:00:37] [323/326] KSDE
[04:00:38] [324/326] LMCI
[04:00:38] [325/326] NKCP
[04:00:39] [326/326] BGTC
[04:00:40] 🧹 Deduping shows
[04:00:40] ✅ DONE | Shows=446 | Movies=38
[07:18:50] 🚀 SCRIPT STARTED
[07:18:50] [1/326] BSAT
[07:18:50] 🧠 New identity created
[07:18:50] 🔄 Identity reset
[07:18:50] ❌ BSAT | RuntimeError
[07:18:51] [2/326] RSSM
[07:18:51] 🧠 New identity created
[07:18:51] 🔄 Identity reset
[07:18:51] ❌ RSSM | RuntimeError
[07:18:51] [3/326] GCTA
[07:18:51] 🧠 New identity created
[07:18:52] 🔄 Identity reset
[07:18:52] ❌ GCTA | RuntimeError
[07:18:52] [4/326] TOPN
[07:18:52] 🧠 New identity created
[07:18:52] 🔄 Identity reset
[07:18:52] ❌ TOPN | RuntimeError
[07:18:53] [5/326] MCUS
[07:18:53] 🧠 New identity created
[07:18:53] 🔄 Identity reset
[07:18:53] ❌ MCUS | RuntimeError
[07:18:54] [6/326] SHRL
[07:18:54] 🧠 New identity created
[07:18:54] 🔄 Identity reset
[07:18:54] ❌ SHRL | RuntimeError
[07:18:54] [7/326] UPTP
[07:18:54] 🧠 New identity created
[07:18:54] 🔄 Identity reset
[07:18:54] ❌ UPTP | RuntimeError
[07:18:55] [8/326] TMMP
[07:18:55] 🧠 New identity created
[07:18:55] 🔄 Identity reset
[07:18:55] ❌ TMMP | RuntimeError
[07:18:55] [9/326] DNRP
[07:18:55] 🧠 New identity created
[07:18:56] 🔄 Identity reset
[07:18:56] ❌ DNRP | RuntimeError
[07:18:56] [10/326] SRLT
[07:18:56] 🧠 New identity created
[07:18:56] 🔄 Identity reset
[07:18:56] ❌ SRLT | RuntimeError
[07:18:57] [11/326] RCNS
[07:18:57] 🧠 New identity created
[07:18:57] 🔄 Identity reset
[07:18:57] ❌ RCNS | RuntimeError
[07:18:57] [12/326] DCBH
[07:18:57] 🧠 New identity created
[07:18:58] 🔄 Identity reset
[07:18:58] ❌ DCBH | RuntimeError
[07:18:58] [13/326] NAGJ
[07:18:58] 🧠 New identity created
[07:18:58] 🔄 Identity reset
[07:18:58] ❌ NAGJ | RuntimeError
[07:18:59] [14/326] JVRC
[07:18:59] 🧠 New identity created
[07:18:59] 🔄 Identity reset
[07:18:59] ❌ JVRC | RuntimeError
[07:19:00] [15/326] KRJG
[07:19:00] 🧠 New identity created
[07:19:00] 🔄 Identity reset
[07:19:00] ❌ KRJG | RuntimeError
[07:19:00] [16/326] SRTJ
[07:19:00] 🧠 New identity created
[07:19:01] 🔄 Identity reset
[07:19:01] ❌ SRTJ | RuntimeError
[07:19:01] [17/326] CMXM
[07:19:01] 🧠 New identity created
[07:19:01] 🔄 Identity reset
[07:19:01] ❌ CMXM | RuntimeError
[07:19:02] [18/326] STMI
[07:19:02] 🧠 New identity created
[07:19:02] 🔄 Identity reset
[07:19:02] ❌ STMI | RuntimeError
[07:19:02] [19/326] SLST
[07:19:03] 🧠 New identity created
[07:19:03] 🔄 Identity reset
[07:19:03] ❌ SLST | RuntimeError
[07:19:03] [20/326] DTCN
[07:19:03] 🧠 New identity created
[07:19:03] 🔄 Identity reset
[07:19:03] ❌ DTCN | RuntimeError
[07:19:04] [21/326] STYN
[07:19:04] 🧠 New identity created
[07:19:04] 🔄 Identity reset
[07:19:04] ❌ STYN | RuntimeError
[07:19:04] [22/326] SZVR
[07:19:04] 🧠 New identity created
[07:19:05] 🔄 Identity reset
[07:19:05] ❌ SZVR | RuntimeError
[07:19:05] [23/326] SRKO
[07:19:05] 🧠 New identity created
[07:19:05] 🔄 Identity reset
[07:19:05] ❌ SRKO | RuntimeError
[07:19:06] [24/326] JTGT
[07:19:06] 🧠 New identity created
[07:19:06] 🔄 Identity reset
[07:19:06] ❌ JTGT | RuntimeError
[07:19:06] [25/326] SVFD
[07:19:07] 🧠 New identity created
[07:19:07] 🔄 Identity reset
[07:19:07] ❌ SVFD | RuntimeError
[07:19:07] [26/326] SISD
[07:19:07] 🧠 New identity created
[07:19:08] [27/326] ABDD
[07:19:09] [28/326] DRCA
[07:19:10] [29/326] AVCS
[07:19:11] [30/326] MVKH
[07:19:11] [31/326] ACPR
[07:19:12] [32/326] STIP
[07:19:13] [33/326] MTRA
[07:19:14] [34/326] RMKH
[07:19:15] [35/326] NKRL
[07:19:16] [36/326] PCWN
[07:19:17] [37/326] BLMT
[07:19:18] [38/326] GDPG
[07:19:19] [39/326] SRMX
[07:19:19] [40/326] JACP
[07:19:20] [41/326] CPSH
[07:19:21] [42/326] MCCD
[07:19:22] [43/326] ECGH
[07:19:23] [44/326] MKCK
[07:19:24] [45/326] SRMM
[07:19:25] [46/326] SKYR
[07:19:26] [47/326] PCKC
[07:19:27] [48/326] JCMA
[07:19:28] [49/326] BSMP
[07:19:29] [50/326] VSPA
[07:19:30] [51/326] DJYA
[07:19:31] [52/326] DIMP
[07:19:32] [53/326] FXDR
[07:19:33] [54/326] SSRC
[07:19:34] [55/326] STHP
[07:19:35] [56/326] CPPD
[07:19:36] [57/326] FCLK
[07:19:36] [58/326] SCPP
[07:19:38] [59/326] DCMJ
[07:19:39] [60/326] RCCR
[07:19:40] [61/326] INMT
[07:19:41] [62/326] LXTK
[07:19:41] [63/326] SRYK
[07:19:42] [64/326] SGDK
[07:19:43] [65/326] PPKA
[07:19:44] [66/326] SPKA
[07:19:45] [67/326] CGHH
[07:19:46] [68/326] DCJN
[07:19:47] [69/326] SRKV
[07:19:48] [70/326] SAJC
[07:19:49] [71/326] SUSR
[07:19:49] [72/326] STYG
[07:19:50] [73/326] NTKP
[07:19:51] [74/326] AKTG
[07:19:52] [75/326] CGCM
[07:19:53] [76/326] TULC
[07:19:54] [77/326] NYYZ
[07:19:54] [78/326] NYBW
[07:19:55] [79/326] MACB
[07:19:56] [80/326] SLVT
[07:19:57] [81/326] SANA
[07:19:58] [82/326] ACMR
[07:19:59] [83/326] CPKN
[07:20:00] [84/326] DLGK
[07:20:01] [85/326] CWCK
[07:20:01] [86/326] FDDH
[07:20:02] [87/326] MMMD
[07:20:03] [88/326] CMEH
[07:20:04] [89/326] GGGV
[07:20:05] [90/326] SPJL
[07:20:06] [91/326] RCCD
[07:20:07] [92/326] STTZ
[07:20:08] [93/326] BTCF
[07:20:09] [94/326] TSTZ
[07:20:10] [95/326] IPMM
[07:20:11] [96/326] PMPW
[07:20:11] [97/326] PCMZ
[07:20:12] [98/326] ESEM
[07:20:13] [99/326] PIPO
[07:20:14] [100/326] MATK
[07:20:15] [101/326] PGHM
[07:20:16] [102/326] CTSR
[07:20:16] [103/326] CYKR
[07:20:17] [104/326] MSCM
[07:20:18] [105/326] RFNP
[07:20:19] [106/326] PDCP
[07:20:20] [107/326] NPSE
[07:20:21] [108/326] MKML
[07:20:23] [109/326] FTDP
[07:20:24] [110/326] MMXA
[07:20:25] [111/326] CEPO
[07:20:26] [112/326] CMVP
[07:20:27] [113/326] SGTH
[07:20:28] [114/326] SAYN
[07:20:29] [115/326] URVS
[07:20:30] [116/326] VJTN
[07:20:31] [117/326] BBYK
[07:20:32] [118/326] SHBO
[07:20:32] [119/326] VCMR
[07:20:33] [120/326] MACT
[07:20:34] [121/326] JMNP
[07:20:35] [122/326] VICS
[07:20:36] [123/326] VCDA
[07:20:37] [124/326] GCMM
[07:20:38] [125/326] INVS
[07:20:39] [126/326] SCGM
[07:20:40] [127/326] PCDA
[07:20:41] [128/326] KDCT
[07:20:43] [129/326] JACS
[07:20:44] [130/326] GMMC
[07:20:45] [131/326] AICM
[07:20:46] [132/326] TJCM
[07:20:46] [133/326] RMTI
[07:20:47] [134/326] SHAC
[07:20:48] [135/326] APJC
[07:20:49] [136/326] GCTG
[07:20:50] [137/326] SSMC
[07:20:51] [138/326] THRM
[07:20:52] [139/326] RBCT
[07:20:53] [140/326] DIKT
[07:20:53] [141/326] MIDL
[07:20:54] [142/326] VCSN
[07:20:55] [143/326] SKTG
[07:20:56] [144/326] SMWC
[07:20:57] [145/326] MNKH
[07:20:58] [146/326] PIAT
[07:20:59] [147/326] LTTP
[07:20:59] [148/326] PTPU
[07:21:00] [149/326] ACMG
[07:21:01] [150/326] SHMM
[07:21:03] [151/326] MCMN
[07:21:04] [152/326] GLDC
[07:21:04] [153/326] HOUT
[07:21:05] [154/326] SVRP
[07:21:06] [155/326] PVDN
[07:21:07] [156/326] SCPY
[07:21:08] [157/326] DTPY
[07:21:09] [158/326] GKCS
[07:21:10] [159/326] NCAM
[07:21:11] [160/326] BSRM
[07:21:11] [161/326] RCLC
[07:21:12] [162/326] SKKD
[07:21:13] [163/326] ACHU
[07:21:14] [164/326] RSCF
[07:21:15] [165/326] IMSH
[07:21:15] [166/326] MACX
[07:21:16] [167/326] HMMW
[07:21:17] [168/326] JTCP
[07:21:18] [169/326] SREN
[07:21:18] [170/326] PJRR
[07:21:19] [171/326] INAC
[07:21:20] [172/326] BMCA
[07:21:21] [173/326] SHCB
[07:21:22] [174/326] GABA
[07:21:22] [175/326] SBCT
[07:21:23] [176/326] GCMA
[07:21:24] [177/326] MYTK
[07:21:25] [178/326] INZS
[07:21:26] [179/326] RMIK
[07:21:27] [180/326] NYCH
[07:21:28] [181/326] RAVE
[07:21:29] [182/326] PSXM
[07:21:30] [183/326] MCGP
[07:21:31] [184/326] PDDK
[07:21:31] [185/326] SPCK
[07:21:33] [186/326] MCRL
[07:21:34] [187/326] MHKT
[07:21:35] [188/326] ANRR
[07:21:36] [189/326] SAPK
[07:21:37] [190/326] NCUK
[07:21:38] [191/326] JUGA
[07:21:39] [192/326] DBSC
[07:21:40] [193/326] LALK
[07:21:41] [194/326] GUCK
[07:21:41] [195/326] STSG
[07:21:43] [196/326] PPPZ
[07:21:44] [197/326] CNCY
[07:21:44] [198/326] MTAR
[07:21:45] [199/326] VNKD
[07:21:46] [200/326] KMAJ
[07:21:47] [201/326] ACXK
[07:21:48] [202/326] UTKC
[07:21:49] [203/326] PBLK
[07:21:49] [204/326] ACBX
[07:21:50] [205/326] PTGM
[07:21:51] [206/326] BTDA
[07:21:52] [207/326] PJMB
[07:21:54] [208/326] TPDA
[07:21:54] [209/326] AMOE
[07:21:55] [210/326] PRHT
[07:21:56] [211/326] PRTA
[07:21:58] [212/326] STAM
[07:21:59] [213/326] MSAA
[07:21:59] [214/326] SDLU
[07:22:00] [215/326] RCHH
[07:22:01] [216/326] KANT
[07:22:02] [217/326] FCRT
[07:22:03] [218/326] DNKM
[07:22:04] [219/326] RYCP
[07:22:04] [220/326] MYRP
[07:22:05] [221/326] PPAK
[07:22:07] [222/326] NVPK
[07:22:08] [223/326] PRMC
[07:22:09] [224/326] JBCS
[07:22:10] [225/326] GXCK
[07:22:10] [226/326] USKO
[07:22:11] [227/326] GTEM
[07:22:12] [228/326] SMBU
[07:22:13] [229/326] VETC
[07:22:14] [230/326] LCDA
[07:22:14] [231/326] MTVT
[07:22:15] [232/326] PYCP
[07:22:16] [233/326] PNSC
[07:22:18] [234/326] PPCC
[07:22:18] [235/326] TGRT
[07:22:19] [236/326] JYOT
[07:22:20] [237/326] SRCZ
[07:22:21] [238/326] SJTE
[07:22:22] [239/326] DESC
[07:22:23] [240/326] JHVN
[07:22:24] [241/326] IPSG
[07:22:24] [242/326] IPCM
[07:22:25] [243/326] PDRS
[07:22:26] [244/326] ANCV
[07:22:27] [245/326] CMVV
[07:22:28] [246/326] SHYP
[07:22:29] [247/326] DNCS
[07:22:30] [248/326] GAJK
[07:22:31] [249/326] AKTN
[07:22:32] [250/326] KAYA
[07:22:33] [251/326] SBRC
[07:22:34] [252/326] CHTP
[07:22:35] [253/326] SHRT
[07:22:36] [254/326] BCKU
[07:22:37] [255/326] FCPS
[07:22:38] [256/326] ARDD
[07:22:39] [257/326] CPCM
[07:22:40] [258/326] CGSM
[07:22:41] [259/326] PSMP
[07:22:42] [260/326] SDAL
[07:22:43] [261/326] RTNB
[07:22:44] [262/326] LMCR
[07:22:45] [263/326] CIMA
[07:22:46] [264/326] RNAS
[07:22:46] [265/326] LITH
[07:22:47] [266/326] PBOX
[07:22:48] [267/326] FRTS
[07:22:48] [268/326] RKIC
[07:22:49] [269/326] PTAI
[07:22:50] [270/326] GCIC
[07:22:51] [271/326] FNAS
[07:22:52] [272/326] SCAR
[07:22:53] [273/326] MTCA
[07:22:54] [274/326] SCTS
[07:22:54] [275/326] SYCS
[07:22:55] [276/326] RDMS
[07:22:57] [277/326] KAMP
[07:22:57] [278/326] ERSD
[07:22:58] [279/326] MJMJ
[07:22:59] [280/326] SRCJ
[07:23:00] [281/326] SCXE
[07:23:01] [282/326] SVFR
[07:23:02] [283/326] BHCS
[07:23:02] [284/326] IMCC
[07:23:03] [285/326] PCBO
[07:23:04] [286/326] PRVN
[07:23:05] [287/326] AUPM
[07:23:05] [288/326] INBW
[07:23:06] [289/326] SVCW
[07:23:07] [290/326] RKCF
[07:23:08] [291/326] UVBH
[07:23:09] [292/326] DNCY
[07:23:09] [293/326] ABCN
[07:23:11] [294/326] PRUR
[07:23:12] [295/326] PFMR
[07:23:13] [296/326] RKCN
[07:23:14] [297/326] CFEA
[07:23:14] [298/326] SDBG
[07:23:15] [299/326] SNAR
[07:23:16] [300/326] YISI
[07:23:17] [301/326] JCFF
[07:23:18] [302/326] VTRK
[07:23:19] [303/326] PCLZ
[07:23:20] [304/326] DIMY
[07:23:20] [305/326] BBTS
[07:23:21] [306/326] GATH
[07:23:22] [307/326] GTMN
[07:23:23] [308/326] VTMH
[07:23:24] [309/326] CCKP
[07:23:24] [310/326] GPKA
[07:23:25] [311/326] MHCL
[07:23:26] [312/326] ATCL
[07:23:27] [313/326] SBCK
[07:23:27] [314/326] AMMR
[07:23:29] [315/326] MADC
[07:23:30] [316/326] TMMA
[07:23:30] [317/326] CACC
[07:23:31] [318/326] CHAL
[07:23:32] [319/326] DURG
[07:23:33] [320/326] GMKU
[07:23:34] [321/326] GECA
[07:23:35] [322/326] KYRR
[07:23:36] [323/326] KSDE
[07:23:36] [324/326] LMCI
[07:23:37] [325/326] NKCP
[07:23:38] [326/326] BGTC
[07:23:39] 🧹 Deduping shows
[07:23:39] ✅ DONE | Shows=461 | Movies=39
