[09:39:56] 🚀 SCRIPT STARTED
[09:39:56] [1/445] TGMR
[09:39:56] 🧠 New identity created
[09:39:57] [2/445] CXKR
[09:39:58] [3/445] SROP
[09:39:59] [4/445] GTSV
[09:40:00] [5/445] SNTY
[09:40:00] [6/445] SMYY
[09:40:01] [7/445] CNCS
[09:40:02] [8/445] CSTM
[09:40:03] [9/445] NUCD
[09:40:04] [10/445] SHCZ
[09:40:05] [11/445] NJCT
[09:40:06] [12/445] COPC
[09:40:07] [13/445] STVV
[09:40:07] [14/445] SKRN
[09:40:08] [15/445] APPZ
[09:40:09] [16/445] YMGN
[09:40:10] [17/445] SVTU
[09:40:11] [18/445] GTAD
[09:40:12] [19/445] PSUS
[09:40:13] [20/445] SMCD
[09:40:14] [21/445] CMCM
[09:40:15] [22/445] SYCT
[09:40:16] [23/445] STLY
[09:40:18] [24/445] CMHU
[09:40:19] [25/445] CMSA
[09:40:20] [26/445] CLCU
[09:40:21] [27/445] PPNT
[09:40:21] [28/445] JTAB
[09:40:22] [29/445] BUUC
[09:40:23] [30/445] BSVK
[09:40:24] [31/445] VVVQ
[09:40:25] [32/445] TKMU
[09:40:26] [33/445] ESYL
[09:40:27] [34/445] ACHP
[09:40:28] [35/445] BTKD
[09:40:28] [36/445] DESA
[09:40:29] [37/445] GBCT
[09:40:30] [38/445] BLLD
[09:40:31] [39/445] SKNT
[09:40:32] [40/445] SSTE
[09:40:32] [41/445] VJMR
[09:40:33] [42/445] NTPU
[09:40:34] [43/445] RDKN
[09:40:35] [44/445] ADGC
[09:40:36] [45/445] VRBP
[09:40:37] [46/445] NMNA
[09:40:39] [47/445] CMMX
[09:40:40] [48/445] PTKO
[09:40:41] [49/445] RBML
[09:40:42] [50/445] SAIC
[09:40:43] [51/445] SVTJ
[09:40:43] [52/445] MRTE
[09:40:44] [53/445] RBTP
[09:40:46] [54/445] NLPS
[09:40:47] [55/445] GTNA
[09:40:49] [56/445] DGGC
[09:40:50] [57/445] SMCR
[09:40:51] [58/445] SCGD
[09:40:52] [59/445] SRRJ
[09:40:53] [60/445] CNRY
[09:40:54] [61/445] KTDI
[09:40:55] [62/445] SNJL
[09:40:56] [63/445] RKMD
[09:40:56] [64/445] SMDC
[09:40:57] [65/445] TADG
[09:40:58] [66/445] MCGS
[09:40:59] [67/445] PETK
[09:41:00] [68/445] CHAG
[09:41:01] [69/445] KSTL
[09:41:02] [70/445] AADS
[09:41:03] [71/445] NTHZ
[09:41:04] [72/445] HCKI
[09:41:05] [73/445] SSEF
[09:41:06] [74/445] MCGX
[09:41:08] [75/445] ERRA
[09:41:08] [76/445] SDTW
[09:41:09] [77/445] RMPK
[09:41:10] [78/445] PTHK
[09:41:11] [79/445] PXCS
[09:41:12] [80/445] SVLU
[09:41:14] [81/445] STAH
[09:41:15] [82/445] JRGF
[09:41:16] [83/445] CDOK
[09:41:17] [84/445] CMSG
[09:41:18] [85/445] APTD
[09:41:19] [86/445] KMPG
[09:41:20] [87/445] MUTJ
[09:41:21] [88/445] VCCI
[09:41:22] [89/445] URBE
[09:41:23] [90/445] TCTS
[09:41:25] [91/445] STSN
[09:41:25] [92/445] AKCH
[09:41:26] [93/445] APSC
[09:41:27] [94/445] VLTB
[09:41:28] [95/445] SANU
[09:41:29] [96/445] AXAM
[09:41:29] [97/445] MGMG
[09:41:30] [98/445] HTBY
[09:41:32] [99/445] MMZS
[09:41:33] [100/445] SUDR
[09:41:33] [101/445] CCAD
[09:41:34] [102/445] SKKC
[09:41:35] [103/445] RMCD
[09:41:36] [104/445] SBCQ
[09:41:37] [105/445] DCCT
[09:41:38] [106/445] VTKP
[09:41:38] [107/445] MLAM
[09:41:39] [108/445] SAVT
[09:41:40] [109/445] GEPL
[09:41:41] [110/445] AMCD
[09:41:42] [111/445] CCXR
[09:41:44] [112/445] GRNG
[09:41:44] [113/445] EBCA
[09:41:45] [114/445] CNVG
[09:41:46] [115/445] MWSS
[09:41:47] [116/445] VBOR
[09:41:48] [117/445] NEEB
[09:41:49] [118/445] SUTH
[09:41:49] [119/445] ANDB
[09:41:50] [120/445] MMXS
[09:41:51] [121/445] CNPD
[09:41:52] [122/445] SDCE
[09:41:53] [123/445] DHCB
[09:41:54] [124/445] ODEN
[09:41:55] [125/445] TNTC
[09:41:56] [126/445] VBKM
[09:41:57] [127/445] RZYM
[09:41:58] [128/445] JEMC
[09:41:59] [129/445] CMAU
[09:42:00] [130/445] SIVP
[09:42:01] [131/445] ATAG
[09:42:02] [132/445] CHTM
[09:42:03] [133/445] AAEE
[09:42:03] [134/445] IWPM
[09:42:04] [135/445] KCMW
[09:42:05] [136/445] MCTD
[09:42:06] [137/445] SPWR
[09:42:07] [138/445] SDPO
[09:42:08] [139/445] PCSK
[09:42:09] [140/445] ACHV
[09:42:09] [141/445] SVLA
[09:42:10] [142/445] PICT
[09:42:11] [143/445] BXDR
[09:42:12] [144/445] SPWA
[09:42:13] [145/445] MCKO
[09:42:14] [146/445] RTHK
[09:42:15] [147/445] CCMF
[09:42:16] [148/445] MRGB
[09:42:17] [149/445] CPLC
[09:42:18] [150/445] RACD
[09:42:19] [151/445] ATKT
[09:42:20] [152/445] SARN
[09:42:21] [153/445] KKUI
[09:42:22] [154/445] RGCM
[09:42:23] [155/445] BRVP
[09:42:24] [156/445] HRSR
[09:42:25] [157/445] GKGM
[09:42:26] [158/445] TTCD
[09:42:27] [159/445] PTTI
[09:42:28] [160/445] MPTT
[09:42:28] [161/445] CVTT
[09:42:29] [162/445] PCXD
[09:42:30] [163/445] GCDC
[09:42:31] [164/445] CCCF
[09:42:32] [165/445] MRAD
[09:42:33] [166/445] CPLK
[09:42:34] [167/445] SATB
[09:42:35] [168/445] SNVG
[09:42:36] [169/445] JMBA
[09:42:37] [170/445] TEJA
[09:42:38] [171/445] STYO
[09:42:38] [172/445] JTBP
[09:42:40] [173/445] KRGD
[09:42:41] [174/445] SLJJ
[09:42:42] [175/445] SPTJ
[09:42:42] [176/445] SWJG
[09:42:43] [177/445] LKRT
[09:42:44] [178/445] KCKA
[09:42:45] [179/445] SNCR
[09:42:46] [180/445] SMKL
[09:42:47] [181/445] GCFA
[09:42:47] [182/445] DDCK
[09:42:48] [183/445] NCHJ
[09:42:49] [184/445] RDMA
[09:42:50] [185/445] SVSV
[09:42:51] [186/445] SCJG
[09:42:51] [187/445] VKLP
[09:42:52] [188/445] NWCC
[09:42:53] [189/445] VKNS
[09:42:54] [190/445] SDDP
[09:42:55] [191/445] ACSI
[09:42:56] [192/445] SATG
[09:42:56] [193/445] SCMW
[09:42:57] [194/445] LKTK
[09:42:59] [195/445] VCKV
[09:43:00] [196/445] KKPE
[09:43:00] [197/445] KIGH
[09:43:01] [198/445] SRPM
[09:43:02] [199/445] SCAH
[09:43:03] [200/445] MUTA
[09:43:04] [201/445] SEPU
[09:43:05] [202/445] INOA
[09:43:06] [203/445] BASK
[09:43:06] [204/445] NECB
[09:43:07] [205/445] GTTG
[09:43:08] [206/445] ASSA
[09:43:09] [207/445] ANCL
[09:43:10] [208/445] GCTI
[09:43:11] [209/445] RCTS
[09:43:12] [210/445] ACNL
[09:43:12] [211/445] MYCT
[09:43:13] [212/445] NMHT
[09:43:14] [213/445] MDIT
[09:43:15] [214/445] LATG
[09:43:16] [215/445] SMTY
[09:43:17] [216/445] CVCT
[09:43:18] [217/445] RAMB
[09:43:18] [218/445] TGMS
[09:43:19] [219/445] BHEL
[09:43:20] [220/445] SHCT
[09:43:21] [221/445] SVCT
[09:43:22] [222/445] MRIY
[09:43:23] [223/445] SARO
[09:43:23] [224/445] STCT
[09:43:24] [225/445] JKKC
[09:43:25] [226/445] PLTT
[09:43:26] [227/445] SRNT
[09:43:27] [228/445] YAST
[09:43:28] [229/445] PERL
[09:43:28] [230/445] CICM
[09:43:29] [231/445] MMTR
[09:43:31] [232/445] ABTK
[09:43:32] [233/445] ATYY
[09:43:33] [234/445] ASTK
[09:43:34] [235/445] VVCK
[09:43:34] [236/445] ATKY
[09:43:35] [237/445] GWEK
[09:43:36] [238/445] SVFH
[09:43:37] [239/445] SLTA
[09:43:38] [240/445] AASH
[09:43:39] [241/445] ACXB
[09:43:40] [242/445] SMTX
[09:43:41] [243/445] AZDH
[09:43:41] [244/445] CMMH
[09:43:42] [245/445] SCSZ
[09:43:43] [246/445] SCKP
[09:43:44] [247/445] NXTM
[09:43:45] [248/445] NWCS
[09:43:46] [249/445] CXMH
[09:43:47] [250/445] PCMA
[09:43:48] [251/445] SGCM
[09:43:49] [252/445] SDTU
[09:43:50] [253/445] MMVI
[09:43:51] [254/445] JKCM
[09:43:52] [255/445] VCMM
[09:43:52] [256/445] SYEE
[09:43:53] [257/445] VASD
[09:43:54] [258/445] BDRB
[09:43:55] [259/445] LASM
[09:43:56] [260/445] DCRL
[09:43:57] [261/445] DVPM
[09:43:57] [262/445] SBMJ
[09:43:58] [263/445] CBMU
[09:43:59] [264/445] IUBS
[09:44:00] [265/445] INAP
[09:44:00] [266/445] SRRC
[09:44:01] [267/445] SAGR
[09:44:02] [268/445] CPMJ
[09:44:04] [269/445] ATJL
[09:44:04] [270/445] NNTD
[09:44:05] [271/445] JHCJ
[09:44:06] [272/445] CMMP
[09:44:07] [273/445] RSDR
[09:44:08] [274/445] AMTI
[09:44:10] [275/445] NYSG
[09:44:11] [276/445] AVSG
[09:44:12] [277/445] SYTP
[09:44:13] [278/445] LARC
[09:44:14] [279/445] RJTP
[09:44:15] [280/445] LAKC
[09:44:16] [281/445] MCXE
[09:44:17] [282/445] CCZC
[09:44:19] [283/445] AVCH
[09:44:20] [284/445] CMBE
[09:44:22] [285/445] MRRC
[09:44:22] [286/445] PCPY
[09:44:23] [287/445] SRMH
[09:44:24] [288/445] SVGS
[09:44:26] [289/445] PCSE
[09:44:26] [290/445] SVFT
[09:44:28] [291/445] TNZP
[09:44:29] [292/445] ICTP
[09:44:31] [293/445] ACTZ
[09:44:32] [294/445] GTUR
[09:44:32] [295/445] MAFC
[09:44:33] [296/445] MINL
[09:44:34] [297/445] MRCL
[09:44:35] [298/445] RCRP
[09:44:36] [299/445] RFFG
[09:44:37] [300/445] RMAS
[09:44:38] [301/445] INVR
[09:44:38] [302/445] RMAR
[09:44:40] [303/445] CNIS
[09:44:41] [304/445] RHRJ
[09:44:42] [305/445] INXR
[09:44:42] [306/445] VALT
[09:44:43] [307/445] LCSH
[09:44:45] [308/445] CMVS
[09:44:46] [309/445] CNMS
[09:44:47] [310/445] ROOG
[09:44:49] [311/445] ISRM
[09:44:49] [312/445] RCRM
[09:44:50] [313/445] ACJA
[09:44:51] [314/445] RCVS
[09:44:52] [315/445] CPUS
[09:44:53] [316/445] TGCS
[09:44:54] [317/445] RKCJ
[09:44:55] [318/445] MKSB
[09:44:56] [319/445] TCSJ
[09:44:57] [320/445] RMGP
[09:44:58] [321/445] CLLP
[09:44:58] [322/445] RCMV
[09:44:59] [323/445] CCKS
[09:45:00] [324/445] RSRP
[09:45:01] [325/445] APLP
[09:45:02] [326/445] CNVS
[09:45:03] [327/445] RMVY
[09:45:04] [328/445] PGBD
[09:45:05] [329/445] KLMS
[09:45:06] [330/445] RUST
[09:45:07] [331/445] MASM
[09:45:08] [332/445] BACS
[09:45:09] [333/445] BWST
[09:45:10] [334/445] RRFH
[09:45:11] [335/445] SJTM
[09:45:12] [336/445] BEMR
[09:45:13] [337/445] MCGR
[09:45:14] [338/445] SDSK
[09:45:15] [339/445] VBOL
[09:45:16] [340/445] RMGM
[09:45:17] [341/445] NOPL
[09:45:19] [342/445] MKJK
[09:45:20] [343/445] CVRN
[09:45:21] [344/445] MMEN
[09:45:22] [345/445] AMNG
[09:45:23] [346/445] INTM
[09:45:24] [347/445] SLCZ
[09:45:25] [348/445] AMJN
[09:45:25] [349/445] ACJN
[09:45:26] [350/445] AMKN
[09:45:27] [351/445] BTCN
[09:45:28] [352/445] AMBT
[09:45:29] [353/445] PACN
[09:45:30] [354/445] LCNS
[09:45:31] [355/445] PPKC
[09:45:32] [356/445] JYYN
[09:45:34] [357/445] JTNR
[09:45:34] [358/445] GTEE
[09:45:35] [359/445] SRNM
[09:45:36] [360/445] SDTC
[09:45:37] [361/445] VPCA
[09:45:38] [362/445] VLRA
[09:45:39] [363/445] SHKR
[09:45:39] [364/445] SBKD
[09:45:40] [365/445] SAAD
[09:45:41] [366/445] JTGN
[09:45:42] [367/445] SLAM
[09:45:43] [368/445] VTPM
[09:45:44] [369/445] ANPT
[09:45:44] [370/445] PUNB
[09:45:46] [371/445] CPKT
[09:45:47] [372/445] CNWE
[09:45:48] [373/445] ECPP
[09:45:49] [374/445] CPAR
[09:45:51] [375/445] ESBW
[09:45:52] [376/445] PKPU
[09:45:53] [377/445] CPRP
[09:45:53] [378/445] RAHU
[09:45:55] [379/445] RHMN
[09:45:57] [380/445] FMJP
[09:45:58] [381/445] CTMP
[09:45:58] [382/445] INPN
[09:45:59] [383/445] STTG
[09:46:00] [384/445] CTRD
[09:46:01] [385/445] PUVB
[09:46:02] [386/445] ESVP
[09:46:02] [387/445] CPFT
[09:46:03] [388/445] LCPC
[09:46:04] [389/445] VBCT
[09:46:05] [390/445] FSCW
[09:46:06] [391/445] VCMP
[09:46:07] [392/445] ASHC
[09:46:08] [393/445] VLCX
[09:46:09] [394/445] SHEV
[09:46:10] [395/445] APCO
[09:46:11] [396/445] SILC
[09:46:12] [397/445] SNMR
[09:46:13] [398/445] KYBO
[09:46:13] [399/445] SATK
[09:46:14] [400/445] SSCS
[09:46:15] [401/445] CLSB
[09:46:16] [402/445] KMJR
[09:46:17] [403/445] FSCK
[09:46:18] [404/445] NNKA
[09:46:19] [405/445] CLMK
[09:46:19] [406/445] DMPZ
[09:46:20] [407/445] INQM
[09:46:21] [408/445] CAML
[09:46:22] [409/445] INRK
[09:46:23] [410/445] IMKN
[09:46:25] [411/445] SVNR
[09:46:25] [412/445] INSL
[09:46:26] [413/445] MSMA
[09:46:27] [414/445] MCKK
[09:46:28] [415/445] FCHP
[09:46:29] [416/445] SFCR
[09:46:30] [417/445] NACK
[09:46:31] [418/445] PVAK
[09:46:32] [419/445] INER
[09:46:33] [420/445] RDBK
[09:46:34] [421/445] SVFN
[09:46:35] [422/445] IFRM
[09:46:36] [423/445] ATCK
[09:46:36] [424/445] ASKO
[09:46:38] [425/445] STKT
[09:46:39] [426/445] SVFB
[09:46:40] [427/445] INKS
[09:46:41] [428/445] PCRA
[09:46:42] [429/445] ATJA
[09:46:42] [430/445] IMJN
[09:46:43] [431/445] INHD
[09:46:44] [432/445] BARA
[09:46:46] [433/445] MCSL
[09:46:46] [434/445] RTOY
[09:46:47] [435/445] MENO
[09:46:48] [436/445] PUDM
[09:46:50] [437/445] PRCN
[09:46:51] [438/445] JMJR
[09:46:52] [439/445] SSGK
[09:46:52] [440/445] SSRL
[09:46:53] [441/445] JYKL
[09:46:54] [442/445] ACNB
[09:46:55] [443/445] SONP
[09:46:56] [444/445] EMCI
[09:46:57] [445/445] MRJH
[09:46:58] 🧹 Deduping shows
[09:46:58] ✅ DONE | Shows=124 | Movies=15
[16:59:17] 🚀 SCRIPT STARTED
[16:59:17] [1/445] TGMR
[16:59:17] 🧠 New identity created
[16:59:18] [2/445] CXKR
[16:59:19] [3/445] SROP
[16:59:20] [4/445] GTSV
[16:59:21] [5/445] SNTY
[16:59:22] [6/445] SMYY
[16:59:22] [7/445] CNCS
[16:59:24] [8/445] CSTM
[16:59:25] [9/445] NUCD
[16:59:25] [10/445] SHCZ
[16:59:26] [11/445] NJCT
[16:59:27] [12/445] COPC
[16:59:29] [13/445] STVV
[16:59:30] [14/445] SKRN
[16:59:30] [15/445] APPZ
[16:59:32] [16/445] YMGN
[16:59:33] [17/445] SVTU
[16:59:34] [18/445] GTAD
[16:59:35] [19/445] PSUS
[16:59:36] [20/445] SMCD
[16:59:36] [21/445] CMCM
[16:59:37] [22/445] SYCT
[16:59:38] [23/445] STLY
[16:59:39] [24/445] CMHU
[16:59:40] [25/445] CMSA
[16:59:41] [26/445] CLCU
[16:59:42] [27/445] PPNT
[16:59:43] [28/445] JTAB
[16:59:44] [29/445] BUUC
[16:59:45] [30/445] BSVK
[16:59:46] [31/445] VVVQ
[16:59:47] [32/445] TKMU
[16:59:48] [33/445] ESYL
[16:59:48] [34/445] ACHP
[16:59:49] [35/445] BTKD
[16:59:51] [36/445] DESA
[16:59:51] [37/445] GBCT
[16:59:52] [38/445] BLLD
[16:59:53] [39/445] SKNT
[16:59:54] [40/445] SSTE
[16:59:54] [41/445] VJMR
[16:59:55] [42/445] NTPU
[16:59:56] [43/445] RDKN
[16:59:57] [44/445] ADGC
[16:59:58] [45/445] VRBP
[16:59:58] [46/445] NMNA
[16:59:59] [47/445] CMMX
[17:00:00] [48/445] PTKO
[17:00:01] [49/445] RBML
[17:00:02] [50/445] SAIC
[17:00:03] [51/445] SVTJ
[17:00:04] [52/445] MRTE
[17:00:05] [53/445] RBTP
[17:00:06] [54/445] NLPS
[17:00:07] [55/445] GTNA
[17:00:07] [56/445] DGGC
[17:00:08] [57/445] SMCR
[17:00:09] [58/445] SCGD
[17:00:10] [59/445] SRRJ
[17:00:10] [60/445] CNRY
[17:00:11] [61/445] KTDI
[17:00:12] [62/445] SNJL
[17:00:13] [63/445] RKMD
[17:00:14] [64/445] SMDC
[17:00:15] [65/445] TADG
[17:00:16] [66/445] MCGS
[17:00:17] [67/445] PETK
[17:00:17] [68/445] CHAG
[17:00:19] [69/445] KSTL
[17:00:20] [70/445] AADS
[17:00:21] [71/445] NTHZ
[17:00:22] [72/445] HCKI
[17:00:23] [73/445] SSEF
[17:00:23] [74/445] MCGX
[17:00:24] [75/445] ERRA
[17:00:25] [76/445] SDTW
[17:00:26] [77/445] RMPK
[17:00:27] [78/445] PTHK
[17:00:28] [79/445] PXCS
[17:00:28] [80/445] SVLU
[17:00:29] [81/445] STAH
[17:00:31] [82/445] JRGF
[17:00:31] [83/445] CDOK
[17:00:32] [84/445] CMSG
[17:00:33] [85/445] APTD
[17:00:34] [86/445] KMPG
[17:00:34] [87/445] MUTJ
[17:00:35] [88/445] VCCI
[17:00:36] [89/445] URBE
[17:00:37] [90/445] TCTS
[17:00:38] [91/445] STSN
[17:00:39] [92/445] AKCH
[17:00:39] [93/445] APSC
[17:00:40] [94/445] VLTB
[17:00:41] [95/445] SANU
[17:00:41] [96/445] AXAM
[17:00:42] [97/445] MGMG
[17:00:43] [98/445] HTBY
[17:00:44] [99/445] MMZS
[17:00:44] [100/445] SUDR
[17:00:45] [101/445] CCAD
[17:00:46] [102/445] SKKC
[17:00:47] [103/445] RMCD
[17:00:47] [104/445] SBCQ
[17:00:48] [105/445] DCCT
[17:00:49] [106/445] VTKP
[17:00:50] [107/445] MLAM
[17:00:51] [108/445] SAVT
[17:00:52] [109/445] GEPL
[17:00:52] [110/445] AMCD
[17:00:53] [111/445] CCXR
[17:00:54] [112/445] GRNG
[17:00:55] [113/445] EBCA
[17:00:56] [114/445] CNVG
[17:00:57] [115/445] MWSS
[17:00:58] [116/445] VBOR
[17:00:59] [117/445] NEEB
[17:01:00] [118/445] SUTH
[17:01:01] [119/445] ANDB
[17:01:01] [120/445] MMXS
[17:01:02] [121/445] CNPD
[17:01:03] [122/445] SDCE
[17:01:04] [123/445] DHCB
[17:01:05] [124/445] ODEN
[17:01:06] [125/445] TNTC
[17:01:07] [126/445] VBKM
[17:01:08] [127/445] RZYM
[17:01:09] [128/445] JEMC
[17:01:10] [129/445] CMAU
[17:01:11] [130/445] SIVP
[17:01:11] [131/445] ATAG
[17:01:12] [132/445] CHTM
[17:01:13] [133/445] AAEE
[17:01:13] [134/445] IWPM
[17:01:14] [135/445] KCMW
[17:01:15] [136/445] MCTD
[17:01:16] [137/445] SPWR
[17:01:16] [138/445] SDPO
[17:01:17] [139/445] PCSK
[17:01:18] [140/445] ACHV
[17:01:19] [141/445] SVLA
[17:01:20] [142/445] PICT
[17:01:21] [143/445] BXDR
[17:01:21] [144/445] SPWA
[17:01:23] [145/445] MCKO
[17:01:23] [146/445] RTHK
[17:01:24] [147/445] CCMF
[17:01:25] [148/445] MRGB
[17:01:26] [149/445] CPLC
[17:01:27] [150/445] RACD
[17:01:28] [151/445] ATKT
[17:01:29] [152/445] SARN
[17:01:30] [153/445] KKUI
[17:01:31] [154/445] RGCM
[17:01:32] [155/445] BRVP
[17:01:33] [156/445] HRSR
[17:01:34] [157/445] GKGM
[17:01:35] [158/445] TTCD
[17:01:36] [159/445] PTTI
[17:01:37] [160/445] MPTT
[17:01:38] [161/445] CVTT
[17:01:39] [162/445] PCXD
[17:01:40] [163/445] GCDC
[17:01:41] [164/445] CCCF
[17:01:42] [165/445] MRAD
[17:01:43] [166/445] CPLK
[17:01:43] [167/445] SATB
[17:01:44] [168/445] SNVG
[17:01:45] [169/445] JMBA
[17:01:46] [170/445] TEJA
[17:01:47] [171/445] STYO
[17:01:48] [172/445] JTBP
[17:01:49] [173/445] KRGD
[17:01:49] [174/445] SLJJ
[17:01:50] [175/445] SPTJ
[17:01:51] [176/445] SWJG
[17:01:52] [177/445] LKRT
[17:01:54] [178/445] KCKA
[17:01:54] [179/445] SNCR
[17:01:55] [180/445] SMKL
[17:01:56] [181/445] GCFA
[17:01:57] [182/445] DDCK
[17:01:57] [183/445] NCHJ
[17:01:59] [184/445] RDMA
[17:02:00] [185/445] SVSV
[17:02:01] [186/445] SCJG
[17:02:02] [187/445] VKLP
[17:02:03] [188/445] NWCC
[17:02:04] [189/445] VKNS
[17:02:05] [190/445] SDDP
[17:02:05] [191/445] ACSI
[17:02:06] [192/445] SATG
[17:02:07] [193/445] SCMW
[17:02:08] [194/445] LKTK
[17:02:09] [195/445] VCKV
[17:02:10] [196/445] KKPE
[17:02:11] [197/445] KIGH
[17:02:12] [198/445] SRPM
[17:02:13] [199/445] SCAH
[17:02:14] [200/445] MUTA
[17:02:15] [201/445] SEPU
[17:02:15] [202/445] INOA
[17:02:16] [203/445] BASK
[17:02:17] [204/445] NECB
[17:02:18] [205/445] GTTG
[17:02:19] [206/445] ASSA
[17:02:20] [207/445] ANCL
[17:02:21] [208/445] GCTI
[17:02:22] [209/445] RCTS
[17:02:22] [210/445] ACNL
[17:02:23] [211/445] MYCT
[17:02:24] [212/445] NMHT
[17:02:25] [213/445] MDIT
[17:02:25] [214/445] LATG
[17:02:26] [215/445] SMTY
[17:02:27] [216/445] CVCT
[17:02:28] [217/445] RAMB
[17:02:29] [218/445] TGMS
[17:02:29] [219/445] BHEL
[17:02:30] [220/445] SHCT
[17:02:31] [221/445] SVCT
[17:02:32] [222/445] MRIY
[17:02:32] [223/445] SARO
[17:02:33] [224/445] STCT
[17:02:34] [225/445] JKKC
[17:02:35] [226/445] PLTT
[17:02:36] [227/445] SRNT
[17:02:37] [228/445] YAST
[17:02:38] [229/445] PERL
[17:02:39] [230/445] CICM
[17:02:40] [231/445] MMTR
[17:02:41] [232/445] ABTK
[17:02:42] [233/445] ATYY
[17:02:43] [234/445] ASTK
[17:02:43] [235/445] VVCK
[17:02:44] [236/445] ATKY
[17:02:45] [237/445] GWEK
[17:02:46] [238/445] SVFH
[17:02:47] [239/445] SLTA
[17:02:48] [240/445] AASH
[17:02:49] [241/445] ACXB
[17:02:49] [242/445] SMTX
[17:02:50] [243/445] AZDH
[17:02:51] [244/445] CMMH
[17:02:52] [245/445] SCSZ
[17:02:53] [246/445] SCKP
[17:02:54] [247/445] NXTM
[17:02:55] [248/445] NWCS
[17:02:56] [249/445] CXMH
[17:02:56] [250/445] PCMA
[17:02:57] [251/445] SGCM
[17:02:58] [252/445] SDTU
[17:02:59] [253/445] MMVI
[17:03:00] [254/445] JKCM
[17:03:01] [255/445] VCMM
[17:03:02] [256/445] SYEE
[17:03:02] [257/445] VASD
[17:03:03] [258/445] BDRB
[17:03:04] [259/445] LASM
[17:03:05] [260/445] DCRL
[17:03:05] [261/445] DVPM
[17:03:06] [262/445] SBMJ
[17:03:07] [263/445] CBMU
[17:03:09] [264/445] IUBS
[17:03:10] [265/445] INAP
[17:03:11] [266/445] SRRC
[17:03:12] [267/445] SAGR
[17:03:12] [268/445] CPMJ
[17:03:13] [269/445] ATJL
[17:03:14] [270/445] NNTD
[17:03:15] [271/445] JHCJ
[17:03:16] [272/445] CMMP
[17:03:17] [273/445] RSDR
[17:03:18] [274/445] AMTI
[17:03:19] [275/445] NYSG
[17:03:20] [276/445] AVSG
[17:03:21] [277/445] SYTP
[17:03:22] [278/445] LARC
[17:03:23] [279/445] RJTP
[17:03:24] [280/445] LAKC
[17:03:25] [281/445] MCXE
[17:03:26] [282/445] CCZC
[17:03:26] [283/445] AVCH
[17:03:27] [284/445] CMBE
[17:03:28] [285/445] MRRC
[17:03:29] [286/445] PCPY
[17:03:29] [287/445] SRMH
[17:03:30] [288/445] SVGS
[17:03:31] [289/445] PCSE
[17:03:32] [290/445] SVFT
[17:03:33] [291/445] TNZP
[17:03:34] [292/445] ICTP
[17:03:34] [293/445] ACTZ
[17:03:35] [294/445] GTUR
[17:03:36] [295/445] MAFC
[17:03:37] [296/445] MINL
[17:03:37] [297/445] MRCL
[17:03:38] [298/445] RCRP
[17:03:40] [299/445] RFFG
[17:03:40] [300/445] RMAS
[17:03:41] [301/445] INVR
[17:03:42] [302/445] RMAR
[17:03:43] [303/445] CNIS
[17:03:44] [304/445] RHRJ
[17:03:45] [305/445] INXR
[17:03:46] [306/445] VALT
[17:03:47] [307/445] LCSH
[17:03:48] [308/445] CMVS
[17:03:48] [309/445] CNMS
[17:03:49] [310/445] ROOG
[17:03:50] [311/445] ISRM
[17:03:52] [312/445] RCRM
[17:03:53] [313/445] ACJA
[17:03:54] [314/445] RCVS
[17:03:54] [315/445] CPUS
[17:03:55] [316/445] TGCS
[17:03:57] [317/445] RKCJ
[17:03:57] [318/445] MKSB
[17:03:58] [319/445] TCSJ
[17:03:59] [320/445] RMGP
[17:04:00] [321/445] CLLP
[17:04:01] [322/445] RCMV
[17:04:02] [323/445] CCKS
[17:04:03] [324/445] RSRP
[17:04:03] [325/445] APLP
[17:04:04] [326/445] CNVS
[17:04:05] [327/445] RMVY
[17:04:06] [328/445] PGBD
[17:04:06] [329/445] KLMS
[17:04:07] [330/445] RUST
[17:04:08] [331/445] MASM
[17:04:09] [332/445] BACS
[17:04:10] [333/445] BWST
[17:04:10] [334/445] RRFH
[17:04:12] [335/445] SJTM
[17:04:12] [336/445] BEMR
[17:04:13] [337/445] MCGR
[17:04:14] [338/445] SDSK
[17:04:14] [339/445] VBOL
[17:04:15] [340/445] RMGM
[17:04:16] [341/445] NOPL
[17:04:17] [342/445] MKJK
[17:04:18] [343/445] CVRN
[17:04:19] [344/445] MMEN
[17:04:19] [345/445] AMNG
[17:04:20] [346/445] INTM
[17:04:21] [347/445] SLCZ
[17:04:23] [348/445] AMJN
[17:04:24] [349/445] ACJN
[17:04:25] [350/445] AMKN
[17:04:25] [351/445] BTCN
[17:04:26] [352/445] AMBT
[17:04:28] [353/445] PACN
[17:04:29] [354/445] LCNS
[17:04:29] [355/445] PPKC
[17:04:30] [356/445] JYYN
[17:04:31] [357/445] JTNR
[17:04:32] [358/445] GTEE
[17:04:32] [359/445] SRNM
[17:04:33] [360/445] SDTC
[17:04:34] [361/445] VPCA
[17:04:35] [362/445] VLRA
[17:04:35] [363/445] SHKR
[17:04:36] [364/445] SBKD
[17:04:37] [365/445] SAAD
[17:04:38] [366/445] JTGN
[17:04:38] [367/445] SLAM
[17:04:39] [368/445] VTPM
[17:04:41] [369/445] ANPT
[17:04:42] [370/445] PUNB
[17:04:42] [371/445] CPKT
[17:04:43] [372/445] CNWE
[17:04:44] [373/445] ECPP
[17:04:45] [374/445] CPAR
[17:04:46] [375/445] ESBW
[17:04:47] [376/445] PKPU
[17:04:48] [377/445] CPRP
[17:04:49] [378/445] RAHU
[17:04:50] [379/445] RHMN
[17:04:51] [380/445] FMJP
[17:04:51] [381/445] CTMP
[17:04:52] [382/445] INPN
[17:04:53] [383/445] STTG
[17:04:54] [384/445] CTRD
[17:04:55] [385/445] PUVB
[17:04:56] [386/445] ESVP
[17:04:56] [387/445] CPFT
[17:04:57] [388/445] LCPC
[17:04:58] [389/445] VBCT
[17:04:58] [390/445] FSCW
[17:04:59] [391/445] VCMP
[17:05:00] [392/445] ASHC
[17:05:01] [393/445] VLCX
[17:05:02] [394/445] SHEV
[17:05:03] [395/445] APCO
[17:05:04] [396/445] SILC
[17:05:04] [397/445] SNMR
[17:05:05] [398/445] KYBO
[17:05:06] [399/445] SATK
[17:05:07] [400/445] SSCS
[17:05:08] [401/445] CLSB
[17:05:08] [402/445] KMJR
[17:05:09] [403/445] FSCK
[17:05:10] [404/445] NNKA
[17:05:11] [405/445] CLMK
[17:05:12] [406/445] DMPZ
[17:05:13] [407/445] INQM
[17:05:13] [408/445] CAML
[17:05:14] [409/445] INRK
[17:05:16] [410/445] IMKN
[17:05:16] [411/445] SVNR
[17:05:17] [412/445] INSL
[17:05:18] [413/445] MSMA
[17:05:20] [414/445] MCKK
[17:05:21] [415/445] FCHP
[17:05:21] [416/445] SFCR
[17:05:23] [417/445] NACK
[17:05:24] [418/445] PVAK
[17:05:25] [419/445] INER
[17:05:26] [420/445] RDBK
[17:05:26] [421/445] SVFN
[17:05:27] [422/445] IFRM
[17:05:29] [423/445] ATCK
[17:05:29] [424/445] ASKO
[17:05:30] [425/445] STKT
[17:05:31] [426/445] SVFB
[17:05:32] [427/445] INKS
[17:05:33] [428/445] PCRA
[17:05:34] [429/445] ATJA
[17:05:35] [430/445] IMJN
[17:05:35] [431/445] INHD
[17:05:36] [432/445] BARA
[17:05:37] [433/445] MCSL
[17:05:37] [434/445] RTOY
[17:05:38] [435/445] MENO
[17:05:39] [436/445] PUDM
[17:05:40] [437/445] PRCN
[17:05:40] [438/445] JMJR
[17:05:41] [439/445] SSGK
[17:05:42] [440/445] SSRL
[17:05:43] [441/445] JYKL
[17:05:44] [442/445] ACNB
[17:05:45] [443/445] SONP
[17:05:46] [444/445] EMCI
[17:05:46] [445/445] MRJH
[17:05:47] 🧹 Deduping shows
[17:05:47] ✅ DONE | Shows=299 | Movies=25
