[09:39:54] 🚀 SCRIPT STARTED
[09:39:54] [1/459] NECA
[09:39:54] 🧠 New identity created
[09:39:55] [2/459] BJLC
[09:39:56] [3/459] BASU
[09:39:57] [4/459] RUPI
[09:39:58] [5/459] LCBK
[09:39:59] [6/459] PMAC
[09:40:00] [7/459] AMLC
[09:40:01] [8/459] LICL
[09:40:02] [9/459] UDMM
[09:40:03] [10/459] STBZ
[09:40:03] [11/459] UUBT
[09:40:04] [12/459] SJKC
[09:40:06] [13/459] TUAL
[09:40:07] [14/459] MRSE
[09:40:08] [15/459] RMRK
[09:40:09] [16/459] TTKP
[09:40:09] [17/459] KTKO
[09:40:10] [18/459] SDBK
[09:40:12] [19/459] MCPR
[09:40:13] [20/459] CHTI
[09:40:14] [21/459] GCCP
[09:40:15] [22/459] SRMY
[09:40:15] [23/459] NYST
[09:40:16] [24/459] NYAG
[09:40:18] [25/459] SBMT
[09:40:19] [26/459] INGA
[09:40:20] [27/459] WSIC
[09:40:21] [28/459] SCSS
[09:40:22] [29/459] COPG
[09:40:23] [30/459] RCGR
[09:40:24] [31/459] TCZA
[09:40:25] [32/459] CNLP
[09:40:26] [33/459] CLKN
[09:40:27] [34/459] LHDF
[09:40:28] [35/459] ELKC
[09:40:29] [36/459] VCEM
[09:40:30] [37/459] SSZA
[09:40:31] [38/459] KRMT
[09:40:32] [39/459] LCMV
[09:40:33] [40/459] AYCZ
[09:40:34] [41/459] CUMS
[09:40:35] [42/459] BOCK
[09:40:36] [43/459] PNMR
[09:40:37] [44/459] PJCP
[09:40:38] [45/459] JDDD
[09:40:39] [46/459] STMS
[09:40:39] [47/459] FLMB
[09:40:40] [48/459] PKCM
[09:40:41] [49/459] SPPR
[09:40:42] [50/459] EYLH
[09:40:43] [51/459] RJCC
[09:40:45] [52/459] MMPS
[09:40:46] [53/459] SHMX
[09:40:47] [54/459] CCNL
[09:40:47] [55/459] RCNV
[09:40:48] [56/459] MAAG
[09:40:49] [57/459] LXCM
[09:40:50] [58/459] RCNI
[09:40:51] [59/459] SNNI
[09:40:52] [60/459] LALC
[09:40:53] [61/459] SOCN
[09:40:54] [62/459] JHTP
[09:40:55] [63/459] PITP
[09:40:55] [64/459] CCKW
[09:40:56] [65/459] MCMC
[09:40:58] [66/459] DEES
[09:40:59] [67/459] SABT
[09:41:00] [68/459] VSPP
[09:41:01] [69/459] ABCT
[09:41:02] [70/459] JVTB
[09:41:03] [71/459] VCBD
[09:41:04] [72/459] RMGG
[09:41:05] [73/459] RNMH
[09:41:05] [74/459] SPGL
[09:41:06] [75/459] JTTR
[09:41:07] [76/459] SICS
[09:41:08] [77/459] SRMI
[09:41:09] [78/459] SSIJ
[09:41:10] [79/459] KFMT
[09:41:11] [80/459] VBIT
[09:41:11] [81/459] JKCT
[09:41:12] [82/459] GCGP
[09:41:13] [83/459] GDCS
[09:41:14] [84/459] TRBA
[09:41:15] [85/459] QUST
[09:41:16] [86/459] VSHM
[09:41:17] [87/459] SDCP
[09:41:18] [88/459] SNVS
[09:41:19] [89/459] NYTO
[09:41:21] [90/459] URWC
[09:41:22] [91/459] GTWH
[09:41:23] [92/459] PFCM
[09:41:24] [93/459] KRTA
[09:41:24] [94/459] AXMC
[09:41:25] [95/459] EVMC
[09:41:26] [96/459] HGSM
[09:41:27] [97/459] ACVM
[09:41:28] [98/459] PSKL
[09:41:29] [99/459] RDMP
[09:41:29] [100/459] RHGH
[09:41:30] [101/459] OMCM
[09:41:31] [102/459] DCCP
[09:41:32] [103/459] MCPB
[09:41:33] [104/459] ALCI
[09:41:34] [105/459] BLMX
[09:41:35] [106/459] BTMV
[09:41:35] [107/459] FVPN
[09:41:36] [108/459] CMAR
[09:41:37] [109/459] CEIM
[09:41:38] [110/459] CMVA
[09:41:39] [111/459] CPIV
[09:41:40] [112/459] CNPE
[09:41:41] [113/459] COLV
[09:41:42] [114/459] DNNV
[09:41:43] [115/459] HCAD
[09:41:43] [116/459] TAKA
[09:41:44] [117/459] INVD
[09:41:45] [118/459] IRMM
[09:41:46] [119/459] INSE
[09:41:47] [120/459] MRSW
[09:41:48] [121/459] MCVD
[09:41:49] [122/459] MCSO
[09:41:50] [123/459] PEVM
[09:41:50] [124/459] PVNL
[09:41:51] [125/459] PTCV
[09:41:52] [126/459] PRTC
[09:41:53] [127/459] RCVA
[09:41:54] [128/459] MTBN
[09:41:55] [129/459] LUCP
[09:41:56] [130/459] FMPT
[09:41:56] [131/459] JLSL
[09:41:58] [132/459] SBHA
[09:41:59] [133/459] SHRC
[09:42:00] [134/459] AVPS
[09:42:01] [135/459] STPM
[09:42:02] [136/459] ATRD
[09:42:03] [137/459] VTED
[09:42:03] [138/459] ACAI
[09:42:04] [139/459] SMAE
[09:42:05] [140/459] VMAT
[09:42:06] [141/459] LKCT
[09:42:07] [142/459] JTVK
[09:42:08] [143/459] PRTY
[09:42:09] [144/459] GETT
[09:42:09] [145/459] ESAP
[09:42:10] [146/459] NCPM
[09:42:11] [147/459] PCPA
[09:42:12] [148/459] MMOM
[09:42:13] [149/459] PHUP
[09:42:13] [150/459] CCPI
[09:42:14] [151/459] CNTD
[09:42:15] [152/459] NLJR
[09:42:16] [153/459] SRNG
[09:42:17] [154/459] MHAL
[09:42:19] [155/459] PNSM
[09:42:20] [156/459] DRMY
[09:42:21] [157/459] CCMU
[09:42:21] [158/459] SCMY
[09:42:22] [159/459] PVSY
[09:42:23] [160/459] SDLM
[09:42:24] [161/459] ICCM
[09:42:25] [162/459] PYSU
[09:42:26] [163/459] GATM
[09:42:27] [164/459] WOTM
[09:42:27] [165/459] RKTS
[09:42:28] [166/459] PMTY
[09:42:29] [167/459] LYMS
[09:42:30] [168/459] TGCA
[09:42:30] [169/459] DSTA
[09:42:31] [170/459] CNGE
[09:42:32] [171/459] VSTG
[09:42:33] [172/459] GTCK
[09:42:34] [173/459] TGNT
[09:42:35] [174/459] ASLC
[09:42:36] [175/459] SSST
[09:42:36] [176/459] KBTT
[09:42:37] [177/459] HKCP
[09:42:39] [178/459] SWLC
[09:42:40] [179/459] RTND
[09:42:41] [180/459] PKKT
[09:42:41] [181/459] HSTK
[09:42:42] [182/459] SPTT
[09:42:43] [183/459] IMPM
[09:42:44] [184/459] SCMV
[09:42:45] [185/459] SPCT
[09:42:45] [186/459] JBCA
[09:42:46] [187/459] ATTR
[09:42:47] [188/459] SPMT
[09:42:48] [189/459] LCTM
[09:42:49] [190/459] SCVL
[09:42:50] [191/459] SCVT
[09:42:51] [192/459] KRIC
[09:42:52] [193/459] CTMG
[09:42:53] [194/459] ACNC
[09:42:54] [195/459] DMCK
[09:42:55] [196/459] KMTV
[09:42:56] [197/459] PFCJ
[09:42:57] [198/459] VNMD
[09:42:58] [199/459] VPCZ
[09:42:59] [200/459] SRYR
[09:43:00] [201/459] SYTR
[09:43:01] [202/459] GATR
[09:43:02] [203/459] URTR
[09:43:03] [204/459] MKSM
[09:43:05] [205/459] VSMH
[09:43:06] [206/459] SKRJ
[09:43:07] [207/459] SSJR
[09:43:07] [208/459] SVSM
[09:43:08] [209/459] RUCM
[09:43:09] [210/459] PRKN
[09:43:11] [211/459] RROH
[09:43:12] [212/459] SCTN
[09:43:13] [213/459] RTDM
[09:43:14] [214/459] ASRM
[09:43:15] [215/459] SKMD
[09:43:16] [216/459] SUTD
[09:43:17] [217/459] SADM
[09:43:18] [218/459] WCNR
[09:43:19] [219/459] CNED
[09:43:20] [220/459] MPDB
[09:43:21] [221/459] KTBH
[09:43:21] [222/459] IDRM
[09:43:22] [223/459] PJJT
[09:43:23] [224/459] PFCV
[09:43:24] [225/459] AACT
[09:43:25] [226/459] AAAD
[09:43:27] [227/459] ANES
[09:43:28] [228/459] MNCA
[09:43:29] [229/459] RMGU
[09:43:29] [230/459] DLCN
[09:43:30] [231/459] LJWT
[09:43:31] [232/459] MCBG
[09:43:32] [233/459] MYBG
[09:43:33] [234/459] GCCA
[09:43:34] [235/459] GCGA
[09:43:34] [236/459] ECGN
[09:43:35] [237/459] PRAB
[09:43:36] [238/459] PNMP
[09:43:37] [239/459] GCPT
[09:43:39] [240/459] ROYN
[09:43:39] [241/459] VATM
[09:43:40] [242/459] KSNT
[09:43:42] [243/459] ACTC
[09:43:43] [244/459] PLTD
[09:43:44] [245/459] SKMK
[09:43:45] [246/459] CMTT
[09:43:46] [247/459] SMXP
[09:43:47] [248/459] SCMX
[09:43:47] [249/459] ACXN
[09:43:48] [250/459] ASWT
[09:43:49] [251/459] VVVL
[09:43:50] [252/459] NAGO
[09:43:51] [253/459] SNCN
[09:43:52] [254/459] MCKP
[09:43:53] [255/459] SAMO
[09:43:53] [256/459] JBTV
[09:43:55] [257/459] DCVV
[09:43:56] [258/459] KMSV
[09:43:58] [259/459] KDCN
[09:43:58] [260/459] CNCP
[09:43:59] [261/459] HAMC
[09:44:00] [262/459] CCVZ
[09:44:01] [263/459] NCCK
[09:44:02] [264/459] MCHR
[09:44:03] [265/459] SCHT
[09:44:03] [266/459] ESSH
[09:44:04] [267/459] CUJC
[09:44:05] [268/459] PECP
[09:44:06] [269/459] PMMI
[09:44:07] [270/459] PCCH
[09:44:08] [271/459] PRPM
[09:44:09] [272/459] PVKL
[09:44:09] [273/459] CBSM
[09:44:10] [274/459] PVCZ
[09:44:11] [275/459] PCVV
[09:44:12] [276/459] CTMJ
[09:44:13] [277/459] RCPS
[09:44:14] [278/459] PCIT
[09:44:15] [279/459] FNCH
[09:44:15] [280/459] INZD
[09:44:16] [281/459] INPC
[09:44:18] [282/459] LCZP
[09:44:19] [283/459] SMCB
[09:44:19] [284/459] PTSB
[09:44:20] [285/459] TPSI
[09:44:21] [286/459] KHMJ
[09:44:22] [287/459] RCCJ
[09:44:23] [288/459] NCJA
[09:44:24] [289/459] NCJN
[09:44:25] [290/459] BTDP
[09:44:25] [291/459] PADY
[09:44:26] [292/459] NYBH
[09:44:27] [293/459] MTBR
[09:44:28] [294/459] KRBC
[09:44:29] [295/459] DKTI
[09:44:30] [296/459] ANAN
[09:44:31] [297/459] INBP
[09:44:31] [298/459] PATB
[09:44:32] [299/459] RGNT
[09:44:33] [300/459] CGPM
[09:44:34] [301/459] INTN
[09:44:35] [302/459] MCMP
[09:44:36] [303/459] ASRG
[09:44:37] [304/459] CXJD
[09:44:37] [305/459] SPCP
[09:44:38] [306/459] CSTP
[09:44:39] [307/459] PKVC
[09:44:41] [308/459] ESCP
[09:44:41] [309/459] CAEP
[09:44:43] [310/459] CCSP
[09:44:44] [311/459] KTPC
[09:44:45] [312/459] DACA
[09:44:46] [313/459] NVKY
[09:44:47] [314/459] PTIN
[09:44:49] [315/459] SCIN
[09:44:49] [316/459] MCTY
[09:44:50] [317/459] PCMX
[09:44:51] [318/459] INIC
[09:44:52] [319/459] MMZM
[09:44:53] [320/459] SSLP
[09:44:54] [321/459] DTDT
[09:44:55] [322/459] FFCX
[09:44:55] [323/459] RCMM
[09:44:56] [324/459] KYID
[09:44:57] [325/459] CSCI
[09:44:58] [326/459] FCMC
[09:44:59] [327/459] MMXI
[09:45:00] [328/459] ASTC
[09:45:01] [329/459] CMRA
[09:45:02] [330/459] DICI
[09:45:03] [331/459] KDIN
[09:45:04] [332/459] PRFI
[09:45:04] [333/459] SVFC
[09:45:05] [334/459] UCPL
[09:45:06] [335/459] COOC
[09:45:07] [336/459] SCAL
[09:45:08] [337/459] SVFF
[09:45:08] [338/459] VCMG
[09:45:09] [339/459] UUCT
[09:45:10] [340/459] GCSE
[09:45:11] [341/459] SUSC
[09:45:11] [342/459] MISC
[09:45:12] [343/459] RMBL
[09:45:13] [344/459] CMXN
[09:45:14] [345/459] PVBK
[09:45:16] [346/459] HHCG
[09:45:17] [347/459] SCAG
[09:45:18] [348/459] CNPR
[09:45:18] [349/459] CSER
[09:45:19] [350/459] HLWD
[09:45:20] [351/459] BOLY
[09:45:21] [352/459] SSPG
[09:45:22] [353/459] MUPX
[09:45:23] [354/459] HAMR
[09:45:24] [355/459] SDNC
[09:45:25] [356/459] RTEN
[09:45:26] [357/459] SDTD
[09:45:26] [358/459] KAWS
[09:45:27] [359/459] CMZX
[09:45:28] [360/459] DCDD
[09:45:29] [361/459] ALSN
[09:45:30] [362/459] IMXS
[09:45:31] [363/459] PVFF
[09:45:32] [364/459] PVOO
[09:45:33] [365/459] CFBS
[09:45:34] [366/459] PVER
[09:45:35] [367/459] PPNX
[09:45:35] [368/459] CNRM
[09:45:37] [369/459] PVWW
[09:45:37] [370/459] INMB
[09:45:38] [371/459] CPJR
[09:45:39] [372/459] INRZ
[09:45:40] [373/459] PMSR
[09:45:41] [374/459] GPGM
[09:45:42] [375/459] PGWB
[09:45:43] [376/459] PMBR
[09:45:44] [377/459] GPAM
[09:45:45] [378/459] INBC
[09:45:46] [379/459] PZVK
[09:45:47] [380/459] CPEB
[09:45:48] [381/459] FMLB
[09:45:50] [382/459] INBG
[09:45:51] [383/459] GPBR
[09:45:52] [384/459] PAAS
[09:45:53] [385/459] VTBR
[09:45:54] [386/459] GPMY
[09:45:55] [387/459] GYBU
[09:45:55] [388/459] INBJ
[09:45:56] [389/459] LKTH
[09:45:57] [390/459] NSBR
[09:45:58] [391/459] PDRD
[09:45:59] [392/459] VRBL
[09:46:00] [393/459] VTGB
[09:46:01] [394/459] VTSK
[09:46:02] [395/459] BKDV
[09:46:02] [396/459] SVTB
[09:46:03] [397/459] MLDT
[09:46:04] [398/459] NRBL
[09:46:05] [399/459] SLTR
[09:46:06] [400/459] VNKA
[09:46:07] [401/459] TDCA
[09:46:08] [402/459] INBM
[09:46:10] [403/459] SSNR
[09:46:11] [404/459] BHAC
[09:46:12] [405/459] SDSD
[09:46:14] [406/459] SAMP
[09:46:15] [407/459] RATK
[09:46:16] [408/459] KCBI
[09:46:16] [409/459] URBL
[09:46:17] [410/459] MKBG
[09:46:18] [411/459] ASTB
[09:46:19] [412/459] VBWT
[09:46:20] [413/459] GPSM
[09:46:20] [414/459] ROON
[09:46:21] [415/459] CHTH
[09:46:22] [416/459] SSPA
[09:46:23] [417/459] ANBL
[09:46:24] [418/459] VTBE
[09:46:24] [419/459] SVKT
[09:46:25] [420/459] SVYK
[09:46:26] [421/459] PTBK
[09:46:27] [422/459] RKTB
[09:46:28] [423/459] BALT
[09:46:28] [424/459] STSV
[09:46:29] [425/459] VCCB
[09:46:30] [426/459] SLTB
[09:46:31] [427/459] SBCR
[09:46:32] [428/459] VDCS
[09:46:33] [429/459] MDKI
[09:46:34] [430/459] SMRN
[09:46:35] [431/459] PTBC
[09:46:35] [432/459] RADI
[09:46:36] [433/459] ADCR
[09:46:37] [434/459] SDCS
[09:46:38] [435/459] SRPJ
[09:46:39] [436/459] ARTS
[09:46:40] [437/459] SRHK
[09:46:40] [438/459] SPAY
[09:46:41] [439/459] GPTB
[09:46:42] [440/459] SNNN
[09:46:43] [441/459] BALJ
[09:46:44] [442/459] TRIG
[09:46:45] [443/459] GTYT
[09:46:46] [444/459] ATGN
[09:46:46] [445/459] ANTE
[09:46:47] [446/459] BDCG
[09:46:48] [447/459] VECI
[09:46:49] [448/459] SCPR
[09:46:50] [449/459] RTEA
[09:46:51] [450/459] JSAI
[09:46:52] [451/459] VJTP
[09:46:52] [452/459] GNDS
[09:46:53] [453/459] PAXA
[09:46:54] [454/459] CGGM
[09:46:55] [455/459] ACKZ
[09:46:56] [456/459] EMCC
[09:46:57] [457/459] KLSK
[09:46:58] [458/459] AVCK
[09:46:59] [459/459] JTCK
[09:47:00] 🧹 Deduping shows
[09:47:00] ✅ DONE | Shows=132 | Movies=24
[16:59:19] 🚀 SCRIPT STARTED
[16:59:19] [1/459] NECA
[16:59:19] 🧠 New identity created
[16:59:20] [2/459] BJLC
[16:59:21] [3/459] BASU
[16:59:22] [4/459] RUPI
[16:59:23] [5/459] LCBK
[16:59:23] [6/459] PMAC
[16:59:25] [7/459] AMLC
[16:59:26] [8/459] LICL
[16:59:27] [9/459] UDMM
[16:59:28] [10/459] STBZ
[16:59:28] [11/459] UUBT
[16:59:29] [12/459] SJKC
[16:59:30] [13/459] TUAL
[16:59:31] [14/459] MRSE
[16:59:32] [15/459] RMRK
[16:59:33] [16/459] TTKP
[16:59:34] [17/459] KTKO
[16:59:35] [18/459] SDBK
[16:59:37] [19/459] MCPR
[16:59:37] [20/459] CHTI
[16:59:38] [21/459] GCCP
[16:59:39] [22/459] SRMY
[16:59:40] [23/459] NYST
[16:59:41] [24/459] NYAG
[16:59:42] [25/459] SBMT
[16:59:43] [26/459] INGA
[16:59:43] [27/459] WSIC
[16:59:44] [28/459] SCSS
[16:59:45] [29/459] COPG
[16:59:47] [30/459] RCGR
[16:59:47] [31/459] TCZA
[16:59:48] [32/459] CNLP
[16:59:49] [33/459] CLKN
[16:59:50] [34/459] LHDF
[16:59:50] [35/459] ELKC
[16:59:51] [36/459] VCEM
[16:59:52] [37/459] SSZA
[16:59:53] [38/459] KRMT
[16:59:55] [39/459] LCMV
[16:59:55] [40/459] AYCZ
[16:59:56] [41/459] CUMS
[16:59:57] [42/459] BOCK
[16:59:58] [43/459] PNMR
[16:59:59] [44/459] PJCP
[17:00:00] [45/459] JDDD
[17:00:01] [46/459] STMS
[17:00:02] [47/459] FLMB
[17:00:03] [48/459] PKCM
[17:00:04] [49/459] SPPR
[17:00:05] [50/459] EYLH
[17:00:06] [51/459] RJCC
[17:00:06] [52/459] MMPS
[17:00:07] [53/459] SHMX
[17:00:08] [54/459] CCNL
[17:00:08] [55/459] RCNV
[17:00:09] [56/459] MAAG
[17:00:10] [57/459] LXCM
[17:00:11] [58/459] RCNI
[17:00:12] [59/459] SNNI
[17:00:13] [60/459] LALC
[17:00:14] [61/459] SOCN
[17:00:15] [62/459] JHTP
[17:00:15] [63/459] PITP
[17:00:16] [64/459] CCKW
[17:00:17] [65/459] MCMC
[17:00:18] [66/459] DEES
[17:00:19] [67/459] SABT
[17:00:20] [68/459] VSPP
[17:00:21] [69/459] ABCT
[17:00:22] [70/459] JVTB
[17:00:22] [71/459] VCBD
[17:00:23] [72/459] RMGG
[17:00:24] [73/459] RNMH
[17:00:25] [74/459] SPGL
[17:00:26] [75/459] JTTR
[17:00:27] [76/459] SICS
[17:00:28] [77/459] SRMI
[17:00:28] [78/459] SSIJ
[17:00:29] [79/459] KFMT
[17:00:30] [80/459] VBIT
[17:00:31] [81/459] JKCT
[17:00:32] [82/459] GCGP
[17:00:32] [83/459] GDCS
[17:00:33] [84/459] TRBA
[17:00:34] [85/459] QUST
[17:00:35] [86/459] VSHM
[17:00:36] [87/459] SDCP
[17:00:37] [88/459] SNVS
[17:00:38] [89/459] NYTO
[17:00:39] [90/459] URWC
[17:00:40] [91/459] GTWH
[17:00:40] [92/459] PFCM
[17:00:41] [93/459] KRTA
[17:00:42] [94/459] AXMC
[17:00:43] [95/459] EVMC
[17:00:44] [96/459] HGSM
[17:00:44] [97/459] ACVM
[17:00:45] [98/459] PSKL
[17:00:46] [99/459] RDMP
[17:00:46] [100/459] RHGH
[17:00:47] [101/459] OMCM
[17:00:48] [102/459] DCCP
[17:00:49] [103/459] MCPB
[17:00:50] [104/459] ALCI
[17:00:51] [105/459] BLMX
[17:00:52] [106/459] BTMV
[17:00:53] [107/459] FVPN
[17:00:54] [108/459] CMAR
[17:00:55] [109/459] CEIM
[17:00:55] [110/459] CMVA
[17:00:56] [111/459] CPIV
[17:00:57] [112/459] CNPE
[17:00:58] [113/459] COLV
[17:00:59] [114/459] DNNV
[17:01:00] [115/459] HCAD
[17:01:00] [116/459] TAKA
[17:01:01] [117/459] INVD
[17:01:02] [118/459] IRMM
[17:01:03] [119/459] INSE
[17:01:04] [120/459] MRSW
[17:01:05] [121/459] MCVD
[17:01:06] [122/459] MCSO
[17:01:07] [123/459] PEVM
[17:01:08] [124/459] PVNL
[17:01:09] [125/459] PTCV
[17:01:10] [126/459] PRTC
[17:01:11] [127/459] RCVA
[17:01:12] [128/459] MTBN
[17:01:14] [129/459] LUCP
[17:01:14] [130/459] FMPT
[17:01:15] [131/459] JLSL
[17:01:17] [132/459] SBHA
[17:01:17] [133/459] SHRC
[17:01:18] [134/459] AVPS
[17:01:19] [135/459] STPM
[17:01:20] [136/459] ATRD
[17:01:21] [137/459] VTED
[17:01:22] [138/459] ACAI
[17:01:23] [139/459] SMAE
[17:01:24] [140/459] VMAT
[17:01:25] [141/459] LKCT
[17:01:26] [142/459] JTVK
[17:01:27] [143/459] PRTY
[17:01:28] [144/459] GETT
[17:01:29] [145/459] ESAP
[17:01:30] [146/459] NCPM
[17:01:30] [147/459] PCPA
[17:01:31] [148/459] MMOM
[17:01:32] [149/459] PHUP
[17:01:33] [150/459] CCPI
[17:01:34] [151/459] CNTD
[17:01:35] [152/459] NLJR
[17:01:35] [153/459] SRNG
[17:01:37] [154/459] MHAL
[17:01:38] [155/459] PNSM
[17:01:39] [156/459] DRMY
[17:01:39] [157/459] CCMU
[17:01:40] [158/459] SCMY
[17:01:40] [159/459] PVSY
[17:01:41] [160/459] SDLM
[17:01:42] [161/459] ICCM
[17:01:43] [162/459] PYSU
[17:01:44] [163/459] GATM
[17:01:44] [164/459] WOTM
[17:01:45] [165/459] RKTS
[17:01:46] [166/459] PMTY
[17:01:47] [167/459] LYMS
[17:01:48] [168/459] TGCA
[17:01:49] [169/459] DSTA
[17:01:50] [170/459] CNGE
[17:01:52] [171/459] VSTG
[17:01:52] [172/459] GTCK
[17:01:53] [173/459] TGNT
[17:01:54] [174/459] ASLC
[17:01:56] [175/459] SSST
[17:01:56] [176/459] KBTT
[17:01:57] [177/459] HKCP
[17:01:57] [178/459] SWLC
[17:01:58] [179/459] RTND
[17:02:00] [180/459] PKKT
[17:02:00] [181/459] HSTK
[17:02:01] [182/459] SPTT
[17:02:02] [183/459] IMPM
[17:02:03] [184/459] SCMV
[17:02:03] [185/459] SPCT
[17:02:04] [186/459] JBCA
[17:02:05] [187/459] ATTR
[17:02:06] [188/459] SPMT
[17:02:07] [189/459] LCTM
[17:02:08] [190/459] SCVL
[17:02:09] [191/459] SCVT
[17:02:10] [192/459] KRIC
[17:02:11] [193/459] CTMG
[17:02:12] [194/459] ACNC
[17:02:12] [195/459] DMCK
[17:02:14] [196/459] KMTV
[17:02:14] [197/459] PFCJ
[17:02:15] [198/459] VNMD
[17:02:16] [199/459] VPCZ
[17:02:18] [200/459] SRYR
[17:02:18] [201/459] SYTR
[17:02:19] [202/459] GATR
[17:02:20] [203/459] URTR
[17:02:20] [204/459] MKSM
[17:02:21] [205/459] VSMH
[17:02:22] [206/459] SKRJ
[17:02:23] [207/459] SSJR
[17:02:24] [208/459] SVSM
[17:02:24] [209/459] RUCM
[17:02:25] [210/459] PRKN
[17:02:26] [211/459] RROH
[17:02:27] [212/459] SCTN
[17:02:28] [213/459] RTDM
[17:02:28] [214/459] ASRM
[17:02:29] [215/459] SKMD
[17:02:30] [216/459] SUTD
[17:02:31] [217/459] SADM
[17:02:32] [218/459] WCNR
[17:02:32] [219/459] CNED
[17:02:33] [220/459] MPDB
[17:02:35] [221/459] KTBH
[17:02:36] [222/459] IDRM
[17:02:36] [223/459] PJJT
[17:02:37] [224/459] PFCV
[17:02:37] [225/459] AACT
[17:02:38] [226/459] AAAD
[17:02:39] [227/459] ANES
[17:02:41] [228/459] MNCA
[17:02:41] [229/459] RMGU
[17:02:42] [230/459] DLCN
[17:02:43] [231/459] LJWT
[17:02:44] [232/459] MCBG
[17:02:45] [233/459] MYBG
[17:02:46] [234/459] GCCA
[17:02:47] [235/459] GCGA
[17:02:48] [236/459] ECGN
[17:02:48] [237/459] PRAB
[17:02:49] [238/459] PNMP
[17:02:50] [239/459] GCPT
[17:02:51] [240/459] ROYN
[17:02:52] [241/459] VATM
[17:02:52] [242/459] KSNT
[17:02:53] [243/459] ACTC
[17:02:54] [244/459] PLTD
[17:02:55] [245/459] SKMK
[17:02:56] [246/459] CMTT
[17:02:56] [247/459] SMXP
[17:02:58] [248/459] SCMX
[17:02:58] [249/459] ACXN
[17:02:59] [250/459] ASWT
[17:03:01] [251/459] VVVL
[17:03:02] [252/459] NAGO
[17:03:02] [253/459] SNCN
[17:03:03] [254/459] MCKP
[17:03:04] [255/459] SAMO
[17:03:05] [256/459] JBTV
[17:03:06] [257/459] DCVV
[17:03:06] [258/459] KMSV
[17:03:07] [259/459] KDCN
[17:03:09] [260/459] CNCP
[17:03:09] [261/459] HAMC
[17:03:10] [262/459] CCVZ
[17:03:11] [263/459] NCCK
[17:03:11] [264/459] MCHR
[17:03:12] [265/459] SCHT
[17:03:13] [266/459] ESSH
[17:03:14] [267/459] CUJC
[17:03:15] [268/459] PECP
[17:03:16] [269/459] PMMI
[17:03:17] [270/459] PCCH
[17:03:17] [271/459] PRPM
[17:03:18] [272/459] PVKL
[17:03:19] [273/459] CBSM
[17:03:20] [274/459] PVCZ
[17:03:21] [275/459] PCVV
[17:03:22] [276/459] CTMJ
[17:03:22] [277/459] RCPS
[17:03:23] [278/459] PCIT
[17:03:24] [279/459] FNCH
[17:03:25] [280/459] INZD
[17:03:27] [281/459] INPC
[17:03:27] [282/459] LCZP
[17:03:28] [283/459] SMCB
[17:03:29] [284/459] PTSB
[17:03:30] [285/459] TPSI
[17:03:31] [286/459] KHMJ
[17:03:31] [287/459] RCCJ
[17:03:32] [288/459] NCJA
[17:03:33] [289/459] NCJN
[17:03:34] [290/459] BTDP
[17:03:35] [291/459] PADY
[17:03:36] [292/459] NYBH
[17:03:37] [293/459] MTBR
[17:03:38] [294/459] KRBC
[17:03:39] [295/459] DKTI
[17:03:40] [296/459] ANAN
[17:03:41] [297/459] INBP
[17:03:41] [298/459] PATB
[17:03:42] [299/459] RGNT
[17:03:43] [300/459] CGPM
[17:03:44] [301/459] INTN
[17:03:45] [302/459] MCMP
[17:03:45] [303/459] ASRG
[17:03:46] [304/459] CXJD
[17:03:47] [305/459] SPCP
[17:03:48] [306/459] CSTP
[17:03:49] [307/459] PKVC
[17:03:49] [308/459] ESCP
[17:03:50] [309/459] CAEP
[17:03:51] [310/459] CCSP
[17:03:52] [311/459] KTPC
[17:03:53] [312/459] DACA
[17:03:54] [313/459] NVKY
[17:03:55] [314/459] PTIN
[17:03:56] [315/459] SCIN
[17:03:57] [316/459] MCTY
[17:03:57] [317/459] PCMX
[17:03:58] [318/459] INIC
[17:03:59] [319/459] MMZM
[17:04:00] [320/459] SSLP
[17:04:01] [321/459] DTDT
[17:04:02] [322/459] FFCX
[17:04:03] [323/459] RCMM
[17:04:03] [324/459] KYID
[17:04:04] [325/459] CSCI
[17:04:05] [326/459] FCMC
[17:04:06] [327/459] MMXI
[17:04:07] [328/459] ASTC
[17:04:07] [329/459] CMRA
[17:04:08] [330/459] DICI
[17:04:09] [331/459] KDIN
[17:04:09] [332/459] PRFI
[17:04:10] [333/459] SVFC
[17:04:11] [334/459] UCPL
[17:04:13] [335/459] COOC
[17:04:14] [336/459] SCAL
[17:04:14] [337/459] SVFF
[17:04:16] [338/459] VCMG
[17:04:17] [339/459] UUCT
[17:04:18] [340/459] GCSE
[17:04:18] [341/459] SUSC
[17:04:20] [342/459] MISC
[17:04:20] [343/459] RMBL
[17:04:21] [344/459] CMXN
[17:04:22] [345/459] PVBK
[17:04:23] [346/459] HHCG
[17:04:23] [347/459] SCAG
[17:04:24] [348/459] CNPR
[17:04:26] [349/459] CSER
[17:04:27] [350/459] HLWD
[17:04:27] [351/459] BOLY
[17:04:28] [352/459] SSPG
[17:04:29] [353/459] MUPX
[17:04:30] [354/459] HAMR
[17:04:31] [355/459] SDNC
[17:04:32] [356/459] RTEN
[17:04:32] [357/459] SDTD
[17:04:33] [358/459] KAWS
[17:04:34] [359/459] CMZX
[17:04:35] [360/459] DCDD
[17:04:35] [361/459] ALSN
[17:04:36] [362/459] IMXS
[17:04:37] [363/459] PVFF
[17:04:39] [364/459] PVOO
[17:04:39] [365/459] CFBS
[17:04:40] [366/459] PVER
[17:04:42] [367/459] PPNX
[17:04:42] [368/459] CNRM
[17:04:43] [369/459] PVWW
[17:04:44] [370/459] INMB
[17:04:44] [371/459] CPJR
[17:04:45] [372/459] INRZ
[17:04:46] [373/459] PMSR
[17:04:47] [374/459] GPGM
[17:04:48] [375/459] PGWB
[17:04:49] [376/459] PMBR
[17:04:49] [377/459] GPAM
[17:04:51] [378/459] INBC
[17:04:51] [379/459] PZVK
[17:04:52] [380/459] CPEB
[17:04:53] [381/459] FMLB
[17:04:53] [382/459] INBG
[17:04:54] [383/459] GPBR
[17:04:55] [384/459] PAAS
[17:04:56] [385/459] VTBR
[17:04:57] [386/459] GPMY
[17:04:57] [387/459] GYBU
[17:04:58] [388/459] INBJ
[17:04:58] [389/459] LKTH
[17:04:59] [390/459] NSBR
[17:05:00] [391/459] PDRD
[17:05:01] [392/459] VRBL
[17:05:02] [393/459] VTGB
[17:05:03] [394/459] VTSK
[17:05:04] [395/459] BKDV
[17:05:05] [396/459] SVTB
[17:05:06] [397/459] MLDT
[17:05:06] [398/459] NRBL
[17:05:07] [399/459] SLTR
[17:05:08] [400/459] VNKA
[17:05:09] [401/459] TDCA
[17:05:09] [402/459] INBM
[17:05:10] [403/459] SSNR
[17:05:11] [404/459] BHAC
[17:05:12] [405/459] SDSD
[17:05:13] [406/459] SAMP
[17:05:14] [407/459] RATK
[17:05:14] [408/459] KCBI
[17:05:15] [409/459] URBL
[17:05:16] [410/459] MKBG
[17:05:17] [411/459] ASTB
[17:05:18] [412/459] VBWT
[17:05:19] [413/459] GPSM
[17:05:19] [414/459] ROON
[17:05:20] [415/459] CHTH
[17:05:21] [416/459] SSPA
[17:05:22] [417/459] ANBL
[17:05:23] [418/459] VTBE
[17:05:23] [419/459] SVKT
[17:05:24] [420/459] SVYK
[17:05:25] [421/459] PTBK
[17:05:26] [422/459] RKTB
[17:05:27] [423/459] BALT
[17:05:28] [424/459] STSV
[17:05:29] [425/459] VCCB
[17:05:30] [426/459] SLTB
[17:05:31] [427/459] SBCR
[17:05:32] [428/459] VDCS
[17:05:33] [429/459] MDKI
[17:05:33] [430/459] SMRN
[17:05:34] [431/459] PTBC
[17:05:35] [432/459] RADI
[17:05:36] [433/459] ADCR
[17:05:36] [434/459] SDCS
[17:05:37] [435/459] SRPJ
[17:05:38] [436/459] ARTS
[17:05:39] [437/459] SRHK
[17:05:39] [438/459] SPAY
[17:05:40] [439/459] GPTB
[17:05:42] [440/459] SNNN
[17:05:43] [441/459] BALJ
[17:05:44] [442/459] TRIG
[17:05:45] [443/459] GTYT
[17:05:45] [444/459] ATGN
[17:05:46] [445/459] ANTE
[17:05:47] [446/459] BDCG
[17:05:48] [447/459] VECI
[17:05:49] [448/459] SCPR
[17:05:50] [449/459] RTEA
[17:05:51] [450/459] JSAI
[17:05:51] [451/459] VJTP
[17:05:53] [452/459] GNDS
[17:05:54] [453/459] PAXA
[17:05:55] [454/459] CGGM
[17:05:56] [455/459] ACKZ
[17:05:57] [456/459] EMCC
[17:05:57] [457/459] KLSK
[17:05:58] [458/459] AVCK
[17:05:59] [459/459] JTCK
[17:05:59] 🧹 Deduping shows
[17:05:59] ✅ DONE | Shows=353 | Movies=34
