[09:39:47] 🚀 SCRIPT STARTED
[09:39:47] [1/459] MBDC
[09:39:47] 🧠 New identity created
[09:39:49] [2/459] CHKM
[09:39:50] [3/459] JTKZ
[09:39:50] [4/459] CMCT
[09:39:51] [5/459] ASHO
[09:39:52] [6/459] ECDG
[09:39:53] [7/459] SPAT
[09:39:54] [8/459] HILC
[09:39:55] [9/459] SPPH
[09:39:56] [10/459] SBHN
[09:39:57] [11/459] RRCA
[09:39:58] [12/459] APAA
[09:39:59] [13/459] RAME
[09:40:00] [14/459] TMMS
[09:40:01] [15/459] BATK
[09:40:02] [16/459] LKOP
[09:40:03] [17/459] AMTT
[09:40:03] [18/459] PTGK
[09:40:04] [19/459] ANRS
[09:40:05] [20/459] VWBW
[09:40:06] [21/459] SVFG
[09:40:07] [22/459] STAT
[09:40:08] [23/459] GDCV
[09:40:09] [24/459] VEBI
[09:40:10] [25/459] VDSS
[09:40:11] [26/459] NTHV
[09:40:12] [27/459] AOCH
[09:40:13] [28/459] KASR
[09:40:13] [29/459] AYCS
[09:40:14] [30/459] SHAI
[09:40:15] [31/459] SKPE
[09:40:17] [32/459] SBTA
[09:40:17] [33/459] RTTD
[09:40:18] [34/459] CCJD
[09:40:19] [35/459] RSJJ
[09:40:21] [36/459] RKND
[09:40:22] [37/459] SVTX
[09:40:22] [38/459] BAKM
[09:40:23] [39/459] SVDC
[09:40:24] [40/459] MNCV
[09:40:25] [41/459] SJGC
[09:40:26] [42/459] MTPK
[09:40:27] [43/459] GATP
[09:40:28] [44/459] ABTS
[09:40:29] [45/459] ABDE
[09:40:30] [46/459] RCNM
[09:40:31] [47/459] KTHV
[09:40:32] [48/459] MDGJ
[09:40:33] [49/459] SMLM
[09:40:34] [50/459] JTMA
[09:40:35] [51/459] ACKP
[09:40:36] [52/459] SRTA
[09:40:37] [53/459] STAY
[09:40:38] [54/459] MAVO
[09:40:39] [55/459] APTS
[09:40:39] [56/459] OMEA
[09:40:40] [57/459] TTFD
[09:40:41] [58/459] MJCU
[09:40:42] [59/459] CXTE
[09:40:43] [60/459] CTPX
[09:40:45] [61/459] ASSL
[09:40:45] [62/459] CMVB
[09:40:47] [63/459] VPUR
[09:40:47] [64/459] JJDA
[09:40:49] [65/459] INBL
[09:40:49] [66/459] BIKB
[09:40:50] [67/459] NTBB
[09:40:51] [68/459] GLOB
[09:40:52] [69/459] SNTB
[09:40:53] [70/459] CHGV
[09:40:54] [71/459] SSBZ
[09:40:55] [72/459] PRDB
[09:40:56] [73/459] ISMT
[09:40:57] [74/459] MCSD
[09:40:57] [75/459] JBTT
[09:40:59] [76/459] GEKR
[09:41:00] [77/459] PVUN
[09:41:01] [78/459] NRTB
[09:41:01] [79/459] PRAA
[09:41:02] [80/459] PCBL
[09:41:04] [81/459] PTCM
[09:41:04] [82/459] KHNN
[09:41:05] [83/459] OMJE
[09:41:06] [84/459] STGN
[09:41:07] [85/459] RPMS
[09:41:08] [86/459] NWAD
[09:41:09] [87/459] BLCK
[09:41:10] [88/459] SVAA
[09:41:11] [89/459] URVM
[09:41:12] [90/459] ANTM
[09:41:13] [91/459] VJYM
[09:41:14] [92/459] MAZZ
[09:41:15] [93/459] CSHM
[09:41:16] [94/459] WGMH
[09:41:16] [95/459] SALN
[09:41:17] [96/459] BRTP
[09:41:18] [97/459] SVTA
[09:41:19] [98/459] SBTP
[09:41:20] [99/459] VLSS
[09:41:21] [100/459] SRJA
[09:41:23] [101/459] ANCG
[09:41:24] [102/459] CGGC
[09:41:25] [103/459] CRJA
[09:41:25] [104/459] USCR
[09:41:26] [105/459] MMEF
[09:41:27] [106/459] JCRJ
[09:41:28] [107/459] ADCM
[09:41:29] [108/459] BMYK
[09:41:30] [109/459] KICS
[09:41:31] [110/459] MBBT
[09:41:31] [111/459] MACK
[09:41:32] [112/459] CLDR
[09:41:33] [113/459] JYCR
[09:41:34] [114/459] DCRP
[09:41:36] [115/459] RAHT
[09:41:37] [116/459] CSSM
[09:41:38] [117/459] ATPK
[09:41:39] [118/459] KLRT
[09:41:40] [119/459] SRDD
[09:41:41] [120/459] CKMC
[09:41:42] [121/459] KRVM
[09:41:43] [122/459] AKCP
[09:41:44] [123/459] CNCV
[09:41:45] [124/459] PACT
[09:41:46] [125/459] NATP
[09:41:48] [126/459] PCPK
[09:41:48] [127/459] SMHO
[09:41:49] [128/459] CWTK
[09:41:50] [129/459] RVKZ
[09:41:51] [130/459] ASPD
[09:41:52] [131/459] VTKZ
[09:41:53] [132/459] LCSO
[09:41:54] [133/459] PRDY
[09:41:54] [134/459] RCAP
[09:41:56] [135/459] RGAR
[09:41:57] [136/459] RCAC
[09:41:58] [137/459] PMOD
[09:41:59] [138/459] PVCN
[09:41:59] [139/459] SCRZ
[09:42:00] [140/459] PVPC
[09:42:01] [141/459] STID
[09:42:02] [142/459] NEDD
[09:42:02] [143/459] BNBA
[09:42:03] [144/459] NTCD
[09:42:04] [145/459] OCDE
[09:42:05] [146/459] CCDU
[09:42:06] [147/459] CRXH
[09:42:08] [148/459] VLVT
[09:42:09] [149/459] CICI
[09:42:09] [150/459] SUCB
[09:42:11] [151/459] TCBP
[09:42:12] [152/459] SCCY
[09:42:13] [153/459] LXCY
[09:42:14] [154/459] NCMD
[09:42:15] [155/459] PHCS
[09:42:16] [156/459] DUXR
[09:42:16] [157/459] VNKS
[09:42:17] [158/459] SEDP
[09:42:18] [159/459] SVEN
[09:42:19] [160/459] SRKM
[09:42:20] [161/459] JTLT
[09:42:22] [162/459] SVSS
[09:42:23] [163/459] AMDE
[09:42:24] [164/459] WVRN
[09:42:25] [165/459] ISMG
[09:42:25] [166/459] WVKS
[09:42:26] [167/459] USCG
[09:42:28] [168/459] IOTG
[09:42:30] [169/459] RRJM
[09:42:31] [170/459] EDMP
[09:42:31] [171/459] SCGZ
[09:42:32] [172/459] GMGX
[09:42:34] [173/459] OMTP
[09:42:35] [174/459] MITD
[09:42:36] [175/459] SMMD
[09:42:37] [176/459] STML
[09:42:38] [177/459] MCFS
[09:42:39] [178/459] FPKA
[09:42:40] [179/459] OMLR
[09:42:41] [180/459] KKSC
[09:42:42] [181/459] RVMA
[09:42:43] [182/459] SCLL
[09:42:44] [183/459] SCDK
[09:42:46] [184/459] SXMI
[09:42:47] [185/459] SHDN
[09:42:47] [186/459] PAAD
[09:42:49] [187/459] UUCB
[09:42:50] [188/459] JHOL
[09:42:51] [189/459] SGWT
[09:42:52] [190/459] SRII
[09:42:52] [191/459] SGCK
[09:42:53] [192/459] SVVB
[09:42:55] [193/459] DMHA
[09:42:55] [194/459] PPNL
[09:42:56] [195/459] CPNL
[09:42:57] [196/459] WVLD
[09:42:58] [197/459] PSLV
[09:42:59] [198/459] VTTL
[09:43:00] [199/459] NPAD
[09:43:02] [200/459] PVCS
[09:43:03] [201/459] MCHL
[09:43:04] [202/459] PPLL
[09:43:06] [203/459] MALO
[09:43:06] [204/459] SWBH
[09:43:07] [205/459] PUGB
[09:43:08] [206/459] INBB
[09:43:09] [207/459] INNS
[09:43:10] [208/459] MCPT
[09:43:12] [209/459] SCMI
[09:43:12] [210/459] OCON
[09:43:13] [211/459] SCSM
[09:43:14] [212/459] RJVN
[09:43:15] [213/459] AMDK
[09:43:17] [214/459] ISMR
[09:43:17] [215/459] SMTD
[09:43:19] [216/459] VTDD
[09:43:20] [217/459] PDDZ
[09:43:21] [218/459] PCCK
[09:43:22] [219/459] INAM
[09:43:24] [220/459] FNKT
[09:43:25] [221/459] GDKA
[09:43:25] [222/459] MAYU
[09:43:26] [223/459] TCGU
[09:43:27] [224/459] KDCA
[09:43:28] [225/459] DOMY
[09:43:29] [226/459] PDDD
[09:43:30] [227/459] BJTS
[09:43:30] [228/459] VTCA
[09:43:31] [229/459] SBTM
[09:43:32] [230/459] SEET
[09:43:33] [231/459] SSTJ
[09:43:34] [232/459] SVNT
[09:43:35] [233/459] PPPR
[09:43:36] [234/459] PVYS
[09:43:37] [235/459] IOSE
[09:43:38] [236/459] ACTV
[09:43:38] [237/459] APVE
[09:43:39] [238/459] TCCL
[09:43:40] [239/459] SCMO
[09:43:42] [240/459] SAUM
[09:43:42] [241/459] KCJS
[09:43:44] [242/459] NJCJ
[09:43:45] [243/459] NECF
[09:43:46] [244/459] CCGW
[09:43:46] [245/459] CCMG
[09:43:48] [246/459] NYRG
[09:43:49] [247/459] NCSQ
[09:43:50] [248/459] GRCG
[09:43:51] [249/459] CCBT
[09:43:52] [250/459] ACGA
[09:43:53] [251/459] INAG
[09:43:54] [252/459] FUCG
[09:43:55] [253/459] AICF
[09:43:56] [254/459] GRGA
[09:43:56] [255/459] GDCN
[09:43:57] [256/459] RRCG
[09:43:59] [257/459] SDCH
[09:44:00] [258/459] WVJM
[09:44:02] [259/459] JCCZ
[09:44:02] [260/459] CNCL
[09:44:03] [261/459] TMLV
[09:44:04] [262/459] MEMB
[09:44:05] [263/459] SGTD
[09:44:06] [264/459] CONX
[09:44:07] [265/459] CCMH
[09:44:08] [266/459] ACMC
[09:44:09] [267/459] DTPD
[09:44:10] [268/459] POJA
[09:44:11] [269/459] FNBH
[09:44:12] [270/459] CGCB
[09:44:12] [271/459] RACN
[09:44:14] [272/459] JTSM
[09:44:15] [273/459] SCDN
[09:44:16] [274/459] AACK
[09:44:17] [275/459] RMCE
[09:44:18] [276/459] BSGB
[09:44:18] [277/459] MRCB
[09:44:19] [278/459] SRVR
[09:44:21] [279/459] VTKK
[09:44:22] [280/459] AMST
[09:44:23] [281/459] APCY
[09:44:23] [282/459] LMHO
[09:44:24] [283/459] MTZH
[09:44:25] [284/459] AMZB
[09:44:27] [285/459] SUVT
[09:44:27] [286/459] RCIP
[09:44:28] [287/459] KESR
[09:44:29] [288/459] SNKC
[09:44:30] [289/459] SCED
[09:44:31] [290/459] DVCA
[09:44:32] [291/459] VCDT
[09:44:33] [292/459] RRDI
[09:44:34] [293/459] DFCH
[09:44:35] [294/459] INSC
[09:44:35] [295/459] RGTR
[09:44:36] [296/459] FMOT
[09:44:37] [297/459] SCPM
[09:44:38] [298/459] GCDT
[09:44:39] [299/459] BRKT
[09:44:40] [300/459] DEMP
[09:44:41] [301/459] SRLC
[09:44:42] [302/459] KSTT
[09:44:43] [303/459] SMMT
[09:44:43] [304/459] SILM
[09:44:44] [305/459] JCVM
[09:44:45] [306/459] KCSV
[09:44:46] [307/459] MHLK
[09:44:47] [308/459] SLVL
[09:44:48] [309/459] RJKP
[09:44:50] [310/459] BBPC
[09:44:50] [311/459] MXCB
[09:44:51] [312/459] TCPK
[09:44:52] [313/459] RTBR
[09:44:54] [314/459] GAUT
[09:44:55] [315/459] DVCF
[09:44:56] [316/459] JTSB
[09:44:57] [317/459] SBLS
[09:44:58] [318/459] UDAY
[09:44:59] [319/459] PTNP
[09:45:00] [320/459] DMKT
[09:45:01] [321/459] NTDT
[09:45:02] [322/459] SHDJ
[09:45:03] [323/459] OTNC
[09:45:04] [324/459] RNTW
[09:45:05] [325/459] GCMI
[09:45:05] [326/459] CRCM
[09:45:06] [327/459] NNCZ
[09:45:07] [328/459] OEMO
[09:45:08] [329/459] PVJM
[09:45:09] [330/459] CPJI
[09:45:10] [331/459] RMCJ
[09:45:10] [332/459] CNWJ
[09:45:12] [333/459] EPJM
[09:45:13] [334/459] FNJJ
[09:45:14] [335/459] GCMJ
[09:45:15] [336/459] INPS
[09:45:16] [337/459] BICJ
[09:45:17] [338/459] ISTJ
[09:45:18] [339/459] INJC
[09:45:19] [340/459] GLXJ
[09:45:19] [341/459] INEM
[09:45:20] [342/459] JTMN
[09:45:21] [343/459] FRCJ
[09:45:22] [344/459] DDJP
[09:45:23] [345/459] INJV
[09:45:24] [346/459] GOLC
[09:45:25] [347/459] KOCI
[09:45:26] [348/459] FSTD
[09:45:27] [349/459] PACJ
[09:45:29] [350/459] GMCN
[09:45:30] [351/459] MMDJ
[09:45:30] [352/459] GODH
[09:45:31] [353/459] SKYN
[09:45:32] [354/459] NCTH
[09:45:33] [355/459] SKVZ
[09:45:34] [356/459] SVML
[09:45:35] [357/459] ACVZ
[09:45:36] [358/459] SURA
[09:45:37] [359/459] RTRB
[09:45:38] [360/459] LLCT
[09:45:38] [361/459] ATTS
[09:45:39] [362/459] JYCM
[09:45:40] [363/459] CTKR
[09:45:41] [364/459] LCKR
[09:45:42] [365/459] NYCV
[09:45:42] [366/459] NYOH
[09:45:44] [367/459] NOVX
[09:45:45] [368/459] MRGK
[09:45:47] [369/459] MOON
[09:45:48] [370/459] SBUC
[09:45:49] [371/459] GSVA
[09:45:50] [372/459] VIAK
[09:45:52] [373/459] SMVZ
[09:45:52] [374/459] MATE
[09:45:54] [375/459] RDCN
[09:45:55] [376/459] ASBL
[09:45:55] [377/459] ASVS
[09:45:56] [378/459] ASSR
[09:45:57] [379/459] SSKN
[09:45:58] [380/459] DRPV
[09:45:59] [381/459] MRHT
[09:46:00] [382/459] BSCN
[09:46:01] [383/459] RKNX
[09:46:02] [384/459] MSMC
[09:46:03] [385/459] MSCJ
[09:46:03] [386/459] BTBJ
[09:46:04] [387/459] MJCC
[09:46:06] [388/459] IOMM
[09:46:06] [389/459] ADGR
[09:46:08] [390/459] MYCP
[09:46:09] [391/459] IGCM
[09:46:10] [392/459] PGRK
[09:46:11] [393/459] VPGO
[09:46:11] [394/459] KOMS
[09:46:12] [395/459] URGG
[09:46:13] [396/459] GOST
[09:46:14] [397/459] LACT
[09:46:15] [398/459] BWCM
[09:46:16] [399/459] NCCW
[09:46:17] [400/459] SKYC
[09:46:18] [401/459] CCPM
[09:46:19] [402/459] VCBT
[09:46:20] [403/459] SDKR
[09:46:21] [404/459] CTYB
[09:46:21] [405/459] SHCX
[09:46:22] [406/459] RCUN
[09:46:23] [407/459] CNRA
[09:46:24] [408/459] RFCA
[09:46:26] [409/459] RDCU
[09:46:27] [410/459] SARK
[09:46:28] [411/459] SPPP
[09:46:29] [412/459] ADMB
[09:46:30] [413/459] JYOE
[09:46:30] [414/459] SRMD
[09:46:31] [415/459] RJDH
[09:46:32] [416/459] SSTD
[09:46:34] [417/459] AACV
[09:46:34] [418/459] PPVD
[09:46:36] [419/459] STCP
[09:46:37] [420/459] ANJR
[09:46:38] [421/459] ANLS
[09:46:39] [422/459] BIJO
[09:46:40] [423/459] AVAB
[09:46:42] [424/459] SPMD
[09:46:43] [425/459] SVJL
[09:46:43] [426/459] SDDJ
[09:46:44] [427/459] SLTU
[09:46:45] [428/459] SAKA
[09:46:46] [429/459] PMAM
[09:46:47] [430/459] FNAM
[09:46:48] [431/459] ACAM
[09:46:49] [432/459] SCMM
[09:46:50] [433/459] PMAK
[09:46:51] [434/459] NYSA
[09:46:51] [435/459] FCPA
[09:46:52] [436/459] GDAN
[09:46:53] [437/459] RSCA
[09:46:54] [438/459] DMAN
[09:46:55] [439/459] DZCM
[09:46:56] [440/459] NSGL
[09:46:57] [441/459] CCPP
[09:46:58] [442/459] PSMG
[09:46:59] [443/459] GSER
[09:47:00] [444/459] FCCT
[09:47:01] [445/459] FCTB
[09:47:02] [446/459] LCNK
[09:47:03] [447/459] SKTY
[09:47:04] [448/459] INAA
[09:47:05] [449/459] RCWN
[09:47:06] [450/459] VAIS
[09:47:07] [451/459] CVMN
[09:47:08] [452/459] INTS
[09:47:09] [453/459] FRGS
[09:47:10] [454/459] DTCK
[09:47:10] [455/459] MCMH
[09:47:11] [456/459] ECRR
[09:47:12] [457/459] RLLP
[09:47:13] [458/459] CCSN
[09:47:14] [459/459] CCBA
[09:47:15] 🧹 Deduping shows
[09:47:15] ✅ DONE | Shows=224 | Movies=20
[17:00:17] 🚀 SCRIPT STARTED
[17:00:17] [1/459] MBDC
[17:00:17] 🧠 New identity created
[17:00:17] 🔄 Identity reset
[17:00:17] ❌ MBDC | RuntimeError
[17:00:18] [2/459] CHKM
[17:00:18] 🧠 New identity created
[17:00:18] [3/459] JTKZ
[17:00:19] [4/459] CMCT
[17:00:20] [5/459] ASHO
[17:00:20] [6/459] ECDG
[17:00:21] [7/459] SPAT
[17:00:21] [8/459] HILC
[17:00:22] [9/459] SPPH
[17:00:22] [10/459] SBHN
[17:00:23] [11/459] RRCA
[17:00:24] [12/459] APAA
[17:00:24] [13/459] RAME
[17:00:25] [14/459] TMMS
[17:00:26] [15/459] BATK
[17:00:26] [16/459] LKOP
[17:00:27] [17/459] AMTT
[17:00:28] [18/459] PTGK
[17:00:28] [19/459] ANRS
[17:00:29] [20/459] VWBW
[17:00:29] [21/459] SVFG
[17:00:30] [22/459] STAT
[17:00:30] [23/459] GDCV
[17:00:31] [24/459] VEBI
[17:00:32] [25/459] VDSS
[17:00:32] [26/459] NTHV
[17:00:33] [27/459] AOCH
[17:00:33] [28/459] KASR
[17:00:34] [29/459] AYCS
[17:00:35] [30/459] SHAI
[17:00:35] [31/459] SKPE
[17:00:36] [32/459] SBTA
[17:00:36] [33/459] RTTD
[17:00:37] [34/459] CCJD
[17:00:38] [35/459] RSJJ
[17:00:38] [36/459] RKND
[17:00:39] [37/459] SVTX
[17:00:40] [38/459] BAKM
[17:00:40] [39/459] SVDC
[17:00:41] [40/459] MNCV
[17:00:41] [41/459] SJGC
[17:00:42] [42/459] MTPK
[17:00:43] [43/459] GATP
[17:00:43] [44/459] ABTS
[17:00:44] [45/459] ABDE
[17:00:45] [46/459] RCNM
[17:00:45] [47/459] KTHV
[17:00:46] [48/459] MDGJ
[17:00:46] [49/459] SMLM
[17:00:47] [50/459] JTMA
[17:00:48] [51/459] ACKP
[17:00:48] [52/459] SRTA
[17:00:49] [53/459] STAY
[17:00:49] [54/459] MAVO
[17:00:50] [55/459] APTS
[17:00:51] [56/459] OMEA
[17:00:51] [57/459] TTFD
[17:00:52] [58/459] MJCU
[17:00:52] [59/459] CXTE
[17:00:53] [60/459] CTPX
[17:00:54] [61/459] ASSL
[17:00:54] [62/459] CMVB
[17:00:55] [63/459] VPUR
[17:00:56] [64/459] JJDA
[17:00:56] [65/459] INBL
[17:00:57] [66/459] BIKB
[17:00:58] [67/459] NTBB
[17:00:58] [68/459] GLOB
[17:00:59] [69/459] SNTB
[17:00:59] [70/459] CHGV
[17:01:00] [71/459] SSBZ
[17:01:00] [72/459] PRDB
[17:01:01] [73/459] ISMT
[17:01:02] [74/459] MCSD
[17:01:03] [75/459] JBTT
[17:01:03] [76/459] GEKR
[17:01:04] [77/459] PVUN
[17:01:04] [78/459] NRTB
[17:01:05] [79/459] PRAA
[17:01:06] [80/459] PCBL
[17:01:06] [81/459] PTCM
[17:01:07] [82/459] KHNN
[17:01:07] [83/459] OMJE
[17:01:08] [84/459] STGN
[17:01:09] [85/459] RPMS
[17:01:10] [86/459] NWAD
[17:01:10] [87/459] BLCK
[17:01:11] [88/459] SVAA
[17:01:12] [89/459] URVM
[17:01:12] [90/459] ANTM
[17:01:13] [91/459] VJYM
[17:01:13] [92/459] MAZZ
[17:01:14] [93/459] CSHM
[17:01:15] [94/459] WGMH
[17:01:15] [95/459] SALN
[17:01:16] [96/459] BRTP
[17:01:17] [97/459] SVTA
[17:01:17] [98/459] SBTP
[17:01:18] [99/459] VLSS
[17:01:19] [100/459] SRJA
[17:01:19] [101/459] ANCG
[17:01:20] [102/459] CGGC
[17:01:20] [103/459] CRJA
[17:01:21] [104/459] USCR
[17:01:22] [105/459] MMEF
[17:01:22] [106/459] JCRJ
[17:01:23] [107/459] ADCM
[17:01:23] [108/459] BMYK
[17:01:24] [109/459] KICS
[17:01:24] [110/459] MBBT
[17:01:25] [111/459] MACK
[17:01:25] [112/459] CLDR
[17:01:26] [113/459] JYCR
[17:01:27] [114/459] DCRP
[17:01:27] [115/459] RAHT
[17:01:28] [116/459] CSSM
[17:01:28] [117/459] ATPK
[17:01:29] [118/459] KLRT
[17:01:29] [119/459] SRDD
[17:01:30] [120/459] CKMC
[17:01:30] [121/459] KRVM
[17:01:31] [122/459] AKCP
[17:01:32] [123/459] CNCV
[17:01:32] [124/459] PACT
[17:01:33] [125/459] NATP
[17:01:34] [126/459] PCPK
[17:01:34] [127/459] SMHO
[17:01:35] [128/459] CWTK
[17:01:35] [129/459] RVKZ
[17:01:36] [130/459] ASPD
[17:01:36] [131/459] VTKZ
[17:01:37] [132/459] LCSO
[17:01:37] [133/459] PRDY
[17:01:38] [134/459] RCAP
[17:01:39] [135/459] RGAR
[17:01:39] [136/459] RCAC
[17:01:40] [137/459] PMOD
[17:01:41] [138/459] PVCN
[17:01:41] [139/459] SCRZ
[17:01:42] [140/459] PVPC
[17:01:42] [141/459] STID
[17:01:43] [142/459] NEDD
[17:01:43] [143/459] BNBA
[17:01:44] [144/459] NTCD
[17:01:45] [145/459] OCDE
[17:01:45] [146/459] CCDU
[17:01:46] [147/459] CRXH
[17:01:46] [148/459] VLVT
[17:01:47] [149/459] CICI
[17:01:47] [150/459] SUCB
[17:01:48] [151/459] TCBP
[17:01:49] [152/459] SCCY
[17:01:49] [153/459] LXCY
[17:01:49] [154/459] NCMD
[17:01:50] [155/459] PHCS
[17:01:50] [156/459] DUXR
[17:01:51] [157/459] VNKS
[17:01:52] [158/459] SEDP
[17:01:52] [159/459] SVEN
[17:01:53] [160/459] SRKM
[17:01:53] [161/459] JTLT
[17:01:54] [162/459] SVSS
[17:01:55] [163/459] AMDE
[17:01:55] [164/459] WVRN
[17:01:56] [165/459] ISMG
[17:01:56] [166/459] WVKS
[17:01:57] [167/459] USCG
[17:01:57] [168/459] IOTG
[17:01:58] [169/459] RRJM
[17:01:59] [170/459] EDMP
[17:01:59] [171/459] SCGZ
[17:02:00] [172/459] GMGX
[17:02:00] [173/459] OMTP
[17:02:01] [174/459] MITD
[17:02:02] [175/459] SMMD
[17:02:02] [176/459] STML
[17:02:03] [177/459] MCFS
[17:02:03] [178/459] FPKA
[17:02:04] [179/459] OMLR
[17:02:05] [180/459] KKSC
[17:02:05] [181/459] RVMA
[17:02:06] [182/459] SCLL
[17:02:07] [183/459] SCDK
[17:02:07] [184/459] SXMI
[17:02:08] [185/459] SHDN
[17:02:08] [186/459] PAAD
[17:02:09] [187/459] UUCB
[17:02:10] [188/459] JHOL
[17:02:10] [189/459] SGWT
[17:02:11] [190/459] SRII
[17:02:11] [191/459] SGCK
[17:02:12] [192/459] SVVB
[17:02:12] [193/459] DMHA
[17:02:13] [194/459] PPNL
[17:02:14] [195/459] CPNL
[17:02:14] [196/459] WVLD
[17:02:15] [197/459] PSLV
[17:02:15] [198/459] VTTL
[17:02:16] [199/459] NPAD
[17:02:17] [200/459] PVCS
[17:02:17] [201/459] MCHL
[17:02:18] [202/459] PPLL
[17:02:18] [203/459] MALO
[17:02:19] [204/459] SWBH
[17:02:20] [205/459] PUGB
[17:02:20] [206/459] INBB
[17:02:21] [207/459] INNS
[17:02:22] [208/459] MCPT
[17:02:22] [209/459] SCMI
[17:02:23] [210/459] OCON
[17:02:23] [211/459] SCSM
[17:02:24] [212/459] RJVN
[17:02:25] [213/459] AMDK
[17:02:25] [214/459] ISMR
[17:02:26] [215/459] SMTD
[17:02:26] [216/459] VTDD
[17:02:27] [217/459] PDDZ
[17:02:28] [218/459] PCCK
[17:02:28] [219/459] INAM
[17:02:29] [220/459] FNKT
[17:02:29] [221/459] GDKA
[17:02:30] [222/459] MAYU
[17:02:30] [223/459] TCGU
[17:02:31] [224/459] KDCA
[17:02:32] [225/459] DOMY
[17:02:32] [226/459] PDDD
[17:02:33] [227/459] BJTS
[17:02:33] [228/459] VTCA
[17:02:34] [229/459] SBTM
[17:02:34] [230/459] SEET
[17:02:35] [231/459] SSTJ
[17:02:36] [232/459] SVNT
[17:02:36] [233/459] PPPR
[17:02:37] [234/459] PVYS
[17:02:37] [235/459] IOSE
[17:02:38] [236/459] ACTV
[17:02:39] [237/459] APVE
[17:02:39] [238/459] TCCL
[17:02:40] [239/459] SCMO
[17:02:41] [240/459] SAUM
[17:02:41] [241/459] KCJS
[17:02:42] [242/459] NJCJ
[17:02:42] [243/459] NECF
[17:02:43] [244/459] CCGW
[17:02:43] [245/459] CCMG
[17:02:44] [246/459] NYRG
[17:02:45] [247/459] NCSQ
[17:02:45] [248/459] GRCG
[17:02:46] [249/459] CCBT
[17:02:47] [250/459] ACGA
[17:02:47] [251/459] INAG
[17:02:48] [252/459] FUCG
[17:02:48] [253/459] AICF
[17:02:49] [254/459] GRGA
[17:02:50] [255/459] GDCN
[17:02:50] [256/459] RRCG
[17:02:51] [257/459] SDCH
[17:02:51] [258/459] WVJM
[17:02:52] [259/459] JCCZ
[17:02:53] [260/459] CNCL
[17:02:53] [261/459] TMLV
[17:02:54] [262/459] MEMB
[17:02:54] [263/459] SGTD
[17:02:55] [264/459] CONX
[17:02:56] [265/459] CCMH
[17:02:56] [266/459] ACMC
[17:02:57] [267/459] DTPD
[17:02:57] [268/459] POJA
[17:02:58] [269/459] FNBH
[17:02:59] [270/459] CGCB
[17:02:59] [271/459] RACN
[17:03:00] [272/459] JTSM
[17:03:00] [273/459] SCDN
[17:03:01] [274/459] AACK
[17:03:01] [275/459] RMCE
[17:03:02] [276/459] BSGB
[17:03:03] [277/459] MRCB
[17:03:03] [278/459] SRVR
[17:03:04] [279/459] VTKK
[17:03:05] [280/459] AMST
[17:03:05] [281/459] APCY
[17:03:06] [282/459] LMHO
[17:03:06] [283/459] MTZH
[17:03:07] [284/459] AMZB
[17:03:07] [285/459] SUVT
[17:03:08] [286/459] RCIP
[17:03:09] [287/459] KESR
[17:03:10] [288/459] SNKC
[17:03:10] [289/459] SCED
[17:03:11] [290/459] DVCA
[17:03:12] [291/459] VCDT
[17:03:12] [292/459] RRDI
[17:03:13] [293/459] DFCH
[17:03:13] [294/459] INSC
[17:03:14] [295/459] RGTR
[17:03:15] [296/459] FMOT
[17:03:15] [297/459] SCPM
[17:03:16] [298/459] GCDT
[17:03:16] [299/459] BRKT
[17:03:17] [300/459] DEMP
[17:03:17] [301/459] SRLC
[17:03:18] [302/459] KSTT
[17:03:19] [303/459] SMMT
[17:03:19] [304/459] SILM
[17:03:20] [305/459] JCVM
[17:03:20] [306/459] KCSV
[17:03:21] [307/459] MHLK
[17:03:22] [308/459] SLVL
[17:03:22] [309/459] RJKP
[17:03:23] [310/459] BBPC
[17:03:23] [311/459] MXCB
[17:03:24] [312/459] TCPK
[17:03:24] [313/459] RTBR
[17:03:25] [314/459] GAUT
[17:03:25] [315/459] DVCF
[17:03:26] [316/459] JTSB
[17:03:27] [317/459] SBLS
[17:03:28] [318/459] UDAY
[17:03:28] [319/459] PTNP
[17:03:29] [320/459] DMKT
[17:03:29] [321/459] NTDT
[17:03:30] [322/459] SHDJ
[17:03:30] [323/459] OTNC
[17:03:31] [324/459] RNTW
[17:03:31] [325/459] GCMI
[17:03:32] [326/459] CRCM
[17:03:32] [327/459] NNCZ
[17:03:33] [328/459] OEMO
[17:03:34] [329/459] PVJM
[17:03:34] [330/459] CPJI
[17:03:35] [331/459] RMCJ
[17:03:35] [332/459] CNWJ
[17:03:36] [333/459] EPJM
[17:03:36] [334/459] FNJJ
[17:03:37] [335/459] GCMJ
[17:03:38] [336/459] INPS
[17:03:38] [337/459] BICJ
[17:03:39] [338/459] ISTJ
[17:03:40] [339/459] INJC
[17:03:40] [340/459] GLXJ
[17:03:41] [341/459] INEM
[17:03:41] [342/459] JTMN
[17:03:42] [343/459] FRCJ
[17:03:42] [344/459] DDJP
[17:03:43] [345/459] INJV
[17:03:43] [346/459] GOLC
[17:03:44] [347/459] KOCI
[17:03:45] [348/459] FSTD
[17:03:45] [349/459] PACJ
[17:03:46] [350/459] GMCN
[17:03:47] [351/459] MMDJ
[17:03:47] [352/459] GODH
[17:03:48] [353/459] SKYN
[17:03:48] [354/459] NCTH
[17:03:49] [355/459] SKVZ
[17:03:50] [356/459] SVML
[17:03:50] [357/459] ACVZ
[17:03:51] [358/459] SURA
[17:03:51] [359/459] RTRB
[17:03:52] [360/459] LLCT
[17:03:52] [361/459] ATTS
[17:03:53] [362/459] JYCM
[17:03:53] [363/459] CTKR
[17:03:54] [364/459] LCKR
[17:03:55] [365/459] NYCV
[17:03:55] [366/459] NYOH
[17:03:56] [367/459] NOVX
[17:03:56] [368/459] MRGK
[17:03:57] [369/459] MOON
[17:03:57] [370/459] SBUC
[17:03:58] [371/459] GSVA
[17:03:59] [372/459] VIAK
[17:03:59] [373/459] SMVZ
[17:04:00] [374/459] MATE
[17:04:01] [375/459] RDCN
[17:04:01] [376/459] ASBL
[17:04:02] [377/459] ASVS
[17:04:02] [378/459] ASSR
[17:04:03] [379/459] SSKN
[17:04:03] [380/459] DRPV
[17:04:04] [381/459] MRHT
[17:04:05] [382/459] BSCN
[17:04:05] [383/459] RKNX
[17:04:06] [384/459] MSMC
[17:04:06] [385/459] MSCJ
[17:04:07] [386/459] BTBJ
[17:04:08] [387/459] MJCC
[17:04:08] [388/459] IOMM
[17:04:09] [389/459] ADGR
[17:04:09] [390/459] MYCP
[17:04:10] [391/459] IGCM
[17:04:11] [392/459] PGRK
[17:04:11] [393/459] VPGO
[17:04:12] [394/459] KOMS
[17:04:12] [395/459] URGG
[17:04:13] [396/459] GOST
[17:04:13] [397/459] LACT
[17:04:14] [398/459] BWCM
[17:04:14] [399/459] NCCW
[17:04:15] [400/459] SKYC
[17:04:16] [401/459] CCPM
[17:04:16] [402/459] VCBT
[17:04:17] [403/459] SDKR
[17:04:18] [404/459] CTYB
[17:04:18] [405/459] SHCX
[17:04:19] [406/459] RCUN
[17:04:20] [407/459] CNRA
[17:04:20] [408/459] RFCA
[17:04:21] [409/459] RDCU
[17:04:21] [410/459] SARK
[17:04:22] [411/459] SPPP
[17:04:22] [412/459] ADMB
[17:04:23] [413/459] JYOE
[17:04:24] [414/459] SRMD
[17:04:24] [415/459] RJDH
[17:04:25] [416/459] SSTD
[17:04:26] [417/459] AACV
[17:04:26] [418/459] PPVD
[17:04:27] [419/459] STCP
[17:04:27] [420/459] ANJR
[17:04:28] [421/459] ANLS
[17:04:28] [422/459] BIJO
[17:04:29] [423/459] AVAB
[17:04:30] [424/459] SPMD
[17:04:30] [425/459] SVJL
[17:04:31] [426/459] SDDJ
[17:04:32] [427/459] SLTU
[17:04:32] [428/459] SAKA
[17:04:33] [429/459] PMAM
[17:04:33] [430/459] FNAM
[17:04:34] [431/459] ACAM
[17:04:35] [432/459] SCMM
[17:04:35] [433/459] PMAK
[17:04:36] [434/459] NYSA
[17:04:36] [435/459] FCPA
[17:04:37] [436/459] GDAN
[17:04:38] [437/459] RSCA
[17:04:38] [438/459] DMAN
[17:04:39] [439/459] DZCM
[17:04:40] [440/459] NSGL
[17:04:40] [441/459] CCPP
[17:04:40] [442/459] PSMG
[17:04:41] [443/459] GSER
[17:04:42] [444/459] FCCT
[17:04:42] [445/459] FCTB
[17:04:43] [446/459] LCNK
[17:04:44] [447/459] SKTY
[17:04:44] [448/459] INAA
[17:04:45] [449/459] RCWN
[17:04:45] [450/459] VAIS
[17:04:46] [451/459] CVMN
[17:04:46] [452/459] INTS
[17:04:47] [453/459] FRGS
[17:04:48] [454/459] DTCK
[17:04:48] [455/459] MCMH
[17:04:49] [456/459] ECRR
[17:04:50] [457/459] RLLP
[17:04:50] [458/459] CCSN
[17:04:51] [459/459] CCBA
[17:04:51] 🧹 Deduping shows
[17:04:51] ✅ DONE | Shows=563 | Movies=40
[04:54:18] 🚀 SCRIPT STARTED
[04:54:18] [1/459] MBDC
[04:54:18] 🧠 New identity created
[04:54:18] 🔄 Identity reset
[04:54:18] ❌ MBDC | RuntimeError
[04:54:19] [2/459] CHKM
[04:54:19] 🧠 New identity created
[04:54:19] 🔄 Identity reset
[04:54:19] ❌ CHKM | RuntimeError
[04:54:19] [3/459] JTKZ
[04:54:19] 🧠 New identity created
[04:54:19] 🔄 Identity reset
[04:54:19] ❌ JTKZ | RuntimeError
[04:54:20] [4/459] CMCT
[04:54:20] 🧠 New identity created
[04:54:20] 🔄 Identity reset
[04:54:20] ❌ CMCT | RuntimeError
[04:54:20] [5/459] ASHO
[04:54:20] 🧠 New identity created
[04:54:21] 🔄 Identity reset
[04:54:21] ❌ ASHO | RuntimeError
[04:54:21] [6/459] ECDG
[04:54:21] 🧠 New identity created
[04:54:21] 🔄 Identity reset
[04:54:21] ❌ ECDG | RuntimeError
[04:54:22] [7/459] SPAT
[04:54:22] 🧠 New identity created
[04:54:22] 🔄 Identity reset
[04:54:22] ❌ SPAT | RuntimeError
[04:54:22] [8/459] HILC
[04:54:22] 🧠 New identity created
[04:54:23] 🔄 Identity reset
[04:54:23] ❌ HILC | RuntimeError
[04:54:23] [9/459] SPPH
[04:54:23] 🧠 New identity created
[04:54:23] 🔄 Identity reset
[04:54:23] ❌ SPPH | RuntimeError
[04:54:24] [10/459] SBHN
[04:54:24] 🧠 New identity created
[04:54:24] 🔄 Identity reset
[04:54:24] ❌ SBHN | RuntimeError
[04:54:24] [11/459] RRCA
[04:54:24] 🧠 New identity created
[04:54:24] 🔄 Identity reset
[04:54:24] ❌ RRCA | RuntimeError
[04:54:25] [12/459] APAA
[04:54:25] 🧠 New identity created
[04:54:25] 🔄 Identity reset
[04:54:25] ❌ APAA | RuntimeError
[04:54:26] [13/459] RAME
[04:54:26] 🧠 New identity created
[04:54:26] 🔄 Identity reset
[04:54:26] ❌ RAME | RuntimeError
[04:54:26] [14/459] TMMS
[04:54:26] 🧠 New identity created
[04:54:26] 🔄 Identity reset
[04:54:26] ❌ TMMS | RuntimeError
[04:54:27] [15/459] BATK
[04:54:27] 🧠 New identity created
[04:54:27] 🔄 Identity reset
[04:54:27] ❌ BATK | RuntimeError
[04:54:28] [16/459] LKOP
[04:54:28] 🧠 New identity created
[04:54:29] [17/459] AMTT
[04:54:30] [18/459] PTGK
[04:54:31] [19/459] ANRS
[04:54:32] [20/459] VWBW
[04:54:33] [21/459] SVFG
[04:54:33] [22/459] STAT
[04:54:34] [23/459] GDCV
[04:54:35] [24/459] VEBI
[04:54:36] [25/459] VDSS
[04:54:37] [26/459] NTHV
[04:54:38] [27/459] AOCH
[04:54:38] [28/459] KASR
[04:54:39] [29/459] AYCS
[04:54:41] [30/459] SHAI
[04:54:41] [31/459] SKPE
[04:54:42] [32/459] SBTA
[04:54:43] [33/459] RTTD
[04:54:44] [34/459] CCJD
[04:54:45] [35/459] RSJJ
[04:54:46] [36/459] RKND
[04:54:47] [37/459] SVTX
[04:54:47] [38/459] BAKM
[04:54:48] [39/459] SVDC
[04:54:49] [40/459] MNCV
[04:54:50] [41/459] SJGC
[04:54:51] [42/459] MTPK
[04:54:52] [43/459] GATP
[04:54:53] [44/459] ABTS
[04:54:54] [45/459] ABDE
[04:54:54] [46/459] RCNM
[04:54:55] [47/459] KTHV
[04:54:56] [48/459] MDGJ
[04:54:57] [49/459] SMLM
[04:54:58] [50/459] JTMA
[04:54:59] [51/459] ACKP
[04:55:00] [52/459] SRTA
[04:55:01] [53/459] STAY
[04:55:01] [54/459] MAVO
[04:55:03] [55/459] APTS
[04:55:03] [56/459] OMEA
[04:55:04] [57/459] TTFD
[04:55:05] [58/459] MJCU
[04:55:06] [59/459] CXTE
[04:55:06] [60/459] CTPX
[04:55:07] [61/459] ASSL
[04:55:08] [62/459] CMVB
[04:55:10] [63/459] VPUR
[04:55:10] [64/459] JJDA
[04:55:12] [65/459] INBL
[04:55:13] [66/459] BIKB
[04:55:14] [67/459] NTBB
[04:55:14] [68/459] GLOB
[04:55:15] [69/459] SNTB
[04:55:16] [70/459] CHGV
[04:55:17] [71/459] SSBZ
[04:55:18] [72/459] PRDB
[04:55:19] [73/459] ISMT
[04:55:20] [74/459] MCSD
[04:55:21] [75/459] JBTT
[04:55:21] [76/459] GEKR
[04:55:22] [77/459] PVUN
[04:55:23] [78/459] NRTB
[04:55:24] [79/459] PRAA
[04:55:25] [80/459] PCBL
[04:55:26] [81/459] PTCM
[04:55:27] [82/459] KHNN
[04:55:28] [83/459] OMJE
[04:55:28] [84/459] STGN
[04:55:29] [85/459] RPMS
[04:55:30] [86/459] NWAD
[04:55:32] [87/459] BLCK
[04:55:32] [88/459] SVAA
[04:55:33] [89/459] URVM
[04:55:34] [90/459] ANTM
[04:55:35] [91/459] VJYM
[04:55:36] [92/459] MAZZ
[04:55:37] [93/459] CSHM
[04:55:38] [94/459] WGMH
[04:55:39] [95/459] SALN
[04:55:40] [96/459] BRTP
[04:55:41] [97/459] SVTA
[04:55:42] [98/459] SBTP
[04:55:43] [99/459] VLSS
[04:55:44] [100/459] SRJA
[04:55:44] [101/459] ANCG
[04:55:45] [102/459] CGGC
[04:55:46] [103/459] CRJA
[04:55:47] [104/459] USCR
[04:55:48] [105/459] MMEF
[04:55:49] [106/459] JCRJ
[04:55:50] [107/459] ADCM
[04:55:51] [108/459] BMYK
[04:55:52] [109/459] KICS
[04:55:52] [110/459] MBBT
[04:55:54] [111/459] MACK
[04:55:55] [112/459] CLDR
[04:55:56] [113/459] JYCR
[04:55:57] [114/459] DCRP
[04:55:57] [115/459] RAHT
[04:55:59] [116/459] CSSM
[04:56:00] [117/459] ATPK
[04:56:00] [118/459] KLRT
[04:56:01] [119/459] SRDD
[04:56:02] [120/459] CKMC
[04:56:03] [121/459] KRVM
[04:56:04] [122/459] AKCP
[04:56:05] [123/459] CNCV
[04:56:05] [124/459] PACT
[04:56:06] [125/459] NATP
[04:56:07] [126/459] PCPK
[04:56:08] [127/459] SMHO
[04:56:09] [128/459] CWTK
[04:56:10] [129/459] RVKZ
[04:56:10] [130/459] ASPD
[04:56:11] [131/459] VTKZ
[04:56:12] [132/459] LCSO
[04:56:13] [133/459] PRDY
[04:56:14] [134/459] RCAP
[04:56:15] [135/459] RGAR
[04:56:16] [136/459] RCAC
[04:56:17] [137/459] PMOD
[04:56:17] [138/459] PVCN
[04:56:18] [139/459] SCRZ
[04:56:19] [140/459] PVPC
[04:56:20] [141/459] STID
[04:56:20] [142/459] NEDD
[04:56:21] [143/459] BNBA
[04:56:22] [144/459] NTCD
[04:56:22] [145/459] OCDE
[04:56:23] [146/459] CCDU
[04:56:23] [147/459] CRXH
[04:56:24] [148/459] VLVT
[04:56:25] [149/459] CICI
[04:56:25] [150/459] SUCB
[04:56:25] [151/459] TCBP
[04:56:26] [152/459] SCCY
[04:56:27] [153/459] LXCY
[04:56:28] [154/459] NCMD
[04:56:28] [155/459] PHCS
[04:56:29] [156/459] DUXR
[04:56:29] [157/459] VNKS
[04:56:30] [158/459] SEDP
[04:56:31] [159/459] SVEN
[04:56:32] [160/459] SRKM
[04:56:32] [161/459] JTLT
[04:56:33] [162/459] SVSS
[04:56:33] [163/459] AMDE
[04:56:34] [164/459] WVRN
[04:56:34] [165/459] ISMG
[04:56:35] [166/459] WVKS
[04:56:36] [167/459] USCG
[04:56:36] [168/459] IOTG
[04:56:37] [169/459] RRJM
[04:56:38] [170/459] EDMP
[04:56:38] [171/459] SCGZ
[04:56:39] [172/459] GMGX
[04:56:40] [173/459] OMTP
[04:56:40] [174/459] MITD
[04:56:41] [175/459] SMMD
[04:56:42] [176/459] STML
[04:56:42] [177/459] MCFS
[04:56:43] [178/459] FPKA
[04:56:44] [179/459] OMLR
[04:56:44] [180/459] KKSC
[04:56:45] [181/459] RVMA
[04:56:46] [182/459] SCLL
[04:56:46] [183/459] SCDK
[04:56:46] [184/459] SXMI
[04:56:47] [185/459] SHDN
[04:56:48] [186/459] PAAD
[04:56:48] [187/459] UUCB
[04:56:49] [188/459] JHOL
[04:56:49] [189/459] SGWT
[04:56:50] [190/459] SRII
[04:56:51] [191/459] SGCK
[04:56:51] [192/459] SVVB
[04:56:52] [193/459] DMHA
[04:56:52] [194/459] PPNL
[04:56:53] [195/459] CPNL
[04:56:54] [196/459] WVLD
[04:56:54] [197/459] PSLV
[04:56:55] [198/459] VTTL
[04:56:56] [199/459] NPAD
[04:56:56] [200/459] PVCS
[04:56:57] [201/459] MCHL
[04:56:57] [202/459] PPLL
[04:56:58] [203/459] MALO
[04:56:58] [204/459] SWBH
[04:56:59] [205/459] PUGB
[04:57:00] [206/459] INBB
[04:57:00] [207/459] INNS
[04:57:01] [208/459] MCPT
[04:57:01] [209/459] SCMI
[04:57:02] [210/459] OCON
[04:57:03] [211/459] SCSM
[04:57:03] [212/459] RJVN
[04:57:04] [213/459] AMDK
[04:57:04] [214/459] ISMR
[04:57:05] [215/459] SMTD
[04:57:06] [216/459] VTDD
[04:57:06] [217/459] PDDZ
[04:57:07] [218/459] PCCK
[04:57:08] [219/459] INAM
[04:57:08] [220/459] FNKT
[04:57:09] [221/459] GDKA
[04:57:10] [222/459] MAYU
[04:57:10] [223/459] TCGU
[04:57:11] [224/459] KDCA
[04:57:11] [225/459] DOMY
[04:57:12] [226/459] PDDD
[04:57:13] [227/459] BJTS
[04:57:14] [228/459] VTCA
[04:57:14] [229/459] SBTM
[04:57:15] [230/459] SEET
[04:57:16] [231/459] SSTJ
[04:57:16] [232/459] SVNT
[04:57:17] [233/459] PPPR
[04:57:17] [234/459] PVYS
[04:57:18] [235/459] IOSE
[04:57:18] [236/459] ACTV
[04:57:19] [237/459] APVE
[04:57:19] [238/459] TCCL
[04:57:20] [239/459] SCMO
[04:57:21] [240/459] SAUM
[04:57:21] [241/459] KCJS
[04:57:22] [242/459] NJCJ
[04:57:22] [243/459] NECF
[04:57:23] [244/459] CCGW
[04:57:24] [245/459] CCMG
[04:57:24] [246/459] NYRG
[04:57:25] [247/459] NCSQ
[04:57:25] [248/459] GRCG
[04:57:26] [249/459] CCBT
[04:57:27] [250/459] ACGA
[04:57:27] [251/459] INAG
[04:57:28] [252/459] FUCG
[04:57:29] [253/459] AICF
[04:57:29] [254/459] GRGA
[04:57:30] [255/459] GDCN
[04:57:31] [256/459] RRCG
[04:57:32] [257/459] SDCH
[04:57:32] [258/459] WVJM
[04:57:33] [259/459] JCCZ
[04:57:33] [260/459] CNCL
[04:57:34] [261/459] TMLV
[04:57:35] [262/459] MEMB
[04:57:35] [263/459] SGTD
[04:57:36] [264/459] CONX
[04:57:37] [265/459] CCMH
[04:57:37] [266/459] ACMC
[04:57:38] [267/459] DTPD
[04:57:38] [268/459] POJA
[04:57:39] [269/459] FNBH
[04:57:39] [270/459] CGCB
[04:57:40] [271/459] RACN
[04:57:41] [272/459] JTSM
[04:57:41] [273/459] SCDN
[04:57:42] [274/459] AACK
[04:57:42] [275/459] RMCE
[04:57:43] [276/459] BSGB
[04:57:44] [277/459] MRCB
[04:57:45] [278/459] SRVR
[04:57:45] [279/459] VTKK
[04:57:46] [280/459] AMST
[04:57:46] [281/459] APCY
[04:57:47] [282/459] LMHO
[04:57:48] [283/459] MTZH
[04:57:48] [284/459] AMZB
[04:57:49] [285/459] SUVT
[04:57:49] [286/459] RCIP
[04:57:50] [287/459] KESR
[04:57:51] [288/459] SNKC
[04:57:51] [289/459] SCED
[04:57:52] [290/459] DVCA
[04:57:52] [291/459] VCDT
[04:57:53] [292/459] RRDI
[04:57:53] [293/459] DFCH
[04:57:54] [294/459] INSC
[04:57:55] [295/459] RGTR
[04:57:55] [296/459] FMOT
[04:57:56] [297/459] SCPM
[04:57:57] [298/459] GCDT
[04:57:57] [299/459] BRKT
[04:57:58] [300/459] DEMP
[04:57:58] [301/459] SRLC
[04:57:59] [302/459] KSTT
[04:58:00] [303/459] SMMT
[04:58:00] [304/459] SILM
[04:58:01] [305/459] JCVM
[04:58:02] [306/459] KCSV
[04:58:02] [307/459] MHLK
[04:58:03] [308/459] SLVL
[04:58:04] [309/459] RJKP
[04:58:04] [310/459] BBPC
[04:58:05] [311/459] MXCB
[04:58:06] [312/459] TCPK
[04:58:06] [313/459] RTBR
[04:58:07] [314/459] GAUT
[04:58:07] [315/459] DVCF
[04:58:08] [316/459] JTSB
[04:58:08] [317/459] SBLS
[04:58:09] [318/459] UDAY
[04:58:10] [319/459] PTNP
[04:58:10] [320/459] DMKT
[04:58:11] [321/459] NTDT
[04:58:11] [322/459] SHDJ
[04:58:12] [323/459] OTNC
[04:58:13] [324/459] RNTW
[04:58:13] [325/459] GCMI
[04:58:14] [326/459] CRCM
[04:58:14] [327/459] NNCZ
[04:58:15] [328/459] OEMO
[04:58:16] [329/459] PVJM
[04:58:16] [330/459] CPJI
[04:58:17] [331/459] RMCJ
[04:58:17] [332/459] CNWJ
[04:58:18] [333/459] EPJM
[04:58:18] [334/459] FNJJ
[04:58:19] [335/459] GCMJ
[04:58:20] [336/459] INPS
[04:58:20] [337/459] BICJ
[04:58:21] [338/459] ISTJ
[04:58:22] [339/459] INJC
[04:58:22] [340/459] GLXJ
[04:58:23] [341/459] INEM
[04:58:24] [342/459] JTMN
[04:58:24] [343/459] FRCJ
[04:58:25] [344/459] DDJP
[04:58:25] [345/459] INJV
[04:58:26] [346/459] GOLC
[04:58:27] [347/459] KOCI
[04:58:27] [348/459] FSTD
[04:58:28] [349/459] PACJ
[04:58:28] [350/459] GMCN
[04:58:29] [351/459] MMDJ
[04:58:29] [352/459] GODH
[04:58:30] [353/459] SKYN
[04:58:31] [354/459] NCTH
[04:58:31] [355/459] SKVZ
[04:58:32] [356/459] SVML
[04:58:32] [357/459] ACVZ
[04:58:33] [358/459] SURA
[04:58:33] [359/459] RTRB
[04:58:34] [360/459] LLCT
[04:58:35] [361/459] ATTS
[04:58:35] [362/459] JYCM
[04:58:36] [363/459] CTKR
[04:58:36] [364/459] LCKR
[04:58:37] [365/459] NYCV
[04:58:37] [366/459] NYOH
[04:58:38] [367/459] NOVX
[04:58:39] [368/459] MRGK
[04:58:39] [369/459] MOON
[04:58:40] [370/459] SBUC
[04:58:40] [371/459] GSVA
[04:58:41] [372/459] VIAK
[04:58:42] [373/459] SMVZ
[04:58:42] [374/459] MATE
[04:58:43] [375/459] RDCN
[04:58:43] [376/459] ASBL
[04:58:44] [377/459] ASVS
[04:58:45] [378/459] ASSR
[04:58:46] [379/459] SSKN
[04:58:46] [380/459] DRPV
[04:58:47] [381/459] MRHT
[04:58:47] [382/459] BSCN
[04:58:48] [383/459] RKNX
[04:58:49] [384/459] MSMC
[04:58:49] [385/459] MSCJ
[04:58:50] [386/459] BTBJ
[04:58:51] [387/459] MJCC
[04:58:51] [388/459] IOMM
[04:58:52] [389/459] ADGR
[04:58:53] [390/459] MYCP
[04:58:53] [391/459] IGCM
[04:58:54] [392/459] PGRK
[04:58:54] [393/459] VPGO
[04:58:55] [394/459] KOMS
[04:58:55] [395/459] URGG
[04:58:56] [396/459] GOST
[04:58:57] [397/459] LACT
[04:58:58] [398/459] BWCM
[04:58:58] [399/459] NCCW
[04:58:59] [400/459] SKYC
[04:58:59] [401/459] CCPM
[04:59:00] [402/459] VCBT
[04:59:01] [403/459] SDKR
[04:59:01] [404/459] CTYB
[04:59:02] [405/459] SHCX
[04:59:03] [406/459] RCUN
[04:59:03] [407/459] CNRA
[04:59:04] [408/459] RFCA
[04:59:05] [409/459] RDCU
[04:59:05] [410/459] SARK
[04:59:06] [411/459] SPPP
[04:59:06] [412/459] ADMB
[04:59:07] [413/459] JYOE
[04:59:07] [414/459] SRMD
[04:59:08] [415/459] RJDH
[04:59:08] [416/459] SSTD
[04:59:09] [417/459] AACV
[04:59:10] [418/459] PPVD
[04:59:10] [419/459] STCP
[04:59:11] [420/459] ANJR
[04:59:12] [421/459] ANLS
[04:59:12] [422/459] BIJO
[04:59:13] [423/459] AVAB
[04:59:13] [424/459] SPMD
[04:59:14] [425/459] SVJL
[04:59:15] [426/459] SDDJ
[04:59:15] [427/459] SLTU
[04:59:16] [428/459] SAKA
[04:59:16] [429/459] PMAM
[04:59:17] [430/459] FNAM
[04:59:17] [431/459] ACAM
[04:59:18] [432/459] SCMM
[04:59:19] [433/459] PMAK
[04:59:19] [434/459] NYSA
[04:59:20] [435/459] FCPA
[04:59:21] [436/459] GDAN
[04:59:21] [437/459] RSCA
[04:59:22] [438/459] DMAN
[04:59:23] [439/459] DZCM
[04:59:23] [440/459] NSGL
[04:59:24] [441/459] CCPP
[04:59:24] [442/459] PSMG
[04:59:25] [443/459] GSER
[04:59:26] [444/459] FCCT
[04:59:27] [445/459] FCTB
[04:59:27] [446/459] LCNK
[04:59:28] [447/459] SKTY
[04:59:28] [448/459] INAA
[04:59:29] [449/459] RCWN
[04:59:29] [450/459] VAIS
[04:59:30] [451/459] CVMN
[04:59:30] [452/459] INTS
[04:59:31] [453/459] FRGS
[04:59:32] [454/459] DTCK
[04:59:33] [455/459] MCMH
[04:59:33] [456/459] ECRR
[04:59:34] [457/459] RLLP
[04:59:34] [458/459] CCSN
[04:59:35] [459/459] CCBA
[04:59:36] 🧹 Deduping shows
[04:59:36] ✅ DONE | Shows=759 | Movies=49
