[09:39:49] 🚀 SCRIPT STARTED
[09:39:49] [1/459] FNDB
[09:39:49] 🧠 New identity created
[09:39:49] 🔄 Identity reset
[09:39:49] ❌ FNDB | RuntimeError
[09:39:50] [2/459] AMBH
[09:39:50] 🧠 New identity created
[09:39:51] [3/459] PRHN
[09:39:52] [4/459] ACPM
[09:39:52] [5/459] PVFS
[09:39:53] [6/459] AACN
[09:39:54] [7/459] ACAS
[09:39:55] [8/459] CTNR
[09:39:56] [9/459] MMAH
[09:39:58] [10/459] CPMH
[09:39:58] [11/459] IGMH
[09:40:00] [12/459] ABCS
[09:40:01] [13/459] CMMA
[09:40:02] [14/459] GPRH
[09:40:03] [15/459] PNNG
[09:40:03] [16/459] AMCA
[09:40:05] [17/459] ISTN
[09:40:06] [18/459] PIIC
[09:40:07] [19/459] AHMH
[09:40:08] [20/459] ASHN
[09:40:09] [21/459] INHY
[09:40:11] [22/459] SRMO
[09:40:12] [23/459] PIMH
[09:40:12] [24/459] PVTS
[09:40:13] [25/459] MMCA
[09:40:14] [26/459] AKYJ
[09:40:15] [27/459] BRKH
[09:40:16] [28/459] MAHM
[09:40:17] [29/459] CPHY
[09:40:18] [30/459] PVTP
[09:40:19] [31/459] SMMR
[09:40:20] [32/459] PVHM
[09:40:21] [33/459] SNDY
[09:40:22] [34/459] GOKU
[09:40:23] [35/459] ACEV
[09:40:24] [36/459] PVUM
[09:40:25] [37/459] VSWA
[09:40:26] [38/459] IPRS
[09:40:26] [39/459] ASGN
[09:40:27] [40/459] BKMV
[09:40:28] [41/459] PVYH
[09:40:29] [42/459] INKM
[09:40:31] [43/459] ARJU
[09:40:32] [44/459] JJPP
[09:40:33] [45/459] SSRM
[09:40:35] [46/459] HMHD
[09:40:35] [47/459] SNKH
[09:40:36] [48/459] ACHI
[09:40:37] [49/459] MRAA
[09:40:38] [50/459] INMH
[09:40:39] [51/459] ARMH
[09:40:40] [52/459] DVRR
[09:40:41] [53/459] SUDA
[09:40:42] [54/459] MCSS
[09:40:43] [55/459] VRKC
[09:40:43] [56/459] PRCX
[09:40:44] [57/459] ASJY
[09:40:45] [58/459] MTHY
[09:40:46] [59/459] SRCM
[09:40:48] [60/459] TVHY
[09:40:50] [61/459] STHD
[09:40:51] [62/459] CPCL
[09:40:52] [63/459] PSMJ
[09:40:52] [64/459] MRGT
[09:40:53] [65/459] ARYH
[09:40:54] [66/459] VTRB
[09:40:55] [67/459] SCHC
[09:40:55] [68/459] MRRG
[09:40:56] [69/459] SPCB
[09:40:57] [70/459] AMCM
[09:40:58] [71/459] IVNM
[09:40:59] [72/459] TRHY
[09:41:00] [73/459] PTTH
[09:41:01] [74/459] RKMH
[09:41:02] [75/459] PRCS
[09:41:03] [76/459] VAJA
[09:41:04] [77/459] BJNG
[09:41:04] [78/459] SCVM
[09:41:05] [79/459] GNHB
[09:41:06] [80/459] TLUR
[09:41:07] [81/459] UKCC
[09:41:08] [82/459] SRKR
[09:41:09] [83/459] RMKN
[09:41:10] [84/459] SLRT
[09:41:11] [85/459] LKMT
[09:41:12] [86/459] SSRJ
[09:41:12] [87/459] SPHT
[09:41:14] [88/459] ANTT
[09:41:15] [89/459] SRCH
[09:41:16] [90/459] SRCA
[09:41:17] [91/459] ARTH
[09:41:18] [92/459] MCBH
[09:41:19] [93/459] SNIB
[09:41:20] [94/459] SART
[09:41:21] [95/459] SKTA
[09:41:22] [96/459] YAKT
[09:41:23] [97/459] MLCK
[09:41:23] [98/459] ANTS
[09:41:24] [99/459] DGCA
[09:41:25] [100/459] SGMP
[09:41:26] [101/459] ASWN
[09:41:28] [102/459] KFVU
[09:41:28] [103/459] POOR
[09:41:29] [104/459] GKDN
[09:41:30] [105/459] EOSE
[09:41:32] [106/459] GTTT
[09:41:33] [107/459] ARRO
[09:41:34] [108/459] CMMK
[09:41:34] [109/459] MSCN
[09:41:36] [110/459] GDKH
[09:41:36] [111/459] DLMT
[09:41:37] [112/459] PVMF
[09:41:38] [113/459] CPCK
[09:41:39] [114/459] VMHE
[09:41:40] [115/459] PVLC
[09:41:41] [116/459] PCVB
[09:41:42] [117/459] SNYK
[09:41:43] [118/459] KTEK
[09:41:44] [119/459] PCNM
[09:41:44] [120/459] NTTR
[09:41:45] [121/459] CPSK
[09:41:46] [122/459] JMMA
[09:41:47] [123/459] GCFK
[09:41:48] [124/459] MYCA
[09:41:49] [125/459] KSNP
[09:41:50] [126/459] PMCE
[09:41:51] [127/459] SCKI
[09:41:52] [128/459] FSMA
[09:41:53] [129/459] CETA
[09:41:54] [130/459] MCIK
[09:41:55] [131/459] MYCR
[09:41:56] [132/459] EVMP
[09:41:57] [133/459] SSGT
[09:41:58] [134/459] KCTK
[09:41:59] [135/459] ZTKC
[09:42:00] [136/459] MMTA
[09:42:01] [137/459] MAJT
[09:42:02] [138/459] ACPK
[09:42:03] [139/459] JMAX
[09:42:04] [140/459] SETK
[09:42:04] [141/459] CAIS
[09:42:05] [142/459] AGCD
[09:42:06] [143/459] URCL
[09:42:07] [144/459] VTDS
[09:42:08] [145/459] JCNM
[09:42:08] [146/459] KCAM
[09:42:09] [147/459] ADCU
[09:42:10] [148/459] GXYN
[09:42:11] [149/459] SMJG
[09:42:12] [150/459] EYCJ
[09:42:13] [151/459] CCEJ
[09:42:14] [152/459] MARS
[09:42:16] [153/459] CPVJ
[09:42:17] [154/459] INVP
[09:42:18] [155/459] CPOV
[09:42:18] [156/459] VIJK
[09:42:20] [157/459] LAIM
[09:42:20] [158/459] STHV
[09:42:21] [159/459] SVLJ
[09:42:22] [160/459] ATVJ
[09:42:23] [161/459] JTSC
[09:42:24] [162/459] RMTV
[09:42:26] [163/459] MGGG
[09:42:27] [164/459] SWTH
[09:42:28] [165/459] INVJ
[09:42:29] [166/459] PRSV
[09:42:29] [167/459] JATV
[09:42:30] [168/459] RCVD
[09:42:31] [169/459] BDMA
[09:42:32] [170/459] BLJI
[09:42:33] [171/459] SWOT
[09:42:34] [172/459] SWRN
[09:42:35] [173/459] TVRA
[09:42:36] [174/459] VCSV
[09:42:37] [175/459] NVRN
[09:42:37] [176/459] SIKC
[09:42:38] [177/459] VAKR
[09:42:39] [178/459] SYLN
[09:42:40] [179/459] KLJL
[09:42:41] [180/459] LKMY
[09:42:42] [181/459] VSLY
[09:42:44] [182/459] CIKO
[09:42:45] [183/459] GPBG
[09:42:46] [184/459] CECM
[09:42:47] [185/459] SLKB
[09:42:47] [186/459] MTBO
[09:42:48] [187/459] SSHB
[09:42:50] [188/459] VPCS
[09:42:51] [189/459] RCSR
[09:42:51] [190/459] RJRM
[09:42:52] [191/459] KPPB
[09:42:53] [192/459] SEDC
[09:42:54] [193/459] SCAI
[09:42:55] [194/459] RMTR
[09:42:56] [195/459] ASST
[09:42:57] [196/459] GCAK
[09:42:58] [197/459] ANNK
[09:42:59] [198/459] KDDF
[09:42:59] [199/459] NRDP
[09:43:01] [200/459] PLAK
[09:43:02] [201/459] GCMC
[09:43:03] [202/459] ALPY
[09:43:04] [203/459] SICE
[09:43:05] [204/459] SISR
[09:43:06] [205/459] SRPZ
[09:43:07] [206/459] SRSW
[09:43:08] [207/459] SUYA
[09:43:09] [208/459] AMMT
[09:43:10] [209/459] BHCU
[09:43:11] [210/459] KLPA
[09:43:12] [211/459] NVKH
[09:43:13] [212/459] JMRC
[09:43:14] [213/459] KTTT
[09:43:15] [214/459] MAGH
[09:43:16] [215/459] MMMX
[09:43:17] [216/459] SALJ
[09:43:18] [217/459] GTJA
[09:43:19] [218/459] MAHT
[09:43:20] [219/459] SSNN
[09:43:21] [220/459] ARRP
[09:43:22] [221/459] ATNS
[09:43:23] [222/459] SKDT
[09:43:24] [223/459] ACAT
[09:43:26] [224/459] APRC
[09:43:27] [225/459] SWAG
[09:43:28] [226/459] SDPT
[09:43:29] [227/459] STPS
[09:43:31] [228/459] WWCZ
[09:43:31] [229/459] LLCH
[09:43:32] [230/459] MZHA
[09:43:33] [231/459] CRJG
[09:43:34] [232/459] JGTK
[09:43:34] [233/459] KCSR
[09:43:35] [234/459] CHTL
[09:43:36] [235/459] EDSR
[09:43:37] [236/459] CSWO
[09:43:37] [237/459] CPVM
[09:43:38] [238/459] MXBY
[09:43:39] [239/459] FMMA
[09:43:40] [240/459] POVI
[09:43:41] [241/459] MTHB
[09:43:42] [242/459] INRC
[09:43:43] [243/459] PIPP
[09:43:44] [244/459] BMXC
[09:43:46] [245/459] PCMM
[09:43:47] [246/459] PMKM
[09:43:48] [247/459] GATY
[09:43:49] [248/459] IMCM
[09:43:50] [249/459] POPE
[09:43:51] [250/459] MTCR
[09:43:52] [251/459] PVAE
[09:43:53] [252/459] PVMI
[09:43:54] [253/459] CPNM
[09:43:55] [254/459] FMRL
[09:43:56] [255/459] MCIW
[09:43:57] [256/459] MXBO
[09:43:58] [257/459] FMKY
[09:43:59] [258/459] FMDA
[09:44:00] [259/459] THAB
[09:44:01] [260/459] PRCW
[09:44:02] [261/459] PITI
[09:44:03] [262/459] MCFF
[09:44:04] [263/459] PDDV
[09:44:05] [264/459] MCRM
[09:44:06] [265/459] KKMB
[09:44:07] [266/459] INKO
[09:44:08] [267/459] PLXP
[09:44:08] [268/459] MMHA
[09:44:09] [269/459] FMVS
[09:44:10] [270/459] POLM
[09:44:11] [271/459] STER
[09:44:12] [272/459] PVWJ
[09:44:13] [273/459] IMJW
[09:44:14] [274/459] FNAN
[09:44:15] [275/459] CAGL
[09:44:16] [276/459] IPBG
[09:44:17] [277/459] SMFV
[09:44:17] [278/459] MMMR
[09:44:19] [279/459] MMWM
[09:44:20] [280/459] FNCM
[09:44:21] [281/459] MDVA
[09:44:22] [282/459] MMET
[09:44:23] [283/459] MIDO
[09:44:28] [284/459] INNP
[09:44:29] [285/459] MIFU
[09:44:30] [286/459] MMSZ
[09:44:31] [287/459] BMXA
[09:44:31] [288/459] MCAA
[09:44:32] [289/459] SCVP
[09:44:33] [290/459] PLUS
[09:44:34] [291/459] MUCK
[09:44:36] [292/459] MTMA
[09:44:36] [293/459] HPVR
[09:44:38] [294/459] PMPK
[09:44:39] [295/459] MAJB
[09:44:40] [296/459] CTRR
[09:44:41] [297/459] MCTG
[09:44:42] [298/459] MACE
[09:44:43] [299/459] AAAS
[09:44:44] [300/459] CPVV
[09:44:44] [301/459] RCHG
[09:44:46] [302/459] MCNE
[09:44:47] [303/459] EMNC
[09:44:47] [304/459] MCAN
[09:44:48] [305/459] TCDM
[09:44:49] [306/459] IRGT
[09:44:50] [307/459] GCMG
[09:44:51] [308/459] MXSN
[09:44:52] [309/459] MXCK
[09:44:53] [310/459] MCRC
[09:44:54] [311/459] RSMI
[09:44:55] [312/459] WAML
[09:44:56] [313/459] MTSC
[09:44:57] [314/459] FMDR
[09:44:58] [315/459] LEPV
[09:44:58] [316/459] MTGD
[09:44:59] [317/459] IMOB
[09:45:00] [318/459] CLMM
[09:45:01] [319/459] PZCD
[09:45:02] [320/459] GOCS
[09:45:02] [321/459] KCMA
[09:45:04] [322/459] CCMP
[09:45:05] [323/459] MTSU
[09:45:06] [324/459] SNGL
[09:45:07] [325/459] MMMC
[09:45:08] [326/459] MMAA
[09:45:09] [327/459] GCDM
[09:45:10] [328/459] KTMV
[09:45:11] [329/459] AETE
[09:45:11] [330/459] OMCS
[09:45:12] [331/459] GDCD
[09:45:13] [332/459] NYMD
[09:45:14] [333/459] RNCV
[09:45:16] [334/459] KKMT
[09:45:17] [335/459] GDTH
[09:45:18] [336/459] KMMV
[09:45:19] [337/459] NHCG
[09:45:20] [338/459] PJDW
[09:45:21] [339/459] MMCV
[09:45:21] [340/459] FQSA
[09:45:22] [341/459] KURL
[09:45:23] [342/459] NNNX
[09:45:24] [343/459] AMAU
[09:45:25] [344/459] VVVM
[09:45:26] [345/459] VECU
[09:45:27] [346/459] WCVR
[09:45:27] [347/459] MTGG
[09:45:28] [348/459] SGTG
[09:45:29] [349/459] MNTG
[09:45:30] [350/459] JDDG
[09:45:32] [351/459] MBTK
[09:45:33] [352/459] SGCD
[09:45:33] [353/459] MCTC
[09:45:34] [354/459] JTPC
[09:45:36] [355/459] SDKT
[09:45:37] [356/459] KRCC
[09:45:38] [357/459] RMMD
[09:45:39] [358/459] AAME
[09:45:40] [359/459] TMWC
[09:45:41] [360/459] NRWY
[09:45:42] [361/459] CITD
[09:45:43] [362/459] VERD
[09:45:43] [363/459] MKSK
[09:45:45] [364/459] STSM
[09:45:46] [365/459] MJDG
[09:45:47] [366/459] RKPM
[09:45:49] [367/459] SSCE
[09:45:50] [368/459] VMAE
[09:45:50] [369/459] SBRU
[09:45:52] [370/459] AMBC
[09:45:53] [371/459] AMLU
[09:45:54] [372/459] INVZ
[09:45:55] [373/459] LGTV
[09:45:56] [374/459] SVAD
[09:45:58] [375/459] SMSA
[09:45:58] [376/459] SPCZ
[09:46:00] [377/459] GTCX
[09:46:01] [378/459] SCSL
[09:46:02] [379/459] SAHU
[09:46:03] [380/459] NCDA
[09:46:03] [381/459] SCCG
[09:46:04] [382/459] VKTL
[09:46:05] [383/459] PUUJ
[09:46:06] [384/459] STEJ
[09:46:07] [385/459] RJAL
[09:46:08] [386/459] ACJC
[09:46:09] [387/459] VTHC
[09:46:10] [388/459] ARVB
[09:46:12] [389/459] AUBB
[09:46:13] [390/459] GDBR
[09:46:14] [391/459] PVND
[09:46:15] [392/459] BGRJ
[09:46:17] [393/459] RJMM
[09:46:18] [394/459] MCSA
[09:46:19] [395/459] BODA
[09:46:20] [396/459] JAGG
[09:46:20] [397/459] SCGA
[09:46:22] [398/459] LRCM
[09:46:23] [399/459] CPCN
[09:46:24] [400/459] SSTF
[09:46:24] [401/459] SRXP
[09:46:25] [402/459] CNFX
[09:46:26] [403/459] ANDI
[09:46:27] [404/459] SYEW
[09:46:27] [405/459] RCRE
[09:46:28] [406/459] SCRW
[09:46:29] [407/459] MBKR
[09:46:30] [408/459] ASNT
[09:46:31] [409/459] JTMT
[09:46:33] [410/459] SHAY
[09:46:33] [411/459] VRTH
[09:46:34] [412/459] SPTI
[09:46:35] [413/459] DPTD
[09:46:36] [414/459] TGSN
[09:46:36] [415/459] RCWV
[09:46:38] [416/459] OCUR
[09:46:39] [417/459] KSTC
[09:46:40] [418/459] SANI
[09:46:41] [419/459] MLCA
[09:46:41] [420/459] EGCA
[09:46:42] [421/459] SYSN
[09:46:44] [422/459] PKTA
[09:46:44] [423/459] PRCC
[09:46:45] [424/459] KSTR
[09:46:46] [425/459] SNTP
[09:46:47] [426/459] RCHA
[09:46:48] [427/459] SEEA
[09:46:49] [428/459] ALAT
[09:46:49] [429/459] AATV
[09:46:50] [430/459] RJTE
[09:46:51] [431/459] AAPP
[09:46:52] [432/459] PMMH
[09:46:53] [433/459] INRJ
[09:46:54] [434/459] SARB
[09:46:55] [435/459] PCJL
[09:46:56] [436/459] PFJJ
[09:46:56] [437/459] GRDC
[09:46:57] [438/459] BCBA
[09:46:58] [439/459] VIXL
[09:46:59] [440/459] CSTL
[09:47:00] [441/459] MTDK
[09:47:01] [442/459] TDAC
[09:47:02] [443/459] GTDN
[09:47:03] [444/459] TTDE
[09:47:04] [445/459] ASTS
[09:47:05] [446/459] CPNS
[09:47:06] [447/459] PVVW
[09:47:06] [448/459] USEB
[09:47:07] [449/459] DTYN
[09:47:08] [450/459] PVLE
[09:47:09] [451/459] CIPS
[09:47:10] [452/459] PAEG
[09:47:11] [453/459] PTCW
[09:47:12] [454/459] G3SR
[09:47:13] [455/459] PGND
[09:47:14] [456/459] INVM
[09:47:16] [457/459] SPIA
[09:47:16] [458/459] PCSN
[09:47:17] [459/459] PPGV
[09:47:18] 🧹 Deduping shows
[09:47:18] ✅ DONE | Shows=224 | Movies=22
[16:59:29] 🚀 SCRIPT STARTED
[16:59:29] [1/459] FNDB
[16:59:29] 🧠 New identity created
[16:59:29] 🔄 Identity reset
[16:59:29] ❌ FNDB | RuntimeError
[16:59:30] [2/459] AMBH
[16:59:30] 🧠 New identity created
[16:59:30] [3/459] PRHN
[16:59:31] [4/459] ACPM
[16:59:32] [5/459] PVFS
[16:59:33] [6/459] AACN
[16:59:33] [7/459] ACAS
[16:59:34] [8/459] CTNR
[16:59:35] [9/459] MMAH
[16:59:35] [10/459] CPMH
[16:59:36] [11/459] IGMH
[16:59:37] [12/459] ABCS
[16:59:37] [13/459] CMMA
[16:59:38] [14/459] GPRH
[16:59:38] [15/459] PNNG
[16:59:39] [16/459] AMCA
[16:59:39] [17/459] ISTN
[16:59:40] [18/459] PIIC
[16:59:41] [19/459] AHMH
[16:59:41] [20/459] ASHN
[16:59:42] [21/459] INHY
[16:59:42] [22/459] SRMO
[16:59:43] [23/459] PIMH
[16:59:44] [24/459] PVTS
[16:59:44] [25/459] MMCA
[16:59:45] [26/459] AKYJ
[16:59:46] [27/459] BRKH
[16:59:46] [28/459] MAHM
[16:59:47] [29/459] CPHY
[16:59:47] [30/459] PVTP
[16:59:48] [31/459] SMMR
[16:59:49] [32/459] PVHM
[16:59:49] [33/459] SNDY
[16:59:50] [34/459] GOKU
[16:59:51] [35/459] ACEV
[16:59:51] [36/459] PVUM
[16:59:52] [37/459] VSWA
[16:59:53] [38/459] IPRS
[16:59:53] [39/459] ASGN
[16:59:54] [40/459] BKMV
[16:59:55] [41/459] PVYH
[16:59:55] [42/459] INKM
[16:59:56] [43/459] ARJU
[16:59:56] [44/459] JJPP
[16:59:57] [45/459] SSRM
[16:59:58] [46/459] HMHD
[16:59:58] [47/459] SNKH
[16:59:59] [48/459] ACHI
[17:00:00] [49/459] MRAA
[17:00:00] [50/459] INMH
[17:00:01] [51/459] ARMH
[17:00:02] [52/459] DVRR
[17:00:02] [53/459] SUDA
[17:00:03] [54/459] MCSS
[17:00:03] [55/459] VRKC
[17:00:04] [56/459] PRCX
[17:00:05] [57/459] ASJY
[17:00:05] [58/459] MTHY
[17:00:06] [59/459] SRCM
[17:00:07] [60/459] TVHY
[17:00:07] [61/459] STHD
[17:00:08] [62/459] CPCL
[17:00:08] [63/459] PSMJ
[17:00:09] [64/459] MRGT
[17:00:10] [65/459] ARYH
[17:00:10] [66/459] VTRB
[17:00:11] [67/459] SCHC
[17:00:11] [68/459] MRRG
[17:00:12] [69/459] SPCB
[17:00:13] [70/459] AMCM
[17:00:13] [71/459] IVNM
[17:00:14] [72/459] TRHY
[17:00:14] [73/459] PTTH
[17:00:15] [74/459] RKMH
[17:00:16] [75/459] PRCS
[17:00:16] [76/459] VAJA
[17:00:17] [77/459] BJNG
[17:00:18] [78/459] SCVM
[17:00:18] [79/459] GNHB
[17:00:19] [80/459] TLUR
[17:00:19] [81/459] UKCC
[17:00:20] [82/459] SRKR
[17:00:21] [83/459] RMKN
[17:00:21] [84/459] SLRT
[17:00:22] [85/459] LKMT
[17:00:22] [86/459] SSRJ
[17:00:23] [87/459] SPHT
[17:00:23] [88/459] ANTT
[17:00:24] [89/459] SRCH
[17:00:25] [90/459] SRCA
[17:00:25] [91/459] ARTH
[17:00:26] [92/459] MCBH
[17:00:26] [93/459] SNIB
[17:00:27] [94/459] SART
[17:00:27] [95/459] SKTA
[17:00:28] [96/459] YAKT
[17:00:29] [97/459] MLCK
[17:00:29] [98/459] ANTS
[17:00:30] [99/459] DGCA
[17:00:30] [100/459] SGMP
[17:00:31] [101/459] ASWN
[17:00:32] [102/459] KFVU
[17:00:32] [103/459] POOR
[17:00:33] [104/459] GKDN
[17:00:34] [105/459] EOSE
[17:00:34] [106/459] GTTT
[17:00:35] [107/459] ARRO
[17:00:36] [108/459] CMMK
[17:00:36] [109/459] MSCN
[17:00:37] [110/459] GDKH
[17:00:37] [111/459] DLMT
[17:00:38] [112/459] PVMF
[17:00:39] [113/459] CPCK
[17:00:39] [114/459] VMHE
[17:00:40] [115/459] PVLC
[17:00:41] [116/459] PCVB
[17:00:41] [117/459] SNYK
[17:00:42] [118/459] KTEK
[17:00:43] [119/459] PCNM
[17:00:43] [120/459] NTTR
[17:00:44] [121/459] CPSK
[17:00:44] [122/459] JMMA
[17:00:45] [123/459] GCFK
[17:00:45] [124/459] MYCA
[17:00:46] [125/459] KSNP
[17:00:46] [126/459] PMCE
[17:00:47] [127/459] SCKI
[17:00:48] [128/459] FSMA
[17:00:49] [129/459] CETA
[17:00:49] [130/459] MCIK
[17:00:50] [131/459] MYCR
[17:00:51] [132/459] EVMP
[17:00:51] [133/459] SSGT
[17:00:52] [134/459] KCTK
[17:00:53] [135/459] ZTKC
[17:00:53] [136/459] MMTA
[17:00:54] [137/459] MAJT
[17:00:55] [138/459] ACPK
[17:00:55] [139/459] JMAX
[17:00:56] [140/459] SETK
[17:00:57] [141/459] CAIS
[17:00:57] [142/459] AGCD
[17:00:58] [143/459] URCL
[17:00:58] [144/459] VTDS
[17:00:59] [145/459] JCNM
[17:01:00] [146/459] KCAM
[17:01:00] [147/459] ADCU
[17:01:01] [148/459] GXYN
[17:01:02] [149/459] SMJG
[17:01:03] [150/459] EYCJ
[17:01:03] [151/459] CCEJ
[17:01:04] [152/459] MARS
[17:01:05] [153/459] CPVJ
[17:01:05] [154/459] INVP
[17:01:06] [155/459] CPOV
[17:01:06] [156/459] VIJK
[17:01:07] [157/459] LAIM
[17:01:07] [158/459] STHV
[17:01:08] [159/459] SVLJ
[17:01:08] [160/459] ATVJ
[17:01:09] [161/459] JTSC
[17:01:09] [162/459] RMTV
[17:01:10] [163/459] MGGG
[17:01:10] [164/459] SWTH
[17:01:11] [165/459] INVJ
[17:01:12] [166/459] PRSV
[17:01:12] [167/459] JATV
[17:01:13] [168/459] RCVD
[17:01:14] [169/459] BDMA
[17:01:14] [170/459] BLJI
[17:01:15] [171/459] SWOT
[17:01:15] [172/459] SWRN
[17:01:16] [173/459] TVRA
[17:01:17] [174/459] VCSV
[17:01:17] [175/459] NVRN
[17:01:18] [176/459] SIKC
[17:01:19] [177/459] VAKR
[17:01:19] [178/459] SYLN
[17:01:20] [179/459] KLJL
[17:01:20] [180/459] LKMY
[17:01:21] [181/459] VSLY
[17:01:22] [182/459] CIKO
[17:01:22] [183/459] GPBG
[17:01:23] [184/459] CECM
[17:01:24] [185/459] SLKB
[17:01:24] [186/459] MTBO
[17:01:25] [187/459] SSHB
[17:01:25] [188/459] VPCS
[17:01:26] [189/459] RCSR
[17:01:27] [190/459] RJRM
[17:01:27] [191/459] KPPB
[17:01:28] [192/459] SEDC
[17:01:28] [193/459] SCAI
[17:01:29] [194/459] RMTR
[17:01:30] [195/459] ASST
[17:01:30] [196/459] GCAK
[17:01:31] [197/459] ANNK
[17:01:31] [198/459] KDDF
[17:01:32] [199/459] NRDP
[17:01:33] [200/459] PLAK
[17:01:33] [201/459] GCMC
[17:01:34] [202/459] ALPY
[17:01:34] [203/459] SICE
[17:01:35] [204/459] SISR
[17:01:36] [205/459] SRPZ
[17:01:36] [206/459] SRSW
[17:01:37] [207/459] SUYA
[17:01:37] [208/459] AMMT
[17:01:38] [209/459] BHCU
[17:01:39] [210/459] KLPA
[17:01:39] [211/459] NVKH
[17:01:40] [212/459] JMRC
[17:01:41] [213/459] KTTT
[17:01:41] [214/459] MAGH
[17:01:42] [215/459] MMMX
[17:01:43] [216/459] SALJ
[17:01:43] [217/459] GTJA
[17:01:44] [218/459] MAHT
[17:01:44] [219/459] SSNN
[17:01:45] [220/459] ARRP
[17:01:46] [221/459] ATNS
[17:01:46] [222/459] SKDT
[17:01:47] [223/459] ACAT
[17:01:48] [224/459] APRC
[17:01:48] [225/459] SWAG
[17:01:49] [226/459] SDPT
[17:01:49] [227/459] STPS
[17:01:50] [228/459] WWCZ
[17:01:50] [229/459] LLCH
[17:01:51] [230/459] MZHA
[17:01:52] [231/459] CRJG
[17:01:52] [232/459] JGTK
[17:01:53] [233/459] KCSR
[17:01:53] [234/459] CHTL
[17:01:54] [235/459] EDSR
[17:01:55] [236/459] CSWO
[17:01:56] [237/459] CPVM
[17:01:56] [238/459] MXBY
[17:01:57] [239/459] FMMA
[17:01:57] [240/459] POVI
[17:01:58] [241/459] MTHB
[17:01:58] [242/459] INRC
[17:01:59] [243/459] PIPP
[17:01:59] [244/459] BMXC
[17:02:00] [245/459] PCMM
[17:02:01] [246/459] PMKM
[17:02:01] [247/459] GATY
[17:02:02] [248/459] IMCM
[17:02:02] [249/459] POPE
[17:02:03] [250/459] MTCR
[17:02:03] [251/459] PVAE
[17:02:04] [252/459] PVMI
[17:02:05] [253/459] CPNM
[17:02:06] [254/459] FMRL
[17:02:06] [255/459] MCIW
[17:02:07] [256/459] MXBO
[17:02:08] [257/459] FMKY
[17:02:08] [258/459] FMDA
[17:02:09] [259/459] THAB
[17:02:09] [260/459] PRCW
[17:02:10] [261/459] PITI
[17:02:10] [262/459] MCFF
[17:02:11] [263/459] PDDV
[17:02:11] [264/459] MCRM
[17:02:12] [265/459] KKMB
[17:02:13] [266/459] INKO
[17:02:13] [267/459] PLXP
[17:02:14] [268/459] MMHA
[17:02:15] [269/459] FMVS
[17:02:15] [270/459] POLM
[17:02:16] [271/459] STER
[17:02:17] [272/459] PVWJ
[17:02:17] [273/459] IMJW
[17:02:18] [274/459] FNAN
[17:02:19] [275/459] CAGL
[17:02:19] [276/459] IPBG
[17:02:20] [277/459] SMFV
[17:02:20] [278/459] MMMR
[17:02:21] [279/459] MMWM
[17:02:22] [280/459] FNCM
[17:02:22] [281/459] MDVA
[17:02:23] [282/459] MMET
[17:02:24] [283/459] MIDO
[17:02:24] [284/459] INNP
[17:02:25] [285/459] MIFU
[17:02:25] [286/459] MMSZ
[17:02:26] [287/459] BMXA
[17:02:27] [288/459] MCAA
[17:02:27] [289/459] SCVP
[17:02:28] [290/459] PLUS
[17:02:28] [291/459] MUCK
[17:02:29] [292/459] MTMA
[17:02:30] [293/459] HPVR
[17:02:30] [294/459] PMPK
[17:02:31] [295/459] MAJB
[17:02:31] [296/459] CTRR
[17:02:32] [297/459] MCTG
[17:02:33] [298/459] MACE
[17:02:34] [299/459] AAAS
[17:02:34] [300/459] CPVV
[17:02:35] [301/459] RCHG
[17:02:35] [302/459] MCNE
[17:02:36] [303/459] EMNC
[17:02:36] [304/459] MCAN
[17:02:37] [305/459] TCDM
[17:02:38] [306/459] IRGT
[17:02:38] [307/459] GCMG
[17:02:39] [308/459] MXSN
[17:02:40] [309/459] MXCK
[17:02:41] [310/459] MCRC
[17:02:42] [311/459] RSMI
[17:02:43] [312/459] WAML
[17:02:43] [313/459] MTSC
[17:02:44] [314/459] FMDR
[17:02:45] [315/459] LEPV
[17:02:45] [316/459] MTGD
[17:02:46] [317/459] IMOB
[17:02:46] [318/459] CLMM
[17:02:47] [319/459] PZCD
[17:02:48] [320/459] GOCS
[17:02:48] [321/459] KCMA
[17:02:49] [322/459] CCMP
[17:02:50] [323/459] MTSU
[17:02:50] [324/459] SNGL
[17:02:51] [325/459] MMMC
[17:02:52] [326/459] MMAA
[17:02:52] [327/459] GCDM
[17:02:53] [328/459] KTMV
[17:02:53] [329/459] AETE
[17:02:54] [330/459] OMCS
[17:02:54] [331/459] GDCD
[17:02:55] [332/459] NYMD
[17:02:55] [333/459] RNCV
[17:02:56] [334/459] KKMT
[17:02:57] [335/459] GDTH
[17:02:57] [336/459] KMMV
[17:02:58] [337/459] NHCG
[17:02:59] [338/459] PJDW
[17:03:00] [339/459] MMCV
[17:03:00] [340/459] FQSA
[17:03:01] [341/459] KURL
[17:03:02] [342/459] NNNX
[17:03:02] [343/459] AMAU
[17:03:03] [344/459] VVVM
[17:03:03] [345/459] VECU
[17:03:04] [346/459] WCVR
[17:03:05] [347/459] MTGG
[17:03:05] [348/459] SGTG
[17:03:06] [349/459] MNTG
[17:03:06] [350/459] JDDG
[17:03:07] [351/459] MBTK
[17:03:08] [352/459] SGCD
[17:03:08] [353/459] MCTC
[17:03:09] [354/459] JTPC
[17:03:09] [355/459] SDKT
[17:03:10] [356/459] KRCC
[17:03:11] [357/459] RMMD
[17:03:11] [358/459] AAME
[17:03:12] [359/459] TMWC
[17:03:12] [360/459] NRWY
[17:03:14] [361/459] CITD
[17:03:14] [362/459] VERD
[17:03:15] [363/459] MKSK
[17:03:15] [364/459] STSM
[17:03:16] [365/459] MJDG
[17:03:17] [366/459] RKPM
[17:03:17] [367/459] SSCE
[17:03:18] [368/459] VMAE
[17:03:18] [369/459] SBRU
[17:03:19] [370/459] AMBC
[17:03:19] [371/459] AMLU
[17:03:20] [372/459] INVZ
[17:03:20] [373/459] LGTV
[17:03:21] [374/459] SVAD
[17:03:22] [375/459] SMSA
[17:03:22] [376/459] SPCZ
[17:03:23] [377/459] GTCX
[17:03:23] [378/459] SCSL
[17:03:24] [379/459] SAHU
[17:03:25] [380/459] NCDA
[17:03:25] [381/459] SCCG
[17:03:26] [382/459] VKTL
[17:03:27] [383/459] PUUJ
[17:03:27] [384/459] STEJ
[17:03:28] [385/459] RJAL
[17:03:28] [386/459] ACJC
[17:03:29] [387/459] VTHC
[17:03:30] [388/459] ARVB
[17:03:30] [389/459] AUBB
[17:03:31] [390/459] GDBR
[17:03:31] [391/459] PVND
[17:03:32] [392/459] BGRJ
[17:03:33] [393/459] RJMM
[17:03:33] [394/459] MCSA
[17:03:34] [395/459] BODA
[17:03:34] [396/459] JAGG
[17:03:35] [397/459] SCGA
[17:03:36] [398/459] LRCM
[17:03:36] [399/459] CPCN
[17:03:37] [400/459] SSTF
[17:03:38] [401/459] SRXP
[17:03:38] [402/459] CNFX
[17:03:39] [403/459] ANDI
[17:03:39] [404/459] SYEW
[17:03:40] [405/459] RCRE
[17:03:41] [406/459] SCRW
[17:03:41] [407/459] MBKR
[17:03:42] [408/459] ASNT
[17:03:42] [409/459] JTMT
[17:03:43] [410/459] SHAY
[17:03:43] [411/459] VRTH
[17:03:44] [412/459] SPTI
[17:03:44] [413/459] DPTD
[17:03:45] [414/459] TGSN
[17:03:46] [415/459] RCWV
[17:03:46] [416/459] OCUR
[17:03:47] [417/459] KSTC
[17:03:48] [418/459] SANI
[17:03:49] [419/459] MLCA
[17:03:49] [420/459] EGCA
[17:03:50] [421/459] SYSN
[17:03:50] [422/459] PKTA
[17:03:51] [423/459] PRCC
[17:03:51] [424/459] KSTR
[17:03:52] [425/459] SNTP
[17:03:52] [426/459] RCHA
[17:03:53] [427/459] SEEA
[17:03:54] [428/459] ALAT
[17:03:54] [429/459] AATV
[17:03:55] [430/459] RJTE
[17:03:56] [431/459] AAPP
[17:03:56] [432/459] PMMH
[17:03:57] [433/459] INRJ
[17:03:57] [434/459] SARB
[17:03:58] [435/459] PCJL
[17:03:59] [436/459] PFJJ
[17:03:59] [437/459] GRDC
[17:04:00] [438/459] BCBA
[17:04:00] [439/459] VIXL
[17:04:01] [440/459] CSTL
[17:04:01] [441/459] MTDK
[17:04:02] [442/459] TDAC
[17:04:03] [443/459] GTDN
[17:04:03] [444/459] TTDE
[17:04:04] [445/459] ASTS
[17:04:05] [446/459] CPNS
[17:04:05] [447/459] PVVW
[17:04:06] [448/459] USEB
[17:04:07] [449/459] DTYN
[17:04:07] [450/459] PVLE
[17:04:08] [451/459] CIPS
[17:04:08] [452/459] PAEG
[17:04:09] [453/459] PTCW
[17:04:09] [454/459] G3SR
[17:04:10] [455/459] PGND
[17:04:11] [456/459] INVM
[17:04:11] [457/459] SPIA
[17:04:12] [458/459] PCSN
[17:04:12] [459/459] PPGV
[17:04:13] 🧹 Deduping shows
[17:04:13] ✅ DONE | Shows=470 | Movies=47
[04:54:23] 🚀 SCRIPT STARTED
[04:54:23] [1/459] FNDB
[04:54:23] 🧠 New identity created
[04:54:23] 🔄 Identity reset
[04:54:23] ❌ FNDB | RuntimeError
[04:54:24] [2/459] AMBH
[04:54:24] 🧠 New identity created
[04:54:24] 🔄 Identity reset
[04:54:24] ❌ AMBH | RuntimeError
[04:54:25] [3/459] PRHN
[04:54:25] 🧠 New identity created
[04:54:25] 🔄 Identity reset
[04:54:25] ❌ PRHN | RuntimeError
[04:54:25] [4/459] ACPM
[04:54:25] 🧠 New identity created
[04:54:25] 🔄 Identity reset
[04:54:25] ❌ ACPM | RuntimeError
[04:54:26] [5/459] PVFS
[04:54:26] 🧠 New identity created
[04:54:26] 🔄 Identity reset
[04:54:26] ❌ PVFS | RuntimeError
[04:54:27] [6/459] AACN
[04:54:27] 🧠 New identity created
[04:54:27] 🔄 Identity reset
[04:54:27] ❌ AACN | RuntimeError
[04:54:27] [7/459] ACAS
[04:54:27] 🧠 New identity created
[04:54:28] 🔄 Identity reset
[04:54:28] ❌ ACAS | RuntimeError
[04:54:28] [8/459] CTNR
[04:54:28] 🧠 New identity created
[04:54:28] 🔄 Identity reset
[04:54:28] ❌ CTNR | RuntimeError
[04:54:29] [9/459] MMAH
[04:54:29] 🧠 New identity created
[04:54:29] 🔄 Identity reset
[04:54:29] ❌ MMAH | RuntimeError
[04:54:29] [10/459] CPMH
[04:54:29] 🧠 New identity created
[04:54:30] 🔄 Identity reset
[04:54:30] ❌ CPMH | RuntimeError
[04:54:30] [11/459] IGMH
[04:54:30] 🧠 New identity created
[04:54:30] 🔄 Identity reset
[04:54:30] ❌ IGMH | RuntimeError
[04:54:31] [12/459] ABCS
[04:54:31] 🧠 New identity created
[04:54:31] 🔄 Identity reset
[04:54:31] ❌ ABCS | RuntimeError
[04:54:31] [13/459] CMMA
[04:54:31] 🧠 New identity created
[04:54:32] 🔄 Identity reset
[04:54:32] ❌ CMMA | RuntimeError
[04:54:32] [14/459] GPRH
[04:54:32] 🧠 New identity created
[04:54:32] 🔄 Identity reset
[04:54:32] ❌ GPRH | RuntimeError
[04:54:33] [15/459] PNNG
[04:54:33] 🧠 New identity created
[04:54:33] 🔄 Identity reset
[04:54:33] ❌ PNNG | RuntimeError
[04:54:33] [16/459] AMCA
[04:54:33] 🧠 New identity created
[04:54:33] 🔄 Identity reset
[04:54:33] ❌ AMCA | RuntimeError
[04:54:34] [17/459] ISTN
[04:54:34] 🧠 New identity created
[04:54:34] 🔄 Identity reset
[04:54:34] ❌ ISTN | RuntimeError
[04:54:34] [18/459] PIIC
[04:54:34] 🧠 New identity created
[04:54:34] 🔄 Identity reset
[04:54:34] ❌ PIIC | RuntimeError
[04:54:35] [19/459] AHMH
[04:54:35] 🧠 New identity created
[04:54:35] 🔄 Identity reset
[04:54:35] ❌ AHMH | RuntimeError
[04:54:35] [20/459] ASHN
[04:54:35] 🧠 New identity created
[04:54:36] 🔄 Identity reset
[04:54:36] ❌ ASHN | RuntimeError
[04:54:36] [21/459] INHY
[04:54:36] 🧠 New identity created
[04:54:36] 🔄 Identity reset
[04:54:36] ❌ INHY | RuntimeError
[04:54:36] [22/459] SRMO
[04:54:36] 🧠 New identity created
[04:54:37] 🔄 Identity reset
[04:54:37] ❌ SRMO | RuntimeError
[04:54:37] [23/459] PIMH
[04:54:37] 🧠 New identity created
[04:54:37] 🔄 Identity reset
[04:54:37] ❌ PIMH | RuntimeError
[04:54:38] [24/459] PVTS
[04:54:38] 🧠 New identity created
[04:54:38] 🔄 Identity reset
[04:54:38] ❌ PVTS | RuntimeError
[04:54:39] [25/459] MMCA
[04:54:39] 🧠 New identity created
[04:54:39] 🔄 Identity reset
[04:54:39] ❌ MMCA | RuntimeError
[04:54:39] [26/459] AKYJ
[04:54:39] 🧠 New identity created
[04:54:39] 🔄 Identity reset
[04:54:39] ❌ AKYJ | RuntimeError
[04:54:40] [27/459] BRKH
[04:54:40] 🧠 New identity created
[04:54:40] 🔄 Identity reset
[04:54:40] ❌ BRKH | RuntimeError
[04:54:41] [28/459] MAHM
[04:54:41] 🧠 New identity created
[04:54:41] 🔄 Identity reset
[04:54:41] ❌ MAHM | RuntimeError
[04:54:41] [29/459] CPHY
[04:54:42] 🧠 New identity created
[04:54:42] 🔄 Identity reset
[04:54:42] ❌ CPHY | RuntimeError
[04:54:42] [30/459] PVTP
[04:54:42] 🧠 New identity created
[04:54:42] 🔄 Identity reset
[04:54:42] ❌ PVTP | RuntimeError
[04:54:43] [31/459] SMMR
[04:54:43] 🧠 New identity created
[04:54:43] 🔄 Identity reset
[04:54:43] ❌ SMMR | RuntimeError
[04:54:43] [32/459] PVHM
[04:54:43] 🧠 New identity created
[04:54:43] 🔄 Identity reset
[04:54:43] ❌ PVHM | RuntimeError
[04:54:44] [33/459] SNDY
[04:54:44] 🧠 New identity created
[04:54:44] 🔄 Identity reset
[04:54:44] ❌ SNDY | RuntimeError
[04:54:45] [34/459] GOKU
[04:54:45] 🧠 New identity created
[04:54:45] 🔄 Identity reset
[04:54:45] ❌ GOKU | RuntimeError
[04:54:45] [35/459] ACEV
[04:54:45] 🧠 New identity created
[04:54:45] 🔄 Identity reset
[04:54:45] ❌ ACEV | RuntimeError
[04:54:46] [36/459] PVUM
[04:54:46] 🧠 New identity created
[04:54:46] 🔄 Identity reset
[04:54:46] ❌ PVUM | RuntimeError
[04:54:47] [37/459] VSWA
[04:54:47] 🧠 New identity created
[04:54:47] 🔄 Identity reset
[04:54:47] ❌ VSWA | RuntimeError
[04:54:47] [38/459] IPRS
[04:54:47] 🧠 New identity created
[04:54:47] 🔄 Identity reset
[04:54:47] ❌ IPRS | RuntimeError
[04:54:48] [39/459] ASGN
[04:54:48] 🧠 New identity created
[04:54:48] 🔄 Identity reset
[04:54:48] ❌ ASGN | RuntimeError
[04:54:49] [40/459] BKMV
[04:54:49] 🧠 New identity created
[04:54:49] 🔄 Identity reset
[04:54:49] ❌ BKMV | RuntimeError
[04:54:49] [41/459] PVYH
[04:54:49] 🧠 New identity created
[04:54:49] 🔄 Identity reset
[04:54:49] ❌ PVYH | RuntimeError
[04:54:50] [42/459] INKM
[04:54:50] 🧠 New identity created
[04:54:50] 🔄 Identity reset
[04:54:50] ❌ INKM | RuntimeError
[04:54:51] [43/459] ARJU
[04:54:51] 🧠 New identity created
[04:54:51] 🔄 Identity reset
[04:54:51] ❌ ARJU | RuntimeError
[04:54:51] [44/459] JJPP
[04:54:51] 🧠 New identity created
[04:54:51] 🔄 Identity reset
[04:54:51] ❌ JJPP | RuntimeError
[04:54:52] [45/459] SSRM
[04:54:52] 🧠 New identity created
[04:54:52] 🔄 Identity reset
[04:54:52] ❌ SSRM | RuntimeError
[04:54:52] [46/459] HMHD
[04:54:52] 🧠 New identity created
[04:54:52] 🔄 Identity reset
[04:54:52] ❌ HMHD | RuntimeError
[04:54:53] [47/459] SNKH
[04:54:53] 🧠 New identity created
[04:54:53] 🔄 Identity reset
[04:54:53] ❌ SNKH | RuntimeError
[04:54:54] [48/459] ACHI
[04:54:54] 🧠 New identity created
[04:54:54] 🔄 Identity reset
[04:54:54] ❌ ACHI | RuntimeError
[04:54:54] [49/459] MRAA
[04:54:54] 🧠 New identity created
[04:54:55] 🔄 Identity reset
[04:54:55] ❌ MRAA | RuntimeError
[04:54:55] [50/459] INMH
[04:54:55] 🧠 New identity created
[04:54:55] 🔄 Identity reset
[04:54:55] ❌ INMH | RuntimeError
[04:54:56] [51/459] ARMH
[04:54:56] 🧠 New identity created
[04:54:56] 🔄 Identity reset
[04:54:56] ❌ ARMH | RuntimeError
[04:54:57] [52/459] DVRR
[04:54:57] 🧠 New identity created
[04:54:57] 🔄 Identity reset
[04:54:57] ❌ DVRR | RuntimeError
[04:54:57] [53/459] SUDA
[04:54:57] 🧠 New identity created
[04:54:57] 🔄 Identity reset
[04:54:57] ❌ SUDA | RuntimeError
[04:54:58] [54/459] MCSS
[04:54:58] 🧠 New identity created
[04:54:58] 🔄 Identity reset
[04:54:58] ❌ MCSS | RuntimeError
[04:54:58] [55/459] VRKC
[04:54:58] 🧠 New identity created
[04:54:59] 🔄 Identity reset
[04:54:59] ❌ VRKC | RuntimeError
[04:54:59] [56/459] PRCX
[04:54:59] 🧠 New identity created
[04:54:59] 🔄 Identity reset
[04:54:59] ❌ PRCX | RuntimeError
[04:55:00] [57/459] ASJY
[04:55:00] 🧠 New identity created
[04:55:00] 🔄 Identity reset
[04:55:00] ❌ ASJY | RuntimeError
[04:55:00] [58/459] MTHY
[04:55:00] 🧠 New identity created
[04:55:00] 🔄 Identity reset
[04:55:00] ❌ MTHY | RuntimeError
[04:55:01] [59/459] SRCM
[04:55:01] 🧠 New identity created
[04:55:01] 🔄 Identity reset
[04:55:01] ❌ SRCM | RuntimeError
[04:55:01] [60/459] TVHY
[04:55:01] 🧠 New identity created
[04:55:01] 🔄 Identity reset
[04:55:01] ❌ TVHY | RuntimeError
[04:55:02] [61/459] STHD
[04:55:02] 🧠 New identity created
[04:55:02] 🔄 Identity reset
[04:55:02] ❌ STHD | RuntimeError
[04:55:03] [62/459] CPCL
[04:55:03] 🧠 New identity created
[04:55:03] 🔄 Identity reset
[04:55:03] ❌ CPCL | RuntimeError
[04:55:03] [63/459] PSMJ
[04:55:03] 🧠 New identity created
[04:55:03] 🔄 Identity reset
[04:55:03] ❌ PSMJ | RuntimeError
[04:55:04] [64/459] MRGT
[04:55:04] 🧠 New identity created
[04:55:04] 🔄 Identity reset
[04:55:04] ❌ MRGT | RuntimeError
[04:55:04] [65/459] ARYH
[04:55:04] 🧠 New identity created
[04:55:04] 🔄 Identity reset
[04:55:04] ❌ ARYH | RuntimeError
[04:55:05] [66/459] VTRB
[04:55:05] 🧠 New identity created
[04:55:05] 🔄 Identity reset
[04:55:05] ❌ VTRB | RuntimeError
[04:55:06] [67/459] SCHC
[04:55:06] 🧠 New identity created
[04:55:06] 🔄 Identity reset
[04:55:06] ❌ SCHC | RuntimeError
[04:55:06] [68/459] MRRG
[04:55:06] 🧠 New identity created
[04:55:06] 🔄 Identity reset
[04:55:06] ❌ MRRG | RuntimeError
[04:55:07] [69/459] SPCB
[04:55:07] 🧠 New identity created
[04:55:07] 🔄 Identity reset
[04:55:07] ❌ SPCB | RuntimeError
[04:55:08] [70/459] AMCM
[04:55:08] 🧠 New identity created
[04:55:08] 🔄 Identity reset
[04:55:08] ❌ AMCM | RuntimeError
[04:55:08] [71/459] IVNM
[04:55:08] 🧠 New identity created
[04:55:08] 🔄 Identity reset
[04:55:08] ❌ IVNM | RuntimeError
[04:55:09] [72/459] TRHY
[04:55:09] 🧠 New identity created
[04:55:09] 🔄 Identity reset
[04:55:09] ❌ TRHY | RuntimeError
[04:55:10] [73/459] PTTH
[04:55:10] 🧠 New identity created
[04:55:10] 🔄 Identity reset
[04:55:10] ❌ PTTH | RuntimeError
[04:55:11] [74/459] RKMH
[04:55:11] 🧠 New identity created
[04:55:11] 🔄 Identity reset
[04:55:11] ❌ RKMH | RuntimeError
[04:55:11] [75/459] PRCS
[04:55:11] 🧠 New identity created
[04:55:11] 🔄 Identity reset
[04:55:11] ❌ PRCS | RuntimeError
[04:55:12] [76/459] VAJA
[04:55:12] 🧠 New identity created
[04:55:12] 🔄 Identity reset
[04:55:12] ❌ VAJA | RuntimeError
[04:55:13] [77/459] BJNG
[04:55:13] 🧠 New identity created
[04:55:13] 🔄 Identity reset
[04:55:13] ❌ BJNG | RuntimeError
[04:55:13] [78/459] SCVM
[04:55:13] 🧠 New identity created
[04:55:13] 🔄 Identity reset
[04:55:13] ❌ SCVM | RuntimeError
[04:55:14] [79/459] GNHB
[04:55:14] 🧠 New identity created
[04:55:14] 🔄 Identity reset
[04:55:14] ❌ GNHB | RuntimeError
[04:55:15] [80/459] TLUR
[04:55:15] 🧠 New identity created
[04:55:15] 🔄 Identity reset
[04:55:15] ❌ TLUR | RuntimeError
[04:55:15] [81/459] UKCC
[04:55:15] 🧠 New identity created
[04:55:16] 🔄 Identity reset
[04:55:16] ❌ UKCC | RuntimeError
[04:55:16] [82/459] SRKR
[04:55:16] 🧠 New identity created
[04:55:16] 🔄 Identity reset
[04:55:16] ❌ SRKR | RuntimeError
[04:55:17] [83/459] RMKN
[04:55:17] 🧠 New identity created
[04:55:17] 🔄 Identity reset
[04:55:17] ❌ RMKN | RuntimeError
[04:55:17] [84/459] SLRT
[04:55:17] 🧠 New identity created
[04:55:17] 🔄 Identity reset
[04:55:17] ❌ SLRT | RuntimeError
[04:55:18] [85/459] LKMT
[04:55:18] 🧠 New identity created
[04:55:18] 🔄 Identity reset
[04:55:18] ❌ LKMT | RuntimeError
[04:55:19] [86/459] SSRJ
[04:55:19] 🧠 New identity created
[04:55:19] 🔄 Identity reset
[04:55:19] ❌ SSRJ | RuntimeError
[04:55:19] [87/459] SPHT
[04:55:19] 🧠 New identity created
[04:55:19] 🔄 Identity reset
[04:55:19] ❌ SPHT | RuntimeError
[04:55:20] [88/459] ANTT
[04:55:20] 🧠 New identity created
[04:55:20] 🔄 Identity reset
[04:55:20] ❌ ANTT | RuntimeError
[04:55:20] [89/459] SRCH
[04:55:20] 🧠 New identity created
[04:55:21] 🔄 Identity reset
[04:55:21] ❌ SRCH | RuntimeError
[04:55:21] [90/459] SRCA
[04:55:21] 🧠 New identity created
[04:55:21] 🔄 Identity reset
[04:55:21] ❌ SRCA | RuntimeError
[04:55:22] [91/459] ARTH
[04:55:22] 🧠 New identity created
[04:55:22] 🔄 Identity reset
[04:55:22] ❌ ARTH | RuntimeError
[04:55:22] [92/459] MCBH
[04:55:22] 🧠 New identity created
[04:55:22] 🔄 Identity reset
[04:55:22] ❌ MCBH | RuntimeError
[04:55:23] [93/459] SNIB
[04:55:23] 🧠 New identity created
[04:55:23] 🔄 Identity reset
[04:55:23] ❌ SNIB | RuntimeError
[04:55:24] [94/459] SART
[04:55:24] 🧠 New identity created
[04:55:24] 🔄 Identity reset
[04:55:24] ❌ SART | RuntimeError
[04:55:24] [95/459] SKTA
[04:55:24] 🧠 New identity created
[04:55:24] 🔄 Identity reset
[04:55:24] ❌ SKTA | RuntimeError
[04:55:25] [96/459] YAKT
[04:55:25] 🧠 New identity created
[04:55:25] 🔄 Identity reset
[04:55:25] ❌ YAKT | RuntimeError
[04:55:26] [97/459] MLCK
[04:55:26] 🧠 New identity created
[04:55:26] 🔄 Identity reset
[04:55:26] ❌ MLCK | RuntimeError
[04:55:26] [98/459] ANTS
[04:55:27] 🧠 New identity created
[04:55:27] 🔄 Identity reset
[04:55:27] ❌ ANTS | RuntimeError
[04:55:27] [99/459] DGCA
[04:55:27] 🧠 New identity created
[04:55:27] 🔄 Identity reset
[04:55:27] ❌ DGCA | RuntimeError
[04:55:28] [100/459] SGMP
[04:55:28] 🧠 New identity created
[04:55:28] 🔄 Identity reset
[04:55:28] ❌ SGMP | RuntimeError
[04:55:29] [101/459] ASWN
[04:55:29] 🧠 New identity created
[04:55:29] 🔄 Identity reset
[04:55:29] ❌ ASWN | RuntimeError
[04:55:29] [102/459] KFVU
[04:55:29] 🧠 New identity created
[04:55:29] 🔄 Identity reset
[04:55:29] ❌ KFVU | RuntimeError
[04:55:30] [103/459] POOR
[04:55:30] 🧠 New identity created
[04:55:30] 🔄 Identity reset
[04:55:30] ❌ POOR | RuntimeError
[04:55:30] [104/459] GKDN
[04:55:30] 🧠 New identity created
[04:55:31] 🔄 Identity reset
[04:55:31] ❌ GKDN | RuntimeError
[04:55:31] [105/459] EOSE
[04:55:31] 🧠 New identity created
[04:55:31] 🔄 Identity reset
[04:55:31] ❌ EOSE | RuntimeError
[04:55:32] [106/459] GTTT
[04:55:32] 🧠 New identity created
[04:55:32] 🔄 Identity reset
[04:55:32] ❌ GTTT | RuntimeError
[04:55:32] [107/459] ARRO
[04:55:32] 🧠 New identity created
[04:55:33] 🔄 Identity reset
[04:55:33] ❌ ARRO | RuntimeError
[04:55:33] [108/459] CMMK
[04:55:33] 🧠 New identity created
[04:55:33] 🔄 Identity reset
[04:55:33] ❌ CMMK | RuntimeError
[04:55:34] [109/459] MSCN
[04:55:34] 🧠 New identity created
[04:55:34] 🔄 Identity reset
[04:55:34] ❌ MSCN | RuntimeError
[04:55:35] [110/459] GDKH
[04:55:35] 🧠 New identity created
[04:55:35] 🔄 Identity reset
[04:55:35] ❌ GDKH | RuntimeError
[04:55:35] [111/459] DLMT
[04:55:35] 🧠 New identity created
[04:55:36] 🔄 Identity reset
[04:55:36] ❌ DLMT | RuntimeError
[04:55:36] [112/459] PVMF
[04:55:36] 🧠 New identity created
[04:55:36] 🔄 Identity reset
[04:55:36] ❌ PVMF | RuntimeError
[04:55:37] [113/459] CPCK
[04:55:37] 🧠 New identity created
[04:55:37] 🔄 Identity reset
[04:55:37] ❌ CPCK | RuntimeError
[04:55:37] [114/459] VMHE
[04:55:37] 🧠 New identity created
[04:55:37] 🔄 Identity reset
[04:55:37] ❌ VMHE | RuntimeError
[04:55:38] [115/459] PVLC
[04:55:38] 🧠 New identity created
[04:55:38] 🔄 Identity reset
[04:55:38] ❌ PVLC | RuntimeError
[04:55:38] [116/459] PCVB
[04:55:38] 🧠 New identity created
[04:55:38] 🔄 Identity reset
[04:55:38] ❌ PCVB | RuntimeError
[04:55:39] [117/459] SNYK
[04:55:39] 🧠 New identity created
[04:55:39] 🔄 Identity reset
[04:55:39] ❌ SNYK | RuntimeError
[04:55:40] [118/459] KTEK
[04:55:40] 🧠 New identity created
[04:55:40] 🔄 Identity reset
[04:55:40] ❌ KTEK | RuntimeError
[04:55:40] [119/459] PCNM
[04:55:40] 🧠 New identity created
[04:55:40] 🔄 Identity reset
[04:55:40] ❌ PCNM | RuntimeError
[04:55:41] [120/459] NTTR
[04:55:41] 🧠 New identity created
[04:55:41] 🔄 Identity reset
[04:55:41] ❌ NTTR | RuntimeError
[04:55:41] [121/459] CPSK
[04:55:41] 🧠 New identity created
[04:55:42] 🔄 Identity reset
[04:55:42] ❌ CPSK | RuntimeError
[04:55:42] [122/459] JMMA
[04:55:42] 🧠 New identity created
[04:55:42] 🔄 Identity reset
[04:55:42] ❌ JMMA | RuntimeError
[04:55:42] [123/459] GCFK
[04:55:42] 🧠 New identity created
[04:55:43] 🔄 Identity reset
[04:55:43] ❌ GCFK | RuntimeError
[04:55:43] [124/459] MYCA
[04:55:43] 🧠 New identity created
[04:55:43] 🔄 Identity reset
[04:55:43] ❌ MYCA | RuntimeError
[04:55:44] [125/459] KSNP
[04:55:44] 🧠 New identity created
[04:55:44] 🔄 Identity reset
[04:55:44] ❌ KSNP | RuntimeError
[04:55:44] [126/459] PMCE
[04:55:45] 🧠 New identity created
[04:55:45] 🔄 Identity reset
[04:55:45] ❌ PMCE | RuntimeError
[04:55:45] [127/459] SCKI
[04:55:45] 🧠 New identity created
[04:55:45] 🔄 Identity reset
[04:55:45] ❌ SCKI | RuntimeError
[04:55:46] [128/459] FSMA
[04:55:46] 🧠 New identity created
[04:55:46] 🔄 Identity reset
[04:55:46] ❌ FSMA | RuntimeError
[04:55:47] [129/459] CETA
[04:55:47] 🧠 New identity created
[04:55:47] 🔄 Identity reset
[04:55:47] ❌ CETA | RuntimeError
[04:55:47] [130/459] MCIK
[04:55:47] 🧠 New identity created
[04:55:48] 🔄 Identity reset
[04:55:48] ❌ MCIK | RuntimeError
[04:55:48] [131/459] MYCR
[04:55:48] 🧠 New identity created
[04:55:48] 🔄 Identity reset
[04:55:48] ❌ MYCR | RuntimeError
[04:55:49] [132/459] EVMP
[04:55:49] 🧠 New identity created
[04:55:49] 🔄 Identity reset
[04:55:49] ❌ EVMP | RuntimeError
[04:55:50] [133/459] SSGT
[04:55:50] 🧠 New identity created
[04:55:50] 🔄 Identity reset
[04:55:50] ❌ SSGT | RuntimeError
[04:55:50] [134/459] KCTK
[04:55:50] 🧠 New identity created
[04:55:50] 🔄 Identity reset
[04:55:50] ❌ KCTK | RuntimeError
[04:55:51] [135/459] ZTKC
[04:55:51] 🧠 New identity created
[04:55:51] 🔄 Identity reset
[04:55:51] ❌ ZTKC | RuntimeError
[04:55:52] [136/459] MMTA
[04:55:52] 🧠 New identity created
[04:55:52] 🔄 Identity reset
[04:55:52] ❌ MMTA | RuntimeError
[04:55:52] [137/459] MAJT
[04:55:52] 🧠 New identity created
[04:55:53] 🔄 Identity reset
[04:55:53] ❌ MAJT | RuntimeError
[04:55:53] [138/459] ACPK
[04:55:53] 🧠 New identity created
[04:55:53] 🔄 Identity reset
[04:55:53] ❌ ACPK | RuntimeError
[04:55:54] [139/459] JMAX
[04:55:54] 🧠 New identity created
[04:55:54] 🔄 Identity reset
[04:55:54] ❌ JMAX | RuntimeError
[04:55:54] [140/459] SETK
[04:55:54] 🧠 New identity created
[04:55:55] 🔄 Identity reset
[04:55:55] ❌ SETK | RuntimeError
[04:55:55] [141/459] CAIS
[04:55:55] 🧠 New identity created
[04:55:55] 🔄 Identity reset
[04:55:55] ❌ CAIS | RuntimeError
[04:55:56] [142/459] AGCD
[04:55:56] 🧠 New identity created
[04:55:56] 🔄 Identity reset
[04:55:56] ❌ AGCD | RuntimeError
[04:55:56] [143/459] URCL
[04:55:56] 🧠 New identity created
[04:55:56] 🔄 Identity reset
[04:55:56] ❌ URCL | RuntimeError
[04:55:57] [144/459] VTDS
[04:55:57] 🧠 New identity created
[04:55:57] 🔄 Identity reset
[04:55:57] ❌ VTDS | RuntimeError
[04:55:58] [145/459] JCNM
[04:55:58] 🧠 New identity created
[04:55:58] [146/459] KCAM
[04:55:59] [147/459] ADCU
[04:56:00] [148/459] GXYN
[04:56:00] [149/459] SMJG
[04:56:01] [150/459] EYCJ
[04:56:01] [151/459] CCEJ
[04:56:02] [152/459] MARS
[04:56:03] [153/459] CPVJ
[04:56:03] [154/459] INVP
[04:56:04] [155/459] CPOV
[04:56:05] [156/459] VIJK
[04:56:05] [157/459] LAIM
[04:56:06] [158/459] STHV
[04:56:07] [159/459] SVLJ
[04:56:07] [160/459] ATVJ
[04:56:08] [161/459] JTSC
[04:56:08] [162/459] RMTV
[04:56:09] [163/459] MGGG
[04:56:10] [164/459] SWTH
[04:56:10] [165/459] INVJ
[04:56:11] [166/459] PRSV
[04:56:11] [167/459] JATV
[04:56:12] [168/459] RCVD
[04:56:13] [169/459] BDMA
[04:56:14] [170/459] BLJI
[04:56:14] [171/459] SWOT
[04:56:15] [172/459] SWRN
[04:56:16] [173/459] TVRA
[04:56:16] [174/459] VCSV
[04:56:17] [175/459] NVRN
[04:56:17] [176/459] SIKC
[04:56:18] [177/459] VAKR
[04:56:19] [178/459] SYLN
[04:56:19] [179/459] KLJL
[04:56:19] [180/459] LKMY
[04:56:20] [181/459] VSLY
[04:56:21] [182/459] CIKO
[04:56:22] [183/459] GPBG
[04:56:22] [184/459] CECM
[04:56:23] [185/459] SLKB
[04:56:23] [186/459] MTBO
[04:56:24] [187/459] SSHB
[04:56:24] [188/459] VPCS
[04:56:25] [189/459] RCSR
[04:56:26] [190/459] RJRM
[04:56:26] [191/459] KPPB
[04:56:27] [192/459] SEDC
[04:56:27] [193/459] SCAI
[04:56:28] [194/459] RMTR
[04:56:29] [195/459] ASST
[04:56:29] [196/459] GCAK
[04:56:30] [197/459] ANNK
[04:56:30] [198/459] KDDF
[04:56:31] [199/459] NRDP
[04:56:31] [200/459] PLAK
[04:56:32] [201/459] GCMC
[04:56:33] [202/459] ALPY
[04:56:33] [203/459] SICE
[04:56:34] [204/459] SISR
[04:56:34] [205/459] SRPZ
[04:56:35] [206/459] SRSW
[04:56:35] [207/459] SUYA
[04:56:36] [208/459] AMMT
[04:56:37] [209/459] BHCU
[04:56:37] [210/459] KLPA
[04:56:38] [211/459] NVKH
[04:56:38] [212/459] JMRC
[04:56:39] [213/459] KTTT
[04:56:40] [214/459] MAGH
[04:56:40] [215/459] MMMX
[04:56:41] [216/459] SALJ
[04:56:41] [217/459] GTJA
[04:56:41] [218/459] MAHT
[04:56:42] [219/459] SSNN
[04:56:43] [220/459] ARRP
[04:56:43] [221/459] ATNS
[04:56:44] [222/459] SKDT
[04:56:45] [223/459] ACAT
[04:56:45] [224/459] APRC
[04:56:46] [225/459] SWAG
[04:56:46] [226/459] SDPT
[04:56:47] [227/459] STPS
[04:56:48] [228/459] WWCZ
[04:56:48] [229/459] LLCH
[04:56:49] [230/459] MZHA
[04:56:49] [231/459] CRJG
[04:56:50] [232/459] JGTK
[04:56:50] [233/459] KCSR
[04:56:51] [234/459] CHTL
[04:56:52] [235/459] EDSR
[04:56:52] [236/459] CSWO
[04:56:53] [237/459] CPVM
[04:56:54] [238/459] MXBY
[04:56:54] [239/459] FMMA
[04:56:55] [240/459] POVI
[04:56:55] [241/459] MTHB
[04:56:56] [242/459] INRC
[04:56:56] [243/459] PIPP
[04:56:57] [244/459] BMXC
[04:56:57] [245/459] PCMM
[04:56:58] [246/459] PMKM
[04:56:59] [247/459] GATY
[04:56:59] [248/459] IMCM
[04:57:00] [249/459] POPE
[04:57:00] [250/459] MTCR
[04:57:01] [251/459] PVAE
[04:57:01] [252/459] PVMI
[04:57:02] [253/459] CPNM
[04:57:02] [254/459] FMRL
[04:57:03] [255/459] MCIW
[04:57:04] [256/459] MXBO
[04:57:04] [257/459] FMKY
[04:57:05] [258/459] FMDA
[04:57:05] [259/459] THAB
[04:57:06] [260/459] PRCW
[04:57:07] [261/459] PITI
[04:57:07] [262/459] MCFF
[04:57:08] [263/459] PDDV
[04:57:08] [264/459] MCRM
[04:57:09] [265/459] KKMB
[04:57:09] [266/459] INKO
[04:57:10] [267/459] PLXP
[04:57:10] [268/459] MMHA
[04:57:11] [269/459] FMVS
[04:57:11] [270/459] POLM
[04:57:12] [271/459] STER
[04:57:12] [272/459] PVWJ
[04:57:13] [273/459] IMJW
[04:57:13] [274/459] FNAN
[04:57:14] [275/459] CAGL
[04:57:14] [276/459] IPBG
[04:57:15] [277/459] SMFV
[04:57:16] [278/459] MMMR
[04:57:16] [279/459] MMWM
[04:57:17] [280/459] FNCM
[04:57:17] [281/459] MDVA
[04:57:18] [282/459] MMET
[04:57:18] [283/459] MIDO
[04:57:19] [284/459] INNP
[04:57:19] [285/459] MIFU
[04:57:20] [286/459] MMSZ
[04:57:21] [287/459] BMXA
[04:57:21] [288/459] MCAA
[04:57:22] [289/459] SCVP
[04:57:23] [290/459] PLUS
[04:57:24] [291/459] MUCK
[04:57:24] [292/459] MTMA
[04:57:25] [293/459] HPVR
[04:57:25] [294/459] PMPK
[04:57:26] [295/459] MAJB
[04:57:26] [296/459] CTRR
[04:57:27] [297/459] MCTG
[04:57:28] [298/459] MACE
[04:57:29] [299/459] AAAS
[04:57:29] [300/459] CPVV
[04:57:29] [301/459] RCHG
[04:57:30] [302/459] MCNE
[04:57:31] [303/459] EMNC
[04:57:31] [304/459] MCAN
[04:57:32] [305/459] TCDM
[04:57:33] [306/459] IRGT
[04:57:33] [307/459] GCMG
[04:57:34] [308/459] MXSN
[04:57:35] [309/459] MXCK
[04:57:35] [310/459] MCRC
[04:57:36] [311/459] RSMI
[04:57:37] [312/459] WAML
[04:57:37] [313/459] MTSC
[04:57:38] [314/459] FMDR
[04:57:38] [315/459] LEPV
[04:57:39] [316/459] MTGD
[04:57:40] [317/459] IMOB
[04:57:40] [318/459] CLMM
[04:57:41] [319/459] PZCD
[04:57:41] [320/459] GOCS
[04:57:42] [321/459] KCMA
[04:57:43] [322/459] CCMP
[04:57:43] [323/459] MTSU
[04:57:44] [324/459] SNGL
[04:57:45] [325/459] MMMC
[04:57:45] [326/459] MMAA
[04:57:46] [327/459] GCDM
[04:57:46] [328/459] KTMV
[04:57:47] [329/459] AETE
[04:57:47] [330/459] OMCS
[04:57:48] [331/459] GDCD
[04:57:48] [332/459] NYMD
[04:57:49] [333/459] RNCV
[04:57:50] [334/459] KKMT
[04:57:50] [335/459] GDTH
[04:57:51] [336/459] KMMV
[04:57:51] [337/459] NHCG
[04:57:52] [338/459] PJDW
[04:57:52] [339/459] MMCV
[04:57:53] [340/459] FQSA
[04:57:53] [341/459] KURL
[04:57:54] [342/459] NNNX
[04:57:54] [343/459] AMAU
[04:57:55] [344/459] VVVM
[04:57:55] [345/459] VECU
[04:57:56] [346/459] WCVR
[04:57:57] [347/459] MTGG
[04:57:57] [348/459] SGTG
[04:57:58] [349/459] MNTG
[04:57:58] [350/459] JDDG
[04:57:59] [351/459] MBTK
[04:58:00] [352/459] SGCD
[04:58:00] [353/459] MCTC
[04:58:01] [354/459] JTPC
[04:58:01] [355/459] SDKT
[04:58:02] [356/459] KRCC
[04:58:02] [357/459] RMMD
[04:58:03] [358/459] AAME
[04:58:04] [359/459] TMWC
[04:58:04] [360/459] NRWY
[04:58:05] [361/459] CITD
[04:58:06] [362/459] VERD
[04:58:06] [363/459] MKSK
[04:58:07] [364/459] STSM
[04:58:07] [365/459] MJDG
[04:58:08] [366/459] RKPM
[04:58:08] [367/459] SSCE
[04:58:09] [368/459] VMAE
[04:58:10] [369/459] SBRU
[04:58:10] [370/459] AMBC
[04:58:11] [371/459] AMLU
[04:58:11] [372/459] INVZ
[04:58:12] [373/459] LGTV
[04:58:12] [374/459] SVAD
[04:58:13] [375/459] SMSA
[04:58:13] [376/459] SPCZ
[04:58:14] [377/459] GTCX
[04:58:14] [378/459] SCSL
[04:58:15] [379/459] SAHU
[04:58:15] [380/459] NCDA
[04:58:16] [381/459] SCCG
[04:58:17] [382/459] VKTL
[04:58:17] [383/459] PUUJ
[04:58:18] [384/459] STEJ
[04:58:18] [385/459] RJAL
[04:58:19] [386/459] ACJC
[04:58:19] [387/459] VTHC
[04:58:20] [388/459] ARVB
[04:58:20] [389/459] AUBB
[04:58:21] [390/459] GDBR
[04:58:21] [391/459] PVND
[04:58:22] [392/459] BGRJ
[04:58:23] [393/459] RJMM
[04:58:23] [394/459] MCSA
[04:58:24] [395/459] BODA
[04:58:25] [396/459] JAGG
[04:58:25] [397/459] SCGA
[04:58:26] [398/459] LRCM
[04:58:26] [399/459] CPCN
[04:58:27] [400/459] SSTF
[04:58:28] [401/459] SRXP
[04:58:28] [402/459] CNFX
[04:58:29] [403/459] ANDI
[04:58:29] [404/459] SYEW
[04:58:30] [405/459] RCRE
[04:58:30] [406/459] SCRW
[04:58:31] [407/459] MBKR
[04:58:31] [408/459] ASNT
[04:58:32] [409/459] JTMT
[04:58:33] [410/459] SHAY
[04:58:33] [411/459] VRTH
[04:58:33] [412/459] SPTI
[04:58:34] [413/459] DPTD
[04:58:35] [414/459] TGSN
[04:58:35] [415/459] RCWV
[04:58:36] [416/459] OCUR
[04:58:36] [417/459] KSTC
[04:58:37] [418/459] SANI
[04:58:38] [419/459] MLCA
[04:58:38] [420/459] EGCA
[04:58:39] [421/459] SYSN
[04:58:40] [422/459] PKTA
[04:58:40] [423/459] PRCC
[04:58:41] [424/459] KSTR
[04:58:41] [425/459] SNTP
[04:58:42] [426/459] RCHA
[04:58:42] [427/459] SEEA
[04:58:43] [428/459] ALAT
[04:58:43] [429/459] AATV
[04:58:44] [430/459] RJTE
[04:58:45] [431/459] AAPP
[04:58:46] [432/459] PMMH
[04:58:46] [433/459] INRJ
[04:58:47] [434/459] SARB
[04:58:47] [435/459] PCJL
[04:58:48] [436/459] PFJJ
[04:58:49] [437/459] GRDC
[04:58:49] [438/459] BCBA
[04:58:50] [439/459] VIXL
[04:58:50] [440/459] CSTL
[04:58:51] [441/459] MTDK
[04:58:51] [442/459] TDAC
[04:58:52] [443/459] GTDN
[04:58:53] [444/459] TTDE
[04:58:53] [445/459] ASTS
[04:58:54] [446/459] CPNS
[04:58:54] [447/459] PVVW
[04:58:55] [448/459] USEB
[04:58:56] [449/459] DTYN
[04:58:56] [450/459] PVLE
[04:58:57] [451/459] CIPS
[04:58:57] [452/459] PAEG
[04:58:58] [453/459] PTCW
[04:58:58] [454/459] G3SR
[04:58:59] [455/459] PGND
[04:58:59] [456/459] INVM
[04:59:00] [457/459] SPIA
[04:59:01] [458/459] PCSN
[04:59:01] [459/459] PPGV
[04:59:02] 🧹 Deduping shows
[04:59:02] ✅ DONE | Shows=431 | Movies=39
