[09:39:47] 🚀 SCRIPT STARTED
[09:39:47] [1/459] MCCZ
[09:39:47] 🧠 New identity created
[09:39:47] 🔄 Identity reset
[09:39:47] ❌ MCCZ | RuntimeError
[09:39:48] [2/459] FRPU
[09:39:48] 🧠 New identity created
[09:39:49] [3/459] SKSI
[09:39:50] [4/459] SSCK
[09:39:51] [5/459] SRDC
[09:39:52] [6/459] RSCZ
[09:39:52] [7/459] PRVT
[09:39:53] [8/459] GAGJ
[09:39:54] [9/459] SMHG
[09:39:55] [10/459] JTST
[09:39:56] [11/459] MYTH
[09:39:57] [12/459] JPCC
[09:39:57] [13/459] ACDC
[09:39:58] [14/459] SVFP
[09:39:59] [15/459] SFCM
[09:40:00] [16/459] RUPK
[09:40:01] [17/459] NTCR
[09:40:02] [18/459] RTCH
[09:40:04] [19/459] SCMH
[09:40:05] [20/459] SVYM
[09:40:05] [21/459] SPYM
[09:40:06] [22/459] SMMF
[09:40:07] [23/459] CLLB
[09:40:08] [24/459] FMCB
[09:40:09] [25/459] BBTC
[09:40:10] [26/459] NTHS
[09:40:10] [27/459] PKKJ
[09:40:11] [28/459] MTJA
[09:40:13] [29/459] PMSJ
[09:40:14] [30/459] JMJU
[09:40:15] [31/459] SRAD
[09:40:16] [32/459] MJMC
[09:40:17] [33/459] DFRM
[09:40:18] [34/459] PMRS
[09:40:18] [35/459] RKPP
[09:40:20] [36/459] BMBK
[09:40:20] [37/459] NEWS
[09:40:21] [38/459] SALB
[09:40:22] [39/459] SCPW
[09:40:23] [40/459] RAYL
[09:40:24] [41/459] CMGJ
[09:40:25] [42/459] JRCR
[09:40:26] [43/459] SRTB
[09:40:26] [44/459] ETPB
[09:40:27] [45/459] MXBN
[09:40:28] [46/459] TOPE
[09:40:29] [47/459] SNLJ
[09:40:30] [48/459] CDDP
[09:40:30] [49/459] APCX
[09:40:31] [50/459] TALP
[09:40:32] [51/459] RRMP
[09:40:33] [52/459] MAHB
[09:40:34] [53/459] MTKR
[09:40:35] [54/459] KSKL
[09:40:35] [55/459] RJLT
[09:40:36] [56/459] ATAS
[09:40:37] [57/459] AMHR
[09:40:38] [58/459] RSRM
[09:40:39] [59/459] GCAT
[09:40:39] [60/459] SMML
[09:40:40] [61/459] ACCD
[09:40:42] [62/459] VYDA
[09:40:43] [63/459] MSKT
[09:40:43] [64/459] AVDM
[09:40:44] [65/459] ASMH
[09:40:45] [66/459] VTMB
[09:40:46] [67/459] WVMB
[09:40:46] [68/459] PPMN
[09:40:47] [69/459] MTMD
[09:40:48] [70/459] SMMO
[09:40:49] [71/459] DLPB
[09:40:51] [72/459] AKMD
[09:40:51] [73/459] SHRR
[09:40:52] [74/459] ASCO
[09:40:53] [75/459] CZVX
[09:40:54] [76/459] GCBB
[09:40:55] [77/459] ATBM
[09:40:55] [78/459] TCGM
[09:40:56] [79/459] UMSE
[09:40:58] [80/459] NKCL
[09:40:58] [81/459] BTLR
[09:40:59] [82/459] GOCL
[09:41:00] [83/459] MIRN
[09:41:01] [84/459] THEC
[09:41:02] [85/459] SPPB
[09:41:03] [86/459] PMMM
[09:41:04] [87/459] GGMC
[09:41:05] [88/459] AVSR
[09:41:06] [89/459] RDMH
[09:41:07] [90/459] JSRS
[09:41:08] [91/459] VKGP
[09:41:08] [92/459] ACRT
[09:41:10] [93/459] GCBA
[09:41:11] [94/459] GTCP
[09:41:11] [95/459] AKFC
[09:41:13] [96/459] INCS
[09:41:14] [97/459] SMCK
[09:41:15] [98/459] BRUN
[09:41:16] [99/459] RPPC
[09:41:17] [100/459] PAYD
[09:41:18] [101/459] SVVT
[09:41:19] [102/459] RNCC
[09:41:19] [103/459] PCRC
[09:41:21] [104/459] PMRM
[09:41:21] [105/459] CCRP
[09:41:22] [106/459] INCR
[09:41:24] [107/459] ZTMP
[09:41:25] [108/459] MCNR
[09:41:26] [109/459] INRP
[09:41:27] [110/459] STRC
[09:41:28] [111/459] RATI
[09:41:29] [112/459] PBTR
[09:41:30] [113/459] CMHP
[09:41:32] [114/459] ZECJ
[09:41:32] [115/459] CCCB
[09:41:34] [116/459] BWCB
[09:41:35] [117/459] CCAT
[09:41:35] [118/459] KGCM
[09:41:36] [119/459] INPT
[09:41:37] [120/459] FNCO
[09:41:38] [121/459] SRMJ
[09:41:39] [122/459] PFSC
[09:41:39] [123/459] PBMC
[09:41:40] [124/459] KARP
[09:41:41] [125/459] KOVI
[09:41:42] [126/459] ACXL
[09:41:43] [127/459] GKCC
[09:41:44] [128/459] ASCC
[09:41:46] [129/459] SETC
[09:41:46] [130/459] KACC
[09:41:47] [131/459] KAVE
[09:41:48] [132/459] CNTC
[09:41:49] [133/459] MEEN
[09:41:50] [134/459] BMRV
[09:41:51] [135/459] SVAM
[09:41:52] [136/459] VTBP
[09:41:53] [137/459] VCKN
[09:41:55] [138/459] SGTK
[09:41:56] [139/459] RCGS
[09:41:57] [140/459] RCCB
[09:41:58] [141/459] RKSR
[09:41:59] [142/459] RKCU
[09:42:00] [143/459] GIBH
[09:42:01] [144/459] CXBS
[09:42:02] [145/459] GGCB
[09:42:03] [146/459] SCPB
[09:42:04] [147/459] AKTB
[09:42:05] [148/459] SRBU
[09:42:06] [149/459] CSSA
[09:42:06] [150/459] MYAN
[09:42:07] [151/459] EXCA
[09:42:09] [152/459] CKSA
[09:42:10] [153/459] JTNM
[09:42:11] [154/459] CXKT
[09:42:12] [155/459] NCLM
[09:42:12] [156/459] JAAD
[09:42:14] [157/459] RDCR
[09:42:14] [158/459] MEER
[09:42:15] [159/459] SIBT
[09:42:16] [160/459] PVVB
[09:42:17] [161/459] FNPN
[09:42:18] [162/459] CRPX
[09:42:19] [163/459] STET
[09:42:20] [164/459] METE
[09:42:21] [165/459] BJML
[09:42:23] [166/459] MAVT
[09:42:24] [167/459] MSRM
[09:42:25] [168/459] TJMP
[09:42:26] [169/459] MHCK
[09:42:27] [170/459] SVGP
[09:42:28] [171/459] KRRC
[09:42:29] [172/459] IMCH
[09:42:30] [173/459] CMCS
[09:42:31] [174/459] SGND
[09:42:32] [175/459] RNAT
[09:42:33] [176/459] PRTN
[09:42:34] [177/459] MPTN
[09:42:35] [178/459] ARCC
[09:42:36] [179/459] NTTE
[09:42:37] [180/459] ABND
[09:42:38] [181/459] KCSN
[09:42:39] [182/459] KCSA
[09:42:40] [183/459] DCKT
[09:42:41] [184/459] MBBR
[09:42:42] [185/459] RAMU
[09:42:43] [186/459] RACW
[09:42:44] [187/459] MCHP
[09:42:45] [188/459] TMHM
[09:42:46] [189/459] STXH
[09:42:47] [190/459] AGSG
[09:42:48] [191/459] SIRA
[09:42:48] [192/459] RCAN
[09:42:49] [193/459] CWTB
[09:42:50] [194/459] VTYM
[09:42:51] [195/459] RRPP
[09:42:52] [196/459] ASMR
[09:42:53] [197/459] RONO
[09:42:54] [198/459] MEMR
[09:42:55] [199/459] CTMR
[09:42:55] [200/459] PMTT
[09:42:57] [201/459] PSLX
[09:42:57] [202/459] IPPL
[09:42:58] [203/459] MMSG
[09:42:59] [204/459] INEL
[09:42:59] [205/459] COAC
[09:43:00] [206/459] WVLK
[09:43:01] [207/459] PPXL
[09:43:02] [208/459] PSML
[09:43:03] [209/459] FNLK
[09:43:04] [210/459] ILUM
[09:43:05] [211/459] ILCM
[09:43:06] [212/459] MSNL
[09:43:07] [213/459] VINB
[09:43:08] [214/459] SALW
[09:43:09] [215/459] PRTB
[09:43:09] [216/459] NCIL
[09:43:10] [217/459] PSUL
[09:43:12] [218/459] SCLK
[09:43:12] [219/459] ADDC
[09:43:13] [220/459] OACL
[09:43:14] [221/459] OOCF
[09:43:15] [222/459] GPMF
[09:43:16] [223/459] SSDG
[09:43:17] [224/459] SKRS
[09:43:18] [225/459] NTTP
[09:43:19] [226/459] SLTP
[09:43:19] [227/459] JTLC
[09:43:21] [228/459] POON
[09:43:21] [229/459] CCPC
[09:43:22] [230/459] DCKC
[09:43:23] [231/459] CPRT
[09:43:24] [232/459] EYHZ
[09:43:25] [233/459] ARBL
[09:43:26] [234/459] SBTB
[09:43:27] [235/459] MMCK
[09:43:28] [236/459] PLMR
[09:43:28] [237/459] BIJH
[09:43:30] [238/459] SDRT
[09:43:31] [239/459] PRDC
[09:43:31] [240/459] OMJA
[09:43:32] [241/459] VKCR
[09:43:33] [242/459] ATRT
[09:43:34] [243/459] WVRP
[09:43:34] [244/459] MVRP
[09:43:35] [245/459] FCAX
[09:43:36] [246/459] CTLC
[09:43:37] [247/459] JCHB
[09:43:39] [248/459] SELP
[09:43:40] [249/459] VCPG
[09:43:41] [250/459] ASCX
[09:43:43] [251/459] EOCS
[09:43:43] [252/459] RCPH
[09:43:44] [253/459] RJTM
[09:43:45] [254/459] SGMD
[09:43:45] [255/459] SVJT
[09:43:46] [256/459] SPPO
[09:43:47] [257/459] MNRL
[09:43:48] [258/459] KNOX
[09:43:49] [259/459] GIER
[09:43:50] [260/459] PJMS
[09:43:51] [261/459] UNSP
[09:43:53] [262/459] JETP
[09:43:53] [263/459] VTWA
[09:43:55] [264/459] SCJI
[09:43:56] [265/459] CBZZ
[09:43:56] [266/459] SDCJ
[09:43:57] [267/459] RRCC
[09:43:58] [268/459] VNKG
[09:43:59] [269/459] LKTO
[09:44:01] [270/459] PJRM
[09:44:02] [271/459] NVRM
[09:44:02] [272/459] SJCS
[09:44:03] [273/459] VIGK
[09:44:04] [274/459] ANST
[09:44:05] [275/459] JTTS
[09:44:06] [276/459] NTST
[09:44:07] [277/459] PREB
[09:44:08] [278/459] TSCZ
[09:44:09] [279/459] CDCM
[09:44:09] [280/459] ELYE
[09:44:11] [281/459] INBS
[09:44:12] [282/459] SMGC
[09:44:13] [283/459] UTMP
[09:44:14] [284/459] INTA
[09:44:15] [285/459] OMPT
[09:44:16] [286/459] SCIR
[09:44:17] [287/459] GCKJ
[09:44:17] [288/459] INOG
[09:44:19] [289/459] SMGB
[09:44:20] [290/459] MCSG
[09:44:21] [291/459] STKG
[09:44:22] [292/459] TTKG
[09:44:23] [293/459] SRTR
[09:44:24] [294/459] ETTR
[09:44:25] [295/459] GGGZ
[09:44:27] [296/459] IPGM
[09:44:28] [297/459] FCDH
[09:44:29] [298/459] DESB
[09:44:30] [299/459] VNTP
[09:44:30] [300/459] ANNT
[09:44:31] [301/459] SLTI
[09:44:32] [302/459] MAJU
[09:44:33] [303/459] JCXP
[09:44:34] [304/459] HARK
[09:44:35] [305/459] JPCJ
[09:44:36] [306/459] RXBD
[09:44:37] [307/459] PTKJ
[09:44:38] [308/459] CMTU
[09:44:39] [309/459] SWOR
[09:44:39] [310/459] JMEX
[09:44:40] [311/459] DTPT
[09:44:41] [312/459] VGMM
[09:44:42] [313/459] VCSG
[09:44:43] [314/459] CVCG
[09:44:44] [315/459] TNTT
[09:44:45] [316/459] SHRM
[09:44:45] [317/459] CGKD
[09:44:46] [318/459] EKCM
[09:44:48] [319/459] SDCX
[09:44:49] [320/459] SBTE
[09:44:50] [321/459] STKJ
[09:44:51] [322/459] TPCE
[09:44:52] [323/459] JTNP
[09:44:53] [324/459] LPCH
[09:44:54] [325/459] CPUO
[09:44:56] [326/459] APSU
[09:44:57] [327/459] RTHC
[09:44:58] [328/459] PTBU
[09:44:59] [329/459] CUCC
[09:44:59] [330/459] CPSA
[09:45:00] [331/459] SUAY
[09:45:01] [332/459] AYAA
[09:45:02] [333/459] MUCH
[09:45:04] [334/459] PCIN
[09:45:05] [335/459] JRRM
[09:45:05] [336/459] KATS
[09:45:07] [337/459] MHFF
[09:45:08] [338/459] ESYM
[09:45:09] [339/459] STYV
[09:45:09] [340/459] SDKG
[09:45:10] [341/459] SMTI
[09:45:11] [342/459] NYCS
[09:45:12] [343/459] MTBG
[09:45:13] [344/459] RHCA
[09:45:14] [345/459] PCKH
[09:45:15] [346/459] ARCR
[09:45:16] [347/459] NCMB
[09:45:17] [348/459] SHYC
[09:45:18] [349/459] LACK
[09:45:19] [350/459] MTCM
[09:45:20] [351/459] RRBN
[09:45:21] [352/459] MYDC
[09:45:22] [353/459] STCS
[09:45:23] [354/459] CONN
[09:45:24] [355/459] SIPS
[09:45:25] [356/459] SMMX
[09:45:26] [357/459] SCBY
[09:45:27] [358/459] SUAP
[09:45:28] [359/459] RSMK
[09:45:29] [360/459] STKP
[09:45:30] [361/459] CIPC
[09:45:31] [362/459] KKCI
[09:45:32] [363/459] CTNK
[09:45:34] [364/459] MMTZ
[09:45:35] [365/459] DCCO
[09:45:36] [366/459] VNMN
[09:45:37] [367/459] RLCN
[09:45:38] [368/459] CMMS
[09:45:38] [369/459] AYOU
[09:45:40] [370/459] SSCN
[09:45:40] [371/459] SMXN
[09:45:42] [372/459] ASSK
[09:45:43] [373/459] VCKM
[09:45:43] [374/459] PCPH
[09:45:44] [375/459] PADM
[09:45:46] [376/459] IESA
[09:45:47] [377/459] VCSP
[09:45:47] [378/459] AEST
[09:45:48] [379/459] VTNR
[09:45:49] [380/459] GTTA
[09:45:50] [381/459] CMMM
[09:45:51] [382/459] AHKT
[09:45:52] [383/459] SIJI
[09:45:53] [384/459] VCEI
[09:45:54] [385/459] SAKR
[09:45:54] [386/459] VSMT
[09:45:55] [387/459] SSCT
[09:45:56] [388/459] USTR
[09:45:58] [389/459] MTKT
[09:45:59] [390/459] TGMP
[09:45:59] [391/459] SIVC
[09:46:01] [392/459] KICT
[09:46:02] [393/459] DAMD
[09:46:03] [394/459] CNPT
[09:46:03] [395/459] RVTT
[09:46:04] [396/459] SNCM
[09:46:05] [397/459] GHTE
[09:46:06] [398/459] PPAM
[09:46:07] [399/459] PVAA
[09:46:07] [400/459] CPAO
[09:46:08] [401/459] HAMD
[09:46:09] [402/459] RCCA
[09:46:10] [403/459] MPCH
[09:46:10] [404/459] ARED
[09:46:11] [405/459] RRCV
[09:46:12] [406/459] MTRB
[09:46:13] [407/459] CKUA
[09:46:14] [408/459] ABMP
[09:46:15] [409/459] RCWA
[09:46:17] [410/459] CGAR
[09:46:17] [411/459] METH
[09:46:18] [412/459] WAGA
[09:46:19] [413/459] MCMA
[09:46:20] [414/459] CSMP
[09:46:21] [415/459] RCNK
[09:46:21] [416/459] PSTM
[09:46:22] [417/459] CSEP
[09:46:23] [418/459] AMGD
[09:46:24] [419/459] CSTE
[09:46:25] [420/459] CONS
[09:46:26] [421/459] APPX
[09:46:27] [422/459] MABC
[09:46:27] [423/459] CXST
[09:46:29] [424/459] MATN
[09:46:29] [425/459] MACZ
[09:46:30] [426/459] MASA
[09:46:31] [427/459] MBSX
[09:46:31] [428/459] CSST
[09:46:32] [429/459] APCL
[09:46:33] [430/459] CGOS
[09:46:35] [431/459] CPEC
[09:46:36] [432/459] MCCP
[09:46:37] [433/459] BSSO
[09:46:38] [434/459] SJKA
[09:46:39] [435/459] CGBO
[09:46:39] [436/459] MVSK
[09:46:40] [437/459] HVCA
[09:46:41] [438/459] NAMD
[09:46:42] [439/459] DEVI
[09:46:43] [440/459] SCSV
[09:46:44] [441/459] PSMA
[09:46:45] [442/459] CLDJ
[09:46:46] [443/459] NMAD
[09:46:46] [444/459] CGMO
[09:46:47] [445/459] MCNA
[09:46:48] [446/459] OCBN
[09:46:49] [447/459] CPEM
[09:46:50] [448/459] CPSM
[09:46:51] [449/459] RCAD
[09:46:51] [450/459] CPMU
[09:46:53] [451/459] DICD
[09:46:54] [452/459] CHOE
[09:46:55] [453/459] PDJM
[09:46:56] [454/459] SSTU
[09:46:57] [455/459] VNRN
[09:46:58] [456/459] PVLG
[09:46:58] [457/459] SWBL
[09:47:00] [458/459] SCAB
[09:47:01] [459/459] RDDA
[09:47:02] 🧹 Deduping shows
[09:47:02] ✅ DONE | Shows=132 | Movies=13
[16:59:59] 🚀 SCRIPT STARTED
[16:59:59] [1/459] MCCZ
[16:59:59] 🧠 New identity created
[17:00:00] [2/459] FRPU
[17:00:00] [3/459] SKSI
[17:00:01] [4/459] SSCK
[17:00:02] [5/459] SRDC
[17:00:03] [6/459] RSCZ
[17:00:04] [7/459] PRVT
[17:00:05] [8/459] GAGJ
[17:00:05] [9/459] SMHG
[17:00:06] [10/459] JTST
[17:00:07] [11/459] MYTH
[17:00:08] [12/459] JPCC
[17:00:10] [13/459] ACDC
[17:00:11] [14/459] SVFP
[17:00:13] [15/459] SFCM
[17:00:14] [16/459] RUPK
[17:00:14] [17/459] NTCR
[17:00:15] [18/459] RTCH
[17:00:16] [19/459] SCMH
[17:00:17] [20/459] SVYM
[17:00:18] [21/459] SPYM
[17:00:19] [22/459] SMMF
[17:00:20] [23/459] CLLB
[17:00:21] [24/459] FMCB
[17:00:21] [25/459] BBTC
[17:00:22] [26/459] NTHS
[17:00:23] [27/459] PKKJ
[17:00:24] [28/459] MTJA
[17:00:25] [29/459] PMSJ
[17:00:26] [30/459] JMJU
[17:00:27] [31/459] SRAD
[17:00:28] [32/459] MJMC
[17:00:29] [33/459] DFRM
[17:00:29] [34/459] PMRS
[17:00:30] [35/459] RKPP
[17:00:31] [36/459] BMBK
[17:00:32] [37/459] NEWS
[17:00:33] [38/459] SALB
[17:00:34] [39/459] SCPW
[17:00:35] [40/459] RAYL
[17:00:36] [41/459] CMGJ
[17:00:37] [42/459] JRCR
[17:00:38] [43/459] SRTB
[17:00:39] [44/459] ETPB
[17:00:40] [45/459] MXBN
[17:00:40] [46/459] TOPE
[17:00:42] [47/459] SNLJ
[17:00:43] [48/459] CDDP
[17:00:43] [49/459] APCX
[17:00:44] [50/459] TALP
[17:00:45] [51/459] RRMP
[17:00:46] [52/459] MAHB
[17:00:47] [53/459] MTKR
[17:00:48] [54/459] KSKL
[17:00:49] [55/459] RJLT
[17:00:50] [56/459] ATAS
[17:00:51] [57/459] AMHR
[17:00:51] [58/459] RSRM
[17:00:52] [59/459] GCAT
[17:00:53] [60/459] SMML
[17:00:54] [61/459] ACCD
[17:00:55] [62/459] VYDA
[17:00:55] [63/459] MSKT
[17:00:57] [64/459] AVDM
[17:00:58] [65/459] ASMH
[17:00:59] [66/459] VTMB
[17:00:59] [67/459] WVMB
[17:01:00] [68/459] PPMN
[17:01:01] [69/459] MTMD
[17:01:02] [70/459] SMMO
[17:01:03] [71/459] DLPB
[17:01:05] [72/459] AKMD
[17:01:06] [73/459] SHRR
[17:01:06] [74/459] ASCO
[17:01:07] [75/459] CZVX
[17:01:08] [76/459] GCBB
[17:01:09] [77/459] ATBM
[17:01:10] [78/459] TCGM
[17:01:11] [79/459] UMSE
[17:01:12] [80/459] NKCL
[17:01:13] [81/459] BTLR
[17:01:14] [82/459] GOCL
[17:01:14] [83/459] MIRN
[17:01:15] [84/459] THEC
[17:01:17] [85/459] SPPB
[17:01:18] [86/459] PMMM
[17:01:20] [87/459] GGMC
[17:01:21] [88/459] AVSR
[17:01:21] [89/459] RDMH
[17:01:22] [90/459] JSRS
[17:01:23] [91/459] VKGP
[17:01:24] [92/459] ACRT
[17:01:25] [93/459] GCBA
[17:01:26] [94/459] GTCP
[17:01:27] [95/459] AKFC
[17:01:28] [96/459] INCS
[17:01:29] [97/459] SMCK
[17:01:29] [98/459] BRUN
[17:01:30] [99/459] RPPC
[17:01:31] [100/459] PAYD
[17:01:32] [101/459] SVVT
[17:01:33] [102/459] RNCC
[17:01:33] [103/459] PCRC
[17:01:34] [104/459] PMRM
[17:01:36] [105/459] CCRP
[17:01:38] [106/459] INCR
[17:01:39] [107/459] ZTMP
[17:01:39] [108/459] MCNR
[17:01:40] [109/459] INRP
[17:01:41] [110/459] STRC
[17:01:42] [111/459] RATI
[17:01:43] [112/459] PBTR
[17:01:43] [113/459] CMHP
[17:01:44] [114/459] ZECJ
[17:01:45] [115/459] CCCB
[17:01:46] [116/459] BWCB
[17:01:47] [117/459] CCAT
[17:01:48] [118/459] KGCM
[17:01:48] [119/459] INPT
[17:01:49] [120/459] FNCO
[17:01:50] [121/459] SRMJ
[17:01:51] [122/459] PFSC
[17:01:52] [123/459] PBMC
[17:01:53] [124/459] KARP
[17:01:54] [125/459] KOVI
[17:01:55] [126/459] ACXL
[17:01:56] [127/459] GKCC
[17:01:57] [128/459] ASCC
[17:01:58] [129/459] SETC
[17:01:59] [130/459] KACC
[17:01:59] [131/459] KAVE
[17:02:00] [132/459] CNTC
[17:02:01] [133/459] MEEN
[17:02:02] [134/459] BMRV
[17:02:03] [135/459] SVAM
[17:02:04] [136/459] VTBP
[17:02:06] [137/459] VCKN
[17:02:07] [138/459] SGTK
[17:02:08] [139/459] RCGS
[17:02:09] [140/459] RCCB
[17:02:10] [141/459] RKSR
[17:02:11] [142/459] RKCU
[17:02:12] [143/459] GIBH
[17:02:13] [144/459] CXBS
[17:02:13] [145/459] GGCB
[17:02:14] [146/459] SCPB
[17:02:16] [147/459] AKTB
[17:02:17] [148/459] SRBU
[17:02:18] [149/459] CSSA
[17:02:19] [150/459] MYAN
[17:02:20] [151/459] EXCA
[17:02:20] [152/459] CKSA
[17:02:21] [153/459] JTNM
[17:02:22] [154/459] CXKT
[17:02:23] [155/459] NCLM
[17:02:24] [156/459] JAAD
[17:02:24] [157/459] RDCR
[17:02:26] [158/459] MEER
[17:02:27] [159/459] SIBT
[17:02:28] [160/459] PVVB
[17:02:29] [161/459] FNPN
[17:02:29] [162/459] CRPX
[17:02:30] [163/459] STET
[17:02:31] [164/459] METE
[17:02:32] [165/459] BJML
[17:02:33] [166/459] MAVT
[17:02:35] [167/459] MSRM
[17:02:36] [168/459] TJMP
[17:02:36] [169/459] MHCK
[17:02:37] [170/459] SVGP
[17:02:38] [171/459] KRRC
[17:02:39] [172/459] IMCH
[17:02:40] [173/459] CMCS
[17:02:41] [174/459] SGND
[17:02:42] [175/459] RNAT
[17:02:43] [176/459] PRTN
[17:02:45] [177/459] MPTN
[17:02:45] [178/459] ARCC
[17:02:46] [179/459] NTTE
[17:02:47] [180/459] ABND
[17:02:48] [181/459] KCSN
[17:02:49] [182/459] KCSA
[17:02:50] [183/459] DCKT
[17:02:50] [184/459] MBBR
[17:02:51] [185/459] RAMU
[17:02:53] [186/459] RACW
[17:02:54] [187/459] MCHP
[17:02:54] [188/459] TMHM
[17:02:55] [189/459] STXH
[17:02:56] [190/459] AGSG
[17:02:57] [191/459] SIRA
[17:02:58] [192/459] RCAN
[17:02:58] [193/459] CWTB
[17:02:59] [194/459] VTYM
[17:03:00] [195/459] RRPP
[17:03:01] [196/459] ASMR
[17:03:02] [197/459] RONO
[17:03:03] [198/459] MEMR
[17:03:04] [199/459] CTMR
[17:03:04] [200/459] PMTT
[17:03:05] [201/459] PSLX
[17:03:06] [202/459] IPPL
[17:03:07] [203/459] MMSG
[17:03:07] [204/459] INEL
[17:03:08] [205/459] COAC
[17:03:09] [206/459] WVLK
[17:03:10] [207/459] PPXL
[17:03:11] [208/459] PSML
[17:03:12] [209/459] FNLK
[17:03:12] [210/459] ILUM
[17:03:13] [211/459] ILCM
[17:03:14] [212/459] MSNL
[17:03:15] [213/459] VINB
[17:03:16] [214/459] SALW
[17:03:17] [215/459] PRTB
[17:03:18] [216/459] NCIL
[17:03:19] [217/459] PSUL
[17:03:21] [218/459] SCLK
[17:03:22] [219/459] ADDC
[17:03:22] [220/459] OACL
[17:03:23] [221/459] OOCF
[17:03:24] [222/459] GPMF
[17:03:25] [223/459] SSDG
[17:03:26] [224/459] SKRS
[17:03:26] [225/459] NTTP
[17:03:27] [226/459] SLTP
[17:03:28] [227/459] JTLC
[17:03:29] [228/459] POON
[17:03:29] [229/459] CCPC
[17:03:30] [230/459] DCKC
[17:03:31] [231/459] CPRT
[17:03:32] [232/459] EYHZ
[17:03:33] [233/459] ARBL
[17:03:34] [234/459] SBTB
[17:03:34] [235/459] MMCK
[17:03:35] [236/459] PLMR
[17:03:36] [237/459] BIJH
[17:03:38] [238/459] SDRT
[17:03:38] [239/459] PRDC
[17:03:39] [240/459] OMJA
[17:03:40] [241/459] VKCR
[17:03:41] [242/459] ATRT
[17:03:41] [243/459] WVRP
[17:03:42] [244/459] MVRP
[17:03:43] [245/459] FCAX
[17:03:44] [246/459] CTLC
[17:03:44] [247/459] JCHB
[17:03:45] [248/459] SELP
[17:03:46] [249/459] VCPG
[17:03:47] [250/459] ASCX
[17:03:48] [251/459] EOCS
[17:03:49] [252/459] RCPH
[17:03:50] [253/459] RJTM
[17:03:50] [254/459] SGMD
[17:03:51] [255/459] SVJT
[17:03:52] [256/459] SPPO
[17:03:53] [257/459] MNRL
[17:03:54] [258/459] KNOX
[17:03:55] [259/459] GIER
[17:03:56] [260/459] PJMS
[17:03:56] [261/459] UNSP
[17:03:57] [262/459] JETP
[17:03:58] [263/459] VTWA
[17:04:00] [264/459] SCJI
[17:04:01] [265/459] CBZZ
[17:04:02] [266/459] SDCJ
[17:04:04] [267/459] RRCC
[17:04:05] [268/459] VNKG
[17:04:06] [269/459] LKTO
[17:04:07] [270/459] PJRM
[17:04:08] [271/459] NVRM
[17:04:08] [272/459] SJCS
[17:04:09] [273/459] VIGK
[17:04:10] [274/459] ANST
[17:04:11] [275/459] JTTS
[17:04:12] [276/459] NTST
[17:04:13] [277/459] PREB
[17:04:14] [278/459] TSCZ
[17:04:15] [279/459] CDCM
[17:04:17] [280/459] ELYE
[17:04:18] [281/459] INBS
[17:04:19] [282/459] SMGC
[17:04:19] [283/459] UTMP
[17:04:20] [284/459] INTA
[17:04:21] [285/459] OMPT
[17:04:22] [286/459] SCIR
[17:04:23] [287/459] GCKJ
[17:04:23] [288/459] INOG
[17:04:24] [289/459] SMGB
[17:04:25] [290/459] MCSG
[17:04:26] [291/459] STKG
[17:04:27] [292/459] TTKG
[17:04:28] [293/459] SRTR
[17:04:28] [294/459] ETTR
[17:04:29] [295/459] GGGZ
[17:04:30] [296/459] IPGM
[17:04:31] [297/459] FCDH
[17:04:33] [298/459] DESB
[17:04:34] [299/459] VNTP
[17:04:35] [300/459] ANNT
[17:04:35] [301/459] SLTI
[17:04:36] [302/459] MAJU
[17:04:37] [303/459] JCXP
[17:04:38] [304/459] HARK
[17:04:39] [305/459] JPCJ
[17:04:40] [306/459] RXBD
[17:04:41] [307/459] PTKJ
[17:04:42] [308/459] CMTU
[17:04:43] [309/459] SWOR
[17:04:44] [310/459] JMEX
[17:04:45] [311/459] DTPT
[17:04:46] [312/459] VGMM
[17:04:46] [313/459] VCSG
[17:04:47] [314/459] CVCG
[17:04:48] [315/459] TNTT
[17:04:49] [316/459] SHRM
[17:04:50] [317/459] CGKD
[17:04:50] [318/459] EKCM
[17:04:52] [319/459] SDCX
[17:04:53] [320/459] SBTE
[17:04:53] [321/459] STKJ
[17:04:54] [322/459] TPCE
[17:04:56] [323/459] JTNP
[17:04:57] [324/459] LPCH
[17:04:58] [325/459] CPUO
[17:04:59] [326/459] APSU
[17:05:00] [327/459] RTHC
[17:05:01] [328/459] PTBU
[17:05:02] [329/459] CUCC
[17:05:04] [330/459] CPSA
[17:05:05] [331/459] SUAY
[17:05:05] [332/459] AYAA
[17:05:07] [333/459] MUCH
[17:05:07] [334/459] PCIN
[17:05:08] [335/459] JRRM
[17:05:09] [336/459] KATS
[17:05:11] [337/459] MHFF
[17:05:12] [338/459] ESYM
[17:05:13] [339/459] STYV
[17:05:13] [340/459] SDKG
[17:05:14] [341/459] SMTI
[17:05:15] [342/459] NYCS
[17:05:16] [343/459] MTBG
[17:05:17] [344/459] RHCA
[17:05:18] [345/459] PCKH
[17:05:18] [346/459] ARCR
[17:05:19] [347/459] NCMB
[17:05:20] [348/459] SHYC
[17:05:21] [349/459] LACK
[17:05:22] [350/459] MTCM
[17:05:22] [351/459] RRBN
[17:05:23] [352/459] MYDC
[17:05:24] [353/459] STCS
[17:05:25] [354/459] CONN
[17:05:26] [355/459] SIPS
[17:05:26] [356/459] SMMX
[17:05:27] [357/459] SCBY
[17:05:28] [358/459] SUAP
[17:05:29] [359/459] RSMK
[17:05:30] [360/459] STKP
[17:05:31] [361/459] CIPC
[17:05:31] [362/459] KKCI
[17:05:32] [363/459] CTNK
[17:05:33] [364/459] MMTZ
[17:05:34] [365/459] DCCO
[17:05:35] [366/459] VNMN
[17:05:35] [367/459] RLCN
[17:05:36] [368/459] CMMS
[17:05:37] [369/459] AYOU
[17:05:38] [370/459] SSCN
[17:05:39] [371/459] SMXN
[17:05:40] [372/459] ASSK
[17:05:41] [373/459] VCKM
[17:05:42] [374/459] PCPH
[17:05:43] [375/459] PADM
[17:05:44] [376/459] IESA
[17:05:45] [377/459] VCSP
[17:05:45] [378/459] AEST
[17:05:46] [379/459] VTNR
[17:05:47] [380/459] GTTA
[17:05:48] [381/459] CMMM
[17:05:49] [382/459] AHKT
[17:05:49] [383/459] SIJI
[17:05:50] [384/459] VCEI
[17:05:51] [385/459] SAKR
[17:05:52] [386/459] VSMT
[17:05:53] [387/459] SSCT
[17:05:54] [388/459] USTR
[17:05:56] [389/459] MTKT
[17:05:57] [390/459] TGMP
[17:05:57] [391/459] SIVC
[17:05:58] [392/459] KICT
[17:06:00] [393/459] DAMD
[17:06:01] [394/459] CNPT
[17:06:02] [395/459] RVTT
[17:06:03] [396/459] SNCM
[17:06:04] [397/459] GHTE
[17:06:05] [398/459] PPAM
[17:06:06] [399/459] PVAA
[17:06:07] [400/459] CPAO
[17:06:08] [401/459] HAMD
[17:06:09] [402/459] RCCA
[17:06:10] [403/459] MPCH
[17:06:10] [404/459] ARED
[17:06:11] [405/459] RRCV
[17:06:12] [406/459] MTRB
[17:06:13] [407/459] CKUA
[17:06:14] [408/459] ABMP
[17:06:15] [409/459] RCWA
[17:06:16] [410/459] CGAR
[17:06:17] [411/459] METH
[17:06:18] [412/459] WAGA
[17:06:18] [413/459] MCMA
[17:06:19] [414/459] CSMP
[17:06:20] [415/459] RCNK
[17:06:21] [416/459] PSTM
[17:06:22] [417/459] CSEP
[17:06:23] [418/459] AMGD
[17:06:24] [419/459] CSTE
[17:06:25] [420/459] CONS
[17:06:26] [421/459] APPX
[17:06:26] [422/459] MABC
[17:06:27] [423/459] CXST
[17:06:28] [424/459] MATN
[17:06:29] [425/459] MACZ
[17:06:30] [426/459] MASA
[17:06:31] [427/459] MBSX
[17:06:32] [428/459] CSST
[17:06:33] [429/459] APCL
[17:06:34] [430/459] CGOS
[17:06:35] [431/459] CPEC
[17:06:36] [432/459] MCCP
[17:06:37] [433/459] BSSO
[17:06:38] [434/459] SJKA
[17:06:39] [435/459] CGBO
[17:06:39] [436/459] MVSK
[17:06:40] [437/459] HVCA
[17:06:41] [438/459] NAMD
[17:06:42] [439/459] DEVI
[17:06:43] [440/459] SCSV
[17:06:43] [441/459] PSMA
[17:06:44] [442/459] CLDJ
[17:06:46] [443/459] NMAD
[17:06:47] [444/459] CGMO
[17:06:48] [445/459] MCNA
[17:06:49] [446/459] OCBN
[17:06:50] [447/459] CPEM
[17:06:51] [448/459] CPSM
[17:06:52] [449/459] RCAD
[17:06:53] [450/459] CPMU
[17:06:54] [451/459] DICD
[17:06:55] [452/459] CHOE
[17:06:56] [453/459] PDJM
[17:06:57] [454/459] SSTU
[17:06:57] [455/459] VNRN
[17:06:58] [456/459] PVLG
[17:06:59] [457/459] SWBL
[17:07:00] [458/459] SCAB
[17:07:00] [459/459] RDDA
[17:07:01] 🧹 Deduping shows
[17:07:01] ✅ DONE | Shows=463 | Movies=34
