[09:39:48] 🚀 SCRIPT STARTED
[09:39:48] [1/296] CDCA
[09:39:48] 🧠 New identity created
[09:39:49] [2/296] MNSR
[09:39:50] [3/296] CSSL
[09:39:51] [4/296] BGGM
[09:39:52] [5/296] MANT
[09:39:53] [6/296] SOOY
[09:39:54] [7/296] VPPK
[09:39:55] [8/296] MYHJ
[09:39:56] [9/296] KSCK
[09:39:57] [10/296] KATK
[09:39:58] [11/296] RTRT
[09:39:59] [12/296] SSTT
[09:39:59] [13/296] SSTV
[09:40:00] [14/296] LACM
[09:40:01] [15/296] SGMG
[09:40:02] [16/296] KACX
[09:40:03] [17/296] GVCP
[09:40:04] [18/296] CSNC
[09:40:04] [19/296] SXCB
[09:40:05] [20/296] BAHS
[09:40:06] [21/296] PCBI
[09:40:07] [22/296] PSSM
[09:40:08] [23/296] RCOK
[09:40:09] [24/296] SCPF
[09:40:10] [25/296] SSAS
[09:40:11] [26/296] EVMM
[09:40:12] [27/296] SYCB
[09:40:13] [28/296] GCKI
[09:40:13] [29/296] IAET
[09:40:14] [30/296] DDTD
[09:40:15] [31/296] GMDH
[09:40:16] [32/296] STLE
[09:40:17] [33/296] JTRA
[09:40:18] [34/296] RPPA
[09:40:19] [35/296] ARUT
[09:40:20] [36/296] JTVM
[09:40:21] [37/296] SWRH
[09:40:22] [38/296] DCPC
[09:40:23] [39/296] RAPR
[09:40:24] [40/296] GCRT
[09:40:25] [41/296] ATUN
[09:40:26] [42/296] LTRM
[09:40:27] [43/296] TASR
[09:40:27] [44/296] RLLC
[09:40:29] [45/296] MABI
[09:40:29] [46/296] SVHB
[09:40:30] [47/296] NVTB
[09:40:31] [48/296] KCKG
[09:40:32] [49/296] SSRN
[09:40:33] [50/296] VDDC
[09:40:33] [51/296] GKTK
[09:40:34] [52/296] YFSN
[09:40:35] [53/296] GCSG
[09:40:36] [54/296] ESSM
[09:40:38] [55/296] KRIH
[09:40:38] [56/296] GCDS
[09:40:39] [57/296] CCSH
[09:40:40] [58/296] ACSK
[09:40:41] [59/296] APRK
[09:40:42] [60/296] ADKM
[09:40:43] [61/296] SRDM
[09:40:45] [62/296] RMOG
[09:40:46] [63/296] SJMY
[09:40:47] [64/296] PGGC
[09:40:48] [65/296] INGM
[09:40:48] [66/296] LSCB
[09:40:50] [67/296] STAD
[09:40:51] [68/296] MCCR
[09:40:52] [69/296] ABCC
[09:40:53] [70/296] RKCC
[09:40:54] [71/296] RTCR
[09:40:55] [72/296] GGBC
[09:40:56] [73/296] GCSD
[09:40:57] [74/296] LPTY
[09:40:58] [75/296] MCFD
[09:40:59] [76/296] HENN
[09:41:00] [77/296] SMKU
[09:41:01] [78/296] TNZC
[09:41:01] [79/296] DRCD
[09:41:03] [80/296] DLCD
[09:41:04] [81/296] RCDA
[09:41:04] [82/296] COSM
[09:41:05] [83/296] MCMJ
[09:41:06] [84/296] CSTR
[09:41:07] [85/296] CVDK
[09:41:09] [86/296] INRR
[09:41:10] [87/296] RJRT
[09:41:11] [88/296] IRMR
[09:41:13] [89/296] SRCF
[09:41:14] [90/296] GRCR
[09:41:15] [91/296] SURC
[09:41:15] [92/296] NMNH
[09:41:16] [93/296] SVBL
[09:41:17] [94/296] KACI
[09:41:18] [95/296] TDGO
[09:41:18] [96/296] KTBR
[09:41:20] [97/296] PMAD
[09:41:21] [98/296] CCPN
[09:41:22] [99/296] SBTK
[09:41:23] [100/296] LMDK
[09:41:24] [101/296] PGDA
[09:41:25] [102/296] SRML
[09:41:26] [103/296] EVCK
[09:41:27] [104/296] RTTK
[09:41:29] [105/296] SRTU
[09:41:30] [106/296] VRSA
[09:41:31] [107/296] VARS
[09:41:32] [108/296] DSCZ
[09:41:33] [109/296] GAGA
[09:41:34] [110/296] SARV
[09:41:34] [111/296] SEEG
[09:41:35] [112/296] GLCA
[09:41:36] [113/296] APAS
[09:41:37] [114/296] VCIA
[09:41:38] [115/296] SJTA
[09:41:39] [116/296] SABM
[09:41:40] [117/296] PPAG
[09:41:41] [118/296] RVCA
[09:41:43] [119/296] CCIA
[09:41:44] [120/296] HTAG
[09:41:45] [121/296] SMBI
[09:41:46] [122/296] MCJR
[09:41:47] [123/296] CCJR
[09:41:48] [124/296] SINF
[09:41:49] [125/296] CPLX
[09:41:50] [126/296] KKTJ
[09:41:52] [127/296] GDBW
[09:41:53] [128/296] CSUB
[09:41:54] [129/296] DABA
[09:41:55] [130/296] TITR
[09:41:56] [131/296] NYCR
[09:41:57] [132/296] RTRY
[09:41:58] [133/296] JTJL
[09:41:59] [134/296] SJCP
[09:42:00] [135/296] KCCA
[09:42:01] [136/296] MLPG
[09:42:01] [137/296] VRCK
[09:42:02] [138/296] SRIN
[09:42:03] [139/296] CXMK
[09:42:04] [140/296] SKAD
[09:42:05] [141/296] AVTR
[09:42:06] [142/296] PTAJ
[09:42:07] [143/296] SCNK
[09:42:08] [144/296] STTI
[09:42:09] [145/296] KACR
[09:42:10] [146/296] SSDX
[09:42:12] [147/296] VRTJ
[09:42:12] [148/296] RAJD
[09:42:13] [149/296] SCIP
[09:42:14] [150/296] RJSL
[09:42:15] [151/296] ARRS
[09:42:17] [152/296] ASMS
[09:42:17] [153/296] RDTS
[09:42:18] [154/296] DVMY
[09:42:19] [155/296] RASA
[09:42:20] [156/296] INOM
[09:42:21] [157/296] SPRS
[09:42:22] [158/296] SGCS
[09:42:23] [159/296] SALM
[09:42:24] [160/296] PKHC
[09:42:25] [161/296] RCSV
[09:42:26] [162/296] CPKC
[09:42:27] [163/296] AACD
[09:42:27] [164/296] GGCV
[09:42:28] [165/296] SMKD
[09:42:29] [166/296] NBCH
[09:42:30] [167/296] AMCB
[09:42:31] [168/296] OPCN
[09:42:32] [169/296] DCIN
[09:42:34] [170/296] INGW
[09:42:34] [171/296] PKKW
[09:42:35] [172/296] FNGW
[09:42:36] [173/296] GCGD
[09:42:37] [174/296] MSTW
[09:42:38] [175/296] KCCG
[09:42:39] [176/296] MRSS
[09:42:40] [177/296] CLCF
[09:42:41] [178/296] EETS
[09:42:42] [179/296] AATR
[09:42:42] [180/296] CMMN
[09:42:44] [181/296] SCCJ
[09:42:44] [182/296] CDTK
[09:42:45] [183/296] AICP
[09:42:46] [184/296] FNBP
[09:42:47] [185/296] CBPB
[09:42:48] [186/296] CPAS
[09:42:48] [187/296] MAPM
[09:42:49] [188/296] PASD
[09:42:50] [189/296] JCMN
[09:42:51] [190/296] MALB
[09:42:52] [191/296] SACG
[09:42:53] [192/296] DDRX
[09:42:54] [193/296] DDXB
[09:42:55] [194/296] RAMC
[09:42:56] [195/296] SANC
[09:42:57] [196/296] BCBP
[09:42:58] [197/296] ALPC
[09:42:59] [198/296] RBAC
[09:43:00] [199/296] RAJL
[09:43:01] [200/296] MPDX
[09:43:02] [201/296] MUSC
[09:43:03] [202/296] VKMK
[09:43:03] [203/296] SKCG
[09:43:04] [204/296] ANCN
[09:43:05] [205/296] MMCJ
[09:43:06] [206/296] DCAK
[09:43:07] [207/296] SCKG
[09:43:08] [208/296] LMCK
[09:43:09] [209/296] CKKX
[09:43:10] [210/296] ANKU
[09:43:11] [211/296] CSMD
[09:43:12] [212/296] MKMP
[09:43:13] [213/296] SVBG
[09:43:14] [214/296] ROOP
[09:43:15] [215/296] GDMT
[09:43:15] [216/296] FPPF
[09:43:17] [217/296] SFUU
[09:43:18] [218/296] ANCB
[09:43:19] [219/296] SMMC
[09:43:20] [220/296] UGKT
[09:43:20] [221/296] JVRM
[09:43:22] [222/296] BATG
[09:43:23] [223/296] RATE
[09:43:24] [224/296] SKME
[09:43:25] [225/296] LMTP
[09:43:25] [226/296] TCBD
[09:43:26] [227/296] ESBD
[09:43:27] [228/296] GDCU
[09:43:28] [229/296] SNKT
[09:43:29] [230/296] SRNK
[09:43:30] [231/296] SMED
[09:43:32] [232/296] CSQS
[09:43:32] [233/296] ALCS
[09:43:34] [234/296] KCKN
[09:43:35] [235/296] VCCL
[09:43:35] [236/296] MCDA
[09:43:36] [237/296] SHMI
[09:43:37] [238/296] SKHA
[09:43:38] [239/296] SVFK
[09:43:39] [240/296] INVB
[09:43:40] [241/296] MELD
[09:43:41] [242/296] JTYS
[09:43:41] [243/296] INCM
[09:43:42] [244/296] MCDV
[09:43:43] [245/296] KSGK
[09:43:44] [246/296] ICMG
[09:43:45] [247/296] CSCV
[09:43:45] [248/296] STMD
[09:43:46] [249/296] STTR
[09:43:47] [250/296] INVC
[09:43:48] [251/296] JTBL
[09:43:49] [252/296] SRVV
[09:43:49] [253/296] MAVC
[09:43:51] [254/296] SRPP
[09:43:51] [255/296] JGDM
[09:43:52] [256/296] MBSJ
[09:43:53] [257/296] SSLL
[09:43:54] [258/296] SLKP
[09:43:55] [259/296] NSRV
[09:43:56] [260/296] UTDV
[09:43:57] [261/296] KICM
[09:43:58] [262/296] KCMD
[09:43:59] [263/296] TTPP
[09:44:00] [264/296] KMPV
[09:44:01] [265/296] SKTV
[09:44:02] [266/296] STCV
[09:44:04] [267/296] SRDA
[09:44:05] [268/296] JTSX
[09:44:06] [269/296] STBV
[09:44:07] [270/296] APVZ
[09:44:08] [271/296] GSTV
[09:44:09] [272/296] NMVS
[09:44:09] [273/296] SKRT
[09:44:10] [274/296] RMDV
[09:44:11] [275/296] RATG
[09:44:12] [276/296] SJYV
[09:44:13] [277/296] NDGP
[09:44:14] [278/296] SNDG
[09:44:15] [279/296] INSR
[09:44:16] [280/296] INSO
[09:44:17] [281/296] CCSI
[09:44:18] [282/296] RASM
[09:44:18] [283/296] NEWC
[09:44:20] [284/296] VSHL
[09:44:21] [285/296] BISW
[09:44:22] [286/296] GCNG
[09:44:22] [287/296] CWSC
[09:44:24] [288/296] SKAN
[09:44:25] [289/296] SEHP
[09:44:26] [290/296] CCOA
[09:44:27] [291/296] MCAJ
[09:44:28] [292/296] ACDE
[09:44:28] [293/296] AACM
[09:44:29] [294/296] JJCK
[09:44:30] [295/296] RCMO
[09:44:31] [296/296] GDAW
[09:44:32] 🧹 Deduping shows
[09:44:32] ✅ DONE | Shows=170 | Movies=19
[16:59:25] 🚀 SCRIPT STARTED
[16:59:25] [1/296] CDCA
[16:59:26] 🧠 New identity created
[16:59:27] [2/296] MNSR
[16:59:27] [3/296] CSSL
[16:59:28] [4/296] BGGM
[16:59:29] [5/296] MANT
[16:59:29] [6/296] SOOY
[16:59:30] [7/296] VPPK
[16:59:30] [8/296] MYHJ
[16:59:31] [9/296] KSCK
[16:59:31] [10/296] KATK
[16:59:32] [11/296] RTRT
[16:59:32] [12/296] SSTT
[16:59:33] [13/296] SSTV
[16:59:34] [14/296] LACM
[16:59:34] [15/296] SGMG
[16:59:35] [16/296] KACX
[16:59:36] [17/296] GVCP
[16:59:36] [18/296] CSNC
[16:59:37] [19/296] SXCB
[16:59:37] [20/296] BAHS
[16:59:38] [21/296] PCBI
[16:59:39] [22/296] PSSM
[16:59:39] [23/296] RCOK
[16:59:40] [24/296] SCPF
[16:59:40] [25/296] SSAS
[16:59:41] [26/296] EVMM
[16:59:41] [27/296] SYCB
[16:59:42] [28/296] GCKI
[16:59:42] [29/296] IAET
[16:59:43] [30/296] DDTD
[16:59:44] [31/296] GMDH
[16:59:44] [32/296] STLE
[16:59:45] [33/296] JTRA
[16:59:45] [34/296] RPPA
[16:59:46] [35/296] ARUT
[16:59:46] [36/296] JTVM
[16:59:47] [37/296] SWRH
[16:59:47] [38/296] DCPC
[16:59:48] [39/296] RAPR
[16:59:49] [40/296] GCRT
[16:59:49] [41/296] ATUN
[16:59:50] [42/296] LTRM
[16:59:50] [43/296] TASR
[16:59:51] [44/296] RLLC
[16:59:51] [45/296] MABI
[16:59:52] [46/296] SVHB
[16:59:53] [47/296] NVTB
[16:59:53] [48/296] KCKG
[16:59:54] [49/296] SSRN
[16:59:54] [50/296] VDDC
[16:59:55] [51/296] GKTK
[16:59:55] [52/296] YFSN
[16:59:56] [53/296] GCSG
[16:59:57] [54/296] ESSM
[16:59:57] [55/296] KRIH
[16:59:58] [56/296] GCDS
[16:59:58] [57/296] CCSH
[16:59:59] [58/296] ACSK
[17:00:00] [59/296] APRK
[17:00:01] [60/296] ADKM
[17:00:01] [61/296] SRDM
[17:00:02] [62/296] RMOG
[17:00:02] [63/296] SJMY
[17:00:03] [64/296] PGGC
[17:00:03] [65/296] INGM
[17:00:04] [66/296] LSCB
[17:00:05] [67/296] STAD
[17:00:05] [68/296] MCCR
[17:00:06] [69/296] ABCC
[17:00:07] [70/296] RKCC
[17:00:07] [71/296] RTCR
[17:00:08] [72/296] GGBC
[17:00:08] [73/296] GCSD
[17:00:09] [74/296] LPTY
[17:00:09] [75/296] MCFD
[17:00:10] [76/296] HENN
[17:00:11] [77/296] SMKU
[17:00:11] [78/296] TNZC
[17:00:11] [79/296] DRCD
[17:00:12] [80/296] DLCD
[17:00:13] [81/296] RCDA
[17:00:13] [82/296] COSM
[17:00:14] [83/296] MCMJ
[17:00:14] [84/296] CSTR
[17:00:15] [85/296] CVDK
[17:00:16] [86/296] INRR
[17:00:16] [87/296] RJRT
[17:00:17] [88/296] IRMR
[17:00:18] [89/296] SRCF
[17:00:18] [90/296] GRCR
[17:00:19] [91/296] SURC
[17:00:20] [92/296] NMNH
[17:00:20] [93/296] SVBL
[17:00:21] [94/296] KACI
[17:00:21] [95/296] TDGO
[17:00:22] [96/296] KTBR
[17:00:23] [97/296] PMAD
[17:00:23] [98/296] CCPN
[17:00:24] [99/296] SBTK
[17:00:24] [100/296] LMDK
[17:00:25] [101/296] PGDA
[17:00:25] [102/296] SRML
[17:00:26] [103/296] EVCK
[17:00:27] [104/296] RTTK
[17:00:27] [105/296] SRTU
[17:00:28] [106/296] VRSA
[17:00:28] [107/296] VARS
[17:00:29] [108/296] DSCZ
[17:00:29] [109/296] GAGA
[17:00:30] [110/296] SARV
[17:00:30] [111/296] SEEG
[17:00:31] [112/296] GLCA
[17:00:32] [113/296] APAS
[17:00:32] [114/296] VCIA
[17:00:33] [115/296] SJTA
[17:00:33] [116/296] SABM
[17:00:34] [117/296] PPAG
[17:00:34] [118/296] RVCA
[17:00:35] [119/296] CCIA
[17:00:35] [120/296] HTAG
[17:00:36] [121/296] SMBI
[17:00:36] [122/296] MCJR
[17:00:37] [123/296] CCJR
[17:00:37] [124/296] SINF
[17:00:38] [125/296] CPLX
[17:00:39] [126/296] KKTJ
[17:00:39] [127/296] GDBW
[17:00:40] [128/296] CSUB
[17:00:40] [129/296] DABA
[17:00:41] [130/296] TITR
[17:00:42] [131/296] NYCR
[17:00:42] [132/296] RTRY
[17:00:43] [133/296] JTJL
[17:00:43] [134/296] SJCP
[17:00:44] [135/296] KCCA
[17:00:44] [136/296] MLPG
[17:00:45] [137/296] VRCK
[17:00:46] [138/296] SRIN
[17:00:46] [139/296] CXMK
[17:00:47] [140/296] SKAD
[17:00:47] [141/296] AVTR
[17:00:48] [142/296] PTAJ
[17:00:49] [143/296] SCNK
[17:00:49] [144/296] STTI
[17:00:50] [145/296] KACR
[17:00:50] [146/296] SSDX
[17:00:51] [147/296] VRTJ
[17:00:51] [148/296] RAJD
[17:00:52] [149/296] SCIP
[17:00:53] [150/296] RJSL
[17:00:53] [151/296] ARRS
[17:00:54] [152/296] ASMS
[17:00:54] [153/296] RDTS
[17:00:55] [154/296] DVMY
[17:00:55] [155/296] RASA
[17:00:56] [156/296] INOM
[17:00:56] [157/296] SPRS
[17:00:57] [158/296] SGCS
[17:00:57] [159/296] SALM
[17:00:58] [160/296] PKHC
[17:00:59] [161/296] RCSV
[17:00:59] [162/296] CPKC
[17:01:00] [163/296] AACD
[17:01:00] [164/296] GGCV
[17:01:01] [165/296] SMKD
[17:01:02] [166/296] NBCH
[17:01:02] [167/296] AMCB
[17:01:03] [168/296] OPCN
[17:01:03] [169/296] DCIN
[17:01:04] [170/296] INGW
[17:01:05] [171/296] PKKW
[17:01:05] [172/296] FNGW
[17:01:06] [173/296] GCGD
[17:01:06] [174/296] MSTW
[17:01:07] [175/296] KCCG
[17:01:07] [176/296] MRSS
[17:01:08] [177/296] CLCF
[17:01:08] [178/296] EETS
[17:01:09] [179/296] AATR
[17:01:09] [180/296] CMMN
[17:01:10] [181/296] SCCJ
[17:01:10] [182/296] CDTK
[17:01:11] [183/296] AICP
[17:01:12] [184/296] FNBP
[17:01:12] [185/296] CBPB
[17:01:13] [186/296] CPAS
[17:01:13] [187/296] MAPM
[17:01:14] [188/296] PASD
[17:01:15] [189/296] JCMN
[17:01:15] [190/296] MALB
[17:01:16] [191/296] SACG
[17:01:16] [192/296] DDRX
[17:01:17] [193/296] DDXB
[17:01:17] [194/296] RAMC
[17:01:18] [195/296] SANC
[17:01:19] [196/296] BCBP
[17:01:19] [197/296] ALPC
[17:01:19] [198/296] RBAC
[17:01:20] [199/296] RAJL
[17:01:20] [200/296] MPDX
[17:01:21] [201/296] MUSC
[17:01:22] [202/296] VKMK
[17:01:22] [203/296] SKCG
[17:01:23] [204/296] ANCN
[17:01:24] [205/296] MMCJ
[17:01:24] [206/296] DCAK
[17:01:24] [207/296] SCKG
[17:01:25] [208/296] LMCK
[17:01:26] [209/296] CKKX
[17:01:26] [210/296] ANKU
[17:01:26] [211/296] CSMD
[17:01:27] [212/296] MKMP
[17:01:28] [213/296] SVBG
[17:01:29] [214/296] ROOP
[17:01:29] [215/296] GDMT
[17:01:30] [216/296] FPPF
[17:01:30] [217/296] SFUU
[17:01:31] [218/296] ANCB
[17:01:31] [219/296] SMMC
[17:01:32] [220/296] UGKT
[17:01:33] [221/296] JVRM
[17:01:33] [222/296] BATG
[17:01:34] [223/296] RATE
[17:01:35] [224/296] SKME
[17:01:35] [225/296] LMTP
[17:01:36] [226/296] TCBD
[17:01:36] [227/296] ESBD
[17:01:37] [228/296] GDCU
[17:01:37] [229/296] SNKT
[17:01:38] [230/296] SRNK
[17:01:39] [231/296] SMED
[17:01:39] [232/296] CSQS
[17:01:40] [233/296] ALCS
[17:01:40] [234/296] KCKN
[17:01:41] [235/296] VCCL
[17:01:41] [236/296] MCDA
[17:01:42] [237/296] SHMI
[17:01:43] [238/296] SKHA
[17:01:43] [239/296] SVFK
[17:01:44] [240/296] INVB
[17:01:44] [241/296] MELD
[17:01:45] [242/296] JTYS
[17:01:46] [243/296] INCM
[17:01:46] [244/296] MCDV
[17:01:47] [245/296] KSGK
[17:01:48] [246/296] ICMG
[17:01:48] [247/296] CSCV
[17:01:49] [248/296] STMD
[17:01:49] [249/296] STTR
[17:01:50] [250/296] INVC
[17:01:51] [251/296] JTBL
[17:01:51] [252/296] SRVV
[17:01:52] [253/296] MAVC
[17:01:52] [254/296] SRPP
[17:01:53] [255/296] JGDM
[17:01:53] [256/296] MBSJ
[17:01:54] [257/296] SSLL
[17:01:55] [258/296] SLKP
[17:01:55] [259/296] NSRV
[17:01:56] [260/296] UTDV
[17:01:56] [261/296] KICM
[17:01:57] [262/296] KCMD
[17:01:57] [263/296] TTPP
[17:01:58] [264/296] KMPV
[17:01:59] [265/296] SKTV
[17:01:59] [266/296] STCV
[17:02:00] [267/296] SRDA
[17:02:00] [268/296] JTSX
[17:02:01] [269/296] STBV
[17:02:02] [270/296] APVZ
[17:02:02] [271/296] GSTV
[17:02:03] [272/296] NMVS
[17:02:04] [273/296] SKRT
[17:02:04] [274/296] RMDV
[17:02:05] [275/296] RATG
[17:02:06] [276/296] SJYV
[17:02:06] [277/296] NDGP
[17:02:07] [278/296] SNDG
[17:02:07] [279/296] INSR
[17:02:08] [280/296] INSO
[17:02:09] [281/296] CCSI
[17:02:09] [282/296] RASM
[17:02:10] [283/296] NEWC
[17:02:11] [284/296] VSHL
[17:02:11] [285/296] BISW
[17:02:11] [286/296] GCNG
[17:02:12] [287/296] CWSC
[17:02:12] [288/296] SKAN
[17:02:13] [289/296] SEHP
[17:02:14] [290/296] CCOA
[17:02:14] [291/296] MCAJ
[17:02:15] [292/296] ACDE
[17:02:16] [293/296] AACM
[17:02:16] [294/296] JJCK
[17:02:17] [295/296] RCMO
[17:02:17] [296/296] GDAW
[17:02:18] 🧹 Deduping shows
[17:02:18] ✅ DONE | Shows=347 | Movies=31
