[09:39:50] 🚀 SCRIPT STARTED
[09:39:50] [1/326] BSAT
[09:39:50] 🧠 New identity created
[09:39:50] [2/326] RSSM
[09:39:52] [3/326] GCTA
[09:39:53] [4/326] TOPN
[09:39:54] [5/326] MCUS
[09:39:55] [6/326] SHRL
[09:39:56] [7/326] UPTP
[09:39:57] [8/326] TMMP
[09:39:58] [9/326] DNRP
[09:39:58] [10/326] SRLT
[09:39:59] [11/326] RCNS
[09:40:00] [12/326] DCBH
[09:40:01] [13/326] NAGJ
[09:40:02] [14/326] JVRC
[09:40:03] [15/326] KRJG
[09:40:04] [16/326] SRTJ
[09:40:05] [17/326] CMXM
[09:40:05] [18/326] STMI
[09:40:06] [19/326] SLST
[09:40:08] [20/326] DTCN
[09:40:09] [21/326] STYN
[09:40:10] [22/326] SZVR
[09:40:10] [23/326] SRKO
[09:40:11] [24/326] JTGT
[09:40:12] [25/326] SVFD
[09:40:13] [26/326] SISD
[09:40:14] [27/326] ABDD
[09:40:15] [28/326] DRCA
[09:40:16] [29/326] AVCS
[09:40:16] [30/326] MVKH
[09:40:17] [31/326] ACPR
[09:40:18] [32/326] STIP
[09:40:19] [33/326] MTRA
[09:40:20] [34/326] RMKH
[09:40:21] [35/326] NKRL
[09:40:21] [36/326] PCWN
[09:40:22] [37/326] BLMT
[09:40:24] [38/326] GDPG
[09:40:25] [39/326] SRMX
[09:40:26] [40/326] JACP
[09:40:27] [41/326] CPSH
[09:40:28] [42/326] MCCD
[09:40:28] [43/326] ECGH
[09:40:29] [44/326] MKCK
[09:40:30] [45/326] SRMM
[09:40:31] [46/326] SKYR
[09:40:31] [47/326] PCKC
[09:40:32] [48/326] JCMA
[09:40:33] [49/326] BSMP
[09:40:34] [50/326] VSPA
[09:40:34] [51/326] DJYA
[09:40:36] [52/326] DIMP
[09:40:37] [53/326] FXDR
[09:40:38] [54/326] SSRC
[09:40:39] [55/326] STHP
[09:40:40] [56/326] CPPD
[09:40:40] [57/326] FCLK
[09:40:41] [58/326] SCPP
[09:40:42] [59/326] DCMJ
[09:40:43] [60/326] RCCR
[09:40:44] [61/326] INMT
[09:40:45] [62/326] LXTK
[09:40:46] [63/326] SRYK
[09:40:46] [64/326] SGDK
[09:40:47] [65/326] PPKA
[09:40:48] [66/326] SPKA
[09:40:49] [67/326] CGHH
[09:40:50] [68/326] DCJN
[09:40:51] [69/326] SRKV
[09:40:51] [70/326] SAJC
[09:40:52] [71/326] SUSR
[09:40:53] [72/326] STYG
[09:40:54] [73/326] NTKP
[09:40:55] [74/326] AKTG
[09:40:56] [75/326] CGCM
[09:40:56] [76/326] TULC
[09:40:57] [77/326] NYYZ
[09:40:58] [78/326] NYBW
[09:40:59] [79/326] MACB
[09:41:00] [80/326] SLVT
[09:41:00] [81/326] SANA
[09:41:01] [82/326] ACMR
[09:41:03] [83/326] CPKN
[09:41:04] [84/326] DLGK
[09:41:06] [85/326] CWCK
[09:41:07] [86/326] FDDH
[09:41:08] [87/326] MMMD
[09:41:08] [88/326] CMEH
[09:41:10] [89/326] GGGV
[09:41:11] [90/326] SPJL
[09:41:12] [91/326] RCCD
[09:41:13] [92/326] STTZ
[09:41:15] [93/326] BTCF
[09:41:16] [94/326] TSTZ
[09:41:16] [95/326] IPMM
[09:41:17] [96/326] PMPW
[09:41:19] [97/326] PCMZ
[09:41:20] [98/326] ESEM
[09:41:21] [99/326] PIPO
[09:41:22] [100/326] MATK
[09:41:22] [101/326] PGHM
[09:41:23] [102/326] CTSR
[09:41:24] [103/326] CYKR
[09:41:25] [104/326] MSCM
[09:41:27] [105/326] RFNP
[09:41:27] [106/326] PDCP
[09:41:28] [107/326] NPSE
[09:41:29] [108/326] MKML
[09:41:30] [109/326] FTDP
[09:41:31] [110/326] MMXA
[09:41:32] [111/326] CEPO
[09:41:33] [112/326] CMVP
[09:41:34] [113/326] SGTH
[09:41:35] [114/326] SAYN
[09:41:36] [115/326] URVS
[09:41:37] [116/326] VJTN
[09:41:37] [117/326] BBYK
[09:41:38] [118/326] SHBO
[09:41:39] [119/326] VCMR
[09:41:40] [120/326] MACT
[09:41:41] [121/326] JMNP
[09:41:42] [122/326] VICS
[09:41:43] [123/326] VCDA
[09:41:44] [124/326] GCMM
[09:41:45] [125/326] INVS
[09:41:46] [126/326] SCGM
[09:41:46] [127/326] PCDA
[09:41:47] [128/326] KDCT
[09:41:48] [129/326] JACS
[09:41:49] [130/326] GMMC
[09:41:50] [131/326] AICM
[09:41:51] [132/326] TJCM
[09:41:52] [133/326] RMTI
[09:41:53] [134/326] SHAC
[09:41:54] [135/326] APJC
[09:41:54] [136/326] GCTG
[09:41:55] [137/326] SSMC
[09:41:56] [138/326] THRM
[09:41:57] [139/326] RBCT
[09:41:58] [140/326] DIKT
[09:41:58] [141/326] MIDL
[09:41:59] [142/326] VCSN
[09:42:01] [143/326] SKTG
[09:42:02] [144/326] SMWC
[09:42:03] [145/326] MNKH
[09:42:04] [146/326] PIAT
[09:42:05] [147/326] LTTP
[09:42:06] [148/326] PTPU
[09:42:07] [149/326] ACMG
[09:42:08] [150/326] SHMM
[09:42:08] [151/326] MCMN
[09:42:09] [152/326] GLDC
[09:42:10] [153/326] HOUT
[09:42:11] [154/326] SVRP
[09:42:12] [155/326] PVDN
[09:42:13] [156/326] SCPY
[09:42:14] [157/326] DTPY
[09:42:15] [158/326] GKCS
[09:42:16] [159/326] NCAM
[09:42:17] [160/326] BSRM
[09:42:18] [161/326] RCLC
[09:42:19] [162/326] SKKD
[09:42:20] [163/326] ACHU
[09:42:22] [164/326] RSCF
[09:42:23] [165/326] IMSH
[09:42:24] [166/326] MACX
[09:42:25] [167/326] HMMW
[09:42:25] [168/326] JTCP
[09:42:26] [169/326] SREN
[09:42:27] [170/326] PJRR
[09:42:28] [171/326] INAC
[09:42:29] [172/326] BMCA
[09:42:31] [173/326] SHCB
[09:42:32] [174/326] GABA
[09:42:32] [175/326] SBCT
[09:42:34] [176/326] GCMA
[09:42:35] [177/326] MYTK
[09:42:36] [178/326] INZS
[09:42:37] [179/326] RMIK
[09:42:37] [180/326] NYCH
[09:42:38] [181/326] RAVE
[09:42:39] [182/326] PSXM
[09:42:40] [183/326] MCGP
[09:42:41] [184/326] PDDK
[09:42:42] [185/326] SPCK
[09:42:43] [186/326] MCRL
[09:42:43] [187/326] MHKT
[09:42:44] [188/326] ANRR
[09:42:45] [189/326] SAPK
[09:42:46] [190/326] NCUK
[09:42:47] [191/326] JUGA
[09:42:48] [192/326] DBSC
[09:42:48] [193/326] LALK
[09:42:49] [194/326] GUCK
[09:42:50] [195/326] STSG
[09:42:51] [196/326] PPPZ
[09:42:52] [197/326] CNCY
[09:42:53] [198/326] MTAR
[09:42:54] [199/326] VNKD
[09:42:55] [200/326] KMAJ
[09:42:55] [201/326] ACXK
[09:42:56] [202/326] UTKC
[09:42:57] [203/326] PBLK
[09:42:59] [204/326] ACBX
[09:42:59] [205/326] PTGM
[09:43:00] [206/326] BTDA
[09:43:01] [207/326] PJMB
[09:43:02] [208/326] TPDA
[09:43:03] [209/326] AMOE
[09:43:04] [210/326] PRHT
[09:43:04] [211/326] PRTA
[09:43:05] [212/326] STAM
[09:43:07] [213/326] MSAA
[09:43:09] [214/326] SDLU
[09:43:09] [215/326] RCHH
[09:43:10] [216/326] KANT
[09:43:11] [217/326] FCRT
[09:43:12] [218/326] DNKM
[09:43:13] [219/326] RYCP
[09:43:14] [220/326] MYRP
[09:43:15] [221/326] PPAK
[09:43:15] [222/326] NVPK
[09:43:16] [223/326] PRMC
[09:43:17] [224/326] JBCS
[09:43:18] [225/326] GXCK
[09:43:19] [226/326] USKO
[09:43:20] [227/326] GTEM
[09:43:21] [228/326] SMBU
[09:43:22] [229/326] VETC
[09:43:22] [230/326] LCDA
[09:43:23] [231/326] MTVT
[09:43:25] [232/326] PYCP
[09:43:25] [233/326] PNSC
[09:43:26] [234/326] PPCC
[09:43:27] [235/326] TGRT
[09:43:28] [236/326] JYOT
[09:43:29] [237/326] SRCZ
[09:43:30] [238/326] SJTE
[09:43:32] [239/326] DESC
[09:43:33] [240/326] JHVN
[09:43:34] [241/326] IPSG
[09:43:36] [242/326] IPCM
[09:43:36] [243/326] PDRS
[09:43:37] [244/326] ANCV
[09:43:38] [245/326] CMVV
[09:43:39] [246/326] SHYP
[09:43:40] [247/326] DNCS
[09:43:40] [248/326] GAJK
[09:43:41] [249/326] AKTN
[09:43:43] [250/326] KAYA
[09:43:44] [251/326] SBRC
[09:43:45] [252/326] CHTP
[09:43:46] [253/326] SHRT
[09:43:46] [254/326] BCKU
[09:43:47] [255/326] FCPS
[09:43:48] [256/326] ARDD
[09:43:49] [257/326] CPCM
[09:43:50] [258/326] CGSM
[09:43:51] [259/326] PSMP
[09:43:51] [260/326] SDAL
[09:43:52] [261/326] RTNB
[09:43:53] [262/326] LMCR
[09:43:54] [263/326] CIMA
[09:43:55] [264/326] RNAS
[09:43:56] [265/326] LITH
[09:43:57] [266/326] PBOX
[09:43:58] [267/326] FRTS
[09:43:59] [268/326] RKIC
[09:44:00] [269/326] PTAI
[09:44:01] [270/326] GCIC
[09:44:02] [271/326] FNAS
[09:44:03] [272/326] SCAR
[09:44:04] [273/326] MTCA
[09:44:04] [274/326] SCTS
[09:44:05] [275/326] SYCS
[09:44:06] [276/326] RDMS
[09:44:07] [277/326] KAMP
[09:44:08] [278/326] ERSD
[09:44:09] [279/326] MJMJ
[09:44:10] [280/326] SRCJ
[09:44:11] [281/326] SCXE
[09:44:12] [282/326] SVFR
[09:44:14] [283/326] BHCS
[09:44:15] [284/326] IMCC
[09:44:16] [285/326] PCBO
[09:44:17] [286/326] PRVN
[09:44:17] [287/326] AUPM
[09:44:18] [288/326] INBW
[09:44:19] [289/326] SVCW
[09:44:20] [290/326] RKCF
[09:44:22] [291/326] UVBH
[09:44:23] [292/326] DNCY
[09:44:24] [293/326] ABCN
[09:44:25] [294/326] PRUR
[09:44:26] [295/326] PFMR
[09:44:27] [296/326] RKCN
[09:44:27] [297/326] CFEA
[09:44:28] [298/326] SDBG
[09:44:29] [299/326] SNAR
[09:44:30] [300/326] YISI
[09:44:31] [301/326] JCFF
[09:44:31] [302/326] VTRK
[09:44:32] [303/326] PCLZ
[09:44:33] [304/326] DIMY
[09:44:34] [305/326] BBTS
[09:44:34] [306/326] GATH
[09:44:35] [307/326] GTMN
[09:44:36] [308/326] VTMH
[09:44:37] [309/326] CCKP
[09:44:38] [310/326] GPKA
[09:44:39] [311/326] MHCL
[09:44:39] [312/326] ATCL
[09:44:40] [313/326] SBCK
[09:44:41] [314/326] AMMR
[09:44:42] [315/326] MADC
[09:44:43] [316/326] TMMA
[09:44:44] [317/326] CACC
[09:44:45] [318/326] CHAL
[09:44:46] [319/326] DURG
[09:44:46] [320/326] GMKU
[09:44:47] [321/326] GECA
[09:44:48] [322/326] KYRR
[09:44:49] [323/326] KSDE
[09:44:50] [324/326] LMCI
[09:44:50] [325/326] NKCP
[09:44:51] [326/326] BGTC
[09:44:53] 🧹 Deduping shows
[09:44:53] ✅ DONE | Shows=52 | Movies=8
[16:59:20] 🚀 SCRIPT STARTED
[16:59:20] [1/326] BSAT
[16:59:20] 🧠 New identity created
[16:59:21] [2/326] RSSM
[16:59:22] [3/326] GCTA
[16:59:23] [4/326] TOPN
[16:59:23] [5/326] MCUS
[16:59:24] [6/326] SHRL
[16:59:24] [7/326] UPTP
[16:59:25] [8/326] TMMP
[16:59:25] [9/326] DNRP
[16:59:26] [10/326] SRLT
[16:59:27] [11/326] RCNS
[16:59:27] [12/326] DCBH
[16:59:28] [13/326] NAGJ
[16:59:29] [14/326] JVRC
[16:59:29] [15/326] KRJG
[16:59:30] [16/326] SRTJ
[16:59:30] [17/326] CMXM
[16:59:31] [18/326] STMI
[16:59:31] [19/326] SLST
[16:59:32] [20/326] DTCN
[16:59:33] [21/326] STYN
[16:59:34] [22/326] SZVR
[16:59:34] [23/326] SRKO
[16:59:35] [24/326] JTGT
[16:59:36] [25/326] SVFD
[16:59:36] [26/326] SISD
[16:59:37] [27/326] ABDD
[16:59:37] [28/326] DRCA
[16:59:38] [29/326] AVCS
[16:59:38] [30/326] MVKH
[16:59:39] [31/326] ACPR
[16:59:40] [32/326] STIP
[16:59:40] [33/326] MTRA
[16:59:41] [34/326] RMKH
[16:59:42] [35/326] NKRL
[16:59:42] [36/326] PCWN
[16:59:43] [37/326] BLMT
[16:59:44] [38/326] GDPG
[16:59:44] [39/326] SRMX
[16:59:45] [40/326] JACP
[16:59:45] [41/326] CPSH
[16:59:46] [42/326] MCCD
[16:59:46] [43/326] ECGH
[16:59:47] [44/326] MKCK
[16:59:47] [45/326] SRMM
[16:59:48] [46/326] SKYR
[16:59:48] [47/326] PCKC
[16:59:49] [48/326] JCMA
[16:59:50] [49/326] BSMP
[16:59:50] [50/326] VSPA
[16:59:51] [51/326] DJYA
[16:59:52] [52/326] DIMP
[16:59:53] [53/326] FXDR
[16:59:53] [54/326] SSRC
[16:59:54] [55/326] STHP
[16:59:54] [56/326] CPPD
[16:59:55] [57/326] FCLK
[16:59:56] [58/326] SCPP
[16:59:56] [59/326] DCMJ
[16:59:57] [60/326] RCCR
[16:59:57] [61/326] INMT
[16:59:58] [62/326] LXTK
[16:59:59] [63/326] SRYK
[16:59:59] [64/326] SGDK
[17:00:00] [65/326] PPKA
[17:00:00] [66/326] SPKA
[17:00:01] [67/326] CGHH
[17:00:02] [68/326] DCJN
[17:00:02] [69/326] SRKV
[17:00:03] [70/326] SAJC
[17:00:03] [71/326] SUSR
[17:00:04] [72/326] STYG
[17:00:04] [73/326] NTKP
[17:00:05] [74/326] AKTG
[17:00:06] [75/326] CGCM
[17:00:06] [76/326] TULC
[17:00:07] [77/326] NYYZ
[17:00:07] [78/326] NYBW
[17:00:08] [79/326] MACB
[17:00:09] [80/326] SLVT
[17:00:09] [81/326] SANA
[17:00:10] [82/326] ACMR
[17:00:11] [83/326] CPKN
[17:00:11] [84/326] DLGK
[17:00:12] [85/326] CWCK
[17:00:12] [86/326] FDDH
[17:00:13] [87/326] MMMD
[17:00:13] [88/326] CMEH
[17:00:14] [89/326] GGGV
[17:00:15] [90/326] SPJL
[17:00:15] [91/326] RCCD
[17:00:16] [92/326] STTZ
[17:00:17] [93/326] BTCF
[17:00:17] [94/326] TSTZ
[17:00:18] [95/326] IPMM
[17:00:19] [96/326] PMPW
[17:00:19] [97/326] PCMZ
[17:00:20] [98/326] ESEM
[17:00:20] [99/326] PIPO
[17:00:21] [100/326] MATK
[17:00:21] [101/326] PGHM
[17:00:22] [102/326] CTSR
[17:00:23] [103/326] CYKR
[17:00:23] [104/326] MSCM
[17:00:24] [105/326] RFNP
[17:00:25] [106/326] PDCP
[17:00:25] [107/326] NPSE
[17:00:26] [108/326] MKML
[17:00:26] [109/326] FTDP
[17:00:27] [110/326] MMXA
[17:00:27] [111/326] CEPO
[17:00:28] [112/326] CMVP
[17:00:29] [113/326] SGTH
[17:00:29] [114/326] SAYN
[17:00:30] [115/326] URVS
[17:00:31] [116/326] VJTN
[17:00:31] [117/326] BBYK
[17:00:32] [118/326] SHBO
[17:00:33] [119/326] VCMR
[17:00:33] [120/326] MACT
[17:00:34] [121/326] JMNP
[17:00:35] [122/326] VICS
[17:00:35] [123/326] VCDA
[17:00:36] [124/326] GCMM
[17:00:37] [125/326] INVS
[17:00:37] [126/326] SCGM
[17:00:38] [127/326] PCDA
[17:00:39] [128/326] KDCT
[17:00:39] [129/326] JACS
[17:00:40] [130/326] GMMC
[17:00:40] [131/326] AICM
[17:00:41] [132/326] TJCM
[17:00:42] [133/326] RMTI
[17:00:42] [134/326] SHAC
[17:00:43] [135/326] APJC
[17:00:44] [136/326] GCTG
[17:00:44] [137/326] SSMC
[17:00:45] [138/326] THRM
[17:00:46] [139/326] RBCT
[17:00:46] [140/326] DIKT
[17:00:47] [141/326] MIDL
[17:00:48] [142/326] VCSN
[17:00:48] [143/326] SKTG
[17:00:49] [144/326] SMWC
[17:00:50] [145/326] MNKH
[17:00:50] [146/326] PIAT
[17:00:51] [147/326] LTTP
[17:00:51] [148/326] PTPU
[17:00:52] [149/326] ACMG
[17:00:52] [150/326] SHMM
[17:00:53] [151/326] MCMN
[17:00:53] [152/326] GLDC
[17:00:54] [153/326] HOUT
[17:00:55] [154/326] SVRP
[17:00:55] [155/326] PVDN
[17:00:56] [156/326] SCPY
[17:00:57] [157/326] DTPY
[17:00:57] [158/326] GKCS
[17:00:58] [159/326] NCAM
[17:00:58] [160/326] BSRM
[17:00:59] [161/326] RCLC
[17:01:00] [162/326] SKKD
[17:01:00] [163/326] ACHU
[17:01:01] [164/326] RSCF
[17:01:02] [165/326] IMSH
[17:01:02] [166/326] MACX
[17:01:03] [167/326] HMMW
[17:01:03] [168/326] JTCP
[17:01:04] [169/326] SREN
[17:01:05] [170/326] PJRR
[17:01:05] [171/326] INAC
[17:01:06] [172/326] BMCA
[17:01:06] [173/326] SHCB
[17:01:07] [174/326] GABA
[17:01:08] [175/326] SBCT
[17:01:09] [176/326] GCMA
[17:01:09] [177/326] MYTK
[17:01:09] [178/326] INZS
[17:01:10] [179/326] RMIK
[17:01:11] [180/326] NYCH
[17:01:11] [181/326] RAVE
[17:01:12] [182/326] PSXM
[17:01:12] [183/326] MCGP
[17:01:13] [184/326] PDDK
[17:01:13] [185/326] SPCK
[17:01:14] [186/326] MCRL
[17:01:15] [187/326] MHKT
[17:01:15] [188/326] ANRR
[17:01:16] [189/326] SAPK
[17:01:16] [190/326] NCUK
[17:01:17] [191/326] JUGA
[17:01:18] [192/326] DBSC
[17:01:18] [193/326] LALK
[17:01:19] [194/326] GUCK
[17:01:19] [195/326] STSG
[17:01:20] [196/326] PPPZ
[17:01:20] [197/326] CNCY
[17:01:21] [198/326] MTAR
[17:01:22] [199/326] VNKD
[17:01:22] [200/326] KMAJ
[17:01:23] [201/326] ACXK
[17:01:24] [202/326] UTKC
[17:01:24] [203/326] PBLK
[17:01:25] [204/326] ACBX
[17:01:26] [205/326] PTGM
[17:01:26] [206/326] BTDA
[17:01:27] [207/326] PJMB
[17:01:27] [208/326] TPDA
[17:01:28] [209/326] AMOE
[17:01:28] [210/326] PRHT
[17:01:29] [211/326] PRTA
[17:01:29] [212/326] STAM
[17:01:30] [213/326] MSAA
[17:01:30] [214/326] SDLU
[17:01:31] [215/326] RCHH
[17:01:31] [216/326] KANT
[17:01:32] [217/326] FCRT
[17:01:33] [218/326] DNKM
[17:01:33] [219/326] RYCP
[17:01:34] [220/326] MYRP
[17:01:34] [221/326] PPAK
[17:01:35] [222/326] NVPK
[17:01:36] [223/326] PRMC
[17:01:36] [224/326] JBCS
[17:01:37] [225/326] GXCK
[17:01:37] [226/326] USKO
[17:01:38] [227/326] GTEM
[17:01:39] [228/326] SMBU
[17:01:39] [229/326] VETC
[17:01:40] [230/326] LCDA
[17:01:40] [231/326] MTVT
[17:01:41] [232/326] PYCP
[17:01:42] [233/326] PNSC
[17:01:42] [234/326] PPCC
[17:01:43] [235/326] TGRT
[17:01:43] [236/326] JYOT
[17:01:44] [237/326] SRCZ
[17:01:44] [238/326] SJTE
[17:01:45] [239/326] DESC
[17:01:46] [240/326] JHVN
[17:01:46] [241/326] IPSG
[17:01:47] [242/326] IPCM
[17:01:47] [243/326] PDRS
[17:01:48] [244/326] ANCV
[17:01:48] [245/326] CMVV
[17:01:49] [246/326] SHYP
[17:01:50] [247/326] DNCS
[17:01:50] [248/326] GAJK
[17:01:51] [249/326] AKTN
[17:01:52] [250/326] KAYA
[17:01:52] [251/326] SBRC
[17:01:53] [252/326] CHTP
[17:01:53] [253/326] SHRT
[17:01:54] [254/326] BCKU
[17:01:54] [255/326] FCPS
[17:01:55] [256/326] ARDD
[17:01:56] [257/326] CPCM
[17:01:56] [258/326] CGSM
[17:01:57] [259/326] PSMP
[17:01:57] [260/326] SDAL
[17:01:58] [261/326] RTNB
[17:01:59] [262/326] LMCR
[17:01:59] [263/326] CIMA
[17:02:00] [264/326] RNAS
[17:02:01] [265/326] LITH
[17:02:01] [266/326] PBOX
[17:02:02] [267/326] FRTS
[17:02:02] [268/326] RKIC
[17:02:03] [269/326] PTAI
[17:02:04] [270/326] GCIC
[17:02:04] [271/326] FNAS
[17:02:05] [272/326] SCAR
[17:02:05] [273/326] MTCA
[17:02:06] [274/326] SCTS
[17:02:07] [275/326] SYCS
[17:02:07] [276/326] RDMS
[17:02:08] [277/326] KAMP
[17:02:08] [278/326] ERSD
[17:02:09] [279/326] MJMJ
[17:02:09] [280/326] SRCJ
[17:02:10] [281/326] SCXE
[17:02:11] [282/326] SVFR
[17:02:11] [283/326] BHCS
[17:02:12] [284/326] IMCC
[17:02:12] [285/326] PCBO
[17:02:13] [286/326] PRVN
[17:02:13] [287/326] AUPM
[17:02:14] [288/326] INBW
[17:02:15] [289/326] SVCW
[17:02:15] [290/326] RKCF
[17:02:16] [291/326] UVBH
[17:02:17] [292/326] DNCY
[17:02:17] [293/326] ABCN
[17:02:18] [294/326] PRUR
[17:02:18] [295/326] PFMR
[17:02:19] [296/326] RKCN
[17:02:19] [297/326] CFEA
[17:02:20] [298/326] SDBG
[17:02:20] [299/326] SNAR
[17:02:21] [300/326] YISI
[17:02:21] [301/326] JCFF
[17:02:22] [302/326] VTRK
[17:02:23] [303/326] PCLZ
[17:02:23] [304/326] DIMY
[17:02:24] [305/326] BBTS
[17:02:24] [306/326] GATH
[17:02:25] [307/326] GTMN
[17:02:26] [308/326] VTMH
[17:02:26] [309/326] CCKP
[17:02:27] [310/326] GPKA
[17:02:27] [311/326] MHCL
[17:02:28] [312/326] ATCL
[17:02:28] [313/326] SBCK
[17:02:29] [314/326] AMMR
[17:02:29] [315/326] MADC
[17:02:30] [316/326] TMMA
[17:02:30] [317/326] CACC
[17:02:31] [318/326] CHAL
[17:02:32] [319/326] DURG
[17:02:32] [320/326] GMKU
[17:02:33] [321/326] GECA
[17:02:34] [322/326] KYRR
[17:02:34] [323/326] KSDE
[17:02:35] [324/326] LMCI
[17:02:35] [325/326] NKCP
[17:02:36] [326/326] BGTC
[17:02:36] 🧹 Deduping shows
[17:02:36] ✅ DONE | Shows=280 | Movies=28
[04:54:17] 🚀 SCRIPT STARTED
[04:54:17] [1/326] BSAT
[04:54:17] 🧠 New identity created
[04:54:17] 🔄 Identity reset
[04:54:17] ❌ BSAT | RuntimeError
[04:54:18] [2/326] RSSM
[04:54:18] 🧠 New identity created
[04:54:18] 🔄 Identity reset
[04:54:18] ❌ RSSM | RuntimeError
[04:54:18] [3/326] GCTA
[04:54:18] 🧠 New identity created
[04:54:18] 🔄 Identity reset
[04:54:18] ❌ GCTA | RuntimeError
[04:54:19] [4/326] TOPN
[04:54:19] 🧠 New identity created
[04:54:19] 🔄 Identity reset
[04:54:19] ❌ TOPN | RuntimeError
[04:54:20] [5/326] MCUS
[04:54:20] 🧠 New identity created
[04:54:20] 🔄 Identity reset
[04:54:20] ❌ MCUS | RuntimeError
[04:54:20] [6/326] SHRL
[04:54:20] 🧠 New identity created
[04:54:20] 🔄 Identity reset
[04:54:20] ❌ SHRL | RuntimeError
[04:54:21] [7/326] UPTP
[04:54:21] 🧠 New identity created
[04:54:21] 🔄 Identity reset
[04:54:21] ❌ UPTP | RuntimeError
[04:54:22] [8/326] TMMP
[04:54:22] 🧠 New identity created
[04:54:22] 🔄 Identity reset
[04:54:22] ❌ TMMP | RuntimeError
[04:54:22] [9/326] DNRP
[04:54:22] 🧠 New identity created
[04:54:22] 🔄 Identity reset
[04:54:22] ❌ DNRP | RuntimeError
[04:54:23] [10/326] SRLT
[04:54:23] 🧠 New identity created
[04:54:23] 🔄 Identity reset
[04:54:23] ❌ SRLT | RuntimeError
[04:54:23] [11/326] RCNS
[04:54:23] 🧠 New identity created
[04:54:24] 🔄 Identity reset
[04:54:24] ❌ RCNS | RuntimeError
[04:54:24] [12/326] DCBH
[04:54:24] 🧠 New identity created
[04:54:24] 🔄 Identity reset
[04:54:24] ❌ DCBH | RuntimeError
[04:54:25] [13/326] NAGJ
[04:54:25] 🧠 New identity created
[04:54:25] 🔄 Identity reset
[04:54:25] ❌ NAGJ | RuntimeError
[04:54:25] [14/326] JVRC
[04:54:26] 🧠 New identity created
[04:54:26] 🔄 Identity reset
[04:54:26] ❌ JVRC | RuntimeError
[04:54:26] [15/326] KRJG
[04:54:26] 🧠 New identity created
[04:54:26] 🔄 Identity reset
[04:54:26] ❌ KRJG | RuntimeError
[04:54:27] [16/326] SRTJ
[04:54:27] 🧠 New identity created
[04:54:27] 🔄 Identity reset
[04:54:27] ❌ SRTJ | RuntimeError
[04:54:27] [17/326] CMXM
[04:54:28] 🧠 New identity created
[04:54:28] 🔄 Identity reset
[04:54:28] ❌ CMXM | RuntimeError
[04:54:28] [18/326] STMI
[04:54:28] 🧠 New identity created
[04:54:29] 🔄 Identity reset
[04:54:29] ❌ STMI | RuntimeError
[04:54:29] [19/326] SLST
[04:54:29] 🧠 New identity created
[04:54:29] 🔄 Identity reset
[04:54:29] ❌ SLST | RuntimeError
[04:54:30] [20/326] DTCN
[04:54:30] 🧠 New identity created
[04:54:30] 🔄 Identity reset
[04:54:30] ❌ DTCN | RuntimeError
[04:54:30] [21/326] STYN
[04:54:30] 🧠 New identity created
[04:54:31] 🔄 Identity reset
[04:54:31] ❌ STYN | RuntimeError
[04:54:31] [22/326] SZVR
[04:54:31] 🧠 New identity created
[04:54:31] 🔄 Identity reset
[04:54:31] ❌ SZVR | RuntimeError
[04:54:32] [23/326] SRKO
[04:54:32] 🧠 New identity created
[04:54:32] 🔄 Identity reset
[04:54:32] ❌ SRKO | RuntimeError
[04:54:32] [24/326] JTGT
[04:54:32] 🧠 New identity created
[04:54:32] 🔄 Identity reset
[04:54:32] ❌ JTGT | RuntimeError
[04:54:33] [25/326] SVFD
[04:54:33] 🧠 New identity created
[04:54:33] 🔄 Identity reset
[04:54:33] ❌ SVFD | RuntimeError
[04:54:34] [26/326] SISD
[04:54:34] 🧠 New identity created
[04:54:34] 🔄 Identity reset
[04:54:34] ❌ SISD | RuntimeError
[04:54:34] [27/326] ABDD
[04:54:34] 🧠 New identity created
[04:54:35] 🔄 Identity reset
[04:54:35] ❌ ABDD | RuntimeError
[04:54:35] [28/326] DRCA
[04:54:35] 🧠 New identity created
[04:54:35] 🔄 Identity reset
[04:54:35] ❌ DRCA | RuntimeError
[04:54:36] [29/326] AVCS
[04:54:36] 🧠 New identity created
[04:54:36] 🔄 Identity reset
[04:54:36] ❌ AVCS | RuntimeError
[04:54:36] [30/326] MVKH
[04:54:36] 🧠 New identity created
[04:54:36] 🔄 Identity reset
[04:54:36] ❌ MVKH | RuntimeError
[04:54:37] [31/326] ACPR
[04:54:37] 🧠 New identity created
[04:54:37] 🔄 Identity reset
[04:54:37] ❌ ACPR | RuntimeError
[04:54:38] [32/326] STIP
[04:54:38] 🧠 New identity created
[04:54:38] 🔄 Identity reset
[04:54:38] ❌ STIP | RuntimeError
[04:54:38] [33/326] MTRA
[04:54:38] 🧠 New identity created
[04:54:38] 🔄 Identity reset
[04:54:38] ❌ MTRA | RuntimeError
[04:54:39] [34/326] RMKH
[04:54:39] 🧠 New identity created
[04:54:39] 🔄 Identity reset
[04:54:39] ❌ RMKH | RuntimeError
[04:54:39] [35/326] NKRL
[04:54:39] 🧠 New identity created
[04:54:40] 🔄 Identity reset
[04:54:40] ❌ NKRL | RuntimeError
[04:54:40] [36/326] PCWN
[04:54:40] 🧠 New identity created
[04:54:40] 🔄 Identity reset
[04:54:40] ❌ PCWN | RuntimeError
[04:54:40] [37/326] BLMT
[04:54:40] 🧠 New identity created
[04:54:41] 🔄 Identity reset
[04:54:41] ❌ BLMT | RuntimeError
[04:54:41] [38/326] GDPG
[04:54:41] 🧠 New identity created
[04:54:41] 🔄 Identity reset
[04:54:41] ❌ GDPG | RuntimeError
[04:54:42] [39/326] SRMX
[04:54:42] 🧠 New identity created
[04:54:42] 🔄 Identity reset
[04:54:42] ❌ SRMX | RuntimeError
[04:54:43] [40/326] JACP
[04:54:43] 🧠 New identity created
[04:54:43] 🔄 Identity reset
[04:54:43] ❌ JACP | RuntimeError
[04:54:43] [41/326] CPSH
[04:54:43] 🧠 New identity created
[04:54:43] 🔄 Identity reset
[04:54:43] ❌ CPSH | RuntimeError
[04:54:44] [42/326] MCCD
[04:54:44] 🧠 New identity created
[04:54:44] 🔄 Identity reset
[04:54:44] ❌ MCCD | RuntimeError
[04:54:45] [43/326] ECGH
[04:54:45] 🧠 New identity created
[04:54:45] 🔄 Identity reset
[04:54:45] ❌ ECGH | RuntimeError
[04:54:45] [44/326] MKCK
[04:54:45] 🧠 New identity created
[04:54:45] 🔄 Identity reset
[04:54:45] ❌ MKCK | RuntimeError
[04:54:46] [45/326] SRMM
[04:54:46] 🧠 New identity created
[04:54:46] 🔄 Identity reset
[04:54:46] ❌ SRMM | RuntimeError
[04:54:47] [46/326] SKYR
[04:54:47] 🧠 New identity created
[04:54:47] 🔄 Identity reset
[04:54:47] ❌ SKYR | RuntimeError
[04:54:47] [47/326] PCKC
[04:54:48] 🧠 New identity created
[04:54:48] 🔄 Identity reset
[04:54:48] ❌ PCKC | RuntimeError
[04:54:48] [48/326] JCMA
[04:54:48] 🧠 New identity created
[04:54:48] 🔄 Identity reset
[04:54:48] ❌ JCMA | RuntimeError
[04:54:49] [49/326] BSMP
[04:54:49] 🧠 New identity created
[04:54:49] 🔄 Identity reset
[04:54:49] ❌ BSMP | RuntimeError
[04:54:49] [50/326] VSPA
[04:54:49] 🧠 New identity created
[04:54:50] 🔄 Identity reset
[04:54:50] ❌ VSPA | RuntimeError
[04:54:50] [51/326] DJYA
[04:54:50] 🧠 New identity created
[04:54:50] 🔄 Identity reset
[04:54:50] ❌ DJYA | RuntimeError
[04:54:51] [52/326] DIMP
[04:54:51] 🧠 New identity created
[04:54:51] 🔄 Identity reset
[04:54:51] ❌ DIMP | RuntimeError
[04:54:51] [53/326] FXDR
[04:54:51] 🧠 New identity created
[04:54:51] 🔄 Identity reset
[04:54:51] ❌ FXDR | RuntimeError
[04:54:52] [54/326] SSRC
[04:54:52] 🧠 New identity created
[04:54:52] 🔄 Identity reset
[04:54:52] ❌ SSRC | RuntimeError
[04:54:52] [55/326] STHP
[04:54:53] 🧠 New identity created
[04:54:53] 🔄 Identity reset
[04:54:53] ❌ STHP | RuntimeError
[04:54:53] [56/326] CPPD
[04:54:53] 🧠 New identity created
[04:54:53] 🔄 Identity reset
[04:54:53] ❌ CPPD | RuntimeError
[04:54:54] [57/326] FCLK
[04:54:54] 🧠 New identity created
[04:54:54] 🔄 Identity reset
[04:54:54] ❌ FCLK | RuntimeError
[04:54:54] [58/326] SCPP
[04:54:54] 🧠 New identity created
[04:54:55] 🔄 Identity reset
[04:54:55] ❌ SCPP | RuntimeError
[04:54:55] [59/326] DCMJ
[04:54:55] 🧠 New identity created
[04:54:55] 🔄 Identity reset
[04:54:55] ❌ DCMJ | RuntimeError
[04:54:56] [60/326] RCCR
[04:54:56] 🧠 New identity created
[04:54:56] 🔄 Identity reset
[04:54:56] ❌ RCCR | RuntimeError
[04:54:57] [61/326] INMT
[04:54:57] 🧠 New identity created
[04:54:57] 🔄 Identity reset
[04:54:57] ❌ INMT | RuntimeError
[04:54:58] [62/326] LXTK
[04:54:58] 🧠 New identity created
[04:54:58] 🔄 Identity reset
[04:54:58] ❌ LXTK | RuntimeError
[04:54:58] [63/326] SRYK
[04:54:58] 🧠 New identity created
[04:54:58] 🔄 Identity reset
[04:54:58] ❌ SRYK | RuntimeError
[04:54:59] [64/326] SGDK
[04:54:59] 🧠 New identity created
[04:54:59] 🔄 Identity reset
[04:54:59] ❌ SGDK | RuntimeError
[04:55:00] [65/326] PPKA
[04:55:00] 🧠 New identity created
[04:55:00] 🔄 Identity reset
[04:55:00] ❌ PPKA | RuntimeError
[04:55:00] [66/326] SPKA
[04:55:00] 🧠 New identity created
[04:55:00] 🔄 Identity reset
[04:55:00] ❌ SPKA | RuntimeError
[04:55:01] [67/326] CGHH
[04:55:01] 🧠 New identity created
[04:55:01] 🔄 Identity reset
[04:55:01] ❌ CGHH | RuntimeError
[04:55:02] [68/326] DCJN
[04:55:02] 🧠 New identity created
[04:55:02] 🔄 Identity reset
[04:55:02] ❌ DCJN | RuntimeError
[04:55:02] [69/326] SRKV
[04:55:02] 🧠 New identity created
[04:55:02] 🔄 Identity reset
[04:55:02] ❌ SRKV | RuntimeError
[04:55:03] [70/326] SAJC
[04:55:03] 🧠 New identity created
[04:55:03] 🔄 Identity reset
[04:55:03] ❌ SAJC | RuntimeError
[04:55:03] [71/326] SUSR
[04:55:03] 🧠 New identity created
[04:55:03] 🔄 Identity reset
[04:55:03] ❌ SUSR | RuntimeError
[04:55:04] [72/326] STYG
[04:55:04] 🧠 New identity created
[04:55:04] 🔄 Identity reset
[04:55:04] ❌ STYG | RuntimeError
[04:55:05] [73/326] NTKP
[04:55:05] 🧠 New identity created
[04:55:06] [74/326] AKTG
[04:55:07] [75/326] CGCM
[04:55:08] [76/326] TULC
[04:55:09] [77/326] NYYZ
[04:55:09] [78/326] NYBW
[04:55:10] [79/326] MACB
[04:55:12] [80/326] SLVT
[04:55:13] [81/326] SANA
[04:55:14] [82/326] ACMR
[04:55:14] [83/326] CPKN
[04:55:15] [84/326] DLGK
[04:55:16] [85/326] CWCK
[04:55:17] [86/326] FDDH
[04:55:18] [87/326] MMMD
[04:55:20] [88/326] CMEH
[04:55:21] [89/326] GGGV
[04:55:22] [90/326] SPJL
[04:55:22] [91/326] RCCD
[04:55:23] [92/326] STTZ
[04:55:24] [93/326] BTCF
[04:55:25] [94/326] TSTZ
[04:55:26] [95/326] IPMM
[04:55:26] [96/326] PMPW
[04:55:28] [97/326] PCMZ
[04:55:29] [98/326] ESEM
[04:55:30] [99/326] PIPO
[04:55:30] [100/326] MATK
[04:55:31] [101/326] PGHM
[04:55:33] [102/326] CTSR
[04:55:33] [103/326] CYKR
[04:55:35] [104/326] MSCM
[04:55:36] [105/326] RFNP
[04:55:36] [106/326] PDCP
[04:55:38] [107/326] NPSE
[04:55:38] [108/326] MKML
[04:55:39] [109/326] FTDP
[04:55:40] [110/326] MMXA
[04:55:41] [111/326] CEPO
[04:55:42] [112/326] CMVP
[04:55:43] [113/326] SGTH
[04:55:43] [114/326] SAYN
[04:55:44] [115/326] URVS
[04:55:45] [116/326] VJTN
[04:55:46] [117/326] BBYK
[04:55:47] [118/326] SHBO
[04:55:48] [119/326] VCMR
[04:55:49] [120/326] MACT
[04:55:50] [121/326] JMNP
[04:55:51] [122/326] VICS
[04:55:52] [123/326] VCDA
[04:55:53] [124/326] GCMM
[04:55:54] [125/326] INVS
[04:55:54] [126/326] SCGM
[04:55:55] [127/326] PCDA
[04:55:56] [128/326] KDCT
[04:55:57] [129/326] JACS
[04:55:58] [130/326] GMMC
[04:55:59] [131/326] AICM
[04:56:00] [132/326] TJCM
[04:56:01] [133/326] RMTI
[04:56:01] [134/326] SHAC
[04:56:03] [135/326] APJC
[04:56:03] [136/326] GCTG
[04:56:04] [137/326] SSMC
[04:56:05] [138/326] THRM
[04:56:06] [139/326] RBCT
[04:56:07] [140/326] DIKT
[04:56:08] [141/326] MIDL
[04:56:09] [142/326] VCSN
[04:56:10] [143/326] SKTG
[04:56:11] [144/326] SMWC
[04:56:11] [145/326] MNKH
[04:56:12] [146/326] PIAT
[04:56:13] [147/326] LTTP
[04:56:15] [148/326] PTPU
[04:56:16] [149/326] ACMG
[04:56:17] [150/326] SHMM
[04:56:17] [151/326] MCMN
[04:56:18] [152/326] GLDC
[04:56:19] [153/326] HOUT
[04:56:20] [154/326] SVRP
[04:56:21] [155/326] PVDN
[04:56:22] [156/326] SCPY
[04:56:23] [157/326] DTPY
[04:56:23] [158/326] GKCS
[04:56:24] [159/326] NCAM
[04:56:25] [160/326] BSRM
[04:56:26] [161/326] RCLC
[04:56:27] [162/326] SKKD
[04:56:28] [163/326] ACHU
[04:56:29] [164/326] RSCF
[04:56:30] [165/326] IMSH
[04:56:31] [166/326] MACX
[04:56:31] [167/326] HMMW
[04:56:32] [168/326] JTCP
[04:56:33] [169/326] SREN
[04:56:34] [170/326] PJRR
[04:56:35] [171/326] INAC
[04:56:36] [172/326] BMCA
[04:56:37] [173/326] SHCB
[04:56:38] [174/326] GABA
[04:56:39] [175/326] SBCT
[04:56:39] [176/326] GCMA
[04:56:41] [177/326] MYTK
[04:56:41] [178/326] INZS
[04:56:42] [179/326] RMIK
[04:56:43] [180/326] NYCH
[04:56:44] [181/326] RAVE
[04:56:45] [182/326] PSXM
[04:56:46] [183/326] MCGP
[04:56:46] [184/326] PDDK
[04:56:47] [185/326] SPCK
[04:56:48] [186/326] MCRL
[04:56:48] [187/326] MHKT
[04:56:49] [188/326] ANRR
[04:56:50] [189/326] SAPK
[04:56:51] [190/326] NCUK
[04:56:52] [191/326] JUGA
[04:56:53] [192/326] DBSC
[04:56:53] [193/326] LALK
[04:56:54] [194/326] GUCK
[04:56:55] [195/326] STSG
[04:56:56] [196/326] PPPZ
[04:56:57] [197/326] CNCY
[04:56:59] [198/326] MTAR
[04:57:00] [199/326] VNKD
[04:57:01] [200/326] KMAJ
[04:57:02] [201/326] ACXK
[04:57:03] [202/326] UTKC
[04:57:04] [203/326] PBLK
[04:57:06] [204/326] ACBX
[04:57:06] [205/326] PTGM
[04:57:07] [206/326] BTDA
[04:57:08] [207/326] PJMB
[04:57:09] [208/326] TPDA
[04:57:10] [209/326] AMOE
[04:57:11] [210/326] PRHT
[04:57:12] [211/326] PRTA
[04:57:13] [212/326] STAM
[04:57:13] [213/326] MSAA
[04:57:14] [214/326] SDLU
[04:57:15] [215/326] RCHH
[04:57:15] [216/326] KANT
[04:57:16] [217/326] FCRT
[04:57:17] [218/326] DNKM
[04:57:18] [219/326] RYCP
[04:57:19] [220/326] MYRP
[04:57:20] [221/326] PPAK
[04:57:21] [222/326] NVPK
[04:57:21] [223/326] PRMC
[04:57:22] [224/326] JBCS
[04:57:24] [225/326] GXCK
[04:57:24] [226/326] USKO
[04:57:25] [227/326] GTEM
[04:57:26] [228/326] SMBU
[04:57:27] [229/326] VETC
[04:57:28] [230/326] LCDA
[04:57:29] [231/326] MTVT
[04:57:29] [232/326] PYCP
[04:57:31] [233/326] PNSC
[04:57:32] [234/326] PPCC
[04:57:32] [235/326] TGRT
[04:57:33] [236/326] JYOT
[04:57:34] [237/326] SRCZ
[04:57:35] [238/326] SJTE
[04:57:36] [239/326] DESC
[04:57:38] [240/326] JHVN
[04:57:38] [241/326] IPSG
[04:57:39] [242/326] IPCM
[04:57:40] [243/326] PDRS
[04:57:41] [244/326] ANCV
[04:57:42] [245/326] CMVV
[04:57:42] [246/326] SHYP
[04:57:44] [247/326] DNCS
[04:57:45] [248/326] GAJK
[04:57:46] [249/326] AKTN
[04:57:46] [250/326] KAYA
[04:57:47] [251/326] SBRC
[04:57:48] [252/326] CHTP
[04:57:49] [253/326] SHRT
[04:57:50] [254/326] BCKU
[04:57:51] [255/326] FCPS
[04:57:52] [256/326] ARDD
[04:57:53] [257/326] CPCM
[04:57:53] [258/326] CGSM
[04:57:54] [259/326] PSMP
[04:57:55] [260/326] SDAL
[04:57:55] [261/326] RTNB
[04:57:56] [262/326] LMCR
[04:57:57] [263/326] CIMA
[04:57:58] [264/326] RNAS
[04:57:59] [265/326] LITH
[04:58:00] [266/326] PBOX
[04:58:00] [267/326] FRTS
[04:58:01] [268/326] RKIC
[04:58:02] [269/326] PTAI
[04:58:03] [270/326] GCIC
[04:58:04] [271/326] FNAS
[04:58:05] [272/326] SCAR
[04:58:06] [273/326] MTCA
[04:58:07] [274/326] SCTS
[04:58:07] [275/326] SYCS
[04:58:08] [276/326] RDMS
[04:58:09] [277/326] KAMP
[04:58:10] [278/326] ERSD
[04:58:11] [279/326] MJMJ
[04:58:12] [280/326] SRCJ
[04:58:13] [281/326] SCXE
[04:58:14] [282/326] SVFR
[04:58:15] [283/326] BHCS
[04:58:15] [284/326] IMCC
[04:58:16] [285/326] PCBO
[04:58:17] [286/326] PRVN
[04:58:18] [287/326] AUPM
[04:58:18] [288/326] INBW
[04:58:19] [289/326] SVCW
[04:58:21] [290/326] RKCF
[04:58:21] [291/326] UVBH
[04:58:22] [292/326] DNCY
[04:58:23] [293/326] ABCN
[04:58:24] [294/326] PRUR
[04:58:24] [295/326] PFMR
[04:58:25] [296/326] RKCN
[04:58:26] [297/326] CFEA
[04:58:27] [298/326] SDBG
[04:58:28] [299/326] SNAR
[04:58:29] [300/326] YISI
[04:58:30] [301/326] JCFF
[04:58:31] [302/326] VTRK
[04:58:32] [303/326] PCLZ
[04:58:32] [304/326] DIMY
[04:58:33] [305/326] BBTS
[04:58:34] [306/326] GATH
[04:58:35] [307/326] GTMN
[04:58:36] [308/326] VTMH
[04:58:37] [309/326] CCKP
[04:58:38] [310/326] GPKA
[04:58:39] [311/326] MHCL
[04:58:40] [312/326] ATCL
[04:58:41] [313/326] SBCK
[04:58:41] [314/326] AMMR
[04:58:42] [315/326] MADC
[04:58:42] [316/326] TMMA
[04:58:43] [317/326] CACC
[04:58:44] [318/326] CHAL
[04:58:44] [319/326] DURG
[04:58:45] [320/326] GMKU
[04:58:45] [321/326] GECA
[04:58:46] [322/326] KYRR
[04:58:46] [323/326] KSDE
[04:58:47] [324/326] LMCI
[04:58:48] [325/326] NKCP
[04:58:48] [326/326] BGTC
[04:58:49] 🧹 Deduping shows
[04:58:49] ✅ DONE | Shows=366 | Movies=33
