[00:40:50] 🚀 BMS DAILY TRACKER STARTED
[00:40:50] [1/459] NECA
[00:40:50] 🧠 New identity
[00:40:50] 🔄 Identity reset
[00:40:50] ❌ NECA | RuntimeError
[00:40:51] [2/459] BJLC
[00:40:51] 🧠 New identity
[00:40:51] 🔄 Identity reset
[00:40:51] ❌ BJLC | RuntimeError
[00:40:52] [3/459] BASU
[00:40:52] 🧠 New identity
[00:40:52] 🔄 Identity reset
[00:40:52] ❌ BASU | RuntimeError
[00:40:52] [4/459] RUPI
[00:40:52] 🧠 New identity
[00:40:52] 🔄 Identity reset
[00:40:52] ❌ RUPI | RuntimeError
[00:40:53] [5/459] LCBK
[00:40:53] 🧠 New identity
[00:40:53] 🔄 Identity reset
[00:40:53] ❌ LCBK | RuntimeError
[00:40:54] [6/459] PMAC
[00:40:54] 🧠 New identity
[00:40:54] 🔄 Identity reset
[00:40:54] ❌ PMAC | RuntimeError
[00:40:54] [7/459] AMLC
[00:40:54] 🧠 New identity
[00:40:54] 🔄 Identity reset
[00:40:54] ❌ AMLC | RuntimeError
[00:40:55] [8/459] LICL
[00:40:55] 🧠 New identity
[00:40:55] 🔄 Identity reset
[00:40:55] ❌ LICL | RuntimeError
[00:40:56] [9/459] UDMM
[00:40:56] 🧠 New identity
[00:40:56] 🔄 Identity reset
[00:40:56] ❌ UDMM | RuntimeError
[00:40:56] [10/459] STBZ
[00:40:56] 🧠 New identity
[00:40:57] 🔄 Identity reset
[00:40:57] ❌ STBZ | RuntimeError
[00:40:57] [11/459] UUBT
[00:40:57] 🧠 New identity
[00:40:57] 🔄 Identity reset
[00:40:57] ❌ UUBT | RuntimeError
[00:40:57] [12/459] SJKC
[00:40:58] 🧠 New identity
[00:40:58] 🔄 Identity reset
[00:40:58] ❌ SJKC | RuntimeError
[00:40:58] [13/459] TUAL
[00:40:58] 🧠 New identity
[00:40:58] 🔄 Identity reset
[00:40:58] ❌ TUAL | RuntimeError
[00:40:59] [14/459] MRSE
[00:40:59] 🧠 New identity
[00:40:59] 🔄 Identity reset
[00:40:59] ❌ MRSE | RuntimeError
[00:41:00] [15/459] RMRK
[00:41:00] 🧠 New identity
[00:41:00] 🔄 Identity reset
[00:41:00] ❌ RMRK | RuntimeError
[00:41:00] [16/459] TTKP
[00:41:00] 🧠 New identity
[00:41:00] 🔄 Identity reset
[00:41:00] ❌ TTKP | RuntimeError
[00:41:01] [17/459] KTKO
[00:41:01] 🧠 New identity
[00:41:01] 🔄 Identity reset
[00:41:01] ❌ KTKO | RuntimeError
[00:41:02] [18/459] SDBK
[00:41:02] 🧠 New identity
[00:41:02] 🔄 Identity reset
[00:41:02] ❌ SDBK | RuntimeError
[00:41:02] [19/459] MCPR
[00:41:02] 🧠 New identity
[00:41:02] 🔄 Identity reset
[00:41:02] ❌ MCPR | RuntimeError
[00:41:03] [20/459] CHTI
[00:41:03] 🧠 New identity
[00:41:05] [21/459] GCCP
[00:41:05] [22/459] SRMY
[00:41:06] [23/459] NYST
[00:41:07] [24/459] NYAG
[00:41:08] [25/459] SBMT
[00:41:09] [26/459] INGA
[00:41:10] [27/459] WSIC
[00:41:11] [28/459] SCSS
[00:41:12] [29/459] COPG
[00:41:16] [30/459] RCGR
[00:41:17] [31/459] TCZA
[00:41:18] [32/459] CNLP
[00:41:19] [33/459] CLKN
[00:41:20] [34/459] LHDF
[00:41:21] [35/459] ELKC
[00:41:21] [36/459] VCEM
[00:41:22] [37/459] SSZA
[00:41:23] [38/459] KRMT
[00:41:24] [39/459] LCMV
[00:41:25] [40/459] AYCZ
[00:41:26] [41/459] CUMS
[00:41:27] [42/459] BOCK
[00:41:28] [43/459] PNMR
[00:41:29] [44/459] PJCP
[00:41:30] [45/459] JDDD
[00:41:31] [46/459] STMS
[00:41:32] [47/459] FLMB
[00:41:33] [48/459] PKCM
[00:41:33] [49/459] SPPR
[00:41:34] [50/459] EYLH
[00:41:35] [51/459] RJCC
[00:41:36] [52/459] MMPS
[00:41:37] [53/459] SHMX
[00:41:38] [54/459] CCNL
[00:41:40] [55/459] RCNV
[00:41:41] [56/459] MAAG
[00:41:42] [57/459] LXCM
[00:41:42] [58/459] RCNI
[00:41:43] [59/459] SNNI
[00:41:44] [60/459] LALC
[00:41:45] [61/459] SOCN
[00:41:46] [62/459] JHTP
[00:41:47] [63/459] PITP
[00:41:48] [64/459] CCKW
[00:41:49] [65/459] MCMC
[00:41:50] [66/459] DEES
[00:41:51] [67/459] SABT
[00:41:51] [68/459] VSPP
[00:41:53] [69/459] ABCT
[00:41:54] [70/459] JVTB
[00:41:54] [71/459] VCBD
[00:41:55] [72/459] RMGG
[00:41:56] [73/459] RNMH
[00:41:57] [74/459] SPGL
[00:41:58] [75/459] JTTR
[00:41:59] [76/459] SICS
[00:41:59] [77/459] SRMI
[00:42:00] [78/459] SSIJ
[00:42:01] [79/459] KFMT
[00:42:02] [80/459] VBIT
[00:42:03] [81/459] JKCT
[00:42:04] [82/459] GCGP
[00:42:05] [83/459] GDCS
[00:42:06] [84/459] TRBA
[00:42:07] [85/459] QUST
[00:42:08] [86/459] VSHM
[00:42:09] [87/459] SDCP
[00:42:09] [88/459] SNVS
[00:42:10] [89/459] NYTO
[00:42:11] [90/459] URWC
[00:42:12] [91/459] GTWH
[00:42:13] [92/459] PFCM
[00:42:14] [93/459] KRTA
[00:42:14] [94/459] AXMC
[00:42:15] [95/459] EVMC
[00:42:16] [96/459] HGSM
[00:42:17] [97/459] ACVM
[00:42:18] [98/459] PSKL
[00:42:19] [99/459] RDMP
[00:42:20] [100/459] RHGH
[00:42:22] [101/459] OMCM
[00:42:22] [102/459] DCCP
[00:42:23] [103/459] MCPB
[00:42:24] [104/459] ALCI
[00:42:25] [105/459] BLMX
[00:42:26] [106/459] BTMV
[00:42:27] [107/459] FVPN
[00:42:29] [108/459] CMAR
[00:42:30] [109/459] CEIM
[00:42:30] [110/459] CMVA
[00:42:31] [111/459] CPIV
[00:42:32] [112/459] CNPE
[00:42:33] [113/459] COLV
[00:42:34] [114/459] DNNV
[00:42:35] [115/459] HCAD
[00:42:35] [116/459] TAKA
[00:42:37] [117/459] INVD
[00:42:38] [118/459] IRMM
[00:42:39] [119/459] INSE
[00:42:39] [120/459] MRSW
[00:42:40] [121/459] MCVD
[00:42:41] [122/459] MCSO
[00:42:42] [123/459] PEVM
[00:42:43] [124/459] PVNL
[00:42:44] [125/459] PTCV
[00:42:45] [126/459] PRTC
[00:42:46] [127/459] RCVA
[00:42:47] [128/459] MTBN
[00:42:47] [129/459] LUCP
[00:42:48] [130/459] FMPT
[00:42:49] [131/459] JLSL
[00:42:50] [132/459] SBHA
[00:42:51] [133/459] SHRC
[00:42:52] [134/459] AVPS
[00:42:54] [135/459] STPM
[00:42:54] [136/459] ATRD
[00:42:55] [137/459] VTED
[00:42:56] [138/459] ACAI
[00:42:58] [139/459] SMAE
[00:42:58] [140/459] VMAT
[00:42:59] [141/459] LKCT
[00:43:00] [142/459] JTVK
[00:43:01] [143/459] PRTY
[00:43:02] [144/459] GETT
[00:43:03] [145/459] ESAP
[00:43:03] [146/459] NCPM
[00:43:04] [147/459] PCPA
[00:43:06] [148/459] MMOM
[00:43:07] [149/459] PHUP
[00:43:08] [150/459] CCPI
[00:43:09] [151/459] CNTD
[00:43:09] [152/459] NLJR
[00:43:10] [153/459] SRNG
[00:43:11] [154/459] MHAL
[00:43:12] [155/459] PNSM
[00:43:13] [156/459] DRMY
[00:43:14] [157/459] CCMU
[00:43:15] [158/459] SCMY
[00:43:16] [159/459] PVSY
[00:43:16] [160/459] SDLM
[00:43:17] [161/459] ICCM
[00:43:18] [162/459] PYSU
[00:43:19] [163/459] GATM
[00:43:20] [164/459] WOTM
[00:43:21] [165/459] RKTS
[00:43:22] [166/459] PMTY
[00:43:23] [167/459] LYMS
[00:43:24] [168/459] TGCA
[00:43:26] [169/459] DSTA
[00:43:27] [170/459] CNGE
[00:43:28] [171/459] VSTG
[00:43:29] [172/459] GTCK
[00:43:30] [173/459] TGNT
[00:43:31] [174/459] ASLC
[00:43:31] [175/459] SSST
[00:43:33] [176/459] KBTT
[00:43:34] [177/459] HKCP
[00:43:35] [178/459] SWLC
[00:43:35] [179/459] RTND
[00:43:36] [180/459] PKKT
[00:43:37] [181/459] HSTK
[00:43:39] [182/459] SPTT
[00:43:39] [183/459] IMPM
[00:43:40] [184/459] SCMV
[00:43:41] [185/459] SPCT
[00:43:42] [186/459] JBCA
[00:43:43] [187/459] ATTR
[00:43:44] [188/459] SPMT
[00:43:44] [189/459] LCTM
[00:43:45] [190/459] SCVL
[00:43:46] [191/459] SCVT
[00:43:47] [192/459] KRIC
[00:43:48] [193/459] CTMG
[00:43:49] [194/459] ACNC
[00:43:50] [195/459] DMCK
[00:43:50] [196/459] KMTV
[00:43:51] [197/459] PFCJ
[00:43:53] [198/459] VNMD
[00:43:54] [199/459] VPCZ
[00:43:55] [200/459] SRYR
[00:43:56] [201/459] SYTR
[00:43:58] [202/459] GATR
[00:43:59] [203/459] URTR
[00:44:00] [204/459] MKSM
[00:44:01] [205/459] VSMH
[00:44:02] [206/459] SKRJ
[00:44:03] [207/459] SSJR
[00:44:04] [208/459] SVSM
[00:44:05] [209/459] RUCM
[00:44:05] [210/459] PRKN
[00:44:06] [211/459] RROH
[00:44:07] [212/459] SCTN
[00:44:08] [213/459] RTDM
[00:44:09] [214/459] ASRM
[00:44:10] [215/459] SKMD
[00:44:11] [216/459] SUTD
[00:44:11] [217/459] SADM
[00:44:12] [218/459] WCNR
[00:44:13] [219/459] CNED
[00:44:14] [220/459] MPDB
[00:44:16] [221/459] KTBH
[00:44:16] [222/459] IDRM
[00:44:18] [223/459] PJJT
[00:44:19] [224/459] PFCV
[00:44:20] [225/459] AACT
[00:44:20] [226/459] AAAD
[00:44:21] [227/459] ANES
[00:44:22] [228/459] MNCA
[00:44:23] [229/459] RMGU
[00:44:24] [230/459] DLCN
[00:44:26] [231/459] LJWT
[00:44:26] [232/459] MCBG
[00:44:27] [233/459] MYBG
[00:44:28] [234/459] GCCA
[00:44:29] [235/459] GCGA
[00:44:30] [236/459] ECGN
[00:44:31] [237/459] PRAB
[00:44:32] [238/459] PNMP
[00:44:32] [239/459] GCPT
[00:44:33] [240/459] ROYN
[00:44:34] [241/459] VATM
[00:44:35] [242/459] KSNT
[00:44:36] [243/459] ACTC
[00:44:37] [244/459] PLTD
[00:44:37] [245/459] SKMK
[00:44:38] [246/459] CMTT
[00:44:39] [247/459] SMXP
[00:44:40] [248/459] SCMX
[00:44:41] [249/459] ACXN
[00:44:41] [250/459] ASWT
[00:44:42] [251/459] VVVL
[00:44:43] [252/459] NAGO
[00:44:44] [253/459] SNCN
[00:44:44] [254/459] MCKP
[00:44:45] [255/459] SAMO
[00:44:46] [256/459] JBTV
[00:44:47] [257/459] DCVV
[00:44:48] [258/459] KMSV
[00:44:49] [259/459] KDCN
[00:44:50] [260/459] CNCP
[00:44:51] [261/459] HAMC
[00:44:52] [262/459] CCVZ
[00:44:53] [263/459] NCCK
[00:44:54] [264/459] MCHR
[00:44:55] [265/459] SCHT
[00:44:56] [266/459] ESSH
[00:44:57] [267/459] CUJC
[00:44:59] [268/459] PECP
[00:45:00] [269/459] PMMI
[00:45:01] [270/459] PCCH
[00:45:02] [271/459] PRPM
[00:45:03] [272/459] PVKL
[00:45:04] [273/459] CBSM
[00:45:05] [274/459] PVCZ
[00:45:07] [275/459] PCVV
[00:45:08] [276/459] CTMJ
[00:45:09] [277/459] RCPS
[00:45:09] [278/459] PCIT
[00:45:10] [279/459] FNCH
[00:45:11] [280/459] INZD
[00:45:12] [281/459] INPC
[00:45:13] [282/459] LCZP
[00:45:14] [283/459] SMCB
[00:45:15] [284/459] PTSB
[00:45:16] [285/459] TPSI
[00:45:16] [286/459] KHMJ
[00:45:17] [287/459] RCCJ
[00:45:18] [288/459] NCJA
[00:45:19] [289/459] NCJN
[00:45:19] [290/459] BTDP
[00:45:20] [291/459] PADY
[00:45:21] [292/459] NYBH
[00:45:22] [293/459] MTBR
[00:45:23] [294/459] KRBC
[00:45:24] [295/459] DKTI
[00:45:25] [296/459] ANAN
[00:45:26] [297/459] INBP
[00:45:27] [298/459] PATB
[00:45:29] [299/459] RGNT
[00:45:29] [300/459] CGPM
[00:45:30] [301/459] INTN
[00:45:31] [302/459] MCMP
[00:45:32] [303/459] ASRG
[00:45:33] [304/459] CXJD
[00:45:34] [305/459] SPCP
[00:45:35] [306/459] CSTP
[00:45:36] [307/459] PKVC
[00:45:36] [308/459] ESCP
[00:45:37] [309/459] CAEP
[00:45:38] [310/459] CCSP
[00:45:39] [311/459] KTPC
[00:45:41] [312/459] DACA
[00:45:41] [313/459] NVKY
[00:45:42] [314/459] PTIN
[00:45:43] [315/459] SCIN
[00:45:45] [316/459] MCTY
[00:45:46] [317/459] PCMX
[00:45:47] [318/459] INIC
[00:45:48] [319/459] MMZM
[00:45:48] [320/459] SSLP
[00:45:49] [321/459] DTDT
[00:45:50] [322/459] FFCX
[00:45:51] [323/459] RCMM
[00:45:52] [324/459] KYID
[00:45:53] [325/459] CSCI
[00:45:53] [326/459] FCMC
[00:45:54] [327/459] MMXI
[00:45:55] [328/459] ASTC
[00:45:56] [329/459] CMRA
[00:45:57] [330/459] DICI
[00:45:58] [331/459] KDIN
[00:45:58] [332/459] PRFI
[00:45:59] [333/459] SVFC
[00:46:00] [334/459] UCPL
[00:46:01] [335/459] COOC
[00:46:02] [336/459] SCAL
[00:46:03] [337/459] SVFF
[00:46:03] [338/459] VCMG
[00:46:05] [339/459] UUCT
[00:46:05] [340/459] GCSE
[00:46:06] [341/459] SUSC
[00:46:07] [342/459] MISC
[00:46:08] [343/459] RMBL
[00:46:08] [344/459] CMXN
[00:46:09] [345/459] PVBK
[00:46:10] [346/459] HHCG
[00:46:11] [347/459] SCAG
[00:46:12] [348/459] CNPR
[00:46:13] [349/459] CSER
[00:46:14] [350/459] HLWD
[00:46:14] [351/459] BOLY
[00:46:15] [352/459] SSPG
[00:46:16] [353/459] MUPX
[00:46:17] [354/459] HAMR
[00:46:18] [355/459] SDNC
[00:46:18] [356/459] RTEN
[00:46:19] [357/459] SDTD
[00:46:20] [358/459] KAWS
[00:46:21] [359/459] CMZX
[00:46:22] [360/459] DCDD
[00:46:24] [361/459] ALSN
[00:46:24] [362/459] IMXS
[00:46:25] [363/459] PVFF
[00:46:26] [364/459] PVOO
[00:46:27] [365/459] CFBS
[00:46:28] [366/459] PVER
[00:46:29] [367/459] PPNX
[00:46:30] [368/459] CNRM
[00:46:31] [369/459] PVWW
[00:46:32] [370/459] INMB
[00:46:33] [371/459] CPJR
[00:46:35] [372/459] INRZ
[00:46:36] [373/459] PMSR
[00:46:38] [374/459] GPGM
[00:46:39] [375/459] PGWB
[00:46:40] [376/459] PMBR
[00:46:41] [377/459] GPAM
[00:46:41] [378/459] INBC
[00:46:42] [379/459] PZVK
[00:46:43] [380/459] CPEB
[00:46:44] [381/459] FMLB
[00:46:45] [382/459] INBG
[00:46:46] [383/459] GPBR
[00:46:47] [384/459] PAAS
[00:46:48] [385/459] VTBR
[00:46:48] [386/459] GPMY
[00:46:49] [387/459] GYBU
[00:46:50] [388/459] INBJ
[00:46:51] [389/459] LKTH
[00:46:52] [390/459] NSBR
[00:46:53] [391/459] PDRD
[00:46:54] [392/459] VRBL
[00:46:55] [393/459] VTGB
[00:46:56] [394/459] VTSK
[00:46:57] [395/459] BKDV
[00:46:58] [396/459] SVTB
[00:46:59] [397/459] MLDT
[00:47:00] [398/459] NRBL
[00:47:01] [399/459] SLTR
[00:47:03] [400/459] VNKA
[00:47:04] [401/459] TDCA
[00:47:04] [402/459] INBM
[00:47:05] [403/459] SSNR
[00:47:06] [404/459] BHAC
[00:47:07] [405/459] SDSD
[00:47:08] [406/459] SAMP
[00:47:09] [407/459] RATK
[00:47:10] [408/459] KCBI
[00:47:11] [409/459] URBL
[00:47:12] [410/459] MKBG
[00:47:13] [411/459] ASTB
[00:47:14] [412/459] VBWT
[00:47:15] [413/459] GPSM
[00:47:16] [414/459] ROON
[00:47:17] [415/459] CHTH
[00:47:18] [416/459] SSPA
[00:47:19] [417/459] ANBL
[00:47:20] [418/459] VTBE
[00:47:21] [419/459] SVKT
[00:47:22] [420/459] SVYK
[00:47:22] [421/459] PTBK
[00:47:24] [422/459] RKTB
[00:47:25] [423/459] BALT
[00:47:26] [424/459] STSV
[00:47:27] [425/459] VCCB
[00:47:28] [426/459] SLTB
[00:47:30] [427/459] SBCR
[00:47:31] [428/459] VDCS
[00:47:31] [429/459] MDKI
[00:47:32] [430/459] SMRN
[00:47:33] [431/459] PTBC
[00:47:34] [432/459] RADI
[00:47:35] [433/459] ADCR
[00:47:36] [434/459] SDCS
[00:47:37] [435/459] SRPJ
[00:47:38] [436/459] ARTS
[00:47:39] [437/459] SRHK
[00:47:40] [438/459] SPAY
[00:47:41] [439/459] GPTB
[00:47:41] [440/459] SNNN
[00:47:42] [441/459] BALJ
[00:47:44] [442/459] TRIG
[00:47:44] [443/459] GTYT
[00:47:45] [444/459] ATGN
[00:47:46] [445/459] ANTE
[00:47:47] [446/459] BDCG
[00:47:48] [447/459] VECI
[00:47:49] [448/459] SCPR
[00:47:50] [449/459] RTEA
[00:47:50] [450/459] JSAI
[00:47:52] [451/459] VJTP
[00:47:53] [452/459] GNDS
[00:47:54] [453/459] PAXA
[00:47:55] [454/459] CGGM
[00:47:56] [455/459] ACKZ
[00:47:57] [456/459] EMCC
[00:47:58] [457/459] KLSK
[00:47:59] [458/459] AVCK
[00:48:00] [459/459] JTCK
[00:48:01] ✅ DONE | Shows=0 | Movies=0
