[00:40:50] 🚀 BMS DAILY TRACKER STARTED
[00:40:50] [1/445] TGMR
[00:40:50] 🧠 New identity
[00:40:50] 🔄 Identity reset
[00:40:50] ❌ TGMR | RuntimeError
[00:40:51] [2/445] CXKR
[00:40:51] 🧠 New identity
[00:40:51] 🔄 Identity reset
[00:40:51] ❌ CXKR | RuntimeError
[00:40:51] [3/445] SROP
[00:40:51] 🧠 New identity
[00:40:52] 🔄 Identity reset
[00:40:52] ❌ SROP | RuntimeError
[00:40:52] [4/445] GTSV
[00:40:52] 🧠 New identity
[00:40:52] 🔄 Identity reset
[00:40:52] ❌ GTSV | RuntimeError
[00:40:53] [5/445] SNTY
[00:40:53] 🧠 New identity
[00:40:53] 🔄 Identity reset
[00:40:53] ❌ SNTY | RuntimeError
[00:40:53] [6/445] SMYY
[00:40:53] 🧠 New identity
[00:40:53] 🔄 Identity reset
[00:40:53] ❌ SMYY | RuntimeError
[00:40:54] [7/445] CNCS
[00:40:54] 🧠 New identity
[00:40:54] 🔄 Identity reset
[00:40:54] ❌ CNCS | RuntimeError
[00:40:55] [8/445] CSTM
[00:40:55] 🧠 New identity
[00:40:55] 🔄 Identity reset
[00:40:55] ❌ CSTM | RuntimeError
[00:40:55] [9/445] NUCD
[00:40:55] 🧠 New identity
[00:40:56] 🔄 Identity reset
[00:40:56] ❌ NUCD | RuntimeError
[00:40:56] [10/445] SHCZ
[00:40:56] 🧠 New identity
[00:40:56] 🔄 Identity reset
[00:40:56] ❌ SHCZ | RuntimeError
[00:40:57] [11/445] NJCT
[00:40:57] 🧠 New identity
[00:40:57] 🔄 Identity reset
[00:40:57] ❌ NJCT | RuntimeError
[00:40:57] [12/445] COPC
[00:40:57] 🧠 New identity
[00:40:58] 🔄 Identity reset
[00:40:58] ❌ COPC | RuntimeError
[00:40:58] [13/445] STVV
[00:40:58] 🧠 New identity
[00:40:58] 🔄 Identity reset
[00:40:58] ❌ STVV | RuntimeError
[00:40:59] [14/445] SKRN
[00:40:59] 🧠 New identity
[00:40:59] 🔄 Identity reset
[00:40:59] ❌ SKRN | RuntimeError
[00:41:00] [15/445] APPZ
[00:41:00] 🧠 New identity
[00:41:00] 🔄 Identity reset
[00:41:00] ❌ APPZ | RuntimeError
[00:41:01] [16/445] YMGN
[00:41:01] 🧠 New identity
[00:41:01] 🔄 Identity reset
[00:41:01] ❌ YMGN | RuntimeError
[00:41:02] [17/445] SVTU
[00:41:02] 🧠 New identity
[00:41:02] 🔄 Identity reset
[00:41:02] ❌ SVTU | RuntimeError
[00:41:02] [18/445] GTAD
[00:41:02] 🧠 New identity
[00:41:02] 🔄 Identity reset
[00:41:02] ❌ GTAD | RuntimeError
[00:41:03] [19/445] PSUS
[00:41:03] 🧠 New identity
[00:41:03] 🔄 Identity reset
[00:41:03] ❌ PSUS | RuntimeError
[00:41:03] [20/445] SMCD
[00:41:04] 🧠 New identity
[00:41:04] 🔄 Identity reset
[00:41:04] ❌ SMCD | RuntimeError
[00:41:04] [21/445] CMCM
[00:41:04] 🧠 New identity
[00:41:05] 🔄 Identity reset
[00:41:05] ❌ CMCM | RuntimeError
[00:41:05] [22/445] SYCT
[00:41:05] 🧠 New identity
[00:41:05] 🔄 Identity reset
[00:41:05] ❌ SYCT | RuntimeError
[00:41:06] [23/445] STLY
[00:41:06] 🧠 New identity
[00:41:06] 🔄 Identity reset
[00:41:06] ❌ STLY | RuntimeError
[00:41:07] [24/445] CMHU
[00:41:07] 🧠 New identity
[00:41:07] 🔄 Identity reset
[00:41:07] ❌ CMHU | RuntimeError
[00:41:07] [25/445] CMSA
[00:41:07] 🧠 New identity
[00:41:08] 🔄 Identity reset
[00:41:08] ❌ CMSA | RuntimeError
[00:41:08] [26/445] CLCU
[00:41:08] 🧠 New identity
[00:41:08] 🔄 Identity reset
[00:41:08] ❌ CLCU | RuntimeError
[00:41:09] [27/445] PPNT
[00:41:09] 🧠 New identity
[00:41:09] 🔄 Identity reset
[00:41:09] ❌ PPNT | RuntimeError
[00:41:10] [28/445] JTAB
[00:41:10] 🧠 New identity
[00:41:10] 🔄 Identity reset
[00:41:10] ❌ JTAB | RuntimeError
[00:41:10] [29/445] BUUC
[00:41:10] 🧠 New identity
[00:41:10] 🔄 Identity reset
[00:41:10] ❌ BUUC | RuntimeError
[00:41:11] [30/445] BSVK
[00:41:11] 🧠 New identity
[00:41:11] 🔄 Identity reset
[00:41:11] ❌ BSVK | RuntimeError
[00:41:12] [31/445] VVVQ
[00:41:12] 🧠 New identity
[00:41:12] 🔄 Identity reset
[00:41:12] ❌ VVVQ | RuntimeError
[00:41:12] [32/445] TKMU
[00:41:12] 🧠 New identity
[00:41:12] 🔄 Identity reset
[00:41:12] ❌ TKMU | RuntimeError
[00:41:13] [33/445] ESYL
[00:41:13] 🧠 New identity
[00:41:13] 🔄 Identity reset
[00:41:13] ❌ ESYL | RuntimeError
[00:41:14] [34/445] ACHP
[00:41:14] 🧠 New identity
[00:41:14] 🔄 Identity reset
[00:41:14] ❌ ACHP | RuntimeError
[00:41:14] [35/445] BTKD
[00:41:14] 🧠 New identity
[00:41:14] 🔄 Identity reset
[00:41:14] ❌ BTKD | RuntimeError
[00:41:15] [36/445] DESA
[00:41:15] 🧠 New identity
[00:41:15] 🔄 Identity reset
[00:41:15] ❌ DESA | RuntimeError
[00:41:16] [37/445] GBCT
[00:41:16] 🧠 New identity
[00:41:16] 🔄 Identity reset
[00:41:16] ❌ GBCT | RuntimeError
[00:41:16] [38/445] BLLD
[00:41:16] 🧠 New identity
[00:41:16] 🔄 Identity reset
[00:41:16] ❌ BLLD | RuntimeError
[00:41:17] [39/445] SKNT
[00:41:17] 🧠 New identity
[00:41:17] 🔄 Identity reset
[00:41:17] ❌ SKNT | RuntimeError
[00:41:18] [40/445] SSTE
[00:41:18] 🧠 New identity
[00:41:18] 🔄 Identity reset
[00:41:18] ❌ SSTE | RuntimeError
[00:41:18] [41/445] VJMR
[00:41:18] 🧠 New identity
[00:41:18] 🔄 Identity reset
[00:41:18] ❌ VJMR | RuntimeError
[00:41:19] [42/445] NTPU
[00:41:19] 🧠 New identity
[00:41:19] 🔄 Identity reset
[00:41:19] ❌ NTPU | RuntimeError
[00:41:19] [43/445] RDKN
[00:41:19] 🧠 New identity
[00:41:20] 🔄 Identity reset
[00:41:20] ❌ RDKN | RuntimeError
[00:41:20] [44/445] ADGC
[00:41:20] 🧠 New identity
[00:41:20] 🔄 Identity reset
[00:41:20] ❌ ADGC | RuntimeError
[00:41:21] [45/445] VRBP
[00:41:21] 🧠 New identity
[00:41:21] 🔄 Identity reset
[00:41:21] ❌ VRBP | RuntimeError
[00:41:22] [46/445] NMNA
[00:41:22] 🧠 New identity
[00:41:22] 🔄 Identity reset
[00:41:22] ❌ NMNA | RuntimeError
[00:41:23] [47/445] CMMX
[00:41:23] 🧠 New identity
[00:41:23] 🔄 Identity reset
[00:41:23] ❌ CMMX | RuntimeError
[00:41:23] [48/445] PTKO
[00:41:23] 🧠 New identity
[00:41:23] 🔄 Identity reset
[00:41:23] ❌ PTKO | RuntimeError
[00:41:24] [49/445] RBML
[00:41:24] 🧠 New identity
[00:41:25] [50/445] SAIC
[00:41:26] [51/445] SVTJ
[00:41:27] [52/445] MRTE
[00:41:28] [53/445] RBTP
[00:41:29] [54/445] NLPS
[00:41:30] [55/445] GTNA
[00:41:31] [56/445] DGGC
[00:41:32] [57/445] SMCR
[00:41:33] [58/445] SCGD
[00:41:34] [59/445] SRRJ
[00:41:35] [60/445] CNRY
[00:41:36] [61/445] KTDI
[00:41:37] [62/445] SNJL
[00:41:38] [63/445] RKMD
[00:41:39] [64/445] SMDC
[00:41:40] [65/445] TADG
[00:41:42] [66/445] MCGS
[00:41:43] [67/445] PETK
[00:41:44] [68/445] CHAG
[00:41:45] [69/445] KSTL
[00:41:46] [70/445] AADS
[00:41:47] [71/445] NTHZ
[00:41:48] [72/445] HCKI
[00:41:49] [73/445] SSEF
[00:41:50] [74/445] MCGX
[00:41:51] [75/445] ERRA
[00:41:52] [76/445] SDTW
[00:41:52] [77/445] RMPK
[00:41:53] [78/445] PTHK
[00:41:54] [79/445] PXCS
[00:41:55] [80/445] SVLU
[00:41:56] [81/445] STAH
[00:41:56] [82/445] JRGF
[00:41:57] [83/445] CDOK
[00:41:58] [84/445] CMSG
[00:41:59] [85/445] APTD
[00:42:00] [86/445] KMPG
[00:42:01] [87/445] MUTJ
[00:42:03] [88/445] VCCI
[00:42:03] [89/445] URBE
[00:42:04] [90/445] TCTS
[00:42:05] [91/445] STSN
[00:42:06] [92/445] AKCH
[00:42:07] [93/445] APSC
[00:42:08] [94/445] VLTB
[00:42:09] [95/445] SANU
[00:42:10] [96/445] AXAM
[00:42:10] [97/445] MGMG
[00:42:11] [98/445] HTBY
[00:42:13] [99/445] MMZS
[00:42:14] [100/445] SUDR
[00:42:14] [101/445] CCAD
[00:42:15] [102/445] SKKC
[00:42:17] [103/445] RMCD
[00:42:17] [104/445] SBCQ
[00:42:18] [105/445] DCCT
[00:42:19] [106/445] VTKP
[00:42:20] [107/445] MLAM
[00:42:21] [108/445] SAVT
[00:42:21] [109/445] GEPL
[00:42:23] [110/445] AMCD
[00:42:23] [111/445] CCXR
[00:42:24] [112/445] GRNG
[00:42:25] [113/445] EBCA
[00:42:26] [114/445] CNVG
[00:42:27] [115/445] MWSS
[00:42:29] [116/445] VBOR
[00:42:29] [117/445] NEEB
[00:42:31] [118/445] SUTH
[00:42:32] [119/445] ANDB
[00:42:33] [120/445] MMXS
[00:42:34] [121/445] CNPD
[00:42:35] [122/445] SDCE
[00:42:36] [123/445] DHCB
[00:42:36] [124/445] ODEN
[00:42:38] [125/445] TNTC
[00:42:39] [126/445] VBKM
[00:42:40] [127/445] RZYM
[00:42:40] [128/445] JEMC
[00:42:42] [129/445] CMAU
[00:42:42] [130/445] SIVP
[00:42:43] [131/445] ATAG
[00:42:45] [132/445] CHTM
[00:42:46] [133/445] AAEE
[00:42:47] [134/445] IWPM
[00:42:48] [135/445] KCMW
[00:42:49] [136/445] MCTD
[00:42:50] [137/445] SPWR
[00:42:51] [138/445] SDPO
[00:42:51] [139/445] PCSK
[00:42:52] [140/445] ACHV
[00:42:53] [141/445] SVLA
[00:42:55] [142/445] PICT
[00:42:56] [143/445] BXDR
[00:42:56] [144/445] SPWA
[00:42:57] [145/445] MCKO
[00:42:59] [146/445] RTHK
[00:42:59] [147/445] CCMF
[00:43:00] [148/445] MRGB
[00:43:01] [149/445] CPLC
[00:43:02] [150/445] RACD
[00:43:03] [151/445] ATKT
[00:43:04] [152/445] SARN
[00:43:04] [153/445] KKUI
[00:43:06] [154/445] RGCM
[00:43:07] [155/445] BRVP
[00:43:09] [156/445] HRSR
[00:43:10] [157/445] GKGM
[00:43:11] [158/445] TTCD
[00:43:11] [159/445] PTTI
[00:43:12] [160/445] MPTT
[00:43:13] [161/445] CVTT
[00:43:14] [162/445] PCXD
[00:43:15] [163/445] GCDC
[00:43:16] [164/445] CCCF
[00:43:17] [165/445] MRAD
[00:43:17] [166/445] CPLK
[00:43:18] [167/445] SATB
[00:43:19] [168/445] SNVG
[00:43:20] [169/445] JMBA
[00:43:21] [170/445] TEJA
[00:43:22] [171/445] STYO
[00:43:23] [172/445] JTBP
[00:43:24] [173/445] KRGD
[00:43:25] [174/445] SLJJ
[00:43:26] [175/445] SPTJ
[00:43:26] [176/445] SWJG
[00:43:27] [177/445] LKRT
[00:43:28] [178/445] KCKA
[00:43:29] [179/445] SNCR
[00:43:30] [180/445] SMKL
[00:43:31] [181/445] GCFA
[00:43:32] [182/445] DDCK
[00:43:33] [183/445] NCHJ
[00:43:34] [184/445] RDMA
[00:43:35] [185/445] SVSV
[00:43:36] [186/445] SCJG
[00:43:37] [187/445] VKLP
[00:43:38] [188/445] NWCC
[00:43:39] [189/445] VKNS
[00:43:39] [190/445] SDDP
[00:43:40] [191/445] ACSI
[00:43:41] [192/445] SATG
[00:43:42] [193/445] SCMW
[00:43:43] [194/445] LKTK
[00:43:44] [195/445] VCKV
[00:43:44] [196/445] KKPE
[00:43:45] [197/445] KIGH
[00:43:46] [198/445] SRPM
[00:43:47] [199/445] SCAH
[00:43:48] [200/445] MUTA
[00:43:49] [201/445] SEPU
[00:43:50] [202/445] INOA
[00:43:51] [203/445] BASK
[00:43:51] [204/445] NECB
[00:43:52] [205/445] GTTG
[00:43:53] [206/445] ASSA
[00:43:54] [207/445] ANCL
[00:43:56] [208/445] GCTI
[00:43:57] [209/445] RCTS
[00:43:57] [210/445] ACNL
[00:43:58] [211/445] MYCT
[00:44:00] [212/445] NMHT
[00:44:01] [213/445] MDIT
[00:44:02] [214/445] LATG
[00:44:03] [215/445] SMTY
[00:44:04] [216/445] CVCT
[00:44:05] [217/445] RAMB
[00:44:06] [218/445] TGMS
[00:44:07] [219/445] BHEL
[00:44:08] [220/445] SHCT
[00:44:09] [221/445] SVCT
[00:44:10] [222/445] MRIY
[00:44:11] [223/445] SARO
[00:44:11] [224/445] STCT
[00:44:12] [225/445] JKKC
[00:44:13] [226/445] PLTT
[00:44:14] [227/445] SRNT
[00:44:15] [228/445] YAST
[00:44:16] [229/445] PERL
[00:44:16] [230/445] CICM
[00:44:17] [231/445] MMTR
[00:44:18] [232/445] ABTK
[00:44:19] [233/445] ATYY
[00:44:20] [234/445] ASTK
[00:44:21] [235/445] VVCK
[00:44:22] [236/445] ATKY
[00:44:23] [237/445] GWEK
[00:44:24] [238/445] SVFH
[00:44:24] [239/445] SLTA
[00:44:26] [240/445] AASH
[00:44:27] [241/445] ACXB
[00:44:27] [242/445] SMTX
[00:44:28] [243/445] AZDH
[00:44:29] [244/445] CMMH
[00:44:30] [245/445] SCSZ
[00:44:32] [246/445] SCKP
[00:44:32] [247/445] NXTM
[00:44:33] [248/445] NWCS
[00:44:34] [249/445] CXMH
[00:44:35] [250/445] PCMA
[00:44:35] [251/445] SGCM
[00:44:36] [252/445] SDTU
[00:44:37] [253/445] MMVI
[00:44:38] [254/445] JKCM
[00:44:39] [255/445] VCMM
[00:44:40] [256/445] SYEE
[00:44:41] [257/445] VASD
[00:44:42] [258/445] BDRB
[00:44:43] [259/445] LASM
[00:44:43] [260/445] DCRL
[00:44:44] [261/445] DVPM
[00:44:45] [262/445] SBMJ
[00:44:46] [263/445] CBMU
[00:44:47] [264/445] IUBS
[00:44:48] [265/445] INAP
[00:44:48] [266/445] SRRC
[00:44:49] [267/445] SAGR
[00:44:50] [268/445] CPMJ
[00:44:50] [269/445] ATJL
[00:44:52] [270/445] NNTD
[00:44:53] [271/445] JHCJ
[00:44:54] [272/445] CMMP
[00:44:55] [273/445] RSDR
[00:44:56] [274/445] AMTI
[00:44:57] [275/445] NYSG
[00:44:58] [276/445] AVSG
[00:44:59] [277/445] SYTP
[00:44:59] [278/445] LARC
[00:45:00] [279/445] RJTP
[00:45:01] [280/445] LAKC
[00:45:01] [281/445] MCXE
[00:45:02] [282/445] CCZC
[00:45:03] [283/445] AVCH
[00:45:04] [284/445] CMBE
[00:45:05] [285/445] MRRC
[00:45:06] [286/445] PCPY
[00:45:07] [287/445] SRMH
[00:45:07] [288/445] SVGS
[00:45:08] [289/445] PCSE
[00:45:09] [290/445] SVFT
[00:45:10] [291/445] TNZP
[00:45:11] [292/445] ICTP
[00:45:12] [293/445] ACTZ
[00:45:12] [294/445] GTUR
[00:45:13] [295/445] MAFC
[00:45:14] [296/445] MINL
[00:45:15] [297/445] MRCL
[00:45:16] [298/445] RCRP
[00:45:17] [299/445] RFFG
[00:45:18] [300/445] RMAS
[00:45:18] [301/445] INVR
[00:45:19] [302/445] RMAR
[00:45:20] [303/445] CNIS
[00:45:21] [304/445] RHRJ
[00:45:22] [305/445] INXR
[00:45:23] [306/445] VALT
[00:45:24] [307/445] LCSH
[00:45:25] [308/445] CMVS
[00:45:25] [309/445] CNMS
[00:45:27] [310/445] ROOG
[00:45:28] [311/445] ISRM
[00:45:29] [312/445] RCRM
[00:45:30] [313/445] ACJA
[00:45:31] [314/445] RCVS
[00:45:32] [315/445] CPUS
[00:45:33] [316/445] TGCS
[00:45:34] [317/445] RKCJ
[00:45:35] [318/445] MKSB
[00:45:35] [319/445] TCSJ
[00:45:36] [320/445] RMGP
[00:45:37] [321/445] CLLP
[00:45:38] [322/445] RCMV
[00:45:39] [323/445] CCKS
[00:45:40] [324/445] RSRP
[00:45:41] [325/445] APLP
[00:45:41] [326/445] CNVS
[00:45:42] [327/445] RMVY
[00:45:43] [328/445] PGBD
[00:45:44] [329/445] KLMS
[00:45:45] [330/445] RUST
[00:45:46] [331/445] MASM
[00:45:47] [332/445] BACS
[00:45:48] [333/445] BWST
[00:45:49] [334/445] RRFH
[00:45:50] [335/445] SJTM
[00:45:51] [336/445] BEMR
[00:45:52] [337/445] MCGR
[00:45:53] [338/445] SDSK
[00:45:54] [339/445] VBOL
[00:45:55] [340/445] RMGM
[00:45:56] [341/445] NOPL
[00:45:57] [342/445] MKJK
[00:45:58] [343/445] CVRN
[00:45:58] [344/445] MMEN
[00:45:59] [345/445] AMNG
[00:46:00] [346/445] INTM
[00:46:01] [347/445] SLCZ
[00:46:02] [348/445] AMJN
[00:46:02] [349/445] ACJN
[00:46:03] [350/445] AMKN
[00:46:04] [351/445] BTCN
[00:46:05] [352/445] AMBT
[00:46:06] [353/445] PACN
[00:46:07] [354/445] LCNS
[00:46:08] [355/445] PPKC
[00:46:09] [356/445] JYYN
[00:46:10] [357/445] JTNR
[00:46:11] [358/445] GTEE
[00:46:12] [359/445] SRNM
[00:46:13] [360/445] SDTC
[00:46:14] [361/445] VPCA
[00:46:15] [362/445] VLRA
[00:46:16] [363/445] SHKR
[00:46:17] [364/445] SBKD
[00:46:18] [365/445] SAAD
[00:46:18] [366/445] JTGN
[00:46:19] [367/445] SLAM
[00:46:20] [368/445] VTPM
[00:46:21] [369/445] ANPT
[00:46:22] [370/445] PUNB
[00:46:26] [371/445] CPKT
[00:46:27] [372/445] CNWE
[00:46:29] [373/445] ECPP
[00:46:30] [374/445] CPAR
[00:46:31] [375/445] ESBW
[00:46:32] [376/445] PKPU
[00:46:32] [377/445] CPRP
[00:46:33] [378/445] RAHU
[00:46:34] [379/445] RHMN
[00:46:35] [380/445] FMJP
[00:46:36] [381/445] CTMP
[00:46:37] [382/445] INPN
[00:46:38] [383/445] STTG
[00:46:39] [384/445] CTRD
[00:46:40] [385/445] PUVB
[00:46:40] [386/445] ESVP
[00:46:41] [387/445] CPFT
[00:46:42] [388/445] LCPC
[00:46:43] [389/445] VBCT
[00:46:44] [390/445] FSCW
[00:46:45] [391/445] VCMP
[00:46:46] [392/445] ASHC
[00:46:47] [393/445] VLCX
[00:46:48] [394/445] SHEV
[00:46:48] [395/445] APCO
[00:46:50] [396/445] SILC
[00:46:51] [397/445] SNMR
[00:46:52] [398/445] KYBO
[00:46:53] [399/445] SATK
[00:46:54] [400/445] SSCS
[00:46:55] [401/445] CLSB
[00:46:55] [402/445] KMJR
[00:46:56] [403/445] FSCK
[00:46:57] [404/445] NNKA
[00:46:58] [405/445] CLMK
[00:46:59] [406/445] DMPZ
[00:47:00] [407/445] INQM
[00:47:01] [408/445] CAML
[00:47:02] [409/445] INRK
[00:47:03] [410/445] IMKN
[00:47:03] [411/445] SVNR
[00:47:04] [412/445] INSL
[00:47:05] [413/445] MSMA
[00:47:06] [414/445] MCKK
[00:47:07] [415/445] FCHP
[00:47:07] [416/445] SFCR
[00:47:08] [417/445] NACK
[00:47:09] [418/445] PVAK
[00:47:11] [419/445] INER
[00:47:11] [420/445] RDBK
[00:47:13] [421/445] SVFN
[00:47:14] [422/445] IFRM
[00:47:15] [423/445] ATCK
[00:47:16] [424/445] ASKO
[00:47:17] [425/445] STKT
[00:47:18] [426/445] SVFB
[00:47:18] [427/445] INKS
[00:47:19] [428/445] PCRA
[00:47:20] [429/445] ATJA
[00:47:21] [430/445] IMJN
[00:47:22] [431/445] INHD
[00:47:23] [432/445] BARA
[00:47:25] [433/445] MCSL
[00:47:25] [434/445] RTOY
[00:47:26] [435/445] MENO
[00:47:26] [436/445] PUDM
[00:47:28] [437/445] PRCN
[00:47:29] [438/445] JMJR
[00:47:36] [439/445] SSGK
[00:47:37] [440/445] SSRL
[00:47:38] [441/445] JYKL
[00:47:39] [442/445] ACNB
[00:47:40] [443/445] SONP
[00:47:41] [444/445] EMCI
[00:47:42] [445/445] MRJH
[00:47:43] ✅ DONE | Shows=1 | Movies=1
