[00:40:52] 🚀 BMS DAILY TRACKER STARTED
[00:40:52] [1/296] CDCA
[00:40:52] 🧠 New identity
[00:40:52] 🔄 Identity reset
[00:40:52] ❌ CDCA | RuntimeError
[00:40:53] [2/296] MNSR
[00:40:53] 🧠 New identity
[00:40:53] 🔄 Identity reset
[00:40:53] ❌ MNSR | RuntimeError
[00:40:54] [3/296] CSSL
[00:40:54] 🧠 New identity
[00:40:54] 🔄 Identity reset
[00:40:54] ❌ CSSL | RuntimeError
[00:40:54] [4/296] BGGM
[00:40:54] 🧠 New identity
[00:40:54] 🔄 Identity reset
[00:40:54] ❌ BGGM | RuntimeError
[00:40:55] [5/296] MANT
[00:40:55] 🧠 New identity
[00:40:55] 🔄 Identity reset
[00:40:55] ❌ MANT | RuntimeError
[00:40:56] [6/296] SOOY
[00:40:56] 🧠 New identity
[00:40:56] 🔄 Identity reset
[00:40:56] ❌ SOOY | RuntimeError
[00:40:56] [7/296] VPPK
[00:40:56] 🧠 New identity
[00:40:57] 🔄 Identity reset
[00:40:57] ❌ VPPK | RuntimeError
[00:40:57] [8/296] MYHJ
[00:40:57] 🧠 New identity
[00:40:57] 🔄 Identity reset
[00:40:57] ❌ MYHJ | RuntimeError
[00:40:58] [9/296] KSCK
[00:40:58] 🧠 New identity
[00:40:58] 🔄 Identity reset
[00:40:58] ❌ KSCK | RuntimeError
[00:40:59] [10/296] KATK
[00:40:59] 🧠 New identity
[00:40:59] 🔄 Identity reset
[00:40:59] ❌ KATK | RuntimeError
[00:40:59] [11/296] RTRT
[00:40:59] 🧠 New identity
[00:41:00] 🔄 Identity reset
[00:41:00] ❌ RTRT | RuntimeError
[00:41:00] [12/296] SSTT
[00:41:00] 🧠 New identity
[00:41:00] 🔄 Identity reset
[00:41:00] ❌ SSTT | RuntimeError
[00:41:01] [13/296] SSTV
[00:41:01] 🧠 New identity
[00:41:01] 🔄 Identity reset
[00:41:01] ❌ SSTV | RuntimeError
[00:41:01] [14/296] LACM
[00:41:01] 🧠 New identity
[00:41:02] 🔄 Identity reset
[00:41:02] ❌ LACM | RuntimeError
[00:41:02] [15/296] SGMG
[00:41:02] 🧠 New identity
[00:41:02] 🔄 Identity reset
[00:41:02] ❌ SGMG | RuntimeError
[00:41:03] [16/296] KACX
[00:41:03] 🧠 New identity
[00:41:03] 🔄 Identity reset
[00:41:03] ❌ KACX | RuntimeError
[00:41:04] [17/296] GVCP
[00:41:04] 🧠 New identity
[00:41:04] 🔄 Identity reset
[00:41:04] ❌ GVCP | RuntimeError
[00:41:04] [18/296] CSNC
[00:41:04] 🧠 New identity
[00:41:04] 🔄 Identity reset
[00:41:04] ❌ CSNC | RuntimeError
[00:41:05] [19/296] SXCB
[00:41:05] 🧠 New identity
[00:41:06] [20/296] BAHS
[00:41:07] [21/296] PCBI
[00:41:08] [22/296] PSSM
[00:41:09] [23/296] RCOK
[00:41:10] [24/296] SCPF
[00:41:11] [25/296] SSAS
[00:41:12] [26/296] EVMM
[00:41:14] [27/296] SYCB
[00:41:15] [28/296] GCKI
[00:41:15] [29/296] IAET
[00:41:17] [30/296] DDTD
[00:41:17] [31/296] GMDH
[00:41:18] [32/296] STLE
[00:41:19] [33/296] JTRA
[00:41:20] [34/296] RPPA
[00:41:21] [35/296] ARUT
[00:41:22] [36/296] JTVM
[00:41:23] [37/296] SWRH
[00:41:24] [38/296] DCPC
[00:41:25] [39/296] RAPR
[00:41:26] [40/296] GCRT
[00:41:27] [41/296] ATUN
[00:41:28] [42/296] LTRM
[00:41:29] [43/296] TASR
[00:41:30] [44/296] RLLC
[00:41:31] [45/296] MABI
[00:41:32] [46/296] SVHB
[00:41:33] [47/296] NVTB
[00:41:34] [48/296] KCKG
[00:41:35] [49/296] SSRN
[00:41:36] [50/296] VDDC
[00:41:36] [51/296] GKTK
[00:41:38] [52/296] YFSN
[00:41:40] [53/296] GCSG
[00:41:41] [54/296] ESSM
[00:41:42] [55/296] KRIH
[00:41:43] [56/296] GCDS
[00:41:43] [57/296] CCSH
[00:41:44] [58/296] ACSK
[00:41:46] [59/296] APRK
[00:41:47] [60/296] ADKM
[00:41:47] [61/296] SRDM
[00:41:48] [62/296] RMOG
[00:41:49] [63/296] SJMY
[00:41:50] [64/296] PGGC
[00:41:51] [65/296] INGM
[00:41:52] [66/296] LSCB
[00:41:53] [67/296] STAD
[00:41:54] [68/296] MCCR
[00:41:55] [69/296] ABCC
[00:41:55] [70/296] RKCC
[00:41:57] [71/296] RTCR
[00:41:57] [72/296] GGBC
[00:41:58] [73/296] GCSD
[00:41:59] [74/296] LPTY
[00:42:00] [75/296] MCFD
[00:42:01] [76/296] HENN
[00:42:02] [77/296] SMKU
[00:42:03] [78/296] TNZC
[00:42:04] [79/296] DRCD
[00:42:05] [80/296] DLCD
[00:42:05] [81/296] RCDA
[00:42:06] [82/296] COSM
[00:42:07] [83/296] MCMJ
[00:42:08] [84/296] CSTR
[00:42:09] [85/296] CVDK
[00:42:10] [86/296] INRR
[00:42:11] [87/296] RJRT
[00:42:12] [88/296] IRMR
[00:42:13] [89/296] SRCF
[00:42:14] [90/296] GRCR
[00:42:15] [91/296] SURC
[00:42:16] [92/296] NMNH
[00:42:17] [93/296] SVBL
[00:42:18] [94/296] KACI
[00:42:19] [95/296] TDGO
[00:42:20] [96/296] KTBR
[00:42:21] [97/296] PMAD
[00:42:22] [98/296] CCPN
[00:42:23] [99/296] SBTK
[00:42:24] [100/296] LMDK
[00:42:25] [101/296] PGDA
[00:42:26] [102/296] SRML
[00:42:27] [103/296] EVCK
[00:42:28] [104/296] RTTK
[00:42:29] [105/296] SRTU
[00:42:30] [106/296] VRSA
[00:42:31] [107/296] VARS
[00:42:32] [108/296] DSCZ
[00:42:33] [109/296] GAGA
[00:42:34] [110/296] SARV
[00:42:35] [111/296] SEEG
[00:42:36] [112/296] GLCA
[00:42:38] [113/296] APAS
[00:42:39] [114/296] VCIA
[00:42:40] [115/296] SJTA
[00:42:40] [116/296] SABM
[00:42:41] [117/296] PPAG
[00:42:42] [118/296] RVCA
[00:42:43] [119/296] CCIA
[00:42:44] [120/296] HTAG
[00:42:45] [121/296] SMBI
[00:42:46] [122/296] MCJR
[00:42:47] [123/296] CCJR
[00:42:48] [124/296] SINF
[00:42:49] [125/296] CPLX
[00:42:49] [126/296] KKTJ
[00:42:50] [127/296] GDBW
[00:42:51] [128/296] CSUB
[00:42:53] [129/296] DABA
[00:42:54] [130/296] TITR
[00:42:55] [131/296] NYCR
[00:42:56] [132/296] RTRY
[00:42:57] [133/296] JTJL
[00:42:58] [134/296] SJCP
[00:42:59] [135/296] KCCA
[00:43:00] [136/296] MLPG
[00:43:00] [137/296] VRCK
[00:43:01] [138/296] SRIN
[00:43:02] [139/296] CXMK
[00:43:03] [140/296] SKAD
[00:43:04] [141/296] AVTR
[00:43:05] [142/296] PTAJ
[00:43:06] [143/296] SCNK
[00:43:07] [144/296] STTI
[00:43:08] [145/296] KACR
[00:43:09] [146/296] SSDX
[00:43:10] [147/296] VRTJ
[00:43:10] [148/296] RAJD
[00:43:11] [149/296] SCIP
[00:43:12] [150/296] RJSL
[00:43:13] [151/296] ARRS
[00:43:14] [152/296] ASMS
[00:43:15] [153/296] RDTS
[00:43:16] [154/296] DVMY
[00:43:17] [155/296] RASA
[00:43:18] [156/296] INOM
[00:43:19] [157/296] SPRS
[00:43:20] [158/296] SGCS
[00:43:21] [159/296] SALM
[00:43:21] [160/296] PKHC
[00:43:22] [161/296] RCSV
[00:43:23] [162/296] CPKC
[00:43:24] [163/296] AACD
[00:43:25] [164/296] GGCV
[00:43:25] [165/296] SMKD
[00:43:26] [166/296] NBCH
[00:43:27] [167/296] AMCB
[00:43:28] [168/296] OPCN
[00:43:29] [169/296] DCIN
[00:43:30] [170/296] INGW
[00:43:31] [171/296] PKKW
[00:43:31] [172/296] FNGW
[00:43:32] [173/296] GCGD
[00:43:33] [174/296] MSTW
[00:43:34] [175/296] KCCG
[00:43:35] [176/296] MRSS
[00:43:36] [177/296] CLCF
[00:43:37] [178/296] EETS
[00:43:37] [179/296] AATR
[00:43:38] [180/296] CMMN
[00:43:39] [181/296] SCCJ
[00:43:40] [182/296] CDTK
[00:43:41] [183/296] AICP
[00:43:42] [184/296] FNBP
[00:43:43] [185/296] CBPB
[00:43:44] [186/296] CPAS
[00:43:45] [187/296] MAPM
[00:43:46] [188/296] PASD
[00:43:47] [189/296] JCMN
[00:43:48] [190/296] MALB
[00:43:49] [191/296] SACG
[00:43:49] [192/296] DDRX
[00:43:50] [193/296] DDXB
[00:43:51] [194/296] RAMC
[00:43:52] [195/296] SANC
[00:43:53] [196/296] BCBP
[00:43:53] [197/296] ALPC
[00:43:54] [198/296] RBAC
[00:43:55] [199/296] RAJL
[00:43:56] [200/296] MPDX
[00:43:57] [201/296] MUSC
[00:43:58] [202/296] VKMK
[00:43:59] [203/296] SKCG
[00:44:00] [204/296] ANCN
[00:44:01] [205/296] MMCJ
[00:44:01] [206/296] DCAK
[00:44:02] [207/296] SCKG
[00:44:03] [208/296] LMCK
[00:44:05] [209/296] CKKX
[00:44:06] [210/296] ANKU
[00:44:07] [211/296] CSMD
[00:44:08] [212/296] MKMP
[00:44:09] [213/296] SVBG
[00:44:10] [214/296] ROOP
[00:44:12] [215/296] GDMT
[00:44:13] [216/296] FPPF
[00:44:14] [217/296] SFUU
[00:44:15] [218/296] ANCB
[00:44:16] [219/296] SMMC
[00:44:16] [220/296] UGKT
[00:44:18] [221/296] JVRM
[00:44:19] [222/296] BATG
[00:44:20] [223/296] RATE
[00:44:21] [224/296] SKME
[00:44:22] [225/296] LMTP
[00:44:22] [226/296] TCBD
[00:44:23] [227/296] ESBD
[00:44:24] [228/296] GDCU
[00:44:25] [229/296] SNKT
[00:44:26] [230/296] SRNK
[00:44:27] [231/296] SMED
[00:44:28] [232/296] CSQS
[00:44:30] [233/296] ALCS
[00:44:31] [234/296] KCKN
[00:44:31] [235/296] VCCL
[00:44:32] [236/296] MCDA
[00:44:33] [237/296] SHMI
[00:44:34] [238/296] SKHA
[00:44:35] [239/296] SVFK
[00:44:36] [240/296] INVB
[00:44:36] [241/296] MELD
[00:44:37] [242/296] JTYS
[00:44:39] [243/296] INCM
[00:44:39] [244/296] MCDV
[00:44:40] [245/296] KSGK
[00:44:41] [246/296] ICMG
[00:44:42] [247/296] CSCV
[00:44:43] [248/296] STMD
[00:44:44] [249/296] STTR
[00:44:45] [250/296] INVC
[00:44:46] [251/296] JTBL
[00:44:47] [252/296] SRVV
[00:44:48] [253/296] MAVC
[00:44:49] [254/296] SRPP
[00:44:50] [255/296] JGDM
[00:44:51] [256/296] MBSJ
[00:44:51] [257/296] SSLL
[00:44:52] [258/296] SLKP
[00:44:53] [259/296] NSRV
[00:44:54] [260/296] UTDV
[00:44:55] [261/296] KICM
[00:44:56] [262/296] KCMD
[00:44:57] [263/296] TTPP
[00:44:57] [264/296] KMPV
[00:44:58] [265/296] SKTV
[00:44:59] [266/296] STCV
[00:45:00] [267/296] SRDA
[00:45:02] [268/296] JTSX
[00:45:03] [269/296] STBV
[00:45:04] [270/296] APVZ
[00:45:05] [271/296] GSTV
[00:45:06] [272/296] NMVS
[00:45:06] [273/296] SKRT
[00:45:07] [274/296] RMDV
[00:45:08] [275/296] RATG
[00:45:09] [276/296] SJYV
[00:45:10] [277/296] NDGP
[00:45:11] [278/296] SNDG
[00:45:12] [279/296] INSR
[00:45:13] [280/296] INSO
[00:45:14] [281/296] CCSI
[00:45:15] [282/296] RASM
[00:45:16] [283/296] NEWC
[00:45:17] [284/296] VSHL
[00:45:18] [285/296] BISW
[00:45:19] [286/296] GCNG
[00:45:20] [287/296] CWSC
[00:45:21] [288/296] SKAN
[00:45:22] [289/296] SEHP
[00:45:23] [290/296] CCOA
[00:45:24] [291/296] MCAJ
[00:45:25] [292/296] ACDE
[00:45:26] [293/296] AACM
[00:45:27] [294/296] JJCK
[00:45:28] [295/296] RCMO
[00:45:29] [296/296] GDAW
[00:45:30] ✅ DONE | Shows=0 | Movies=0
