[00:40:54] 🚀 BMS DAILY TRACKER STARTED
[00:40:54] [1/459] MCCZ
[00:40:54] 🧠 New identity
[00:40:55] 🔄 Identity reset
[00:40:55] ❌ MCCZ | RuntimeError
[00:40:55] [2/459] FRPU
[00:40:55] 🧠 New identity
[00:40:55] 🔄 Identity reset
[00:40:55] ❌ FRPU | RuntimeError
[00:40:56] [3/459] SKSI
[00:40:56] 🧠 New identity
[00:40:56] 🔄 Identity reset
[00:40:56] ❌ SKSI | RuntimeError
[00:40:57] [4/459] SSCK
[00:40:57] 🧠 New identity
[00:40:57] 🔄 Identity reset
[00:40:57] ❌ SSCK | RuntimeError
[00:40:57] [5/459] SRDC
[00:40:57] 🧠 New identity
[00:40:58] 🔄 Identity reset
[00:40:58] ❌ SRDC | RuntimeError
[00:40:58] [6/459] RSCZ
[00:40:58] 🧠 New identity
[00:40:58] 🔄 Identity reset
[00:40:58] ❌ RSCZ | RuntimeError
[00:40:59] [7/459] PRVT
[00:40:59] 🧠 New identity
[00:40:59] 🔄 Identity reset
[00:40:59] ❌ PRVT | RuntimeError
[00:40:59] [8/459] GAGJ
[00:40:59] 🧠 New identity
[00:41:00] 🔄 Identity reset
[00:41:00] ❌ GAGJ | RuntimeError
[00:41:00] [9/459] SMHG
[00:41:00] 🧠 New identity
[00:41:01] 🔄 Identity reset
[00:41:01] ❌ SMHG | RuntimeError
[00:41:01] [10/459] JTST
[00:41:01] 🧠 New identity
[00:41:01] 🔄 Identity reset
[00:41:01] ❌ JTST | RuntimeError
[00:41:02] [11/459] MYTH
[00:41:02] 🧠 New identity
[00:41:02] 🔄 Identity reset
[00:41:02] ❌ MYTH | RuntimeError
[00:41:02] [12/459] JPCC
[00:41:02] 🧠 New identity
[00:41:02] 🔄 Identity reset
[00:41:02] ❌ JPCC | RuntimeError
[00:41:03] [13/459] ACDC
[00:41:03] 🧠 New identity
[00:41:03] 🔄 Identity reset
[00:41:03] ❌ ACDC | RuntimeError
[00:41:04] [14/459] SVFP
[00:41:04] 🧠 New identity
[00:41:04] 🔄 Identity reset
[00:41:04] ❌ SVFP | RuntimeError
[00:41:04] [15/459] SFCM
[00:41:04] 🧠 New identity
[00:41:04] 🔄 Identity reset
[00:41:04] ❌ SFCM | RuntimeError
[00:41:05] [16/459] RUPK
[00:41:05] 🧠 New identity
[00:41:06] [17/459] NTCR
[00:41:07] [18/459] RTCH
[00:41:08] [19/459] SCMH
[00:41:09] [20/459] SVYM
[00:41:10] [21/459] SPYM
[00:41:11] [22/459] SMMF
[00:41:12] [23/459] CLLB
[00:41:13] [24/459] FMCB
[00:41:14] [25/459] BBTC
[00:41:14] [26/459] NTHS
[00:41:15] [27/459] PKKJ
[00:41:16] [28/459] MTJA
[00:41:17] [29/459] PMSJ
[00:41:18] [30/459] JMJU
[00:41:19] [31/459] SRAD
[00:41:19] [32/459] MJMC
[00:41:20] [33/459] DFRM
[00:41:21] [34/459] PMRS
[00:41:22] [35/459] RKPP
[00:41:23] [36/459] BMBK
[00:41:24] [37/459] NEWS
[00:41:25] [38/459] SALB
[00:41:26] [39/459] SCPW
[00:41:27] [40/459] RAYL
[00:41:28] [41/459] CMGJ
[00:41:29] [42/459] JRCR
[00:41:30] [43/459] SRTB
[00:41:32] [44/459] ETPB
[00:41:32] [45/459] MXBN
[00:41:33] [46/459] TOPE
[00:41:34] [47/459] SNLJ
[00:41:35] [48/459] CDDP
[00:41:36] [49/459] APCX
[00:41:37] [50/459] TALP
[00:41:38] [51/459] RRMP
[00:41:39] [52/459] MAHB
[00:41:40] [53/459] MTKR
[00:41:41] [54/459] KSKL
[00:41:41] [55/459] RJLT
[00:41:42] [56/459] ATAS
[00:41:43] [57/459] AMHR
[00:41:44] [58/459] RSRM
[00:41:45] [59/459] GCAT
[00:41:46] [60/459] SMML
[00:41:47] [61/459] ACCD
[00:41:48] [62/459] VYDA
[00:41:50] [63/459] MSKT
[00:41:51] [64/459] AVDM
[00:41:52] [65/459] ASMH
[00:41:53] [66/459] VTMB
[00:41:54] [67/459] WVMB
[00:41:55] [68/459] PPMN
[00:41:55] [69/459] MTMD
[00:41:56] [70/459] SMMO
[00:41:57] [71/459] DLPB
[00:41:59] [72/459] AKMD
[00:41:59] [73/459] SHRR
[00:42:01] [74/459] ASCO
[00:42:02] [75/459] CZVX
[00:42:03] [76/459] GCBB
[00:42:04] [77/459] ATBM
[00:42:07] [78/459] TCGM
[00:42:08] [79/459] UMSE
[00:42:09] [80/459] NKCL
[00:42:10] [81/459] BTLR
[00:42:11] [82/459] GOCL
[00:42:12] [83/459] MIRN
[00:42:12] [84/459] THEC
[00:42:13] [85/459] SPPB
[00:42:14] [86/459] PMMM
[00:42:15] [87/459] GGMC
[00:42:15] [88/459] AVSR
[00:42:17] [89/459] RDMH
[00:42:18] [90/459] JSRS
[00:42:19] [91/459] VKGP
[00:42:19] [92/459] ACRT
[00:42:20] [93/459] GCBA
[00:42:21] [94/459] GTCP
[00:42:22] [95/459] AKFC
[00:42:23] [96/459] INCS
[00:42:24] [97/459] SMCK
[00:42:25] [98/459] BRUN
[00:42:25] [99/459] RPPC
[00:42:28] [100/459] PAYD
[00:42:29] [101/459] SVVT
[00:42:30] [102/459] RNCC
[00:42:31] [103/459] PCRC
[00:42:32] [104/459] PMRM
[00:42:33] [105/459] CCRP
[00:42:34] [106/459] INCR
[00:42:35] [107/459] ZTMP
[00:42:35] [108/459] MCNR
[00:42:36] [109/459] INRP
[00:42:37] [110/459] STRC
[00:42:39] [111/459] RATI
[00:42:41] [112/459] PBTR
[00:42:41] [113/459] CMHP
[00:42:43] [114/459] ZECJ
[00:42:44] [115/459] CCCB
[00:42:45] [116/459] BWCB
[00:42:46] [117/459] CCAT
[00:42:47] [118/459] KGCM
[00:42:48] [119/459] INPT
[00:42:48] [120/459] FNCO
[00:42:49] [121/459] SRMJ
[00:42:50] [122/459] PFSC
[00:42:51] [123/459] PBMC
[00:42:52] [124/459] KARP
[00:42:53] [125/459] KOVI
[00:42:53] [126/459] ACXL
[00:42:54] [127/459] GKCC
[00:42:55] [128/459] ASCC
[00:42:56] [129/459] SETC
[00:42:57] [130/459] KACC
[00:42:58] [131/459] KAVE
[00:42:59] [132/459] CNTC
[00:42:59] [133/459] MEEN
[00:43:00] [134/459] BMRV
[00:43:01] [135/459] SVAM
[00:43:02] [136/459] VTBP
[00:43:03] [137/459] VCKN
[00:43:03] [138/459] SGTK
[00:43:04] [139/459] RCGS
[00:43:05] [140/459] RCCB
[00:43:06] [141/459] RKSR
[00:43:07] [142/459] RKCU
[00:43:08] [143/459] GIBH
[00:43:09] [144/459] CXBS
[00:43:10] [145/459] GGCB
[00:43:11] [146/459] SCPB
[00:43:12] [147/459] AKTB
[00:43:13] [148/459] SRBU
[00:43:14] [149/459] CSSA
[00:43:15] [150/459] MYAN
[00:43:15] [151/459] EXCA
[00:43:16] [152/459] CKSA
[00:43:17] [153/459] JTNM
[00:43:18] [154/459] CXKT
[00:43:19] [155/459] NCLM
[00:43:20] [156/459] JAAD
[00:43:21] [157/459] RDCR
[00:43:22] [158/459] MEER
[00:43:22] [159/459] SIBT
[00:43:23] [160/459] PVVB
[00:43:24] [161/459] FNPN
[00:43:25] [162/459] CRPX
[00:43:26] [163/459] STET
[00:43:26] [164/459] METE
[00:43:27] [165/459] BJML
[00:43:29] [166/459] MAVT
[00:43:30] [167/459] MSRM
[00:43:30] [168/459] TJMP
[00:43:31] [169/459] MHCK
[00:43:32] [170/459] SVGP
[00:43:33] [171/459] KRRC
[00:43:34] [172/459] IMCH
[00:43:35] [173/459] CMCS
[00:43:36] [174/459] SGND
[00:43:37] [175/459] RNAT
[00:43:38] [176/459] PRTN
[00:43:39] [177/459] MPTN
[00:43:40] [178/459] ARCC
[00:43:41] [179/459] NTTE
[00:43:42] [180/459] ABND
[00:43:43] [181/459] KCSN
[00:43:43] [182/459] KCSA
[00:43:44] [183/459] DCKT
[00:43:45] [184/459] MBBR
[00:43:46] [185/459] RAMU
[00:43:47] [186/459] RACW
[00:43:47] [187/459] MCHP
[00:43:48] [188/459] TMHM
[00:43:49] [189/459] STXH
[00:43:50] [190/459] AGSG
[00:43:51] [191/459] SIRA
[00:43:52] [192/459] RCAN
[00:43:53] [193/459] CWTB
[00:43:55] [194/459] VTYM
[00:43:56] [195/459] RRPP
[00:43:57] [196/459] ASMR
[00:43:58] [197/459] RONO
[00:43:59] [198/459] MEMR
[00:43:59] [199/459] CTMR
[00:44:00] [200/459] PMTT
[00:44:02] [201/459] PSLX
[00:44:03] [202/459] IPPL
[00:44:04] [203/459] MMSG
[00:44:05] [204/459] INEL
[00:44:06] [205/459] COAC
[00:44:07] [206/459] WVLK
[00:44:08] [207/459] PPXL
[00:44:09] [208/459] PSML
[00:44:10] [209/459] FNLK
[00:44:11] [210/459] ILUM
[00:44:12] [211/459] ILCM
[00:44:13] [212/459] MSNL
[00:44:14] [213/459] VINB
[00:44:15] [214/459] SALW
[00:44:16] [215/459] PRTB
[00:44:17] [216/459] NCIL
[00:44:18] [217/459] PSUL
[00:44:18] [218/459] SCLK
[00:44:19] [219/459] ADDC
[00:44:20] [220/459] OACL
[00:44:21] [221/459] OOCF
[00:44:22] [222/459] GPMF
[00:44:23] [223/459] SSDG
[00:44:24] [224/459] SKRS
[00:44:25] [225/459] NTTP
[00:44:25] [226/459] SLTP
[00:44:26] [227/459] JTLC
[00:44:27] [228/459] POON
[00:44:28] [229/459] CCPC
[00:44:29] [230/459] DCKC
[00:44:30] [231/459] CPRT
[00:44:31] [232/459] EYHZ
[00:44:33] [233/459] ARBL
[00:44:33] [234/459] SBTB
[00:44:35] [235/459] MMCK
[00:44:36] [236/459] PLMR
[00:44:37] [237/459] BIJH
[00:44:38] [238/459] SDRT
[00:44:39] [239/459] PRDC
[00:44:40] [240/459] OMJA
[00:44:41] [241/459] VKCR
[00:44:42] [242/459] ATRT
[00:44:42] [243/459] WVRP
[00:44:43] [244/459] MVRP
[00:44:44] [245/459] FCAX
[00:44:45] [246/459] CTLC
[00:44:47] [247/459] JCHB
[00:44:48] [248/459] SELP
[00:44:49] [249/459] VCPG
[00:44:49] [250/459] ASCX
[00:44:50] [251/459] EOCS
[00:44:51] [252/459] RCPH
[00:44:52] [253/459] RJTM
[00:44:53] [254/459] SGMD
[00:44:53] [255/459] SVJT
[00:44:55] [256/459] SPPO
[00:44:55] [257/459] MNRL
[00:44:57] [258/459] KNOX
[00:44:58] [259/459] GIER
[00:44:59] [260/459] PJMS
[00:45:00] [261/459] UNSP
[00:45:01] [262/459] JETP
[00:45:02] [263/459] VTWA
[00:45:02] [264/459] SCJI
[00:45:03] [265/459] CBZZ
[00:45:04] [266/459] SDCJ
[00:45:05] [267/459] RRCC
[00:45:06] [268/459] VNKG
[00:45:07] [269/459] LKTO
[00:45:08] [270/459] PJRM
[00:45:09] [271/459] NVRM
[00:45:10] [272/459] SJCS
[00:45:11] [273/459] VIGK
[00:45:12] [274/459] ANST
[00:45:13] [275/459] JTTS
[00:45:14] [276/459] NTST
[00:45:15] [277/459] PREB
[00:45:16] [278/459] TSCZ
[00:45:16] [279/459] CDCM
[00:45:17] [280/459] ELYE
[00:45:18] [281/459] INBS
[00:45:19] [282/459] SMGC
[00:45:20] [283/459] UTMP
[00:45:21] [284/459] INTA
[00:45:22] [285/459] OMPT
[00:45:23] [286/459] SCIR
[00:45:24] [287/459] GCKJ
[00:45:24] [288/459] INOG
[00:45:25] [289/459] SMGB
[00:45:26] [290/459] MCSG
[00:45:27] [291/459] STKG
[00:45:28] [292/459] TTKG
[00:45:29] [293/459] SRTR
[00:45:30] [294/459] ETTR
[00:45:31] [295/459] GGGZ
[00:45:32] [296/459] IPGM
[00:45:33] [297/459] FCDH
[00:45:34] [298/459] DESB
[00:45:35] [299/459] VNTP
[00:45:36] [300/459] ANNT
[00:45:37] [301/459] SLTI
[00:45:38] [302/459] MAJU
[00:45:39] [303/459] JCXP
[00:45:40] [304/459] HARK
[00:45:41] [305/459] JPCJ
[00:45:42] [306/459] RXBD
[00:45:42] [307/459] PTKJ
[00:45:43] [308/459] CMTU
[00:45:44] [309/459] SWOR
[00:45:45] [310/459] JMEX
[00:45:46] [311/459] DTPT
[00:45:47] [312/459] VGMM
[00:45:48] [313/459] VCSG
[00:45:49] [314/459] CVCG
[00:45:50] [315/459] TNTT
[00:45:51] [316/459] SHRM
[00:45:52] [317/459] CGKD
[00:45:53] [318/459] EKCM
[00:45:54] [319/459] SDCX
[00:45:55] [320/459] SBTE
[00:45:57] [321/459] STKJ
[00:45:58] [322/459] TPCE
[00:45:59] [323/459] JTNP
[00:46:00] [324/459] LPCH
[00:46:01] [325/459] CPUO
[00:46:02] [326/459] APSU
[00:46:02] [327/459] RTHC
[00:46:03] [328/459] PTBU
[00:46:04] [329/459] CUCC
[00:46:05] [330/459] CPSA
[00:46:06] [331/459] SUAY
[00:46:07] [332/459] AYAA
[00:46:08] [333/459] MUCH
[00:46:09] [334/459] PCIN
[00:46:10] [335/459] JRRM
[00:46:11] [336/459] KATS
[00:46:12] [337/459] MHFF
[00:46:13] [338/459] ESYM
[00:46:14] [339/459] STYV
[00:46:16] [340/459] SDKG
[00:46:17] [341/459] SMTI
[00:46:17] [342/459] NYCS
[00:46:18] [343/459] MTBG
[00:46:19] [344/459] RHCA
[00:46:20] [345/459] PCKH
[00:46:21] [346/459] ARCR
[00:46:22] [347/459] NCMB
[00:46:23] [348/459] SHYC
[00:46:24] [349/459] LACK
[00:46:25] [350/459] MTCM
[00:46:25] [351/459] RRBN
[00:46:26] [352/459] MYDC
[00:46:27] [353/459] STCS
[00:46:28] [354/459] CONN
[00:46:29] [355/459] SIPS
[00:46:29] [356/459] SMMX
[00:46:30] [357/459] SCBY
[00:46:31] [358/459] SUAP
[00:46:32] [359/459] RSMK
[00:46:33] [360/459] STKP
[00:46:34] [361/459] CIPC
[00:46:35] [362/459] KKCI
[00:46:36] [363/459] CTNK
[00:46:37] [364/459] MMTZ
[00:46:38] [365/459] DCCO
[00:46:39] [366/459] VNMN
[00:46:40] [367/459] RLCN
[00:46:41] [368/459] CMMS
[00:46:42] [369/459] AYOU
[00:46:44] [370/459] SSCN
[00:46:45] [371/459] SMXN
[00:46:46] [372/459] ASSK
[00:46:47] [373/459] VCKM
[00:46:48] [374/459] PCPH
[00:46:49] [375/459] PADM
[00:46:50] [376/459] IESA
[00:46:51] [377/459] VCSP
[00:46:52] [378/459] AEST
[00:46:53] [379/459] VTNR
[00:46:54] [380/459] GTTA
[00:46:55] [381/459] CMMM
[00:46:55] [382/459] AHKT
[00:46:56] [383/459] SIJI
[00:46:57] [384/459] VCEI
[00:46:58] [385/459] SAKR
[00:46:59] [386/459] VSMT
[00:47:00] [387/459] SSCT
[00:47:00] [388/459] USTR
[00:47:01] [389/459] MTKT
[00:47:02] [390/459] TGMP
[00:47:03] [391/459] SIVC
[00:47:04] [392/459] KICT
[00:47:05] [393/459] DAMD
[00:47:06] [394/459] CNPT
[00:47:07] [395/459] RVTT
[00:47:08] [396/459] SNCM
[00:47:09] [397/459] GHTE
[00:47:09] [398/459] PPAM
[00:47:10] [399/459] PVAA
[00:47:11] [400/459] CPAO
[00:47:12] [401/459] HAMD
[00:47:13] [402/459] RCCA
[00:47:14] [403/459] MPCH
[00:47:14] [404/459] ARED
[00:47:15] [405/459] RRCV
[00:47:16] [406/459] MTRB
[00:47:18] [407/459] CKUA
[00:47:18] [408/459] ABMP
[00:47:20] [409/459] RCWA
[00:47:21] [410/459] CGAR
[00:47:21] [411/459] METH
[00:47:22] [412/459] WAGA
[00:47:24] [413/459] MCMA
[00:47:25] [414/459] CSMP
[00:47:26] [415/459] RCNK
[00:47:28] [416/459] PSTM
[00:47:28] [417/459] CSEP
[00:47:29] [418/459] AMGD
[00:47:30] [419/459] CSTE
[00:47:31] [420/459] CONS
[00:47:32] [421/459] APPX
[00:47:34] [422/459] MABC
[00:47:34] [423/459] CXST
[00:47:35] [424/459] MATN
[00:47:37] [425/459] MACZ
[00:47:37] [426/459] MASA
[00:47:39] [427/459] MBSX
[00:47:40] [428/459] CSST
[00:47:40] [429/459] APCL
[00:47:41] [430/459] CGOS
[00:47:42] [431/459] CPEC
[00:47:43] [432/459] MCCP
[00:47:44] [433/459] BSSO
[00:47:45] [434/459] SJKA
[00:47:46] [435/459] CGBO
[00:47:47] [436/459] MVSK
[00:47:48] [437/459] HVCA
[00:47:48] [438/459] NAMD
[00:47:49] [439/459] DEVI
[00:47:50] [440/459] SCSV
[00:47:51] [441/459] PSMA
[00:47:52] [442/459] CLDJ
[00:47:53] [443/459] NMAD
[00:47:54] [444/459] CGMO
[00:47:55] [445/459] MCNA
[00:47:56] [446/459] OCBN
[00:47:57] [447/459] CPEM
[00:47:58] [448/459] CPSM
[00:47:59] [449/459] RCAD
[00:48:03] [450/459] CPMU
[00:48:04] [451/459] DICD
[00:48:06] [452/459] CHOE
[00:48:07] [453/459] PDJM
[00:48:08] [454/459] SSTU
[00:48:10] [455/459] VNRN
[00:48:11] [456/459] PVLG
[00:48:12] [457/459] SWBL
[00:48:13] [458/459] SCAB
[00:48:14] [459/459] RDDA
[00:48:15] ✅ DONE | Shows=0 | Movies=0
[01:24:11] 🚀 BMS DAILY TRACKER STARTED
[01:24:11] [1/459] MCCZ
[01:24:11] 🧠 New identity
[01:24:11] 🔄 Identity reset
[01:24:11] ❌ MCCZ | RuntimeError
[01:24:12] [2/459] FRPU
[01:24:12] 🧠 New identity
[01:24:12] 🔄 Identity reset
[01:24:12] ❌ FRPU | RuntimeError
[01:24:13] [3/459] SKSI
[01:24:13] 🧠 New identity
[01:24:13] 🔄 Identity reset
[01:24:13] ❌ SKSI | RuntimeError
[01:24:13] [4/459] SSCK
[01:24:13] 🧠 New identity
[01:24:13] 🔄 Identity reset
[01:24:13] ❌ SSCK | RuntimeError
[01:24:14] [5/459] SRDC
[01:24:14] 🧠 New identity
[01:24:14] 🔄 Identity reset
[01:24:14] ❌ SRDC | RuntimeError
[01:24:15] [6/459] RSCZ
[01:24:15] 🧠 New identity
[01:24:15] 🔄 Identity reset
[01:24:15] ❌ RSCZ | RuntimeError
[01:24:15] [7/459] PRVT
[01:24:15] 🧠 New identity
[01:24:15] 🔄 Identity reset
[01:24:15] ❌ PRVT | RuntimeError
[01:24:16] [8/459] GAGJ
[01:24:16] 🧠 New identity
[01:24:16] 🔄 Identity reset
[01:24:16] ❌ GAGJ | RuntimeError
[01:24:16] [9/459] SMHG
[01:24:16] 🧠 New identity
[01:24:17] 🔄 Identity reset
[01:24:17] ❌ SMHG | RuntimeError
[01:24:17] [10/459] JTST
[01:24:17] 🧠 New identity
[01:24:17] 🔄 Identity reset
[01:24:17] ❌ JTST | RuntimeError
[01:24:18] [11/459] MYTH
[01:24:18] 🧠 New identity
[01:24:18] 🔄 Identity reset
[01:24:18] ❌ MYTH | RuntimeError
[01:24:18] [12/459] JPCC
[01:24:18] 🧠 New identity
[01:24:18] 🔄 Identity reset
[01:24:18] ❌ JPCC | RuntimeError
[01:24:19] [13/459] ACDC
[01:24:19] 🧠 New identity
[01:24:19] 🔄 Identity reset
[01:24:19] ❌ ACDC | RuntimeError
[01:24:20] [14/459] SVFP
[01:24:20] 🧠 New identity
[01:24:20] 🔄 Identity reset
[01:24:20] ❌ SVFP | RuntimeError
[01:24:20] [15/459] SFCM
[01:24:20] 🧠 New identity
[01:24:20] 🔄 Identity reset
[01:24:20] ❌ SFCM | RuntimeError
[01:24:21] [16/459] RUPK
[01:24:21] 🧠 New identity
[01:24:21] 🔄 Identity reset
[01:24:21] ❌ RUPK | RuntimeError
[01:24:21] [17/459] NTCR
[01:24:21] 🧠 New identity
[01:24:22] 🔄 Identity reset
[01:24:22] ❌ NTCR | RuntimeError
[01:24:22] [18/459] RTCH
[01:24:22] 🧠 New identity
[01:24:22] 🔄 Identity reset
[01:24:22] ❌ RTCH | RuntimeError
[01:24:23] [19/459] SCMH
[01:24:23] 🧠 New identity
[01:24:23] 🔄 Identity reset
[01:24:23] ❌ SCMH | RuntimeError
[01:24:23] [20/459] SVYM
[01:24:23] 🧠 New identity
[01:24:24] 🔄 Identity reset
[01:24:24] ❌ SVYM | RuntimeError
[01:24:24] [21/459] SPYM
[01:24:24] 🧠 New identity
[01:24:24] 🔄 Identity reset
[01:24:24] ❌ SPYM | RuntimeError
[01:24:25] [22/459] SMMF
[01:24:25] 🧠 New identity
[01:24:25] 🔄 Identity reset
[01:24:25] ❌ SMMF | RuntimeError
[01:24:25] [23/459] CLLB
[01:24:25] 🧠 New identity
[01:24:25] 🔄 Identity reset
[01:24:25] ❌ CLLB | RuntimeError
[01:24:26] [24/459] FMCB
[01:24:26] 🧠 New identity
[01:24:26] 🔄 Identity reset
[01:24:26] ❌ FMCB | RuntimeError
[01:24:27] [25/459] BBTC
[01:24:27] 🧠 New identity
[01:24:27] 🔄 Identity reset
[01:24:27] ❌ BBTC | RuntimeError
[01:24:27] [26/459] NTHS
[01:24:27] 🧠 New identity
[01:24:27] 🔄 Identity reset
[01:24:27] ❌ NTHS | RuntimeError
[01:24:28] [27/459] PKKJ
[01:24:28] 🧠 New identity
[01:24:28] 🔄 Identity reset
[01:24:28] ❌ PKKJ | RuntimeError
[01:24:29] [28/459] MTJA
[01:24:29] 🧠 New identity
[01:24:29] 🔄 Identity reset
[01:24:29] ❌ MTJA | RuntimeError
[01:24:29] [29/459] PMSJ
[01:24:29] 🧠 New identity
[01:24:29] 🔄 Identity reset
[01:24:29] ❌ PMSJ | RuntimeError
[01:24:30] [30/459] JMJU
[01:24:30] 🧠 New identity
[01:24:30] 🔄 Identity reset
[01:24:30] ❌ JMJU | RuntimeError
[01:24:31] [31/459] SRAD
[01:24:31] 🧠 New identity
[01:24:31] 🔄 Identity reset
[01:24:31] ❌ SRAD | RuntimeError
[01:24:31] [32/459] MJMC
[01:24:31] 🧠 New identity
[01:24:31] 🔄 Identity reset
[01:24:31] ❌ MJMC | RuntimeError
[01:24:32] [33/459] DFRM
[01:24:32] 🧠 New identity
[01:24:32] 🔄 Identity reset
[01:24:32] ❌ DFRM | RuntimeError
[01:24:32] [34/459] PMRS
[01:24:32] 🧠 New identity
[01:24:33] 🔄 Identity reset
[01:24:33] ❌ PMRS | RuntimeError
[01:24:33] [35/459] RKPP
[01:24:33] 🧠 New identity
[01:24:33] 🔄 Identity reset
[01:24:33] ❌ RKPP | RuntimeError
[01:24:34] [36/459] BMBK
[01:24:34] 🧠 New identity
[01:24:34] 🔄 Identity reset
[01:24:34] ❌ BMBK | RuntimeError
[01:24:34] [37/459] NEWS
[01:24:34] 🧠 New identity
[01:24:35] 🔄 Identity reset
[01:24:35] ❌ NEWS | RuntimeError
[01:24:35] [38/459] SALB
[01:24:35] 🧠 New identity
[01:24:35] 🔄 Identity reset
[01:24:35] ❌ SALB | RuntimeError
[01:24:36] [39/459] SCPW
[01:24:36] 🧠 New identity
[01:24:36] 🔄 Identity reset
[01:24:36] ❌ SCPW | RuntimeError
[01:24:36] [40/459] RAYL
[01:24:36] 🧠 New identity
[01:24:37] 🔄 Identity reset
[01:24:37] ❌ RAYL | RuntimeError
[01:24:37] [41/459] CMGJ
[01:24:37] 🧠 New identity
[01:24:37] 🔄 Identity reset
[01:24:37] ❌ CMGJ | RuntimeError
[01:24:38] [42/459] JRCR
[01:24:38] 🧠 New identity
[01:24:38] 🔄 Identity reset
[01:24:38] ❌ JRCR | RuntimeError
[01:24:38] [43/459] SRTB
[01:24:38] 🧠 New identity
[01:24:38] 🔄 Identity reset
[01:24:38] ❌ SRTB | RuntimeError
[01:24:39] [44/459] ETPB
[01:24:39] 🧠 New identity
[01:24:39] 🔄 Identity reset
[01:24:39] ❌ ETPB | RuntimeError
[01:24:39] [45/459] MXBN
[01:24:39] 🧠 New identity
[01:24:40] 🔄 Identity reset
[01:24:40] ❌ MXBN | RuntimeError
[01:24:40] [46/459] TOPE
[01:24:40] 🧠 New identity
[01:24:40] 🔄 Identity reset
[01:24:40] ❌ TOPE | RuntimeError
[01:24:41] [47/459] SNLJ
[01:24:41] 🧠 New identity
[01:24:41] 🔄 Identity reset
[01:24:41] ❌ SNLJ | RuntimeError
[01:24:42] [48/459] CDDP
[01:24:42] 🧠 New identity
[01:24:42] 🔄 Identity reset
[01:24:42] ❌ CDDP | RuntimeError
[01:24:42] [49/459] APCX
[01:24:42] 🧠 New identity
[01:24:42] 🔄 Identity reset
[01:24:42] ❌ APCX | RuntimeError
[01:24:43] [50/459] TALP
[01:24:43] 🧠 New identity
[01:24:43] 🔄 Identity reset
[01:24:43] ❌ TALP | RuntimeError
[01:24:44] [51/459] RRMP
[01:24:44] 🧠 New identity
[01:24:44] 🔄 Identity reset
[01:24:44] ❌ RRMP | RuntimeError
[01:24:45] [52/459] MAHB
[01:24:45] 🧠 New identity
[01:24:45] 🔄 Identity reset
[01:24:45] ❌ MAHB | RuntimeError
[01:24:45] [53/459] MTKR
[01:24:45] 🧠 New identity
[01:24:45] 🔄 Identity reset
[01:24:45] ❌ MTKR | RuntimeError
[01:24:46] [54/459] KSKL
[01:24:46] 🧠 New identity
[01:24:46] 🔄 Identity reset
[01:24:46] ❌ KSKL | RuntimeError
[01:24:47] [55/459] RJLT
[01:24:47] 🧠 New identity
[01:24:47] 🔄 Identity reset
[01:24:47] ❌ RJLT | RuntimeError
[01:24:47] [56/459] ATAS
[01:24:47] 🧠 New identity
[01:24:47] 🔄 Identity reset
[01:24:47] ❌ ATAS | RuntimeError
[01:24:48] [57/459] AMHR
[01:24:48] 🧠 New identity
[01:24:48] 🔄 Identity reset
[01:24:48] ❌ AMHR | RuntimeError
[01:24:49] [58/459] RSRM
[01:24:49] 🧠 New identity
[01:24:49] 🔄 Identity reset
[01:24:49] ❌ RSRM | RuntimeError
[01:24:49] [59/459] GCAT
[01:24:49] 🧠 New identity
[01:24:49] 🔄 Identity reset
[01:24:49] ❌ GCAT | RuntimeError
[01:24:50] [60/459] SMML
[01:24:50] 🧠 New identity
[01:24:50] 🔄 Identity reset
[01:24:50] ❌ SMML | RuntimeError
[01:24:50] [61/459] ACCD
[01:24:50] 🧠 New identity
[01:24:51] 🔄 Identity reset
[01:24:51] ❌ ACCD | RuntimeError
[01:24:51] [62/459] VYDA
[01:24:51] 🧠 New identity
[01:24:51] 🔄 Identity reset
[01:24:51] ❌ VYDA | RuntimeError
[01:24:52] [63/459] MSKT
[01:24:52] 🧠 New identity
[01:24:52] 🔄 Identity reset
[01:24:52] ❌ MSKT | RuntimeError
[01:24:52] [64/459] AVDM
[01:24:52] 🧠 New identity
[01:24:53] 🔄 Identity reset
[01:24:53] ❌ AVDM | RuntimeError
[01:24:53] [65/459] ASMH
[01:24:53] 🧠 New identity
[01:24:53] 🔄 Identity reset
[01:24:53] ❌ ASMH | RuntimeError
[01:24:54] [66/459] VTMB
[01:24:54] 🧠 New identity
[01:24:54] 🔄 Identity reset
[01:24:54] ❌ VTMB | RuntimeError
[01:24:54] [67/459] WVMB
[01:24:54] 🧠 New identity
[01:24:54] 🔄 Identity reset
[01:24:54] ❌ WVMB | RuntimeError
[01:24:55] [68/459] PPMN
[01:24:55] 🧠 New identity
[01:24:55] 🔄 Identity reset
[01:24:55] ❌ PPMN | RuntimeError
[01:24:56] [69/459] MTMD
[01:24:56] 🧠 New identity
[01:24:56] 🔄 Identity reset
[01:24:56] ❌ MTMD | RuntimeError
[01:24:56] [70/459] SMMO
[01:24:56] 🧠 New identity
[01:24:56] 🔄 Identity reset
[01:24:56] ❌ SMMO | RuntimeError
[01:24:57] [71/459] DLPB
[01:24:57] 🧠 New identity
[01:24:57] 🔄 Identity reset
[01:24:57] ❌ DLPB | RuntimeError
[01:24:58] [72/459] AKMD
[01:24:58] 🧠 New identity
[01:24:58] 🔄 Identity reset
[01:24:58] ❌ AKMD | RuntimeError
[01:24:59] [73/459] SHRR
[01:24:59] 🧠 New identity
[01:24:59] 🔄 Identity reset
[01:24:59] ❌ SHRR | RuntimeError
[01:24:59] [74/459] ASCO
[01:24:59] 🧠 New identity
[01:24:59] 🔄 Identity reset
[01:24:59] ❌ ASCO | RuntimeError
[01:25:00] [75/459] CZVX
[01:25:00] 🧠 New identity
[01:25:00] 🔄 Identity reset
[01:25:00] ❌ CZVX | RuntimeError
[01:25:01] [76/459] GCBB
[01:25:01] 🧠 New identity
[01:25:01] 🔄 Identity reset
[01:25:01] ❌ GCBB | RuntimeError
[01:25:01] [77/459] ATBM
[01:25:01] 🧠 New identity
[01:25:02] 🔄 Identity reset
[01:25:02] ❌ ATBM | RuntimeError
[01:25:02] [78/459] TCGM
[01:25:02] 🧠 New identity
[01:25:02] 🔄 Identity reset
[01:25:02] ❌ TCGM | RuntimeError
[01:25:03] [79/459] UMSE
[01:25:03] 🧠 New identity
[01:25:03] 🔄 Identity reset
[01:25:03] ❌ UMSE | RuntimeError
[01:25:03] [80/459] NKCL
[01:25:03] 🧠 New identity
[01:25:03] 🔄 Identity reset
[01:25:03] ❌ NKCL | RuntimeError
[01:25:04] [81/459] BTLR
[01:25:04] 🧠 New identity
[01:25:04] 🔄 Identity reset
[01:25:04] ❌ BTLR | RuntimeError
[01:25:05] [82/459] GOCL
[01:25:05] 🧠 New identity
[01:25:05] 🔄 Identity reset
[01:25:05] ❌ GOCL | RuntimeError
[01:25:05] [83/459] MIRN
[01:25:05] 🧠 New identity
[01:25:05] 🔄 Identity reset
[01:25:05] ❌ MIRN | RuntimeError
[01:25:06] [84/459] THEC
[01:25:06] 🧠 New identity
[01:25:06] 🔄 Identity reset
[01:25:06] ❌ THEC | RuntimeError
[01:25:06] [85/459] SPPB
[01:25:06] 🧠 New identity
[01:25:06] 🔄 Identity reset
[01:25:06] ❌ SPPB | RuntimeError
[01:25:07] [86/459] PMMM
[01:25:07] 🧠 New identity
[01:25:07] 🔄 Identity reset
[01:25:07] ❌ PMMM | RuntimeError
[01:25:07] [87/459] GGMC
[01:25:08] 🧠 New identity
[01:25:08] 🔄 Identity reset
[01:25:08] ❌ GGMC | RuntimeError
[01:25:08] [88/459] AVSR
[01:25:08] 🧠 New identity
[01:25:08] 🔄 Identity reset
[01:25:08] ❌ AVSR | RuntimeError
[01:25:09] [89/459] RDMH
[01:25:09] 🧠 New identity
[01:25:09] 🔄 Identity reset
[01:25:09] ❌ RDMH | RuntimeError
[01:25:10] [90/459] JSRS
[01:25:10] 🧠 New identity
[01:25:10] 🔄 Identity reset
[01:25:10] ❌ JSRS | RuntimeError
[01:25:10] [91/459] VKGP
[01:25:10] 🧠 New identity
[01:25:10] 🔄 Identity reset
[01:25:10] ❌ VKGP | RuntimeError
[01:25:11] [92/459] ACRT
[01:25:11] 🧠 New identity
[01:25:11] 🔄 Identity reset
[01:25:11] ❌ ACRT | RuntimeError
[01:25:12] [93/459] GCBA
[01:25:12] 🧠 New identity
[01:25:12] 🔄 Identity reset
[01:25:12] ❌ GCBA | RuntimeError
[01:25:12] [94/459] GTCP
[01:25:12] 🧠 New identity
[01:25:12] 🔄 Identity reset
[01:25:12] ❌ GTCP | RuntimeError
[01:25:13] [95/459] AKFC
[01:25:13] 🧠 New identity
[01:25:13] 🔄 Identity reset
[01:25:13] ❌ AKFC | RuntimeError
[01:25:14] [96/459] INCS
[01:25:14] 🧠 New identity
[01:25:14] 🔄 Identity reset
[01:25:14] ❌ INCS | RuntimeError
[01:25:14] [97/459] SMCK
[01:25:14] 🧠 New identity
[01:25:14] 🔄 Identity reset
[01:25:14] ❌ SMCK | RuntimeError
[01:25:15] [98/459] BRUN
[01:25:15] 🧠 New identity
[01:25:15] 🔄 Identity reset
[01:25:15] ❌ BRUN | RuntimeError
[01:25:15] [99/459] RPPC
[01:25:15] 🧠 New identity
[01:25:16] 🔄 Identity reset
[01:25:16] ❌ RPPC | RuntimeError
[01:25:16] [100/459] PAYD
[01:25:16] 🧠 New identity
[01:25:16] 🔄 Identity reset
[01:25:16] ❌ PAYD | RuntimeError
[01:25:17] [101/459] SVVT
[01:25:17] 🧠 New identity
[01:25:17] 🔄 Identity reset
[01:25:17] ❌ SVVT | RuntimeError
[01:25:17] [102/459] RNCC
[01:25:17] 🧠 New identity
[01:25:18] [103/459] PCRC
[01:25:19] [104/459] PMRM
[01:25:20] [105/459] CCRP
[01:25:20] [106/459] INCR
[01:25:21] [107/459] ZTMP
[01:25:22] [108/459] MCNR
[01:25:23] [109/459] INRP
[01:25:24] [110/459] STRC
[01:25:25] [111/459] RATI
[01:25:25] [112/459] PBTR
[01:25:26] [113/459] CMHP
[01:25:27] [114/459] ZECJ
[01:25:29] [115/459] CCCB
[01:25:30] [116/459] BWCB
[01:25:31] [117/459] CCAT
[01:25:32] [118/459] KGCM
[01:25:33] [119/459] INPT
[01:25:34] [120/459] FNCO
[01:25:35] [121/459] SRMJ
[01:25:35] [122/459] PFSC
[01:25:36] [123/459] PBMC
[01:25:37] [124/459] KARP
[01:25:38] [125/459] KOVI
[01:25:39] [126/459] ACXL
[01:25:39] [127/459] GKCC
[01:25:40] [128/459] ASCC
[01:25:41] [129/459] SETC
[01:25:42] [130/459] KACC
[01:25:43] [131/459] KAVE
[01:25:44] [132/459] CNTC
[01:25:45] [133/459] MEEN
[01:25:47] [134/459] BMRV
[01:25:47] [135/459] SVAM
[01:25:48] [136/459] VTBP
[01:25:49] [137/459] VCKN
[01:25:50] [138/459] SGTK
[01:25:51] [139/459] RCGS
[01:25:52] [140/459] RCCB
[01:25:53] [141/459] RKSR
[01:25:54] [142/459] RKCU
[01:25:55] [143/459] GIBH
[01:25:56] [144/459] CXBS
[01:25:57] [145/459] GGCB
[01:25:58] [146/459] SCPB
[01:25:58] [147/459] AKTB
[01:25:59] [148/459] SRBU
[01:26:00] [149/459] CSSA
[01:26:01] [150/459] MYAN
[01:26:02] [151/459] EXCA
[01:26:03] [152/459] CKSA
[01:26:03] [153/459] JTNM
[01:26:04] [154/459] CXKT
[01:26:05] [155/459] NCLM
[01:26:06] [156/459] JAAD
[01:26:08] [157/459] RDCR
[01:26:08] [158/459] MEER
[01:26:09] [159/459] SIBT
[01:26:10] [160/459] PVVB
[01:26:11] [161/459] FNPN
[01:26:12] [162/459] CRPX
[01:26:12] [163/459] STET
[01:26:13] [164/459] METE
[01:26:14] [165/459] BJML
[01:26:15] [166/459] MAVT
[01:26:16] [167/459] MSRM
[01:26:17] [168/459] TJMP
[01:26:18] [169/459] MHCK
[01:26:19] [170/459] SVGP
[01:26:20] [171/459] KRRC
[01:26:21] [172/459] IMCH
[01:26:22] [173/459] CMCS
[01:26:22] [174/459] SGND
[01:26:23] [175/459] RNAT
[01:26:24] [176/459] PRTN
[01:26:25] [177/459] MPTN
[01:26:27] [178/459] ARCC
[01:26:28] [179/459] NTTE
[01:26:29] [180/459] ABND
[01:26:30] [181/459] KCSN
[01:26:30] [182/459] KCSA
[01:26:31] [183/459] DCKT
[01:26:32] [184/459] MBBR
[01:26:33] [185/459] RAMU
[01:26:34] [186/459] RACW
[01:26:35] [187/459] MCHP
[01:26:36] [188/459] TMHM
[01:26:36] [189/459] STXH
[01:26:37] [190/459] AGSG
[01:26:38] [191/459] SIRA
[01:26:39] [192/459] RCAN
[01:26:40] [193/459] CWTB
[01:26:41] [194/459] VTYM
[01:26:42] [195/459] RRPP
[01:26:43] [196/459] ASMR
[01:26:44] [197/459] RONO
[01:26:45] [198/459] MEMR
[01:26:46] [199/459] CTMR
[01:26:46] [200/459] PMTT
[01:26:47] [201/459] PSLX
[01:26:48] [202/459] IPPL
[01:26:49] [203/459] MMSG
[01:26:50] [204/459] INEL
[01:26:51] [205/459] COAC
[01:26:52] [206/459] WVLK
[01:26:52] [207/459] PPXL
[01:26:53] [208/459] PSML
[01:26:54] [209/459] FNLK
[01:26:56] [210/459] ILUM
[01:26:57] [211/459] ILCM
[01:26:57] [212/459] MSNL
[01:26:59] [213/459] VINB
[01:27:00] [214/459] SALW
[01:27:00] [215/459] PRTB
[01:27:01] [216/459] NCIL
[01:27:02] [217/459] PSUL
[01:27:03] [218/459] SCLK
[01:27:04] [219/459] ADDC
[01:27:05] [220/459] OACL
[01:27:05] [221/459] OOCF
[01:27:06] [222/459] GPMF
[01:27:07] [223/459] SSDG
[01:27:08] [224/459] SKRS
[01:27:08] [225/459] NTTP
[01:27:09] [226/459] SLTP
[01:27:10] [227/459] JTLC
[01:27:12] [228/459] POON
[01:27:12] [229/459] CCPC
[01:27:13] [230/459] DCKC
[01:27:14] [231/459] CPRT
[01:27:15] [232/459] EYHZ
[01:27:16] [233/459] ARBL
[01:27:17] [234/459] SBTB
[01:27:18] [235/459] MMCK
[01:27:19] [236/459] PLMR
[01:27:20] [237/459] BIJH
[01:27:21] [238/459] SDRT
[01:27:22] [239/459] PRDC
[01:27:22] [240/459] OMJA
[01:27:23] [241/459] VKCR
[01:27:25] [242/459] ATRT
[01:27:26] [243/459] WVRP
[01:27:27] [244/459] MVRP
[01:27:28] [245/459] FCAX
[01:27:29] [246/459] CTLC
[01:27:29] [247/459] JCHB
[01:27:30] [248/459] SELP
[01:27:31] [249/459] VCPG
[01:27:32] [250/459] ASCX
[01:27:32] [251/459] EOCS
[01:27:33] [252/459] RCPH
[01:27:34] [253/459] RJTM
[01:27:36] [254/459] SGMD
[01:27:37] [255/459] SVJT
[01:27:39] [256/459] SPPO
[01:27:40] [257/459] MNRL
[01:27:40] [258/459] KNOX
[01:27:41] [259/459] GIER
[01:27:42] [260/459] PJMS
[01:27:43] [261/459] UNSP
[01:27:44] [262/459] JETP
[01:27:45] [263/459] VTWA
[01:27:46] [264/459] SCJI
[01:27:46] [265/459] CBZZ
[01:27:47] [266/459] SDCJ
[01:27:48] [267/459] RRCC
[01:27:49] [268/459] VNKG
[01:27:50] [269/459] LKTO
[01:27:51] [270/459] PJRM
[01:27:52] [271/459] NVRM
[01:27:53] [272/459] SJCS
[01:27:54] [273/459] VIGK
[01:27:55] [274/459] ANST
[01:27:56] [275/459] JTTS
[01:27:57] [276/459] NTST
[01:27:57] [277/459] PREB
[01:27:58] [278/459] TSCZ
[01:27:59] [279/459] CDCM
[01:28:00] [280/459] ELYE
[01:28:01] [281/459] INBS
[01:28:02] [282/459] SMGC
[01:28:03] [283/459] UTMP
[01:28:03] [284/459] INTA
[01:28:05] [285/459] OMPT
[01:28:06] [286/459] SCIR
[01:28:07] [287/459] GCKJ
[01:28:08] [288/459] INOG
[01:28:09] [289/459] SMGB
[01:28:10] [290/459] MCSG
[01:28:11] [291/459] STKG
[01:28:11] [292/459] TTKG
[01:28:12] [293/459] SRTR
[01:28:13] [294/459] ETTR
[01:28:14] [295/459] GGGZ
[01:28:15] [296/459] IPGM
[01:28:16] [297/459] FCDH
[01:28:16] [298/459] DESB
[01:28:17] [299/459] VNTP
[01:28:18] [300/459] ANNT
[01:28:19] [301/459] SLTI
[01:28:20] [302/459] MAJU
[01:28:21] [303/459] JCXP
[01:28:22] [304/459] HARK
[01:28:22] [305/459] JPCJ
[01:28:23] [306/459] RXBD
[01:28:24] [307/459] PTKJ
[01:28:25] [308/459] CMTU
[01:28:26] [309/459] SWOR
[01:28:26] [310/459] JMEX
[01:28:27] [311/459] DTPT
[01:28:28] [312/459] VGMM
[01:28:29] [313/459] VCSG
[01:28:31] [314/459] CVCG
[01:28:31] [315/459] TNTT
[01:28:32] [316/459] SHRM
[01:28:33] [317/459] CGKD
[01:28:34] [318/459] EKCM
[01:28:35] [319/459] SDCX
[01:28:35] [320/459] SBTE
[01:28:36] [321/459] STKJ
[01:28:37] [322/459] TPCE
[01:28:39] [323/459] JTNP
[01:28:39] [324/459] LPCH
[01:28:40] [325/459] CPUO
[01:28:41] [326/459] APSU
[01:28:42] [327/459] RTHC
[01:28:42] [328/459] PTBU
[01:28:43] [329/459] CUCC
[01:28:44] [330/459] CPSA
[01:28:46] [331/459] SUAY
[01:28:47] [332/459] AYAA
[01:28:47] [333/459] MUCH
[01:28:48] [334/459] PCIN
[01:28:49] [335/459] JRRM
[01:28:50] [336/459] KATS
[01:28:51] [337/459] MHFF
[01:28:52] [338/459] ESYM
[01:28:53] [339/459] STYV
[01:28:53] [340/459] SDKG
[01:28:55] [341/459] SMTI
[01:28:56] [342/459] NYCS
[01:28:56] [343/459] MTBG
[01:28:57] [344/459] RHCA
[01:28:58] [345/459] PCKH
[01:28:59] [346/459] ARCR
[01:29:00] [347/459] NCMB
[01:29:01] [348/459] SHYC
[01:29:02] [349/459] LACK
[01:29:03] [350/459] MTCM
[01:29:03] [351/459] RRBN
[01:29:04] [352/459] MYDC
[01:29:05] [353/459] STCS
[01:29:05] [354/459] CONN
[01:29:06] [355/459] SIPS
[01:29:07] [356/459] SMMX
[01:29:08] [357/459] SCBY
[01:29:09] [358/459] SUAP
[01:29:09] [359/459] RSMK
[01:29:10] [360/459] STKP
[01:29:11] [361/459] CIPC
[01:29:12] [362/459] KKCI
[01:29:13] [363/459] CTNK
[01:29:14] [364/459] MMTZ
[01:29:15] [365/459] DCCO
[01:29:15] [366/459] VNMN
[01:29:16] [367/459] RLCN
[01:29:17] [368/459] CMMS
[01:29:17] [369/459] AYOU
[01:29:18] [370/459] SSCN
[01:29:19] [371/459] SMXN
[01:29:20] [372/459] ASSK
[01:29:20] [373/459] VCKM
[01:29:21] [374/459] PCPH
[01:29:23] [375/459] PADM
[01:29:24] [376/459] IESA
[01:29:25] [377/459] VCSP
[01:29:26] [378/459] AEST
[01:29:27] [379/459] VTNR
[01:29:28] [380/459] GTTA
[01:29:28] [381/459] CMMM
[01:29:29] [382/459] AHKT
[01:29:30] [383/459] SIJI
[01:29:31] [384/459] VCEI
[01:29:31] [385/459] SAKR
[01:29:32] [386/459] VSMT
[01:29:33] [387/459] SSCT
[01:29:34] [388/459] USTR
[01:29:35] [389/459] MTKT
[01:29:36] [390/459] TGMP
[01:29:37] [391/459] SIVC
[01:29:38] [392/459] KICT
[01:29:38] [393/459] DAMD
[01:29:39] [394/459] CNPT
[01:29:40] [395/459] RVTT
[01:29:41] [396/459] SNCM
[01:29:42] [397/459] GHTE
[01:29:43] [398/459] PPAM
[01:29:44] [399/459] PVAA
[01:29:45] [400/459] CPAO
[01:29:46] [401/459] HAMD
[01:29:47] [402/459] RCCA
[01:29:47] [403/459] MPCH
[01:29:49] [404/459] ARED
[01:29:50] [405/459] RRCV
[01:29:51] [406/459] MTRB
[01:29:52] [407/459] CKUA
[01:29:52] [408/459] ABMP
[01:29:53] [409/459] RCWA
[01:29:54] [410/459] CGAR
[01:29:55] [411/459] METH
[01:29:56] [412/459] WAGA
[01:29:57] [413/459] MCMA
[01:29:58] [414/459] CSMP
[01:29:58] [415/459] RCNK
[01:29:59] [416/459] PSTM
[01:30:00] [417/459] CSEP
[01:30:01] [418/459] AMGD
[01:30:02] [419/459] CSTE
[01:30:03] [420/459] CONS
[01:30:05] [421/459] APPX
[01:30:05] [422/459] MABC
[01:30:07] [423/459] CXST
[01:30:08] [424/459] MATN
[01:30:08] [425/459] MACZ
[01:30:09] [426/459] MASA
[01:30:10] [427/459] MBSX
[01:30:11] [428/459] CSST
[01:30:12] [429/459] APCL
[01:30:13] [430/459] CGOS
[01:30:14] [431/459] CPEC
[01:30:15] [432/459] MCCP
[01:30:15] [433/459] BSSO
[01:30:16] [434/459] SJKA
[01:30:17] [435/459] CGBO
[01:30:18] [436/459] MVSK
[01:30:18] [437/459] HVCA
[01:30:19] [438/459] NAMD
[01:30:20] [439/459] DEVI
[01:30:21] [440/459] SCSV
[01:30:22] [441/459] PSMA
[01:30:22] [442/459] CLDJ
[01:30:23] [443/459] NMAD
[01:30:24] [444/459] CGMO
[01:30:25] [445/459] MCNA
[01:30:26] [446/459] OCBN
[01:30:27] [447/459] CPEM
[01:30:28] [448/459] CPSM
[01:30:28] [449/459] RCAD
[01:30:29] [450/459] CPMU
[01:30:31] [451/459] DICD
[01:30:32] [452/459] CHOE
[01:30:33] [453/459] PDJM
[01:30:34] [454/459] SSTU
[01:30:35] [455/459] VNRN
[01:30:35] [456/459] PVLG
[01:30:36] [457/459] SWBL
[01:30:37] [458/459] SCAB
[01:30:39] [459/459] RDDA
[01:30:39] ✅ DONE | Shows=0 | Movies=0
