[09:33:22] 🚀 SCRIPT STARTED
[09:33:22] [1/445] TGMR
[09:33:22] 🧠 New identity created
[09:33:24] [2/445] CXKR
[09:33:24] [3/445] SROP
[09:33:25] [4/445] GTSV
[09:33:26] [5/445] SNTY
[09:33:28] [6/445] SMYY
[09:33:29] [7/445] CNCS
[09:33:29] [8/445] CSTM
[09:33:30] [9/445] NUCD
[09:33:31] [10/445] SHCZ
[09:33:32] [11/445] NJCT
[09:33:33] [12/445] COPC
[09:33:34] [13/445] STVV
[09:33:35] [14/445] SKRN
[09:33:36] [15/445] APPZ
[09:33:37] [16/445] YMGN
[09:33:38] [17/445] SVTU
[09:33:39] [18/445] GTAD
[09:33:39] [19/445] PSUS
[09:33:40] [20/445] SMCD
[09:33:41] [21/445] CMCM
[09:33:42] [22/445] SYCT
[09:33:43] [23/445] STLY
[09:33:44] [24/445] CMHU
[09:33:45] [25/445] CMSA
[09:33:46] [26/445] CLCU
[09:33:47] [27/445] PPNT
[09:33:48] [28/445] JTAB
[09:33:49] [29/445] BUUC
[09:33:50] [30/445] BSVK
[09:33:51] [31/445] VVVQ
[09:33:52] [32/445] TKMU
[09:33:53] [33/445] ESYL
[09:33:55] [34/445] ACHP
[09:33:57] [35/445] BTKD
[09:33:58] [36/445] DESA
[09:33:58] [37/445] GBCT
[09:33:59] [38/445] BLLD
[09:34:01] [39/445] SKNT
[09:34:02] [40/445] SSTE
[09:34:03] [41/445] VJMR
[09:34:03] [42/445] NTPU
[09:34:05] [43/445] RDKN
[09:34:06] [44/445] ADGC
[09:34:08] [45/445] VRBP
[09:34:08] [46/445] NMNA
[09:34:09] [47/445] CMMX
[09:34:10] [48/445] PTKO
[09:34:12] [49/445] RBML
[09:34:13] [50/445] SAIC
[09:34:14] [51/445] SVTJ
[09:34:15] [52/445] MRTE
[09:34:16] [53/445] RBTP
[09:34:18] [54/445] NLPS
[09:34:19] [55/445] GTNA
[09:34:20] [56/445] DGGC
[09:34:20] [57/445] SMCR
[09:34:21] [58/445] SCGD
[09:34:22] [59/445] SRRJ
[09:34:23] [60/445] CNRY
[09:34:24] [61/445] KTDI
[09:34:25] [62/445] SNJL
[09:34:26] [63/445] RKMD
[09:34:27] [64/445] SMDC
[09:34:28] [65/445] TADG
[09:34:29] [66/445] MCGS
[09:34:29] [67/445] PETK
[09:34:31] [68/445] CHAG
[09:34:32] [69/445] KSTL
[09:34:33] [70/445] AADS
[09:34:34] [71/445] NTHZ
[09:34:35] [72/445] HCKI
[09:34:36] [73/445] SSEF
[09:34:37] [74/445] MCGX
[09:34:38] [75/445] ERRA
[09:34:39] [76/445] SDTW
[09:34:39] [77/445] RMPK
[09:34:40] [78/445] PTHK
[09:34:41] [79/445] PXCS
[09:34:42] [80/445] SVLU
[09:34:43] [81/445] STAH
[09:34:44] [82/445] JRGF
[09:34:46] [83/445] CDOK
[09:34:47] [84/445] CMSG
[09:34:48] [85/445] APTD
[09:34:48] [86/445] KMPG
[09:34:49] [87/445] MUTJ
[09:34:50] [88/445] VCCI
[09:34:51] [89/445] URBE
[09:34:52] [90/445] TCTS
[09:34:53] [91/445] STSN
[09:34:54] [92/445] AKCH
[09:34:55] [93/445] APSC
[09:34:55] [94/445] VLTB
[09:34:56] [95/445] SANU
[09:34:57] [96/445] AXAM
[09:34:58] [97/445] MGMG
[09:34:59] [98/445] HTBY
[09:35:00] [99/445] MMZS
[09:35:00] [100/445] SUDR
[09:35:01] [101/445] CCAD
[09:35:02] [102/445] SKKC
[09:35:03] [103/445] RMCD
[09:35:04] [104/445] SBCQ
[09:35:05] [105/445] DCCT
[09:35:06] [106/445] VTKP
[09:35:07] [107/445] MLAM
[09:35:08] [108/445] SAVT
[09:35:09] [109/445] GEPL
[09:35:10] [110/445] AMCD
[09:35:11] [111/445] CCXR
[09:35:12] [112/445] GRNG
[09:35:13] [113/445] EBCA
[09:35:14] [114/445] CNVG
[09:35:15] [115/445] MWSS
[09:35:16] [116/445] VBOR
[09:35:17] [117/445] NEEB
[09:35:18] [118/445] SUTH
[09:35:19] [119/445] ANDB
[09:35:20] [120/445] MMXS
[09:35:21] [121/445] CNPD
[09:35:22] [122/445] SDCE
[09:35:22] [123/445] DHCB
[09:35:23] [124/445] ODEN
[09:35:24] [125/445] TNTC
[09:35:25] [126/445] VBKM
[09:35:26] [127/445] RZYM
[09:35:26] [128/445] JEMC
[09:35:27] [129/445] CMAU
[09:35:28] [130/445] SIVP
[09:35:29] [131/445] ATAG
[09:35:30] [132/445] CHTM
[09:35:30] [133/445] AAEE
[09:35:31] [134/445] IWPM
[09:35:32] [135/445] KCMW
[09:35:33] [136/445] MCTD
[09:35:34] [137/445] SPWR
[09:35:35] [138/445] SDPO
[09:35:36] [139/445] PCSK
[09:35:37] [140/445] ACHV
[09:35:38] [141/445] SVLA
[09:35:39] [142/445] PICT
[09:35:40] [143/445] BXDR
[09:35:41] [144/445] SPWA
[09:35:42] [145/445] MCKO
[09:35:43] [146/445] RTHK
[09:35:44] [147/445] CCMF
[09:35:45] [148/445] MRGB
[09:35:46] [149/445] CPLC
[09:35:47] [150/445] RACD
[09:35:48] [151/445] ATKT
[09:35:49] [152/445] SARN
[09:35:49] [153/445] KKUI
[09:35:50] [154/445] RGCM
[09:35:51] [155/445] BRVP
[09:35:52] [156/445] HRSR
[09:35:53] [157/445] GKGM
[09:35:54] [158/445] TTCD
[09:35:55] [159/445] PTTI
[09:35:56] [160/445] MPTT
[09:35:57] [161/445] CVTT
[09:35:58] [162/445] PCXD
[09:35:59] [163/445] GCDC
[09:35:59] [164/445] CCCF
[09:36:00] [165/445] MRAD
[09:36:01] [166/445] CPLK
[09:36:02] [167/445] SATB
[09:36:04] [168/445] SNVG
[09:36:04] [169/445] JMBA
[09:36:05] [170/445] TEJA
[09:36:06] [171/445] STYO
[09:36:07] [172/445] JTBP
[09:36:09] [173/445] KRGD
[09:36:10] [174/445] SLJJ
[09:36:11] [175/445] SPTJ
[09:36:12] [176/445] SWJG
[09:36:12] [177/445] LKRT
[09:36:13] [178/445] KCKA
[09:36:14] [179/445] SNCR
[09:36:15] [180/445] SMKL
[09:36:16] [181/445] GCFA
[09:36:16] [182/445] DDCK
[09:36:17] [183/445] NCHJ
[09:36:18] [184/445] RDMA
[09:36:19] [185/445] SVSV
[09:36:20] [186/445] SCJG
[09:36:21] [187/445] VKLP
[09:36:22] [188/445] NWCC
[09:36:22] [189/445] VKNS
[09:36:23] [190/445] SDDP
[09:36:24] [191/445] ACSI
[09:36:25] [192/445] SATG
[09:36:26] [193/445] SCMW
[09:36:26] [194/445] LKTK
[09:36:27] [195/445] VCKV
[09:36:28] [196/445] KKPE
[09:36:29] [197/445] KIGH
[09:36:31] [198/445] SRPM
[09:36:32] [199/445] SCAH
[09:36:32] [200/445] MUTA
[09:36:33] [201/445] SEPU
[09:36:34] [202/445] INOA
[09:36:35] [203/445] BASK
[09:36:36] [204/445] NECB
[09:36:37] [205/445] GTTG
[09:36:38] [206/445] ASSA
[09:36:39] [207/445] ANCL
[09:36:40] [208/445] GCTI
[09:36:40] [209/445] RCTS
[09:36:41] [210/445] ACNL
[09:36:42] [211/445] MYCT
[09:36:43] [212/445] NMHT
[09:36:44] [213/445] MDIT
[09:36:45] [214/445] LATG
[09:36:47] [215/445] SMTY
[09:36:47] [216/445] CVCT
[09:36:48] [217/445] RAMB
[09:36:49] [218/445] TGMS
[09:36:50] [219/445] BHEL
[09:36:51] [220/445] SHCT
[09:36:52] [221/445] SVCT
[09:36:52] [222/445] MRIY
[09:36:55] [223/445] SARO
[09:36:56] [224/445] STCT
[09:36:57] [225/445] JKKC
[09:36:57] [226/445] PLTT
[09:36:58] [227/445] SRNT
[09:36:59] [228/445] YAST
[09:37:00] [229/445] PERL
[09:37:01] [230/445] CICM
[09:37:02] [231/445] MMTR
[09:37:03] [232/445] ABTK
[09:37:04] [233/445] ATYY
[09:37:05] [234/445] ASTK
[09:37:05] [235/445] VVCK
[09:37:06] [236/445] ATKY
[09:37:07] [237/445] GWEK
[09:37:08] [238/445] SVFH
[09:37:10] [239/445] SLTA
[09:37:11] [240/445] AASH
[09:37:12] [241/445] ACXB
[09:37:13] [242/445] SMTX
[09:37:14] [243/445] AZDH
[09:37:15] [244/445] CMMH
[09:37:16] [245/445] SCSZ
[09:37:17] [246/445] SCKP
[09:37:18] [247/445] NXTM
[09:37:20] [248/445] NWCS
[09:37:21] [249/445] CXMH
[09:37:22] [250/445] PCMA
[09:37:23] [251/445] SGCM
[09:37:23] [252/445] SDTU
[09:37:24] [253/445] MMVI
[09:37:25] [254/445] JKCM
[09:37:27] [255/445] VCMM
[09:37:28] [256/445] SYEE
[09:37:28] [257/445] VASD
[09:37:30] [258/445] BDRB
[09:37:30] [259/445] LASM
[09:37:31] [260/445] DCRL
[09:37:32] [261/445] DVPM
[09:37:33] [262/445] SBMJ
[09:37:34] [263/445] CBMU
[09:37:35] [264/445] IUBS
[09:37:36] [265/445] INAP
[09:37:38] [266/445] SRRC
[09:37:38] [267/445] SAGR
[09:37:39] [268/445] CPMJ
[09:37:40] [269/445] ATJL
[09:37:41] [270/445] NNTD
[09:37:42] [271/445] JHCJ
[09:37:43] [272/445] CMMP
[09:37:44] [273/445] RSDR
[09:37:45] [274/445] AMTI
[09:37:45] [275/445] NYSG
[09:37:46] [276/445] AVSG
[09:37:47] [277/445] SYTP
[09:37:48] [278/445] LARC
[09:37:49] [279/445] RJTP
[09:37:50] [280/445] LAKC
[09:37:51] [281/445] MCXE
[09:37:52] [282/445] CCZC
[09:37:53] [283/445] AVCH
[09:37:54] [284/445] CMBE
[09:37:55] [285/445] MRRC
[09:37:56] [286/445] PCPY
[09:37:57] [287/445] SRMH
[09:37:58] [288/445] SVGS
[09:37:58] [289/445] PCSE
[09:37:59] [290/445] SVFT
[09:38:00] [291/445] TNZP
[09:38:01] [292/445] ICTP
[09:38:02] [293/445] ACTZ
[09:38:03] [294/445] GTUR
[09:38:04] [295/445] MAFC
[09:38:04] [296/445] MINL
[09:38:05] [297/445] MRCL
[09:38:06] [298/445] RCRP
[09:38:07] [299/445] RFFG
[09:38:08] [300/445] RMAS
[09:38:09] [301/445] INVR
[09:38:10] [302/445] RMAR
[09:38:11] [303/445] CNIS
[09:38:11] [304/445] RHRJ
[09:38:13] [305/445] INXR
[09:38:14] [306/445] VALT
[09:38:15] [307/445] LCSH
[09:38:16] [308/445] CMVS
[09:38:17] [309/445] CNMS
[09:38:18] [310/445] ROOG
[09:38:19] [311/445] ISRM
[09:38:20] [312/445] RCRM
[09:38:21] [313/445] ACJA
[09:38:22] [314/445] RCVS
[09:38:23] [315/445] CPUS
[09:38:24] [316/445] TGCS
[09:38:25] [317/445] RKCJ
[09:38:26] [318/445] MKSB
[09:38:27] [319/445] TCSJ
[09:38:28] [320/445] RMGP
[09:38:29] [321/445] CLLP
[09:38:30] [322/445] RCMV
[09:38:31] [323/445] CCKS
[09:38:31] [324/445] RSRP
[09:38:33] [325/445] APLP
[09:38:34] [326/445] CNVS
[09:38:35] [327/445] RMVY
[09:38:36] [328/445] PGBD
[09:38:37] [329/445] KLMS
[09:38:38] [330/445] RUST
[09:38:39] [331/445] MASM
[09:38:40] [332/445] BACS
[09:38:41] [333/445] BWST
[09:38:43] [334/445] RRFH
[09:38:44] [335/445] SJTM
[09:38:44] [336/445] BEMR
[09:38:45] [337/445] MCGR
[09:38:46] [338/445] SDSK
[09:38:47] [339/445] VBOL
[09:38:48] [340/445] RMGM
[09:38:49] [341/445] NOPL
[09:38:50] [342/445] MKJK
[09:38:51] [343/445] CVRN
[09:38:52] [344/445] MMEN
[09:38:53] [345/445] AMNG
[09:38:54] [346/445] INTM
[09:38:54] [347/445] SLCZ
[09:38:55] [348/445] AMJN
[09:38:56] [349/445] ACJN
[09:38:57] [350/445] AMKN
[09:38:58] [351/445] BTCN
[09:38:58] [352/445] AMBT
[09:38:59] [353/445] PACN
[09:39:01] [354/445] LCNS
[09:39:02] [355/445] PPKC
[09:39:04] [356/445] JYYN
[09:39:05] [357/445] JTNR
[09:39:06] [358/445] GTEE
[09:39:07] [359/445] SRNM
[09:39:08] [360/445] SDTC
[09:39:09] [361/445] VPCA
[09:39:10] [362/445] VLRA
[09:39:11] [363/445] SHKR
[09:39:12] [364/445] SBKD
[09:39:13] [365/445] SAAD
[09:39:14] [366/445] JTGN
[09:39:15] [367/445] SLAM
[09:39:16] [368/445] VTPM
[09:39:17] [369/445] ANPT
[09:39:18] [370/445] PUNB
[09:39:19] [371/445] CPKT
[09:39:19] [372/445] CNWE
[09:39:20] [373/445] ECPP
[09:39:21] [374/445] CPAR
[09:39:22] [375/445] ESBW
[09:39:23] [376/445] PKPU
[09:39:23] [377/445] CPRP
[09:39:24] [378/445] RAHU
[09:39:25] [379/445] RHMN
[09:39:26] [380/445] FMJP
[09:39:27] [381/445] CTMP
[09:39:28] [382/445] INPN
[09:39:28] [383/445] STTG
[09:39:29] [384/445] CTRD
[09:39:31] [385/445] PUVB
[09:39:32] [386/445] ESVP
[09:39:32] [387/445] CPFT
[09:39:33] [388/445] LCPC
[09:39:34] [389/445] VBCT
[09:39:36] [390/445] FSCW
[09:39:36] [391/445] VCMP
[09:39:37] [392/445] ASHC
[09:39:38] [393/445] VLCX
[09:39:40] [394/445] SHEV
[09:39:41] [395/445] APCO
[09:39:41] [396/445] SILC
[09:39:42] [397/445] SNMR
[09:39:43] [398/445] KYBO
[09:39:44] [399/445] SATK
[09:39:45] [400/445] SSCS
[09:39:45] [401/445] CLSB
[09:39:47] [402/445] KMJR
[09:39:48] [403/445] FSCK
[09:39:49] [404/445] NNKA
[09:39:50] [405/445] CLMK
[09:39:51] [406/445] DMPZ
[09:39:51] [407/445] INQM
[09:39:52] [408/445] CAML
[09:39:53] [409/445] INRK
[09:39:54] [410/445] IMKN
[09:39:55] [411/445] SVNR
[09:39:57] [412/445] INSL
[09:39:58] [413/445] MSMA
[09:39:59] [414/445] MCKK
[09:40:00] [415/445] FCHP
[09:40:01] [416/445] SFCR
[09:40:02] [417/445] NACK
[09:40:03] [418/445] PVAK
[09:40:04] [419/445] INER
[09:40:06] [420/445] RDBK
[09:40:06] [421/445] SVFN
[09:40:07] [422/445] IFRM
[09:40:08] [423/445] ATCK
[09:40:09] [424/445] ASKO
[09:40:10] [425/445] STKT
[09:40:11] [426/445] SVFB
[09:40:12] [427/445] INKS
[09:40:13] [428/445] PCRA
[09:40:13] [429/445] ATJA
[09:40:14] [430/445] IMJN
[09:40:15] [431/445] INHD
[09:40:17] [432/445] BARA
[09:40:18] [433/445] MCSL
[09:40:19] [434/445] RTOY
[09:40:21] [435/445] MENO
[09:40:21] [436/445] PUDM
[09:40:22] [437/445] PRCN
[09:40:23] [438/445] JMJR
[09:40:24] [439/445] SSGK
[09:40:25] [440/445] SSRL
[09:40:26] [441/445] JYKL
[09:40:27] [442/445] ACNB
[09:40:28] [443/445] SONP
[09:40:29] [444/445] EMCI
[09:40:29] [445/445] MRJH
[09:40:30] 🧹 Deduping shows
[09:40:30] ✅ DONE | Shows=665 | Movies=46
[16:48:07] 🚀 SCRIPT STARTED
[16:48:07] [1/445] TGMR
[16:48:07] 🧠 New identity created
[16:48:07] 🔄 Identity reset
[16:48:07] ❌ TGMR | RuntimeError
[16:48:08] [2/445] CXKR
[16:48:08] 🧠 New identity created
[16:48:08] 🔄 Identity reset
[16:48:08] ❌ CXKR | RuntimeError
[16:48:08] [3/445] SROP
[16:48:08] 🧠 New identity created
[16:48:08] 🔄 Identity reset
[16:48:08] ❌ SROP | RuntimeError
[16:48:09] [4/445] GTSV
[16:48:09] 🧠 New identity created
[16:48:09] 🔄 Identity reset
[16:48:09] ❌ GTSV | RuntimeError
[16:48:09] [5/445] SNTY
[16:48:09] 🧠 New identity created
[16:48:09] 🔄 Identity reset
[16:48:09] ❌ SNTY | RuntimeError
[16:48:10] [6/445] SMYY
[16:48:10] 🧠 New identity created
[16:48:10] 🔄 Identity reset
[16:48:10] ❌ SMYY | RuntimeError
[16:48:11] [7/445] CNCS
[16:48:11] 🧠 New identity created
[16:48:11] 🔄 Identity reset
[16:48:11] ❌ CNCS | RuntimeError
[16:48:12] [8/445] CSTM
[16:48:12] 🧠 New identity created
[16:48:12] 🔄 Identity reset
[16:48:12] ❌ CSTM | RuntimeError
[16:48:12] [9/445] NUCD
[16:48:12] 🧠 New identity created
[16:48:12] 🔄 Identity reset
[16:48:12] ❌ NUCD | RuntimeError
[16:48:13] [10/445] SHCZ
[16:48:13] 🧠 New identity created
[16:48:13] 🔄 Identity reset
[16:48:13] ❌ SHCZ | RuntimeError
[16:48:14] [11/445] NJCT
[16:48:14] 🧠 New identity created
[16:48:14] 🔄 Identity reset
[16:48:14] ❌ NJCT | RuntimeError
[16:48:14] [12/445] COPC
[16:48:14] 🧠 New identity created
[16:48:14] 🔄 Identity reset
[16:48:14] ❌ COPC | RuntimeError
[16:48:15] [13/445] STVV
[16:48:15] 🧠 New identity created
[16:48:15] 🔄 Identity reset
[16:48:15] ❌ STVV | RuntimeError
[16:48:16] [14/445] SKRN
[16:48:16] 🧠 New identity created
[16:48:16] 🔄 Identity reset
[16:48:16] ❌ SKRN | RuntimeError
[16:48:16] [15/445] APPZ
[16:48:16] 🧠 New identity created
[16:48:16] 🔄 Identity reset
[16:48:16] ❌ APPZ | RuntimeError
[16:48:17] [16/445] YMGN
[16:48:17] 🧠 New identity created
[16:48:17] 🔄 Identity reset
[16:48:17] ❌ YMGN | RuntimeError
[16:48:17] [17/445] SVTU
[16:48:17] 🧠 New identity created
[16:48:17] 🔄 Identity reset
[16:48:17] ❌ SVTU | RuntimeError
[16:48:18] [18/445] GTAD
[16:48:18] 🧠 New identity created
[16:48:18] 🔄 Identity reset
[16:48:18] ❌ GTAD | RuntimeError
[16:48:18] [19/445] PSUS
[16:48:18] 🧠 New identity created
[16:48:19] 🔄 Identity reset
[16:48:19] ❌ PSUS | RuntimeError
[16:48:19] [20/445] SMCD
[16:48:19] 🧠 New identity created
[16:48:19] 🔄 Identity reset
[16:48:19] ❌ SMCD | RuntimeError
[16:48:20] [21/445] CMCM
[16:48:20] 🧠 New identity created
[16:48:20] 🔄 Identity reset
[16:48:20] ❌ CMCM | RuntimeError
[16:48:20] [22/445] SYCT
[16:48:20] 🧠 New identity created
[16:48:20] 🔄 Identity reset
[16:48:20] ❌ SYCT | RuntimeError
[16:48:21] [23/445] STLY
[16:48:21] 🧠 New identity created
[16:48:21] 🔄 Identity reset
[16:48:21] ❌ STLY | RuntimeError
[16:48:21] [24/445] CMHU
[16:48:21] 🧠 New identity created
[16:48:21] 🔄 Identity reset
[16:48:21] ❌ CMHU | RuntimeError
[16:48:22] [25/445] CMSA
[16:48:22] 🧠 New identity created
[16:48:22] 🔄 Identity reset
[16:48:22] ❌ CMSA | RuntimeError
[16:48:22] [26/445] CLCU
[16:48:22] 🧠 New identity created
[16:48:23] 🔄 Identity reset
[16:48:23] ❌ CLCU | RuntimeError
[16:48:23] [27/445] PPNT
[16:48:23] 🧠 New identity created
[16:48:23] 🔄 Identity reset
[16:48:23] ❌ PPNT | RuntimeError
[16:48:24] [28/445] JTAB
[16:48:24] 🧠 New identity created
[16:48:24] 🔄 Identity reset
[16:48:24] ❌ JTAB | RuntimeError
[16:48:24] [29/445] BUUC
[16:48:24] 🧠 New identity created
[16:48:24] 🔄 Identity reset
[16:48:24] ❌ BUUC | RuntimeError
[16:48:25] [30/445] BSVK
[16:48:25] 🧠 New identity created
[16:48:25] 🔄 Identity reset
[16:48:25] ❌ BSVK | RuntimeError
[16:48:26] [31/445] VVVQ
[16:48:26] 🧠 New identity created
[16:48:26] 🔄 Identity reset
[16:48:26] ❌ VVVQ | RuntimeError
[16:48:26] [32/445] TKMU
[16:48:26] 🧠 New identity created
[16:48:26] 🔄 Identity reset
[16:48:26] ❌ TKMU | RuntimeError
[16:48:27] [33/445] ESYL
[16:48:27] 🧠 New identity created
[16:48:27] 🔄 Identity reset
[16:48:27] ❌ ESYL | RuntimeError
[16:48:27] [34/445] ACHP
[16:48:27] 🧠 New identity created
[16:48:27] 🔄 Identity reset
[16:48:27] ❌ ACHP | RuntimeError
[16:48:28] [35/445] BTKD
[16:48:28] 🧠 New identity created
[16:48:28] 🔄 Identity reset
[16:48:28] ❌ BTKD | RuntimeError
[16:48:29] [36/445] DESA
[16:48:29] 🧠 New identity created
[16:48:29] 🔄 Identity reset
[16:48:29] ❌ DESA | RuntimeError
[16:48:29] [37/445] GBCT
[16:48:29] 🧠 New identity created
[16:48:29] 🔄 Identity reset
[16:48:29] ❌ GBCT | RuntimeError
[16:48:30] [38/445] BLLD
[16:48:30] 🧠 New identity created
[16:48:30] 🔄 Identity reset
[16:48:30] ❌ BLLD | RuntimeError
[16:48:30] [39/445] SKNT
[16:48:30] 🧠 New identity created
[16:48:30] 🔄 Identity reset
[16:48:30] ❌ SKNT | RuntimeError
[16:48:31] [40/445] SSTE
[16:48:31] 🧠 New identity created
[16:48:31] 🔄 Identity reset
[16:48:31] ❌ SSTE | RuntimeError
[16:48:32] [41/445] VJMR
[16:48:32] 🧠 New identity created
[16:48:32] 🔄 Identity reset
[16:48:32] ❌ VJMR | RuntimeError
[16:48:32] [42/445] NTPU
[16:48:32] 🧠 New identity created
[16:48:32] 🔄 Identity reset
[16:48:32] ❌ NTPU | RuntimeError
[16:48:33] [43/445] RDKN
[16:48:33] 🧠 New identity created
[16:48:33] 🔄 Identity reset
[16:48:33] ❌ RDKN | RuntimeError
[16:48:33] [44/445] ADGC
[16:48:33] 🧠 New identity created
[16:48:34] [45/445] VRBP
[16:48:34] [46/445] NMNA
[16:48:35] [47/445] CMMX
[16:48:36] [48/445] PTKO
[16:48:36] [49/445] RBML
[16:48:37] [50/445] SAIC
[16:48:37] [51/445] SVTJ
[16:48:38] [52/445] MRTE
[16:48:38] [53/445] RBTP
[16:48:39] [54/445] NLPS
[16:48:39] [55/445] GTNA
[16:48:40] [56/445] DGGC
[16:48:40] [57/445] SMCR
[16:48:41] [58/445] SCGD
[16:48:42] [59/445] SRRJ
[16:48:42] [60/445] CNRY
[16:48:43] [61/445] KTDI
[16:48:43] [62/445] SNJL
[16:48:44] [63/445] RKMD
[16:48:44] [64/445] SMDC
[16:48:45] [65/445] TADG
[16:48:46] [66/445] MCGS
[16:48:46] [67/445] PETK
[16:48:47] [68/445] CHAG
[16:48:47] [69/445] KSTL
[16:48:48] [70/445] AADS
[16:48:49] [71/445] NTHZ
[16:48:49] [72/445] HCKI
[16:48:50] [73/445] SSEF
[16:48:50] [74/445] MCGX
[16:48:51] [75/445] ERRA
[16:48:52] [76/445] SDTW
[16:48:52] [77/445] RMPK
[16:48:53] [78/445] PTHK
[16:48:53] [79/445] PXCS
[16:48:54] [80/445] SVLU
[16:48:54] [81/445] STAH
[16:48:55] [82/445] JRGF
[16:48:55] [83/445] CDOK
[16:48:56] [84/445] CMSG
[16:48:57] [85/445] APTD
[16:48:57] [86/445] KMPG
[16:48:58] [87/445] MUTJ
[16:48:58] [88/445] VCCI
[16:48:59] [89/445] URBE
[16:49:00] [90/445] TCTS
[16:49:00] [91/445] STSN
[16:49:01] [92/445] AKCH
[16:49:01] [93/445] APSC
[16:49:02] [94/445] VLTB
[16:49:02] [95/445] SANU
[16:49:03] [96/445] AXAM
[16:49:03] [97/445] MGMG
[16:49:04] [98/445] HTBY
[16:49:04] [99/445] MMZS
[16:49:05] [100/445] SUDR
[16:49:06] [101/445] CCAD
[16:49:06] [102/445] SKKC
[16:49:07] [103/445] RMCD
[16:49:07] [104/445] SBCQ
[16:49:08] [105/445] DCCT
[16:49:09] [106/445] VTKP
[16:49:09] [107/445] MLAM
[16:49:10] [108/445] SAVT
[16:49:10] [109/445] GEPL
[16:49:11] [110/445] AMCD
[16:49:11] [111/445] CCXR
[16:49:12] [112/445] GRNG
[16:49:13] [113/445] EBCA
[16:49:13] [114/445] CNVG
[16:49:14] [115/445] MWSS
[16:49:14] [116/445] VBOR
[16:49:15] [117/445] NEEB
[16:49:16] [118/445] SUTH
[16:49:16] [119/445] ANDB
[16:49:17] [120/445] MMXS
[16:49:17] [121/445] CNPD
[16:49:18] [122/445] SDCE
[16:49:18] [123/445] DHCB
[16:49:19] [124/445] ODEN
[16:49:19] [125/445] TNTC
[16:49:20] [126/445] VBKM
[16:49:20] [127/445] RZYM
[16:49:21] [128/445] JEMC
[16:49:21] [129/445] CMAU
[16:49:22] [130/445] SIVP
[16:49:23] [131/445] ATAG
[16:49:23] [132/445] CHTM
[16:49:24] [133/445] AAEE
[16:49:25] [134/445] IWPM
[16:49:25] [135/445] KCMW
[16:49:26] [136/445] MCTD
[16:49:27] [137/445] SPWR
[16:49:27] [138/445] SDPO
[16:49:28] [139/445] PCSK
[16:49:29] [140/445] ACHV
[16:49:29] [141/445] SVLA
[16:49:30] [142/445] PICT
[16:49:30] [143/445] BXDR
[16:49:31] [144/445] SPWA
[16:49:32] [145/445] MCKO
[16:49:32] [146/445] RTHK
[16:49:33] [147/445] CCMF
[16:49:33] [148/445] MRGB
[16:49:34] [149/445] CPLC
[16:49:34] [150/445] RACD
[16:49:35] [151/445] ATKT
[16:49:35] [152/445] SARN
[16:49:36] [153/445] KKUI
[16:49:37] [154/445] RGCM
[16:49:38] [155/445] BRVP
[16:49:38] [156/445] HRSR
[16:49:39] [157/445] GKGM
[16:49:39] [158/445] TTCD
[16:49:40] [159/445] PTTI
[16:49:40] [160/445] MPTT
[16:49:41] [161/445] CVTT
[16:49:41] [162/445] PCXD
[16:49:42] [163/445] GCDC
[16:49:43] [164/445] CCCF
[16:49:43] [165/445] MRAD
[16:49:44] [166/445] CPLK
[16:49:44] [167/445] SATB
[16:49:45] [168/445] SNVG
[16:49:46] [169/445] JMBA
[16:49:46] [170/445] TEJA
[16:49:47] [171/445] STYO
[16:49:47] [172/445] JTBP
[16:49:48] [173/445] KRGD
[16:49:48] [174/445] SLJJ
[16:49:49] [175/445] SPTJ
[16:49:50] [176/445] SWJG
[16:49:50] [177/445] LKRT
[16:49:51] [178/445] KCKA
[16:49:51] [179/445] SNCR
[16:49:52] [180/445] SMKL
[16:49:52] [181/445] GCFA
[16:49:53] [182/445] DDCK
[16:49:53] [183/445] NCHJ
[16:49:54] [184/445] RDMA
[16:49:55] [185/445] SVSV
[16:49:55] [186/445] SCJG
[16:49:56] [187/445] VKLP
[16:49:56] [188/445] NWCC
[16:49:57] [189/445] VKNS
[16:49:57] [190/445] SDDP
[16:49:58] [191/445] ACSI
[16:49:58] [192/445] SATG
[16:49:59] [193/445] SCMW
[16:49:59] [194/445] LKTK
[16:50:00] [195/445] VCKV
[16:50:00] [196/445] KKPE
[16:50:01] [197/445] KIGH
[16:50:01] [198/445] SRPM
[16:50:02] [199/445] SCAH
[16:50:02] [200/445] MUTA
[16:50:03] [201/445] SEPU
[16:50:04] [202/445] INOA
[16:50:04] [203/445] BASK
[16:50:05] [204/445] NECB
[16:50:06] [205/445] GTTG
[16:50:06] [206/445] ASSA
[16:50:07] [207/445] ANCL
[16:50:07] [208/445] GCTI
[16:50:08] [209/445] RCTS
[16:50:08] [210/445] ACNL
[16:50:09] [211/445] MYCT
[16:50:10] [212/445] NMHT
[16:50:10] [213/445] MDIT
[16:50:11] [214/445] LATG
[16:50:11] [215/445] SMTY
[16:50:12] [216/445] CVCT
[16:50:12] [217/445] RAMB
[16:50:13] [218/445] TGMS
[16:50:13] [219/445] BHEL
[16:50:14] [220/445] SHCT
[16:50:15] [221/445] SVCT
[16:50:15] [222/445] MRIY
[16:50:16] [223/445] SARO
[16:50:16] [224/445] STCT
[16:50:17] [225/445] JKKC
[16:50:17] [226/445] PLTT
[16:50:18] [227/445] SRNT
[16:50:18] [228/445] YAST
[16:50:19] [229/445] PERL
[16:50:19] [230/445] CICM
[16:50:20] [231/445] MMTR
[16:50:21] [232/445] ABTK
[16:50:21] [233/445] ATYY
[16:50:22] [234/445] ASTK
[16:50:22] [235/445] VVCK
[16:50:23] [236/445] ATKY
[16:50:24] [237/445] GWEK
[16:50:24] [238/445] SVFH
[16:50:24] [239/445] SLTA
[16:50:25] [240/445] AASH
[16:50:26] [241/445] ACXB
[16:50:26] [242/445] SMTX
[16:50:27] [243/445] AZDH
[16:50:28] [244/445] CMMH
[16:50:28] [245/445] SCSZ
[16:50:29] [246/445] SCKP
[16:50:29] [247/445] NXTM
[16:50:30] [248/445] NWCS
[16:50:30] [249/445] CXMH
[16:50:31] [250/445] PCMA
[16:50:31] [251/445] SGCM
[16:50:32] [252/445] SDTU
[16:50:33] [253/445] MMVI
[16:50:33] [254/445] JKCM
[16:50:33] [255/445] VCMM
[16:50:34] [256/445] SYEE
[16:50:34] [257/445] VASD
[16:50:35] [258/445] BDRB
[16:50:36] [259/445] LASM
[16:50:36] [260/445] DCRL
[16:50:37] [261/445] DVPM
[16:50:37] [262/445] SBMJ
[16:50:38] [263/445] CBMU
[16:50:38] [264/445] IUBS
[16:50:39] [265/445] INAP
[16:50:39] [266/445] SRRC
[16:50:40] [267/445] SAGR
[16:50:41] [268/445] CPMJ
[16:50:41] [269/445] ATJL
[16:50:42] [270/445] NNTD
[16:50:42] [271/445] JHCJ
[16:50:43] [272/445] CMMP
[16:50:44] [273/445] RSDR
[16:50:44] [274/445] AMTI
[16:50:44] [275/445] NYSG
[16:50:45] [276/445] AVSG
[16:50:45] [277/445] SYTP
[16:50:46] [278/445] LARC
[16:50:46] [279/445] RJTP
[16:50:47] [280/445] LAKC
[16:50:48] [281/445] MCXE
[16:50:48] [282/445] CCZC
[16:50:49] [283/445] AVCH
[16:50:49] [284/445] CMBE
[16:50:50] [285/445] MRRC
[16:50:50] [286/445] PCPY
[16:50:51] [287/445] SRMH
[16:50:51] [288/445] SVGS
[16:50:52] [289/445] PCSE
[16:50:52] [290/445] SVFT
[16:50:53] [291/445] TNZP
[16:50:54] [292/445] ICTP
[16:50:54] [293/445] ACTZ
[16:50:55] [294/445] GTUR
[16:50:55] [295/445] MAFC
[16:50:55] [296/445] MINL
[16:50:56] [297/445] MRCL
[16:50:56] [298/445] RCRP
[16:50:57] [299/445] RFFG
[16:50:58] [300/445] RMAS
[16:50:58] [301/445] INVR
[16:50:59] [302/445] RMAR
[16:51:00] [303/445] CNIS
[16:51:00] [304/445] RHRJ
[16:51:01] [305/445] INXR
[16:51:01] [306/445] VALT
[16:51:02] [307/445] LCSH
[16:51:02] [308/445] CMVS
[16:51:03] [309/445] CNMS
[16:51:04] [310/445] ROOG
[16:51:04] [311/445] ISRM
[16:51:05] [312/445] RCRM
[16:51:05] [313/445] ACJA
[16:51:06] [314/445] RCVS
[16:51:06] [315/445] CPUS
[16:51:07] [316/445] TGCS
[16:51:07] [317/445] RKCJ
[16:51:08] [318/445] MKSB
[16:51:08] [319/445] TCSJ
[16:51:09] [320/445] RMGP
[16:51:10] [321/445] CLLP
[16:51:10] [322/445] RCMV
[16:51:11] [323/445] CCKS
[16:51:11] [324/445] RSRP
[16:51:12] [325/445] APLP
[16:51:12] [326/445] CNVS
[16:51:13] [327/445] RMVY
[16:51:14] [328/445] PGBD
[16:51:14] [329/445] KLMS
[16:51:15] [330/445] RUST
[16:51:15] [331/445] MASM
[16:51:16] [332/445] BACS
[16:51:16] [333/445] BWST
[16:51:17] [334/445] RRFH
[16:51:17] [335/445] SJTM
[16:51:18] [336/445] BEMR
[16:51:18] [337/445] MCGR
[16:51:19] [338/445] SDSK
[16:51:20] [339/445] VBOL
[16:51:20] [340/445] RMGM
[16:51:21] [341/445] NOPL
[16:51:21] [342/445] MKJK
[16:51:22] [343/445] CVRN
[16:51:22] [344/445] MMEN
[16:51:23] [345/445] AMNG
[16:51:24] [346/445] INTM
[16:51:24] [347/445] SLCZ
[16:51:25] [348/445] AMJN
[16:51:25] [349/445] ACJN
[16:51:26] [350/445] AMKN
[16:51:26] [351/445] BTCN
[16:51:27] [352/445] AMBT
[16:51:28] [353/445] PACN
[16:51:28] [354/445] LCNS
[16:51:29] [355/445] PPKC
[16:51:29] [356/445] JYYN
[16:51:30] [357/445] JTNR
[16:51:30] [358/445] GTEE
[16:51:31] [359/445] SRNM
[16:51:31] [360/445] SDTC
[16:51:32] [361/445] VPCA
[16:51:33] [362/445] VLRA
[16:51:33] [363/445] SHKR
[16:51:34] [364/445] SBKD
[16:51:34] [365/445] SAAD
[16:51:35] [366/445] JTGN
[16:51:35] [367/445] SLAM
[16:51:36] [368/445] VTPM
[16:51:36] [369/445] ANPT
[16:51:37] [370/445] PUNB
[16:51:37] [371/445] CPKT
[16:51:38] [372/445] CNWE
[16:51:39] [373/445] ECPP
[16:51:39] [374/445] CPAR
[16:51:40] [375/445] ESBW
[16:51:40] [376/445] PKPU
[16:51:41] [377/445] CPRP
[16:51:41] [378/445] RAHU
[16:51:42] [379/445] RHMN
[16:51:43] [380/445] FMJP
[16:51:43] [381/445] CTMP
[16:51:44] [382/445] INPN
[16:51:44] [383/445] STTG
[16:51:45] [384/445] CTRD
[16:51:45] [385/445] PUVB
[16:51:46] [386/445] ESVP
[16:51:46] [387/445] CPFT
[16:51:47] [388/445] LCPC
[16:51:47] [389/445] VBCT
[16:51:48] [390/445] FSCW
[16:51:48] [391/445] VCMP
[16:51:49] [392/445] ASHC
[16:51:50] [393/445] VLCX
[16:51:50] [394/445] SHEV
[16:51:51] [395/445] APCO
[16:51:51] [396/445] SILC
[16:51:52] [397/445] SNMR
[16:51:52] [398/445] KYBO
[16:51:53] [399/445] SATK
[16:51:53] [400/445] SSCS
[16:51:54] [401/445] CLSB
[16:51:54] [402/445] KMJR
[16:51:55] [403/445] FSCK
[16:51:55] [404/445] NNKA
[16:51:56] [405/445] CLMK
[16:51:56] [406/445] DMPZ
[16:51:57] [407/445] INQM
[16:51:58] [408/445] CAML
[16:51:58] [409/445] INRK
[16:51:59] [410/445] IMKN
[16:51:59] [411/445] SVNR
[16:52:00] [412/445] INSL
[16:52:01] [413/445] MSMA
[16:52:01] [414/445] MCKK
[16:52:02] [415/445] FCHP
[16:52:03] [416/445] SFCR
[16:52:03] [417/445] NACK
[16:52:04] [418/445] PVAK
[16:52:04] [419/445] INER
[16:52:05] [420/445] RDBK
[16:52:05] [421/445] SVFN
[16:52:06] [422/445] IFRM
[16:52:07] [423/445] ATCK
[16:52:07] [424/445] ASKO
[16:52:08] [425/445] STKT
[16:52:08] [426/445] SVFB
[16:52:09] [427/445] INKS
[16:52:10] [428/445] PCRA
[16:52:10] [429/445] ATJA
[16:52:11] [430/445] IMJN
[16:52:11] [431/445] INHD
[16:52:12] [432/445] BARA
[16:52:12] [433/445] MCSL
[16:52:13] [434/445] RTOY
[16:52:13] [435/445] MENO
[16:52:14] [436/445] PUDM
[16:52:14] [437/445] PRCN
[16:52:15] [438/445] JMJR
[16:52:15] [439/445] SSGK
[16:52:16] [440/445] SSRL
[16:52:16] [441/445] JYKL
[16:52:17] [442/445] ACNB
[16:52:17] [443/445] SONP
[16:52:18] [444/445] EMCI
[16:52:18] [445/445] MRJH
[16:52:19] 🧹 Deduping shows
[16:52:19] ✅ DONE | Shows=670 | Movies=52
