[09:33:21] 🚀 SCRIPT STARTED
[09:33:21] [1/459] NECA
[09:33:21] 🧠 New identity created
[09:33:22] [2/459] BJLC
[09:33:23] [3/459] BASU
[09:33:24] [4/459] RUPI
[09:33:25] [5/459] LCBK
[09:33:26] [6/459] PMAC
[09:33:28] [7/459] AMLC
[09:33:29] [8/459] LICL
[09:33:30] [9/459] UDMM
[09:33:31] [10/459] STBZ
[09:33:32] [11/459] UUBT
[09:33:33] [12/459] SJKC
[09:33:34] [13/459] TUAL
[09:33:35] [14/459] MRSE
[09:33:36] [15/459] RMRK
[09:33:37] [16/459] TTKP
[09:33:38] [17/459] KTKO
[09:33:39] [18/459] SDBK
[09:33:40] [19/459] MCPR
[09:33:41] [20/459] CHTI
[09:33:41] [21/459] GCCP
[09:33:43] [22/459] SRMY
[09:33:44] [23/459] NYST
[09:33:45] [24/459] NYAG
[09:33:46] [25/459] SBMT
[09:33:46] [26/459] INGA
[09:33:47] [27/459] WSIC
[09:33:48] [28/459] SCSS
[09:33:49] [29/459] COPG
[09:33:50] [30/459] RCGR
[09:33:51] [31/459] TCZA
[09:33:52] [32/459] CNLP
[09:33:52] [33/459] CLKN
[09:33:53] [34/459] LHDF
[09:33:54] [35/459] ELKC
[09:33:55] [36/459] VCEM
[09:33:56] [37/459] SSZA
[09:33:57] [38/459] KRMT
[09:33:58] [39/459] LCMV
[09:33:59] [40/459] AYCZ
[09:34:00] [41/459] CUMS
[09:34:02] [42/459] BOCK
[09:34:03] [43/459] PNMR
[09:34:04] [44/459] PJCP
[09:34:05] [45/459] JDDD
[09:34:05] [46/459] STMS
[09:34:06] [47/459] FLMB
[09:34:07] [48/459] PKCM
[09:34:08] [49/459] SPPR
[09:34:09] [50/459] EYLH
[09:34:10] [51/459] RJCC
[09:34:11] [52/459] MMPS
[09:34:12] [53/459] SHMX
[09:34:12] [54/459] CCNL
[09:34:13] [55/459] RCNV
[09:34:14] [56/459] MAAG
[09:34:15] [57/459] LXCM
[09:34:16] [58/459] RCNI
[09:34:17] [59/459] SNNI
[09:34:18] [60/459] LALC
[09:34:19] [61/459] SOCN
[09:34:20] [62/459] JHTP
[09:34:22] [63/459] PITP
[09:34:23] [64/459] CCKW
[09:34:24] [65/459] MCMC
[09:34:25] [66/459] DEES
[09:34:26] [67/459] SABT
[09:34:27] [68/459] VSPP
[09:34:28] [69/459] ABCT
[09:34:29] [70/459] JVTB
[09:34:30] [71/459] VCBD
[09:34:31] [72/459] RMGG
[09:34:33] [73/459] RNMH
[09:34:34] [74/459] SPGL
[09:34:36] [75/459] JTTR
[09:34:36] [76/459] SICS
[09:34:37] [77/459] SRMI
[09:34:38] [78/459] SSIJ
[09:34:39] [79/459] KFMT
[09:34:40] [80/459] VBIT
[09:34:41] [81/459] JKCT
[09:34:41] [82/459] GCGP
[09:34:42] [83/459] GDCS
[09:34:43] [84/459] TRBA
[09:34:44] [85/459] QUST
[09:34:45] [86/459] VSHM
[09:34:46] [87/459] SDCP
[09:34:47] [88/459] SNVS
[09:34:48] [89/459] NYTO
[09:34:48] [90/459] URWC
[09:34:49] [91/459] GTWH
[09:34:51] [92/459] PFCM
[09:34:52] [93/459] KRTA
[09:34:53] [94/459] AXMC
[09:34:54] [95/459] EVMC
[09:34:54] [96/459] HGSM
[09:34:55] [97/459] ACVM
[09:34:56] [98/459] PSKL
[09:34:57] [99/459] RDMP
[09:34:58] [100/459] RHGH
[09:34:59] [101/459] OMCM
[09:35:00] [102/459] DCCP
[09:35:00] [103/459] MCPB
[09:35:01] [104/459] ALCI
[09:35:02] [105/459] BLMX
[09:35:03] [106/459] BTMV
[09:35:04] [107/459] FVPN
[09:35:05] [108/459] CMAR
[09:35:06] [109/459] CEIM
[09:35:07] [110/459] CMVA
[09:35:07] [111/459] CPIV
[09:35:08] [112/459] CNPE
[09:35:09] [113/459] COLV
[09:35:10] [114/459] DNNV
[09:35:11] [115/459] HCAD
[09:35:12] [116/459] TAKA
[09:35:13] [117/459] INVD
[09:35:14] [118/459] IRMM
[09:35:14] [119/459] INSE
[09:35:15] [120/459] MRSW
[09:35:17] [121/459] MCVD
[09:35:18] [122/459] MCSO
[09:35:19] [123/459] PEVM
[09:35:20] [124/459] PVNL
[09:35:20] [125/459] PTCV
[09:35:21] [126/459] PRTC
[09:35:22] [127/459] RCVA
[09:35:23] [128/459] MTBN
[09:35:24] [129/459] LUCP
[09:35:24] [130/459] FMPT
[09:35:25] [131/459] JLSL
[09:35:26] [132/459] SBHA
[09:35:27] [133/459] SHRC
[09:35:28] [134/459] AVPS
[09:35:29] [135/459] STPM
[09:35:30] [136/459] ATRD
[09:35:31] [137/459] VTED
[09:35:31] [138/459] ACAI
[09:35:33] [139/459] SMAE
[09:35:34] [140/459] VMAT
[09:35:35] [141/459] LKCT
[09:35:36] [142/459] JTVK
[09:35:37] [143/459] PRTY
[09:35:38] [144/459] GETT
[09:35:39] [145/459] ESAP
[09:35:40] [146/459] NCPM
[09:35:41] [147/459] PCPA
[09:35:42] [148/459] MMOM
[09:35:43] [149/459] PHUP
[09:35:44] [150/459] CCPI
[09:35:45] [151/459] CNTD
[09:35:46] [152/459] NLJR
[09:35:47] [153/459] SRNG
[09:35:48] [154/459] MHAL
[09:35:49] [155/459] PNSM
[09:35:50] [156/459] DRMY
[09:35:51] [157/459] CCMU
[09:35:51] [158/459] SCMY
[09:35:52] [159/459] PVSY
[09:35:53] [160/459] SDLM
[09:35:54] [161/459] ICCM
[09:35:55] [162/459] PYSU
[09:35:55] [163/459] GATM
[09:35:56] [164/459] WOTM
[09:35:57] [165/459] RKTS
[09:35:58] [166/459] PMTY
[09:35:59] [167/459] LYMS
[09:36:01] [168/459] TGCA
[09:36:02] [169/459] DSTA
[09:36:02] [170/459] CNGE
[09:36:03] [171/459] VSTG
[09:36:04] [172/459] GTCK
[09:36:05] [173/459] TGNT
[09:36:06] [174/459] ASLC
[09:36:08] [175/459] SSST
[09:36:09] [176/459] KBTT
[09:36:09] [177/459] HKCP
[09:36:10] [178/459] SWLC
[09:36:11] [179/459] RTND
[09:36:12] [180/459] PKKT
[09:36:13] [181/459] HSTK
[09:36:14] [182/459] SPTT
[09:36:15] [183/459] IMPM
[09:36:16] [184/459] SCMV
[09:36:17] [185/459] SPCT
[09:36:18] [186/459] JBCA
[09:36:19] [187/459] ATTR
[09:36:19] [188/459] SPMT
[09:36:20] [189/459] LCTM
[09:36:21] [190/459] SCVL
[09:36:22] [191/459] SCVT
[09:36:23] [192/459] KRIC
[09:36:24] [193/459] CTMG
[09:36:26] [194/459] ACNC
[09:36:27] [195/459] DMCK
[09:36:27] [196/459] KMTV
[09:36:29] [197/459] PFCJ
[09:36:30] [198/459] VNMD
[09:36:31] [199/459] VPCZ
[09:36:32] [200/459] SRYR
[09:36:32] [201/459] SYTR
[09:36:33] [202/459] GATR
[09:36:34] [203/459] URTR
[09:36:36] [204/459] MKSM
[09:36:36] [205/459] VSMH
[09:36:37] [206/459] SKRJ
[09:36:38] [207/459] SSJR
[09:36:39] [208/459] SVSM
[09:36:40] [209/459] RUCM
[09:36:41] [210/459] PRKN
[09:36:42] [211/459] RROH
[09:36:43] [212/459] SCTN
[09:36:43] [213/459] RTDM
[09:36:44] [214/459] ASRM
[09:36:45] [215/459] SKMD
[09:36:46] [216/459] SUTD
[09:36:47] [217/459] SADM
[09:36:48] [218/459] WCNR
[09:36:49] [219/459] CNED
[09:36:50] [220/459] MPDB
[09:36:51] [221/459] KTBH
[09:36:52] [222/459] IDRM
[09:36:53] [223/459] PJJT
[09:36:54] [224/459] PFCV
[09:36:55] [225/459] AACT
[09:36:56] [226/459] AAAD
[09:36:57] [227/459] ANES
[09:36:58] [228/459] MNCA
[09:36:59] [229/459] RMGU
[09:37:00] [230/459] DLCN
[09:37:01] [231/459] LJWT
[09:37:02] [232/459] MCBG
[09:37:03] [233/459] MYBG
[09:37:04] [234/459] GCCA
[09:37:05] [235/459] GCGA
[09:37:06] [236/459] ECGN
[09:37:06] [237/459] PRAB
[09:37:08] [238/459] PNMP
[09:37:09] [239/459] GCPT
[09:37:09] [240/459] ROYN
[09:37:10] [241/459] VATM
[09:37:11] [242/459] KSNT
[09:37:12] [243/459] ACTC
[09:37:13] [244/459] PLTD
[09:37:14] [245/459] SKMK
[09:37:15] [246/459] CMTT
[09:37:15] [247/459] SMXP
[09:37:16] [248/459] SCMX
[09:37:17] [249/459] ACXN
[09:37:18] [250/459] ASWT
[09:37:19] [251/459] VVVL
[09:37:20] [252/459] NAGO
[09:37:20] [253/459] SNCN
[09:37:21] [254/459] MCKP
[09:37:22] [255/459] SAMO
[09:37:23] [256/459] JBTV
[09:37:24] [257/459] DCVV
[09:37:25] [258/459] KMSV
[09:37:26] [259/459] KDCN
[09:37:26] [260/459] CNCP
[09:37:27] [261/459] HAMC
[09:37:28] [262/459] CCVZ
[09:37:29] [263/459] NCCK
[09:37:31] [264/459] MCHR
[09:37:31] [265/459] SCHT
[09:37:32] [266/459] ESSH
[09:37:33] [267/459] CUJC
[09:37:34] [268/459] PECP
[09:37:35] [269/459] PMMI
[09:37:36] [270/459] PCCH
[09:37:36] [271/459] PRPM
[09:37:37] [272/459] PVKL
[09:37:39] [273/459] CBSM
[09:37:40] [274/459] PVCZ
[09:37:42] [275/459] PCVV
[09:37:42] [276/459] CTMJ
[09:37:43] [277/459] RCPS
[09:37:44] [278/459] PCIT
[09:37:45] [279/459] FNCH
[09:37:47] [280/459] INZD
[09:37:48] [281/459] INPC
[09:37:49] [282/459] LCZP
[09:37:49] [283/459] SMCB
[09:37:50] [284/459] PTSB
[09:37:51] [285/459] TPSI
[09:37:52] [286/459] KHMJ
[09:37:52] [287/459] RCCJ
[09:37:53] [288/459] NCJA
[09:37:54] [289/459] NCJN
[09:37:55] [290/459] BTDP
[09:37:56] [291/459] PADY
[09:37:57] [292/459] NYBH
[09:37:58] [293/459] MTBR
[09:37:59] [294/459] KRBC
[09:38:00] [295/459] DKTI
[09:38:01] [296/459] ANAN
[09:38:02] [297/459] INBP
[09:38:02] [298/459] PATB
[09:38:04] [299/459] RGNT
[09:38:05] [300/459] CGPM
[09:38:06] [301/459] INTN
[09:38:06] [302/459] MCMP
[09:38:07] [303/459] ASRG
[09:38:08] [304/459] CXJD
[09:38:09] [305/459] SPCP
[09:38:10] [306/459] CSTP
[09:38:10] [307/459] PKVC
[09:38:11] [308/459] ESCP
[09:38:12] [309/459] CAEP
[09:38:13] [310/459] CCSP
[09:38:14] [311/459] KTPC
[09:38:15] [312/459] DACA
[09:38:16] [313/459] NVKY
[09:38:17] [314/459] PTIN
[09:38:17] [315/459] SCIN
[09:38:18] [316/459] MCTY
[09:38:19] [317/459] PCMX
[09:38:20] [318/459] INIC
[09:38:21] [319/459] MMZM
[09:38:22] [320/459] SSLP
[09:38:22] [321/459] DTDT
[09:38:23] [322/459] FFCX
[09:38:24] [323/459] RCMM
[09:38:25] [324/459] KYID
[09:38:26] [325/459] CSCI
[09:38:27] [326/459] FCMC
[09:38:28] [327/459] MMXI
[09:38:30] [328/459] ASTC
[09:38:30] [329/459] CMRA
[09:38:31] [330/459] DICI
[09:38:32] [331/459] KDIN
[09:38:33] [332/459] PRFI
[09:38:34] [333/459] SVFC
[09:38:34] [334/459] UCPL
[09:38:35] [335/459] COOC
[09:38:36] [336/459] SCAL
[09:38:37] [337/459] SVFF
[09:38:38] [338/459] VCMG
[09:38:39] [339/459] UUCT
[09:38:40] [340/459] GCSE
[09:38:41] [341/459] SUSC
[09:38:43] [342/459] MISC
[09:38:44] [343/459] RMBL
[09:38:44] [344/459] CMXN
[09:38:45] [345/459] PVBK
[09:38:46] [346/459] HHCG
[09:38:47] [347/459] SCAG
[09:38:48] [348/459] CNPR
[09:38:49] [349/459] CSER
[09:38:50] [350/459] HLWD
[09:38:51] [351/459] BOLY
[09:38:51] [352/459] SSPG
[09:38:52] [353/459] MUPX
[09:38:53] [354/459] HAMR
[09:38:54] [355/459] SDNC
[09:38:55] [356/459] RTEN
[09:38:56] [357/459] SDTD
[09:38:56] [358/459] KAWS
[09:38:57] [359/459] CMZX
[09:38:58] [360/459] DCDD
[09:38:59] [361/459] ALSN
[09:39:00] [362/459] IMXS
[09:39:01] [363/459] PVFF
[09:39:02] [364/459] PVOO
[09:39:03] [365/459] CFBS
[09:39:04] [366/459] PVER
[09:39:04] [367/459] PPNX
[09:39:05] [368/459] CNRM
[09:39:07] [369/459] PVWW
[09:39:08] [370/459] INMB
[09:39:09] [371/459] CPJR
[09:39:10] [372/459] INRZ
[09:39:11] [373/459] PMSR
[09:39:12] [374/459] GPGM
[09:39:13] [375/459] PGWB
[09:39:13] [376/459] PMBR
[09:39:14] [377/459] GPAM
[09:39:15] [378/459] INBC
[09:39:16] [379/459] PZVK
[09:39:17] [380/459] CPEB
[09:39:18] [381/459] FMLB
[09:39:18] [382/459] INBG
[09:39:19] [383/459] GPBR
[09:39:20] [384/459] PAAS
[09:39:22] [385/459] VTBR
[09:39:22] [386/459] GPMY
[09:39:23] [387/459] GYBU
[09:39:24] [388/459] INBJ
[09:39:25] [389/459] LKTH
[09:39:26] [390/459] NSBR
[09:39:27] [391/459] PDRD
[09:39:28] [392/459] VRBL
[09:39:29] [393/459] VTGB
[09:39:29] [394/459] VTSK
[09:39:30] [395/459] BKDV
[09:39:31] [396/459] SVTB
[09:39:32] [397/459] MLDT
[09:39:33] [398/459] NRBL
[09:39:34] [399/459] SLTR
[09:39:34] [400/459] VNKA
[09:39:35] [401/459] TDCA
[09:39:37] [402/459] INBM
[09:39:38] [403/459] SSNR
[09:39:40] [404/459] BHAC
[09:39:41] [405/459] SDSD
[09:39:42] [406/459] SAMP
[09:39:43] [407/459] RATK
[09:39:44] [408/459] KCBI
[09:39:44] [409/459] URBL
[09:39:45] [410/459] MKBG
[09:39:47] [411/459] ASTB
[09:39:48] [412/459] VBWT
[09:39:49] [413/459] GPSM
[09:39:50] [414/459] ROON
[09:39:51] [415/459] CHTH
[09:39:52] [416/459] SSPA
[09:39:53] [417/459] ANBL
[09:39:54] [418/459] VTBE
[09:39:55] [419/459] SVKT
[09:39:56] [420/459] SVYK
[09:39:56] [421/459] PTBK
[09:39:58] [422/459] RKTB
[09:39:59] [423/459] BALT
[09:40:00] [424/459] STSV
[09:40:01] [425/459] VCCB
[09:40:02] [426/459] SLTB
[09:40:03] [427/459] SBCR
[09:40:04] [428/459] VDCS
[09:40:05] [429/459] MDKI
[09:40:05] [430/459] SMRN
[09:40:06] [431/459] PTBC
[09:40:07] [432/459] RADI
[09:40:09] [433/459] ADCR
[09:40:10] [434/459] SDCS
[09:40:11] [435/459] SRPJ
[09:40:12] [436/459] ARTS
[09:40:13] [437/459] SRHK
[09:40:14] [438/459] SPAY
[09:40:14] [439/459] GPTB
[09:40:15] [440/459] SNNN
[09:40:17] [441/459] BALJ
[09:40:18] [442/459] TRIG
[09:40:18] [443/459] GTYT
[09:40:19] [444/459] ATGN
[09:40:21] [445/459] ANTE
[09:40:22] [446/459] BDCG
[09:40:23] [447/459] VECI
[09:40:24] [448/459] SCPR
[09:40:25] [449/459] RTEA
[09:40:26] [450/459] JSAI
[09:40:27] [451/459] VJTP
[09:40:28] [452/459] GNDS
[09:40:30] [453/459] PAXA
[09:40:30] [454/459] CGGM
[09:40:31] [455/459] ACKZ
[09:40:32] [456/459] EMCC
[09:40:33] [457/459] KLSK
[09:40:34] [458/459] AVCK
[09:40:35] [459/459] JTCK
[09:40:35] 🧹 Deduping shows
[09:40:35] ✅ DONE | Shows=577 | Movies=44
[16:48:08] 🚀 SCRIPT STARTED
[16:48:08] [1/459] NECA
[16:48:08] 🧠 New identity created
[16:48:08] [2/459] BJLC
[16:48:10] [3/459] BASU
[16:48:11] [4/459] RUPI
[16:48:11] [5/459] LCBK
[16:48:13] [6/459] PMAC
[16:48:13] [7/459] AMLC
[16:48:15] [8/459] LICL
[16:48:16] [9/459] UDMM
[16:48:16] [10/459] STBZ
[16:48:18] [11/459] UUBT
[16:48:19] [12/459] SJKC
[16:48:20] [13/459] TUAL
[16:48:21] [14/459] MRSE
[16:48:21] [15/459] RMRK
[16:48:22] [16/459] TTKP
[16:48:23] [17/459] KTKO
[16:48:23] [18/459] SDBK
[16:48:25] [19/459] MCPR
[16:48:25] [20/459] CHTI
[16:48:26] [21/459] GCCP
[16:48:27] [22/459] SRMY
[16:48:28] [23/459] NYST
[16:48:29] [24/459] NYAG
[16:48:30] [25/459] SBMT
[16:48:30] [26/459] INGA
[16:48:32] [27/459] WSIC
[16:48:33] [28/459] SCSS
[16:48:33] [29/459] COPG
[16:48:34] [30/459] RCGR
[16:48:35] [31/459] TCZA
[16:48:36] [32/459] CNLP
[16:48:36] [33/459] CLKN
[16:48:37] [34/459] LHDF
[16:48:38] [35/459] ELKC
[16:48:39] [36/459] VCEM
[16:48:40] [37/459] SSZA
[16:48:41] [38/459] KRMT
[16:48:42] [39/459] LCMV
[16:48:43] [40/459] AYCZ
[16:48:43] [41/459] CUMS
[16:48:44] [42/459] BOCK
[16:48:45] [43/459] PNMR
[16:48:46] [44/459] PJCP
[16:48:46] [45/459] JDDD
[16:48:47] [46/459] STMS
[16:48:49] [47/459] FLMB
[16:48:50] [48/459] PKCM
[16:48:51] [49/459] SPPR
[16:48:51] [50/459] EYLH
[16:48:52] [51/459] RJCC
[16:48:53] [52/459] MMPS
[16:48:54] [53/459] SHMX
[16:48:54] [54/459] CCNL
[16:48:55] [55/459] RCNV
[16:48:56] [56/459] MAAG
[16:48:57] [57/459] LXCM
[16:48:58] [58/459] RCNI
[16:48:58] [59/459] SNNI
[16:48:59] [60/459] LALC
[16:49:00] [61/459] SOCN
[16:49:01] [62/459] JHTP
[16:49:01] [63/459] PITP
[16:49:02] [64/459] CCKW
[16:49:03] [65/459] MCMC
[16:49:04] [66/459] DEES
[16:49:05] [67/459] SABT
[16:49:05] [68/459] VSPP
[16:49:06] [69/459] ABCT
[16:49:07] [70/459] JVTB
[16:49:08] [71/459] VCBD
[16:49:09] [72/459] RMGG
[16:49:10] [73/459] RNMH
[16:49:10] [74/459] SPGL
[16:49:11] [75/459] JTTR
[16:49:12] [76/459] SICS
[16:49:13] [77/459] SRMI
[16:49:13] [78/459] SSIJ
[16:49:14] [79/459] KFMT
[16:49:15] [80/459] VBIT
[16:49:15] [81/459] JKCT
[16:49:16] [82/459] GCGP
[16:49:17] [83/459] GDCS
[16:49:18] [84/459] TRBA
[16:49:19] [85/459] QUST
[16:49:20] [86/459] VSHM
[16:49:21] [87/459] SDCP
[16:49:21] [88/459] SNVS
[16:49:22] [89/459] NYTO
[16:49:23] [90/459] URWC
[16:49:23] [91/459] GTWH
[16:49:25] [92/459] PFCM
[16:49:25] [93/459] KRTA
[16:49:26] [94/459] AXMC
[16:49:27] [95/459] EVMC
[16:49:28] [96/459] HGSM
[16:49:28] [97/459] ACVM
[16:49:30] [98/459] PSKL
[16:49:30] [99/459] RDMP
[16:49:31] [100/459] RHGH
[16:49:32] [101/459] OMCM
[16:49:33] [102/459] DCCP
[16:49:33] [103/459] MCPB
[16:49:34] [104/459] ALCI
[16:49:34] [105/459] BLMX
[16:49:35] [106/459] BTMV
[16:49:36] [107/459] FVPN
[16:49:37] [108/459] CMAR
[16:49:38] [109/459] CEIM
[16:49:38] [110/459] CMVA
[16:49:39] [111/459] CPIV
[16:49:40] [112/459] CNPE
[16:49:42] [113/459] COLV
[16:49:42] [114/459] DNNV
[16:49:43] [115/459] HCAD
[16:49:44] [116/459] TAKA
[16:49:45] [117/459] INVD
[16:49:46] [118/459] IRMM
[16:49:47] [119/459] INSE
[16:49:47] [120/459] MRSW
[16:49:48] [121/459] MCVD
[16:49:49] [122/459] MCSO
[16:49:50] [123/459] PEVM
[16:49:51] [124/459] PVNL
[16:49:51] [125/459] PTCV
[16:49:52] [126/459] PRTC
[16:49:53] [127/459] RCVA
[16:49:54] [128/459] MTBN
[16:49:54] [129/459] LUCP
[16:49:55] [130/459] FMPT
[16:49:56] [131/459] JLSL
[16:49:56] [132/459] SBHA
[16:49:57] [133/459] SHRC
[16:49:58] [134/459] AVPS
[16:49:59] [135/459] STPM
[16:49:59] [136/459] ATRD
[16:50:00] [137/459] VTED
[16:50:01] [138/459] ACAI
[16:50:02] [139/459] SMAE
[16:50:02] [140/459] VMAT
[16:50:03] [141/459] LKCT
[16:50:04] [142/459] JTVK
[16:50:05] [143/459] PRTY
[16:50:05] [144/459] GETT
[16:50:06] [145/459] ESAP
[16:50:07] [146/459] NCPM
[16:50:08] [147/459] PCPA
[16:50:09] [148/459] MMOM
[16:50:10] [149/459] PHUP
[16:50:10] [150/459] CCPI
[16:50:11] [151/459] CNTD
[16:50:12] [152/459] NLJR
[16:50:13] [153/459] SRNG
[16:50:14] [154/459] MHAL
[16:50:15] [155/459] PNSM
[16:50:16] [156/459] DRMY
[16:50:17] [157/459] CCMU
[16:50:17] [158/459] SCMY
[16:50:18] [159/459] PVSY
[16:50:19] [160/459] SDLM
[16:50:20] [161/459] ICCM
[16:50:21] [162/459] PYSU
[16:50:21] [163/459] GATM
[16:50:23] [164/459] WOTM
[16:50:23] [165/459] RKTS
[16:50:24] [166/459] PMTY
[16:50:25] [167/459] LYMS
[16:50:26] [168/459] TGCA
[16:50:26] [169/459] DSTA
[16:50:27] [170/459] CNGE
[16:50:28] [171/459] VSTG
[16:50:29] [172/459] GTCK
[16:50:30] [173/459] TGNT
[16:50:31] [174/459] ASLC
[16:50:32] [175/459] SSST
[16:50:33] [176/459] KBTT
[16:50:33] [177/459] HKCP
[16:50:34] [178/459] SWLC
[16:50:35] [179/459] RTND
[16:50:36] [180/459] PKKT
[16:50:36] [181/459] HSTK
[16:50:37] [182/459] SPTT
[16:50:38] [183/459] IMPM
[16:50:39] [184/459] SCMV
[16:50:39] [185/459] SPCT
[16:50:40] [186/459] JBCA
[16:50:41] [187/459] ATTR
[16:50:42] [188/459] SPMT
[16:50:42] [189/459] LCTM
[16:50:43] [190/459] SCVL
[16:50:44] [191/459] SCVT
[16:50:45] [192/459] KRIC
[16:50:46] [193/459] CTMG
[16:50:47] [194/459] ACNC
[16:50:48] [195/459] DMCK
[16:50:49] [196/459] KMTV
[16:50:50] [197/459] PFCJ
[16:50:51] [198/459] VNMD
[16:50:52] [199/459] VPCZ
[16:50:52] [200/459] SRYR
[16:50:53] [201/459] SYTR
[16:50:54] [202/459] GATR
[16:50:55] [203/459] URTR
[16:50:56] [204/459] MKSM
[16:50:57] [205/459] VSMH
[16:50:58] [206/459] SKRJ
[16:50:59] [207/459] SSJR
[16:51:00] [208/459] SVSM
[16:51:00] [209/459] RUCM
[16:51:01] [210/459] PRKN
[16:51:02] [211/459] RROH
[16:51:02] [212/459] SCTN
[16:51:03] [213/459] RTDM
[16:51:04] [214/459] ASRM
[16:51:05] [215/459] SKMD
[16:51:06] [216/459] SUTD
[16:51:07] [217/459] SADM
[16:51:08] [218/459] WCNR
[16:51:09] [219/459] CNED
[16:51:09] [220/459] MPDB
[16:51:10] [221/459] KTBH
[16:51:11] [222/459] IDRM
[16:51:12] [223/459] PJJT
[16:51:12] [224/459] PFCV
[16:51:13] [225/459] AACT
[16:51:14] [226/459] AAAD
[16:51:15] [227/459] ANES
[16:51:15] [228/459] MNCA
[16:51:16] [229/459] RMGU
[16:51:17] [230/459] DLCN
[16:51:18] [231/459] LJWT
[16:51:18] [232/459] MCBG
[16:51:19] [233/459] MYBG
[16:51:20] [234/459] GCCA
[16:51:21] [235/459] GCGA
[16:51:22] [236/459] ECGN
[16:51:22] [237/459] PRAB
[16:51:23] [238/459] PNMP
[16:51:24] [239/459] GCPT
[16:51:25] [240/459] ROYN
[16:51:26] [241/459] VATM
[16:51:27] [242/459] KSNT
[16:51:28] [243/459] ACTC
[16:51:29] [244/459] PLTD
[16:51:30] [245/459] SKMK
[16:51:31] [246/459] CMTT
[16:51:32] [247/459] SMXP
[16:51:32] [248/459] SCMX
[16:51:34] [249/459] ACXN
[16:51:35] [250/459] ASWT
[16:51:35] [251/459] VVVL
[16:51:36] [252/459] NAGO
[16:51:37] [253/459] SNCN
[16:51:37] [254/459] MCKP
[16:51:39] [255/459] SAMO
[16:51:39] [256/459] JBTV
[16:51:40] [257/459] DCVV
[16:51:41] [258/459] KMSV
[16:51:42] [259/459] KDCN
[16:51:43] [260/459] CNCP
[16:51:44] [261/459] HAMC
[16:51:44] [262/459] CCVZ
[16:51:45] [263/459] NCCK
[16:51:46] [264/459] MCHR
[16:51:47] [265/459] SCHT
[16:51:48] [266/459] ESSH
[16:51:48] [267/459] CUJC
[16:51:49] [268/459] PECP
[16:51:50] [269/459] PMMI
[16:51:51] [270/459] PCCH
[16:51:52] [271/459] PRPM
[16:51:52] [272/459] PVKL
[16:51:53] [273/459] CBSM
[16:51:54] [274/459] PVCZ
[16:51:55] [275/459] PCVV
[16:51:56] [276/459] CTMJ
[16:51:57] [277/459] RCPS
[16:51:58] [278/459] PCIT
[16:51:59] [279/459] FNCH
[16:51:59] [280/459] INZD
[16:52:00] [281/459] INPC
[16:52:01] [282/459] LCZP
[16:52:01] [283/459] SMCB
[16:52:02] [284/459] PTSB
[16:52:03] [285/459] TPSI
[16:52:04] [286/459] KHMJ
[16:52:06] [287/459] RCCJ
[16:52:06] [288/459] NCJA
[16:52:07] [289/459] NCJN
[16:52:08] [290/459] BTDP
[16:52:09] [291/459] PADY
[16:52:10] [292/459] NYBH
[16:52:10] [293/459] MTBR
[16:52:11] [294/459] KRBC
[16:52:12] [295/459] DKTI
[16:52:13] [296/459] ANAN
[16:52:13] [297/459] INBP
[16:52:14] [298/459] PATB
[16:52:15] [299/459] RGNT
[16:52:16] [300/459] CGPM
[16:52:17] [301/459] INTN
[16:52:18] [302/459] MCMP
[16:52:19] [303/459] ASRG
[16:52:19] [304/459] CXJD
[16:52:20] [305/459] SPCP
[16:52:21] [306/459] CSTP
[16:52:22] [307/459] PKVC
[16:52:22] [308/459] ESCP
[16:52:23] [309/459] CAEP
[16:52:24] [310/459] CCSP
[16:52:25] [311/459] KTPC
[16:52:26] [312/459] DACA
[16:52:27] [313/459] NVKY
[16:52:28] [314/459] PTIN
[16:52:28] [315/459] SCIN
[16:52:29] [316/459] MCTY
[16:52:30] [317/459] PCMX
[16:52:31] [318/459] INIC
[16:52:31] [319/459] MMZM
[16:52:32] [320/459] SSLP
[16:52:33] [321/459] DTDT
[16:52:33] [322/459] FFCX
[16:52:34] [323/459] RCMM
[16:52:35] [324/459] KYID
[16:52:36] [325/459] CSCI
[16:52:37] [326/459] FCMC
[16:52:37] [327/459] MMXI
[16:52:38] [328/459] ASTC
[16:52:39] [329/459] CMRA
[16:52:40] [330/459] DICI
[16:52:41] [331/459] KDIN
[16:52:42] [332/459] PRFI
[16:52:42] [333/459] SVFC
[16:52:43] [334/459] UCPL
[16:52:44] [335/459] COOC
[16:52:45] [336/459] SCAL
[16:52:46] [337/459] SVFF
[16:52:47] [338/459] VCMG
[16:52:47] [339/459] UUCT
[16:52:48] [340/459] GCSE
[16:52:49] [341/459] SUSC
[16:52:50] [342/459] MISC
[16:52:50] [343/459] RMBL
[16:52:51] [344/459] CMXN
[16:52:52] [345/459] PVBK
[16:52:53] [346/459] HHCG
[16:52:54] [347/459] SCAG
[16:52:54] [348/459] CNPR
[16:52:55] [349/459] CSER
[16:52:56] [350/459] HLWD
[16:52:57] [351/459] BOLY
[16:52:58] [352/459] SSPG
[16:52:58] [353/459] MUPX
[16:53:00] [354/459] HAMR
[16:53:01] [355/459] SDNC
[16:53:01] [356/459] RTEN
[16:53:02] [357/459] SDTD
[16:53:03] [358/459] KAWS
[16:53:04] [359/459] CMZX
[16:53:04] [360/459] DCDD
[16:53:05] [361/459] ALSN
[16:53:06] [362/459] IMXS
[16:53:06] [363/459] PVFF
[16:53:07] [364/459] PVOO
[16:53:08] [365/459] CFBS
[16:53:09] [366/459] PVER
[16:53:09] [367/459] PPNX
[16:53:10] [368/459] CNRM
[16:53:11] [369/459] PVWW
[16:53:12] [370/459] INMB
[16:53:13] [371/459] CPJR
[16:53:13] [372/459] INRZ
[16:53:15] [373/459] PMSR
[16:53:15] [374/459] GPGM
[16:53:16] [375/459] PGWB
[16:53:17] [376/459] PMBR
[16:53:18] [377/459] GPAM
[16:53:19] [378/459] INBC
[16:53:20] [379/459] PZVK
[16:53:20] [380/459] CPEB
[16:53:21] [381/459] FMLB
[16:53:22] [382/459] INBG
[16:53:23] [383/459] GPBR
[16:53:23] [384/459] PAAS
[16:53:24] [385/459] VTBR
[16:53:25] [386/459] GPMY
[16:53:26] [387/459] GYBU
[16:53:27] [388/459] INBJ
[16:53:28] [389/459] LKTH
[16:53:29] [390/459] NSBR
[16:53:29] [391/459] PDRD
[16:53:30] [392/459] VRBL
[16:53:31] [393/459] VTGB
[16:53:32] [394/459] VTSK
[16:53:33] [395/459] BKDV
[16:53:34] [396/459] SVTB
[16:53:34] [397/459] MLDT
[16:53:35] [398/459] NRBL
[16:53:36] [399/459] SLTR
[16:53:37] [400/459] VNKA
[16:53:38] [401/459] TDCA
[16:53:38] [402/459] INBM
[16:53:39] [403/459] SSNR
[16:53:40] [404/459] BHAC
[16:53:41] [405/459] SDSD
[16:53:42] [406/459] SAMP
[16:53:42] [407/459] RATK
[16:53:43] [408/459] KCBI
[16:53:44] [409/459] URBL
[16:53:45] [410/459] MKBG
[16:53:46] [411/459] ASTB
[16:53:46] [412/459] VBWT
[16:53:47] [413/459] GPSM
[16:53:48] [414/459] ROON
[16:53:49] [415/459] CHTH
[16:53:49] [416/459] SSPA
[16:53:50] [417/459] ANBL
[16:53:51] [418/459] VTBE
[16:53:52] [419/459] SVKT
[16:53:53] [420/459] SVYK
[16:53:54] [421/459] PTBK
[16:53:55] [422/459] RKTB
[16:53:56] [423/459] BALT
[16:53:56] [424/459] STSV
[16:53:57] [425/459] VCCB
[16:53:58] [426/459] SLTB
[16:53:59] [427/459] SBCR
[16:54:00] [428/459] VDCS
[16:54:01] [429/459] MDKI
[16:54:02] [430/459] SMRN
[16:54:03] [431/459] PTBC
[16:54:04] [432/459] RADI
[16:54:05] [433/459] ADCR
[16:54:05] [434/459] SDCS
[16:54:06] [435/459] SRPJ
[16:54:07] [436/459] ARTS
[16:54:08] [437/459] SRHK
[16:54:08] [438/459] SPAY
[16:54:09] [439/459] GPTB
[16:54:10] [440/459] SNNN
[16:54:11] [441/459] BALJ
[16:54:12] [442/459] TRIG
[16:54:12] [443/459] GTYT
[16:54:13] [444/459] ATGN
[16:54:14] [445/459] ANTE
[16:54:15] [446/459] BDCG
[16:54:16] [447/459] VECI
[16:54:17] [448/459] SCPR
[16:54:18] [449/459] RTEA
[16:54:18] [450/459] JSAI
[16:54:19] [451/459] VJTP
[16:54:20] [452/459] GNDS
[16:54:21] [453/459] PAXA
[16:54:22] [454/459] CGGM
[16:54:23] [455/459] ACKZ
[16:54:23] [456/459] EMCC
[16:54:24] [457/459] KLSK
[16:54:25] [458/459] AVCK
[16:54:26] [459/459] JTCK
[16:54:27] 🧹 Deduping shows
[16:54:27] ✅ DONE | Shows=601 | Movies=46
