[09:33:24] 🚀 SCRIPT STARTED
[09:33:24] [1/459] MBDC
[09:33:24] 🧠 New identity created
[09:33:25] [2/459] CHKM
[09:33:25] [3/459] JTKZ
[09:33:26] [4/459] CMCT
[09:33:27] [5/459] ASHO
[09:33:28] [6/459] ECDG
[09:33:28] [7/459] SPAT
[09:33:29] [8/459] HILC
[09:33:30] [9/459] SPPH
[09:33:31] [10/459] SBHN
[09:33:32] [11/459] RRCA
[09:33:32] [12/459] APAA
[09:33:33] [13/459] RAME
[09:33:34] [14/459] TMMS
[09:33:35] [15/459] BATK
[09:33:37] [16/459] LKOP
[09:33:37] [17/459] AMTT
[09:33:38] [18/459] PTGK
[09:33:39] [19/459] ANRS
[09:33:40] [20/459] VWBW
[09:33:41] [21/459] SVFG
[09:33:42] [22/459] STAT
[09:33:42] [23/459] GDCV
[09:33:43] [24/459] VEBI
[09:33:44] [25/459] VDSS
[09:33:44] [26/459] NTHV
[09:33:45] [27/459] AOCH
[09:33:46] [28/459] KASR
[09:33:47] [29/459] AYCS
[09:33:48] [30/459] SHAI
[09:33:49] [31/459] SKPE
[09:33:50] [32/459] SBTA
[09:33:51] [33/459] RTTD
[09:33:52] [34/459] CCJD
[09:33:53] [35/459] RSJJ
[09:33:54] [36/459] RKND
[09:33:55] [37/459] SVTX
[09:33:56] [38/459] BAKM
[09:33:56] [39/459] SVDC
[09:33:58] [40/459] MNCV
[09:33:59] [41/459] SJGC
[09:33:59] [42/459] MTPK
[09:34:01] [43/459] GATP
[09:34:01] [44/459] ABTS
[09:34:02] [45/459] ABDE
[09:34:03] [46/459] RCNM
[09:34:04] [47/459] KTHV
[09:34:04] [48/459] MDGJ
[09:34:05] [49/459] SMLM
[09:34:07] [50/459] JTMA
[09:34:08] [51/459] ACKP
[09:34:09] [52/459] SRTA
[09:34:09] [53/459] STAY
[09:34:10] [54/459] MAVO
[09:34:11] [55/459] APTS
[09:34:11] [56/459] OMEA
[09:34:12] [57/459] TTFD
[09:34:13] [58/459] MJCU
[09:34:14] [59/459] CXTE
[09:34:15] [60/459] CTPX
[09:34:15] [61/459] ASSL
[09:34:17] [62/459] CMVB
[09:34:18] [63/459] VPUR
[09:34:18] [64/459] JJDA
[09:34:19] [65/459] INBL
[09:34:20] [66/459] BIKB
[09:34:21] [67/459] NTBB
[09:34:22] [68/459] GLOB
[09:34:22] [69/459] SNTB
[09:34:23] [70/459] CHGV
[09:34:24] [71/459] SSBZ
[09:34:25] [72/459] PRDB
[09:34:26] [73/459] ISMT
[09:34:27] [74/459] MCSD
[09:34:28] [75/459] JBTT
[09:34:29] [76/459] GEKR
[09:34:29] [77/459] PVUN
[09:34:31] [78/459] NRTB
[09:34:31] [79/459] PRAA
[09:34:32] [80/459] PCBL
[09:34:33] [81/459] PTCM
[09:34:34] [82/459] KHNN
[09:34:35] [83/459] OMJE
[09:34:36] [84/459] STGN
[09:34:36] [85/459] RPMS
[09:34:37] [86/459] NWAD
[09:34:38] [87/459] BLCK
[09:34:39] [88/459] SVAA
[09:34:39] [89/459] URVM
[09:34:40] [90/459] ANTM
[09:34:41] [91/459] VJYM
[09:34:42] [92/459] MAZZ
[09:34:43] [93/459] CSHM
[09:34:44] [94/459] WGMH
[09:34:44] [95/459] SALN
[09:34:45] [96/459] BRTP
[09:34:47] [97/459] SVTA
[09:34:47] [98/459] SBTP
[09:34:48] [99/459] VLSS
[09:34:49] [100/459] SRJA
[09:34:49] [101/459] ANCG
[09:34:50] [102/459] CGGC
[09:34:51] [103/459] CRJA
[09:34:52] [104/459] USCR
[09:34:53] [105/459] MMEF
[09:34:53] [106/459] JCRJ
[09:34:54] [107/459] ADCM
[09:34:55] [108/459] BMYK
[09:34:56] [109/459] KICS
[09:34:57] [110/459] MBBT
[09:34:58] [111/459] MACK
[09:34:58] [112/459] CLDR
[09:34:59] [113/459] JYCR
[09:35:00] [114/459] DCRP
[09:35:00] [115/459] RAHT
[09:35:02] [116/459] CSSM
[09:35:03] [117/459] ATPK
[09:35:04] [118/459] KLRT
[09:35:05] [119/459] SRDD
[09:35:06] [120/459] CKMC
[09:35:07] [121/459] KRVM
[09:35:08] [122/459] AKCP
[09:35:09] [123/459] CNCV
[09:35:09] [124/459] PACT
[09:35:10] [125/459] NATP
[09:35:11] [126/459] PCPK
[09:35:12] [127/459] SMHO
[09:35:13] [128/459] CWTK
[09:35:14] [129/459] RVKZ
[09:35:15] [130/459] ASPD
[09:35:16] [131/459] VTKZ
[09:35:17] [132/459] LCSO
[09:35:18] [133/459] PRDY
[09:35:19] [134/459] RCAP
[09:35:19] [135/459] RGAR
[09:35:20] [136/459] RCAC
[09:35:21] [137/459] PMOD
[09:35:22] [138/459] PVCN
[09:35:23] [139/459] SCRZ
[09:35:24] [140/459] PVPC
[09:35:25] [141/459] STID
[09:35:26] [142/459] NEDD
[09:35:26] [143/459] BNBA
[09:35:27] [144/459] NTCD
[09:35:28] [145/459] OCDE
[09:35:29] [146/459] CCDU
[09:35:30] [147/459] CRXH
[09:35:30] [148/459] VLVT
[09:35:31] [149/459] CICI
[09:35:32] [150/459] SUCB
[09:35:32] [151/459] TCBP
[09:35:33] [152/459] SCCY
[09:35:34] [153/459] LXCY
[09:35:35] [154/459] NCMD
[09:35:35] [155/459] PHCS
[09:35:36] [156/459] DUXR
[09:35:37] [157/459] VNKS
[09:35:38] [158/459] SEDP
[09:35:38] [159/459] SVEN
[09:35:39] [160/459] SRKM
[09:35:40] [161/459] JTLT
[09:35:41] [162/459] SVSS
[09:35:42] [163/459] AMDE
[09:35:42] [164/459] WVRN
[09:35:43] [165/459] ISMG
[09:35:44] [166/459] WVKS
[09:35:46] [167/459] USCG
[09:35:47] [168/459] IOTG
[09:35:47] [169/459] RRJM
[09:35:48] [170/459] EDMP
[09:35:49] [171/459] SCGZ
[09:35:50] [172/459] GMGX
[09:35:50] [173/459] OMTP
[09:35:51] [174/459] MITD
[09:35:52] [175/459] SMMD
[09:35:53] [176/459] STML
[09:35:54] [177/459] MCFS
[09:35:55] [178/459] FPKA
[09:35:55] [179/459] OMLR
[09:35:56] [180/459] KKSC
[09:35:57] [181/459] RVMA
[09:35:57] [182/459] SCLL
[09:35:58] [183/459] SCDK
[09:35:59] [184/459] SXMI
[09:36:00] [185/459] SHDN
[09:36:00] [186/459] PAAD
[09:36:01] [187/459] UUCB
[09:36:02] [188/459] JHOL
[09:36:03] [189/459] SGWT
[09:36:04] [190/459] SRII
[09:36:04] [191/459] SGCK
[09:36:06] [192/459] SVVB
[09:36:06] [193/459] DMHA
[09:36:07] [194/459] PPNL
[09:36:08] [195/459] CPNL
[09:36:08] [196/459] WVLD
[09:36:09] [197/459] PSLV
[09:36:10] [198/459] VTTL
[09:36:11] [199/459] NPAD
[09:36:13] [200/459] PVCS
[09:36:13] [201/459] MCHL
[09:36:14] [202/459] PPLL
[09:36:16] [203/459] MALO
[09:36:16] [204/459] SWBH
[09:36:17] [205/459] PUGB
[09:36:18] [206/459] INBB
[09:36:19] [207/459] INNS
[09:36:20] [208/459] MCPT
[09:36:20] [209/459] SCMI
[09:36:21] [210/459] OCON
[09:36:22] [211/459] SCSM
[09:36:23] [212/459] RJVN
[09:36:24] [213/459] AMDK
[09:36:25] [214/459] ISMR
[09:36:25] [215/459] SMTD
[09:36:26] [216/459] VTDD
[09:36:27] [217/459] PDDZ
[09:36:28] [218/459] PCCK
[09:36:29] [219/459] INAM
[09:36:30] [220/459] FNKT
[09:36:30] [221/459] GDKA
[09:36:31] [222/459] MAYU
[09:36:32] [223/459] TCGU
[09:36:33] [224/459] KDCA
[09:36:34] [225/459] DOMY
[09:36:35] [226/459] PDDD
[09:36:36] [227/459] BJTS
[09:36:36] [228/459] VTCA
[09:36:37] [229/459] SBTM
[09:36:38] [230/459] SEET
[09:36:39] [231/459] SSTJ
[09:36:39] [232/459] SVNT
[09:36:40] [233/459] PPPR
[09:36:41] [234/459] PVYS
[09:36:42] [235/459] IOSE
[09:36:43] [236/459] ACTV
[09:36:44] [237/459] APVE
[09:36:44] [238/459] TCCL
[09:36:45] [239/459] SCMO
[09:36:46] [240/459] SAUM
[09:36:47] [241/459] KCJS
[09:36:47] [242/459] NJCJ
[09:36:48] [243/459] NECF
[09:36:49] [244/459] CCGW
[09:36:50] [245/459] CCMG
[09:36:50] [246/459] NYRG
[09:36:51] [247/459] NCSQ
[09:36:52] [248/459] GRCG
[09:36:53] [249/459] CCBT
[09:36:54] [250/459] ACGA
[09:36:55] [251/459] INAG
[09:36:56] [252/459] FUCG
[09:36:56] [253/459] AICF
[09:36:57] [254/459] GRGA
[09:36:58] [255/459] GDCN
[09:36:59] [256/459] RRCG
[09:36:59] [257/459] SDCH
[09:37:00] [258/459] WVJM
[09:37:01] [259/459] JCCZ
[09:37:02] [260/459] CNCL
[09:37:02] [261/459] TMLV
[09:37:04] [262/459] MEMB
[09:37:04] [263/459] SGTD
[09:37:06] [264/459] CONX
[09:37:07] [265/459] CCMH
[09:37:07] [266/459] ACMC
[09:37:08] [267/459] DTPD
[09:37:10] [268/459] POJA
[09:37:10] [269/459] FNBH
[09:37:11] [270/459] CGCB
[09:37:12] [271/459] RACN
[09:37:13] [272/459] JTSM
[09:37:14] [273/459] SCDN
[09:37:14] [274/459] AACK
[09:37:15] [275/459] RMCE
[09:37:16] [276/459] BSGB
[09:37:17] [277/459] MRCB
[09:37:18] [278/459] SRVR
[09:37:19] [279/459] VTKK
[09:37:20] [280/459] AMST
[09:37:21] [281/459] APCY
[09:37:21] [282/459] LMHO
[09:37:23] [283/459] MTZH
[09:37:24] [284/459] AMZB
[09:37:24] [285/459] SUVT
[09:37:25] [286/459] RCIP
[09:37:26] [287/459] KESR
[09:37:27] [288/459] SNKC
[09:37:28] [289/459] SCED
[09:37:29] [290/459] DVCA
[09:37:30] [291/459] VCDT
[09:37:30] [292/459] RRDI
[09:37:31] [293/459] DFCH
[09:37:32] [294/459] INSC
[09:37:33] [295/459] RGTR
[09:37:34] [296/459] FMOT
[09:37:34] [297/459] SCPM
[09:37:35] [298/459] GCDT
[09:37:36] [299/459] BRKT
[09:37:37] [300/459] DEMP
[09:37:38] [301/459] SRLC
[09:37:38] [302/459] KSTT
[09:37:39] [303/459] SMMT
[09:37:40] [304/459] SILM
[09:37:41] [305/459] JCVM
[09:37:42] [306/459] KCSV
[09:37:43] [307/459] MHLK
[09:37:44] [308/459] SLVL
[09:37:45] [309/459] RJKP
[09:37:46] [310/459] BBPC
[09:37:47] [311/459] MXCB
[09:37:48] [312/459] TCPK
[09:37:48] [313/459] RTBR
[09:37:49] [314/459] GAUT
[09:37:50] [315/459] DVCF
[09:37:51] [316/459] JTSB
[09:37:52] [317/459] SBLS
[09:37:53] [318/459] UDAY
[09:37:53] [319/459] PTNP
[09:37:54] [320/459] DMKT
[09:37:55] [321/459] NTDT
[09:37:56] [322/459] SHDJ
[09:37:56] [323/459] OTNC
[09:37:57] [324/459] RNTW
[09:37:58] [325/459] GCMI
[09:37:58] [326/459] CRCM
[09:37:59] [327/459] NNCZ
[09:38:00] [328/459] OEMO
[09:38:01] [329/459] PVJM
[09:38:02] [330/459] CPJI
[09:38:02] [331/459] RMCJ
[09:38:03] [332/459] CNWJ
[09:38:04] [333/459] EPJM
[09:38:05] [334/459] FNJJ
[09:38:05] [335/459] GCMJ
[09:38:06] [336/459] INPS
[09:38:07] [337/459] BICJ
[09:38:08] [338/459] ISTJ
[09:38:09] [339/459] INJC
[09:38:09] [340/459] GLXJ
[09:38:10] [341/459] INEM
[09:38:11] [342/459] JTMN
[09:38:12] [343/459] FRCJ
[09:38:13] [344/459] DDJP
[09:38:14] [345/459] INJV
[09:38:15] [346/459] GOLC
[09:38:16] [347/459] KOCI
[09:38:17] [348/459] FSTD
[09:38:18] [349/459] PACJ
[09:38:19] [350/459] GMCN
[09:38:20] [351/459] MMDJ
[09:38:21] [352/459] GODH
[09:38:22] [353/459] SKYN
[09:38:23] [354/459] NCTH
[09:38:25] [355/459] SKVZ
[09:38:26] [356/459] SVML
[09:38:27] [357/459] ACVZ
[09:38:28] [358/459] SURA
[09:38:29] [359/459] RTRB
[09:38:29] [360/459] LLCT
[09:38:30] [361/459] ATTS
[09:38:31] [362/459] JYCM
[09:38:32] [363/459] CTKR
[09:38:33] [364/459] LCKR
[09:38:33] [365/459] NYCV
[09:38:34] [366/459] NYOH
[09:38:35] [367/459] NOVX
[09:38:36] [368/459] MRGK
[09:38:37] [369/459] MOON
[09:38:37] [370/459] SBUC
[09:38:38] [371/459] GSVA
[09:38:39] [372/459] VIAK
[09:38:40] [373/459] SMVZ
[09:38:41] [374/459] MATE
[09:38:42] [375/459] RDCN
[09:38:42] [376/459] ASBL
[09:38:43] [377/459] ASVS
[09:38:44] [378/459] ASSR
[09:38:46] [379/459] SSKN
[09:38:47] [380/459] DRPV
[09:38:48] [381/459] MRHT
[09:38:49] [382/459] BSCN
[09:38:49] [383/459] RKNX
[09:38:50] [384/459] MSMC
[09:38:51] [385/459] MSCJ
[09:38:52] [386/459] BTBJ
[09:38:53] [387/459] MJCC
[09:38:53] [388/459] IOMM
[09:38:54] [389/459] ADGR
[09:38:55] [390/459] MYCP
[09:38:56] [391/459] IGCM
[09:38:56] [392/459] PGRK
[09:38:57] [393/459] VPGO
[09:38:58] [394/459] KOMS
[09:38:59] [395/459] URGG
[09:39:00] [396/459] GOST
[09:39:01] [397/459] LACT
[09:39:01] [398/459] BWCM
[09:39:02] [399/459] NCCW
[09:39:04] [400/459] SKYC
[09:39:04] [401/459] CCPM
[09:39:05] [402/459] VCBT
[09:39:06] [403/459] SDKR
[09:39:07] [404/459] CTYB
[09:39:08] [405/459] SHCX
[09:39:09] [406/459] RCUN
[09:39:10] [407/459] CNRA
[09:39:11] [408/459] RFCA
[09:39:12] [409/459] RDCU
[09:39:13] [410/459] SARK
[09:39:14] [411/459] SPPP
[09:39:14] [412/459] ADMB
[09:39:15] [413/459] JYOE
[09:39:16] [414/459] SRMD
[09:39:17] [415/459] RJDH
[09:39:17] [416/459] SSTD
[09:39:18] [417/459] AACV
[09:39:19] [418/459] PPVD
[09:39:20] [419/459] STCP
[09:39:20] [420/459] ANJR
[09:39:21] [421/459] ANLS
[09:39:22] [422/459] BIJO
[09:39:23] [423/459] AVAB
[09:39:24] [424/459] SPMD
[09:39:25] [425/459] SVJL
[09:39:26] [426/459] SDDJ
[09:39:27] [427/459] SLTU
[09:39:28] [428/459] SAKA
[09:39:28] [429/459] PMAM
[09:39:29] [430/459] FNAM
[09:39:31] [431/459] ACAM
[09:39:31] [432/459] SCMM
[09:39:32] [433/459] PMAK
[09:39:33] [434/459] NYSA
[09:39:34] [435/459] FCPA
[09:39:35] [436/459] GDAN
[09:39:37] [437/459] RSCA
[09:39:38] [438/459] DMAN
[09:39:38] [439/459] DZCM
[09:39:39] [440/459] NSGL
[09:39:40] [441/459] CCPP
[09:39:41] [442/459] PSMG
[09:39:41] [443/459] GSER
[09:39:42] [444/459] FCCT
[09:39:43] [445/459] FCTB
[09:39:44] [446/459] LCNK
[09:39:45] [447/459] SKTY
[09:39:46] [448/459] INAA
[09:39:47] [449/459] RCWN
[09:39:48] [450/459] VAIS
[09:39:49] [451/459] CVMN
[09:39:50] [452/459] INTS
[09:39:51] [453/459] FRGS
[09:39:51] [454/459] DTCK
[09:39:53] [455/459] MCMH
[09:39:54] [456/459] ECRR
[09:39:55] [457/459] RLLP
[09:39:56] [458/459] CCSN
[09:39:56] [459/459] CCBA
[09:39:57] 🧹 Deduping shows
[09:39:57] ✅ DONE | Shows=889 | Movies=55
[16:48:07] 🚀 SCRIPT STARTED
[16:48:07] [1/459] MBDC
[16:48:07] 🧠 New identity created
[16:48:08] 🔄 Identity reset
[16:48:08] ❌ MBDC | RuntimeError
[16:48:08] [2/459] CHKM
[16:48:08] 🧠 New identity created
[16:48:08] 🔄 Identity reset
[16:48:08] ❌ CHKM | RuntimeError
[16:48:09] [3/459] JTKZ
[16:48:09] 🧠 New identity created
[16:48:09] 🔄 Identity reset
[16:48:09] ❌ JTKZ | RuntimeError
[16:48:10] [4/459] CMCT
[16:48:10] 🧠 New identity created
[16:48:11] [5/459] ASHO
[16:48:11] [6/459] ECDG
[16:48:12] [7/459] SPAT
[16:48:13] [8/459] HILC
[16:48:14] [9/459] SPPH
[16:48:14] [10/459] SBHN
[16:48:16] [11/459] RRCA
[16:48:17] [12/459] APAA
[16:48:17] [13/459] RAME
[16:48:18] [14/459] TMMS
[16:48:19] [15/459] BATK
[16:48:20] [16/459] LKOP
[16:48:21] [17/459] AMTT
[16:48:22] [18/459] PTGK
[16:48:23] [19/459] ANRS
[16:48:24] [20/459] VWBW
[16:48:24] [21/459] SVFG
[16:48:25] [22/459] STAT
[16:48:26] [23/459] GDCV
[16:48:27] [24/459] VEBI
[16:48:28] [25/459] VDSS
[16:48:29] [26/459] NTHV
[16:48:29] [27/459] AOCH
[16:48:30] [28/459] KASR
[16:48:31] [29/459] AYCS
[16:48:32] [30/459] SHAI
[16:48:33] [31/459] SKPE
[16:48:34] [32/459] SBTA
[16:48:34] [33/459] RTTD
[16:48:35] [34/459] CCJD
[16:48:36] [35/459] RSJJ
[16:48:37] [36/459] RKND
[16:48:37] [37/459] SVTX
[16:48:39] [38/459] BAKM
[16:48:40] [39/459] SVDC
[16:48:40] [40/459] MNCV
[16:48:41] [41/459] SJGC
[16:48:42] [42/459] MTPK
[16:48:42] [43/459] GATP
[16:48:43] [44/459] ABTS
[16:48:44] [45/459] ABDE
[16:48:45] [46/459] RCNM
[16:48:46] [47/459] KTHV
[16:48:47] [48/459] MDGJ
[16:48:48] [49/459] SMLM
[16:48:49] [50/459] JTMA
[16:48:50] [51/459] ACKP
[16:48:51] [52/459] SRTA
[16:48:51] [53/459] STAY
[16:48:52] [54/459] MAVO
[16:48:53] [55/459] APTS
[16:48:54] [56/459] OMEA
[16:48:54] [57/459] TTFD
[16:48:55] [58/459] MJCU
[16:48:56] [59/459] CXTE
[16:48:57] [60/459] CTPX
[16:48:58] [61/459] ASSL
[16:48:58] [62/459] CMVB
[16:48:59] [63/459] VPUR
[16:49:01] [64/459] JJDA
[16:49:01] [65/459] INBL
[16:49:03] [66/459] BIKB
[16:49:03] [67/459] NTBB
[16:49:04] [68/459] GLOB
[16:49:05] [69/459] SNTB
[16:49:06] [70/459] CHGV
[16:49:06] [71/459] SSBZ
[16:49:07] [72/459] PRDB
[16:49:09] [73/459] ISMT
[16:49:09] [74/459] MCSD
[16:49:10] [75/459] JBTT
[16:49:11] [76/459] GEKR
[16:49:12] [77/459] PVUN
[16:49:12] [78/459] NRTB
[16:49:14] [79/459] PRAA
[16:49:15] [80/459] PCBL
[16:49:15] [81/459] PTCM
[16:49:16] [82/459] KHNN
[16:49:17] [83/459] OMJE
[16:49:19] [84/459] STGN
[16:49:19] [85/459] RPMS
[16:49:20] [86/459] NWAD
[16:49:21] [87/459] BLCK
[16:49:22] [88/459] SVAA
[16:49:23] [89/459] URVM
[16:49:23] [90/459] ANTM
[16:49:24] [91/459] VJYM
[16:49:25] [92/459] MAZZ
[16:49:26] [93/459] CSHM
[16:49:26] [94/459] WGMH
[16:49:27] [95/459] SALN
[16:49:28] [96/459] BRTP
[16:49:29] [97/459] SVTA
[16:49:30] [98/459] SBTP
[16:49:31] [99/459] VLSS
[16:49:32] [100/459] SRJA
[16:49:32] [101/459] ANCG
[16:49:33] [102/459] CGGC
[16:49:33] [103/459] CRJA
[16:49:34] [104/459] USCR
[16:49:35] [105/459] MMEF
[16:49:35] [106/459] JCRJ
[16:49:36] [107/459] ADCM
[16:49:37] [108/459] BMYK
[16:49:38] [109/459] KICS
[16:49:38] [110/459] MBBT
[16:49:40] [111/459] MACK
[16:49:41] [112/459] CLDR
[16:49:42] [113/459] JYCR
[16:49:42] [114/459] DCRP
[16:49:43] [115/459] RAHT
[16:49:44] [116/459] CSSM
[16:49:44] [117/459] ATPK
[16:49:45] [118/459] KLRT
[16:49:46] [119/459] SRDD
[16:49:47] [120/459] CKMC
[16:49:48] [121/459] KRVM
[16:49:49] [122/459] AKCP
[16:49:50] [123/459] CNCV
[16:49:51] [124/459] PACT
[16:49:52] [125/459] NATP
[16:49:52] [126/459] PCPK
[16:49:53] [127/459] SMHO
[16:49:54] [128/459] CWTK
[16:49:55] [129/459] RVKZ
[16:49:56] [130/459] ASPD
[16:49:56] [131/459] VTKZ
[16:49:57] [132/459] LCSO
[16:49:58] [133/459] PRDY
[16:49:58] [134/459] RCAP
[16:50:00] [135/459] RGAR
[16:50:00] [136/459] RCAC
[16:50:01] [137/459] PMOD
[16:50:02] [138/459] PVCN
[16:50:03] [139/459] SCRZ
[16:50:03] [140/459] PVPC
[16:50:05] [141/459] STID
[16:50:06] [142/459] NEDD
[16:50:06] [143/459] BNBA
[16:50:07] [144/459] NTCD
[16:50:08] [145/459] OCDE
[16:50:09] [146/459] CCDU
[16:50:09] [147/459] CRXH
[16:50:10] [148/459] VLVT
[16:50:11] [149/459] CICI
[16:50:12] [150/459] SUCB
[16:50:12] [151/459] TCBP
[16:50:13] [152/459] SCCY
[16:50:14] [153/459] LXCY
[16:50:15] [154/459] NCMD
[16:50:16] [155/459] PHCS
[16:50:17] [156/459] DUXR
[16:50:17] [157/459] VNKS
[16:50:18] [158/459] SEDP
[16:50:19] [159/459] SVEN
[16:50:20] [160/459] SRKM
[16:50:20] [161/459] JTLT
[16:50:21] [162/459] SVSS
[16:50:22] [163/459] AMDE
[16:50:23] [164/459] WVRN
[16:50:24] [165/459] ISMG
[16:50:25] [166/459] WVKS
[16:50:26] [167/459] USCG
[16:50:27] [168/459] IOTG
[16:50:28] [169/459] RRJM
[16:50:29] [170/459] EDMP
[16:50:29] [171/459] SCGZ
[16:50:31] [172/459] GMGX
[16:50:32] [173/459] OMTP
[16:50:32] [174/459] MITD
[16:50:33] [175/459] SMMD
[16:50:34] [176/459] STML
[16:50:34] [177/459] MCFS
[16:50:35] [178/459] FPKA
[16:50:36] [179/459] OMLR
[16:50:37] [180/459] KKSC
[16:50:38] [181/459] RVMA
[16:50:39] [182/459] SCLL
[16:50:39] [183/459] SCDK
[16:50:40] [184/459] SXMI
[16:50:41] [185/459] SHDN
[16:50:42] [186/459] PAAD
[16:50:42] [187/459] UUCB
[16:50:43] [188/459] JHOL
[16:50:44] [189/459] SGWT
[16:50:45] [190/459] SRII
[16:50:45] [191/459] SGCK
[16:50:46] [192/459] SVVB
[16:50:47] [193/459] DMHA
[16:50:48] [194/459] PPNL
[16:50:48] [195/459] CPNL
[16:50:49] [196/459] WVLD
[16:50:50] [197/459] PSLV
[16:50:51] [198/459] VTTL
[16:50:52] [199/459] NPAD
[16:50:53] [200/459] PVCS
[16:50:53] [201/459] MCHL
[16:50:54] [202/459] PPLL
[16:50:55] [203/459] MALO
[16:50:57] [204/459] SWBH
[16:50:57] [205/459] PUGB
[16:50:59] [206/459] INBB
[16:50:59] [207/459] INNS
[16:51:00] [208/459] MCPT
[16:51:01] [209/459] SCMI
[16:51:01] [210/459] OCON
[16:51:02] [211/459] SCSM
[16:51:03] [212/459] RJVN
[16:51:04] [213/459] AMDK
[16:51:04] [214/459] ISMR
[16:51:05] [215/459] SMTD
[16:51:06] [216/459] VTDD
[16:51:07] [217/459] PDDZ
[16:51:08] [218/459] PCCK
[16:51:09] [219/459] INAM
[16:51:10] [220/459] FNKT
[16:51:10] [221/459] GDKA
[16:51:11] [222/459] MAYU
[16:51:13] [223/459] TCGU
[16:51:13] [224/459] KDCA
[16:51:14] [225/459] DOMY
[16:51:15] [226/459] PDDD
[16:51:16] [227/459] BJTS
[16:51:17] [228/459] VTCA
[16:51:18] [229/459] SBTM
[16:51:19] [230/459] SEET
[16:51:20] [231/459] SSTJ
[16:51:21] [232/459] SVNT
[16:51:22] [233/459] PPPR
[16:51:23] [234/459] PVYS
[16:51:23] [235/459] IOSE
[16:51:24] [236/459] ACTV
[16:51:25] [237/459] APVE
[16:51:26] [238/459] TCCL
[16:51:26] [239/459] SCMO
[16:51:27] [240/459] SAUM
[16:51:28] [241/459] KCJS
[16:51:29] [242/459] NJCJ
[16:51:30] [243/459] NECF
[16:51:30] [244/459] CCGW
[16:51:31] [245/459] CCMG
[16:51:32] [246/459] NYRG
[16:51:33] [247/459] NCSQ
[16:51:34] [248/459] GRCG
[16:51:35] [249/459] CCBT
[16:51:36] [250/459] ACGA
[16:51:37] [251/459] INAG
[16:51:38] [252/459] FUCG
[16:51:39] [253/459] AICF
[16:51:40] [254/459] GRGA
[16:51:41] [255/459] GDCN
[16:51:42] [256/459] RRCG
[16:51:43] [257/459] SDCH
[16:51:43] [258/459] WVJM
[16:51:44] [259/459] JCCZ
[16:51:45] [260/459] CNCL
[16:51:45] [261/459] TMLV
[16:51:46] [262/459] MEMB
[16:51:47] [263/459] SGTD
[16:51:48] [264/459] CONX
[16:51:49] [265/459] CCMH
[16:51:50] [266/459] ACMC
[16:51:51] [267/459] DTPD
[16:51:52] [268/459] POJA
[16:51:52] [269/459] FNBH
[16:51:53] [270/459] CGCB
[16:51:54] [271/459] RACN
[16:51:54] [272/459] JTSM
[16:51:55] [273/459] SCDN
[16:51:56] [274/459] AACK
[16:51:57] [275/459] RMCE
[16:51:58] [276/459] BSGB
[16:51:58] [277/459] MRCB
[16:51:59] [278/459] SRVR
[16:52:00] [279/459] VTKK
[16:52:00] [280/459] AMST
[16:52:01] [281/459] APCY
[16:52:02] [282/459] LMHO
[16:52:03] [283/459] MTZH
[16:52:04] [284/459] AMZB
[16:52:05] [285/459] SUVT
[16:52:06] [286/459] RCIP
[16:52:07] [287/459] KESR
[16:52:08] [288/459] SNKC
[16:52:08] [289/459] SCED
[16:52:09] [290/459] DVCA
[16:52:10] [291/459] VCDT
[16:52:11] [292/459] RRDI
[16:52:11] [293/459] DFCH
[16:52:12] [294/459] INSC
[16:52:13] [295/459] RGTR
[16:52:14] [296/459] FMOT
[16:52:15] [297/459] SCPM
[16:52:15] [298/459] GCDT
[16:52:16] [299/459] BRKT
[16:52:17] [300/459] DEMP
[16:52:18] [301/459] SRLC
[16:52:18] [302/459] KSTT
[16:52:19] [303/459] SMMT
[16:52:20] [304/459] SILM
[16:52:22] [305/459] JCVM
[16:52:23] [306/459] KCSV
[16:52:23] [307/459] MHLK
[16:52:24] [308/459] SLVL
[16:52:25] [309/459] RJKP
[16:52:25] [310/459] BBPC
[16:52:26] [311/459] MXCB
[16:52:27] [312/459] TCPK
[16:52:27] [313/459] RTBR
[16:52:28] [314/459] GAUT
[16:52:29] [315/459] DVCF
[16:52:30] [316/459] JTSB
[16:52:30] [317/459] SBLS
[16:52:31] [318/459] UDAY
[16:52:32] [319/459] PTNP
[16:52:33] [320/459] DMKT
[16:52:33] [321/459] NTDT
[16:52:34] [322/459] SHDJ
[16:52:35] [323/459] OTNC
[16:52:36] [324/459] RNTW
[16:52:37] [325/459] GCMI
[16:52:37] [326/459] CRCM
[16:52:38] [327/459] NNCZ
[16:52:38] [328/459] OEMO
[16:52:39] [329/459] PVJM
[16:52:40] [330/459] CPJI
[16:52:41] [331/459] RMCJ
[16:52:42] [332/459] CNWJ
[16:52:43] [333/459] EPJM
[16:52:44] [334/459] FNJJ
[16:52:44] [335/459] GCMJ
[16:52:45] [336/459] INPS
[16:52:46] [337/459] BICJ
[16:52:46] [338/459] ISTJ
[16:52:48] [339/459] INJC
[16:52:49] [340/459] GLXJ
[16:52:49] [341/459] INEM
[16:52:50] [342/459] JTMN
[16:52:51] [343/459] FRCJ
[16:52:52] [344/459] DDJP
[16:52:53] [345/459] INJV
[16:52:53] [346/459] GOLC
[16:52:54] [347/459] KOCI
[16:52:55] [348/459] FSTD
[16:52:56] [349/459] PACJ
[16:52:56] [350/459] GMCN
[16:52:57] [351/459] MMDJ
[16:52:58] [352/459] GODH
[16:52:59] [353/459] SKYN
[16:52:59] [354/459] NCTH
[16:53:01] [355/459] SKVZ
[16:53:01] [356/459] SVML
[16:53:02] [357/459] ACVZ
[16:53:03] [358/459] SURA
[16:53:04] [359/459] RTRB
[16:53:04] [360/459] LLCT
[16:53:05] [361/459] ATTS
[16:53:06] [362/459] JYCM
[16:53:06] [363/459] CTKR
[16:53:07] [364/459] LCKR
[16:53:08] [365/459] NYCV
[16:53:09] [366/459] NYOH
[16:53:09] [367/459] NOVX
[16:53:10] [368/459] MRGK
[16:53:11] [369/459] MOON
[16:53:12] [370/459] SBUC
[16:53:13] [371/459] GSVA
[16:53:13] [372/459] VIAK
[16:53:14] [373/459] SMVZ
[16:53:15] [374/459] MATE
[16:53:16] [375/459] RDCN
[16:53:16] [376/459] ASBL
[16:53:17] [377/459] ASVS
[16:53:18] [378/459] ASSR
[16:53:19] [379/459] SSKN
[16:53:20] [380/459] DRPV
[16:53:20] [381/459] MRHT
[16:53:21] [382/459] BSCN
[16:53:22] [383/459] RKNX
[16:53:23] [384/459] MSMC
[16:53:23] [385/459] MSCJ
[16:53:24] [386/459] BTBJ
[16:53:25] [387/459] MJCC
[16:53:26] [388/459] IOMM
[16:53:26] [389/459] ADGR
[16:53:27] [390/459] MYCP
[16:53:28] [391/459] IGCM
[16:53:29] [392/459] PGRK
[16:53:30] [393/459] VPGO
[16:53:30] [394/459] KOMS
[16:53:31] [395/459] URGG
[16:53:32] [396/459] GOST
[16:53:32] [397/459] LACT
[16:53:33] [398/459] BWCM
[16:53:34] [399/459] NCCW
[16:53:35] [400/459] SKYC
[16:53:35] [401/459] CCPM
[16:53:36] [402/459] VCBT
[16:53:37] [403/459] SDKR
[16:53:38] [404/459] CTYB
[16:53:38] [405/459] SHCX
[16:53:39] [406/459] RCUN
[16:53:40] [407/459] CNRA
[16:53:41] [408/459] RFCA
[16:53:41] [409/459] RDCU
[16:53:42] [410/459] SARK
[16:53:43] [411/459] SPPP
[16:53:43] [412/459] ADMB
[16:53:44] [413/459] JYOE
[16:53:45] [414/459] SRMD
[16:53:45] [415/459] RJDH
[16:53:46] [416/459] SSTD
[16:53:47] [417/459] AACV
[16:53:48] [418/459] PPVD
[16:53:49] [419/459] STCP
[16:53:49] [420/459] ANJR
[16:53:50] [421/459] ANLS
[16:53:51] [422/459] BIJO
[16:53:52] [423/459] AVAB
[16:53:53] [424/459] SPMD
[16:53:53] [425/459] SVJL
[16:53:54] [426/459] SDDJ
[16:53:55] [427/459] SLTU
[16:53:55] [428/459] SAKA
[16:53:56] [429/459] PMAM
[16:53:57] [430/459] FNAM
[16:53:58] [431/459] ACAM
[16:53:59] [432/459] SCMM
[16:54:00] [433/459] PMAK
[16:54:01] [434/459] NYSA
[16:54:02] [435/459] FCPA
[16:54:03] [436/459] GDAN
[16:54:04] [437/459] RSCA
[16:54:05] [438/459] DMAN
[16:54:06] [439/459] DZCM
[16:54:06] [440/459] NSGL
[16:54:07] [441/459] CCPP
[16:54:08] [442/459] PSMG
[16:54:09] [443/459] GSER
[16:54:09] [444/459] FCCT
[16:54:10] [445/459] FCTB
[16:54:11] [446/459] LCNK
[16:54:12] [447/459] SKTY
[16:54:12] [448/459] INAA
[16:54:13] [449/459] RCWN
[16:54:14] [450/459] VAIS
[16:54:15] [451/459] CVMN
[16:54:16] [452/459] INTS
[16:54:16] [453/459] FRGS
[16:54:17] [454/459] DTCK
[16:54:18] [455/459] MCMH
[16:54:19] [456/459] ECRR
[16:54:20] [457/459] RLLP
[16:54:20] [458/459] CCSN
[16:54:21] [459/459] CCBA
[16:54:22] 🧹 Deduping shows
[16:54:22] ✅ DONE | Shows=945 | Movies=55
