[09:33:22] 🚀 SCRIPT STARTED
[09:33:22] [1/459] FNDB
[09:33:22] 🧠 New identity created
[09:33:23] [2/459] AMBH
[09:33:24] [3/459] PRHN
[09:33:25] [4/459] ACPM
[09:33:26] [5/459] PVFS
[09:33:27] [6/459] AACN
[09:33:28] [7/459] ACAS
[09:33:29] [8/459] CTNR
[09:33:29] [9/459] MMAH
[09:33:30] [10/459] CPMH
[09:33:31] [11/459] IGMH
[09:33:32] [12/459] ABCS
[09:33:33] [13/459] CMMA
[09:33:34] [14/459] GPRH
[09:33:35] [15/459] PNNG
[09:33:36] [16/459] AMCA
[09:33:37] [17/459] ISTN
[09:33:38] [18/459] PIIC
[09:33:38] [19/459] AHMH
[09:33:39] [20/459] ASHN
[09:33:40] [21/459] INHY
[09:33:41] [22/459] SRMO
[09:33:42] [23/459] PIMH
[09:33:43] [24/459] PVTS
[09:33:44] [25/459] MMCA
[09:33:45] [26/459] AKYJ
[09:33:46] [27/459] BRKH
[09:33:47] [28/459] MAHM
[09:33:48] [29/459] CPHY
[09:33:49] [30/459] PVTP
[09:33:49] [31/459] SMMR
[09:33:50] [32/459] PVHM
[09:33:51] [33/459] SNDY
[09:33:52] [34/459] GOKU
[09:33:52] [35/459] ACEV
[09:33:53] [36/459] PVUM
[09:33:54] [37/459] VSWA
[09:33:55] [38/459] IPRS
[09:33:56] [39/459] ASGN
[09:33:57] [40/459] BKMV
[09:33:58] [41/459] PVYH
[09:33:59] [42/459] INKM
[09:34:00] [43/459] ARJU
[09:34:00] [44/459] JJPP
[09:34:01] [45/459] SSRM
[09:34:02] [46/459] HMHD
[09:34:03] [47/459] SNKH
[09:34:04] [48/459] ACHI
[09:34:04] [49/459] MRAA
[09:34:05] [50/459] INMH
[09:34:06] [51/459] ARMH
[09:34:07] [52/459] DVRR
[09:34:08] [53/459] SUDA
[09:34:09] [54/459] MCSS
[09:34:11] [55/459] VRKC
[09:34:12] [56/459] PRCX
[09:34:13] [57/459] ASJY
[09:34:14] [58/459] MTHY
[09:34:16] [59/459] SRCM
[09:34:17] [60/459] TVHY
[09:34:18] [61/459] STHD
[09:34:18] [62/459] CPCL
[09:34:19] [63/459] PSMJ
[09:34:20] [64/459] MRGT
[09:34:21] [65/459] ARYH
[09:34:22] [66/459] VTRB
[09:34:24] [67/459] SCHC
[09:34:25] [68/459] MRRG
[09:34:26] [69/459] SPCB
[09:34:27] [70/459] AMCM
[09:34:28] [71/459] IVNM
[09:34:28] [72/459] TRHY
[09:34:29] [73/459] PTTH
[09:34:30] [74/459] RKMH
[09:34:31] [75/459] PRCS
[09:34:32] [76/459] VAJA
[09:34:34] [77/459] BJNG
[09:34:34] [78/459] SCVM
[09:34:35] [79/459] GNHB
[09:34:36] [80/459] TLUR
[09:34:37] [81/459] UKCC
[09:34:38] [82/459] SRKR
[09:34:39] [83/459] RMKN
[09:34:40] [84/459] SLRT
[09:34:41] [85/459] LKMT
[09:34:42] [86/459] SSRJ
[09:34:43] [87/459] SPHT
[09:34:43] [88/459] ANTT
[09:34:45] [89/459] SRCH
[09:34:46] [90/459] SRCA
[09:34:47] [91/459] ARTH
[09:34:48] [92/459] MCBH
[09:34:49] [93/459] SNIB
[09:34:49] [94/459] SART
[09:34:50] [95/459] SKTA
[09:34:51] [96/459] YAKT
[09:34:52] [97/459] MLCK
[09:34:53] [98/459] ANTS
[09:34:54] [99/459] DGCA
[09:34:55] [100/459] SGMP
[09:34:56] [101/459] ASWN
[09:34:57] [102/459] KFVU
[09:34:58] [103/459] POOR
[09:35:00] [104/459] GKDN
[09:35:00] [105/459] EOSE
[09:35:02] [106/459] GTTT
[09:35:04] [107/459] ARRO
[09:35:05] [108/459] CMMK
[09:35:06] [109/459] MSCN
[09:35:07] [110/459] GDKH
[09:35:08] [111/459] DLMT
[09:35:09] [112/459] PVMF
[09:35:10] [113/459] CPCK
[09:35:10] [114/459] VMHE
[09:35:11] [115/459] PVLC
[09:35:12] [116/459] PCVB
[09:35:13] [117/459] SNYK
[09:35:14] [118/459] KTEK
[09:35:16] [119/459] PCNM
[09:35:17] [120/459] NTTR
[09:35:18] [121/459] CPSK
[09:35:18] [122/459] JMMA
[09:35:19] [123/459] GCFK
[09:35:20] [124/459] MYCA
[09:35:22] [125/459] KSNP
[09:35:22] [126/459] PMCE
[09:35:24] [127/459] SCKI
[09:35:25] [128/459] FSMA
[09:35:26] [129/459] CETA
[09:35:27] [130/459] MCIK
[09:35:28] [131/459] MYCR
[09:35:28] [132/459] EVMP
[09:35:29] [133/459] SSGT
[09:35:30] [134/459] KCTK
[09:35:32] [135/459] ZTKC
[09:35:33] [136/459] MMTA
[09:35:34] [137/459] MAJT
[09:35:34] [138/459] ACPK
[09:35:35] [139/459] JMAX
[09:35:37] [140/459] SETK
[09:35:38] [141/459] CAIS
[09:35:40] [142/459] AGCD
[09:35:40] [143/459] URCL
[09:35:41] [144/459] VTDS
[09:35:42] [145/459] JCNM
[09:35:43] [146/459] KCAM
[09:35:44] [147/459] ADCU
[09:35:46] [148/459] GXYN
[09:35:47] [149/459] SMJG
[09:35:48] [150/459] EYCJ
[09:35:48] [151/459] CCEJ
[09:35:49] [152/459] MARS
[09:35:50] [153/459] CPVJ
[09:35:51] [154/459] INVP
[09:35:52] [155/459] CPOV
[09:35:53] [156/459] VIJK
[09:35:54] [157/459] LAIM
[09:35:54] [158/459] STHV
[09:35:55] [159/459] SVLJ
[09:35:56] [160/459] ATVJ
[09:35:57] [161/459] JTSC
[09:35:58] [162/459] RMTV
[09:35:59] [163/459] MGGG
[09:36:00] [164/459] SWTH
[09:36:01] [165/459] INVJ
[09:36:01] [166/459] PRSV
[09:36:02] [167/459] JATV
[09:36:03] [168/459] RCVD
[09:36:04] [169/459] BDMA
[09:36:05] [170/459] BLJI
[09:36:06] [171/459] SWOT
[09:36:07] [172/459] SWRN
[09:36:08] [173/459] TVRA
[09:36:08] [174/459] VCSV
[09:36:09] [175/459] NVRN
[09:36:10] [176/459] SIKC
[09:36:11] [177/459] VAKR
[09:36:13] [178/459] SYLN
[09:36:13] [179/459] KLJL
[09:36:14] [180/459] LKMY
[09:36:15] [181/459] VSLY
[09:36:17] [182/459] CIKO
[09:36:18] [183/459] GPBG
[09:36:19] [184/459] CECM
[09:36:20] [185/459] SLKB
[09:36:21] [186/459] MTBO
[09:36:23] [187/459] SSHB
[09:36:25] [188/459] VPCS
[09:36:25] [189/459] RCSR
[09:36:26] [190/459] RJRM
[09:36:27] [191/459] KPPB
[09:36:28] [192/459] SEDC
[09:36:29] [193/459] SCAI
[09:36:30] [194/459] RMTR
[09:36:31] [195/459] ASST
[09:36:32] [196/459] GCAK
[09:36:33] [197/459] ANNK
[09:36:34] [198/459] KDDF
[09:36:35] [199/459] NRDP
[09:36:36] [200/459] PLAK
[09:36:37] [201/459] GCMC
[09:36:37] [202/459] ALPY
[09:36:38] [203/459] SICE
[09:36:39] [204/459] SISR
[09:36:40] [205/459] SRPZ
[09:36:41] [206/459] SRSW
[09:36:42] [207/459] SUYA
[09:36:43] [208/459] AMMT
[09:36:43] [209/459] BHCU
[09:36:44] [210/459] KLPA
[09:36:45] [211/459] NVKH
[09:36:46] [212/459] JMRC
[09:36:47] [213/459] KTTT
[09:36:48] [214/459] MAGH
[09:36:49] [215/459] MMMX
[09:36:50] [216/459] SALJ
[09:36:50] [217/459] GTJA
[09:36:52] [218/459] MAHT
[09:36:53] [219/459] SSNN
[09:36:54] [220/459] ARRP
[09:36:55] [221/459] ATNS
[09:36:56] [222/459] SKDT
[09:36:57] [223/459] ACAT
[09:36:58] [224/459] APRC
[09:36:59] [225/459] SWAG
[09:37:00] [226/459] SDPT
[09:37:01] [227/459] STPS
[09:37:02] [228/459] WWCZ
[09:37:03] [229/459] LLCH
[09:37:04] [230/459] MZHA
[09:37:05] [231/459] CRJG
[09:37:07] [232/459] JGTK
[09:37:08] [233/459] KCSR
[09:37:10] [234/459] CHTL
[09:37:11] [235/459] EDSR
[09:37:12] [236/459] CSWO
[09:37:12] [237/459] CPVM
[09:37:13] [238/459] MXBY
[09:37:14] [239/459] FMMA
[09:37:15] [240/459] POVI
[09:37:16] [241/459] MTHB
[09:37:17] [242/459] INRC
[09:37:18] [243/459] PIPP
[09:37:19] [244/459] BMXC
[09:37:20] [245/459] PCMM
[09:37:21] [246/459] PMKM
[09:37:22] [247/459] GATY
[09:37:23] [248/459] IMCM
[09:37:24] [249/459] POPE
[09:37:25] [250/459] MTCR
[09:37:27] [251/459] PVAE
[09:37:28] [252/459] PVMI
[09:37:28] [253/459] CPNM
[09:37:29] [254/459] FMRL
[09:37:30] [255/459] MCIW
[09:37:32] [256/459] MXBO
[09:37:33] [257/459] FMKY
[09:37:34] [258/459] FMDA
[09:37:35] [259/459] THAB
[09:37:35] [260/459] PRCW
[09:37:36] [261/459] PITI
[09:37:37] [262/459] MCFF
[09:37:38] [263/459] PDDV
[09:37:39] [264/459] MCRM
[09:37:40] [265/459] KKMB
[09:37:41] [266/459] INKO
[09:37:42] [267/459] PLXP
[09:37:43] [268/459] MMHA
[09:37:43] [269/459] FMVS
[09:37:44] [270/459] POLM
[09:37:45] [271/459] STER
[09:37:47] [272/459] PVWJ
[09:37:48] [273/459] IMJW
[09:37:48] [274/459] FNAN
[09:37:49] [275/459] CAGL
[09:37:50] [276/459] IPBG
[09:37:51] [277/459] SMFV
[09:37:52] [278/459] MMMR
[09:37:52] [279/459] MMWM
[09:37:53] [280/459] FNCM
[09:37:54] [281/459] MDVA
[09:37:56] [282/459] MMET
[09:37:57] [283/459] MIDO
[09:37:58] [284/459] INNP
[09:37:58] [285/459] MIFU
[09:37:59] [286/459] MMSZ
[09:38:00] [287/459] BMXA
[09:38:01] [288/459] MCAA
[09:38:02] [289/459] SCVP
[09:38:04] [290/459] PLUS
[09:38:04] [291/459] MUCK
[09:38:05] [292/459] MTMA
[09:38:06] [293/459] HPVR
[09:38:07] [294/459] PMPK
[09:38:08] [295/459] MAJB
[09:38:08] [296/459] CTRR
[09:38:09] [297/459] MCTG
[09:38:10] [298/459] MACE
[09:38:11] [299/459] AAAS
[09:38:12] [300/459] CPVV
[09:38:13] [301/459] RCHG
[09:38:13] [302/459] MCNE
[09:38:14] [303/459] EMNC
[09:38:15] [304/459] MCAN
[09:38:16] [305/459] TCDM
[09:38:17] [306/459] IRGT
[09:38:17] [307/459] GCMG
[09:38:18] [308/459] MXSN
[09:38:19] [309/459] MXCK
[09:38:20] [310/459] MCRC
[09:38:21] [311/459] RSMI
[09:38:22] [312/459] WAML
[09:38:23] [313/459] MTSC
[09:38:23] [314/459] FMDR
[09:38:24] [315/459] LEPV
[09:38:25] [316/459] MTGD
[09:38:26] [317/459] IMOB
[09:38:27] [318/459] CLMM
[09:38:27] [319/459] PZCD
[09:38:29] [320/459] GOCS
[09:38:30] [321/459] KCMA
[09:38:31] [322/459] CCMP
[09:38:32] [323/459] MTSU
[09:38:33] [324/459] SNGL
[09:38:34] [325/459] MMMC
[09:38:35] [326/459] MMAA
[09:38:35] [327/459] GCDM
[09:38:36] [328/459] KTMV
[09:38:37] [329/459] AETE
[09:38:38] [330/459] OMCS
[09:38:39] [331/459] GDCD
[09:38:40] [332/459] NYMD
[09:38:41] [333/459] RNCV
[09:38:42] [334/459] KKMT
[09:38:42] [335/459] GDTH
[09:38:44] [336/459] KMMV
[09:38:45] [337/459] NHCG
[09:38:47] [338/459] PJDW
[09:38:48] [339/459] MMCV
[09:38:49] [340/459] FQSA
[09:38:50] [341/459] KURL
[09:38:51] [342/459] NNNX
[09:38:52] [343/459] AMAU
[09:38:53] [344/459] VVVM
[09:38:54] [345/459] VECU
[09:38:55] [346/459] WCVR
[09:38:56] [347/459] MTGG
[09:38:57] [348/459] SGTG
[09:38:57] [349/459] MNTG
[09:38:58] [350/459] JDDG
[09:38:59] [351/459] MBTK
[09:39:00] [352/459] SGCD
[09:39:01] [353/459] MCTC
[09:39:02] [354/459] JTPC
[09:39:03] [355/459] SDKT
[09:39:04] [356/459] KRCC
[09:39:04] [357/459] RMMD
[09:39:06] [358/459] AAME
[09:39:07] [359/459] TMWC
[09:39:08] [360/459] NRWY
[09:39:09] [361/459] CITD
[09:39:10] [362/459] VERD
[09:39:11] [363/459] MKSK
[09:39:11] [364/459] STSM
[09:39:12] [365/459] MJDG
[09:39:13] [366/459] RKPM
[09:39:14] [367/459] SSCE
[09:39:15] [368/459] VMAE
[09:39:16] [369/459] SBRU
[09:39:17] [370/459] AMBC
[09:39:18] [371/459] AMLU
[09:39:18] [372/459] INVZ
[09:39:19] [373/459] LGTV
[09:39:20] [374/459] SVAD
[09:39:21] [375/459] SMSA
[09:39:22] [376/459] SPCZ
[09:39:23] [377/459] GTCX
[09:39:24] [378/459] SCSL
[09:39:25] [379/459] SAHU
[09:39:25] [380/459] NCDA
[09:39:26] [381/459] SCCG
[09:39:27] [382/459] VKTL
[09:39:28] [383/459] PUUJ
[09:39:29] [384/459] STEJ
[09:39:30] [385/459] RJAL
[09:39:30] [386/459] ACJC
[09:39:31] [387/459] VTHC
[09:39:32] [388/459] ARVB
[09:39:33] [389/459] AUBB
[09:39:34] [390/459] GDBR
[09:39:34] [391/459] PVND
[09:39:35] [392/459] BGRJ
[09:39:36] [393/459] RJMM
[09:39:37] [394/459] MCSA
[09:39:39] [395/459] BODA
[09:39:40] [396/459] JAGG
[09:39:41] [397/459] SCGA
[09:39:42] [398/459] LRCM
[09:39:43] [399/459] CPCN
[09:39:44] [400/459] SSTF
[09:39:45] [401/459] SRXP
[09:39:46] [402/459] CNFX
[09:39:47] [403/459] ANDI
[09:39:47] [404/459] SYEW
[09:39:49] [405/459] RCRE
[09:39:50] [406/459] SCRW
[09:39:52] [407/459] MBKR
[09:39:52] [408/459] ASNT
[09:39:53] [409/459] JTMT
[09:39:54] [410/459] SHAY
[09:39:56] [411/459] VRTH
[09:39:57] [412/459] SPTI
[09:39:58] [413/459] DPTD
[09:39:59] [414/459] TGSN
[09:40:00] [415/459] RCWV
[09:40:01] [416/459] OCUR
[09:40:02] [417/459] KSTC
[09:40:03] [418/459] SANI
[09:40:03] [419/459] MLCA
[09:40:04] [420/459] EGCA
[09:40:05] [421/459] SYSN
[09:40:07] [422/459] PKTA
[09:40:08] [423/459] PRCC
[09:40:10] [424/459] KSTR
[09:40:10] [425/459] SNTP
[09:40:11] [426/459] RCHA
[09:40:13] [427/459] SEEA
[09:40:15] [428/459] ALAT
[09:40:15] [429/459] AATV
[09:40:17] [430/459] RJTE
[09:40:18] [431/459] AAPP
[09:40:20] [432/459] PMMH
[09:40:20] [433/459] INRJ
[09:40:21] [434/459] SARB
[09:40:22] [435/459] PCJL
[09:40:23] [436/459] PFJJ
[09:40:24] [437/459] GRDC
[09:40:25] [438/459] BCBA
[09:40:26] [439/459] VIXL
[09:40:27] [440/459] CSTL
[09:40:28] [441/459] MTDK
[09:40:29] [442/459] TDAC
[09:40:29] [443/459] GTDN
[09:40:30] [444/459] TTDE
[09:40:31] [445/459] ASTS
[09:40:32] [446/459] CPNS
[09:40:33] [447/459] PVVW
[09:40:34] [448/459] USEB
[09:40:35] [449/459] DTYN
[09:40:36] [450/459] PVLE
[09:40:37] [451/459] CIPS
[09:40:38] [452/459] PAEG
[09:40:39] [453/459] PTCW
[09:40:40] [454/459] G3SR
[09:40:41] [455/459] PGND
[09:40:42] [456/459] INVM
[09:40:43] [457/459] SPIA
[09:40:44] [458/459] PCSN
[09:40:44] [459/459] PPGV
[09:40:46] 🧹 Deduping shows
[09:40:46] ✅ DONE | Shows=679 | Movies=52
[16:48:08] 🚀 SCRIPT STARTED
[16:48:08] [1/459] FNDB
[16:48:08] 🧠 New identity created
[16:48:09] 🔄 Identity reset
[16:48:09] ❌ FNDB | RuntimeError
[16:48:09] [2/459] AMBH
[16:48:09] 🧠 New identity created
[16:48:09] 🔄 Identity reset
[16:48:09] ❌ AMBH | RuntimeError
[16:48:10] [3/459] PRHN
[16:48:10] 🧠 New identity created
[16:48:10] 🔄 Identity reset
[16:48:10] ❌ PRHN | RuntimeError
[16:48:11] [4/459] ACPM
[16:48:11] 🧠 New identity created
[16:48:12] [5/459] PVFS
[16:48:13] [6/459] AACN
[16:48:14] [7/459] ACAS
[16:48:15] [8/459] CTNR
[16:48:16] [9/459] MMAH
[16:48:17] [10/459] CPMH
[16:48:18] [11/459] IGMH
[16:48:19] [12/459] ABCS
[16:48:20] [13/459] CMMA
[16:48:20] [14/459] GPRH
[16:48:21] [15/459] PNNG
[16:48:22] [16/459] AMCA
[16:48:23] [17/459] ISTN
[16:48:24] [18/459] PIIC
[16:48:24] [19/459] AHMH
[16:48:25] [20/459] ASHN
[16:48:26] [21/459] INHY
[16:48:27] [22/459] SRMO
[16:48:27] [23/459] PIMH
[16:48:29] [24/459] PVTS
[16:48:31] [25/459] MMCA
[16:48:31] [26/459] AKYJ
[16:48:32] [27/459] BRKH
[16:48:33] [28/459] MAHM
[16:48:34] [29/459] CPHY
[16:48:35] [30/459] PVTP
[16:48:36] [31/459] SMMR
[16:48:36] [32/459] PVHM
[16:48:37] [33/459] SNDY
[16:48:38] [34/459] GOKU
[16:48:39] [35/459] ACEV
[16:48:40] [36/459] PVUM
[16:48:41] [37/459] VSWA
[16:48:41] [38/459] IPRS
[16:48:42] [39/459] ASGN
[16:48:43] [40/459] BKMV
[16:48:44] [41/459] PVYH
[16:48:45] [42/459] INKM
[16:48:46] [43/459] ARJU
[16:48:46] [44/459] JJPP
[16:48:47] [45/459] SSRM
[16:48:48] [46/459] HMHD
[16:48:49] [47/459] SNKH
[16:48:50] [48/459] ACHI
[16:48:51] [49/459] MRAA
[16:48:52] [50/459] INMH
[16:48:52] [51/459] ARMH
[16:48:53] [52/459] DVRR
[16:48:54] [53/459] SUDA
[16:48:55] [54/459] MCSS
[16:48:56] [55/459] VRKC
[16:48:56] [56/459] PRCX
[16:48:57] [57/459] ASJY
[16:48:58] [58/459] MTHY
[16:48:59] [59/459] SRCM
[16:49:00] [60/459] TVHY
[16:49:01] [61/459] STHD
[16:49:02] [62/459] CPCL
[16:49:03] [63/459] PSMJ
[16:49:04] [64/459] MRGT
[16:49:05] [65/459] ARYH
[16:49:06] [66/459] VTRB
[16:49:08] [67/459] SCHC
[16:49:09] [68/459] MRRG
[16:49:09] [69/459] SPCB
[16:49:10] [70/459] AMCM
[16:49:12] [71/459] IVNM
[16:49:13] [72/459] TRHY
[16:49:14] [73/459] PTTH
[16:49:15] [74/459] RKMH
[16:49:15] [75/459] PRCS
[16:49:16] [76/459] VAJA
[16:49:17] [77/459] BJNG
[16:49:17] [78/459] SCVM
[16:49:19] [79/459] GNHB
[16:49:20] [80/459] TLUR
[16:49:20] [81/459] UKCC
[16:49:21] [82/459] SRKR
[16:49:22] [83/459] RMKN
[16:49:24] [84/459] SLRT
[16:49:25] [85/459] LKMT
[16:49:25] [86/459] SSRJ
[16:49:26] [87/459] SPHT
[16:49:27] [88/459] ANTT
[16:49:28] [89/459] SRCH
[16:49:29] [90/459] SRCA
[16:49:30] [91/459] ARTH
[16:49:31] [92/459] MCBH
[16:49:32] [93/459] SNIB
[16:49:33] [94/459] SART
[16:49:34] [95/459] SKTA
[16:49:35] [96/459] YAKT
[16:49:36] [97/459] MLCK
[16:49:37] [98/459] ANTS
[16:49:38] [99/459] DGCA
[16:49:39] [100/459] SGMP
[16:49:40] [101/459] ASWN
[16:49:40] [102/459] KFVU
[16:49:41] [103/459] POOR
[16:49:42] [104/459] GKDN
[16:49:43] [105/459] EOSE
[16:49:44] [106/459] GTTT
[16:49:45] [107/459] ARRO
[16:49:46] [108/459] CMMK
[16:49:46] [109/459] MSCN
[16:49:47] [110/459] GDKH
[16:49:48] [111/459] DLMT
[16:49:49] [112/459] PVMF
[16:49:50] [113/459] CPCK
[16:49:51] [114/459] VMHE
[16:49:51] [115/459] PVLC
[16:49:52] [116/459] PCVB
[16:49:53] [117/459] SNYK
[16:49:54] [118/459] KTEK
[16:49:55] [119/459] PCNM
[16:49:56] [120/459] NTTR
[16:49:56] [121/459] CPSK
[16:49:57] [122/459] JMMA
[16:49:58] [123/459] GCFK
[16:49:59] [124/459] MYCA
[16:50:00] [125/459] KSNP
[16:50:01] [126/459] PMCE
[16:50:02] [127/459] SCKI
[16:50:03] [128/459] FSMA
[16:50:04] [129/459] CETA
[16:50:04] [130/459] MCIK
[16:50:05] [131/459] MYCR
[16:50:06] [132/459] EVMP
[16:50:07] [133/459] SSGT
[16:50:08] [134/459] KCTK
[16:50:09] [135/459] ZTKC
[16:50:09] [136/459] MMTA
[16:50:10] [137/459] MAJT
[16:50:11] [138/459] ACPK
[16:50:12] [139/459] JMAX
[16:50:12] [140/459] SETK
[16:50:13] [141/459] CAIS
[16:50:14] [142/459] AGCD
[16:50:15] [143/459] URCL
[16:50:16] [144/459] VTDS
[16:50:17] [145/459] JCNM
[16:50:18] [146/459] KCAM
[16:50:18] [147/459] ADCU
[16:50:20] [148/459] GXYN
[16:50:21] [149/459] SMJG
[16:50:22] [150/459] EYCJ
[16:50:23] [151/459] CCEJ
[16:50:23] [152/459] MARS
[16:50:24] [153/459] CPVJ
[16:50:25] [154/459] INVP
[16:50:27] [155/459] CPOV
[16:50:28] [156/459] VIJK
[16:50:29] [157/459] LAIM
[16:50:29] [158/459] STHV
[16:50:31] [159/459] SVLJ
[16:50:32] [160/459] ATVJ
[16:50:33] [161/459] JTSC
[16:50:33] [162/459] RMTV
[16:50:34] [163/459] MGGG
[16:50:35] [164/459] SWTH
[16:50:36] [165/459] INVJ
[16:50:37] [166/459] PRSV
[16:50:38] [167/459] JATV
[16:50:39] [168/459] RCVD
[16:50:39] [169/459] BDMA
[16:50:40] [170/459] BLJI
[16:50:42] [171/459] SWOT
[16:50:43] [172/459] SWRN
[16:50:44] [173/459] TVRA
[16:50:45] [174/459] VCSV
[16:50:45] [175/459] NVRN
[16:50:47] [176/459] SIKC
[16:50:47] [177/459] VAKR
[16:50:48] [178/459] SYLN
[16:50:49] [179/459] KLJL
[16:50:50] [180/459] LKMY
[16:50:51] [181/459] VSLY
[16:50:52] [182/459] CIKO
[16:50:53] [183/459] GPBG
[16:50:54] [184/459] CECM
[16:50:55] [185/459] SLKB
[16:50:55] [186/459] MTBO
[16:50:56] [187/459] SSHB
[16:50:57] [188/459] VPCS
[16:50:59] [189/459] RCSR
[16:51:00] [190/459] RJRM
[16:51:01] [191/459] KPPB
[16:51:01] [192/459] SEDC
[16:51:02] [193/459] SCAI
[16:51:03] [194/459] RMTR
[16:51:04] [195/459] ASST
[16:51:04] [196/459] GCAK
[16:51:05] [197/459] ANNK
[16:51:06] [198/459] KDDF
[16:51:07] [199/459] NRDP
[16:51:08] [200/459] PLAK
[16:51:09] [201/459] GCMC
[16:51:10] [202/459] ALPY
[16:51:10] [203/459] SICE
[16:51:11] [204/459] SISR
[16:51:12] [205/459] SRPZ
[16:51:12] [206/459] SRSW
[16:51:13] [207/459] SUYA
[16:51:14] [208/459] AMMT
[16:51:15] [209/459] BHCU
[16:51:16] [210/459] KLPA
[16:51:17] [211/459] NVKH
[16:51:17] [212/459] JMRC
[16:51:18] [213/459] KTTT
[16:51:19] [214/459] MAGH
[16:51:20] [215/459] MMMX
[16:51:21] [216/459] SALJ
[16:51:22] [217/459] GTJA
[16:51:23] [218/459] MAHT
[16:51:23] [219/459] SSNN
[16:51:24] [220/459] ARRP
[16:51:25] [221/459] ATNS
[16:51:26] [222/459] SKDT
[16:51:27] [223/459] ACAT
[16:51:28] [224/459] APRC
[16:51:29] [225/459] SWAG
[16:51:29] [226/459] SDPT
[16:51:30] [227/459] STPS
[16:51:31] [228/459] WWCZ
[16:51:32] [229/459] LLCH
[16:51:33] [230/459] MZHA
[16:51:35] [231/459] CRJG
[16:51:35] [232/459] JGTK
[16:51:36] [233/459] KCSR
[16:51:37] [234/459] CHTL
[16:51:38] [235/459] EDSR
[16:51:39] [236/459] CSWO
[16:51:40] [237/459] CPVM
[16:51:40] [238/459] MXBY
[16:51:41] [239/459] FMMA
[16:51:42] [240/459] POVI
[16:51:43] [241/459] MTHB
[16:51:43] [242/459] INRC
[16:51:44] [243/459] PIPP
[16:51:45] [244/459] BMXC
[16:51:46] [245/459] PCMM
[16:51:47] [246/459] PMKM
[16:51:47] [247/459] GATY
[16:51:48] [248/459] IMCM
[16:51:49] [249/459] POPE
[16:51:51] [250/459] MTCR
[16:51:51] [251/459] PVAE
[16:51:52] [252/459] PVMI
[16:51:53] [253/459] CPNM
[16:51:54] [254/459] FMRL
[16:51:54] [255/459] MCIW
[16:51:55] [256/459] MXBO
[16:51:56] [257/459] FMKY
[16:51:57] [258/459] FMDA
[16:51:58] [259/459] THAB
[16:51:59] [260/459] PRCW
[16:52:00] [261/459] PITI
[16:52:01] [262/459] MCFF
[16:52:01] [263/459] PDDV
[16:52:03] [264/459] MCRM
[16:52:04] [265/459] KKMB
[16:52:05] [266/459] INKO
[16:52:06] [267/459] PLXP
[16:52:07] [268/459] MMHA
[16:52:09] [269/459] FMVS
[16:52:10] [270/459] POLM
[16:52:11] [271/459] STER
[16:52:11] [272/459] PVWJ
[16:52:12] [273/459] IMJW
[16:52:14] [274/459] FNAN
[16:52:15] [275/459] CAGL
[16:52:16] [276/459] IPBG
[16:52:17] [277/459] SMFV
[16:52:17] [278/459] MMMR
[16:52:18] [279/459] MMWM
[16:52:19] [280/459] FNCM
[16:52:20] [281/459] MDVA
[16:52:20] [282/459] MMET
[16:52:21] [283/459] MIDO
[16:52:22] [284/459] INNP
[16:52:23] [285/459] MIFU
[16:52:24] [286/459] MMSZ
[16:52:25] [287/459] BMXA
[16:52:26] [288/459] MCAA
[16:52:26] [289/459] SCVP
[16:52:28] [290/459] PLUS
[16:52:29] [291/459] MUCK
[16:52:29] [292/459] MTMA
[16:52:30] [293/459] HPVR
[16:52:31] [294/459] PMPK
[16:52:32] [295/459] MAJB
[16:52:33] [296/459] CTRR
[16:52:34] [297/459] MCTG
[16:52:35] [298/459] MACE
[16:52:36] [299/459] AAAS
[16:52:37] [300/459] CPVV
[16:52:37] [301/459] RCHG
[16:52:38] [302/459] MCNE
[16:52:39] [303/459] EMNC
[16:52:40] [304/459] MCAN
[16:52:41] [305/459] TCDM
[16:52:42] [306/459] IRGT
[16:52:42] [307/459] GCMG
[16:52:43] [308/459] MXSN
[16:52:44] [309/459] MXCK
[16:52:45] [310/459] MCRC
[16:52:46] [311/459] RSMI
[16:52:47] [312/459] WAML
[16:52:48] [313/459] MTSC
[16:52:49] [314/459] FMDR
[16:52:50] [315/459] LEPV
[16:52:51] [316/459] MTGD
[16:52:52] [317/459] IMOB
[16:52:53] [318/459] CLMM
[16:52:54] [319/459] PZCD
[16:52:54] [320/459] GOCS
[16:52:56] [321/459] KCMA
[16:52:57] [322/459] CCMP
[16:52:58] [323/459] MTSU
[16:52:58] [324/459] SNGL
[16:52:59] [325/459] MMMC
[16:53:00] [326/459] MMAA
[16:53:01] [327/459] GCDM
[16:53:02] [328/459] KTMV
[16:53:02] [329/459] AETE
[16:53:03] [330/459] OMCS
[16:53:05] [331/459] GDCD
[16:53:06] [332/459] NYMD
[16:53:07] [333/459] RNCV
[16:53:07] [334/459] KKMT
[16:53:08] [335/459] GDTH
[16:53:09] [336/459] KMMV
[16:53:10] [337/459] NHCG
[16:53:11] [338/459] PJDW
[16:53:12] [339/459] MMCV
[16:53:13] [340/459] FQSA
[16:53:14] [341/459] KURL
[16:53:14] [342/459] NNNX
[16:53:15] [343/459] AMAU
[16:53:16] [344/459] VVVM
[16:53:17] [345/459] VECU
[16:53:18] [346/459] WCVR
[16:53:18] [347/459] MTGG
[16:53:20] [348/459] SGTG
[16:53:21] [349/459] MNTG
[16:53:22] [350/459] JDDG
[16:53:23] [351/459] MBTK
[16:53:23] [352/459] SGCD
[16:53:24] [353/459] MCTC
[16:53:25] [354/459] JTPC
[16:53:26] [355/459] SDKT
[16:53:26] [356/459] KRCC
[16:53:27] [357/459] RMMD
[16:53:28] [358/459] AAME
[16:53:29] [359/459] TMWC
[16:53:30] [360/459] NRWY
[16:53:30] [361/459] CITD
[16:53:32] [362/459] VERD
[16:53:33] [363/459] MKSK
[16:53:34] [364/459] STSM
[16:53:34] [365/459] MJDG
[16:53:35] [366/459] RKPM
[16:53:36] [367/459] SSCE
[16:53:37] [368/459] VMAE
[16:53:38] [369/459] SBRU
[16:53:38] [370/459] AMBC
[16:53:39] [371/459] AMLU
[16:53:40] [372/459] INVZ
[16:53:41] [373/459] LGTV
[16:53:42] [374/459] SVAD
[16:53:42] [375/459] SMSA
[16:53:43] [376/459] SPCZ
[16:53:44] [377/459] GTCX
[16:53:45] [378/459] SCSL
[16:53:45] [379/459] SAHU
[16:53:46] [380/459] NCDA
[16:53:47] [381/459] SCCG
[16:53:48] [382/459] VKTL
[16:53:50] [383/459] PUUJ
[16:53:50] [384/459] STEJ
[16:53:51] [385/459] RJAL
[16:53:52] [386/459] ACJC
[16:53:53] [387/459] VTHC
[16:53:54] [388/459] ARVB
[16:53:54] [389/459] AUBB
[16:53:55] [390/459] GDBR
[16:53:56] [391/459] PVND
[16:53:57] [392/459] BGRJ
[16:53:58] [393/459] RJMM
[16:54:00] [394/459] MCSA
[16:54:01] [395/459] BODA
[16:54:01] [396/459] JAGG
[16:54:02] [397/459] SCGA
[16:54:03] [398/459] LRCM
[16:54:04] [399/459] CPCN
[16:54:04] [400/459] SSTF
[16:54:05] [401/459] SRXP
[16:54:06] [402/459] CNFX
[16:54:07] [403/459] ANDI
[16:54:08] [404/459] SYEW
[16:54:10] [405/459] RCRE
[16:54:11] [406/459] SCRW
[16:54:11] [407/459] MBKR
[16:54:12] [408/459] ASNT
[16:54:13] [409/459] JTMT
[16:54:14] [410/459] SHAY
[16:54:14] [411/459] VRTH
[16:54:15] [412/459] SPTI
[16:54:16] [413/459] DPTD
[16:54:17] [414/459] TGSN
[16:54:17] [415/459] RCWV
[16:54:18] [416/459] OCUR
[16:54:19] [417/459] KSTC
[16:54:20] [418/459] SANI
[16:54:21] [419/459] MLCA
[16:54:21] [420/459] EGCA
[16:54:23] [421/459] SYSN
[16:54:24] [422/459] PKTA
[16:54:25] [423/459] PRCC
[16:54:26] [424/459] KSTR
[16:54:27] [425/459] SNTP
[16:54:28] [426/459] RCHA
[16:54:29] [427/459] SEEA
[16:54:30] [428/459] ALAT
[16:54:31] [429/459] AATV
[16:54:32] [430/459] RJTE
[16:54:33] [431/459] AAPP
[16:54:33] [432/459] PMMH
[16:54:34] [433/459] INRJ
[16:54:35] [434/459] SARB
[16:54:35] [435/459] PCJL
[16:54:36] [436/459] PFJJ
[16:54:37] [437/459] GRDC
[16:54:38] [438/459] BCBA
[16:54:39] [439/459] VIXL
[16:54:39] [440/459] CSTL
[16:54:40] [441/459] MTDK
[16:54:41] [442/459] TDAC
[16:54:42] [443/459] GTDN
[16:54:43] [444/459] TTDE
[16:54:44] [445/459] ASTS
[16:54:45] [446/459] CPNS
[16:54:46] [447/459] PVVW
[16:54:46] [448/459] USEB
[16:54:47] [449/459] DTYN
[16:54:48] [450/459] PVLE
[16:54:49] [451/459] CIPS
[16:54:50] [452/459] PAEG
[16:54:51] [453/459] PTCW
[16:54:52] [454/459] G3SR
[16:54:52] [455/459] PGND
[16:54:53] [456/459] INVM
[16:54:54] [457/459] SPIA
[16:54:55] [458/459] PCSN
[16:54:56] [459/459] PPGV
[16:54:57] 🧹 Deduping shows
[16:54:57] ✅ DONE | Shows=742 | Movies=53
