[09:33:16] 🚀 SCRIPT STARTED
[09:33:16] [1/459] MCCZ
[09:33:16] 🧠 New identity created
[09:33:16] 🔄 Identity reset
[09:33:16] ❌ MCCZ | RuntimeError
[09:33:17] [2/459] FRPU
[09:33:17] 🧠 New identity created
[09:33:18] [3/459] SKSI
[09:33:18] [4/459] SSCK
[09:33:19] [5/459] SRDC
[09:33:20] [6/459] RSCZ
[09:33:22] [7/459] PRVT
[09:33:23] [8/459] GAGJ
[09:33:24] [9/459] SMHG
[09:33:25] [10/459] JTST
[09:33:26] [11/459] MYTH
[09:33:26] [12/459] JPCC
[09:33:27] [13/459] ACDC
[09:33:28] [14/459] SVFP
[09:33:29] [15/459] SFCM
[09:33:30] [16/459] RUPK
[09:33:31] [17/459] NTCR
[09:33:31] [18/459] RTCH
[09:33:32] [19/459] SCMH
[09:33:33] [20/459] SVYM
[09:33:34] [21/459] SPYM
[09:33:35] [22/459] SMMF
[09:33:36] [23/459] CLLB
[09:33:37] [24/459] FMCB
[09:33:37] [25/459] BBTC
[09:33:38] [26/459] NTHS
[09:33:39] [27/459] PKKJ
[09:33:40] [28/459] MTJA
[09:33:41] [29/459] PMSJ
[09:33:41] [30/459] JMJU
[09:33:42] [31/459] SRAD
[09:33:43] [32/459] MJMC
[09:33:44] [33/459] DFRM
[09:33:45] [34/459] PMRS
[09:33:46] [35/459] RKPP
[09:33:47] [36/459] BMBK
[09:33:47] [37/459] NEWS
[09:33:48] [38/459] SALB
[09:33:49] [39/459] SCPW
[09:33:50] [40/459] RAYL
[09:33:50] [41/459] CMGJ
[09:33:51] [42/459] JRCR
[09:33:52] [43/459] SRTB
[09:33:53] [44/459] ETPB
[09:33:54] [45/459] MXBN
[09:33:54] [46/459] TOPE
[09:33:55] [47/459] SNLJ
[09:33:56] [48/459] CDDP
[09:33:57] [49/459] APCX
[09:33:58] [50/459] TALP
[09:33:59] [51/459] RRMP
[09:34:00] [52/459] MAHB
[09:34:00] [53/459] MTKR
[09:34:01] [54/459] KSKL
[09:34:02] [55/459] RJLT
[09:34:03] [56/459] ATAS
[09:34:04] [57/459] AMHR
[09:34:05] [58/459] RSRM
[09:34:06] [59/459] GCAT
[09:34:07] [60/459] SMML
[09:34:08] [61/459] ACCD
[09:34:09] [62/459] VYDA
[09:34:09] [63/459] MSKT
[09:34:10] [64/459] AVDM
[09:34:11] [65/459] ASMH
[09:34:12] [66/459] VTMB
[09:34:14] [67/459] WVMB
[09:34:15] [68/459] PPMN
[09:34:15] [69/459] MTMD
[09:34:16] [70/459] SMMO
[09:34:17] [71/459] DLPB
[09:34:18] [72/459] AKMD
[09:34:19] [73/459] SHRR
[09:34:20] [74/459] ASCO
[09:34:21] [75/459] CZVX
[09:34:22] [76/459] GCBB
[09:34:23] [77/459] ATBM
[09:34:24] [78/459] TCGM
[09:34:25] [79/459] UMSE
[09:34:26] [80/459] NKCL
[09:34:27] [81/459] BTLR
[09:34:28] [82/459] GOCL
[09:34:29] [83/459] MIRN
[09:34:30] [84/459] THEC
[09:34:31] [85/459] SPPB
[09:34:32] [86/459] PMMM
[09:34:33] [87/459] GGMC
[09:34:34] [88/459] AVSR
[09:34:35] [89/459] RDMH
[09:34:36] [90/459] JSRS
[09:34:37] [91/459] VKGP
[09:34:38] [92/459] ACRT
[09:34:39] [93/459] GCBA
[09:34:40] [94/459] GTCP
[09:34:41] [95/459] AKFC
[09:34:42] [96/459] INCS
[09:34:43] [97/459] SMCK
[09:34:44] [98/459] BRUN
[09:34:45] [99/459] RPPC
[09:34:45] [100/459] PAYD
[09:34:46] [101/459] SVVT
[09:34:47] [102/459] RNCC
[09:34:47] [103/459] PCRC
[09:34:48] [104/459] PMRM
[09:34:49] [105/459] CCRP
[09:34:50] [106/459] INCR
[09:34:50] [107/459] ZTMP
[09:34:51] [108/459] MCNR
[09:34:52] [109/459] INRP
[09:34:53] [110/459] STRC
[09:34:54] [111/459] RATI
[09:34:54] [112/459] PBTR
[09:34:55] [113/459] CMHP
[09:34:56] [114/459] ZECJ
[09:34:57] [115/459] CCCB
[09:34:58] [116/459] BWCB
[09:34:58] [117/459] CCAT
[09:34:59] [118/459] KGCM
[09:35:00] [119/459] INPT
[09:35:01] [120/459] FNCO
[09:35:01] [121/459] SRMJ
[09:35:03] [122/459] PFSC
[09:35:03] [123/459] PBMC
[09:35:04] [124/459] KARP
[09:35:05] [125/459] KOVI
[09:35:06] [126/459] ACXL
[09:35:07] [127/459] GKCC
[09:35:07] [128/459] ASCC
[09:35:08] [129/459] SETC
[09:35:09] [130/459] KACC
[09:35:10] [131/459] KAVE
[09:35:10] [132/459] CNTC
[09:35:11] [133/459] MEEN
[09:35:13] [134/459] BMRV
[09:35:14] [135/459] SVAM
[09:35:15] [136/459] VTBP
[09:35:15] [137/459] VCKN
[09:35:16] [138/459] SGTK
[09:35:17] [139/459] RCGS
[09:35:18] [140/459] RCCB
[09:35:19] [141/459] RKSR
[09:35:20] [142/459] RKCU
[09:35:21] [143/459] GIBH
[09:35:22] [144/459] CXBS
[09:35:23] [145/459] GGCB
[09:35:23] [146/459] SCPB
[09:35:24] [147/459] AKTB
[09:35:25] [148/459] SRBU
[09:35:26] [149/459] CSSA
[09:35:26] [150/459] MYAN
[09:35:28] [151/459] EXCA
[09:35:29] [152/459] CKSA
[09:35:29] [153/459] JTNM
[09:35:30] [154/459] CXKT
[09:35:31] [155/459] NCLM
[09:35:32] [156/459] JAAD
[09:35:33] [157/459] RDCR
[09:35:34] [158/459] MEER
[09:35:35] [159/459] SIBT
[09:35:36] [160/459] PVVB
[09:35:36] [161/459] FNPN
[09:35:37] [162/459] CRPX
[09:35:38] [163/459] STET
[09:35:39] [164/459] METE
[09:35:39] [165/459] BJML
[09:35:40] [166/459] MAVT
[09:35:41] [167/459] MSRM
[09:35:42] [168/459] TJMP
[09:35:42] [169/459] MHCK
[09:35:43] [170/459] SVGP
[09:35:44] [171/459] KRRC
[09:35:45] [172/459] IMCH
[09:35:46] [173/459] CMCS
[09:35:46] [174/459] SGND
[09:35:47] [175/459] RNAT
[09:35:48] [176/459] PRTN
[09:35:49] [177/459] MPTN
[09:35:49] [178/459] ARCC
[09:35:50] [179/459] NTTE
[09:35:51] [180/459] ABND
[09:35:52] [181/459] KCSN
[09:35:52] [182/459] KCSA
[09:35:53] [183/459] DCKT
[09:35:54] [184/459] MBBR
[09:35:55] [185/459] RAMU
[09:35:56] [186/459] RACW
[09:35:57] [187/459] MCHP
[09:35:58] [188/459] TMHM
[09:35:59] [189/459] STXH
[09:36:00] [190/459] AGSG
[09:36:00] [191/459] SIRA
[09:36:01] [192/459] RCAN
[09:36:03] [193/459] CWTB
[09:36:03] [194/459] VTYM
[09:36:04] [195/459] RRPP
[09:36:05] [196/459] ASMR
[09:36:06] [197/459] RONO
[09:36:06] [198/459] MEMR
[09:36:07] [199/459] CTMR
[09:36:08] [200/459] PMTT
[09:36:09] [201/459] PSLX
[09:36:10] [202/459] IPPL
[09:36:10] [203/459] MMSG
[09:36:11] [204/459] INEL
[09:36:12] [205/459] COAC
[09:36:13] [206/459] WVLK
[09:36:13] [207/459] PPXL
[09:36:14] [208/459] PSML
[09:36:15] [209/459] FNLK
[09:36:16] [210/459] ILUM
[09:36:17] [211/459] ILCM
[09:36:18] [212/459] MSNL
[09:36:19] [213/459] VINB
[09:36:20] [214/459] SALW
[09:36:21] [215/459] PRTB
[09:36:22] [216/459] NCIL
[09:36:23] [217/459] PSUL
[09:36:24] [218/459] SCLK
[09:36:25] [219/459] ADDC
[09:36:25] [220/459] OACL
[09:36:26] [221/459] OOCF
[09:36:27] [222/459] GPMF
[09:36:28] [223/459] SSDG
[09:36:29] [224/459] SKRS
[09:36:29] [225/459] NTTP
[09:36:30] [226/459] SLTP
[09:36:31] [227/459] JTLC
[09:36:32] [228/459] POON
[09:36:33] [229/459] CCPC
[09:36:35] [230/459] DCKC
[09:36:35] [231/459] CPRT
[09:36:37] [232/459] EYHZ
[09:36:38] [233/459] ARBL
[09:36:39] [234/459] SBTB
[09:36:40] [235/459] MMCK
[09:36:41] [236/459] PLMR
[09:36:42] [237/459] BIJH
[09:36:42] [238/459] SDRT
[09:36:43] [239/459] PRDC
[09:36:44] [240/459] OMJA
[09:36:44] [241/459] VKCR
[09:36:46] [242/459] ATRT
[09:36:46] [243/459] WVRP
[09:36:47] [244/459] MVRP
[09:36:48] [245/459] FCAX
[09:36:49] [246/459] CTLC
[09:36:50] [247/459] JCHB
[09:36:50] [248/459] SELP
[09:36:51] [249/459] VCPG
[09:36:53] [250/459] ASCX
[09:36:54] [251/459] EOCS
[09:36:54] [252/459] RCPH
[09:36:55] [253/459] RJTM
[09:36:57] [254/459] SGMD
[09:36:57] [255/459] SVJT
[09:36:58] [256/459] SPPO
[09:36:59] [257/459] MNRL
[09:37:00] [258/459] KNOX
[09:37:00] [259/459] GIER
[09:37:01] [260/459] PJMS
[09:37:02] [261/459] UNSP
[09:37:03] [262/459] JETP
[09:37:03] [263/459] VTWA
[09:37:04] [264/459] SCJI
[09:37:06] [265/459] CBZZ
[09:37:07] [266/459] SDCJ
[09:37:07] [267/459] RRCC
[09:37:08] [268/459] VNKG
[09:37:09] [269/459] LKTO
[09:37:09] [270/459] PJRM
[09:37:11] [271/459] NVRM
[09:37:11] [272/459] SJCS
[09:37:12] [273/459] VIGK
[09:37:13] [274/459] ANST
[09:37:13] [275/459] JTTS
[09:37:14] [276/459] NTST
[09:37:15] [277/459] PREB
[09:37:16] [278/459] TSCZ
[09:37:17] [279/459] CDCM
[09:37:18] [280/459] ELYE
[09:37:19] [281/459] INBS
[09:37:20] [282/459] SMGC
[09:37:21] [283/459] UTMP
[09:37:22] [284/459] INTA
[09:37:22] [285/459] OMPT
[09:37:23] [286/459] SCIR
[09:37:24] [287/459] GCKJ
[09:37:25] [288/459] INOG
[09:37:26] [289/459] SMGB
[09:37:26] [290/459] MCSG
[09:37:27] [291/459] STKG
[09:37:28] [292/459] TTKG
[09:37:29] [293/459] SRTR
[09:37:30] [294/459] ETTR
[09:37:30] [295/459] GGGZ
[09:37:31] [296/459] IPGM
[09:37:32] [297/459] FCDH
[09:37:33] [298/459] DESB
[09:37:34] [299/459] VNTP
[09:37:34] [300/459] ANNT
[09:37:35] [301/459] SLTI
[09:37:36] [302/459] MAJU
[09:37:37] [303/459] JCXP
[09:37:38] [304/459] HARK
[09:37:39] [305/459] JPCJ
[09:37:39] [306/459] RXBD
[09:37:40] [307/459] PTKJ
[09:37:41] [308/459] CMTU
[09:37:42] [309/459] SWOR
[09:37:43] [310/459] JMEX
[09:37:43] [311/459] DTPT
[09:37:45] [312/459] VGMM
[09:37:46] [313/459] VCSG
[09:37:46] [314/459] CVCG
[09:37:47] [315/459] TNTT
[09:37:48] [316/459] SHRM
[09:37:50] [317/459] CGKD
[09:37:50] [318/459] EKCM
[09:37:51] [319/459] SDCX
[09:37:52] [320/459] SBTE
[09:37:53] [321/459] STKJ
[09:37:53] [322/459] TPCE
[09:37:54] [323/459] JTNP
[09:37:55] [324/459] LPCH
[09:37:56] [325/459] CPUO
[09:37:57] [326/459] APSU
[09:37:58] [327/459] RTHC
[09:37:59] [328/459] PTBU
[09:38:00] [329/459] CUCC
[09:38:00] [330/459] CPSA
[09:38:01] [331/459] SUAY
[09:38:02] [332/459] AYAA
[09:38:03] [333/459] MUCH
[09:38:04] [334/459] PCIN
[09:38:05] [335/459] JRRM
[09:38:06] [336/459] KATS
[09:38:07] [337/459] MHFF
[09:38:08] [338/459] ESYM
[09:38:09] [339/459] STYV
[09:38:09] [340/459] SDKG
[09:38:10] [341/459] SMTI
[09:38:11] [342/459] NYCS
[09:38:11] [343/459] MTBG
[09:38:12] [344/459] RHCA
[09:38:13] [345/459] PCKH
[09:38:14] [346/459] ARCR
[09:38:16] [347/459] NCMB
[09:38:16] [348/459] SHYC
[09:38:17] [349/459] LACK
[09:38:18] [350/459] MTCM
[09:38:19] [351/459] RRBN
[09:38:19] [352/459] MYDC
[09:38:20] [353/459] STCS
[09:38:21] [354/459] CONN
[09:38:22] [355/459] SIPS
[09:38:22] [356/459] SMMX
[09:38:23] [357/459] SCBY
[09:38:24] [358/459] SUAP
[09:38:25] [359/459] RSMK
[09:38:26] [360/459] STKP
[09:38:27] [361/459] CIPC
[09:38:28] [362/459] KKCI
[09:38:29] [363/459] CTNK
[09:38:30] [364/459] MMTZ
[09:38:30] [365/459] DCCO
[09:38:31] [366/459] VNMN
[09:38:32] [367/459] RLCN
[09:38:33] [368/459] CMMS
[09:38:33] [369/459] AYOU
[09:38:34] [370/459] SSCN
[09:38:35] [371/459] SMXN
[09:38:36] [372/459] ASSK
[09:38:37] [373/459] VCKM
[09:38:38] [374/459] PCPH
[09:38:39] [375/459] PADM
[09:38:40] [376/459] IESA
[09:38:40] [377/459] VCSP
[09:38:41] [378/459] AEST
[09:38:42] [379/459] VTNR
[09:38:43] [380/459] GTTA
[09:38:44] [381/459] CMMM
[09:38:45] [382/459] AHKT
[09:38:45] [383/459] SIJI
[09:38:46] [384/459] VCEI
[09:38:47] [385/459] SAKR
[09:38:48] [386/459] VSMT
[09:38:48] [387/459] SSCT
[09:38:49] [388/459] USTR
[09:38:50] [389/459] MTKT
[09:38:51] [390/459] TGMP
[09:38:52] [391/459] SIVC
[09:38:52] [392/459] KICT
[09:38:53] [393/459] DAMD
[09:38:54] [394/459] CNPT
[09:38:54] [395/459] RVTT
[09:38:55] [396/459] SNCM
[09:38:56] [397/459] GHTE
[09:38:57] [398/459] PPAM
[09:38:58] [399/459] PVAA
[09:38:59] [400/459] CPAO
[09:39:00] [401/459] HAMD
[09:39:01] [402/459] RCCA
[09:39:02] [403/459] MPCH
[09:39:02] [404/459] ARED
[09:39:03] [405/459] RRCV
[09:39:04] [406/459] MTRB
[09:39:05] [407/459] CKUA
[09:39:06] [408/459] ABMP
[09:39:07] [409/459] RCWA
[09:39:07] [410/459] CGAR
[09:39:09] [411/459] METH
[09:39:09] [412/459] WAGA
[09:39:10] [413/459] MCMA
[09:39:11] [414/459] CSMP
[09:39:11] [415/459] RCNK
[09:39:12] [416/459] PSTM
[09:39:13] [417/459] CSEP
[09:39:14] [418/459] AMGD
[09:39:15] [419/459] CSTE
[09:39:15] [420/459] CONS
[09:39:16] [421/459] APPX
[09:39:17] [422/459] MABC
[09:39:18] [423/459] CXST
[09:39:19] [424/459] MATN
[09:39:19] [425/459] MACZ
[09:39:21] [426/459] MASA
[09:39:21] [427/459] MBSX
[09:39:23] [428/459] CSST
[09:39:24] [429/459] APCL
[09:39:25] [430/459] CGOS
[09:39:25] [431/459] CPEC
[09:39:26] [432/459] MCCP
[09:39:27] [433/459] BSSO
[09:39:27] [434/459] SJKA
[09:39:28] [435/459] CGBO
[09:39:29] [436/459] MVSK
[09:39:30] [437/459] HVCA
[09:39:31] [438/459] NAMD
[09:39:31] [439/459] DEVI
[09:39:33] [440/459] SCSV
[09:39:34] [441/459] PSMA
[09:39:34] [442/459] CLDJ
[09:39:35] [443/459] NMAD
[09:39:36] [444/459] CGMO
[09:39:38] [445/459] MCNA
[09:39:38] [446/459] OCBN
[09:39:39] [447/459] CPEM
[09:39:40] [448/459] CPSM
[09:39:41] [449/459] RCAD
[09:39:41] [450/459] CPMU
[09:39:42] [451/459] DICD
[09:39:43] [452/459] CHOE
[09:39:44] [453/459] PDJM
[09:39:44] [454/459] SSTU
[09:39:45] [455/459] VNRN
[09:39:46] [456/459] PVLG
[09:39:47] [457/459] SWBL
[09:39:48] [458/459] SCAB
[09:39:48] [459/459] RDDA
[09:39:49] 🧹 Deduping shows
[09:39:49] ✅ DONE | Shows=732 | Movies=48
[16:48:08] 🚀 SCRIPT STARTED
[16:48:08] [1/459] MCCZ
[16:48:09] 🧠 New identity created
[16:48:09] 🔄 Identity reset
[16:48:09] ❌ MCCZ | RuntimeError
[16:48:09] [2/459] FRPU
[16:48:09] 🧠 New identity created
[16:48:09] 🔄 Identity reset
[16:48:09] ❌ FRPU | RuntimeError
[16:48:10] [3/459] SKSI
[16:48:10] 🧠 New identity created
[16:48:10] 🔄 Identity reset
[16:48:10] ❌ SKSI | RuntimeError
[16:48:10] [4/459] SSCK
[16:48:10] 🧠 New identity created
[16:48:10] 🔄 Identity reset
[16:48:10] ❌ SSCK | RuntimeError
[16:48:11] [5/459] SRDC
[16:48:11] 🧠 New identity created
[16:48:11] 🔄 Identity reset
[16:48:11] ❌ SRDC | RuntimeError
[16:48:12] [6/459] RSCZ
[16:48:12] 🧠 New identity created
[16:48:12] 🔄 Identity reset
[16:48:12] ❌ RSCZ | RuntimeError
[16:48:12] [7/459] PRVT
[16:48:12] 🧠 New identity created
[16:48:13] 🔄 Identity reset
[16:48:13] ❌ PRVT | RuntimeError
[16:48:13] [8/459] GAGJ
[16:48:13] 🧠 New identity created
[16:48:13] 🔄 Identity reset
[16:48:13] ❌ GAGJ | RuntimeError
[16:48:14] [9/459] SMHG
[16:48:14] 🧠 New identity created
[16:48:14] 🔄 Identity reset
[16:48:14] ❌ SMHG | RuntimeError
[16:48:14] [10/459] JTST
[16:48:14] 🧠 New identity created
[16:48:15] 🔄 Identity reset
[16:48:15] ❌ JTST | RuntimeError
[16:48:15] [11/459] MYTH
[16:48:15] 🧠 New identity created
[16:48:15] 🔄 Identity reset
[16:48:15] ❌ MYTH | RuntimeError
[16:48:16] [12/459] JPCC
[16:48:16] 🧠 New identity created
[16:48:16] 🔄 Identity reset
[16:48:16] ❌ JPCC | RuntimeError
[16:48:16] [13/459] ACDC
[16:48:16] 🧠 New identity created
[16:48:17] 🔄 Identity reset
[16:48:17] ❌ ACDC | RuntimeError
[16:48:17] [14/459] SVFP
[16:48:17] 🧠 New identity created
[16:48:17] 🔄 Identity reset
[16:48:17] ❌ SVFP | RuntimeError
[16:48:17] [15/459] SFCM
[16:48:17] 🧠 New identity created
[16:48:18] [16/459] RUPK
[16:48:19] [17/459] NTCR
[16:48:20] [18/459] RTCH
[16:48:21] [19/459] SCMH
[16:48:21] [20/459] SVYM
[16:48:22] [21/459] SPYM
[16:48:23] [22/459] SMMF
[16:48:24] [23/459] CLLB
[16:48:25] [24/459] FMCB
[16:48:26] [25/459] BBTC
[16:48:27] [26/459] NTHS
[16:48:28] [27/459] PKKJ
[16:48:29] [28/459] MTJA
[16:48:30] [29/459] PMSJ
[16:48:30] [30/459] JMJU
[16:48:32] [31/459] SRAD
[16:48:33] [32/459] MJMC
[16:48:34] [33/459] DFRM
[16:48:34] [34/459] PMRS
[16:48:35] [35/459] RKPP
[16:48:36] [36/459] BMBK
[16:48:37] [37/459] NEWS
[16:48:38] [38/459] SALB
[16:48:39] [39/459] SCPW
[16:48:40] [40/459] RAYL
[16:48:41] [41/459] CMGJ
[16:48:42] [42/459] JRCR
[16:48:43] [43/459] SRTB
[16:48:44] [44/459] ETPB
[16:48:45] [45/459] MXBN
[16:48:45] [46/459] TOPE
[16:48:47] [47/459] SNLJ
[16:48:48] [48/459] CDDP
[16:48:48] [49/459] APCX
[16:48:49] [50/459] TALP
[16:48:50] [51/459] RRMP
[16:48:51] [52/459] MAHB
[16:48:52] [53/459] MTKR
[16:48:52] [54/459] KSKL
[16:48:53] [55/459] RJLT
[16:48:54] [56/459] ATAS
[16:48:55] [57/459] AMHR
[16:48:55] [58/459] RSRM
[16:48:57] [59/459] GCAT
[16:48:58] [60/459] SMML
[16:48:59] [61/459] ACCD
[16:48:59] [62/459] VYDA
[16:49:00] [63/459] MSKT
[16:49:01] [64/459] AVDM
[16:49:02] [65/459] ASMH
[16:49:03] [66/459] VTMB
[16:49:03] [67/459] WVMB
[16:49:04] [68/459] PPMN
[16:49:05] [69/459] MTMD
[16:49:06] [70/459] SMMO
[16:49:07] [71/459] DLPB
[16:49:07] [72/459] AKMD
[16:49:08] [73/459] SHRR
[16:49:09] [74/459] ASCO
[16:49:10] [75/459] CZVX
[16:49:11] [76/459] GCBB
[16:49:12] [77/459] ATBM
[16:49:13] [78/459] TCGM
[16:49:13] [79/459] UMSE
[16:49:14] [80/459] NKCL
[16:49:15] [81/459] BTLR
[16:49:16] [82/459] GOCL
[16:49:16] [83/459] MIRN
[16:49:17] [84/459] THEC
[16:49:18] [85/459] SPPB
[16:49:19] [86/459] PMMM
[16:49:20] [87/459] GGMC
[16:49:21] [88/459] AVSR
[16:49:22] [89/459] RDMH
[16:49:22] [90/459] JSRS
[16:49:23] [91/459] VKGP
[16:49:24] [92/459] ACRT
[16:49:25] [93/459] GCBA
[16:49:26] [94/459] GTCP
[16:49:26] [95/459] AKFC
[16:49:27] [96/459] INCS
[16:49:28] [97/459] SMCK
[16:49:29] [98/459] BRUN
[16:49:30] [99/459] RPPC
[16:49:30] [100/459] PAYD
[16:49:31] [101/459] SVVT
[16:49:32] [102/459] RNCC
[16:49:32] [103/459] PCRC
[16:49:33] [104/459] PMRM
[16:49:34] [105/459] CCRP
[16:49:35] [106/459] INCR
[16:49:36] [107/459] ZTMP
[16:49:38] [108/459] MCNR
[16:49:38] [109/459] INRP
[16:49:39] [110/459] STRC
[16:49:40] [111/459] RATI
[16:49:41] [112/459] PBTR
[16:49:42] [113/459] CMHP
[16:49:43] [114/459] ZECJ
[16:49:44] [115/459] CCCB
[16:49:45] [116/459] BWCB
[16:49:46] [117/459] CCAT
[16:49:46] [118/459] KGCM
[16:49:47] [119/459] INPT
[16:49:48] [120/459] FNCO
[16:49:49] [121/459] SRMJ
[16:49:50] [122/459] PFSC
[16:49:51] [123/459] PBMC
[16:49:51] [124/459] KARP
[16:49:52] [125/459] KOVI
[16:49:53] [126/459] ACXL
[16:49:54] [127/459] GKCC
[16:49:55] [128/459] ASCC
[16:49:55] [129/459] SETC
[16:49:56] [130/459] KACC
[16:49:57] [131/459] KAVE
[16:49:58] [132/459] CNTC
[16:49:58] [133/459] MEEN
[16:49:59] [134/459] BMRV
[16:50:01] [135/459] SVAM
[16:50:02] [136/459] VTBP
[16:50:03] [137/459] VCKN
[16:50:03] [138/459] SGTK
[16:50:04] [139/459] RCGS
[16:50:05] [140/459] RCCB
[16:50:06] [141/459] RKSR
[16:50:07] [142/459] RKCU
[16:50:07] [143/459] GIBH
[16:50:08] [144/459] CXBS
[16:50:09] [145/459] GGCB
[16:50:10] [146/459] SCPB
[16:50:11] [147/459] AKTB
[16:50:11] [148/459] SRBU
[16:50:13] [149/459] CSSA
[16:50:14] [150/459] MYAN
[16:50:15] [151/459] EXCA
[16:50:16] [152/459] CKSA
[16:50:17] [153/459] JTNM
[16:50:17] [154/459] CXKT
[16:50:18] [155/459] NCLM
[16:50:19] [156/459] JAAD
[16:50:19] [157/459] RDCR
[16:50:20] [158/459] MEER
[16:50:21] [159/459] SIBT
[16:50:22] [160/459] PVVB
[16:50:23] [161/459] FNPN
[16:50:24] [162/459] CRPX
[16:50:24] [163/459] STET
[16:50:25] [164/459] METE
[16:50:26] [165/459] BJML
[16:50:27] [166/459] MAVT
[16:50:28] [167/459] MSRM
[16:50:29] [168/459] TJMP
[16:50:29] [169/459] MHCK
[16:50:30] [170/459] SVGP
[16:50:31] [171/459] KRRC
[16:50:32] [172/459] IMCH
[16:50:33] [173/459] CMCS
[16:50:34] [174/459] SGND
[16:50:34] [175/459] RNAT
[16:50:35] [176/459] PRTN
[16:50:36] [177/459] MPTN
[16:50:37] [178/459] ARCC
[16:50:37] [179/459] NTTE
[16:50:38] [180/459] ABND
[16:50:39] [181/459] KCSN
[16:50:40] [182/459] KCSA
[16:50:41] [183/459] DCKT
[16:50:42] [184/459] MBBR
[16:50:43] [185/459] RAMU
[16:50:43] [186/459] RACW
[16:50:44] [187/459] MCHP
[16:50:45] [188/459] TMHM
[16:50:46] [189/459] STXH
[16:50:46] [190/459] AGSG
[16:50:47] [191/459] SIRA
[16:50:48] [192/459] RCAN
[16:50:49] [193/459] CWTB
[16:50:50] [194/459] VTYM
[16:50:50] [195/459] RRPP
[16:50:51] [196/459] ASMR
[16:50:52] [197/459] RONO
[16:50:52] [198/459] MEMR
[16:50:53] [199/459] CTMR
[16:50:54] [200/459] PMTT
[16:50:56] [201/459] PSLX
[16:50:56] [202/459] IPPL
[16:50:57] [203/459] MMSG
[16:50:58] [204/459] INEL
[16:50:59] [205/459] COAC
[16:51:00] [206/459] WVLK
[16:51:02] [207/459] PPXL
[16:51:02] [208/459] PSML
[16:51:03] [209/459] FNLK
[16:51:04] [210/459] ILUM
[16:51:05] [211/459] ILCM
[16:51:05] [212/459] MSNL
[16:51:06] [213/459] VINB
[16:51:07] [214/459] SALW
[16:51:08] [215/459] PRTB
[16:51:08] [216/459] NCIL
[16:51:09] [217/459] PSUL
[16:51:10] [218/459] SCLK
[16:51:11] [219/459] ADDC
[16:51:11] [220/459] OACL
[16:51:12] [221/459] OOCF
[16:51:13] [222/459] GPMF
[16:51:14] [223/459] SSDG
[16:51:14] [224/459] SKRS
[16:51:15] [225/459] NTTP
[16:51:16] [226/459] SLTP
[16:51:17] [227/459] JTLC
[16:51:18] [228/459] POON
[16:51:19] [229/459] CCPC
[16:51:20] [230/459] DCKC
[16:51:20] [231/459] CPRT
[16:51:21] [232/459] EYHZ
[16:51:22] [233/459] ARBL
[16:51:23] [234/459] SBTB
[16:51:24] [235/459] MMCK
[16:51:24] [236/459] PLMR
[16:51:25] [237/459] BIJH
[16:51:26] [238/459] SDRT
[16:51:26] [239/459] PRDC
[16:51:27] [240/459] OMJA
[16:51:28] [241/459] VKCR
[16:51:29] [242/459] ATRT
[16:51:30] [243/459] WVRP
[16:51:31] [244/459] MVRP
[16:51:32] [245/459] FCAX
[16:51:32] [246/459] CTLC
[16:51:34] [247/459] JCHB
[16:51:35] [248/459] SELP
[16:51:35] [249/459] VCPG
[16:51:36] [250/459] ASCX
[16:51:37] [251/459] EOCS
[16:51:38] [252/459] RCPH
[16:51:38] [253/459] RJTM
[16:51:39] [254/459] SGMD
[16:51:40] [255/459] SVJT
[16:51:40] [256/459] SPPO
[16:51:41] [257/459] MNRL
[16:51:42] [258/459] KNOX
[16:51:43] [259/459] GIER
[16:51:44] [260/459] PJMS
[16:51:45] [261/459] UNSP
[16:51:45] [262/459] JETP
[16:51:46] [263/459] VTWA
[16:51:47] [264/459] SCJI
[16:51:48] [265/459] CBZZ
[16:51:49] [266/459] SDCJ
[16:51:50] [267/459] RRCC
[16:51:51] [268/459] VNKG
[16:51:51] [269/459] LKTO
[16:51:53] [270/459] PJRM
[16:51:53] [271/459] NVRM
[16:51:54] [272/459] SJCS
[16:51:55] [273/459] VIGK
[16:51:56] [274/459] ANST
[16:51:57] [275/459] JTTS
[16:51:58] [276/459] NTST
[16:51:58] [277/459] PREB
[16:52:00] [278/459] TSCZ
[16:52:01] [279/459] CDCM
[16:52:02] [280/459] ELYE
[16:52:02] [281/459] INBS
[16:52:03] [282/459] SMGC
[16:52:04] [283/459] UTMP
[16:52:05] [284/459] INTA
[16:52:05] [285/459] OMPT
[16:52:06] [286/459] SCIR
[16:52:07] [287/459] GCKJ
[16:52:08] [288/459] INOG
[16:52:09] [289/459] SMGB
[16:52:09] [290/459] MCSG
[16:52:10] [291/459] STKG
[16:52:11] [292/459] TTKG
[16:52:12] [293/459] SRTR
[16:52:13] [294/459] ETTR
[16:52:14] [295/459] GGGZ
[16:52:15] [296/459] IPGM
[16:52:16] [297/459] FCDH
[16:52:16] [298/459] DESB
[16:52:17] [299/459] VNTP
[16:52:18] [300/459] ANNT
[16:52:19] [301/459] SLTI
[16:52:20] [302/459] MAJU
[16:52:20] [303/459] JCXP
[16:52:21] [304/459] HARK
[16:52:22] [305/459] JPCJ
[16:52:22] [306/459] RXBD
[16:52:23] [307/459] PTKJ
[16:52:24] [308/459] CMTU
[16:52:24] [309/459] SWOR
[16:52:25] [310/459] JMEX
[16:52:26] [311/459] DTPT
[16:52:27] [312/459] VGMM
[16:52:28] [313/459] VCSG
[16:52:29] [314/459] CVCG
[16:52:29] [315/459] TNTT
[16:52:30] [316/459] SHRM
[16:52:31] [317/459] CGKD
[16:52:32] [318/459] EKCM
[16:52:33] [319/459] SDCX
[16:52:33] [320/459] SBTE
[16:52:34] [321/459] STKJ
[16:52:35] [322/459] TPCE
[16:52:36] [323/459] JTNP
[16:52:36] [324/459] LPCH
[16:52:37] [325/459] CPUO
[16:52:38] [326/459] APSU
[16:52:40] [327/459] RTHC
[16:52:40] [328/459] PTBU
[16:52:41] [329/459] CUCC
[16:52:42] [330/459] CPSA
[16:52:43] [331/459] SUAY
[16:52:44] [332/459] AYAA
[16:52:44] [333/459] MUCH
[16:52:45] [334/459] PCIN
[16:52:46] [335/459] JRRM
[16:52:47] [336/459] KATS
[16:52:48] [337/459] MHFF
[16:52:49] [338/459] ESYM
[16:52:50] [339/459] STYV
[16:52:51] [340/459] SDKG
[16:52:52] [341/459] SMTI
[16:52:53] [342/459] NYCS
[16:52:54] [343/459] MTBG
[16:52:55] [344/459] RHCA
[16:52:55] [345/459] PCKH
[16:52:56] [346/459] ARCR
[16:52:57] [347/459] NCMB
[16:52:58] [348/459] SHYC
[16:52:59] [349/459] LACK
[16:53:00] [350/459] MTCM
[16:53:01] [351/459] RRBN
[16:53:02] [352/459] MYDC
[16:53:02] [353/459] STCS
[16:53:03] [354/459] CONN
[16:53:04] [355/459] SIPS
[16:53:05] [356/459] SMMX
[16:53:05] [357/459] SCBY
[16:53:06] [358/459] SUAP
[16:53:07] [359/459] RSMK
[16:53:07] [360/459] STKP
[16:53:08] [361/459] CIPC
[16:53:09] [362/459] KKCI
[16:53:10] [363/459] CTNK
[16:53:10] [364/459] MMTZ
[16:53:11] [365/459] DCCO
[16:53:12] [366/459] VNMN
[16:53:13] [367/459] RLCN
[16:53:14] [368/459] CMMS
[16:53:15] [369/459] AYOU
[16:53:16] [370/459] SSCN
[16:53:16] [371/459] SMXN
[16:53:17] [372/459] ASSK
[16:53:18] [373/459] VCKM
[16:53:19] [374/459] PCPH
[16:53:20] [375/459] PADM
[16:53:21] [376/459] IESA
[16:53:22] [377/459] VCSP
[16:53:22] [378/459] AEST
[16:53:23] [379/459] VTNR
[16:53:24] [380/459] GTTA
[16:53:25] [381/459] CMMM
[16:53:25] [382/459] AHKT
[16:53:26] [383/459] SIJI
[16:53:27] [384/459] VCEI
[16:53:28] [385/459] SAKR
[16:53:28] [386/459] VSMT
[16:53:29] [387/459] SSCT
[16:53:30] [388/459] USTR
[16:53:31] [389/459] MTKT
[16:53:31] [390/459] TGMP
[16:53:32] [391/459] SIVC
[16:53:33] [392/459] KICT
[16:53:34] [393/459] DAMD
[16:53:34] [394/459] CNPT
[16:53:35] [395/459] RVTT
[16:53:36] [396/459] SNCM
[16:53:36] [397/459] GHTE
[16:53:37] [398/459] PPAM
[16:53:38] [399/459] PVAA
[16:53:39] [400/459] CPAO
[16:53:40] [401/459] HAMD
[16:53:40] [402/459] RCCA
[16:53:41] [403/459] MPCH
[16:53:42] [404/459] ARED
[16:53:43] [405/459] RRCV
[16:53:44] [406/459] MTRB
[16:53:45] [407/459] CKUA
[16:53:46] [408/459] ABMP
[16:53:47] [409/459] RCWA
[16:53:48] [410/459] CGAR
[16:53:48] [411/459] METH
[16:53:50] [412/459] WAGA
[16:53:51] [413/459] MCMA
[16:53:51] [414/459] CSMP
[16:53:52] [415/459] RCNK
[16:53:53] [416/459] PSTM
[16:53:54] [417/459] CSEP
[16:53:54] [418/459] AMGD
[16:53:55] [419/459] CSTE
[16:53:56] [420/459] CONS
[16:53:57] [421/459] APPX
[16:53:58] [422/459] MABC
[16:53:59] [423/459] CXST
[16:53:59] [424/459] MATN
[16:54:00] [425/459] MACZ
[16:54:01] [426/459] MASA
[16:54:02] [427/459] MBSX
[16:54:02] [428/459] CSST
[16:54:03] [429/459] APCL
[16:54:04] [430/459] CGOS
[16:54:05] [431/459] CPEC
[16:54:05] [432/459] MCCP
[16:54:06] [433/459] BSSO
[16:54:07] [434/459] SJKA
[16:54:08] [435/459] CGBO
[16:54:08] [436/459] MVSK
[16:54:09] [437/459] HVCA
[16:54:10] [438/459] NAMD
[16:54:11] [439/459] DEVI
[16:54:12] [440/459] SCSV
[16:54:13] [441/459] PSMA
[16:54:13] [442/459] CLDJ
[16:54:14] [443/459] NMAD
[16:54:15] [444/459] CGMO
[16:54:16] [445/459] MCNA
[16:54:17] [446/459] OCBN
[16:54:17] [447/459] CPEM
[16:54:19] [448/459] CPSM
[16:54:20] [449/459] RCAD
[16:54:20] [450/459] CPMU
[16:54:21] [451/459] DICD
[16:54:22] [452/459] CHOE
[16:54:23] [453/459] PDJM
[16:54:24] [454/459] SSTU
[16:54:25] [455/459] VNRN
[16:54:26] [456/459] PVLG
[16:54:27] [457/459] SWBL
[16:54:27] [458/459] SCAB
[16:54:28] [459/459] RDDA
[16:54:29] 🧹 Deduping shows
[16:54:29] ✅ DONE | Shows=860 | Movies=55
