[09:33:16] 🚀 SCRIPT STARTED
[09:33:16] [1/296] CDCA
[09:33:16] 🧠 New identity created
[09:33:17] [2/296] MNSR
[09:33:18] [3/296] CSSL
[09:33:19] [4/296] BGGM
[09:33:21] [5/296] MANT
[09:33:21] [6/296] SOOY
[09:33:22] [7/296] VPPK
[09:33:23] [8/296] MYHJ
[09:33:24] [9/296] KSCK
[09:33:25] [10/296] KATK
[09:33:26] [11/296] RTRT
[09:33:26] [12/296] SSTT
[09:33:27] [13/296] SSTV
[09:33:28] [14/296] LACM
[09:33:29] [15/296] SGMG
[09:33:30] [16/296] KACX
[09:33:31] [17/296] GVCP
[09:33:32] [18/296] CSNC
[09:33:33] [19/296] SXCB
[09:33:34] [20/296] BAHS
[09:33:35] [21/296] PCBI
[09:33:36] [22/296] PSSM
[09:33:37] [23/296] RCOK
[09:33:38] [24/296] SCPF
[09:33:38] [25/296] SSAS
[09:33:40] [26/296] EVMM
[09:33:40] [27/296] SYCB
[09:33:41] [28/296] GCKI
[09:33:42] [29/296] IAET
[09:33:43] [30/296] DDTD
[09:33:44] [31/296] GMDH
[09:33:45] [32/296] STLE
[09:33:46] [33/296] JTRA
[09:33:47] [34/296] RPPA
[09:33:47] [35/296] ARUT
[09:33:48] [36/296] JTVM
[09:33:49] [37/296] SWRH
[09:33:50] [38/296] DCPC
[09:33:50] [39/296] RAPR
[09:33:52] [40/296] GCRT
[09:33:52] [41/296] ATUN
[09:33:53] [42/296] LTRM
[09:33:54] [43/296] TASR
[09:33:55] [44/296] RLLC
[09:33:56] [45/296] MABI
[09:33:57] [46/296] SVHB
[09:33:57] [47/296] NVTB
[09:33:58] [48/296] KCKG
[09:33:59] [49/296] SSRN
[09:34:00] [50/296] VDDC
[09:34:01] [51/296] GKTK
[09:34:01] [52/296] YFSN
[09:34:02] [53/296] GCSG
[09:34:03] [54/296] ESSM
[09:34:04] [55/296] KRIH
[09:34:05] [56/296] GCDS
[09:34:05] [57/296] CCSH
[09:34:06] [58/296] ACSK
[09:34:07] [59/296] APRK
[09:34:08] [60/296] ADKM
[09:34:08] [61/296] SRDM
[09:34:09] [62/296] RMOG
[09:34:10] [63/296] SJMY
[09:34:11] [64/296] PGGC
[09:34:11] [65/296] INGM
[09:34:12] [66/296] LSCB
[09:34:13] [67/296] STAD
[09:34:14] [68/296] MCCR
[09:34:14] [69/296] ABCC
[09:34:15] [70/296] RKCC
[09:34:16] [71/296] RTCR
[09:34:17] [72/296] GGBC
[09:34:17] [73/296] GCSD
[09:34:18] [74/296] LPTY
[09:34:19] [75/296] MCFD
[09:34:21] [76/296] HENN
[09:34:22] [77/296] SMKU
[09:34:23] [78/296] TNZC
[09:34:23] [79/296] DRCD
[09:34:24] [80/296] DLCD
[09:34:25] [81/296] RCDA
[09:34:26] [82/296] COSM
[09:34:27] [83/296] MCMJ
[09:34:28] [84/296] CSTR
[09:34:28] [85/296] CVDK
[09:34:29] [86/296] INRR
[09:34:30] [87/296] RJRT
[09:34:31] [88/296] IRMR
[09:34:32] [89/296] SRCF
[09:34:32] [90/296] GRCR
[09:34:33] [91/296] SURC
[09:34:34] [92/296] NMNH
[09:34:35] [93/296] SVBL
[09:34:35] [94/296] KACI
[09:34:36] [95/296] TDGO
[09:34:37] [96/296] KTBR
[09:34:38] [97/296] PMAD
[09:34:39] [98/296] CCPN
[09:34:40] [99/296] SBTK
[09:34:40] [100/296] LMDK
[09:34:41] [101/296] PGDA
[09:34:42] [102/296] SRML
[09:34:43] [103/296] EVCK
[09:34:44] [104/296] RTTK
[09:34:45] [105/296] SRTU
[09:34:45] [106/296] VRSA
[09:34:46] [107/296] VARS
[09:34:47] [108/296] DSCZ
[09:34:48] [109/296] GAGA
[09:34:48] [110/296] SARV
[09:34:50] [111/296] SEEG
[09:34:51] [112/296] GLCA
[09:34:52] [113/296] APAS
[09:34:54] [114/296] VCIA
[09:34:54] [115/296] SJTA
[09:34:56] [116/296] SABM
[09:34:57] [117/296] PPAG
[09:34:57] [118/296] RVCA
[09:34:59] [119/296] CCIA
[09:35:00] [120/296] HTAG
[09:35:00] [121/296] SMBI
[09:35:01] [122/296] MCJR
[09:35:02] [123/296] CCJR
[09:35:02] [124/296] SINF
[09:35:03] [125/296] CPLX
[09:35:04] [126/296] KKTJ
[09:35:04] [127/296] GDBW
[09:35:05] [128/296] CSUB
[09:35:06] [129/296] DABA
[09:35:07] [130/296] TITR
[09:35:07] [131/296] NYCR
[09:35:08] [132/296] RTRY
[09:35:09] [133/296] JTJL
[09:35:11] [134/296] SJCP
[09:35:11] [135/296] KCCA
[09:35:12] [136/296] MLPG
[09:35:13] [137/296] VRCK
[09:35:14] [138/296] SRIN
[09:35:14] [139/296] CXMK
[09:35:15] [140/296] SKAD
[09:35:16] [141/296] AVTR
[09:35:16] [142/296] PTAJ
[09:35:17] [143/296] SCNK
[09:35:18] [144/296] STTI
[09:35:19] [145/296] KACR
[09:35:20] [146/296] SSDX
[09:35:20] [147/296] VRTJ
[09:35:21] [148/296] RAJD
[09:35:22] [149/296] SCIP
[09:35:23] [150/296] RJSL
[09:35:24] [151/296] ARRS
[09:35:24] [152/296] ASMS
[09:35:25] [153/296] RDTS
[09:35:26] [154/296] DVMY
[09:35:27] [155/296] RASA
[09:35:28] [156/296] INOM
[09:35:29] [157/296] SPRS
[09:35:30] [158/296] SGCS
[09:35:31] [159/296] SALM
[09:35:32] [160/296] PKHC
[09:35:33] [161/296] RCSV
[09:35:34] [162/296] CPKC
[09:35:35] [163/296] AACD
[09:35:35] [164/296] GGCV
[09:35:36] [165/296] SMKD
[09:35:37] [166/296] NBCH
[09:35:38] [167/296] AMCB
[09:35:38] [168/296] OPCN
[09:35:39] [169/296] DCIN
[09:35:40] [170/296] INGW
[09:35:41] [171/296] PKKW
[09:35:42] [172/296] FNGW
[09:35:43] [173/296] GCGD
[09:35:44] [174/296] MSTW
[09:35:44] [175/296] KCCG
[09:35:45] [176/296] MRSS
[09:35:46] [177/296] CLCF
[09:35:47] [178/296] EETS
[09:35:48] [179/296] AATR
[09:35:48] [180/296] CMMN
[09:35:49] [181/296] SCCJ
[09:35:50] [182/296] CDTK
[09:35:51] [183/296] AICP
[09:35:52] [184/296] FNBP
[09:35:53] [185/296] CBPB
[09:35:53] [186/296] CPAS
[09:35:55] [187/296] MAPM
[09:35:55] [188/296] PASD
[09:35:56] [189/296] JCMN
[09:35:57] [190/296] MALB
[09:35:58] [191/296] SACG
[09:35:59] [192/296] DDRX
[09:36:00] [193/296] DDXB
[09:36:01] [194/296] RAMC
[09:36:01] [195/296] SANC
[09:36:02] [196/296] BCBP
[09:36:03] [197/296] ALPC
[09:36:04] [198/296] RBAC
[09:36:04] [199/296] RAJL
[09:36:05] [200/296] MPDX
[09:36:06] [201/296] MUSC
[09:36:07] [202/296] VKMK
[09:36:08] [203/296] SKCG
[09:36:09] [204/296] ANCN
[09:36:10] [205/296] MMCJ
[09:36:11] [206/296] DCAK
[09:36:11] [207/296] SCKG
[09:36:12] [208/296] LMCK
[09:36:13] [209/296] CKKX
[09:36:13] [210/296] ANKU
[09:36:14] [211/296] CSMD
[09:36:15] [212/296] MKMP
[09:36:16] [213/296] SVBG
[09:36:16] [214/296] ROOP
[09:36:18] [215/296] GDMT
[09:36:19] [216/296] FPPF
[09:36:19] [217/296] SFUU
[09:36:20] [218/296] ANCB
[09:36:21] [219/296] SMMC
[09:36:22] [220/296] UGKT
[09:36:22] [221/296] JVRM
[09:36:23] [222/296] BATG
[09:36:24] [223/296] RATE
[09:36:24] [224/296] SKME
[09:36:25] [225/296] LMTP
[09:36:26] [226/296] TCBD
[09:36:27] [227/296] ESBD
[09:36:28] [228/296] GDCU
[09:36:29] [229/296] SNKT
[09:36:29] [230/296] SRNK
[09:36:30] [231/296] SMED
[09:36:31] [232/296] CSQS
[09:36:32] [233/296] ALCS
[09:36:33] [234/296] KCKN
[09:36:33] [235/296] VCCL
[09:36:34] [236/296] MCDA
[09:36:35] [237/296] SHMI
[09:36:36] [238/296] SKHA
[09:36:37] [239/296] SVFK
[09:36:37] [240/296] INVB
[09:36:38] [241/296] MELD
[09:36:39] [242/296] JTYS
[09:36:40] [243/296] INCM
[09:36:40] [244/296] MCDV
[09:36:41] [245/296] KSGK
[09:36:42] [246/296] ICMG
[09:36:43] [247/296] CSCV
[09:36:43] [248/296] STMD
[09:36:44] [249/296] STTR
[09:36:45] [250/296] INVC
[09:36:46] [251/296] JTBL
[09:36:46] [252/296] SRVV
[09:36:47] [253/296] MAVC
[09:36:48] [254/296] SRPP
[09:36:49] [255/296] JGDM
[09:36:49] [256/296] MBSJ
[09:36:50] [257/296] SSLL
[09:36:51] [258/296] SLKP
[09:36:52] [259/296] NSRV
[09:36:52] [260/296] UTDV
[09:36:53] [261/296] KICM
[09:36:54] [262/296] KCMD
[09:36:55] [263/296] TTPP
[09:36:56] [264/296] KMPV
[09:36:57] [265/296] SKTV
[09:36:58] [266/296] STCV
[09:36:59] [267/296] SRDA
[09:37:00] [268/296] JTSX
[09:37:01] [269/296] STBV
[09:37:01] [270/296] APVZ
[09:37:02] [271/296] GSTV
[09:37:03] [272/296] NMVS
[09:37:04] [273/296] SKRT
[09:37:04] [274/296] RMDV
[09:37:05] [275/296] RATG
[09:37:06] [276/296] SJYV
[09:37:06] [277/296] NDGP
[09:37:07] [278/296] SNDG
[09:37:08] [279/296] INSR
[09:37:09] [280/296] INSO
[09:37:09] [281/296] CCSI
[09:37:10] [282/296] RASM
[09:37:11] [283/296] NEWC
[09:37:12] [284/296] VSHL
[09:37:13] [285/296] BISW
[09:37:13] [286/296] GCNG
[09:37:14] [287/296] CWSC
[09:37:15] [288/296] SKAN
[09:37:16] [289/296] SEHP
[09:37:16] [290/296] CCOA
[09:37:17] [291/296] MCAJ
[09:37:18] [292/296] ACDE
[09:37:19] [293/296] AACM
[09:37:20] [294/296] JJCK
[09:37:20] [295/296] RCMO
[09:37:21] [296/296] GDAW
[09:37:22] 🧹 Deduping shows
[09:37:22] ✅ DONE | Shows=464 | Movies=32
[16:48:08] 🚀 SCRIPT STARTED
[16:48:08] [1/296] CDCA
[16:48:08] 🧠 New identity created
[16:48:08] 🔄 Identity reset
[16:48:08] ❌ CDCA | RuntimeError
[16:48:08] [2/296] MNSR
[16:48:08] 🧠 New identity created
[16:48:08] 🔄 Identity reset
[16:48:08] ❌ MNSR | RuntimeError
[16:48:09] [3/296] CSSL
[16:48:09] 🧠 New identity created
[16:48:09] 🔄 Identity reset
[16:48:09] ❌ CSSL | RuntimeError
[16:48:09] [4/296] BGGM
[16:48:09] 🧠 New identity created
[16:48:10] 🔄 Identity reset
[16:48:10] ❌ BGGM | RuntimeError
[16:48:10] [5/296] MANT
[16:48:10] 🧠 New identity created
[16:48:10] 🔄 Identity reset
[16:48:10] ❌ MANT | RuntimeError
[16:48:10] [6/296] SOOY
[16:48:10] 🧠 New identity created
[16:48:11] 🔄 Identity reset
[16:48:11] ❌ SOOY | RuntimeError
[16:48:11] [7/296] VPPK
[16:48:11] 🧠 New identity created
[16:48:11] 🔄 Identity reset
[16:48:11] ❌ VPPK | RuntimeError
[16:48:12] [8/296] MYHJ
[16:48:12] 🧠 New identity created
[16:48:12] 🔄 Identity reset
[16:48:12] ❌ MYHJ | RuntimeError
[16:48:13] [9/296] KSCK
[16:48:13] 🧠 New identity created
[16:48:13] 🔄 Identity reset
[16:48:13] ❌ KSCK | RuntimeError
[16:48:13] [10/296] KATK
[16:48:13] 🧠 New identity created
[16:48:13] 🔄 Identity reset
[16:48:13] ❌ KATK | RuntimeError
[16:48:14] [11/296] RTRT
[16:48:14] 🧠 New identity created
[16:48:14] 🔄 Identity reset
[16:48:14] ❌ RTRT | RuntimeError
[16:48:14] [12/296] SSTT
[16:48:14] 🧠 New identity created
[16:48:15] 🔄 Identity reset
[16:48:15] ❌ SSTT | RuntimeError
[16:48:15] [13/296] SSTV
[16:48:15] 🧠 New identity created
[16:48:15] 🔄 Identity reset
[16:48:15] ❌ SSTV | RuntimeError
[16:48:16] [14/296] LACM
[16:48:16] 🧠 New identity created
[16:48:16] 🔄 Identity reset
[16:48:16] ❌ LACM | RuntimeError
[16:48:17] [15/296] SGMG
[16:48:17] 🧠 New identity created
[16:48:17] 🔄 Identity reset
[16:48:17] ❌ SGMG | RuntimeError
[16:48:17] [16/296] KACX
[16:48:17] 🧠 New identity created
[16:48:17] 🔄 Identity reset
[16:48:17] ❌ KACX | RuntimeError
[16:48:18] [17/296] GVCP
[16:48:18] 🧠 New identity created
[16:48:18] 🔄 Identity reset
[16:48:18] ❌ GVCP | RuntimeError
[16:48:18] [18/296] CSNC
[16:48:18] 🧠 New identity created
[16:48:18] 🔄 Identity reset
[16:48:18] ❌ CSNC | RuntimeError
[16:48:19] [19/296] SXCB
[16:48:19] 🧠 New identity created
[16:48:19] 🔄 Identity reset
[16:48:19] ❌ SXCB | RuntimeError
[16:48:20] [20/296] BAHS
[16:48:20] 🧠 New identity created
[16:48:20] 🔄 Identity reset
[16:48:20] ❌ BAHS | RuntimeError
[16:48:20] [21/296] PCBI
[16:48:20] 🧠 New identity created
[16:48:20] 🔄 Identity reset
[16:48:20] ❌ PCBI | RuntimeError
[16:48:21] [22/296] PSSM
[16:48:21] 🧠 New identity created
[16:48:21] 🔄 Identity reset
[16:48:21] ❌ PSSM | RuntimeError
[16:48:21] [23/296] RCOK
[16:48:21] 🧠 New identity created
[16:48:22] 🔄 Identity reset
[16:48:22] ❌ RCOK | RuntimeError
[16:48:22] [24/296] SCPF
[16:48:22] 🧠 New identity created
[16:48:22] 🔄 Identity reset
[16:48:22] ❌ SCPF | RuntimeError
[16:48:23] [25/296] SSAS
[16:48:23] 🧠 New identity created
[16:48:23] 🔄 Identity reset
[16:48:23] ❌ SSAS | RuntimeError
[16:48:23] [26/296] EVMM
[16:48:23] 🧠 New identity created
[16:48:23] 🔄 Identity reset
[16:48:23] ❌ EVMM | RuntimeError
[16:48:24] [27/296] SYCB
[16:48:24] 🧠 New identity created
[16:48:24] 🔄 Identity reset
[16:48:24] ❌ SYCB | RuntimeError
[16:48:24] [28/296] GCKI
[16:48:24] 🧠 New identity created
[16:48:24] 🔄 Identity reset
[16:48:24] ❌ GCKI | RuntimeError
[16:48:25] [29/296] IAET
[16:48:25] 🧠 New identity created
[16:48:25] 🔄 Identity reset
[16:48:25] ❌ IAET | RuntimeError
[16:48:26] [30/296] DDTD
[16:48:26] 🧠 New identity created
[16:48:26] 🔄 Identity reset
[16:48:26] ❌ DDTD | RuntimeError
[16:48:26] [31/296] GMDH
[16:48:26] 🧠 New identity created
[16:48:26] 🔄 Identity reset
[16:48:26] ❌ GMDH | RuntimeError
[16:48:27] [32/296] STLE
[16:48:27] 🧠 New identity created
[16:48:27] 🔄 Identity reset
[16:48:27] ❌ STLE | RuntimeError
[16:48:28] [33/296] JTRA
[16:48:28] 🧠 New identity created
[16:48:28] 🔄 Identity reset
[16:48:28] ❌ JTRA | RuntimeError
[16:48:29] [34/296] RPPA
[16:48:29] 🧠 New identity created
[16:48:29] 🔄 Identity reset
[16:48:29] ❌ RPPA | RuntimeError
[16:48:29] [35/296] ARUT
[16:48:29] 🧠 New identity created
[16:48:29] 🔄 Identity reset
[16:48:29] ❌ ARUT | RuntimeError
[16:48:30] [36/296] JTVM
[16:48:30] 🧠 New identity created
[16:48:31] [37/296] SWRH
[16:48:32] [38/296] DCPC
[16:48:33] [39/296] RAPR
[16:48:33] [40/296] GCRT
[16:48:34] [41/296] ATUN
[16:48:35] [42/296] LTRM
[16:48:36] [43/296] TASR
[16:48:37] [44/296] RLLC
[16:48:37] [45/296] MABI
[16:48:38] [46/296] SVHB
[16:48:39] [47/296] NVTB
[16:48:40] [48/296] KCKG
[16:48:40] [49/296] SSRN
[16:48:41] [50/296] VDDC
[16:48:42] [51/296] GKTK
[16:48:43] [52/296] YFSN
[16:48:44] [53/296] GCSG
[16:48:44] [54/296] ESSM
[16:48:45] [55/296] KRIH
[16:48:46] [56/296] GCDS
[16:48:47] [57/296] CCSH
[16:48:48] [58/296] ACSK
[16:48:49] [59/296] APRK
[16:48:50] [60/296] ADKM
[16:48:50] [61/296] SRDM
[16:48:51] [62/296] RMOG
[16:48:52] [63/296] SJMY
[16:48:53] [64/296] PGGC
[16:48:54] [65/296] INGM
[16:48:54] [66/296] LSCB
[16:48:55] [67/296] STAD
[16:48:56] [68/296] MCCR
[16:48:57] [69/296] ABCC
[16:48:58] [70/296] RKCC
[16:48:58] [71/296] RTCR
[16:48:59] [72/296] GGBC
[16:49:00] [73/296] GCSD
[16:49:01] [74/296] LPTY
[16:49:02] [75/296] MCFD
[16:49:03] [76/296] HENN
[16:49:04] [77/296] SMKU
[16:49:04] [78/296] TNZC
[16:49:05] [79/296] DRCD
[16:49:06] [80/296] DLCD
[16:49:07] [81/296] RCDA
[16:49:08] [82/296] COSM
[16:49:08] [83/296] MCMJ
[16:49:09] [84/296] CSTR
[16:49:10] [85/296] CVDK
[16:49:11] [86/296] INRR
[16:49:11] [87/296] RJRT
[16:49:12] [88/296] IRMR
[16:49:13] [89/296] SRCF
[16:49:14] [90/296] GRCR
[16:49:15] [91/296] SURC
[16:49:16] [92/296] NMNH
[16:49:16] [93/296] SVBL
[16:49:17] [94/296] KACI
[16:49:18] [95/296] TDGO
[16:49:18] [96/296] KTBR
[16:49:19] [97/296] PMAD
[16:49:20] [98/296] CCPN
[16:49:21] [99/296] SBTK
[16:49:21] [100/296] LMDK
[16:49:22] [101/296] PGDA
[16:49:23] [102/296] SRML
[16:49:23] [103/296] EVCK
[16:49:24] [104/296] RTTK
[16:49:25] [105/296] SRTU
[16:49:26] [106/296] VRSA
[16:49:27] [107/296] VARS
[16:49:27] [108/296] DSCZ
[16:49:28] [109/296] GAGA
[16:49:29] [110/296] SARV
[16:49:29] [111/296] SEEG
[16:49:30] [112/296] GLCA
[16:49:31] [113/296] APAS
[16:49:32] [114/296] VCIA
[16:49:32] [115/296] SJTA
[16:49:34] [116/296] SABM
[16:49:35] [117/296] PPAG
[16:49:36] [118/296] RVCA
[16:49:36] [119/296] CCIA
[16:49:37] [120/296] HTAG
[16:49:38] [121/296] SMBI
[16:49:39] [122/296] MCJR
[16:49:40] [123/296] CCJR
[16:49:40] [124/296] SINF
[16:49:41] [125/296] CPLX
[16:49:42] [126/296] KKTJ
[16:49:43] [127/296] GDBW
[16:49:44] [128/296] CSUB
[16:49:45] [129/296] DABA
[16:49:46] [130/296] TITR
[16:49:46] [131/296] NYCR
[16:49:47] [132/296] RTRY
[16:49:48] [133/296] JTJL
[16:49:49] [134/296] SJCP
[16:49:50] [135/296] KCCA
[16:49:51] [136/296] MLPG
[16:49:51] [137/296] VRCK
[16:49:53] [138/296] SRIN
[16:49:54] [139/296] CXMK
[16:49:54] [140/296] SKAD
[16:49:55] [141/296] AVTR
[16:49:56] [142/296] PTAJ
[16:49:57] [143/296] SCNK
[16:49:58] [144/296] STTI
[16:49:59] [145/296] KACR
[16:49:59] [146/296] SSDX
[16:50:00] [147/296] VRTJ
[16:50:01] [148/296] RAJD
[16:50:02] [149/296] SCIP
[16:50:02] [150/296] RJSL
[16:50:03] [151/296] ARRS
[16:50:04] [152/296] ASMS
[16:50:05] [153/296] RDTS
[16:50:06] [154/296] DVMY
[16:50:07] [155/296] RASA
[16:50:08] [156/296] INOM
[16:50:09] [157/296] SPRS
[16:50:10] [158/296] SGCS
[16:50:10] [159/296] SALM
[16:50:11] [160/296] PKHC
[16:50:12] [161/296] RCSV
[16:50:13] [162/296] CPKC
[16:50:14] [163/296] AACD
[16:50:15] [164/296] GGCV
[16:50:16] [165/296] SMKD
[16:50:16] [166/296] NBCH
[16:50:18] [167/296] AMCB
[16:50:19] [168/296] OPCN
[16:50:19] [169/296] DCIN
[16:50:20] [170/296] INGW
[16:50:21] [171/296] PKKW
[16:50:22] [172/296] FNGW
[16:50:23] [173/296] GCGD
[16:50:24] [174/296] MSTW
[16:50:24] [175/296] KCCG
[16:50:25] [176/296] MRSS
[16:50:26] [177/296] CLCF
[16:50:27] [178/296] EETS
[16:50:28] [179/296] AATR
[16:50:29] [180/296] CMMN
[16:50:29] [181/296] SCCJ
[16:50:30] [182/296] CDTK
[16:50:31] [183/296] AICP
[16:50:31] [184/296] FNBP
[16:50:32] [185/296] CBPB
[16:50:33] [186/296] CPAS
[16:50:34] [187/296] MAPM
[16:50:34] [188/296] PASD
[16:50:35] [189/296] JCMN
[16:50:36] [190/296] MALB
[16:50:37] [191/296] SACG
[16:50:38] [192/296] DDRX
[16:50:38] [193/296] DDXB
[16:50:40] [194/296] RAMC
[16:50:41] [195/296] SANC
[16:50:41] [196/296] BCBP
[16:50:42] [197/296] ALPC
[16:50:43] [198/296] RBAC
[16:50:44] [199/296] RAJL
[16:50:45] [200/296] MPDX
[16:50:46] [201/296] MUSC
[16:50:46] [202/296] VKMK
[16:50:47] [203/296] SKCG
[16:50:48] [204/296] ANCN
[16:50:48] [205/296] MMCJ
[16:50:49] [206/296] DCAK
[16:50:50] [207/296] SCKG
[16:50:51] [208/296] LMCK
[16:50:51] [209/296] CKKX
[16:50:52] [210/296] ANKU
[16:50:53] [211/296] CSMD
[16:50:54] [212/296] MKMP
[16:50:54] [213/296] SVBG
[16:50:55] [214/296] ROOP
[16:50:56] [215/296] GDMT
[16:50:56] [216/296] FPPF
[16:50:57] [217/296] SFUU
[16:50:58] [218/296] ANCB
[16:50:59] [219/296] SMMC
[16:50:59] [220/296] UGKT
[16:51:00] [221/296] JVRM
[16:51:01] [222/296] BATG
[16:51:02] [223/296] RATE
[16:51:02] [224/296] SKME
[16:51:03] [225/296] LMTP
[16:51:04] [226/296] TCBD
[16:51:05] [227/296] ESBD
[16:51:06] [228/296] GDCU
[16:51:06] [229/296] SNKT
[16:51:07] [230/296] SRNK
[16:51:08] [231/296] SMED
[16:51:08] [232/296] CSQS
[16:51:09] [233/296] ALCS
[16:51:10] [234/296] KCKN
[16:51:11] [235/296] VCCL
[16:51:12] [236/296] MCDA
[16:51:13] [237/296] SHMI
[16:51:13] [238/296] SKHA
[16:51:14] [239/296] SVFK
[16:51:15] [240/296] INVB
[16:51:16] [241/296] MELD
[16:51:16] [242/296] JTYS
[16:51:18] [243/296] INCM
[16:51:18] [244/296] MCDV
[16:51:19] [245/296] KSGK
[16:51:20] [246/296] ICMG
[16:51:21] [247/296] CSCV
[16:51:21] [248/296] STMD
[16:51:22] [249/296] STTR
[16:51:23] [250/296] INVC
[16:51:24] [251/296] JTBL
[16:51:25] [252/296] SRVV
[16:51:26] [253/296] MAVC
[16:51:27] [254/296] SRPP
[16:51:27] [255/296] JGDM
[16:51:28] [256/296] MBSJ
[16:51:29] [257/296] SSLL
[16:51:30] [258/296] SLKP
[16:51:31] [259/296] NSRV
[16:51:32] [260/296] UTDV
[16:51:33] [261/296] KICM
[16:51:34] [262/296] KCMD
[16:51:35] [263/296] TTPP
[16:51:36] [264/296] KMPV
[16:51:36] [265/296] SKTV
[16:51:37] [266/296] STCV
[16:51:38] [267/296] SRDA
[16:51:39] [268/296] JTSX
[16:51:40] [269/296] STBV
[16:51:40] [270/296] APVZ
[16:51:41] [271/296] GSTV
[16:51:42] [272/296] NMVS
[16:51:43] [273/296] SKRT
[16:51:43] [274/296] RMDV
[16:51:44] [275/296] RATG
[16:51:45] [276/296] SJYV
[16:51:45] [277/296] NDGP
[16:51:47] [278/296] SNDG
[16:51:48] [279/296] INSR
[16:51:48] [280/296] INSO
[16:51:49] [281/296] CCSI
[16:51:50] [282/296] RASM
[16:51:51] [283/296] NEWC
[16:51:52] [284/296] VSHL
[16:51:53] [285/296] BISW
[16:51:53] [286/296] GCNG
[16:51:54] [287/296] CWSC
[16:51:55] [288/296] SKAN
[16:51:55] [289/296] SEHP
[16:51:56] [290/296] CCOA
[16:51:57] [291/296] MCAJ
[16:51:58] [292/296] ACDE
[16:51:58] [293/296] AACM
[16:51:59] [294/296] JJCK
[16:52:00] [295/296] RCMO
[16:52:01] [296/296] GDAW
[16:52:02] 🧹 Deduping shows
[16:52:02] ✅ DONE | Shows=489 | Movies=32
