[09:33:19] 🚀 SCRIPT STARTED
[09:33:19] [1/326] BSAT
[09:33:19] 🧠 New identity created
[09:33:20] [2/326] RSSM
[09:33:21] [3/326] GCTA
[09:33:22] [4/326] TOPN
[09:33:23] [5/326] MCUS
[09:33:24] [6/326] SHRL
[09:33:25] [7/326] UPTP
[09:33:26] [8/326] TMMP
[09:33:27] [9/326] DNRP
[09:33:27] [10/326] SRLT
[09:33:28] [11/326] RCNS
[09:33:29] [12/326] DCBH
[09:33:30] [13/326] NAGJ
[09:33:31] [14/326] JVRC
[09:33:33] [15/326] KRJG
[09:33:34] [16/326] SRTJ
[09:33:35] [17/326] CMXM
[09:33:36] [18/326] STMI
[09:33:37] [19/326] SLST
[09:33:37] [20/326] DTCN
[09:33:38] [21/326] STYN
[09:33:39] [22/326] SZVR
[09:33:40] [23/326] SRKO
[09:33:40] [24/326] JTGT
[09:33:41] [25/326] SVFD
[09:33:43] [26/326] SISD
[09:33:43] [27/326] ABDD
[09:33:44] [28/326] DRCA
[09:33:45] [29/326] AVCS
[09:33:46] [30/326] MVKH
[09:33:47] [31/326] ACPR
[09:33:48] [32/326] STIP
[09:33:49] [33/326] MTRA
[09:33:50] [34/326] RMKH
[09:33:50] [35/326] NKRL
[09:33:51] [36/326] PCWN
[09:33:52] [37/326] BLMT
[09:33:53] [38/326] GDPG
[09:33:53] [39/326] SRMX
[09:33:55] [40/326] JACP
[09:33:56] [41/326] CPSH
[09:33:57] [42/326] MCCD
[09:33:58] [43/326] ECGH
[09:33:58] [44/326] MKCK
[09:33:59] [45/326] SRMM
[09:34:00] [46/326] SKYR
[09:34:01] [47/326] PCKC
[09:34:02] [48/326] JCMA
[09:34:02] [49/326] BSMP
[09:34:03] [50/326] VSPA
[09:34:04] [51/326] DJYA
[09:34:05] [52/326] DIMP
[09:34:06] [53/326] FXDR
[09:34:07] [54/326] SSRC
[09:34:08] [55/326] STHP
[09:34:08] [56/326] CPPD
[09:34:09] [57/326] FCLK
[09:34:11] [58/326] SCPP
[09:34:12] [59/326] DCMJ
[09:34:13] [60/326] RCCR
[09:34:14] [61/326] INMT
[09:34:15] [62/326] LXTK
[09:34:16] [63/326] SRYK
[09:34:16] [64/326] SGDK
[09:34:17] [65/326] PPKA
[09:34:18] [66/326] SPKA
[09:34:19] [67/326] CGHH
[09:34:20] [68/326] DCJN
[09:34:21] [69/326] SRKV
[09:34:23] [70/326] SAJC
[09:34:23] [71/326] SUSR
[09:34:24] [72/326] STYG
[09:34:25] [73/326] NTKP
[09:34:26] [74/326] AKTG
[09:34:27] [75/326] CGCM
[09:34:27] [76/326] TULC
[09:34:28] [77/326] NYYZ
[09:34:29] [78/326] NYBW
[09:34:29] [79/326] MACB
[09:34:30] [80/326] SLVT
[09:34:31] [81/326] SANA
[09:34:31] [82/326] ACMR
[09:34:33] [83/326] CPKN
[09:34:34] [84/326] DLGK
[09:34:34] [85/326] CWCK
[09:34:35] [86/326] FDDH
[09:34:37] [87/326] MMMD
[09:34:38] [88/326] CMEH
[09:34:39] [89/326] GGGV
[09:34:39] [90/326] SPJL
[09:34:40] [91/326] RCCD
[09:34:41] [92/326] STTZ
[09:34:42] [93/326] BTCF
[09:34:43] [94/326] TSTZ
[09:34:44] [95/326] IPMM
[09:34:45] [96/326] PMPW
[09:34:46] [97/326] PCMZ
[09:34:47] [98/326] ESEM
[09:34:48] [99/326] PIPO
[09:34:49] [100/326] MATK
[09:34:49] [101/326] PGHM
[09:34:50] [102/326] CTSR
[09:34:51] [103/326] CYKR
[09:34:52] [104/326] MSCM
[09:34:52] [105/326] RFNP
[09:34:53] [106/326] PDCP
[09:34:54] [107/326] NPSE
[09:34:56] [108/326] MKML
[09:34:56] [109/326] FTDP
[09:34:57] [110/326] MMXA
[09:34:58] [111/326] CEPO
[09:34:59] [112/326] CMVP
[09:35:00] [113/326] SGTH
[09:35:01] [114/326] SAYN
[09:35:02] [115/326] URVS
[09:35:03] [116/326] VJTN
[09:35:04] [117/326] BBYK
[09:35:05] [118/326] SHBO
[09:35:06] [119/326] VCMR
[09:35:07] [120/326] MACT
[09:35:08] [121/326] JMNP
[09:35:09] [122/326] VICS
[09:35:10] [123/326] VCDA
[09:35:11] [124/326] GCMM
[09:35:12] [125/326] INVS
[09:35:13] [126/326] SCGM
[09:35:14] [127/326] PCDA
[09:35:15] [128/326] KDCT
[09:35:16] [129/326] JACS
[09:35:17] [130/326] GMMC
[09:35:18] [131/326] AICM
[09:35:18] [132/326] TJCM
[09:35:19] [133/326] RMTI
[09:35:20] [134/326] SHAC
[09:35:20] [135/326] APJC
[09:35:21] [136/326] GCTG
[09:35:22] [137/326] SSMC
[09:35:23] [138/326] THRM
[09:35:23] [139/326] RBCT
[09:35:24] [140/326] DIKT
[09:35:25] [141/326] MIDL
[09:35:26] [142/326] VCSN
[09:35:27] [143/326] SKTG
[09:35:27] [144/326] SMWC
[09:35:28] [145/326] MNKH
[09:35:30] [146/326] PIAT
[09:35:31] [147/326] LTTP
[09:35:31] [148/326] PTPU
[09:35:32] [149/326] ACMG
[09:35:33] [150/326] SHMM
[09:35:34] [151/326] MCMN
[09:35:35] [152/326] GLDC
[09:35:36] [153/326] HOUT
[09:35:36] [154/326] SVRP
[09:35:37] [155/326] PVDN
[09:35:38] [156/326] SCPY
[09:35:39] [157/326] DTPY
[09:35:40] [158/326] GKCS
[09:35:41] [159/326] NCAM
[09:35:41] [160/326] BSRM
[09:35:42] [161/326] RCLC
[09:35:43] [162/326] SKKD
[09:35:43] [163/326] ACHU
[09:35:45] [164/326] RSCF
[09:35:46] [165/326] IMSH
[09:35:46] [166/326] MACX
[09:35:47] [167/326] HMMW
[09:35:48] [168/326] JTCP
[09:35:49] [169/326] SREN
[09:35:49] [170/326] PJRR
[09:35:50] [171/326] INAC
[09:35:51] [172/326] BMCA
[09:35:52] [173/326] SHCB
[09:35:53] [174/326] GABA
[09:35:54] [175/326] SBCT
[09:35:55] [176/326] GCMA
[09:35:55] [177/326] MYTK
[09:35:56] [178/326] INZS
[09:35:57] [179/326] RMIK
[09:35:57] [180/326] NYCH
[09:35:58] [181/326] RAVE
[09:35:59] [182/326] PSXM
[09:36:00] [183/326] MCGP
[09:36:01] [184/326] PDDK
[09:36:01] [185/326] SPCK
[09:36:02] [186/326] MCRL
[09:36:03] [187/326] MHKT
[09:36:04] [188/326] ANRR
[09:36:05] [189/326] SAPK
[09:36:06] [190/326] NCUK
[09:36:06] [191/326] JUGA
[09:36:07] [192/326] DBSC
[09:36:08] [193/326] LALK
[09:36:09] [194/326] GUCK
[09:36:10] [195/326] STSG
[09:36:10] [196/326] PPPZ
[09:36:11] [197/326] CNCY
[09:36:12] [198/326] MTAR
[09:36:13] [199/326] VNKD
[09:36:13] [200/326] KMAJ
[09:36:14] [201/326] ACXK
[09:36:15] [202/326] UTKC
[09:36:16] [203/326] PBLK
[09:36:17] [204/326] ACBX
[09:36:18] [205/326] PTGM
[09:36:18] [206/326] BTDA
[09:36:19] [207/326] PJMB
[09:36:20] [208/326] TPDA
[09:36:21] [209/326] AMOE
[09:36:21] [210/326] PRHT
[09:36:22] [211/326] PRTA
[09:36:24] [212/326] STAM
[09:36:24] [213/326] MSAA
[09:36:25] [214/326] SDLU
[09:36:26] [215/326] RCHH
[09:36:27] [216/326] KANT
[09:36:28] [217/326] FCRT
[09:36:29] [218/326] DNKM
[09:36:30] [219/326] RYCP
[09:36:31] [220/326] MYRP
[09:36:32] [221/326] PPAK
[09:36:33] [222/326] NVPK
[09:36:33] [223/326] PRMC
[09:36:34] [224/326] JBCS
[09:36:35] [225/326] GXCK
[09:36:35] [226/326] USKO
[09:36:37] [227/326] GTEM
[09:36:38] [228/326] SMBU
[09:36:39] [229/326] VETC
[09:36:39] [230/326] LCDA
[09:36:40] [231/326] MTVT
[09:36:41] [232/326] PYCP
[09:36:42] [233/326] PNSC
[09:36:43] [234/326] PPCC
[09:36:44] [235/326] TGRT
[09:36:45] [236/326] JYOT
[09:36:46] [237/326] SRCZ
[09:36:47] [238/326] SJTE
[09:36:47] [239/326] DESC
[09:36:48] [240/326] JHVN
[09:36:49] [241/326] IPSG
[09:36:50] [242/326] IPCM
[09:36:50] [243/326] PDRS
[09:36:52] [244/326] ANCV
[09:36:53] [245/326] CMVV
[09:36:53] [246/326] SHYP
[09:36:54] [247/326] DNCS
[09:36:55] [248/326] GAJK
[09:36:55] [249/326] AKTN
[09:36:56] [250/326] KAYA
[09:36:57] [251/326] SBRC
[09:36:58] [252/326] CHTP
[09:36:59] [253/326] SHRT
[09:37:00] [254/326] BCKU
[09:37:01] [255/326] FCPS
[09:37:01] [256/326] ARDD
[09:37:03] [257/326] CPCM
[09:37:04] [258/326] CGSM
[09:37:05] [259/326] PSMP
[09:37:05] [260/326] SDAL
[09:37:06] [261/326] RTNB
[09:37:07] [262/326] LMCR
[09:37:08] [263/326] CIMA
[09:37:09] [264/326] RNAS
[09:37:10] [265/326] LITH
[09:37:11] [266/326] PBOX
[09:37:12] [267/326] FRTS
[09:37:12] [268/326] RKIC
[09:37:13] [269/326] PTAI
[09:37:14] [270/326] GCIC
[09:37:15] [271/326] FNAS
[09:37:16] [272/326] SCAR
[09:37:17] [273/326] MTCA
[09:37:18] [274/326] SCTS
[09:37:18] [275/326] SYCS
[09:37:19] [276/326] RDMS
[09:37:20] [277/326] KAMP
[09:37:20] [278/326] ERSD
[09:37:21] [279/326] MJMJ
[09:37:22] [280/326] SRCJ
[09:37:23] [281/326] SCXE
[09:37:24] [282/326] SVFR
[09:37:25] [283/326] BHCS
[09:37:26] [284/326] IMCC
[09:37:27] [285/326] PCBO
[09:37:27] [286/326] PRVN
[09:37:29] [287/326] AUPM
[09:37:30] [288/326] INBW
[09:37:30] [289/326] SVCW
[09:37:31] [290/326] RKCF
[09:37:32] [291/326] UVBH
[09:37:33] [292/326] DNCY
[09:37:33] [293/326] ABCN
[09:37:34] [294/326] PRUR
[09:37:35] [295/326] PFMR
[09:37:36] [296/326] RKCN
[09:37:37] [297/326] CFEA
[09:37:38] [298/326] SDBG
[09:37:38] [299/326] SNAR
[09:37:39] [300/326] YISI
[09:37:40] [301/326] JCFF
[09:37:41] [302/326] VTRK
[09:37:42] [303/326] PCLZ
[09:37:42] [304/326] DIMY
[09:37:43] [305/326] BBTS
[09:37:44] [306/326] GATH
[09:37:44] [307/326] GTMN
[09:37:45] [308/326] VTMH
[09:37:46] [309/326] CCKP
[09:37:47] [310/326] GPKA
[09:37:48] [311/326] MHCL
[09:37:49] [312/326] ATCL
[09:37:50] [313/326] SBCK
[09:37:51] [314/326] AMMR
[09:37:52] [315/326] MADC
[09:37:52] [316/326] TMMA
[09:37:53] [317/326] CACC
[09:37:54] [318/326] CHAL
[09:37:55] [319/326] DURG
[09:37:56] [320/326] GMKU
[09:37:57] [321/326] GECA
[09:37:58] [322/326] KYRR
[09:37:59] [323/326] KSDE
[09:38:00] [324/326] LMCI
[09:38:00] [325/326] NKCP
[09:38:01] [326/326] BGTC
[09:38:02] 🧹 Deduping shows
[09:38:02] ✅ DONE | Shows=559 | Movies=42
[16:48:09] 🚀 SCRIPT STARTED
[16:48:09] [1/326] BSAT
[16:48:09] 🧠 New identity created
[16:48:09] 🔄 Identity reset
[16:48:09] ❌ BSAT | RuntimeError
[16:48:09] [2/326] RSSM
[16:48:09] 🧠 New identity created
[16:48:10] 🔄 Identity reset
[16:48:10] ❌ RSSM | RuntimeError
[16:48:10] [3/326] GCTA
[16:48:10] 🧠 New identity created
[16:48:11] [4/326] TOPN
[16:48:12] [5/326] MCUS
[16:48:13] [6/326] SHRL
[16:48:14] [7/326] UPTP
[16:48:15] [8/326] TMMP
[16:48:15] [9/326] DNRP
[16:48:16] [10/326] SRLT
[16:48:17] [11/326] RCNS
[16:48:18] [12/326] DCBH
[16:48:19] [13/326] NAGJ
[16:48:19] [14/326] JVRC
[16:48:20] [15/326] KRJG
[16:48:21] [16/326] SRTJ
[16:48:22] [17/326] CMXM
[16:48:23] [18/326] STMI
[16:48:24] [19/326] SLST
[16:48:24] [20/326] DTCN
[16:48:25] [21/326] STYN
[16:48:26] [22/326] SZVR
[16:48:27] [23/326] SRKO
[16:48:28] [24/326] JTGT
[16:48:29] [25/326] SVFD
[16:48:30] [26/326] SISD
[16:48:31] [27/326] ABDD
[16:48:32] [28/326] DRCA
[16:48:33] [29/326] AVCS
[16:48:33] [30/326] MVKH
[16:48:34] [31/326] ACPR
[16:48:35] [32/326] STIP
[16:48:36] [33/326] MTRA
[16:48:36] [34/326] RMKH
[16:48:37] [35/326] NKRL
[16:48:39] [36/326] PCWN
[16:48:40] [37/326] BLMT
[16:48:41] [38/326] GDPG
[16:48:42] [39/326] SRMX
[16:48:43] [40/326] JACP
[16:48:44] [41/326] CPSH
[16:48:45] [42/326] MCCD
[16:48:46] [43/326] ECGH
[16:48:46] [44/326] MKCK
[16:48:47] [45/326] SRMM
[16:48:48] [46/326] SKYR
[16:48:49] [47/326] PCKC
[16:48:50] [48/326] JCMA
[16:48:51] [49/326] BSMP
[16:48:52] [50/326] VSPA
[16:48:53] [51/326] DJYA
[16:48:54] [52/326] DIMP
[16:48:55] [53/326] FXDR
[16:48:56] [54/326] SSRC
[16:48:57] [55/326] STHP
[16:48:58] [56/326] CPPD
[16:48:59] [57/326] FCLK
[16:49:01] [58/326] SCPP
[16:49:02] [59/326] DCMJ
[16:49:02] [60/326] RCCR
[16:49:03] [61/326] INMT
[16:49:04] [62/326] LXTK
[16:49:05] [63/326] SRYK
[16:49:06] [64/326] SGDK
[16:49:07] [65/326] PPKA
[16:49:08] [66/326] SPKA
[16:49:09] [67/326] CGHH
[16:49:10] [68/326] DCJN
[16:49:11] [69/326] SRKV
[16:49:12] [70/326] SAJC
[16:49:13] [71/326] SUSR
[16:49:14] [72/326] STYG
[16:49:14] [73/326] NTKP
[16:49:15] [74/326] AKTG
[16:49:16] [75/326] CGCM
[16:49:17] [76/326] TULC
[16:49:18] [77/326] NYYZ
[16:49:19] [78/326] NYBW
[16:49:20] [79/326] MACB
[16:49:20] [80/326] SLVT
[16:49:21] [81/326] SANA
[16:49:22] [82/326] ACMR
[16:49:23] [83/326] CPKN
[16:49:24] [84/326] DLGK
[16:49:25] [85/326] CWCK
[16:49:26] [86/326] FDDH
[16:49:27] [87/326] MMMD
[16:49:28] [88/326] CMEH
[16:49:28] [89/326] GGGV
[16:49:30] [90/326] SPJL
[16:49:31] [91/326] RCCD
[16:49:32] [92/326] STTZ
[16:49:32] [93/326] BTCF
[16:49:33] [94/326] TSTZ
[16:49:34] [95/326] IPMM
[16:49:35] [96/326] PMPW
[16:49:36] [97/326] PCMZ
[16:49:37] [98/326] ESEM
[16:49:38] [99/326] PIPO
[16:49:39] [100/326] MATK
[16:49:40] [101/326] PGHM
[16:49:40] [102/326] CTSR
[16:49:42] [103/326] CYKR
[16:49:43] [104/326] MSCM
[16:49:44] [105/326] RFNP
[16:49:45] [106/326] PDCP
[16:49:46] [107/326] NPSE
[16:49:46] [108/326] MKML
[16:49:47] [109/326] FTDP
[16:49:48] [110/326] MMXA
[16:49:49] [111/326] CEPO
[16:49:49] [112/326] CMVP
[16:49:50] [113/326] SGTH
[16:49:51] [114/326] SAYN
[16:49:52] [115/326] URVS
[16:49:53] [116/326] VJTN
[16:49:54] [117/326] BBYK
[16:49:55] [118/326] SHBO
[16:49:56] [119/326] VCMR
[16:49:56] [120/326] MACT
[16:49:57] [121/326] JMNP
[16:49:58] [122/326] VICS
[16:49:59] [123/326] VCDA
[16:50:00] [124/326] GCMM
[16:50:00] [125/326] INVS
[16:50:01] [126/326] SCGM
[16:50:02] [127/326] PCDA
[16:50:03] [128/326] KDCT
[16:50:04] [129/326] JACS
[16:50:04] [130/326] GMMC
[16:50:05] [131/326] AICM
[16:50:06] [132/326] TJCM
[16:50:07] [133/326] RMTI
[16:50:08] [134/326] SHAC
[16:50:09] [135/326] APJC
[16:50:11] [136/326] GCTG
[16:50:11] [137/326] SSMC
[16:50:12] [138/326] THRM
[16:50:14] [139/326] RBCT
[16:50:14] [140/326] DIKT
[16:50:15] [141/326] MIDL
[16:50:16] [142/326] VCSN
[16:50:17] [143/326] SKTG
[16:50:18] [144/326] SMWC
[16:50:19] [145/326] MNKH
[16:50:20] [146/326] PIAT
[16:50:20] [147/326] LTTP
[16:50:21] [148/326] PTPU
[16:50:22] [149/326] ACMG
[16:50:23] [150/326] SHMM
[16:50:24] [151/326] MCMN
[16:50:25] [152/326] GLDC
[16:50:25] [153/326] HOUT
[16:50:26] [154/326] SVRP
[16:50:27] [155/326] PVDN
[16:50:28] [156/326] SCPY
[16:50:29] [157/326] DTPY
[16:50:30] [158/326] GKCS
[16:50:31] [159/326] NCAM
[16:50:31] [160/326] BSRM
[16:50:32] [161/326] RCLC
[16:50:33] [162/326] SKKD
[16:50:34] [163/326] ACHU
[16:50:34] [164/326] RSCF
[16:50:35] [165/326] IMSH
[16:50:36] [166/326] MACX
[16:50:37] [167/326] HMMW
[16:50:38] [168/326] JTCP
[16:50:39] [169/326] SREN
[16:50:40] [170/326] PJRR
[16:50:41] [171/326] INAC
[16:50:42] [172/326] BMCA
[16:50:44] [173/326] SHCB
[16:50:44] [174/326] GABA
[16:50:45] [175/326] SBCT
[16:50:46] [176/326] GCMA
[16:50:47] [177/326] MYTK
[16:50:47] [178/326] INZS
[16:50:48] [179/326] RMIK
[16:50:49] [180/326] NYCH
[16:50:50] [181/326] RAVE
[16:50:51] [182/326] PSXM
[16:50:51] [183/326] MCGP
[16:50:52] [184/326] PDDK
[16:50:53] [185/326] SPCK
[16:50:54] [186/326] MCRL
[16:50:55] [187/326] MHKT
[16:50:56] [188/326] ANRR
[16:50:56] [189/326] SAPK
[16:50:57] [190/326] NCUK
[16:50:58] [191/326] JUGA
[16:50:59] [192/326] DBSC
[16:51:00] [193/326] LALK
[16:51:01] [194/326] GUCK
[16:51:02] [195/326] STSG
[16:51:03] [196/326] PPPZ
[16:51:04] [197/326] CNCY
[16:51:05] [198/326] MTAR
[16:51:06] [199/326] VNKD
[16:51:07] [200/326] KMAJ
[16:51:08] [201/326] ACXK
[16:51:08] [202/326] UTKC
[16:51:09] [203/326] PBLK
[16:51:11] [204/326] ACBX
[16:51:11] [205/326] PTGM
[16:51:12] [206/326] BTDA
[16:51:13] [207/326] PJMB
[16:51:14] [208/326] TPDA
[16:51:15] [209/326] AMOE
[16:51:15] [210/326] PRHT
[16:51:16] [211/326] PRTA
[16:51:17] [212/326] STAM
[16:51:19] [213/326] MSAA
[16:51:20] [214/326] SDLU
[16:51:20] [215/326] RCHH
[16:51:21] [216/326] KANT
[16:51:23] [217/326] FCRT
[16:51:24] [218/326] DNKM
[16:51:25] [219/326] RYCP
[16:51:26] [220/326] MYRP
[16:51:26] [221/326] PPAK
[16:51:27] [222/326] NVPK
[16:51:29] [223/326] PRMC
[16:51:29] [224/326] JBCS
[16:51:30] [225/326] GXCK
[16:51:31] [226/326] USKO
[16:51:32] [227/326] GTEM
[16:51:33] [228/326] SMBU
[16:51:33] [229/326] VETC
[16:51:34] [230/326] LCDA
[16:51:35] [231/326] MTVT
[16:51:36] [232/326] PYCP
[16:51:37] [233/326] PNSC
[16:51:38] [234/326] PPCC
[16:51:39] [235/326] TGRT
[16:51:40] [236/326] JYOT
[16:51:41] [237/326] SRCZ
[16:51:41] [238/326] SJTE
[16:51:42] [239/326] DESC
[16:51:43] [240/326] JHVN
[16:51:44] [241/326] IPSG
[16:51:45] [242/326] IPCM
[16:51:45] [243/326] PDRS
[16:51:46] [244/326] ANCV
[16:51:47] [245/326] CMVV
[16:51:48] [246/326] SHYP
[16:51:49] [247/326] DNCS
[16:51:50] [248/326] GAJK
[16:51:50] [249/326] AKTN
[16:51:51] [250/326] KAYA
[16:51:52] [251/326] SBRC
[16:51:53] [252/326] CHTP
[16:51:54] [253/326] SHRT
[16:51:54] [254/326] BCKU
[16:51:55] [255/326] FCPS
[16:51:56] [256/326] ARDD
[16:51:57] [257/326] CPCM
[16:51:58] [258/326] CGSM
[16:51:58] [259/326] PSMP
[16:51:59] [260/326] SDAL
[16:52:00] [261/326] RTNB
[16:52:01] [262/326] LMCR
[16:52:01] [263/326] CIMA
[16:52:02] [264/326] RNAS
[16:52:04] [265/326] LITH
[16:52:05] [266/326] PBOX
[16:52:05] [267/326] FRTS
[16:52:06] [268/326] RKIC
[16:52:07] [269/326] PTAI
[16:52:08] [270/326] GCIC
[16:52:09] [271/326] FNAS
[16:52:09] [272/326] SCAR
[16:52:10] [273/326] MTCA
[16:52:11] [274/326] SCTS
[16:52:12] [275/326] SYCS
[16:52:13] [276/326] RDMS
[16:52:13] [277/326] KAMP
[16:52:14] [278/326] ERSD
[16:52:15] [279/326] MJMJ
[16:52:16] [280/326] SRCJ
[16:52:17] [281/326] SCXE
[16:52:17] [282/326] SVFR
[16:52:18] [283/326] BHCS
[16:52:19] [284/326] IMCC
[16:52:20] [285/326] PCBO
[16:52:21] [286/326] PRVN
[16:52:22] [287/326] AUPM
[16:52:22] [288/326] INBW
[16:52:23] [289/326] SVCW
[16:52:24] [290/326] RKCF
[16:52:25] [291/326] UVBH
[16:52:26] [292/326] DNCY
[16:52:27] [293/326] ABCN
[16:52:28] [294/326] PRUR
[16:52:29] [295/326] PFMR
[16:52:29] [296/326] RKCN
[16:52:30] [297/326] CFEA
[16:52:31] [298/326] SDBG
[16:52:32] [299/326] SNAR
[16:52:33] [300/326] YISI
[16:52:34] [301/326] JCFF
[16:52:35] [302/326] VTRK
[16:52:35] [303/326] PCLZ
[16:52:36] [304/326] DIMY
[16:52:38] [305/326] BBTS
[16:52:39] [306/326] GATH
[16:52:40] [307/326] GTMN
[16:52:41] [308/326] VTMH
[16:52:42] [309/326] CCKP
[16:52:44] [310/326] GPKA
[16:52:44] [311/326] MHCL
[16:52:45] [312/326] ATCL
[16:52:47] [313/326] SBCK
[16:52:48] [314/326] AMMR
[16:52:49] [315/326] MADC
[16:52:49] [316/326] TMMA
[16:52:50] [317/326] CACC
[16:52:51] [318/326] CHAL
[16:52:52] [319/326] DURG
[16:52:53] [320/326] GMKU
[16:52:54] [321/326] GECA
[16:52:55] [322/326] KYRR
[16:52:56] [323/326] KSDE
[16:52:57] [324/326] LMCI
[16:52:58] [325/326] NKCP
[16:52:59] [326/326] BGTC
[16:53:01] 🧹 Deduping shows
[16:53:01] ✅ DONE | Shows=604 | Movies=42
