[00:19:02] 🚀 BMS DAILY TRACKER STARTED
[00:19:02] [1/459] MCCZ
[00:19:02] 🧠 New identity
[00:19:02] 🔄 Identity reset
[00:19:02] ❌ MCCZ | RuntimeError
[00:19:02] [2/459] FRPU
[00:19:02] 🧠 New identity
[00:19:03] 🔄 Identity reset
[00:19:03] ❌ FRPU | RuntimeError
[00:19:03] [3/459] SKSI
[00:19:03] 🧠 New identity
[00:19:03] 🔄 Identity reset
[00:19:03] ❌ SKSI | RuntimeError
[00:19:04] [4/459] SSCK
[00:19:04] 🧠 New identity
[00:19:04] 🔄 Identity reset
[00:19:04] ❌ SSCK | RuntimeError
[00:19:04] [5/459] SRDC
[00:19:04] 🧠 New identity
[00:19:04] 🔄 Identity reset
[00:19:04] ❌ SRDC | RuntimeError
[00:19:05] [6/459] RSCZ
[00:19:05] 🧠 New identity
[00:19:05] 🔄 Identity reset
[00:19:05] ❌ RSCZ | RuntimeError
[00:19:05] [7/459] PRVT
[00:19:05] 🧠 New identity
[00:19:05] 🔄 Identity reset
[00:19:05] ❌ PRVT | RuntimeError
[00:19:06] [8/459] GAGJ
[00:19:06] 🧠 New identity
[00:19:06] 🔄 Identity reset
[00:19:06] ❌ GAGJ | RuntimeError
[00:19:07] [9/459] SMHG
[00:19:07] 🧠 New identity
[00:19:07] 🔄 Identity reset
[00:19:07] ❌ SMHG | RuntimeError
[00:19:07] [10/459] JTST
[00:19:07] 🧠 New identity
[00:19:07] 🔄 Identity reset
[00:19:07] ❌ JTST | RuntimeError
[00:19:08] [11/459] MYTH
[00:19:08] 🧠 New identity
[00:19:08] 🔄 Identity reset
[00:19:08] ❌ MYTH | RuntimeError
[00:19:08] [12/459] JPCC
[00:19:08] 🧠 New identity
[00:19:09] 🔄 Identity reset
[00:19:09] ❌ JPCC | RuntimeError
[00:19:09] [13/459] ACDC
[00:19:09] 🧠 New identity
[00:19:09] 🔄 Identity reset
[00:19:09] ❌ ACDC | RuntimeError
[00:19:10] [14/459] SVFP
[00:19:10] 🧠 New identity
[00:19:10] 🔄 Identity reset
[00:19:10] ❌ SVFP | RuntimeError
[00:19:10] [15/459] SFCM
[00:19:10] 🧠 New identity
[00:19:10] 🔄 Identity reset
[00:19:10] ❌ SFCM | RuntimeError
[00:19:11] [16/459] RUPK
[00:19:11] 🧠 New identity
[00:19:11] 🔄 Identity reset
[00:19:11] ❌ RUPK | RuntimeError
[00:19:12] [17/459] NTCR
[00:19:12] 🧠 New identity
[00:19:12] 🔄 Identity reset
[00:19:12] ❌ NTCR | RuntimeError
[00:19:12] [18/459] RTCH
[00:19:12] 🧠 New identity
[00:19:13] 🔄 Identity reset
[00:19:13] ❌ RTCH | RuntimeError
[00:19:13] [19/459] SCMH
[00:19:13] 🧠 New identity
[00:19:13] 🔄 Identity reset
[00:19:13] ❌ SCMH | RuntimeError
[00:19:14] [20/459] SVYM
[00:19:14] 🧠 New identity
[00:19:14] 🔄 Identity reset
[00:19:14] ❌ SVYM | RuntimeError
[00:19:14] [21/459] SPYM
[00:19:14] 🧠 New identity
[00:19:15] 🔄 Identity reset
[00:19:15] ❌ SPYM | RuntimeError
[00:19:15] [22/459] SMMF
[00:19:15] 🧠 New identity
[00:19:15] 🔄 Identity reset
[00:19:15] ❌ SMMF | RuntimeError
[00:19:16] [23/459] CLLB
[00:19:16] 🧠 New identity
[00:19:16] 🔄 Identity reset
[00:19:16] ❌ CLLB | RuntimeError
[00:19:16] [24/459] FMCB
[00:19:16] 🧠 New identity
[00:19:17] 🔄 Identity reset
[00:19:17] ❌ FMCB | RuntimeError
[00:19:17] [25/459] BBTC
[00:19:17] 🧠 New identity
[00:19:17] 🔄 Identity reset
[00:19:17] ❌ BBTC | RuntimeError
[00:19:18] [26/459] NTHS
[00:19:18] 🧠 New identity
[00:19:18] 🔄 Identity reset
[00:19:18] ❌ NTHS | RuntimeError
[00:19:18] [27/459] PKKJ
[00:19:18] 🧠 New identity
[00:19:18] 🔄 Identity reset
[00:19:18] ❌ PKKJ | RuntimeError
[00:19:19] [28/459] MTJA
[00:19:19] 🧠 New identity
[00:19:19] 🔄 Identity reset
[00:19:19] ❌ MTJA | RuntimeError
[00:19:20] [29/459] PMSJ
[00:19:20] 🧠 New identity
[00:19:20] 🔄 Identity reset
[00:19:20] ❌ PMSJ | RuntimeError
[00:19:20] [30/459] JMJU
[00:19:20] 🧠 New identity
[00:19:21] 🔄 Identity reset
[00:19:21] ❌ JMJU | RuntimeError
[00:19:21] [31/459] SRAD
[00:19:21] 🧠 New identity
[00:19:21] 🔄 Identity reset
[00:19:21] ❌ SRAD | RuntimeError
[00:19:22] [32/459] MJMC
[00:19:22] 🧠 New identity
[00:19:22] 🔄 Identity reset
[00:19:22] ❌ MJMC | RuntimeError
[00:19:22] [33/459] DFRM
[00:19:22] 🧠 New identity
[00:19:22] 🔄 Identity reset
[00:19:22] ❌ DFRM | RuntimeError
[00:19:23] [34/459] PMRS
[00:19:23] 🧠 New identity
[00:19:23] 🔄 Identity reset
[00:19:23] ❌ PMRS | RuntimeError
[00:19:24] [35/459] RKPP
[00:19:24] 🧠 New identity
[00:19:24] 🔄 Identity reset
[00:19:24] ❌ RKPP | RuntimeError
[00:19:24] [36/459] BMBK
[00:19:24] 🧠 New identity
[00:19:25] [37/459] NEWS
[00:19:26] [38/459] SALB
[00:19:27] [39/459] SCPW
[00:19:27] [40/459] RAYL
[00:19:28] [41/459] CMGJ
[00:19:29] [42/459] JRCR
[00:19:30] [43/459] SRTB
[00:19:31] [44/459] ETPB
[00:19:32] [45/459] MXBN
[00:19:33] [46/459] TOPE
[00:19:34] [47/459] SNLJ
[00:19:35] [48/459] CDDP
[00:19:36] [49/459] APCX
[00:19:37] [50/459] TALP
[00:19:38] [51/459] RRMP
[00:19:39] [52/459] MAHB
[00:19:40] [53/459] MTKR
[00:19:41] [54/459] KSKL
[00:19:42] [55/459] RJLT
[00:19:43] [56/459] ATAS
[00:19:44] [57/459] AMHR
[00:19:44] [58/459] RSRM
[00:19:45] [59/459] GCAT
[00:19:46] [60/459] SMML
[00:19:47] [61/459] ACCD
[00:19:47] [62/459] VYDA
[00:19:49] [63/459] MSKT
[00:19:49] [64/459] AVDM
[00:19:51] [65/459] ASMH
[00:19:52] [66/459] VTMB
[00:19:52] [67/459] WVMB
[00:19:53] [68/459] PPMN
[00:19:55] [69/459] MTMD
[00:19:56] [70/459] SMMO
[00:19:57] [71/459] DLPB
[00:19:58] [72/459] AKMD
[00:19:59] [73/459] SHRR
[00:20:00] [74/459] ASCO
[00:20:01] [75/459] CZVX
[00:20:02] [76/459] GCBB
[00:20:03] [77/459] ATBM
[00:20:04] [78/459] TCGM
[00:20:06] [79/459] UMSE
[00:20:07] [80/459] NKCL
[00:20:08] [81/459] BTLR
[00:20:08] [82/459] GOCL
[00:20:09] [83/459] MIRN
[00:20:10] [84/459] THEC
[00:20:11] [85/459] SPPB
[00:20:12] [86/459] PMMM
[00:20:13] [87/459] GGMC
[00:20:14] [88/459] AVSR
[00:20:14] [89/459] RDMH
[00:20:15] [90/459] JSRS
[00:20:16] [91/459] VKGP
[00:20:17] [92/459] ACRT
[00:20:18] [93/459] GCBA
[00:20:18] [94/459] GTCP
[00:20:19] [95/459] AKFC
[00:20:20] [96/459] INCS
[00:20:21] [97/459] SMCK
[00:20:22] [98/459] BRUN
[00:20:23] [99/459] RPPC
[00:20:24] [100/459] PAYD
[00:20:25] [101/459] SVVT
[00:20:26] [102/459] RNCC
[00:20:27] [103/459] PCRC
[00:20:28] [104/459] PMRM
[00:20:29] [105/459] CCRP
[00:20:30] [106/459] INCR
[00:20:31] [107/459] ZTMP
[00:20:31] [108/459] MCNR
[00:20:32] [109/459] INRP
[00:20:33] [110/459] STRC
[00:20:34] [111/459] RATI
[00:20:35] [112/459] PBTR
[00:20:35] [113/459] CMHP
[00:20:36] [114/459] ZECJ
[00:20:37] [115/459] CCCB
[00:20:38] [116/459] BWCB
[00:20:39] [117/459] CCAT
[00:20:40] [118/459] KGCM
[00:20:41] [119/459] INPT
[00:20:42] [120/459] FNCO
[00:20:42] [121/459] SRMJ
[00:20:43] [122/459] PFSC
[00:20:44] [123/459] PBMC
[00:20:45] [124/459] KARP
[00:20:46] [125/459] KOVI
[00:20:47] [126/459] ACXL
[00:20:48] [127/459] GKCC
[00:20:49] [128/459] ASCC
[00:20:50] [129/459] SETC
[00:20:51] [130/459] KACC
[00:20:51] [131/459] KAVE
[00:20:53] [132/459] CNTC
[00:20:54] [133/459] MEEN
[00:20:55] [134/459] BMRV
[00:20:57] [135/459] SVAM
[00:20:58] [136/459] VTBP
[00:20:59] [137/459] VCKN
[00:21:00] [138/459] SGTK
[00:21:01] [139/459] RCGS
[00:21:02] [140/459] RCCB
[00:21:03] [141/459] RKSR
[00:21:04] [142/459] RKCU
[00:21:05] [143/459] GIBH
[00:21:06] [144/459] CXBS
[00:21:07] [145/459] GGCB
[00:21:08] [146/459] SCPB
[00:21:09] [147/459] AKTB
[00:21:09] [148/459] SRBU
[00:21:10] [149/459] CSSA
[00:21:11] [150/459] MYAN
[00:21:12] [151/459] EXCA
[00:21:13] [152/459] CKSA
[00:21:14] [153/459] JTNM
[00:21:14] [154/459] CXKT
[00:21:15] [155/459] NCLM
[00:21:16] [156/459] JAAD
[00:21:17] [157/459] RDCR
[00:21:18] [158/459] MEER
[00:21:18] [159/459] SIBT
[00:21:19] [160/459] PVVB
[00:21:20] [161/459] FNPN
[00:21:22] [162/459] CRPX
[00:21:23] [163/459] STET
[00:21:23] [164/459] METE
[00:21:24] [165/459] BJML
[00:21:25] [166/459] MAVT
[00:21:25] [167/459] MSRM
[00:21:27] [168/459] TJMP
[00:21:28] [169/459] MHCK
[00:21:29] [170/459] SVGP
[00:21:30] [171/459] KRRC
[00:21:31] [172/459] IMCH
[00:21:31] [173/459] CMCS
[00:21:32] [174/459] SGND
[00:21:34] [175/459] RNAT
[00:21:35] [176/459] PRTN
[00:21:36] [177/459] MPTN
[00:21:37] [178/459] ARCC
[00:21:38] [179/459] NTTE
[00:21:39] [180/459] ABND
[00:21:39] [181/459] KCSN
[00:21:40] [182/459] KCSA
[00:21:41] [183/459] DCKT
[00:21:42] [184/459] MBBR
[00:21:43] [185/459] RAMU
[00:21:44] [186/459] RACW
[00:21:44] [187/459] MCHP
[00:21:45] [188/459] TMHM
[00:21:46] [189/459] STXH
[00:21:47] [190/459] AGSG
[00:21:49] [191/459] SIRA
[00:21:49] [192/459] RCAN
[00:21:50] [193/459] CWTB
[00:21:51] [194/459] VTYM
[00:21:52] [195/459] RRPP
[00:21:53] [196/459] ASMR
[00:21:54] [197/459] RONO
[00:21:55] [198/459] MEMR
[00:21:55] [199/459] CTMR
[00:21:56] [200/459] PMTT
[00:21:57] [201/459] PSLX
[00:21:58] [202/459] IPPL
[00:21:59] [203/459] MMSG
[00:22:00] [204/459] INEL
[00:22:00] [205/459] COAC
[00:22:02] [206/459] WVLK
[00:22:03] [207/459] PPXL
[00:22:03] [208/459] PSML
[00:22:04] [209/459] FNLK
[00:22:06] [210/459] ILUM
[00:22:07] [211/459] ILCM
[00:22:07] [212/459] MSNL
[00:22:08] [213/459] VINB
[00:22:09] [214/459] SALW
[00:22:10] [215/459] PRTB
[00:22:12] [216/459] NCIL
[00:22:13] [217/459] PSUL
[00:22:14] [218/459] SCLK
[00:22:15] [219/459] ADDC
[00:22:16] [220/459] OACL
[00:22:17] [221/459] OOCF
[00:22:18] [222/459] GPMF
[00:22:19] [223/459] SSDG
[00:22:20] [224/459] SKRS
[00:22:21] [225/459] NTTP
[00:22:22] [226/459] SLTP
[00:22:23] [227/459] JTLC
[00:22:24] [228/459] POON
[00:22:25] [229/459] CCPC
[00:22:26] [230/459] DCKC
[00:22:27] [231/459] CPRT
[00:22:27] [232/459] EYHZ
[00:22:28] [233/459] ARBL
[00:22:29] [234/459] SBTB
[00:22:30] [235/459] MMCK
[00:22:31] [236/459] PLMR
[00:22:32] [237/459] BIJH
[00:22:33] [238/459] SDRT
[00:22:33] [239/459] PRDC
[00:22:34] [240/459] OMJA
[00:22:35] [241/459] VKCR
[00:22:36] [242/459] ATRT
[00:22:37] [243/459] WVRP
[00:22:38] [244/459] MVRP
[00:22:39] [245/459] FCAX
[00:22:39] [246/459] CTLC
[00:22:40] [247/459] JCHB
[00:22:42] [248/459] SELP
[00:22:42] [249/459] VCPG
[00:22:43] [250/459] ASCX
[00:22:44] [251/459] EOCS
[00:22:45] [252/459] RCPH
[00:22:46] [253/459] RJTM
[00:22:46] [254/459] SGMD
[00:22:47] [255/459] SVJT
[00:22:48] [256/459] SPPO
[00:22:49] [257/459] MNRL
[00:22:50] [258/459] KNOX
[00:22:51] [259/459] GIER
[00:22:51] [260/459] PJMS
[00:22:52] [261/459] UNSP
[00:22:53] [262/459] JETP
[00:22:54] [263/459] VTWA
[00:22:54] [264/459] SCJI
[00:22:55] [265/459] CBZZ
[00:22:56] [266/459] SDCJ
[00:22:57] [267/459] RRCC
[00:22:58] [268/459] VNKG
[00:22:59] [269/459] LKTO
[00:23:00] [270/459] PJRM
[00:23:00] [271/459] NVRM
[00:23:01] [272/459] SJCS
[00:23:03] [273/459] VIGK
[00:23:04] [274/459] ANST
[00:23:05] [275/459] JTTS
[00:23:06] [276/459] NTST
[00:23:07] [277/459] PREB
[00:23:08] [278/459] TSCZ
[00:23:09] [279/459] CDCM
[00:23:10] [280/459] ELYE
[00:23:11] [281/459] INBS
[00:23:12] [282/459] SMGC
[00:23:13] [283/459] UTMP
[00:23:14] [284/459] INTA
[00:23:15] [285/459] OMPT
[00:23:16] [286/459] SCIR
[00:23:17] [287/459] GCKJ
[00:23:18] [288/459] INOG
[00:23:19] [289/459] SMGB
[00:23:20] [290/459] MCSG
[00:23:20] [291/459] STKG
[00:23:21] [292/459] TTKG
[00:23:22] [293/459] SRTR
[00:23:23] [294/459] ETTR
[00:23:23] [295/459] GGGZ
[00:23:25] [296/459] IPGM
[00:23:25] [297/459] FCDH
[00:23:26] [298/459] DESB
[00:23:27] [299/459] VNTP
[00:23:28] [300/459] ANNT
[00:23:28] [301/459] SLTI
[00:23:29] [302/459] MAJU
[00:23:30] [303/459] JCXP
[00:23:31] [304/459] HARK
[00:23:32] [305/459] JPCJ
[00:23:32] [306/459] RXBD
[00:23:33] [307/459] PTKJ
[00:23:34] [308/459] CMTU
[00:23:35] [309/459] SWOR
[00:23:36] [310/459] JMEX
[00:23:37] [311/459] DTPT
[00:23:38] [312/459] VGMM
[00:23:38] [313/459] VCSG
[00:23:39] [314/459] CVCG
[00:23:40] [315/459] TNTT
[00:23:42] [316/459] SHRM
[00:23:43] [317/459] CGKD
[00:23:44] [318/459] EKCM
[00:23:45] [319/459] SDCX
[00:23:46] [320/459] SBTE
[00:23:47] [321/459] STKJ
[00:23:48] [322/459] TPCE
[00:23:48] [323/459] JTNP
[00:23:49] [324/459] LPCH
[00:23:50] [325/459] CPUO
[00:23:51] [326/459] APSU
[00:23:52] [327/459] RTHC
[00:23:53] [328/459] PTBU
[00:23:54] [329/459] CUCC
[00:23:55] [330/459] CPSA
[00:23:55] [331/459] SUAY
[00:23:56] [332/459] AYAA
[00:23:57] [333/459] MUCH
[00:23:58] [334/459] PCIN
[00:23:59] [335/459] JRRM
[00:23:59] [336/459] KATS
[00:24:00] [337/459] MHFF
[00:24:02] [338/459] ESYM
[00:24:03] [339/459] STYV
[00:24:04] [340/459] SDKG
[00:24:04] [341/459] SMTI
[00:24:05] [342/459] NYCS
[00:24:07] [343/459] MTBG
[00:24:08] [344/459] RHCA
[00:24:09] [345/459] PCKH
[00:24:10] [346/459] ARCR
[00:24:10] [347/459] NCMB
[00:24:11] [348/459] SHYC
[00:24:12] [349/459] LACK
[00:24:13] [350/459] MTCM
[00:24:14] [351/459] RRBN
[00:24:15] [352/459] MYDC
[00:24:16] [353/459] STCS
[00:24:16] [354/459] CONN
[00:24:18] [355/459] SIPS
[00:24:19] [356/459] SMMX
[00:24:20] [357/459] SCBY
[00:24:21] [358/459] SUAP
[00:24:22] [359/459] RSMK
[00:24:23] [360/459] STKP
[00:24:24] [361/459] CIPC
[00:24:26] [362/459] KKCI
[00:24:26] [363/459] CTNK
[00:24:28] [364/459] MMTZ
[00:24:29] [365/459] DCCO
[00:24:30] [366/459] VNMN
[00:24:31] [367/459] RLCN
[00:24:32] [368/459] CMMS
[00:24:33] [369/459] AYOU
[00:24:34] [370/459] SSCN
[00:24:35] [371/459] SMXN
[00:24:36] [372/459] ASSK
[00:24:37] [373/459] VCKM
[00:24:38] [374/459] PCPH
[00:24:39] [375/459] PADM
[00:24:40] [376/459] IESA
[00:24:41] [377/459] VCSP
[00:24:41] [378/459] AEST
[00:24:42] [379/459] VTNR
[00:24:43] [380/459] GTTA
[00:24:44] [381/459] CMMM
[00:24:45] [382/459] AHKT
[00:24:45] [383/459] SIJI
[00:24:46] [384/459] VCEI
[00:24:48] [385/459] SAKR
[00:24:49] [386/459] VSMT
[00:24:49] [387/459] SSCT
[00:24:50] [388/459] USTR
[00:24:51] [389/459] MTKT
[00:24:52] [390/459] TGMP
[00:24:53] [391/459] SIVC
[00:24:54] [392/459] KICT
[00:24:55] [393/459] DAMD
[00:24:55] [394/459] CNPT
[00:24:56] [395/459] RVTT
[00:24:57] [396/459] SNCM
[00:24:58] [397/459] GHTE
[00:24:59] [398/459] PPAM
[00:25:00] [399/459] PVAA
[00:25:00] [400/459] CPAO
[00:25:02] [401/459] HAMD
[00:25:03] [402/459] RCCA
[00:25:05] [403/459] MPCH
[00:25:06] [404/459] ARED
[00:25:07] [405/459] RRCV
[00:25:08] [406/459] MTRB
[00:25:10] [407/459] CKUA
[00:25:11] [408/459] ABMP
[00:25:12] [409/459] RCWA
[00:25:12] [410/459] CGAR
[00:25:13] [411/459] METH
[00:25:15] [412/459] WAGA
[00:25:16] [413/459] MCMA
[00:25:16] [414/459] CSMP
[00:25:18] [415/459] RCNK
[00:25:19] [416/459] PSTM
[00:25:20] [417/459] CSEP
[00:25:21] [418/459] AMGD
[00:25:22] [419/459] CSTE
[00:25:22] [420/459] CONS
[00:25:24] [421/459] APPX
[00:25:25] [422/459] MABC
[00:25:26] [423/459] CXST
[00:25:26] [424/459] MATN
[00:25:27] [425/459] MACZ
[00:25:28] [426/459] MASA
[00:25:29] [427/459] MBSX
[00:25:31] [428/459] CSST
[00:25:32] [429/459] APCL
[00:25:33] [430/459] CGOS
[00:25:34] [431/459] CPEC
[00:25:35] [432/459] MCCP
[00:25:36] [433/459] BSSO
[00:25:38] [434/459] SJKA
[00:25:39] [435/459] CGBO
[00:25:40] [436/459] MVSK
[00:25:41] [437/459] HVCA
[00:25:42] [438/459] NAMD
[00:25:42] [439/459] DEVI
[00:25:43] [440/459] SCSV
[00:25:44] [441/459] PSMA
[00:25:45] [442/459] CLDJ
[00:25:46] [443/459] NMAD
[00:25:47] [444/459] CGMO
[00:25:48] [445/459] MCNA
[00:25:48] [446/459] OCBN
[00:25:49] [447/459] CPEM
[00:25:50] [448/459] CPSM
[00:25:51] [449/459] RCAD
[00:25:52] [450/459] CPMU
[00:25:53] [451/459] DICD
[00:25:53] [452/459] CHOE
[00:25:54] [453/459] PDJM
[00:25:55] [454/459] SSTU
[00:25:56] [455/459] VNRN
[00:25:57] [456/459] PVLG
[00:25:58] [457/459] SWBL
[00:25:59] [458/459] SCAB
[00:26:00] [459/459] RDDA
[00:26:00] ✅ DONE | Shows=0 | Movies=0
