[00:18:56] 🚀 BMS DAILY TRACKER STARTED
[00:18:56] [1/326] BSAT
[00:18:56] 🧠 New identity
[00:18:56] 🔄 Identity reset
[00:18:56] ❌ BSAT | RuntimeError
[00:18:56] [2/326] RSSM
[00:18:56] 🧠 New identity
[00:18:56] 🔄 Identity reset
[00:18:56] ❌ RSSM | RuntimeError
[00:18:57] [3/326] GCTA
[00:18:57] 🧠 New identity
[00:18:57] 🔄 Identity reset
[00:18:57] ❌ GCTA | RuntimeError
[00:18:58] [4/326] TOPN
[00:18:58] 🧠 New identity
[00:18:58] 🔄 Identity reset
[00:18:58] ❌ TOPN | RuntimeError
[00:18:59] [5/326] MCUS
[00:18:59] 🧠 New identity
[00:18:59] 🔄 Identity reset
[00:18:59] ❌ MCUS | RuntimeError
[00:18:59] [6/326] SHRL
[00:18:59] 🧠 New identity
[00:18:59] 🔄 Identity reset
[00:18:59] ❌ SHRL | RuntimeError
[00:19:00] [7/326] UPTP
[00:19:00] 🧠 New identity
[00:19:00] 🔄 Identity reset
[00:19:00] ❌ UPTP | RuntimeError
[00:19:00] [8/326] TMMP
[00:19:00] 🧠 New identity
[00:19:00] 🔄 Identity reset
[00:19:00] ❌ TMMP | RuntimeError
[00:19:01] [9/326] DNRP
[00:19:01] 🧠 New identity
[00:19:01] 🔄 Identity reset
[00:19:01] ❌ DNRP | RuntimeError
[00:19:02] [10/326] SRLT
[00:19:02] 🧠 New identity
[00:19:02] 🔄 Identity reset
[00:19:02] ❌ SRLT | RuntimeError
[00:19:02] [11/326] RCNS
[00:19:02] 🧠 New identity
[00:19:02] 🔄 Identity reset
[00:19:02] ❌ RCNS | RuntimeError
[00:19:03] [12/326] DCBH
[00:19:03] 🧠 New identity
[00:19:03] 🔄 Identity reset
[00:19:03] ❌ DCBH | RuntimeError
[00:19:04] [13/326] NAGJ
[00:19:04] 🧠 New identity
[00:19:04] 🔄 Identity reset
[00:19:04] ❌ NAGJ | RuntimeError
[00:19:05] [14/326] JVRC
[00:19:05] 🧠 New identity
[00:19:06] [15/326] KRJG
[00:19:07] [16/326] SRTJ
[00:19:08] [17/326] CMXM
[00:19:09] [18/326] STMI
[00:19:10] [19/326] SLST
[00:19:11] [20/326] DTCN
[00:19:12] [21/326] STYN
[00:19:13] [22/326] SZVR
[00:19:14] [23/326] SRKO
[00:19:16] [24/326] JTGT
[00:19:17] [25/326] SVFD
[00:19:17] [26/326] SISD
[00:19:18] [27/326] ABDD
[00:19:19] [28/326] DRCA
[00:19:20] [29/326] AVCS
[00:19:21] [30/326] MVKH
[00:19:22] [31/326] ACPR
[00:19:23] [32/326] STIP
[00:19:24] [33/326] MTRA
[00:19:25] [34/326] RMKH
[00:19:26] [35/326] NKRL
[00:19:28] [36/326] PCWN
[00:19:28] [37/326] BLMT
[00:19:29] [38/326] GDPG
[00:19:31] [39/326] SRMX
[00:19:32] [40/326] JACP
[00:19:33] [41/326] CPSH
[00:19:34] [42/326] MCCD
[00:19:34] [43/326] ECGH
[00:19:35] [44/326] MKCK
[00:19:37] [45/326] SRMM
[00:19:37] [46/326] SKYR
[00:19:38] [47/326] PCKC
[00:19:39] [48/326] JCMA
[00:19:40] [49/326] BSMP
[00:19:41] [50/326] VSPA
[00:19:42] [51/326] DJYA
[00:19:43] [52/326] DIMP
[00:19:44] [53/326] FXDR
[00:19:45] [54/326] SSRC
[00:19:46] [55/326] STHP
[00:19:47] [56/326] CPPD
[00:19:48] [57/326] FCLK
[00:19:48] [58/326] SCPP
[00:19:49] [59/326] DCMJ
[00:19:50] [60/326] RCCR
[00:19:51] [61/326] INMT
[00:19:53] [62/326] LXTK
[00:19:54] [63/326] SRYK
[00:19:55] [64/326] SGDK
[00:19:56] [65/326] PPKA
[00:19:56] [66/326] SPKA
[00:19:57] [67/326] CGHH
[00:19:59] [68/326] DCJN
[00:20:00] [69/326] SRKV
[00:20:01] [70/326] SAJC
[00:20:01] [71/326] SUSR
[00:20:02] [72/326] STYG
[00:20:03] [73/326] NTKP
[00:20:04] [74/326] AKTG
[00:20:06] [75/326] CGCM
[00:20:06] [76/326] TULC
[00:20:08] [77/326] NYYZ
[00:20:09] [78/326] NYBW
[00:20:09] [79/326] MACB
[00:20:10] [80/326] SLVT
[00:20:11] [81/326] SANA
[00:20:12] [82/326] ACMR
[00:20:13] [83/326] CPKN
[00:20:14] [84/326] DLGK
[00:20:15] [85/326] CWCK
[00:20:16] [86/326] FDDH
[00:20:17] [87/326] MMMD
[00:20:18] [88/326] CMEH
[00:20:19] [89/326] GGGV
[00:20:19] [90/326] SPJL
[00:20:20] [91/326] RCCD
[00:20:22] [92/326] STTZ
[00:20:23] [93/326] BTCF
[00:20:24] [94/326] TSTZ
[00:20:24] [95/326] IPMM
[00:20:25] [96/326] PMPW
[00:20:26] [97/326] PCMZ
[00:20:27] [98/326] ESEM
[00:20:28] [99/326] PIPO
[00:20:29] [100/326] MATK
[00:20:30] [101/326] PGHM
[00:20:31] [102/326] CTSR
[00:20:32] [103/326] CYKR
[00:20:33] [104/326] MSCM
[00:20:34] [105/326] RFNP
[00:20:35] [106/326] PDCP
[00:20:36] [107/326] NPSE
[00:20:37] [108/326] MKML
[00:20:38] [109/326] FTDP
[00:20:39] [110/326] MMXA
[00:20:40] [111/326] CEPO
[00:20:40] [112/326] CMVP
[00:20:41] [113/326] SGTH
[00:20:42] [114/326] SAYN
[00:20:44] [115/326] URVS
[00:20:44] [116/326] VJTN
[00:20:45] [117/326] BBYK
[00:20:46] [118/326] SHBO
[00:20:47] [119/326] VCMR
[00:20:48] [120/326] MACT
[00:20:49] [121/326] JMNP
[00:20:50] [122/326] VICS
[00:20:50] [123/326] VCDA
[00:20:51] [124/326] GCMM
[00:20:52] [125/326] INVS
[00:20:54] [126/326] SCGM
[00:20:55] [127/326] PCDA
[00:20:55] [128/326] KDCT
[00:20:56] [129/326] JACS
[00:20:57] [130/326] GMMC
[00:20:58] [131/326] AICM
[00:20:59] [132/326] TJCM
[00:21:00] [133/326] RMTI
[00:21:01] [134/326] SHAC
[00:21:02] [135/326] APJC
[00:21:02] [136/326] GCTG
[00:21:03] [137/326] SSMC
[00:21:04] [138/326] THRM
[00:21:05] [139/326] RBCT
[00:21:05] [140/326] DIKT
[00:21:06] [141/326] MIDL
[00:21:07] [142/326] VCSN
[00:21:08] [143/326] SKTG
[00:21:09] [144/326] SMWC
[00:21:10] [145/326] MNKH
[00:21:11] [146/326] PIAT
[00:21:12] [147/326] LTTP
[00:21:13] [148/326] PTPU
[00:21:14] [149/326] ACMG
[00:21:14] [150/326] SHMM
[00:21:15] [151/326] MCMN
[00:21:16] [152/326] GLDC
[00:21:17] [153/326] HOUT
[00:21:17] [154/326] SVRP
[00:21:19] [155/326] PVDN
[00:21:20] [156/326] SCPY
[00:21:21] [157/326] DTPY
[00:21:23] [158/326] GKCS
[00:21:23] [159/326] NCAM
[00:21:24] [160/326] BSRM
[00:21:25] [161/326] RCLC
[00:21:26] [162/326] SKKD
[00:21:27] [163/326] ACHU
[00:21:28] [164/326] RSCF
[00:21:29] [165/326] IMSH
[00:21:30] [166/326] MACX
[00:21:30] [167/326] HMMW
[00:21:31] [168/326] JTCP
[00:21:32] [169/326] SREN
[00:21:33] [170/326] PJRR
[00:21:34] [171/326] INAC
[00:21:34] [172/326] BMCA
[00:21:35] [173/326] SHCB
[00:21:36] [174/326] GABA
[00:21:37] [175/326] SBCT
[00:21:38] [176/326] GCMA
[00:21:40] [177/326] MYTK
[00:21:41] [178/326] INZS
[00:21:42] [179/326] RMIK
[00:21:42] [180/326] NYCH
[00:21:43] [181/326] RAVE
[00:21:44] [182/326] PSXM
[00:21:45] [183/326] MCGP
[00:21:46] [184/326] PDDK
[00:21:47] [185/326] SPCK
[00:21:48] [186/326] MCRL
[00:21:48] [187/326] MHKT
[00:21:49] [188/326] ANRR
[00:21:50] [189/326] SAPK
[00:21:51] [190/326] NCUK
[00:21:52] [191/326] JUGA
[00:21:53] [192/326] DBSC
[00:21:54] [193/326] LALK
[00:21:54] [194/326] GUCK
[00:21:55] [195/326] STSG
[00:21:56] [196/326] PPPZ
[00:21:57] [197/326] CNCY
[00:21:58] [198/326] MTAR
[00:21:59] [199/326] VNKD
[00:21:59] [200/326] KMAJ
[00:22:01] [201/326] ACXK
[00:22:03] [202/326] UTKC
[00:22:03] [203/326] PBLK
[00:22:04] [204/326] ACBX
[00:22:05] [205/326] PTGM
[00:22:06] [206/326] BTDA
[00:22:06] [207/326] PJMB
[00:22:08] [208/326] TPDA
[00:22:08] [209/326] AMOE
[00:22:09] [210/326] PRHT
[00:22:10] [211/326] PRTA
[00:22:12] [212/326] STAM
[00:22:13] [213/326] MSAA
[00:22:14] [214/326] SDLU
[00:22:15] [215/326] RCHH
[00:22:16] [216/326] KANT
[00:22:17] [217/326] FCRT
[00:22:19] [218/326] DNKM
[00:22:20] [219/326] RYCP
[00:22:21] [220/326] MYRP
[00:22:23] [221/326] PPAK
[00:22:24] [222/326] NVPK
[00:22:25] [223/326] PRMC
[00:22:25] [224/326] JBCS
[00:22:26] [225/326] GXCK
[00:22:27] [226/326] USKO
[00:22:28] [227/326] GTEM
[00:22:29] [228/326] SMBU
[00:22:30] [229/326] VETC
[00:22:31] [230/326] LCDA
[00:22:32] [231/326] MTVT
[00:22:33] [232/326] PYCP
[00:22:34] [233/326] PNSC
[00:22:34] [234/326] PPCC
[00:22:35] [235/326] TGRT
[00:22:37] [236/326] JYOT
[00:22:39] [237/326] SRCZ
[00:22:41] [238/326] SJTE
[00:22:42] [239/326] DESC
[00:22:42] [240/326] JHVN
[00:22:43] [241/326] IPSG
[00:22:44] [242/326] IPCM
[00:22:45] [243/326] PDRS
[00:22:46] [244/326] ANCV
[00:22:47] [245/326] CMVV
[00:22:48] [246/326] SHYP
[00:22:50] [247/326] DNCS
[00:22:51] [248/326] GAJK
[00:22:52] [249/326] AKTN
[00:22:53] [250/326] KAYA
[00:22:53] [251/326] SBRC
[00:22:54] [252/326] CHTP
[00:22:55] [253/326] SHRT
[00:22:56] [254/326] BCKU
[00:22:57] [255/326] FCPS
[00:22:58] [256/326] ARDD
[00:22:59] [257/326] CPCM
[00:22:59] [258/326] CGSM
[00:23:00] [259/326] PSMP
[00:23:01] [260/326] SDAL
[00:23:03] [261/326] RTNB
[00:23:04] [262/326] LMCR
[00:23:05] [263/326] CIMA
[00:23:06] [264/326] RNAS
[00:23:07] [265/326] LITH
[00:23:08] [266/326] PBOX
[00:23:09] [267/326] FRTS
[00:23:09] [268/326] RKIC
[00:23:10] [269/326] PTAI
[00:23:11] [270/326] GCIC
[00:23:12] [271/326] FNAS
[00:23:13] [272/326] SCAR
[00:23:14] [273/326] MTCA
[00:23:15] [274/326] SCTS
[00:23:15] [275/326] SYCS
[00:23:16] [276/326] RDMS
[00:23:17] [277/326] KAMP
[00:23:18] [278/326] ERSD
[00:23:19] [279/326] MJMJ
[00:23:20] [280/326] SRCJ
[00:23:20] [281/326] SCXE
[00:23:21] [282/326] SVFR
[00:23:22] [283/326] BHCS
[00:23:23] [284/326] IMCC
[00:23:24] [285/326] PCBO
[00:23:25] [286/326] PRVN
[00:23:25] [287/326] AUPM
[00:23:26] [288/326] INBW
[00:23:27] [289/326] SVCW
[00:23:28] [290/326] RKCF
[00:23:29] [291/326] UVBH
[00:23:31] [292/326] DNCY
[00:23:33] [293/326] ABCN
[00:23:34] [294/326] PRUR
[00:23:34] [295/326] PFMR
[00:23:35] [296/326] RKCN
[00:23:36] [297/326] CFEA
[00:23:37] [298/326] SDBG
[00:23:39] [299/326] SNAR
[00:23:40] [300/326] YISI
[00:23:40] [301/326] JCFF
[00:23:41] [302/326] VTRK
[00:23:42] [303/326] PCLZ
[00:23:43] [304/326] DIMY
[00:23:44] [305/326] BBTS
[00:23:45] [306/326] GATH
[00:23:45] [307/326] GTMN
[00:23:46] [308/326] VTMH
[00:23:47] [309/326] CCKP
[00:23:48] [310/326] GPKA
[00:23:50] [311/326] MHCL
[00:23:51] [312/326] ATCL
[00:23:52] [313/326] SBCK
[00:23:53] [314/326] AMMR
[00:23:54] [315/326] MADC
[00:23:55] [316/326] TMMA
[00:23:56] [317/326] CACC
[00:23:57] [318/326] CHAL
[00:23:58] [319/326] DURG
[00:23:59] [320/326] GMKU
[00:23:59] [321/326] GECA
[00:24:00] [322/326] KYRR
[00:24:01] [323/326] KSDE
[00:24:02] [324/326] LMCI
[00:24:02] [325/326] NKCP
[00:24:03] [326/326] BGTC
[00:24:04] ✅ DONE | Shows=0 | Movies=0
