[00:18:57] 🚀 BMS DAILY TRACKER STARTED
[00:18:57] [1/445] TGMR
[00:18:57] 🧠 New identity
[00:18:57] 🔄 Identity reset
[00:18:57] ❌ TGMR | RuntimeError
[00:18:58] [2/445] CXKR
[00:18:58] 🧠 New identity
[00:18:58] 🔄 Identity reset
[00:18:58] ❌ CXKR | RuntimeError
[00:18:59] [3/445] SROP
[00:18:59] 🧠 New identity
[00:18:59] 🔄 Identity reset
[00:18:59] ❌ SROP | RuntimeError
[00:18:59] [4/445] GTSV
[00:18:59] 🧠 New identity
[00:19:00] 🔄 Identity reset
[00:19:00] ❌ GTSV | RuntimeError
[00:19:00] [5/445] SNTY
[00:19:00] 🧠 New identity
[00:19:00] 🔄 Identity reset
[00:19:00] ❌ SNTY | RuntimeError
[00:19:01] [6/445] SMYY
[00:19:01] 🧠 New identity
[00:19:01] 🔄 Identity reset
[00:19:01] ❌ SMYY | RuntimeError
[00:19:01] [7/445] CNCS
[00:19:01] 🧠 New identity
[00:19:02] 🔄 Identity reset
[00:19:02] ❌ CNCS | RuntimeError
[00:19:02] [8/445] CSTM
[00:19:02] 🧠 New identity
[00:19:02] 🔄 Identity reset
[00:19:02] ❌ CSTM | RuntimeError
[00:19:03] [9/445] NUCD
[00:19:03] 🧠 New identity
[00:19:03] 🔄 Identity reset
[00:19:03] ❌ NUCD | RuntimeError
[00:19:03] [10/445] SHCZ
[00:19:04] 🧠 New identity
[00:19:04] 🔄 Identity reset
[00:19:04] ❌ SHCZ | RuntimeError
[00:19:04] [11/445] NJCT
[00:19:04] 🧠 New identity
[00:19:05] 🔄 Identity reset
[00:19:05] ❌ NJCT | RuntimeError
[00:19:05] [12/445] COPC
[00:19:05] 🧠 New identity
[00:19:05] 🔄 Identity reset
[00:19:05] ❌ COPC | RuntimeError
[00:19:06] [13/445] STVV
[00:19:06] 🧠 New identity
[00:19:06] 🔄 Identity reset
[00:19:06] ❌ STVV | RuntimeError
[00:19:06] [14/445] SKRN
[00:19:06] 🧠 New identity
[00:19:06] 🔄 Identity reset
[00:19:06] ❌ SKRN | RuntimeError
[00:19:07] [15/445] APPZ
[00:19:07] 🧠 New identity
[00:19:07] 🔄 Identity reset
[00:19:07] ❌ APPZ | RuntimeError
[00:19:08] [16/445] YMGN
[00:19:08] 🧠 New identity
[00:19:08] 🔄 Identity reset
[00:19:08] ❌ YMGN | RuntimeError
[00:19:08] [17/445] SVTU
[00:19:08] 🧠 New identity
[00:19:09] 🔄 Identity reset
[00:19:09] ❌ SVTU | RuntimeError
[00:19:09] [18/445] GTAD
[00:19:09] 🧠 New identity
[00:19:09] 🔄 Identity reset
[00:19:09] ❌ GTAD | RuntimeError
[00:19:10] [19/445] PSUS
[00:19:10] 🧠 New identity
[00:19:10] 🔄 Identity reset
[00:19:10] ❌ PSUS | RuntimeError
[00:19:10] [20/445] SMCD
[00:19:10] 🧠 New identity
[00:19:10] 🔄 Identity reset
[00:19:10] ❌ SMCD | RuntimeError
[00:19:11] [21/445] CMCM
[00:19:11] 🧠 New identity
[00:19:11] 🔄 Identity reset
[00:19:11] ❌ CMCM | RuntimeError
[00:19:12] [22/445] SYCT
[00:19:12] 🧠 New identity
[00:19:12] 🔄 Identity reset
[00:19:12] ❌ SYCT | RuntimeError
[00:19:12] [23/445] STLY
[00:19:12] 🧠 New identity
[00:19:12] 🔄 Identity reset
[00:19:12] ❌ STLY | RuntimeError
[00:19:13] [24/445] CMHU
[00:19:13] 🧠 New identity
[00:19:13] 🔄 Identity reset
[00:19:13] ❌ CMHU | RuntimeError
[00:19:14] [25/445] CMSA
[00:19:14] 🧠 New identity
[00:19:14] 🔄 Identity reset
[00:19:14] ❌ CMSA | RuntimeError
[00:19:14] [26/445] CLCU
[00:19:14] 🧠 New identity
[00:19:14] 🔄 Identity reset
[00:19:14] ❌ CLCU | RuntimeError
[00:19:15] [27/445] PPNT
[00:19:15] 🧠 New identity
[00:19:15] 🔄 Identity reset
[00:19:15] ❌ PPNT | RuntimeError
[00:19:16] [28/445] JTAB
[00:19:16] 🧠 New identity
[00:19:16] 🔄 Identity reset
[00:19:16] ❌ JTAB | RuntimeError
[00:19:16] [29/445] BUUC
[00:19:16] 🧠 New identity
[00:19:16] 🔄 Identity reset
[00:19:16] ❌ BUUC | RuntimeError
[00:19:17] [30/445] BSVK
[00:19:17] 🧠 New identity
[00:19:17] 🔄 Identity reset
[00:19:17] ❌ BSVK | RuntimeError
[00:19:17] [31/445] VVVQ
[00:19:17] 🧠 New identity
[00:19:17] 🔄 Identity reset
[00:19:17] ❌ VVVQ | RuntimeError
[00:19:18] [32/445] TKMU
[00:19:18] 🧠 New identity
[00:19:18] 🔄 Identity reset
[00:19:18] ❌ TKMU | RuntimeError
[00:19:18] [33/445] ESYL
[00:19:18] 🧠 New identity
[00:19:19] 🔄 Identity reset
[00:19:19] ❌ ESYL | RuntimeError
[00:19:19] [34/445] ACHP
[00:19:19] 🧠 New identity
[00:19:19] 🔄 Identity reset
[00:19:19] ❌ ACHP | RuntimeError
[00:19:20] [35/445] BTKD
[00:19:20] 🧠 New identity
[00:19:20] 🔄 Identity reset
[00:19:20] ❌ BTKD | RuntimeError
[00:19:21] [36/445] DESA
[00:19:21] 🧠 New identity
[00:19:21] 🔄 Identity reset
[00:19:21] ❌ DESA | RuntimeError
[00:19:22] [37/445] GBCT
[00:19:22] 🧠 New identity
[00:19:22] 🔄 Identity reset
[00:19:22] ❌ GBCT | RuntimeError
[00:19:22] [38/445] BLLD
[00:19:22] 🧠 New identity
[00:19:22] 🔄 Identity reset
[00:19:22] ❌ BLLD | RuntimeError
[00:19:23] [39/445] SKNT
[00:19:23] 🧠 New identity
[00:19:23] 🔄 Identity reset
[00:19:23] ❌ SKNT | RuntimeError
[00:19:24] [40/445] SSTE
[00:19:24] 🧠 New identity
[00:19:24] 🔄 Identity reset
[00:19:24] ❌ SSTE | RuntimeError
[00:19:24] [41/445] VJMR
[00:19:24] 🧠 New identity
[00:19:24] 🔄 Identity reset
[00:19:24] ❌ VJMR | RuntimeError
[00:19:25] [42/445] NTPU
[00:19:25] 🧠 New identity
[00:19:25] 🔄 Identity reset
[00:19:25] ❌ NTPU | RuntimeError
[00:19:25] [43/445] RDKN
[00:19:25] 🧠 New identity
[00:19:26] 🔄 Identity reset
[00:19:26] ❌ RDKN | RuntimeError
[00:19:26] [44/445] ADGC
[00:19:26] 🧠 New identity
[00:19:26] 🔄 Identity reset
[00:19:26] ❌ ADGC | RuntimeError
[00:19:27] [45/445] VRBP
[00:19:27] 🧠 New identity
[00:19:27] 🔄 Identity reset
[00:19:27] ❌ VRBP | RuntimeError
[00:19:27] [46/445] NMNA
[00:19:27] 🧠 New identity
[00:19:27] 🔄 Identity reset
[00:19:27] ❌ NMNA | RuntimeError
[00:19:28] [47/445] CMMX
[00:19:28] 🧠 New identity
[00:19:28] 🔄 Identity reset
[00:19:28] ❌ CMMX | RuntimeError
[00:19:28] [48/445] PTKO
[00:19:28] 🧠 New identity
[00:19:29] 🔄 Identity reset
[00:19:29] ❌ PTKO | RuntimeError
[00:19:29] [49/445] RBML
[00:19:29] 🧠 New identity
[00:19:29] 🔄 Identity reset
[00:19:29] ❌ RBML | RuntimeError
[00:19:30] [50/445] SAIC
[00:19:30] 🧠 New identity
[00:19:30] 🔄 Identity reset
[00:19:30] ❌ SAIC | RuntimeError
[00:19:30] [51/445] SVTJ
[00:19:30] 🧠 New identity
[00:19:32] [52/445] MRTE
[00:19:34] [53/445] RBTP
[00:19:34] [54/445] NLPS
[00:19:35] [55/445] GTNA
[00:19:36] [56/445] DGGC
[00:19:37] [57/445] SMCR
[00:19:38] [58/445] SCGD
[00:19:39] [59/445] SRRJ
[00:19:39] [60/445] CNRY
[00:19:40] [61/445] KTDI
[00:19:41] [62/445] SNJL
[00:19:42] [63/445] RKMD
[00:19:43] [64/445] SMDC
[00:19:43] [65/445] TADG
[00:19:44] [66/445] MCGS
[00:19:45] [67/445] PETK
[00:19:46] [68/445] CHAG
[00:19:47] [69/445] KSTL
[00:19:48] [70/445] AADS
[00:19:49] [71/445] NTHZ
[00:19:50] [72/445] HCKI
[00:19:51] [73/445] SSEF
[00:19:52] [74/445] MCGX
[00:19:53] [75/445] ERRA
[00:19:55] [76/445] SDTW
[00:19:56] [77/445] RMPK
[00:19:57] [78/445] PTHK
[00:19:58] [79/445] PXCS
[00:19:59] [80/445] SVLU
[00:20:00] [81/445] STAH
[00:20:02] [82/445] JRGF
[00:20:03] [83/445] CDOK
[00:20:04] [84/445] CMSG
[00:20:05] [85/445] APTD
[00:20:06] [86/445] KMPG
[00:20:07] [87/445] MUTJ
[00:20:08] [88/445] VCCI
[00:20:09] [89/445] URBE
[00:20:10] [90/445] TCTS
[00:20:11] [91/445] STSN
[00:20:12] [92/445] AKCH
[00:20:13] [93/445] APSC
[00:20:13] [94/445] VLTB
[00:20:14] [95/445] SANU
[00:20:15] [96/445] AXAM
[00:20:17] [97/445] MGMG
[00:20:18] [98/445] HTBY
[00:20:19] [99/445] MMZS
[00:20:20] [100/445] SUDR
[00:20:21] [101/445] CCAD
[00:20:22] [102/445] SKKC
[00:20:23] [103/445] RMCD
[00:20:24] [104/445] SBCQ
[00:20:25] [105/445] DCCT
[00:20:26] [106/445] VTKP
[00:20:27] [107/445] MLAM
[00:20:28] [108/445] SAVT
[00:20:30] [109/445] GEPL
[00:20:31] [110/445] AMCD
[00:20:32] [111/445] CCXR
[00:20:33] [112/445] GRNG
[00:20:34] [113/445] EBCA
[00:20:35] [114/445] CNVG
[00:20:36] [115/445] MWSS
[00:20:37] [116/445] VBOR
[00:20:39] [117/445] NEEB
[00:20:40] [118/445] SUTH
[00:20:41] [119/445] ANDB
[00:20:42] [120/445] MMXS
[00:20:43] [121/445] CNPD
[00:20:44] [122/445] SDCE
[00:20:45] [123/445] DHCB
[00:20:46] [124/445] ODEN
[00:20:47] [125/445] TNTC
[00:20:48] [126/445] VBKM
[00:20:50] [127/445] RZYM
[00:20:51] [128/445] JEMC
[00:20:52] [129/445] CMAU
[00:20:53] [130/445] SIVP
[00:20:54] [131/445] ATAG
[00:20:55] [132/445] CHTM
[00:20:56] [133/445] AAEE
[00:20:57] [134/445] IWPM
[00:20:58] [135/445] KCMW
[00:20:59] [136/445] MCTD
[00:21:00] [137/445] SPWR
[00:21:00] [138/445] SDPO
[00:21:02] [139/445] PCSK
[00:21:03] [140/445] ACHV
[00:21:04] [141/445] SVLA
[00:21:05] [142/445] PICT
[00:21:06] [143/445] BXDR
[00:21:07] [144/445] SPWA
[00:21:08] [145/445] MCKO
[00:21:09] [146/445] RTHK
[00:21:10] [147/445] CCMF
[00:21:11] [148/445] MRGB
[00:21:12] [149/445] CPLC
[00:21:13] [150/445] RACD
[00:21:14] [151/445] ATKT
[00:21:15] [152/445] SARN
[00:21:16] [153/445] KKUI
[00:21:16] [154/445] RGCM
[00:21:17] [155/445] BRVP
[00:21:18] [156/445] HRSR
[00:21:20] [157/445] GKGM
[00:21:20] [158/445] TTCD
[00:21:21] [159/445] PTTI
[00:21:22] [160/445] MPTT
[00:21:23] [161/445] CVTT
[00:21:24] [162/445] PCXD
[00:21:25] [163/445] GCDC
[00:21:26] [164/445] CCCF
[00:21:27] [165/445] MRAD
[00:21:27] [166/445] CPLK
[00:21:28] [167/445] SATB
[00:21:30] [168/445] SNVG
[00:21:31] [169/445] JMBA
[00:21:32] [170/445] TEJA
[00:21:32] [171/445] STYO
[00:21:33] [172/445] JTBP
[00:21:34] [173/445] KRGD
[00:21:36] [174/445] SLJJ
[00:21:37] [175/445] SPTJ
[00:21:38] [176/445] SWJG
[00:21:39] [177/445] LKRT
[00:21:40] [178/445] KCKA
[00:21:40] [179/445] SNCR
[00:21:41] [180/445] SMKL
[00:21:42] [181/445] GCFA
[00:21:43] [182/445] DDCK
[00:21:44] [183/445] NCHJ
[00:21:45] [184/445] RDMA
[00:21:46] [185/445] SVSV
[00:21:47] [186/445] SCJG
[00:21:48] [187/445] VKLP
[00:21:49] [188/445] NWCC
[00:21:50] [189/445] VKNS
[00:21:51] [190/445] SDDP
[00:21:52] [191/445] ACSI
[00:21:53] [192/445] SATG
[00:21:54] [193/445] SCMW
[00:21:55] [194/445] LKTK
[00:21:56] [195/445] VCKV
[00:21:57] [196/445] KKPE
[00:21:58] [197/445] KIGH
[00:21:58] [198/445] SRPM
[00:22:00] [199/445] SCAH
[00:22:01] [200/445] MUTA
[00:22:02] [201/445] SEPU
[00:22:03] [202/445] INOA
[00:22:04] [203/445] BASK
[00:22:06] [204/445] NECB
[00:22:06] [205/445] GTTG
[00:22:07] [206/445] ASSA
[00:22:08] [207/445] ANCL
[00:22:09] [208/445] GCTI
[00:22:10] [209/445] RCTS
[00:22:11] [210/445] ACNL
[00:22:12] [211/445] MYCT
[00:22:13] [212/445] NMHT
[00:22:14] [213/445] MDIT
[00:22:15] [214/445] LATG
[00:22:16] [215/445] SMTY
[00:22:16] [216/445] CVCT
[00:22:17] [217/445] RAMB
[00:22:18] [218/445] TGMS
[00:22:19] [219/445] BHEL
[00:22:20] [220/445] SHCT
[00:22:21] [221/445] SVCT
[00:22:22] [222/445] MRIY
[00:22:22] [223/445] SARO
[00:22:23] [224/445] STCT
[00:22:24] [225/445] JKKC
[00:22:26] [226/445] PLTT
[00:22:27] [227/445] SRNT
[00:22:28] [228/445] YAST
[00:22:29] [229/445] PERL
[00:22:31] [230/445] CICM
[00:22:32] [231/445] MMTR
[00:22:33] [232/445] ABTK
[00:22:35] [233/445] ATYY
[00:22:36] [234/445] ASTK
[00:22:37] [235/445] VVCK
[00:22:38] [236/445] ATKY
[00:22:38] [237/445] GWEK
[00:22:39] [238/445] SVFH
[00:22:40] [239/445] SLTA
[00:22:41] [240/445] AASH
[00:22:42] [241/445] ACXB
[00:22:43] [242/445] SMTX
[00:22:44] [243/445] AZDH
[00:22:45] [244/445] CMMH
[00:22:46] [245/445] SCSZ
[00:22:47] [246/445] SCKP
[00:22:48] [247/445] NXTM
[00:22:49] [248/445] NWCS
[00:22:50] [249/445] CXMH
[00:22:51] [250/445] PCMA
[00:22:52] [251/445] SGCM
[00:22:53] [252/445] SDTU
[00:22:54] [253/445] MMVI
[00:22:55] [254/445] JKCM
[00:22:56] [255/445] VCMM
[00:22:57] [256/445] SYEE
[00:22:58] [257/445] VASD
[00:22:59] [258/445] BDRB
[00:23:00] [259/445] LASM
[00:23:01] [260/445] DCRL
[00:23:02] [261/445] DVPM
[00:23:03] [262/445] SBMJ
[00:23:03] [263/445] CBMU
[00:23:04] [264/445] IUBS
[00:23:06] [265/445] INAP
[00:23:07] [266/445] SRRC
[00:23:08] [267/445] SAGR
[00:23:09] [268/445] CPMJ
[00:23:10] [269/445] ATJL
[00:23:11] [270/445] NNTD
[00:23:11] [271/445] JHCJ
[00:23:12] [272/445] CMMP
[00:23:13] [273/445] RSDR
[00:23:14] [274/445] AMTI
[00:23:15] [275/445] NYSG
[00:23:16] [276/445] AVSG
[00:23:17] [277/445] SYTP
[00:23:18] [278/445] LARC
[00:23:19] [279/445] RJTP
[00:23:20] [280/445] LAKC
[00:23:20] [281/445] MCXE
[00:23:21] [282/445] CCZC
[00:23:22] [283/445] AVCH
[00:23:23] [284/445] CMBE
[00:23:24] [285/445] MRRC
[00:23:25] [286/445] PCPY
[00:23:26] [287/445] SRMH
[00:23:28] [288/445] SVGS
[00:23:28] [289/445] PCSE
[00:23:30] [290/445] SVFT
[00:23:31] [291/445] TNZP
[00:23:32] [292/445] ICTP
[00:23:33] [293/445] ACTZ
[00:23:34] [294/445] GTUR
[00:23:35] [295/445] MAFC
[00:23:36] [296/445] MINL
[00:23:38] [297/445] MRCL
[00:23:38] [298/445] RCRP
[00:23:39] [299/445] RFFG
[00:23:40] [300/445] RMAS
[00:23:41] [301/445] INVR
[00:23:42] [302/445] RMAR
[00:23:42] [303/445] CNIS
[00:23:43] [304/445] RHRJ
[00:23:45] [305/445] INXR
[00:23:46] [306/445] VALT
[00:23:47] [307/445] LCSH
[00:23:49] [308/445] CMVS
[00:23:50] [309/445] CNMS
[00:23:51] [310/445] ROOG
[00:23:51] [311/445] ISRM
[00:23:52] [312/445] RCRM
[00:23:53] [313/445] ACJA
[00:23:54] [314/445] RCVS
[00:23:55] [315/445] CPUS
[00:23:57] [316/445] TGCS
[00:23:58] [317/445] RKCJ
[00:23:59] [318/445] MKSB
[00:24:01] [319/445] TCSJ
[00:24:01] [320/445] RMGP
[00:24:02] [321/445] CLLP
[00:24:03] [322/445] RCMV
[00:24:04] [323/445] CCKS
[00:24:06] [324/445] RSRP
[00:24:07] [325/445] APLP
[00:24:09] [326/445] CNVS
[00:24:09] [327/445] RMVY
[00:24:10] [328/445] PGBD
[00:24:11] [329/445] KLMS
[00:24:12] [330/445] RUST
[00:24:13] [331/445] MASM
[00:24:13] [332/445] BACS
[00:24:15] [333/445] BWST
[00:24:16] [334/445] RRFH
[00:24:17] [335/445] SJTM
[00:24:18] [336/445] BEMR
[00:24:19] [337/445] MCGR
[00:24:19] [338/445] SDSK
[00:24:20] [339/445] VBOL
[00:24:21] [340/445] RMGM
[00:24:22] [341/445] NOPL
[00:24:24] [342/445] MKJK
[00:24:25] [343/445] CVRN
[00:24:26] [344/445] MMEN
[00:24:26] [345/445] AMNG
[00:24:28] [346/445] INTM
[00:24:29] [347/445] SLCZ
[00:24:30] [348/445] AMJN
[00:24:31] [349/445] ACJN
[00:24:32] [350/445] AMKN
[00:24:33] [351/445] BTCN
[00:24:34] [352/445] AMBT
[00:24:35] [353/445] PACN
[00:24:36] [354/445] LCNS
[00:24:36] [355/445] PPKC
[00:24:37] [356/445] JYYN
[00:24:38] [357/445] JTNR
[00:24:39] [358/445] GTEE
[00:24:40] [359/445] SRNM
[00:24:41] [360/445] SDTC
[00:24:42] [361/445] VPCA
[00:24:43] [362/445] VLRA
[00:24:43] [363/445] SHKR
[00:24:44] [364/445] SBKD
[00:24:45] [365/445] SAAD
[00:24:46] [366/445] JTGN
[00:24:47] [367/445] SLAM
[00:24:48] [368/445] VTPM
[00:24:49] [369/445] ANPT
[00:24:50] [370/445] PUNB
[00:24:51] [371/445] CPKT
[00:24:52] [372/445] CNWE
[00:24:53] [373/445] ECPP
[00:24:55] [374/445] CPAR
[00:24:55] [375/445] ESBW
[00:24:56] [376/445] PKPU
[00:24:58] [377/445] CPRP
[00:24:59] [378/445] RAHU
[00:25:00] [379/445] RHMN
[00:25:01] [380/445] FMJP
[00:25:02] [381/445] CTMP
[00:25:03] [382/445] INPN
[00:25:04] [383/445] STTG
[00:25:04] [384/445] CTRD
[00:25:05] [385/445] PUVB
[00:25:07] [386/445] ESVP
[00:25:08] [387/445] CPFT
[00:25:09] [388/445] LCPC
[00:25:10] [389/445] VBCT
[00:25:10] [390/445] FSCW
[00:25:11] [391/445] VCMP
[00:25:12] [392/445] ASHC
[00:25:13] [393/445] VLCX
[00:25:14] [394/445] SHEV
[00:25:15] [395/445] APCO
[00:25:16] [396/445] SILC
[00:25:17] [397/445] SNMR
[00:25:18] [398/445] KYBO
[00:25:19] [399/445] SATK
[00:25:19] [400/445] SSCS
[00:25:20] [401/445] CLSB
[00:25:22] [402/445] KMJR
[00:25:23] [403/445] FSCK
[00:25:24] [404/445] NNKA
[00:25:25] [405/445] CLMK
[00:25:27] [406/445] DMPZ
[00:25:28] [407/445] INQM
[00:25:29] [408/445] CAML
[00:25:30] [409/445] INRK
[00:25:31] [410/445] IMKN
[00:25:33] [411/445] SVNR
[00:25:33] [412/445] INSL
[00:25:35] [413/445] MSMA
[00:25:36] [414/445] MCKK
[00:25:37] [415/445] FCHP
[00:25:37] [416/445] SFCR
[00:25:38] [417/445] NACK
[00:25:39] [418/445] PVAK
[00:25:40] [419/445] INER
[00:25:42] [420/445] RDBK
[00:25:43] [421/445] SVFN
[00:25:44] [422/445] IFRM
[00:25:45] [423/445] ATCK
[00:25:46] [424/445] ASKO
[00:25:47] [425/445] STKT
[00:25:48] [426/445] SVFB
[00:25:50] [427/445] INKS
[00:25:50] [428/445] PCRA
[00:25:51] [429/445] ATJA
[00:25:52] [430/445] IMJN
[00:25:53] [431/445] INHD
[00:25:54] [432/445] BARA
[00:25:54] [433/445] MCSL
[00:25:56] [434/445] RTOY
[00:25:57] [435/445] MENO
[00:25:58] [436/445] PUDM
[00:25:58] [437/445] PRCN
[00:25:59] [438/445] JMJR
[00:26:01] [439/445] SSGK
[00:26:02] [440/445] SSRL
[00:26:03] [441/445] JYKL
[00:26:05] [442/445] ACNB
[00:26:06] [443/445] SONP
[00:26:06] [444/445] EMCI
[00:26:07] [445/445] MRJH
[00:26:08] ✅ DONE | Shows=0 | Movies=0
