[00:18:53] 🚀 BMS DAILY TRACKER STARTED
[00:18:53] [1/459] NECA
[00:18:53] 🧠 New identity
[00:18:54] 🔄 Identity reset
[00:18:54] ❌ NECA | RuntimeError
[00:18:54] [2/459] BJLC
[00:18:54] 🧠 New identity
[00:18:54] 🔄 Identity reset
[00:18:54] ❌ BJLC | RuntimeError
[00:18:55] [3/459] BASU
[00:18:55] 🧠 New identity
[00:18:55] 🔄 Identity reset
[00:18:55] ❌ BASU | RuntimeError
[00:18:56] [4/459] RUPI
[00:18:56] 🧠 New identity
[00:18:56] 🔄 Identity reset
[00:18:56] ❌ RUPI | RuntimeError
[00:18:57] [5/459] LCBK
[00:18:57] 🧠 New identity
[00:18:57] 🔄 Identity reset
[00:18:57] ❌ LCBK | RuntimeError
[00:18:57] [6/459] PMAC
[00:18:57] 🧠 New identity
[00:18:57] 🔄 Identity reset
[00:18:57] ❌ PMAC | RuntimeError
[00:18:58] [7/459] AMLC
[00:18:58] 🧠 New identity
[00:18:58] 🔄 Identity reset
[00:18:58] ❌ AMLC | RuntimeError
[00:18:58] [8/459] LICL
[00:18:58] 🧠 New identity
[00:18:59] 🔄 Identity reset
[00:18:59] ❌ LICL | RuntimeError
[00:18:59] [9/459] UDMM
[00:18:59] 🧠 New identity
[00:18:59] 🔄 Identity reset
[00:18:59] ❌ UDMM | RuntimeError
[00:19:00] [10/459] STBZ
[00:19:00] 🧠 New identity
[00:19:00] 🔄 Identity reset
[00:19:00] ❌ STBZ | RuntimeError
[00:19:00] [11/459] UUBT
[00:19:00] 🧠 New identity
[00:19:00] 🔄 Identity reset
[00:19:00] ❌ UUBT | RuntimeError
[00:19:01] [12/459] SJKC
[00:19:01] 🧠 New identity
[00:19:01] 🔄 Identity reset
[00:19:01] ❌ SJKC | RuntimeError
[00:19:01] [13/459] TUAL
[00:19:02] 🧠 New identity
[00:19:02] 🔄 Identity reset
[00:19:02] ❌ TUAL | RuntimeError
[00:19:02] [14/459] MRSE
[00:19:02] 🧠 New identity
[00:19:02] 🔄 Identity reset
[00:19:02] ❌ MRSE | RuntimeError
[00:19:03] [15/459] RMRK
[00:19:03] 🧠 New identity
[00:19:03] 🔄 Identity reset
[00:19:03] ❌ RMRK | RuntimeError
[00:19:03] [16/459] TTKP
[00:19:03] 🧠 New identity
[00:19:04] 🔄 Identity reset
[00:19:04] ❌ TTKP | RuntimeError
[00:19:04] [17/459] KTKO
[00:19:04] 🧠 New identity
[00:19:04] 🔄 Identity reset
[00:19:04] ❌ KTKO | RuntimeError
[00:19:05] [18/459] SDBK
[00:19:05] 🧠 New identity
[00:19:05] 🔄 Identity reset
[00:19:05] ❌ SDBK | RuntimeError
[00:19:06] [19/459] MCPR
[00:19:06] 🧠 New identity
[00:19:06] 🔄 Identity reset
[00:19:06] ❌ MCPR | RuntimeError
[00:19:06] [20/459] CHTI
[00:19:06] 🧠 New identity
[00:19:06] 🔄 Identity reset
[00:19:06] ❌ CHTI | RuntimeError
[00:19:07] [21/459] GCCP
[00:19:07] 🧠 New identity
[00:19:07] 🔄 Identity reset
[00:19:07] ❌ GCCP | RuntimeError
[00:19:07] [22/459] SRMY
[00:19:08] 🧠 New identity
[00:19:08] 🔄 Identity reset
[00:19:08] ❌ SRMY | RuntimeError
[00:19:08] [23/459] NYST
[00:19:08] 🧠 New identity
[00:19:08] 🔄 Identity reset
[00:19:08] ❌ NYST | RuntimeError
[00:19:09] [24/459] NYAG
[00:19:09] 🧠 New identity
[00:19:09] 🔄 Identity reset
[00:19:09] ❌ NYAG | RuntimeError
[00:19:10] [25/459] SBMT
[00:19:10] 🧠 New identity
[00:19:10] 🔄 Identity reset
[00:19:10] ❌ SBMT | RuntimeError
[00:19:10] [26/459] INGA
[00:19:10] 🧠 New identity
[00:19:11] 🔄 Identity reset
[00:19:11] ❌ INGA | RuntimeError
[00:19:11] [27/459] WSIC
[00:19:11] 🧠 New identity
[00:19:11] 🔄 Identity reset
[00:19:11] ❌ WSIC | RuntimeError
[00:19:12] [28/459] SCSS
[00:19:12] 🧠 New identity
[00:19:12] 🔄 Identity reset
[00:19:12] ❌ SCSS | RuntimeError
[00:19:13] [29/459] COPG
[00:19:13] 🧠 New identity
[00:19:13] 🔄 Identity reset
[00:19:13] ❌ COPG | RuntimeError
[00:19:13] [30/459] RCGR
[00:19:13] 🧠 New identity
[00:19:13] 🔄 Identity reset
[00:19:13] ❌ RCGR | RuntimeError
[00:19:14] [31/459] TCZA
[00:19:14] 🧠 New identity
[00:19:14] 🔄 Identity reset
[00:19:14] ❌ TCZA | RuntimeError
[00:19:14] [32/459] CNLP
[00:19:14] 🧠 New identity
[00:19:15] 🔄 Identity reset
[00:19:15] ❌ CNLP | RuntimeError
[00:19:15] [33/459] CLKN
[00:19:15] 🧠 New identity
[00:19:15] 🔄 Identity reset
[00:19:15] ❌ CLKN | RuntimeError
[00:19:16] [34/459] LHDF
[00:19:16] 🧠 New identity
[00:19:16] 🔄 Identity reset
[00:19:16] ❌ LHDF | RuntimeError
[00:19:16] [35/459] ELKC
[00:19:16] 🧠 New identity
[00:19:17] 🔄 Identity reset
[00:19:17] ❌ ELKC | RuntimeError
[00:19:17] [36/459] VCEM
[00:19:17] 🧠 New identity
[00:19:17] 🔄 Identity reset
[00:19:17] ❌ VCEM | RuntimeError
[00:19:18] [37/459] SSZA
[00:19:18] 🧠 New identity
[00:19:18] 🔄 Identity reset
[00:19:18] ❌ SSZA | RuntimeError
[00:19:19] [38/459] KRMT
[00:19:19] 🧠 New identity
[00:19:19] 🔄 Identity reset
[00:19:19] ❌ KRMT | RuntimeError
[00:19:19] [39/459] LCMV
[00:19:19] 🧠 New identity
[00:19:19] 🔄 Identity reset
[00:19:19] ❌ LCMV | RuntimeError
[00:19:20] [40/459] AYCZ
[00:19:20] 🧠 New identity
[00:19:20] 🔄 Identity reset
[00:19:20] ❌ AYCZ | RuntimeError
[00:19:21] [41/459] CUMS
[00:19:21] 🧠 New identity
[00:19:21] 🔄 Identity reset
[00:19:21] ❌ CUMS | RuntimeError
[00:19:21] [42/459] BOCK
[00:19:21] 🧠 New identity
[00:19:21] 🔄 Identity reset
[00:19:21] ❌ BOCK | RuntimeError
[00:19:22] [43/459] PNMR
[00:19:22] 🧠 New identity
[00:19:22] 🔄 Identity reset
[00:19:22] ❌ PNMR | RuntimeError
[00:19:23] [44/459] PJCP
[00:19:23] 🧠 New identity
[00:19:23] 🔄 Identity reset
[00:19:23] ❌ PJCP | RuntimeError
[00:19:23] [45/459] JDDD
[00:19:23] 🧠 New identity
[00:19:23] 🔄 Identity reset
[00:19:23] ❌ JDDD | RuntimeError
[00:19:24] [46/459] STMS
[00:19:24] 🧠 New identity
[00:19:24] 🔄 Identity reset
[00:19:24] ❌ STMS | RuntimeError
[00:19:25] [47/459] FLMB
[00:19:25] 🧠 New identity
[00:19:25] 🔄 Identity reset
[00:19:25] ❌ FLMB | RuntimeError
[00:19:25] [48/459] PKCM
[00:19:25] 🧠 New identity
[00:19:26] 🔄 Identity reset
[00:19:26] ❌ PKCM | RuntimeError
[00:19:26] [49/459] SPPR
[00:19:26] 🧠 New identity
[00:19:26] 🔄 Identity reset
[00:19:26] ❌ SPPR | RuntimeError
[00:19:27] [50/459] EYLH
[00:19:27] 🧠 New identity
[00:19:27] 🔄 Identity reset
[00:19:27] ❌ EYLH | RuntimeError
[00:19:28] [51/459] RJCC
[00:19:28] 🧠 New identity
[00:19:28] 🔄 Identity reset
[00:19:28] ❌ RJCC | RuntimeError
[00:19:28] [52/459] MMPS
[00:19:28] 🧠 New identity
[00:19:29] 🔄 Identity reset
[00:19:29] ❌ MMPS | RuntimeError
[00:19:29] [53/459] SHMX
[00:19:29] 🧠 New identity
[00:19:29] 🔄 Identity reset
[00:19:29] ❌ SHMX | RuntimeError
[00:19:30] [54/459] CCNL
[00:19:30] 🧠 New identity
[00:19:30] 🔄 Identity reset
[00:19:30] ❌ CCNL | RuntimeError
[00:19:31] [55/459] RCNV
[00:19:31] 🧠 New identity
[00:19:31] 🔄 Identity reset
[00:19:31] ❌ RCNV | RuntimeError
[00:19:32] [56/459] MAAG
[00:19:32] 🧠 New identity
[00:19:32] [57/459] LXCM
[00:19:33] [58/459] RCNI
[00:19:34] [59/459] SNNI
[00:19:35] [60/459] LALC
[00:19:36] [61/459] SOCN
[00:19:37] [62/459] JHTP
[00:19:38] [63/459] PITP
[00:19:40] [64/459] CCKW
[00:19:41] [65/459] MCMC
[00:19:41] [66/459] DEES
[00:19:43] [67/459] SABT
[00:19:43] [68/459] VSPP
[00:19:44] [69/459] ABCT
[00:19:45] [70/459] JVTB
[00:19:46] [71/459] VCBD
[00:19:48] [72/459] RMGG
[00:19:49] [73/459] RNMH
[00:19:50] [74/459] SPGL
[00:19:51] [75/459] JTTR
[00:19:52] [76/459] SICS
[00:19:53] [77/459] SRMI
[00:19:54] [78/459] SSIJ
[00:19:55] [79/459] KFMT
[00:19:56] [80/459] VBIT
[00:19:56] [81/459] JKCT
[00:19:58] [82/459] GCGP
[00:19:58] [83/459] GDCS
[00:19:59] [84/459] TRBA
[00:20:00] [85/459] QUST
[00:20:01] [86/459] VSHM
[00:20:02] [87/459] SDCP
[00:20:03] [88/459] SNVS
[00:20:04] [89/459] NYTO
[00:20:05] [90/459] URWC
[00:20:06] [91/459] GTWH
[00:20:06] [92/459] PFCM
[00:20:07] [93/459] KRTA
[00:20:08] [94/459] AXMC
[00:20:09] [95/459] EVMC
[00:20:10] [96/459] HGSM
[00:20:11] [97/459] ACVM
[00:20:12] [98/459] PSKL
[00:20:13] [99/459] RDMP
[00:20:14] [100/459] RHGH
[00:20:15] [101/459] OMCM
[00:20:16] [102/459] DCCP
[00:20:16] [103/459] MCPB
[00:20:17] [104/459] ALCI
[00:20:18] [105/459] BLMX
[00:20:19] [106/459] BTMV
[00:20:20] [107/459] FVPN
[00:20:21] [108/459] CMAR
[00:20:23] [109/459] CEIM
[00:20:24] [110/459] CMVA
[00:20:24] [111/459] CPIV
[00:20:25] [112/459] CNPE
[00:20:26] [113/459] COLV
[00:20:27] [114/459] DNNV
[00:20:29] [115/459] HCAD
[00:20:30] [116/459] TAKA
[00:20:30] [117/459] INVD
[00:20:31] [118/459] IRMM
[00:20:33] [119/459] INSE
[00:20:34] [120/459] MRSW
[00:20:35] [121/459] MCVD
[00:20:36] [122/459] MCSO
[00:20:37] [123/459] PEVM
[00:20:37] [124/459] PVNL
[00:20:39] [125/459] PTCV
[00:20:40] [126/459] PRTC
[00:20:41] [127/459] RCVA
[00:20:42] [128/459] MTBN
[00:20:43] [129/459] LUCP
[00:20:44] [130/459] FMPT
[00:20:44] [131/459] JLSL
[00:20:45] [132/459] SBHA
[00:20:46] [133/459] SHRC
[00:20:47] [134/459] AVPS
[00:20:48] [135/459] STPM
[00:20:49] [136/459] ATRD
[00:20:50] [137/459] VTED
[00:20:51] [138/459] ACAI
[00:20:52] [139/459] SMAE
[00:20:53] [140/459] VMAT
[00:20:53] [141/459] LKCT
[00:20:54] [142/459] JTVK
[00:20:56] [143/459] PRTY
[00:20:57] [144/459] GETT
[00:20:58] [145/459] ESAP
[00:20:59] [146/459] NCPM
[00:21:01] [147/459] PCPA
[00:21:01] [148/459] MMOM
[00:21:02] [149/459] PHUP
[00:21:03] [150/459] CCPI
[00:21:04] [151/459] CNTD
[00:21:06] [152/459] NLJR
[00:21:07] [153/459] SRNG
[00:21:08] [154/459] MHAL
[00:21:09] [155/459] PNSM
[00:21:09] [156/459] DRMY
[00:21:10] [157/459] CCMU
[00:21:11] [158/459] SCMY
[00:21:12] [159/459] PVSY
[00:21:13] [160/459] SDLM
[00:21:14] [161/459] ICCM
[00:21:15] [162/459] PYSU
[00:21:16] [163/459] GATM
[00:21:17] [164/459] WOTM
[00:21:17] [165/459] RKTS
[00:21:18] [166/459] PMTY
[00:21:19] [167/459] LYMS
[00:21:20] [168/459] TGCA
[00:21:21] [169/459] DSTA
[00:21:22] [170/459] CNGE
[00:21:23] [171/459] VSTG
[00:21:23] [172/459] GTCK
[00:21:24] [173/459] TGNT
[00:21:25] [174/459] ASLC
[00:21:26] [175/459] SSST
[00:21:27] [176/459] KBTT
[00:21:28] [177/459] HKCP
[00:21:29] [178/459] SWLC
[00:21:30] [179/459] RTND
[00:21:31] [180/459] PKKT
[00:21:32] [181/459] HSTK
[00:21:32] [182/459] SPTT
[00:21:33] [183/459] IMPM
[00:21:34] [184/459] SCMV
[00:21:35] [185/459] SPCT
[00:21:36] [186/459] JBCA
[00:21:37] [187/459] ATTR
[00:21:38] [188/459] SPMT
[00:21:38] [189/459] LCTM
[00:21:40] [190/459] SCVL
[00:21:42] [191/459] SCVT
[00:21:43] [192/459] KRIC
[00:21:44] [193/459] CTMG
[00:21:45] [194/459] ACNC
[00:21:46] [195/459] DMCK
[00:21:49] [196/459] KMTV
[00:21:50] [197/459] PFCJ
[00:21:51] [198/459] VNMD
[00:21:52] [199/459] VPCZ
[00:21:53] [200/459] SRYR
[00:21:54] [201/459] SYTR
[00:21:55] [202/459] GATR
[00:21:55] [203/459] URTR
[00:21:56] [204/459] MKSM
[00:21:57] [205/459] VSMH
[00:21:58] [206/459] SKRJ
[00:21:59] [207/459] SSJR
[00:22:00] [208/459] SVSM
[00:22:01] [209/459] RUCM
[00:22:02] [210/459] PRKN
[00:22:02] [211/459] RROH
[00:22:03] [212/459] SCTN
[00:22:04] [213/459] RTDM
[00:22:05] [214/459] ASRM
[00:22:06] [215/459] SKMD
[00:22:07] [216/459] SUTD
[00:22:08] [217/459] SADM
[00:22:09] [218/459] WCNR
[00:22:10] [219/459] CNED
[00:22:11] [220/459] MPDB
[00:22:12] [221/459] KTBH
[00:22:13] [222/459] IDRM
[00:22:13] [223/459] PJJT
[00:22:14] [224/459] PFCV
[00:22:15] [225/459] AACT
[00:22:16] [226/459] AAAD
[00:22:17] [227/459] ANES
[00:22:18] [228/459] MNCA
[00:22:19] [229/459] RMGU
[00:22:20] [230/459] DLCN
[00:22:21] [231/459] LJWT
[00:22:22] [232/459] MCBG
[00:22:23] [233/459] MYBG
[00:22:24] [234/459] GCCA
[00:22:25] [235/459] GCGA
[00:22:26] [236/459] ECGN
[00:22:27] [237/459] PRAB
[00:22:28] [238/459] PNMP
[00:22:29] [239/459] GCPT
[00:22:30] [240/459] ROYN
[00:22:31] [241/459] VATM
[00:22:32] [242/459] KSNT
[00:22:33] [243/459] ACTC
[00:22:35] [244/459] PLTD
[00:22:36] [245/459] SKMK
[00:22:37] [246/459] CMTT
[00:22:39] [247/459] SMXP
[00:22:40] [248/459] SCMX
[00:22:41] [249/459] ACXN
[00:22:42] [250/459] ASWT
[00:22:43] [251/459] VVVL
[00:22:43] [252/459] NAGO
[00:22:44] [253/459] SNCN
[00:22:45] [254/459] MCKP
[00:22:46] [255/459] SAMO
[00:22:47] [256/459] JBTV
[00:22:48] [257/459] DCVV
[00:22:49] [258/459] KMSV
[00:22:50] [259/459] KDCN
[00:22:50] [260/459] CNCP
[00:22:51] [261/459] HAMC
[00:22:52] [262/459] CCVZ
[00:22:54] [263/459] NCCK
[00:22:55] [264/459] MCHR
[00:22:56] [265/459] SCHT
[00:22:57] [266/459] ESSH
[00:22:58] [267/459] CUJC
[00:22:59] [268/459] PECP
[00:23:00] [269/459] PMMI
[00:23:00] [270/459] PCCH
[00:23:01] [271/459] PRPM
[00:23:03] [272/459] PVKL
[00:23:04] [273/459] CBSM
[00:23:05] [274/459] PVCZ
[00:23:06] [275/459] PCVV
[00:23:07] [276/459] CTMJ
[00:23:07] [277/459] RCPS
[00:23:08] [278/459] PCIT
[00:23:09] [279/459] FNCH
[00:23:10] [280/459] INZD
[00:23:12] [281/459] INPC
[00:23:13] [282/459] LCZP
[00:23:14] [283/459] SMCB
[00:23:15] [284/459] PTSB
[00:23:15] [285/459] TPSI
[00:23:16] [286/459] KHMJ
[00:23:17] [287/459] RCCJ
[00:23:18] [288/459] NCJA
[00:23:19] [289/459] NCJN
[00:23:20] [290/459] BTDP
[00:23:21] [291/459] PADY
[00:23:22] [292/459] NYBH
[00:23:23] [293/459] MTBR
[00:23:24] [294/459] KRBC
[00:23:25] [295/459] DKTI
[00:23:26] [296/459] ANAN
[00:23:27] [297/459] INBP
[00:23:28] [298/459] PATB
[00:23:29] [299/459] RGNT
[00:23:30] [300/459] CGPM
[00:23:31] [301/459] INTN
[00:23:31] [302/459] MCMP
[00:23:32] [303/459] ASRG
[00:23:33] [304/459] CXJD
[00:23:34] [305/459] SPCP
[00:23:36] [306/459] CSTP
[00:23:37] [307/459] PKVC
[00:23:37] [308/459] ESCP
[00:23:38] [309/459] CAEP
[00:23:39] [310/459] CCSP
[00:23:40] [311/459] KTPC
[00:23:41] [312/459] DACA
[00:23:42] [313/459] NVKY
[00:23:43] [314/459] PTIN
[00:23:44] [315/459] SCIN
[00:23:45] [316/459] MCTY
[00:23:46] [317/459] PCMX
[00:23:47] [318/459] INIC
[00:23:48] [319/459] MMZM
[00:23:49] [320/459] SSLP
[00:23:50] [321/459] DTDT
[00:23:51] [322/459] FFCX
[00:23:52] [323/459] RCMM
[00:23:53] [324/459] KYID
[00:23:54] [325/459] CSCI
[00:23:55] [326/459] FCMC
[00:23:55] [327/459] MMXI
[00:23:56] [328/459] ASTC
[00:23:57] [329/459] CMRA
[00:23:58] [330/459] DICI
[00:23:59] [331/459] KDIN
[00:24:00] [332/459] PRFI
[00:24:01] [333/459] SVFC
[00:24:01] [334/459] UCPL
[00:24:02] [335/459] COOC
[00:24:03] [336/459] SCAL
[00:24:04] [337/459] SVFF
[00:24:05] [338/459] VCMG
[00:24:06] [339/459] UUCT
[00:24:07] [340/459] GCSE
[00:24:07] [341/459] SUSC
[00:24:08] [342/459] MISC
[00:24:09] [343/459] RMBL
[00:24:10] [344/459] CMXN
[00:24:11] [345/459] PVBK
[00:24:12] [346/459] HHCG
[00:24:13] [347/459] SCAG
[00:24:14] [348/459] CNPR
[00:24:15] [349/459] CSER
[00:24:16] [350/459] HLWD
[00:24:17] [351/459] BOLY
[00:24:18] [352/459] SSPG
[00:24:19] [353/459] MUPX
[00:24:21] [354/459] HAMR
[00:24:22] [355/459] SDNC
[00:24:23] [356/459] RTEN
[00:24:24] [357/459] SDTD
[00:24:25] [358/459] KAWS
[00:24:26] [359/459] CMZX
[00:24:27] [360/459] DCDD
[00:24:28] [361/459] ALSN
[00:24:28] [362/459] IMXS
[00:24:29] [363/459] PVFF
[00:24:30] [364/459] PVOO
[00:24:31] [365/459] CFBS
[00:24:32] [366/459] PVER
[00:24:33] [367/459] PPNX
[00:24:34] [368/459] CNRM
[00:24:34] [369/459] PVWW
[00:24:36] [370/459] INMB
[00:24:36] [371/459] CPJR
[00:24:37] [372/459] INRZ
[00:24:38] [373/459] PMSR
[00:24:39] [374/459] GPGM
[00:24:40] [375/459] PGWB
[00:24:41] [376/459] PMBR
[00:24:42] [377/459] GPAM
[00:24:43] [378/459] INBC
[00:24:45] [379/459] PZVK
[00:24:46] [380/459] CPEB
[00:24:47] [381/459] FMLB
[00:24:47] [382/459] INBG
[00:24:48] [383/459] GPBR
[00:24:49] [384/459] PAAS
[00:24:50] [385/459] VTBR
[00:24:51] [386/459] GPMY
[00:24:52] [387/459] GYBU
[00:24:53] [388/459] INBJ
[00:24:54] [389/459] LKTH
[00:24:54] [390/459] NSBR
[00:24:55] [391/459] PDRD
[00:24:56] [392/459] VRBL
[00:24:57] [393/459] VTGB
[00:24:58] [394/459] VTSK
[00:24:59] [395/459] BKDV
[00:25:00] [396/459] SVTB
[00:25:01] [397/459] MLDT
[00:25:02] [398/459] NRBL
[00:25:03] [399/459] SLTR
[00:25:04] [400/459] VNKA
[00:25:05] [401/459] TDCA
[00:25:05] [402/459] INBM
[00:25:06] [403/459] SSNR
[00:25:07] [404/459] BHAC
[00:25:08] [405/459] SDSD
[00:25:09] [406/459] SAMP
[00:25:10] [407/459] RATK
[00:25:10] [408/459] KCBI
[00:25:11] [409/459] URBL
[00:25:12] [410/459] MKBG
[00:25:13] [411/459] ASTB
[00:25:14] [412/459] VBWT
[00:25:15] [413/459] GPSM
[00:25:16] [414/459] ROON
[00:25:17] [415/459] CHTH
[00:25:19] [416/459] SSPA
[00:25:20] [417/459] ANBL
[00:25:21] [418/459] VTBE
[00:25:22] [419/459] SVKT
[00:25:23] [420/459] SVYK
[00:25:24] [421/459] PTBK
[00:25:25] [422/459] RKTB
[00:25:25] [423/459] BALT
[00:25:26] [424/459] STSV
[00:25:27] [425/459] VCCB
[00:25:28] [426/459] SLTB
[00:25:29] [427/459] SBCR
[00:25:30] [428/459] VDCS
[00:25:31] [429/459] MDKI
[00:25:32] [430/459] SMRN
[00:25:33] [431/459] PTBC
[00:25:34] [432/459] RADI
[00:25:34] [433/459] ADCR
[00:25:36] [434/459] SDCS
[00:25:37] [435/459] SRPJ
[00:25:38] [436/459] ARTS
[00:25:39] [437/459] SRHK
[00:25:39] [438/459] SPAY
[00:25:41] [439/459] GPTB
[00:25:42] [440/459] SNNN
[00:25:43] [441/459] BALJ
[00:25:44] [442/459] TRIG
[00:25:45] [443/459] GTYT
[00:25:46] [444/459] ATGN
[00:25:47] [445/459] ANTE
[00:25:48] [446/459] BDCG
[00:25:49] [447/459] VECI
[00:25:51] [448/459] SCPR
[00:25:51] [449/459] RTEA
[00:25:52] [450/459] JSAI
[00:25:53] [451/459] VJTP
[00:25:55] [452/459] GNDS
[00:25:56] [453/459] PAXA
[00:25:56] [454/459] CGGM
[00:25:58] [455/459] ACKZ
[00:25:58] [456/459] EMCC
[00:26:00] [457/459] KLSK
[00:26:01] [458/459] AVCK
[00:26:02] [459/459] JTCK
[00:26:03] ✅ DONE | Shows=0 | Movies=0
