[00:18:55] 🚀 BMS DAILY TRACKER STARTED
[00:18:55] [1/296] CDCA
[00:18:55] 🧠 New identity
[00:18:55] 🔄 Identity reset
[00:18:55] ❌ CDCA | RuntimeError
[00:18:56] [2/296] MNSR
[00:18:56] 🧠 New identity
[00:18:56] 🔄 Identity reset
[00:18:56] ❌ MNSR | RuntimeError
[00:18:57] [3/296] CSSL
[00:18:57] 🧠 New identity
[00:18:57] 🔄 Identity reset
[00:18:57] ❌ CSSL | RuntimeError
[00:18:57] [4/296] BGGM
[00:18:57] 🧠 New identity
[00:18:57] 🔄 Identity reset
[00:18:57] ❌ BGGM | RuntimeError
[00:18:58] [5/296] MANT
[00:18:58] 🧠 New identity
[00:18:58] 🔄 Identity reset
[00:18:58] ❌ MANT | RuntimeError
[00:18:59] [6/296] SOOY
[00:18:59] 🧠 New identity
[00:19:00] [7/296] VPPK
[00:19:01] [8/296] MYHJ
[00:19:02] [9/296] KSCK
[00:19:03] [10/296] KATK
[00:19:04] [11/296] RTRT
[00:19:05] [12/296] SSTT
[00:19:06] [13/296] SSTV
[00:19:06] [14/296] LACM
[00:19:07] [15/296] SGMG
[00:19:08] [16/296] KACX
[00:19:09] [17/296] GVCP
[00:19:11] [18/296] CSNC
[00:19:12] [19/296] SXCB
[00:19:13] [20/296] BAHS
[00:19:14] [21/296] PCBI
[00:19:15] [22/296] PSSM
[00:19:16] [23/296] RCOK
[00:19:17] [24/296] SCPF
[00:19:18] [25/296] SSAS
[00:19:19] [26/296] EVMM
[00:19:20] [27/296] SYCB
[00:19:21] [28/296] GCKI
[00:19:22] [29/296] IAET
[00:19:24] [30/296] DDTD
[00:19:25] [31/296] GMDH
[00:19:26] [32/296] STLE
[00:19:27] [33/296] JTRA
[00:19:27] [34/296] RPPA
[00:19:29] [35/296] ARUT
[00:19:31] [36/296] JTVM
[00:19:32] [37/296] SWRH
[00:19:33] [38/296] DCPC
[00:19:34] [39/296] RAPR
[00:19:35] [40/296] GCRT
[00:19:36] [41/296] ATUN
[00:19:37] [42/296] LTRM
[00:19:38] [43/296] TASR
[00:19:39] [44/296] RLLC
[00:19:40] [45/296] MABI
[00:19:41] [46/296] SVHB
[00:19:41] [47/296] NVTB
[00:19:42] [48/296] KCKG
[00:19:43] [49/296] SSRN
[00:19:44] [50/296] VDDC
[00:19:44] [51/296] GKTK
[00:19:46] [52/296] YFSN
[00:19:47] [53/296] GCSG
[00:19:48] [54/296] ESSM
[00:19:48] [55/296] KRIH
[00:19:49] [56/296] GCDS
[00:19:50] [57/296] CCSH
[00:19:51] [58/296] ACSK
[00:19:53] [59/296] APRK
[00:19:53] [60/296] ADKM
[00:19:54] [61/296] SRDM
[00:19:55] [62/296] RMOG
[00:19:56] [63/296] SJMY
[00:19:57] [64/296] PGGC
[00:19:58] [65/296] INGM
[00:19:58] [66/296] LSCB
[00:19:59] [67/296] STAD
[00:20:00] [68/296] MCCR
[00:20:01] [69/296] ABCC
[00:20:02] [70/296] RKCC
[00:20:03] [71/296] RTCR
[00:20:04] [72/296] GGBC
[00:20:05] [73/296] GCSD
[00:20:06] [74/296] LPTY
[00:20:07] [75/296] MCFD
[00:20:08] [76/296] HENN
[00:20:09] [77/296] SMKU
[00:20:09] [78/296] TNZC
[00:20:10] [79/296] DRCD
[00:20:12] [80/296] DLCD
[00:20:13] [81/296] RCDA
[00:20:14] [82/296] COSM
[00:20:15] [83/296] MCMJ
[00:20:17] [84/296] CSTR
[00:20:18] [85/296] CVDK
[00:20:19] [86/296] INRR
[00:20:20] [87/296] RJRT
[00:20:21] [88/296] IRMR
[00:20:21] [89/296] SRCF
[00:20:23] [90/296] GRCR
[00:20:24] [91/296] SURC
[00:20:25] [92/296] NMNH
[00:20:26] [93/296] SVBL
[00:20:26] [94/296] KACI
[00:20:27] [95/296] TDGO
[00:20:28] [96/296] KTBR
[00:20:29] [97/296] PMAD
[00:20:30] [98/296] CCPN
[00:20:31] [99/296] SBTK
[00:20:32] [100/296] LMDK
[00:20:33] [101/296] PGDA
[00:20:34] [102/296] SRML
[00:20:35] [103/296] EVCK
[00:20:36] [104/296] RTTK
[00:20:37] [105/296] SRTU
[00:20:38] [106/296] VRSA
[00:20:39] [107/296] VARS
[00:20:39] [108/296] DSCZ
[00:20:40] [109/296] GAGA
[00:20:41] [110/296] SARV
[00:20:42] [111/296] SEEG
[00:20:44] [112/296] GLCA
[00:20:45] [113/296] APAS
[00:20:45] [114/296] VCIA
[00:20:46] [115/296] SJTA
[00:20:47] [116/296] SABM
[00:20:48] [117/296] PPAG
[00:20:49] [118/296] RVCA
[00:20:51] [119/296] CCIA
[00:20:52] [120/296] HTAG
[00:20:53] [121/296] SMBI
[00:20:54] [122/296] MCJR
[00:20:55] [123/296] CCJR
[00:20:56] [124/296] SINF
[00:20:56] [125/296] CPLX
[00:20:57] [126/296] KKTJ
[00:20:58] [127/296] GDBW
[00:20:59] [128/296] CSUB
[00:21:00] [129/296] DABA
[00:21:01] [130/296] TITR
[00:21:02] [131/296] NYCR
[00:21:03] [132/296] RTRY
[00:21:04] [133/296] JTJL
[00:21:06] [134/296] SJCP
[00:21:06] [135/296] KCCA
[00:21:07] [136/296] MLPG
[00:21:08] [137/296] VRCK
[00:21:09] [138/296] SRIN
[00:21:10] [139/296] CXMK
[00:21:11] [140/296] SKAD
[00:21:13] [141/296] AVTR
[00:21:14] [142/296] PTAJ
[00:21:15] [143/296] SCNK
[00:21:17] [144/296] STTI
[00:21:19] [145/296] KACR
[00:21:20] [146/296] SSDX
[00:21:21] [147/296] VRTJ
[00:21:21] [148/296] RAJD
[00:21:22] [149/296] SCIP
[00:21:23] [150/296] RJSL
[00:21:24] [151/296] ARRS
[00:21:25] [152/296] ASMS
[00:21:26] [153/296] RDTS
[00:21:26] [154/296] DVMY
[00:21:27] [155/296] RASA
[00:21:28] [156/296] INOM
[00:21:29] [157/296] SPRS
[00:21:30] [158/296] SGCS
[00:21:31] [159/296] SALM
[00:21:32] [160/296] PKHC
[00:21:32] [161/296] RCSV
[00:21:33] [162/296] CPKC
[00:21:34] [163/296] AACD
[00:21:35] [164/296] GGCV
[00:21:36] [165/296] SMKD
[00:21:37] [166/296] NBCH
[00:21:38] [167/296] AMCB
[00:21:39] [168/296] OPCN
[00:21:40] [169/296] DCIN
[00:21:41] [170/296] INGW
[00:21:42] [171/296] PKKW
[00:21:43] [172/296] FNGW
[00:21:44] [173/296] GCGD
[00:21:45] [174/296] MSTW
[00:21:46] [175/296] KCCG
[00:21:47] [176/296] MRSS
[00:21:48] [177/296] CLCF
[00:21:48] [178/296] EETS
[00:21:49] [179/296] AATR
[00:21:50] [180/296] CMMN
[00:21:51] [181/296] SCCJ
[00:21:51] [182/296] CDTK
[00:21:53] [183/296] AICP
[00:21:54] [184/296] FNBP
[00:21:55] [185/296] CBPB
[00:21:56] [186/296] CPAS
[00:21:57] [187/296] MAPM
[00:21:58] [188/296] PASD
[00:22:00] [189/296] JCMN
[00:22:01] [190/296] MALB
[00:22:02] [191/296] SACG
[00:22:04] [192/296] DDRX
[00:22:05] [193/296] DDXB
[00:22:05] [194/296] RAMC
[00:22:06] [195/296] SANC
[00:22:07] [196/296] BCBP
[00:22:08] [197/296] ALPC
[00:22:09] [198/296] RBAC
[00:22:10] [199/296] RAJL
[00:22:11] [200/296] MPDX
[00:22:12] [201/296] MUSC
[00:22:12] [202/296] VKMK
[00:22:14] [203/296] SKCG
[00:22:15] [204/296] ANCN
[00:22:15] [205/296] MMCJ
[00:22:16] [206/296] DCAK
[00:22:17] [207/296] SCKG
[00:22:18] [208/296] LMCK
[00:22:19] [209/296] CKKX
[00:22:20] [210/296] ANKU
[00:22:22] [211/296] CSMD
[00:22:23] [212/296] MKMP
[00:22:23] [213/296] SVBG
[00:22:24] [214/296] ROOP
[00:22:25] [215/296] GDMT
[00:22:26] [216/296] FPPF
[00:22:27] [217/296] SFUU
[00:22:28] [218/296] ANCB
[00:22:29] [219/296] SMMC
[00:22:29] [220/296] UGKT
[00:22:30] [221/296] JVRM
[00:22:31] [222/296] BATG
[00:22:32] [223/296] RATE
[00:22:33] [224/296] SKME
[00:22:34] [225/296] LMTP
[00:22:35] [226/296] TCBD
[00:22:35] [227/296] ESBD
[00:22:36] [228/296] GDCU
[00:22:37] [229/296] SNKT
[00:22:38] [230/296] SRNK
[00:22:39] [231/296] SMED
[00:22:41] [232/296] CSQS
[00:22:42] [233/296] ALCS
[00:22:43] [234/296] KCKN
[00:22:44] [235/296] VCCL
[00:22:45] [236/296] MCDA
[00:22:46] [237/296] SHMI
[00:22:46] [238/296] SKHA
[00:22:47] [239/296] SVFK
[00:22:49] [240/296] INVB
[00:22:49] [241/296] MELD
[00:22:50] [242/296] JTYS
[00:22:51] [243/296] INCM
[00:22:52] [244/296] MCDV
[00:22:53] [245/296] KSGK
[00:22:54] [246/296] ICMG
[00:22:55] [247/296] CSCV
[00:22:56] [248/296] STMD
[00:22:56] [249/296] STTR
[00:22:58] [250/296] INVC
[00:22:58] [251/296] JTBL
[00:22:59] [252/296] SRVV
[00:23:00] [253/296] MAVC
[00:23:02] [254/296] SRPP
[00:23:03] [255/296] JGDM
[00:23:04] [256/296] MBSJ
[00:23:05] [257/296] SSLL
[00:23:07] [258/296] SLKP
[00:23:08] [259/296] NSRV
[00:23:09] [260/296] UTDV
[00:23:10] [261/296] KICM
[00:23:11] [262/296] KCMD
[00:23:13] [263/296] TTPP
[00:23:14] [264/296] KMPV
[00:23:15] [265/296] SKTV
[00:23:16] [266/296] STCV
[00:23:17] [267/296] SRDA
[00:23:18] [268/296] JTSX
[00:23:19] [269/296] STBV
[00:23:20] [270/296] APVZ
[00:23:21] [271/296] GSTV
[00:23:22] [272/296] NMVS
[00:23:23] [273/296] SKRT
[00:23:24] [274/296] RMDV
[00:23:25] [275/296] RATG
[00:23:26] [276/296] SJYV
[00:23:27] [277/296] NDGP
[00:23:28] [278/296] SNDG
[00:23:30] [279/296] INSR
[00:23:31] [280/296] INSO
[00:23:31] [281/296] CCSI
[00:23:32] [282/296] RASM
[00:23:33] [283/296] NEWC
[00:23:34] [284/296] VSHL
[00:23:35] [285/296] BISW
[00:23:36] [286/296] GCNG
[00:23:37] [287/296] CWSC
[00:23:37] [288/296] SKAN
[00:23:38] [289/296] SEHP
[00:23:39] [290/296] CCOA
[00:23:40] [291/296] MCAJ
[00:23:41] [292/296] ACDE
[00:23:42] [293/296] AACM
[00:23:43] [294/296] JJCK
[00:23:44] [295/296] RCMO
[00:23:45] [296/296] GDAW
[00:23:46] ✅ DONE | Shows=0 | Movies=0
