[00:18:53] 🚀 BMS DAILY TRACKER STARTED
[00:18:53] [1/459] MBDC
[00:18:53] 🧠 New identity
[00:18:53] 🔄 Identity reset
[00:18:53] ❌ MBDC | RuntimeError
[00:18:53] [2/459] CHKM
[00:18:53] 🧠 New identity
[00:18:53] 🔄 Identity reset
[00:18:53] ❌ CHKM | RuntimeError
[00:18:54] [3/459] JTKZ
[00:18:54] 🧠 New identity
[00:18:54] 🔄 Identity reset
[00:18:54] ❌ JTKZ | RuntimeError
[00:18:54] [4/459] CMCT
[00:18:54] 🧠 New identity
[00:18:55] 🔄 Identity reset
[00:18:55] ❌ CMCT | RuntimeError
[00:18:55] [5/459] ASHO
[00:18:55] 🧠 New identity
[00:18:55] 🔄 Identity reset
[00:18:55] ❌ ASHO | RuntimeError
[00:18:56] [6/459] ECDG
[00:18:56] 🧠 New identity
[00:18:56] 🔄 Identity reset
[00:18:56] ❌ ECDG | RuntimeError
[00:18:57] [7/459] SPAT
[00:18:57] 🧠 New identity
[00:18:57] 🔄 Identity reset
[00:18:57] ❌ SPAT | RuntimeError
[00:18:57] [8/459] HILC
[00:18:57] 🧠 New identity
[00:18:58] 🔄 Identity reset
[00:18:58] ❌ HILC | RuntimeError
[00:18:58] [9/459] SPPH
[00:18:58] 🧠 New identity
[00:18:58] 🔄 Identity reset
[00:18:58] ❌ SPPH | RuntimeError
[00:18:59] [10/459] SBHN
[00:18:59] 🧠 New identity
[00:18:59] 🔄 Identity reset
[00:18:59] ❌ SBHN | RuntimeError
[00:19:00] [11/459] RRCA
[00:19:00] 🧠 New identity
[00:19:00] 🔄 Identity reset
[00:19:00] ❌ RRCA | RuntimeError
[00:19:00] [12/459] APAA
[00:19:00] 🧠 New identity
[00:19:00] 🔄 Identity reset
[00:19:00] ❌ APAA | RuntimeError
[00:19:01] [13/459] RAME
[00:19:01] 🧠 New identity
[00:19:01] 🔄 Identity reset
[00:19:01] ❌ RAME | RuntimeError
[00:19:02] [14/459] TMMS
[00:19:02] 🧠 New identity
[00:19:02] 🔄 Identity reset
[00:19:02] ❌ TMMS | RuntimeError
[00:19:02] [15/459] BATK
[00:19:02] 🧠 New identity
[00:19:02] 🔄 Identity reset
[00:19:02] ❌ BATK | RuntimeError
[00:19:03] [16/459] LKOP
[00:19:03] 🧠 New identity
[00:19:03] 🔄 Identity reset
[00:19:03] ❌ LKOP | RuntimeError
[00:19:04] [17/459] AMTT
[00:19:04] 🧠 New identity
[00:19:04] 🔄 Identity reset
[00:19:04] ❌ AMTT | RuntimeError
[00:19:04] [18/459] PTGK
[00:19:04] 🧠 New identity
[00:19:05] 🔄 Identity reset
[00:19:05] ❌ PTGK | RuntimeError
[00:19:05] [19/459] ANRS
[00:19:05] 🧠 New identity
[00:19:05] 🔄 Identity reset
[00:19:05] ❌ ANRS | RuntimeError
[00:19:06] [20/459] VWBW
[00:19:06] 🧠 New identity
[00:19:06] 🔄 Identity reset
[00:19:06] ❌ VWBW | RuntimeError
[00:19:07] [21/459] SVFG
[00:19:07] 🧠 New identity
[00:19:07] 🔄 Identity reset
[00:19:07] ❌ SVFG | RuntimeError
[00:19:07] [22/459] STAT
[00:19:07] 🧠 New identity
[00:19:07] 🔄 Identity reset
[00:19:07] ❌ STAT | RuntimeError
[00:19:08] [23/459] GDCV
[00:19:08] 🧠 New identity
[00:19:08] 🔄 Identity reset
[00:19:08] ❌ GDCV | RuntimeError
[00:19:09] [24/459] VEBI
[00:19:09] 🧠 New identity
[00:19:09] 🔄 Identity reset
[00:19:09] ❌ VEBI | RuntimeError
[00:19:10] [25/459] VDSS
[00:19:10] 🧠 New identity
[00:19:10] 🔄 Identity reset
[00:19:10] ❌ VDSS | RuntimeError
[00:19:10] [26/459] NTHV
[00:19:10] 🧠 New identity
[00:19:10] 🔄 Identity reset
[00:19:10] ❌ NTHV | RuntimeError
[00:19:11] [27/459] AOCH
[00:19:11] 🧠 New identity
[00:19:11] 🔄 Identity reset
[00:19:11] ❌ AOCH | RuntimeError
[00:19:12] [28/459] KASR
[00:19:12] 🧠 New identity
[00:19:12] 🔄 Identity reset
[00:19:12] ❌ KASR | RuntimeError
[00:19:12] [29/459] AYCS
[00:19:12] 🧠 New identity
[00:19:12] 🔄 Identity reset
[00:19:12] ❌ AYCS | RuntimeError
[00:19:13] [30/459] SHAI
[00:19:13] 🧠 New identity
[00:19:13] 🔄 Identity reset
[00:19:13] ❌ SHAI | RuntimeError
[00:19:14] [31/459] SKPE
[00:19:14] 🧠 New identity
[00:19:14] 🔄 Identity reset
[00:19:14] ❌ SKPE | RuntimeError
[00:19:14] [32/459] SBTA
[00:19:14] 🧠 New identity
[00:19:14] 🔄 Identity reset
[00:19:14] ❌ SBTA | RuntimeError
[00:19:15] [33/459] RTTD
[00:19:15] 🧠 New identity
[00:19:15] 🔄 Identity reset
[00:19:15] ❌ RTTD | RuntimeError
[00:19:16] [34/459] CCJD
[00:19:16] 🧠 New identity
[00:19:16] 🔄 Identity reset
[00:19:16] ❌ CCJD | RuntimeError
[00:19:16] [35/459] RSJJ
[00:19:16] 🧠 New identity
[00:19:17] 🔄 Identity reset
[00:19:17] ❌ RSJJ | RuntimeError
[00:19:17] [36/459] RKND
[00:19:17] 🧠 New identity
[00:19:17] 🔄 Identity reset
[00:19:17] ❌ RKND | RuntimeError
[00:19:18] [37/459] SVTX
[00:19:18] 🧠 New identity
[00:19:18] 🔄 Identity reset
[00:19:18] ❌ SVTX | RuntimeError
[00:19:19] [38/459] BAKM
[00:19:19] 🧠 New identity
[00:19:19] 🔄 Identity reset
[00:19:19] ❌ BAKM | RuntimeError
[00:19:20] [39/459] SVDC
[00:19:20] 🧠 New identity
[00:19:20] 🔄 Identity reset
[00:19:20] ❌ SVDC | RuntimeError
[00:19:20] [40/459] MNCV
[00:19:20] 🧠 New identity
[00:19:21] 🔄 Identity reset
[00:19:21] ❌ MNCV | RuntimeError
[00:19:21] [41/459] SJGC
[00:19:21] 🧠 New identity
[00:19:21] 🔄 Identity reset
[00:19:21] ❌ SJGC | RuntimeError
[00:19:22] [42/459] MTPK
[00:19:22] 🧠 New identity
[00:19:22] 🔄 Identity reset
[00:19:22] ❌ MTPK | RuntimeError
[00:19:22] [43/459] GATP
[00:19:22] 🧠 New identity
[00:19:23] 🔄 Identity reset
[00:19:23] ❌ GATP | RuntimeError
[00:19:23] [44/459] ABTS
[00:19:23] 🧠 New identity
[00:19:23] 🔄 Identity reset
[00:19:23] ❌ ABTS | RuntimeError
[00:19:24] [45/459] ABDE
[00:19:24] 🧠 New identity
[00:19:24] 🔄 Identity reset
[00:19:24] ❌ ABDE | RuntimeError
[00:19:24] [46/459] RCNM
[00:19:24] 🧠 New identity
[00:19:25] 🔄 Identity reset
[00:19:25] ❌ RCNM | RuntimeError
[00:19:25] [47/459] KTHV
[00:19:25] 🧠 New identity
[00:19:25] 🔄 Identity reset
[00:19:25] ❌ KTHV | RuntimeError
[00:19:26] [48/459] MDGJ
[00:19:26] 🧠 New identity
[00:19:26] 🔄 Identity reset
[00:19:26] ❌ MDGJ | RuntimeError
[00:19:26] [49/459] SMLM
[00:19:26] 🧠 New identity
[00:19:26] 🔄 Identity reset
[00:19:26] ❌ SMLM | RuntimeError
[00:19:27] [50/459] JTMA
[00:19:27] 🧠 New identity
[00:19:27] 🔄 Identity reset
[00:19:27] ❌ JTMA | RuntimeError
[00:19:28] [51/459] ACKP
[00:19:28] 🧠 New identity
[00:19:28] 🔄 Identity reset
[00:19:28] ❌ ACKP | RuntimeError
[00:19:28] [52/459] SRTA
[00:19:28] 🧠 New identity
[00:19:28] 🔄 Identity reset
[00:19:28] ❌ SRTA | RuntimeError
[00:19:29] [53/459] STAY
[00:19:29] 🧠 New identity
[00:19:29] 🔄 Identity reset
[00:19:29] ❌ STAY | RuntimeError
[00:19:29] [54/459] MAVO
[00:19:29] 🧠 New identity
[00:19:30] 🔄 Identity reset
[00:19:30] ❌ MAVO | RuntimeError
[00:19:30] [55/459] APTS
[00:19:30] 🧠 New identity
[00:19:30] 🔄 Identity reset
[00:19:30] ❌ APTS | RuntimeError
[00:19:31] [56/459] OMEA
[00:19:31] 🧠 New identity
[00:19:31] 🔄 Identity reset
[00:19:31] ❌ OMEA | RuntimeError
[00:19:32] [57/459] TTFD
[00:19:32] 🧠 New identity
[00:19:32] 🔄 Identity reset
[00:19:32] ❌ TTFD | RuntimeError
[00:19:32] [58/459] MJCU
[00:19:32] 🧠 New identity
[00:19:32] 🔄 Identity reset
[00:19:32] ❌ MJCU | RuntimeError
[00:19:33] [59/459] CXTE
[00:19:33] 🧠 New identity
[00:19:33] 🔄 Identity reset
[00:19:33] ❌ CXTE | RuntimeError
[00:19:34] [60/459] CTPX
[00:19:34] 🧠 New identity
[00:19:34] 🔄 Identity reset
[00:19:34] ❌ CTPX | RuntimeError
[00:19:35] [61/459] ASSL
[00:19:35] 🧠 New identity
[00:19:35] 🔄 Identity reset
[00:19:35] ❌ ASSL | RuntimeError
[00:19:35] [62/459] CMVB
[00:19:35] 🧠 New identity
[00:19:36] 🔄 Identity reset
[00:19:36] ❌ CMVB | RuntimeError
[00:19:36] [63/459] VPUR
[00:19:36] 🧠 New identity
[00:19:36] 🔄 Identity reset
[00:19:36] ❌ VPUR | RuntimeError
[00:19:37] [64/459] JJDA
[00:19:37] 🧠 New identity
[00:19:37] 🔄 Identity reset
[00:19:37] ❌ JJDA | RuntimeError
[00:19:38] [65/459] INBL
[00:19:38] 🧠 New identity
[00:19:38] 🔄 Identity reset
[00:19:38] ❌ INBL | RuntimeError
[00:19:38] [66/459] BIKB
[00:19:38] 🧠 New identity
[00:19:39] 🔄 Identity reset
[00:19:39] ❌ BIKB | RuntimeError
[00:19:39] [67/459] NTBB
[00:19:39] 🧠 New identity
[00:19:39] 🔄 Identity reset
[00:19:39] ❌ NTBB | RuntimeError
[00:19:40] [68/459] GLOB
[00:19:40] 🧠 New identity
[00:19:40] 🔄 Identity reset
[00:19:40] ❌ GLOB | RuntimeError
[00:19:41] [69/459] SNTB
[00:19:41] 🧠 New identity
[00:19:41] 🔄 Identity reset
[00:19:41] ❌ SNTB | RuntimeError
[00:19:41] [70/459] CHGV
[00:19:41] 🧠 New identity
[00:19:41] 🔄 Identity reset
[00:19:41] ❌ CHGV | RuntimeError
[00:19:42] [71/459] SSBZ
[00:19:42] 🧠 New identity
[00:19:42] 🔄 Identity reset
[00:19:42] ❌ SSBZ | RuntimeError
[00:19:43] [72/459] PRDB
[00:19:43] 🧠 New identity
[00:19:43] 🔄 Identity reset
[00:19:43] ❌ PRDB | RuntimeError
[00:19:44] [73/459] ISMT
[00:19:44] 🧠 New identity
[00:19:44] 🔄 Identity reset
[00:19:44] ❌ ISMT | RuntimeError
[00:19:44] [74/459] MCSD
[00:19:44] 🧠 New identity
[00:19:45] 🔄 Identity reset
[00:19:45] ❌ MCSD | RuntimeError
[00:19:45] [75/459] JBTT
[00:19:45] 🧠 New identity
[00:19:45] 🔄 Identity reset
[00:19:45] ❌ JBTT | RuntimeError
[00:19:46] [76/459] GEKR
[00:19:46] 🧠 New identity
[00:19:46] 🔄 Identity reset
[00:19:46] ❌ GEKR | RuntimeError
[00:19:46] [77/459] PVUN
[00:19:46] 🧠 New identity
[00:19:47] 🔄 Identity reset
[00:19:47] ❌ PVUN | RuntimeError
[00:19:47] [78/459] NRTB
[00:19:47] 🧠 New identity
[00:19:48] [79/459] PRAA
[00:19:49] [80/459] PCBL
[00:19:50] [81/459] PTCM
[00:19:51] [82/459] KHNN
[00:19:52] [83/459] OMJE
[00:19:53] [84/459] STGN
[00:19:54] [85/459] RPMS
[00:19:55] [86/459] NWAD
[00:19:56] [87/459] BLCK
[00:19:57] [88/459] SVAA
[00:19:58] [89/459] URVM
[00:20:00] [90/459] ANTM
[00:20:00] [91/459] VJYM
[00:20:02] [92/459] MAZZ
[00:20:03] [93/459] CSHM
[00:20:04] [94/459] WGMH
[00:20:05] [95/459] SALN
[00:20:06] [96/459] BRTP
[00:20:06] [97/459] SVTA
[00:20:07] [98/459] SBTP
[00:20:08] [99/459] VLSS
[00:20:09] [100/459] SRJA
[00:20:12] [101/459] ANCG
[00:20:13] [102/459] CGGC
[00:20:14] [103/459] CRJA
[00:20:15] [104/459] USCR
[00:20:16] [105/459] MMEF
[00:20:18] [106/459] JCRJ
[00:20:18] [107/459] ADCM
[00:20:19] [108/459] BMYK
[00:20:20] [109/459] KICS
[00:20:21] [110/459] MBBT
[00:20:22] [111/459] MACK
[00:20:23] [112/459] CLDR
[00:20:25] [113/459] JYCR
[00:20:25] [114/459] DCRP
[00:20:26] [115/459] RAHT
[00:20:27] [116/459] CSSM
[00:20:28] [117/459] ATPK
[00:20:29] [118/459] KLRT
[00:20:30] [119/459] SRDD
[00:20:31] [120/459] CKMC
[00:20:32] [121/459] KRVM
[00:20:33] [122/459] AKCP
[00:20:34] [123/459] CNCV
[00:20:35] [124/459] PACT
[00:20:36] [125/459] NATP
[00:20:37] [126/459] PCPK
[00:20:38] [127/459] SMHO
[00:20:39] [128/459] CWTK
[00:20:40] [129/459] RVKZ
[00:20:41] [130/459] ASPD
[00:20:43] [131/459] VTKZ
[00:20:44] [132/459] LCSO
[00:20:45] [133/459] PRDY
[00:20:46] [134/459] RCAP
[00:20:47] [135/459] RGAR
[00:20:48] [136/459] RCAC
[00:20:49] [137/459] PMOD
[00:20:50] [138/459] PVCN
[00:20:51] [139/459] SCRZ
[00:20:52] [140/459] PVPC
[00:20:53] [141/459] STID
[00:20:54] [142/459] NEDD
[00:20:55] [143/459] BNBA
[00:20:56] [144/459] NTCD
[00:20:57] [145/459] OCDE
[00:20:58] [146/459] CCDU
[00:20:59] [147/459] CRXH
[00:21:00] [148/459] VLVT
[00:21:01] [149/459] CICI
[00:21:03] [150/459] SUCB
[00:21:04] [151/459] TCBP
[00:21:05] [152/459] SCCY
[00:21:06] [153/459] LXCY
[00:21:06] [154/459] NCMD
[00:21:07] [155/459] PHCS
[00:21:08] [156/459] DUXR
[00:21:09] [157/459] VNKS
[00:21:10] [158/459] SEDP
[00:21:11] [159/459] SVEN
[00:21:12] [160/459] SRKM
[00:21:13] [161/459] JTLT
[00:21:14] [162/459] SVSS
[00:21:15] [163/459] AMDE
[00:21:16] [164/459] WVRN
[00:21:18] [165/459] ISMG
[00:21:19] [166/459] WVKS
[00:21:20] [167/459] USCG
[00:21:22] [168/459] IOTG
[00:21:23] [169/459] RRJM
[00:21:25] [170/459] EDMP
[00:21:25] [171/459] SCGZ
[00:21:26] [172/459] GMGX
[00:21:28] [173/459] OMTP
[00:21:28] [174/459] MITD
[00:21:29] [175/459] SMMD
[00:21:30] [176/459] STML
[00:21:31] [177/459] MCFS
[00:21:32] [178/459] FPKA
[00:21:33] [179/459] OMLR
[00:21:34] [180/459] KKSC
[00:21:35] [181/459] RVMA
[00:21:36] [182/459] SCLL
[00:21:37] [183/459] SCDK
[00:21:38] [184/459] SXMI
[00:21:39] [185/459] SHDN
[00:21:39] [186/459] PAAD
[00:21:41] [187/459] UUCB
[00:21:41] [188/459] JHOL
[00:21:43] [189/459] SGWT
[00:21:44] [190/459] SRII
[00:21:45] [191/459] SGCK
[00:21:46] [192/459] SVVB
[00:21:47] [193/459] DMHA
[00:21:48] [194/459] PPNL
[00:21:49] [195/459] CPNL
[00:21:50] [196/459] WVLD
[00:21:51] [197/459] PSLV
[00:21:51] [198/459] VTTL
[00:21:52] [199/459] NPAD
[00:21:53] [200/459] PVCS
[00:21:54] [201/459] MCHL
[00:21:55] [202/459] PPLL
[00:21:56] [203/459] MALO
[00:21:56] [204/459] SWBH
[00:21:58] [205/459] PUGB
[00:21:59] [206/459] INBB
[00:21:59] [207/459] INNS
[00:22:00] [208/459] MCPT
[00:22:02] [209/459] SCMI
[00:22:02] [210/459] OCON
[00:22:04] [211/459] SCSM
[00:22:04] [212/459] RJVN
[00:22:05] [213/459] AMDK
[00:22:06] [214/459] ISMR
[00:22:07] [215/459] SMTD
[00:22:08] [216/459] VTDD
[00:22:09] [217/459] PDDZ
[00:22:09] [218/459] PCCK
[00:22:10] [219/459] INAM
[00:22:11] [220/459] FNKT
[00:22:12] [221/459] GDKA
[00:22:14] [222/459] MAYU
[00:22:15] [223/459] TCGU
[00:22:16] [224/459] KDCA
[00:22:17] [225/459] DOMY
[00:22:18] [226/459] PDDD
[00:22:19] [227/459] BJTS
[00:22:20] [228/459] VTCA
[00:22:21] [229/459] SBTM
[00:22:22] [230/459] SEET
[00:22:23] [231/459] SSTJ
[00:22:24] [232/459] SVNT
[00:22:26] [233/459] PPPR
[00:22:26] [234/459] PVYS
[00:22:27] [235/459] IOSE
[00:22:28] [236/459] ACTV
[00:22:29] [237/459] APVE
[00:22:30] [238/459] TCCL
[00:22:31] [239/459] SCMO
[00:22:33] [240/459] SAUM
[00:22:33] [241/459] KCJS
[00:22:34] [242/459] NJCJ
[00:22:35] [243/459] NECF
[00:22:36] [244/459] CCGW
[00:22:37] [245/459] CCMG
[00:22:38] [246/459] NYRG
[00:22:39] [247/459] NCSQ
[00:22:40] [248/459] GRCG
[00:22:41] [249/459] CCBT
[00:22:43] [250/459] ACGA
[00:22:44] [251/459] INAG
[00:22:45] [252/459] FUCG
[00:22:46] [253/459] AICF
[00:22:46] [254/459] GRGA
[00:22:47] [255/459] GDCN
[00:22:48] [256/459] RRCG
[00:22:49] [257/459] SDCH
[00:22:50] [258/459] WVJM
[00:22:51] [259/459] JCCZ
[00:22:52] [260/459] CNCL
[00:22:54] [261/459] TMLV
[00:22:55] [262/459] MEMB
[00:22:55] [263/459] SGTD
[00:22:56] [264/459] CONX
[00:22:57] [265/459] CCMH
[00:22:58] [266/459] ACMC
[00:22:59] [267/459] DTPD
[00:23:00] [268/459] POJA
[00:23:01] [269/459] FNBH
[00:23:03] [270/459] CGCB
[00:23:03] [271/459] RACN
[00:23:04] [272/459] JTSM
[00:23:05] [273/459] SCDN
[00:23:07] [274/459] AACK
[00:23:08] [275/459] RMCE
[00:23:08] [276/459] BSGB
[00:23:09] [277/459] MRCB
[00:23:10] [278/459] SRVR
[00:23:11] [279/459] VTKK
[00:23:12] [280/459] AMST
[00:23:13] [281/459] APCY
[00:23:14] [282/459] LMHO
[00:23:16] [283/459] MTZH
[00:23:17] [284/459] AMZB
[00:23:17] [285/459] SUVT
[00:23:18] [286/459] RCIP
[00:23:19] [287/459] KESR
[00:23:20] [288/459] SNKC
[00:23:22] [289/459] SCED
[00:23:23] [290/459] DVCA
[00:23:24] [291/459] VCDT
[00:23:25] [292/459] RRDI
[00:23:26] [293/459] DFCH
[00:23:27] [294/459] INSC
[00:23:28] [295/459] RGTR
[00:23:29] [296/459] FMOT
[00:23:29] [297/459] SCPM
[00:23:31] [298/459] GCDT
[00:23:31] [299/459] BRKT
[00:23:33] [300/459] DEMP
[00:23:33] [301/459] SRLC
[00:23:35] [302/459] KSTT
[00:23:36] [303/459] SMMT
[00:23:37] [304/459] SILM
[00:23:38] [305/459] JCVM
[00:23:40] [306/459] KCSV
[00:23:40] [307/459] MHLK
[00:23:42] [308/459] SLVL
[00:23:42] [309/459] RJKP
[00:23:43] [310/459] BBPC
[00:23:44] [311/459] MXCB
[00:23:45] [312/459] TCPK
[00:23:46] [313/459] RTBR
[00:23:47] [314/459] GAUT
[00:23:47] [315/459] DVCF
[00:23:48] [316/459] JTSB
[00:23:49] [317/459] SBLS
[00:23:50] [318/459] UDAY
[00:23:52] [319/459] PTNP
[00:23:54] [320/459] DMKT
[00:23:55] [321/459] NTDT
[00:23:56] [322/459] SHDJ
[00:23:57] [323/459] OTNC
[00:23:57] [324/459] RNTW
[00:23:58] [325/459] GCMI
[00:23:59] [326/459] CRCM
[00:24:00] [327/459] NNCZ
[00:24:00] [328/459] OEMO
[00:24:01] [329/459] PVJM
[00:24:03] [330/459] CPJI
[00:24:04] [331/459] RMCJ
[00:24:05] [332/459] CNWJ
[00:24:06] [333/459] EPJM
[00:24:07] [334/459] FNJJ
[00:24:08] [335/459] GCMJ
[00:24:10] [336/459] INPS
[00:24:10] [337/459] BICJ
[00:24:11] [338/459] ISTJ
[00:24:12] [339/459] INJC
[00:24:13] [340/459] GLXJ
[00:24:14] [341/459] INEM
[00:24:16] [342/459] JTMN
[00:24:17] [343/459] FRCJ
[00:24:18] [344/459] DDJP
[00:24:19] [345/459] INJV
[00:24:20] [346/459] GOLC
[00:24:22] [347/459] KOCI
[00:24:22] [348/459] FSTD
[00:24:24] [349/459] PACJ
[00:24:25] [350/459] GMCN
[00:24:26] [351/459] MMDJ
[00:24:27] [352/459] GODH
[00:24:29] [353/459] SKYN
[00:24:30] [354/459] NCTH
[00:24:31] [355/459] SKVZ
[00:24:32] [356/459] SVML
[00:24:33] [357/459] ACVZ
[00:24:34] [358/459] SURA
[00:24:35] [359/459] RTRB
[00:24:36] [360/459] LLCT
[00:24:37] [361/459] ATTS
[00:24:38] [362/459] JYCM
[00:24:39] [363/459] CTKR
[00:24:41] [364/459] LCKR
[00:24:41] [365/459] NYCV
[00:24:42] [366/459] NYOH
[00:24:43] [367/459] NOVX
[00:24:44] [368/459] MRGK
[00:24:45] [369/459] MOON
[00:24:45] [370/459] SBUC
[00:24:46] [371/459] GSVA
[00:24:48] [372/459] VIAK
[00:24:49] [373/459] SMVZ
[00:24:50] [374/459] MATE
[00:24:51] [375/459] RDCN
[00:24:52] [376/459] ASBL
[00:24:53] [377/459] ASVS
[00:24:53] [378/459] ASSR
[00:24:55] [379/459] SSKN
[00:24:56] [380/459] DRPV
[00:24:56] [381/459] MRHT
[00:24:57] [382/459] BSCN
[00:24:58] [383/459] RKNX
[00:24:59] [384/459] MSMC
[00:25:00] [385/459] MSCJ
[00:25:01] [386/459] BTBJ
[00:25:02] [387/459] MJCC
[00:25:03] [388/459] IOMM
[00:25:04] [389/459] ADGR
[00:25:05] [390/459] MYCP
[00:25:06] [391/459] IGCM
[00:25:07] [392/459] PGRK
[00:25:07] [393/459] VPGO
[00:25:08] [394/459] KOMS
[00:25:10] [395/459] URGG
[00:25:11] [396/459] GOST
[00:25:11] [397/459] LACT
[00:25:13] [398/459] BWCM
[00:25:14] [399/459] NCCW
[00:25:15] [400/459] SKYC
[00:25:16] [401/459] CCPM
[00:25:17] [402/459] VCBT
[00:25:18] [403/459] SDKR
[00:25:19] [404/459] CTYB
[00:25:20] [405/459] SHCX
[00:25:21] [406/459] RCUN
[00:25:21] [407/459] CNRA
[00:25:22] [408/459] RFCA
[00:25:23] [409/459] RDCU
[00:25:24] [410/459] SARK
[00:25:26] [411/459] SPPP
[00:25:27] [412/459] ADMB
[00:25:27] [413/459] JYOE
[00:25:28] [414/459] SRMD
[00:25:30] [415/459] RJDH
[00:25:31] [416/459] SSTD
[00:25:32] [417/459] AACV
[00:25:33] [418/459] PPVD
[00:25:34] [419/459] STCP
[00:25:35] [420/459] ANJR
[00:25:36] [421/459] ANLS
[00:25:37] [422/459] BIJO
[00:25:38] [423/459] AVAB
[00:25:39] [424/459] SPMD
[00:25:40] [425/459] SVJL
[00:25:41] [426/459] SDDJ
[00:25:42] [427/459] SLTU
[00:25:43] [428/459] SAKA
[00:25:44] [429/459] PMAM
[00:25:45] [430/459] FNAM
[00:25:46] [431/459] ACAM
[00:25:47] [432/459] SCMM
[00:25:48] [433/459] PMAK
[00:25:49] [434/459] NYSA
[00:25:50] [435/459] FCPA
[00:25:51] [436/459] GDAN
[00:25:52] [437/459] RSCA
[00:25:53] [438/459] DMAN
[00:25:55] [439/459] DZCM
[00:25:56] [440/459] NSGL
[00:25:56] [441/459] CCPP
[00:25:57] [442/459] PSMG
[00:25:58] [443/459] GSER
[00:25:59] [444/459] FCCT
[00:26:00] [445/459] FCTB
[00:26:01] [446/459] LCNK
[00:26:02] [447/459] SKTY
[00:26:03] [448/459] INAA
[00:26:04] [449/459] RCWN
[00:26:05] [450/459] VAIS
[00:26:06] [451/459] CVMN
[00:26:07] [452/459] INTS
[00:26:08] [453/459] FRGS
[00:26:09] [454/459] DTCK
[00:26:09] [455/459] MCMH
[00:26:10] [456/459] ECRR
[00:26:11] [457/459] RLLP
[00:26:12] [458/459] CCSN
[00:26:13] [459/459] CCBA
[00:26:13] ✅ DONE | Shows=0 | Movies=0
[01:04:33] 🚀 BMS DAILY TRACKER STARTED
[01:04:33] [1/459] MBDC
[01:04:33] 🧠 New identity
[01:04:33] 🔄 Identity reset
[01:04:33] ❌ MBDC | RuntimeError
[01:04:34] [2/459] CHKM
[01:04:34] 🧠 New identity
[01:04:34] 🔄 Identity reset
[01:04:34] ❌ CHKM | RuntimeError
[01:04:34] [3/459] JTKZ
[01:04:34] 🧠 New identity
[01:04:35] 🔄 Identity reset
[01:04:35] ❌ JTKZ | RuntimeError
[01:04:35] [4/459] CMCT
[01:04:35] 🧠 New identity
[01:04:35] 🔄 Identity reset
[01:04:35] ❌ CMCT | RuntimeError
[01:04:36] [5/459] ASHO
[01:04:36] 🧠 New identity
[01:04:37] [6/459] ECDG
[01:04:38] [7/459] SPAT
[01:04:39] [8/459] HILC
[01:04:40] [9/459] SPPH
[01:04:40] [10/459] SBHN
[01:04:41] [11/459] RRCA
[01:04:43] [12/459] APAA
[01:04:44] [13/459] RAME
[01:04:45] [14/459] TMMS
[01:04:46] [15/459] BATK
[01:04:47] [16/459] LKOP
[01:04:47] [17/459] AMTT
[01:04:48] [18/459] PTGK
[01:04:49] [19/459] ANRS
[01:04:50] [20/459] VWBW
[01:04:51] [21/459] SVFG
[01:04:52] [22/459] STAT
[01:04:53] [23/459] GDCV
[01:04:54] [24/459] VEBI
[01:04:55] [25/459] VDSS
[01:04:56] [26/459] NTHV
[01:04:57] [27/459] AOCH
[01:04:58] [28/459] KASR
[01:04:58] [29/459] AYCS
[01:04:59] [30/459] SHAI
[01:05:00] [31/459] SKPE
[01:05:02] [32/459] SBTA
[01:05:02] [33/459] RTTD
[01:05:04] [34/459] CCJD
[01:05:05] [35/459] RSJJ
[01:05:06] [36/459] RKND
[01:05:07] [37/459] SVTX
[01:05:08] [38/459] BAKM
[01:05:09] [39/459] SVDC
[01:05:10] [40/459] MNCV
[01:05:11] [41/459] SJGC
[01:05:13] [42/459] MTPK
[01:05:14] [43/459] GATP
[01:05:15] [44/459] ABTS
[01:05:16] [45/459] ABDE
[01:05:17] [46/459] RCNM
[01:05:17] [47/459] KTHV
[01:05:18] [48/459] MDGJ
[01:05:19] [49/459] SMLM
[01:05:21] [50/459] JTMA
[01:05:21] [51/459] ACKP
[01:05:22] [52/459] SRTA
[01:05:22] [53/459] STAY
[01:05:23] [54/459] MAVO
[01:05:23] [55/459] APTS
[01:05:24] [56/459] OMEA
[01:05:24] [57/459] TTFD
[01:05:25] [58/459] MJCU
[01:05:26] [59/459] CXTE
[01:05:26] [60/459] CTPX
[01:05:27] [61/459] ASSL
[01:05:27] [62/459] CMVB
[01:05:28] [63/459] VPUR
[01:05:28] [64/459] JJDA
[01:05:29] [65/459] INBL
[01:05:30] [66/459] BIKB
[01:05:30] [67/459] NTBB
[01:05:31] [68/459] GLOB
[01:05:32] [69/459] SNTB
[01:05:32] [70/459] CHGV
[01:05:33] [71/459] SSBZ
[01:05:33] [72/459] PRDB
[01:05:34] [73/459] ISMT
[01:05:34] [74/459] MCSD
[01:05:35] [75/459] JBTT
[01:05:35] [76/459] GEKR
[01:05:36] [77/459] PVUN
[01:05:37] [78/459] NRTB
[01:05:37] [79/459] PRAA
[01:05:37] [80/459] PCBL
[01:05:38] [81/459] PTCM
[01:05:39] [82/459] KHNN
[01:05:39] [83/459] OMJE
[01:05:40] [84/459] STGN
[01:05:40] [85/459] RPMS
[01:05:41] [86/459] NWAD
[01:05:41] [87/459] BLCK
[01:05:42] [88/459] SVAA
[01:05:43] [89/459] URVM
[01:05:43] [90/459] ANTM
[01:05:44] [91/459] VJYM
[01:05:45] [92/459] MAZZ
[01:05:45] [93/459] CSHM
[01:05:46] [94/459] WGMH
[01:05:47] [95/459] SALN
[01:05:47] [96/459] BRTP
[01:05:48] [97/459] SVTA
[01:05:48] [98/459] SBTP
[01:05:49] [99/459] VLSS
[01:05:50] [100/459] SRJA
[01:05:50] [101/459] ANCG
[01:05:50] [102/459] CGGC
[01:05:51] [103/459] CRJA
[01:05:51] [104/459] USCR
[01:05:52] [105/459] MMEF
[01:05:53] [106/459] JCRJ
[01:05:53] [107/459] ADCM
[01:05:54] [108/459] BMYK
[01:05:54] [109/459] KICS
[01:05:55] [110/459] MBBT
[01:05:55] [111/459] MACK
[01:05:56] [112/459] CLDR
[01:05:57] [113/459] JYCR
[01:05:57] [114/459] DCRP
[01:05:58] [115/459] RAHT
[01:05:59] [116/459] CSSM
[01:05:59] [117/459] ATPK
[01:06:00] [118/459] KLRT
[01:06:00] [119/459] SRDD
[01:06:01] [120/459] CKMC
[01:06:02] [121/459] KRVM
[01:06:02] [122/459] AKCP
[01:06:03] [123/459] CNCV
[01:06:03] [124/459] PACT
[01:06:04] [125/459] NATP
[01:06:04] [126/459] PCPK
[01:06:05] [127/459] SMHO
[01:06:05] [128/459] CWTK
[01:06:06] [129/459] RVKZ
[01:06:07] [130/459] ASPD
[01:06:07] [131/459] VTKZ
[01:06:08] [132/459] LCSO
[01:06:09] [133/459] PRDY
[01:06:09] [134/459] RCAP
[01:06:10] [135/459] RGAR
[01:06:10] [136/459] RCAC
[01:06:11] [137/459] PMOD
[01:06:11] [138/459] PVCN
[01:06:12] [139/459] SCRZ
[01:06:12] [140/459] PVPC
[01:06:13] [141/459] STID
[01:06:13] [142/459] NEDD
[01:06:14] [143/459] BNBA
[01:06:15] [144/459] NTCD
[01:06:15] [145/459] OCDE
[01:06:16] [146/459] CCDU
[01:06:16] [147/459] CRXH
[01:06:17] [148/459] VLVT
[01:06:17] [149/459] CICI
[01:06:18] [150/459] SUCB
[01:06:19] [151/459] TCBP
[01:06:19] [152/459] SCCY
[01:06:20] [153/459] LXCY
[01:06:21] [154/459] NCMD
[01:06:21] [155/459] PHCS
[01:06:22] [156/459] DUXR
[01:06:22] [157/459] VNKS
[01:06:23] [158/459] SEDP
[01:06:23] [159/459] SVEN
[01:06:24] [160/459] SRKM
[01:06:25] [161/459] JTLT
[01:06:25] [162/459] SVSS
[01:06:26] [163/459] AMDE
[01:06:26] [164/459] WVRN
[01:06:27] [165/459] ISMG
[01:06:27] [166/459] WVKS
[01:06:28] [167/459] USCG
[01:06:29] [168/459] IOTG
[01:06:29] [169/459] RRJM
[01:06:30] [170/459] EDMP
[01:06:30] [171/459] SCGZ
[01:06:31] [172/459] GMGX
[01:06:31] [173/459] OMTP
[01:06:32] [174/459] MITD
[01:06:32] [175/459] SMMD
[01:06:33] [176/459] STML
[01:06:33] [177/459] MCFS
[01:06:34] [178/459] FPKA
[01:06:34] [179/459] OMLR
[01:06:35] [180/459] KKSC
[01:06:35] [181/459] RVMA
[01:06:36] [182/459] SCLL
[01:06:37] [183/459] SCDK
[01:06:37] [184/459] SXMI
[01:06:38] [185/459] SHDN
[01:06:38] [186/459] PAAD
[01:06:39] [187/459] UUCB
[01:06:39] [188/459] JHOL
[01:06:40] [189/459] SGWT
[01:06:41] [190/459] SRII
[01:06:41] [191/459] SGCK
[01:06:42] [192/459] SVVB
[01:06:42] [193/459] DMHA
[01:06:43] [194/459] PPNL
[01:06:43] [195/459] CPNL
[01:06:44] [196/459] WVLD
[01:06:44] [197/459] PSLV
[01:06:45] [198/459] VTTL
[01:06:45] [199/459] NPAD
[01:06:46] [200/459] PVCS
[01:06:47] [201/459] MCHL
[01:06:47] [202/459] PPLL
[01:06:48] [203/459] MALO
[01:06:48] [204/459] SWBH
[01:06:49] [205/459] PUGB
[01:06:50] [206/459] INBB
[01:06:50] [207/459] INNS
[01:06:51] [208/459] MCPT
[01:06:52] [209/459] SCMI
[01:06:52] [210/459] OCON
[01:06:53] [211/459] SCSM
[01:06:53] [212/459] RJVN
[01:06:54] [213/459] AMDK
[01:06:54] [214/459] ISMR
[01:06:55] [215/459] SMTD
[01:06:56] [216/459] VTDD
[01:06:56] [217/459] PDDZ
[01:06:57] [218/459] PCCK
[01:06:58] [219/459] INAM
[01:06:58] [220/459] FNKT
[01:06:59] [221/459] GDKA
[01:06:59] [222/459] MAYU
[01:07:00] [223/459] TCGU
[01:07:01] [224/459] KDCA
[01:07:01] [225/459] DOMY
[01:07:02] [226/459] PDDD
[01:07:02] [227/459] BJTS
[01:07:03] [228/459] VTCA
[01:07:04] [229/459] SBTM
[01:07:04] [230/459] SEET
[01:07:05] [231/459] SSTJ
[01:07:05] [232/459] SVNT
[01:07:06] [233/459] PPPR
[01:07:06] [234/459] PVYS
[01:07:07] [235/459] IOSE
[01:07:07] [236/459] ACTV
[01:07:08] [237/459] APVE
[01:07:08] [238/459] TCCL
[01:07:09] [239/459] SCMO
[01:07:10] [240/459] SAUM
[01:07:10] [241/459] KCJS
[01:07:11] [242/459] NJCJ
[01:07:11] [243/459] NECF
[01:07:12] [244/459] CCGW
[01:07:12] [245/459] CCMG
[01:07:13] [246/459] NYRG
[01:07:14] [247/459] NCSQ
[01:07:14] [248/459] GRCG
[01:07:15] [249/459] CCBT
[01:07:15] [250/459] ACGA
[01:07:16] [251/459] INAG
[01:07:17] [252/459] FUCG
[01:07:17] [253/459] AICF
[01:07:18] [254/459] GRGA
[01:07:18] [255/459] GDCN
[01:07:19] [256/459] RRCG
[01:07:20] [257/459] SDCH
[01:07:21] [258/459] WVJM
[01:07:21] [259/459] JCCZ
[01:07:22] [260/459] CNCL
[01:07:22] [261/459] TMLV
[01:07:23] [262/459] MEMB
[01:07:23] [263/459] SGTD
[01:07:24] [264/459] CONX
[01:07:25] [265/459] CCMH
[01:07:26] [266/459] ACMC
[01:07:26] [267/459] DTPD
[01:07:27] [268/459] POJA
[01:07:27] [269/459] FNBH
[01:07:28] [270/459] CGCB
[01:07:28] [271/459] RACN
[01:07:29] [272/459] JTSM
[01:07:30] [273/459] SCDN
[01:07:30] [274/459] AACK
[01:07:31] [275/459] RMCE
[01:07:32] [276/459] BSGB
[01:07:32] [277/459] MRCB
[01:07:33] [278/459] SRVR
[01:07:34] [279/459] VTKK
[01:07:34] [280/459] AMST
[01:07:35] [281/459] APCY
[01:07:35] [282/459] LMHO
[01:07:36] [283/459] MTZH
[01:07:36] [284/459] AMZB
[01:07:37] [285/459] SUVT
[01:07:38] [286/459] RCIP
[01:07:38] [287/459] KESR
[01:07:39] [288/459] SNKC
[01:07:39] [289/459] SCED
[01:07:40] [290/459] DVCA
[01:07:40] [291/459] VCDT
[01:07:41] [292/459] RRDI
[01:07:41] [293/459] DFCH
[01:07:42] [294/459] INSC
[01:07:43] [295/459] RGTR
[01:07:43] [296/459] FMOT
[01:07:44] [297/459] SCPM
[01:07:44] [298/459] GCDT
[01:07:45] [299/459] BRKT
[01:07:46] [300/459] DEMP
[01:07:46] [301/459] SRLC
[01:07:47] [302/459] KSTT
[01:07:48] [303/459] SMMT
[01:07:48] [304/459] SILM
[01:07:49] [305/459] JCVM
[01:07:49] [306/459] KCSV
[01:07:50] [307/459] MHLK
[01:07:50] [308/459] SLVL
[01:07:51] [309/459] RJKP
[01:07:51] [310/459] BBPC
[01:07:52] [311/459] MXCB
[01:07:53] [312/459] TCPK
[01:07:53] [313/459] RTBR
[01:07:54] [314/459] GAUT
[01:07:54] [315/459] DVCF
[01:07:55] [316/459] JTSB
[01:07:55] [317/459] SBLS
[01:07:56] [318/459] UDAY
[01:07:57] [319/459] PTNP
[01:07:57] [320/459] DMKT
[01:07:58] [321/459] NTDT
[01:07:58] [322/459] SHDJ
[01:07:59] [323/459] OTNC
[01:08:00] [324/459] RNTW
[01:08:00] [325/459] GCMI
[01:08:01] [326/459] CRCM
[01:08:01] [327/459] NNCZ
[01:08:02] [328/459] OEMO
[01:08:02] [329/459] PVJM
[01:08:03] [330/459] CPJI
[01:08:04] [331/459] RMCJ
[01:08:04] [332/459] CNWJ
[01:08:05] [333/459] EPJM
[01:08:05] [334/459] FNJJ
[01:08:06] [335/459] GCMJ
[01:08:06] [336/459] INPS
[01:08:07] [337/459] BICJ
[01:08:07] [338/459] ISTJ
[01:08:08] [339/459] INJC
[01:08:09] [340/459] GLXJ
[01:08:09] [341/459] INEM
[01:08:10] [342/459] JTMN
[01:08:11] [343/459] FRCJ
[01:08:11] [344/459] DDJP
[01:08:11] [345/459] INJV
[01:08:12] [346/459] GOLC
[01:08:13] [347/459] KOCI
[01:08:13] [348/459] FSTD
[01:08:14] [349/459] PACJ
[01:08:14] [350/459] GMCN
[01:08:15] [351/459] MMDJ
[01:08:16] [352/459] GODH
[01:08:16] [353/459] SKYN
[01:08:17] [354/459] NCTH
[01:08:17] [355/459] SKVZ
[01:08:18] [356/459] SVML
[01:08:19] [357/459] ACVZ
[01:08:19] [358/459] SURA
[01:08:20] [359/459] RTRB
[01:08:21] [360/459] LLCT
[01:08:21] [361/459] ATTS
[01:08:22] [362/459] JYCM
[01:08:22] [363/459] CTKR
[01:08:23] [364/459] LCKR
[01:08:23] [365/459] NYCV
[01:08:24] [366/459] NYOH
[01:08:25] [367/459] NOVX
[01:08:25] [368/459] MRGK
[01:08:26] [369/459] MOON
[01:08:27] [370/459] SBUC
[01:08:27] [371/459] GSVA
[01:08:28] [372/459] VIAK
[01:08:28] [373/459] SMVZ
[01:08:29] [374/459] MATE
[01:08:30] [375/459] RDCN
[01:08:30] [376/459] ASBL
[01:08:31] [377/459] ASVS
[01:08:31] [378/459] ASSR
[01:08:32] [379/459] SSKN
[01:08:33] [380/459] DRPV
[01:08:33] [381/459] MRHT
[01:08:34] [382/459] BSCN
[01:08:34] [383/459] RKNX
[01:08:35] [384/459] MSMC
[01:08:36] [385/459] MSCJ
[01:08:36] [386/459] BTBJ
[01:08:37] [387/459] MJCC
[01:08:37] [388/459] IOMM
[01:08:38] [389/459] ADGR
[01:08:39] [390/459] MYCP
[01:08:39] [391/459] IGCM
[01:08:40] [392/459] PGRK
[01:08:40] [393/459] VPGO
[01:08:41] [394/459] KOMS
[01:08:41] [395/459] URGG
[01:08:42] [396/459] GOST
[01:08:42] [397/459] LACT
[01:08:43] [398/459] BWCM
[01:08:43] [399/459] NCCW
[01:08:44] [400/459] SKYC
[01:08:44] [401/459] CCPM
[01:08:45] [402/459] VCBT
[01:08:46] [403/459] SDKR
[01:08:46] [404/459] CTYB
[01:08:46] [405/459] SHCX
[01:08:47] [406/459] RCUN
[01:08:48] [407/459] CNRA
[01:08:48] [408/459] RFCA
[01:08:49] [409/459] RDCU
[01:08:49] [410/459] SARK
[01:08:50] [411/459] SPPP
[01:08:50] [412/459] ADMB
[01:08:51] [413/459] JYOE
[01:08:52] [414/459] SRMD
[01:08:53] [415/459] RJDH
[01:08:54] [416/459] SSTD
[01:08:55] [417/459] AACV
[01:08:56] [418/459] PPVD
[01:08:57] [419/459] STCP
[01:08:57] [420/459] ANJR
[01:08:58] [421/459] ANLS
[01:08:59] [422/459] BIJO
[01:09:00] [423/459] AVAB
[01:09:01] [424/459] SPMD
[01:09:02] [425/459] SVJL
[01:09:03] [426/459] SDDJ
[01:09:04] [427/459] SLTU
[01:09:05] [428/459] SAKA
[01:09:06] [429/459] PMAM
[01:09:07] [430/459] FNAM
[01:09:08] [431/459] ACAM
[01:09:09] [432/459] SCMM
[01:09:10] [433/459] PMAK
[01:09:11] [434/459] NYSA
[01:09:12] [435/459] FCPA
[01:09:13] [436/459] GDAN
[01:09:14] [437/459] RSCA
[01:09:15] [438/459] DMAN
[01:09:16] [439/459] DZCM
[01:09:16] [440/459] NSGL
[01:09:17] [441/459] CCPP
[01:09:19] [442/459] PSMG
[01:09:19] [443/459] GSER
[01:09:20] [444/459] FCCT
[01:09:21] [445/459] FCTB
[01:09:22] [446/459] LCNK
[01:09:23] [447/459] SKTY
[01:09:24] [448/459] INAA
[01:09:24] [449/459] RCWN
[01:09:25] [450/459] VAIS
[01:09:27] [451/459] CVMN
[01:09:27] [452/459] INTS
[01:09:28] [453/459] FRGS
[01:09:29] [454/459] DTCK
[01:09:29] [455/459] MCMH
[01:09:30] [456/459] ECRR
[01:09:31] [457/459] RLLP
[01:09:32] [458/459] CCSN
[01:09:32] [459/459] CCBA
[01:09:34] ✅ DONE | Shows=0 | Movies=0
