[09:37:42] 🚀 SCRIPT STARTED
[09:37:42] [1/445] TGMR
[09:37:42] 🧠 New identity created
[09:37:42] 🔄 Identity reset
[09:37:42] ❌ TGMR | RuntimeError
[09:37:42] [2/445] CXKR
[09:37:42] 🧠 New identity created
[09:37:43] 🔄 Identity reset
[09:37:43] ❌ CXKR | RuntimeError
[09:37:43] [3/445] SROP
[09:37:43] 🧠 New identity created
[09:37:43] 🔄 Identity reset
[09:37:43] ❌ SROP | RuntimeError
[09:37:44] [4/445] GTSV
[09:37:44] 🧠 New identity created
[09:37:44] 🔄 Identity reset
[09:37:44] ❌ GTSV | RuntimeError
[09:37:45] [5/445] SNTY
[09:37:45] 🧠 New identity created
[09:37:45] 🔄 Identity reset
[09:37:45] ❌ SNTY | RuntimeError
[09:37:45] [6/445] SMYY
[09:37:45] 🧠 New identity created
[09:37:45] 🔄 Identity reset
[09:37:45] ❌ SMYY | RuntimeError
[09:37:46] [7/445] CNCS
[09:37:46] 🧠 New identity created
[09:37:46] 🔄 Identity reset
[09:37:46] ❌ CNCS | RuntimeError
[09:37:46] [8/445] CSTM
[09:37:46] 🧠 New identity created
[09:37:47] 🔄 Identity reset
[09:37:47] ❌ CSTM | RuntimeError
[09:37:47] [9/445] NUCD
[09:37:47] 🧠 New identity created
[09:37:47] 🔄 Identity reset
[09:37:47] ❌ NUCD | RuntimeError
[09:37:48] [10/445] SHCZ
[09:37:48] 🧠 New identity created
[09:37:48] 🔄 Identity reset
[09:37:48] ❌ SHCZ | RuntimeError
[09:37:49] [11/445] NJCT
[09:37:49] 🧠 New identity created
[09:37:49] 🔄 Identity reset
[09:37:49] ❌ NJCT | RuntimeError
[09:37:49] [12/445] COPC
[09:37:49] 🧠 New identity created
[09:37:49] 🔄 Identity reset
[09:37:49] ❌ COPC | RuntimeError
[09:37:50] [13/445] STVV
[09:37:50] 🧠 New identity created
[09:37:50] 🔄 Identity reset
[09:37:50] ❌ STVV | RuntimeError
[09:37:51] [14/445] SKRN
[09:37:51] 🧠 New identity created
[09:37:51] 🔄 Identity reset
[09:37:51] ❌ SKRN | RuntimeError
[09:37:51] [15/445] APPZ
[09:37:51] 🧠 New identity created
[09:37:51] 🔄 Identity reset
[09:37:51] ❌ APPZ | RuntimeError
[09:37:52] [16/445] YMGN
[09:37:52] 🧠 New identity created
[09:37:52] 🔄 Identity reset
[09:37:52] ❌ YMGN | RuntimeError
[09:37:53] [17/445] SVTU
[09:37:53] 🧠 New identity created
[09:37:53] 🔄 Identity reset
[09:37:53] ❌ SVTU | RuntimeError
[09:37:54] [18/445] GTAD
[09:37:54] 🧠 New identity created
[09:37:54] 🔄 Identity reset
[09:37:54] ❌ GTAD | RuntimeError
[09:37:54] [19/445] PSUS
[09:37:54] 🧠 New identity created
[09:37:55] 🔄 Identity reset
[09:37:55] ❌ PSUS | RuntimeError
[09:37:55] [20/445] SMCD
[09:37:55] 🧠 New identity created
[09:37:55] 🔄 Identity reset
[09:37:55] ❌ SMCD | RuntimeError
[09:37:56] [21/445] CMCM
[09:37:56] 🧠 New identity created
[09:37:56] 🔄 Identity reset
[09:37:56] ❌ CMCM | RuntimeError
[09:37:56] [22/445] SYCT
[09:37:56] 🧠 New identity created
[09:37:56] 🔄 Identity reset
[09:37:56] ❌ SYCT | RuntimeError
[09:37:57] [23/445] STLY
[09:37:57] 🧠 New identity created
[09:37:57] 🔄 Identity reset
[09:37:57] ❌ STLY | RuntimeError
[09:37:58] [24/445] CMHU
[09:37:58] 🧠 New identity created
[09:37:58] 🔄 Identity reset
[09:37:58] ❌ CMHU | RuntimeError
[09:37:58] [25/445] CMSA
[09:37:58] 🧠 New identity created
[09:37:58] 🔄 Identity reset
[09:37:58] ❌ CMSA | RuntimeError
[09:37:59] [26/445] CLCU
[09:37:59] 🧠 New identity created
[09:37:59] 🔄 Identity reset
[09:37:59] ❌ CLCU | RuntimeError
[09:38:00] [27/445] PPNT
[09:38:00] 🧠 New identity created
[09:38:00] 🔄 Identity reset
[09:38:00] ❌ PPNT | RuntimeError
[09:38:00] [28/445] JTAB
[09:38:00] 🧠 New identity created
[09:38:00] 🔄 Identity reset
[09:38:00] ❌ JTAB | RuntimeError
[09:38:01] [29/445] BUUC
[09:38:01] 🧠 New identity created
[09:38:01] 🔄 Identity reset
[09:38:01] ❌ BUUC | RuntimeError
[09:38:02] [30/445] BSVK
[09:38:02] 🧠 New identity created
[09:38:02] 🔄 Identity reset
[09:38:02] ❌ BSVK | RuntimeError
[09:38:02] [31/445] VVVQ
[09:38:02] 🧠 New identity created
[09:38:02] 🔄 Identity reset
[09:38:02] ❌ VVVQ | RuntimeError
[09:38:03] [32/445] TKMU
[09:38:03] 🧠 New identity created
[09:38:03] 🔄 Identity reset
[09:38:03] ❌ TKMU | RuntimeError
[09:38:04] [33/445] ESYL
[09:38:04] 🧠 New identity created
[09:38:04] 🔄 Identity reset
[09:38:04] ❌ ESYL | RuntimeError
[09:38:04] [34/445] ACHP
[09:38:04] 🧠 New identity created
[09:38:05] [35/445] BTKD
[09:38:06] [36/445] DESA
[09:38:07] [37/445] GBCT
[09:38:08] [38/445] BLLD
[09:38:09] [39/445] SKNT
[09:38:09] [40/445] SSTE
[09:38:10] [41/445] VJMR
[09:38:11] [42/445] NTPU
[09:38:12] [43/445] RDKN
[09:38:13] [44/445] ADGC
[09:38:14] [45/445] VRBP
[09:38:15] [46/445] NMNA
[09:38:16] [47/445] CMMX
[09:38:16] [48/445] PTKO
[09:38:17] [49/445] RBML
[09:38:18] [50/445] SAIC
[09:38:19] [51/445] SVTJ
[09:38:20] [52/445] MRTE
[09:38:21] [53/445] RBTP
[09:38:22] [54/445] NLPS
[09:38:23] [55/445] GTNA
[09:38:23] [56/445] DGGC
[09:38:24] [57/445] SMCR
[09:38:25] [58/445] SCGD
[09:38:26] [59/445] SRRJ
[09:38:27] [60/445] CNRY
[09:38:28] [61/445] KTDI
[09:38:28] [62/445] SNJL
[09:38:29] [63/445] RKMD
[09:38:30] [64/445] SMDC
[09:38:31] [65/445] TADG
[09:38:32] [66/445] MCGS
[09:38:32] [67/445] PETK
[09:38:33] [68/445] CHAG
[09:38:34] [69/445] KSTL
[09:38:35] [70/445] AADS
[09:38:37] [71/445] NTHZ
[09:38:38] [72/445] HCKI
[09:38:39] [73/445] SSEF
[09:38:40] [74/445] MCGX
[09:38:41] [75/445] ERRA
[09:38:41] [76/445] SDTW
[09:38:42] [77/445] RMPK
[09:38:43] [78/445] PTHK
[09:38:44] [79/445] PXCS
[09:38:45] [80/445] SVLU
[09:38:45] [81/445] STAH
[09:38:46] [82/445] JRGF
[09:38:47] [83/445] CDOK
[09:38:48] [84/445] CMSG
[09:38:49] [85/445] APTD
[09:38:50] [86/445] KMPG
[09:38:50] [87/445] MUTJ
[09:38:51] [88/445] VCCI
[09:38:52] [89/445] URBE
[09:38:53] [90/445] TCTS
[09:38:55] [91/445] STSN
[09:38:55] [92/445] AKCH
[09:38:56] [93/445] APSC
[09:38:57] [94/445] VLTB
[09:38:58] [95/445] SANU
[09:38:59] [96/445] AXAM
[09:39:00] [97/445] MGMG
[09:39:01] [98/445] HTBY
[09:39:02] [99/445] MMZS
[09:39:02] [100/445] SUDR
[09:39:03] [101/445] CCAD
[09:39:04] [102/445] SKKC
[09:39:05] [103/445] RMCD
[09:39:06] [104/445] SBCQ
[09:39:07] [105/445] DCCT
[09:39:08] [106/445] VTKP
[09:39:09] [107/445] MLAM
[09:39:10] [108/445] SAVT
[09:39:11] [109/445] GEPL
[09:39:12] [110/445] AMCD
[09:39:13] [111/445] CCXR
[09:39:14] [112/445] GRNG
[09:39:15] [113/445] EBCA
[09:39:17] [114/445] CNVG
[09:39:18] [115/445] MWSS
[09:39:19] [116/445] VBOR
[09:39:20] [117/445] NEEB
[09:39:21] [118/445] SUTH
[09:39:22] [119/445] ANDB
[09:39:22] [120/445] MMXS
[09:39:23] [121/445] CNPD
[09:39:24] [122/445] SDCE
[09:39:25] [123/445] DHCB
[09:39:26] [124/445] ODEN
[09:39:27] [125/445] TNTC
[09:39:28] [126/445] VBKM
[09:39:29] [127/445] RZYM
[09:39:29] [128/445] JEMC
[09:39:30] [129/445] CMAU
[09:39:31] [130/445] SIVP
[09:39:32] [131/445] ATAG
[09:39:33] [132/445] CHTM
[09:39:34] [133/445] AAEE
[09:39:35] [134/445] IWPM
[09:39:36] [135/445] KCMW
[09:39:37] [136/445] MCTD
[09:39:37] [137/445] SPWR
[09:39:38] [138/445] SDPO
[09:39:39] [139/445] PCSK
[09:39:41] [140/445] ACHV
[09:39:41] [141/445] SVLA
[09:39:42] [142/445] PICT
[09:39:43] [143/445] BXDR
[09:39:44] [144/445] SPWA
[09:39:45] [145/445] MCKO
[09:39:45] [146/445] RTHK
[09:39:46] [147/445] CCMF
[09:39:47] [148/445] MRGB
[09:39:48] [149/445] CPLC
[09:39:49] [150/445] RACD
[09:39:50] [151/445] ATKT
[09:39:50] [152/445] SARN
[09:39:51] [153/445] KKUI
[09:39:52] [154/445] RGCM
[09:39:53] [155/445] BRVP
[09:39:54] [156/445] HRSR
[09:39:55] [157/445] GKGM
[09:39:56] [158/445] TTCD
[09:39:57] [159/445] PTTI
[09:39:57] [160/445] MPTT
[09:39:58] [161/445] CVTT
[09:39:59] [162/445] PCXD
[09:39:59] [163/445] GCDC
[09:40:00] [164/445] CCCF
[09:40:01] [165/445] MRAD
[09:40:02] [166/445] CPLK
[09:40:03] [167/445] SATB
[09:40:04] [168/445] SNVG
[09:40:05] [169/445] JMBA
[09:40:06] [170/445] TEJA
[09:40:07] [171/445] STYO
[09:40:07] [172/445] JTBP
[09:40:08] [173/445] KRGD
[09:40:09] [174/445] SLJJ
[09:40:10] [175/445] SPTJ
[09:40:11] [176/445] SWJG
[09:40:12] [177/445] LKRT
[09:40:13] [178/445] KCKA
[09:40:14] [179/445] SNCR
[09:40:14] [180/445] SMKL
[09:40:15] [181/445] GCFA
[09:40:17] [182/445] DDCK
[09:40:18] [183/445] NCHJ
[09:40:19] [184/445] RDMA
[09:40:20] [185/445] SVSV
[09:40:21] [186/445] SCJG
[09:40:23] [187/445] VKLP
[09:40:24] [188/445] NWCC
[09:40:25] [189/445] VKNS
[09:40:26] [190/445] SDDP
[09:40:27] [191/445] ACSI
[09:40:28] [192/445] SATG
[09:40:28] [193/445] SCMW
[09:40:29] [194/445] LKTK
[09:40:30] [195/445] VCKV
[09:40:31] [196/445] KKPE
[09:40:32] [197/445] KIGH
[09:40:32] [198/445] SRPM
[09:40:33] [199/445] SCAH
[09:40:35] [200/445] MUTA
[09:40:37] [201/445] SEPU
[09:40:38] [202/445] INOA
[09:40:39] [203/445] BASK
[09:40:40] [204/445] NECB
[09:40:41] [205/445] GTTG
[09:40:42] [206/445] ASSA
[09:40:43] [207/445] ANCL
[09:40:43] [208/445] GCTI
[09:40:44] [209/445] RCTS
[09:40:45] [210/445] ACNL
[09:40:46] [211/445] MYCT
[09:40:47] [212/445] NMHT
[09:40:48] [213/445] MDIT
[09:40:49] [214/445] LATG
[09:40:50] [215/445] SMTY
[09:40:51] [216/445] CVCT
[09:40:51] [217/445] RAMB
[09:40:52] [218/445] TGMS
[09:40:53] [219/445] BHEL
[09:40:54] [220/445] SHCT
[09:40:55] [221/445] SVCT
[09:40:56] [222/445] MRIY
[09:40:57] [223/445] SARO
[09:40:57] [224/445] STCT
[09:40:58] [225/445] JKKC
[09:40:59] [226/445] PLTT
[09:41:00] [227/445] SRNT
[09:41:01] [228/445] YAST
[09:41:02] [229/445] PERL
[09:41:03] [230/445] CICM
[09:41:04] [231/445] MMTR
[09:41:04] [232/445] ABTK
[09:41:05] [233/445] ATYY
[09:41:07] [234/445] ASTK
[09:41:09] [235/445] VVCK
[09:41:11] [236/445] ATKY
[09:41:12] [237/445] GWEK
[09:41:13] [238/445] SVFH
[09:41:14] [239/445] SLTA
[09:41:15] [240/445] AASH
[09:41:16] [241/445] ACXB
[09:41:17] [242/445] SMTX
[09:41:18] [243/445] AZDH
[09:41:20] [244/445] CMMH
[09:41:20] [245/445] SCSZ
[09:41:21] [246/445] SCKP
[09:41:23] [247/445] NXTM
[09:41:24] [248/445] NWCS
[09:41:25] [249/445] CXMH
[09:41:26] [250/445] PCMA
[09:41:26] [251/445] SGCM
[09:41:28] [252/445] SDTU
[09:41:29] [253/445] MMVI
[09:41:30] [254/445] JKCM
[09:41:31] [255/445] VCMM
[09:41:32] [256/445] SYEE
[09:41:32] [257/445] VASD
[09:41:33] [258/445] BDRB
[09:41:34] [259/445] LASM
[09:41:35] [260/445] DCRL
[09:41:36] [261/445] DVPM
[09:41:36] [262/445] SBMJ
[09:41:37] [263/445] CBMU
[09:41:38] [264/445] IUBS
[09:41:39] [265/445] INAP
[09:41:40] [266/445] SRRC
[09:41:41] [267/445] SAGR
[09:41:42] [268/445] CPMJ
[09:41:43] [269/445] ATJL
[09:41:44] [270/445] NNTD
[09:41:45] [271/445] JHCJ
[09:41:45] [272/445] CMMP
[09:41:46] [273/445] RSDR
[09:41:47] [274/445] AMTI
[09:41:48] [275/445] NYSG
[09:41:50] [276/445] AVSG
[09:41:51] [277/445] SYTP
[09:41:52] [278/445] LARC
[09:41:52] [279/445] RJTP
[09:41:53] [280/445] LAKC
[09:41:54] [281/445] MCXE
[09:41:55] [282/445] CCZC
[09:41:56] [283/445] AVCH
[09:41:57] [284/445] CMBE
[09:41:58] [285/445] MRRC
[09:41:59] [286/445] PCPY
[09:42:00] [287/445] SRMH
[09:42:01] [288/445] SVGS
[09:42:02] [289/445] PCSE
[09:42:03] [290/445] SVFT
[09:42:04] [291/445] TNZP
[09:42:05] [292/445] ICTP
[09:42:06] [293/445] ACTZ
[09:42:06] [294/445] GTUR
[09:42:07] [295/445] MAFC
[09:42:08] [296/445] MINL
[09:42:09] [297/445] MRCL
[09:42:10] [298/445] RCRP
[09:42:10] [299/445] RFFG
[09:42:11] [300/445] RMAS
[09:42:12] [301/445] INVR
[09:42:13] [302/445] RMAR
[09:42:14] [303/445] CNIS
[09:42:15] [304/445] RHRJ
[09:42:16] [305/445] INXR
[09:42:17] [306/445] VALT
[09:42:18] [307/445] LCSH
[09:42:19] [308/445] CMVS
[09:42:20] [309/445] CNMS
[09:42:20] [310/445] ROOG
[09:42:21] [311/445] ISRM
[09:42:22] [312/445] RCRM
[09:42:24] [313/445] ACJA
[09:42:24] [314/445] RCVS
[09:42:25] [315/445] CPUS
[09:42:27] [316/445] TGCS
[09:42:28] [317/445] RKCJ
[09:42:29] [318/445] MKSB
[09:42:29] [319/445] TCSJ
[09:42:30] [320/445] RMGP
[09:42:31] [321/445] CLLP
[09:42:32] [322/445] RCMV
[09:42:33] [323/445] CCKS
[09:42:34] [324/445] RSRP
[09:42:35] [325/445] APLP
[09:42:36] [326/445] CNVS
[09:42:37] [327/445] RMVY
[09:42:38] [328/445] PGBD
[09:42:38] [329/445] KLMS
[09:42:39] [330/445] RUST
[09:42:40] [331/445] MASM
[09:42:41] [332/445] BACS
[09:42:42] [333/445] BWST
[09:42:43] [334/445] RRFH
[09:42:44] [335/445] SJTM
[09:42:45] [336/445] BEMR
[09:42:46] [337/445] MCGR
[09:42:46] [338/445] SDSK
[09:42:47] [339/445] VBOL
[09:42:48] [340/445] RMGM
[09:42:49] [341/445] NOPL
[09:42:50] [342/445] MKJK
[09:42:51] [343/445] CVRN
[09:42:52] [344/445] MMEN
[09:42:53] [345/445] AMNG
[09:42:53] [346/445] INTM
[09:42:55] [347/445] SLCZ
[09:42:56] [348/445] AMJN
[09:42:57] [349/445] ACJN
[09:42:58] [350/445] AMKN
[09:42:58] [351/445] BTCN
[09:42:59] [352/445] AMBT
[09:43:01] [353/445] PACN
[09:43:02] [354/445] LCNS
[09:43:02] [355/445] PPKC
[09:43:03] [356/445] JYYN
[09:43:04] [357/445] JTNR
[09:43:05] [358/445] GTEE
[09:43:06] [359/445] SRNM
[09:43:07] [360/445] SDTC
[09:43:08] [361/445] VPCA
[09:43:09] [362/445] VLRA
[09:43:10] [363/445] SHKR
[09:43:10] [364/445] SBKD
[09:43:11] [365/445] SAAD
[09:43:12] [366/445] JTGN
[09:43:14] [367/445] SLAM
[09:43:15] [368/445] VTPM
[09:43:16] [369/445] ANPT
[09:43:17] [370/445] PUNB
[09:43:18] [371/445] CPKT
[09:43:19] [372/445] CNWE
[09:43:21] [373/445] ECPP
[09:43:21] [374/445] CPAR
[09:43:23] [375/445] ESBW
[09:43:24] [376/445] PKPU
[09:43:25] [377/445] CPRP
[09:43:25] [378/445] RAHU
[09:43:26] [379/445] RHMN
[09:43:27] [380/445] FMJP
[09:43:28] [381/445] CTMP
[09:43:29] [382/445] INPN
[09:43:31] [383/445] STTG
[09:43:31] [384/445] CTRD
[09:43:32] [385/445] PUVB
[09:43:33] [386/445] ESVP
[09:43:34] [387/445] CPFT
[09:43:35] [388/445] LCPC
[09:43:36] [389/445] VBCT
[09:43:37] [390/445] FSCW
[09:43:38] [391/445] VCMP
[09:43:39] [392/445] ASHC
[09:43:41] [393/445] VLCX
[09:43:42] [394/445] SHEV
[09:43:43] [395/445] APCO
[09:43:44] [396/445] SILC
[09:43:45] [397/445] SNMR
[09:43:46] [398/445] KYBO
[09:43:47] [399/445] SATK
[09:43:48] [400/445] SSCS
[09:43:49] [401/445] CLSB
[09:43:49] [402/445] KMJR
[09:43:50] [403/445] FSCK
[09:43:52] [404/445] NNKA
[09:43:53] [405/445] CLMK
[09:43:54] [406/445] DMPZ
[09:43:55] [407/445] INQM
[09:43:56] [408/445] CAML
[09:43:57] [409/445] INRK
[09:43:57] [410/445] IMKN
[09:43:58] [411/445] SVNR
[09:43:59] [412/445] INSL
[09:44:00] [413/445] MSMA
[09:44:00] [414/445] MCKK
[09:44:01] [415/445] FCHP
[09:44:02] [416/445] SFCR
[09:44:03] [417/445] NACK
[09:44:04] [418/445] PVAK
[09:44:06] [419/445] INER
[09:44:07] [420/445] RDBK
[09:44:07] [421/445] SVFN
[09:44:08] [422/445] IFRM
[09:44:09] [423/445] ATCK
[09:44:10] [424/445] ASKO
[09:44:11] [425/445] STKT
[09:44:12] [426/445] SVFB
[09:44:13] [427/445] INKS
[09:44:14] [428/445] PCRA
[09:44:15] [429/445] ATJA
[09:44:16] [430/445] IMJN
[09:44:16] [431/445] INHD
[09:44:17] [432/445] BARA
[09:44:18] [433/445] MCSL
[09:44:19] [434/445] RTOY
[09:44:20] [435/445] MENO
[09:44:20] [436/445] PUDM
[09:44:21] [437/445] PRCN
[09:44:22] [438/445] JMJR
[09:44:23] [439/445] SSGK
[09:44:24] [440/445] SSRL
[09:44:25] [441/445] JYKL
[09:44:25] [442/445] ACNB
[09:44:26] [443/445] SONP
[09:44:27] [444/445] EMCI
[09:44:28] [445/445] MRJH
[09:44:28] 🧹 Deduping shows
[09:44:28] ✅ DONE | Shows=471 | Movies=36
