[09:37:38] 🚀 SCRIPT STARTED
[09:37:38] [1/459] FNDB
[09:37:38] 🧠 New identity created
[09:37:39] 🔄 Identity reset
[09:37:39] ❌ FNDB | RuntimeError
[09:37:39] [2/459] AMBH
[09:37:39] 🧠 New identity created
[09:37:39] 🔄 Identity reset
[09:37:39] ❌ AMBH | RuntimeError
[09:37:40] [3/459] PRHN
[09:37:40] 🧠 New identity created
[09:37:40] 🔄 Identity reset
[09:37:40] ❌ PRHN | RuntimeError
[09:37:41] [4/459] ACPM
[09:37:41] 🧠 New identity created
[09:37:41] 🔄 Identity reset
[09:37:41] ❌ ACPM | RuntimeError
[09:37:41] [5/459] PVFS
[09:37:41] 🧠 New identity created
[09:37:41] 🔄 Identity reset
[09:37:41] ❌ PVFS | RuntimeError
[09:37:42] [6/459] AACN
[09:37:42] 🧠 New identity created
[09:37:42] 🔄 Identity reset
[09:37:42] ❌ AACN | RuntimeError
[09:37:43] [7/459] ACAS
[09:37:43] 🧠 New identity created
[09:37:43] 🔄 Identity reset
[09:37:43] ❌ ACAS | RuntimeError
[09:37:43] [8/459] CTNR
[09:37:43] 🧠 New identity created
[09:37:43] 🔄 Identity reset
[09:37:43] ❌ CTNR | RuntimeError
[09:37:44] [9/459] MMAH
[09:37:44] 🧠 New identity created
[09:37:44] 🔄 Identity reset
[09:37:44] ❌ MMAH | RuntimeError
[09:37:45] [10/459] CPMH
[09:37:45] 🧠 New identity created
[09:37:45] 🔄 Identity reset
[09:37:45] ❌ CPMH | RuntimeError
[09:37:45] [11/459] IGMH
[09:37:45] 🧠 New identity created
[09:37:46] 🔄 Identity reset
[09:37:46] ❌ IGMH | RuntimeError
[09:37:46] [12/459] ABCS
[09:37:46] 🧠 New identity created
[09:37:46] 🔄 Identity reset
[09:37:46] ❌ ABCS | RuntimeError
[09:37:47] [13/459] CMMA
[09:37:47] 🧠 New identity created
[09:37:47] 🔄 Identity reset
[09:37:47] ❌ CMMA | RuntimeError
[09:37:48] [14/459] GPRH
[09:37:48] 🧠 New identity created
[09:37:48] 🔄 Identity reset
[09:37:48] ❌ GPRH | RuntimeError
[09:37:48] [15/459] PNNG
[09:37:48] 🧠 New identity created
[09:37:49] 🔄 Identity reset
[09:37:49] ❌ PNNG | RuntimeError
[09:37:49] [16/459] AMCA
[09:37:49] 🧠 New identity created
[09:37:49] 🔄 Identity reset
[09:37:49] ❌ AMCA | RuntimeError
[09:37:50] [17/459] ISTN
[09:37:50] 🧠 New identity created
[09:37:50] 🔄 Identity reset
[09:37:50] ❌ ISTN | RuntimeError
[09:37:50] [18/459] PIIC
[09:37:50] 🧠 New identity created
[09:37:51] 🔄 Identity reset
[09:37:51] ❌ PIIC | RuntimeError
[09:37:51] [19/459] AHMH
[09:37:51] 🧠 New identity created
[09:37:51] 🔄 Identity reset
[09:37:51] ❌ AHMH | RuntimeError
[09:37:52] [20/459] ASHN
[09:37:52] 🧠 New identity created
[09:37:52] 🔄 Identity reset
[09:37:52] ❌ ASHN | RuntimeError
[09:37:52] [21/459] INHY
[09:37:52] 🧠 New identity created
[09:37:53] 🔄 Identity reset
[09:37:53] ❌ INHY | RuntimeError
[09:37:53] [22/459] SRMO
[09:37:53] 🧠 New identity created
[09:37:53] 🔄 Identity reset
[09:37:53] ❌ SRMO | RuntimeError
[09:37:54] [23/459] PIMH
[09:37:54] 🧠 New identity created
[09:37:54] 🔄 Identity reset
[09:37:54] ❌ PIMH | RuntimeError
[09:37:54] [24/459] PVTS
[09:37:54] 🧠 New identity created
[09:37:56] [25/459] MMCA
[09:37:57] [26/459] AKYJ
[09:37:57] [27/459] BRKH
[09:37:58] [28/459] MAHM
[09:37:59] [29/459] CPHY
[09:38:00] [30/459] PVTP
[09:38:01] [31/459] SMMR
[09:38:01] [32/459] PVHM
[09:38:02] [33/459] SNDY
[09:38:03] [34/459] GOKU
[09:38:04] [35/459] ACEV
[09:38:05] [36/459] PVUM
[09:38:06] [37/459] VSWA
[09:38:06] [38/459] IPRS
[09:38:07] [39/459] ASGN
[09:38:08] [40/459] BKMV
[09:38:09] [41/459] PVYH
[09:38:10] [42/459] INKM
[09:38:11] [43/459] ARJU
[09:38:12] [44/459] JJPP
[09:38:13] [45/459] SSRM
[09:38:14] [46/459] HMHD
[09:38:14] [47/459] SNKH
[09:38:15] [48/459] ACHI
[09:38:16] [49/459] MRAA
[09:38:17] [50/459] INMH
[09:38:19] [51/459] ARMH
[09:38:20] [52/459] DVRR
[09:38:21] [53/459] SUDA
[09:38:22] [54/459] MCSS
[09:38:23] [55/459] VRKC
[09:38:24] [56/459] PRCX
[09:38:25] [57/459] ASJY
[09:38:25] [58/459] MTHY
[09:38:26] [59/459] SRCM
[09:38:27] [60/459] TVHY
[09:38:29] [61/459] STHD
[09:38:29] [62/459] CPCL
[09:38:30] [63/459] PSMJ
[09:38:31] [64/459] MRGT
[09:38:32] [65/459] ARYH
[09:38:33] [66/459] VTRB
[09:38:33] [67/459] SCHC
[09:38:34] [68/459] MRRG
[09:38:35] [69/459] SPCB
[09:38:35] [70/459] AMCM
[09:38:36] [71/459] IVNM
[09:38:37] [72/459] TRHY
[09:38:38] [73/459] PTTH
[09:38:39] [74/459] RKMH
[09:38:40] [75/459] PRCS
[09:38:41] [76/459] VAJA
[09:38:42] [77/459] BJNG
[09:38:43] [78/459] SCVM
[09:38:43] [79/459] GNHB
[09:38:44] [80/459] TLUR
[09:38:46] [81/459] UKCC
[09:38:46] [82/459] SRKR
[09:38:47] [83/459] RMKN
[09:38:48] [84/459] SLRT
[09:38:49] [85/459] LKMT
[09:38:50] [86/459] SSRJ
[09:38:50] [87/459] SPHT
[09:38:51] [88/459] ANTT
[09:38:52] [89/459] SRCH
[09:38:53] [90/459] SRCA
[09:38:54] [91/459] ARTH
[09:38:55] [92/459] MCBH
[09:38:56] [93/459] SNIB
[09:38:57] [94/459] SART
[09:38:58] [95/459] SKTA
[09:38:59] [96/459] YAKT
[09:39:00] [97/459] MLCK
[09:39:00] [98/459] ANTS
[09:39:02] [99/459] DGCA
[09:39:03] [100/459] SGMP
[09:39:04] [101/459] ASWN
[09:39:04] [102/459] KFVU
[09:39:05] [103/459] POOR
[09:39:06] [104/459] GKDN
[09:39:07] [105/459] EOSE
[09:39:08] [106/459] GTTT
[09:39:09] [107/459] ARRO
[09:39:09] [108/459] CMMK
[09:39:10] [109/459] MSCN
[09:39:11] [110/459] GDKH
[09:39:12] [111/459] DLMT
[09:39:12] [112/459] PVMF
[09:39:13] [113/459] CPCK
[09:39:14] [114/459] VMHE
[09:39:15] [115/459] PVLC
[09:39:15] [116/459] PCVB
[09:39:16] [117/459] SNYK
[09:39:17] [118/459] KTEK
[09:39:18] [119/459] PCNM
[09:39:19] [120/459] NTTR
[09:39:20] [121/459] CPSK
[09:39:21] [122/459] JMMA
[09:39:22] [123/459] GCFK
[09:39:22] [124/459] MYCA
[09:39:23] [125/459] KSNP
[09:39:25] [126/459] PMCE
[09:39:25] [127/459] SCKI
[09:39:26] [128/459] FSMA
[09:39:27] [129/459] CETA
[09:39:28] [130/459] MCIK
[09:39:28] [131/459] MYCR
[09:39:29] [132/459] EVMP
[09:39:30] [133/459] SSGT
[09:39:31] [134/459] KCTK
[09:39:32] [135/459] ZTKC
[09:39:32] [136/459] MMTA
[09:39:33] [137/459] MAJT
[09:39:34] [138/459] ACPK
[09:39:35] [139/459] JMAX
[09:39:36] [140/459] SETK
[09:39:37] [141/459] CAIS
[09:39:37] [142/459] AGCD
[09:39:39] [143/459] URCL
[09:39:39] [144/459] VTDS
[09:39:40] [145/459] JCNM
[09:39:41] [146/459] KCAM
[09:39:42] [147/459] ADCU
[09:39:42] [148/459] GXYN
[09:39:43] [149/459] SMJG
[09:39:44] [150/459] EYCJ
[09:39:44] [151/459] CCEJ
[09:39:45] [152/459] MARS
[09:39:46] [153/459] CPVJ
[09:39:47] [154/459] INVP
[09:39:48] [155/459] CPOV
[09:39:48] [156/459] VIJK
[09:39:49] [157/459] LAIM
[09:39:50] [158/459] STHV
[09:39:51] [159/459] SVLJ
[09:39:52] [160/459] ATVJ
[09:39:52] [161/459] JTSC
[09:39:53] [162/459] RMTV
[09:39:54] [163/459] MGGG
[09:39:55] [164/459] SWTH
[09:39:55] [165/459] INVJ
[09:39:56] [166/459] PRSV
[09:39:57] [167/459] JATV
[09:39:59] [168/459] RCVD
[09:40:00] [169/459] BDMA
[09:40:00] [170/459] BLJI
[09:40:01] [171/459] SWOT
[09:40:02] [172/459] SWRN
[09:40:03] [173/459] TVRA
[09:40:04] [174/459] VCSV
[09:40:05] [175/459] NVRN
[09:40:05] [176/459] SIKC
[09:40:06] [177/459] VAKR
[09:40:07] [178/459] SYLN
[09:40:08] [179/459] KLJL
[09:40:08] [180/459] LKMY
[09:40:09] [181/459] VSLY
[09:40:10] [182/459] CIKO
[09:40:11] [183/459] GPBG
[09:40:11] [184/459] CECM
[09:40:12] [185/459] SLKB
[09:40:13] [186/459] MTBO
[09:40:14] [187/459] SSHB
[09:40:15] [188/459] VPCS
[09:40:16] [189/459] RCSR
[09:40:17] [190/459] RJRM
[09:40:17] [191/459] KPPB
[09:40:18] [192/459] SEDC
[09:40:19] [193/459] SCAI
[09:40:20] [194/459] RMTR
[09:40:21] [195/459] ASST
[09:40:22] [196/459] GCAK
[09:40:23] [197/459] ANNK
[09:40:23] [198/459] KDDF
[09:40:24] [199/459] NRDP
[09:40:25] [200/459] PLAK
[09:40:26] [201/459] GCMC
[09:40:27] [202/459] ALPY
[09:40:28] [203/459] SICE
[09:40:29] [204/459] SISR
[09:40:29] [205/459] SRPZ
[09:40:30] [206/459] SRSW
[09:40:31] [207/459] SUYA
[09:40:32] [208/459] AMMT
[09:40:32] [209/459] BHCU
[09:40:33] [210/459] KLPA
[09:40:34] [211/459] NVKH
[09:40:34] [212/459] JMRC
[09:40:35] [213/459] KTTT
[09:40:36] [214/459] MAGH
[09:40:37] [215/459] MMMX
[09:40:38] [216/459] SALJ
[09:40:39] [217/459] GTJA
[09:40:39] [218/459] MAHT
[09:40:40] [219/459] SSNN
[09:40:41] [220/459] ARRP
[09:40:42] [221/459] ATNS
[09:40:43] [222/459] SKDT
[09:40:43] [223/459] ACAT
[09:40:44] [224/459] APRC
[09:40:45] [225/459] SWAG
[09:40:46] [226/459] SDPT
[09:40:47] [227/459] STPS
[09:40:47] [228/459] WWCZ
[09:40:48] [229/459] LLCH
[09:40:49] [230/459] MZHA
[09:40:50] [231/459] CRJG
[09:40:51] [232/459] JGTK
[09:40:52] [233/459] KCSR
[09:40:53] [234/459] CHTL
[09:40:54] [235/459] EDSR
[09:40:55] [236/459] CSWO
[09:40:56] [237/459] CPVM
[09:40:56] [238/459] MXBY
[09:40:58] [239/459] FMMA
[09:40:59] [240/459] POVI
[09:41:00] [241/459] MTHB
[09:41:01] [242/459] INRC
[09:41:02] [243/459] PIPP
[09:41:03] [244/459] BMXC
[09:41:04] [245/459] PCMM
[09:41:04] [246/459] PMKM
[09:41:06] [247/459] GATY
[09:41:06] [248/459] IMCM
[09:41:07] [249/459] POPE
[09:41:08] [250/459] MTCR
[09:41:08] [251/459] PVAE
[09:41:09] [252/459] PVMI
[09:41:10] [253/459] CPNM
[09:41:11] [254/459] FMRL
[09:41:12] [255/459] MCIW
[09:41:12] [256/459] MXBO
[09:41:13] [257/459] FMKY
[09:41:14] [258/459] FMDA
[09:41:15] [259/459] THAB
[09:41:16] [260/459] PRCW
[09:41:17] [261/459] PITI
[09:41:17] [262/459] MCFF
[09:41:19] [263/459] PDDV
[09:41:19] [264/459] MCRM
[09:41:20] [265/459] KKMB
[09:41:21] [266/459] INKO
[09:41:22] [267/459] PLXP
[09:41:23] [268/459] MMHA
[09:41:24] [269/459] FMVS
[09:41:25] [270/459] POLM
[09:41:26] [271/459] STER
[09:41:27] [272/459] PVWJ
[09:41:28] [273/459] IMJW
[09:41:28] [274/459] FNAN
[09:41:30] [275/459] CAGL
[09:41:31] [276/459] IPBG
[09:41:32] [277/459] SMFV
[09:41:33] [278/459] MMMR
[09:41:34] [279/459] MMWM
[09:41:35] [280/459] FNCM
[09:41:35] [281/459] MDVA
[09:41:36] [282/459] MMET
[09:41:38] [283/459] MIDO
[09:41:38] [284/459] INNP
[09:41:39] [285/459] MIFU
[09:41:41] [286/459] MMSZ
[09:41:41] [287/459] BMXA
[09:41:42] [288/459] MCAA
[09:41:44] [289/459] SCVP
[09:41:45] [290/459] PLUS
[09:41:46] [291/459] MUCK
[09:41:47] [292/459] MTMA
[09:41:47] [293/459] HPVR
[09:41:48] [294/459] PMPK
[09:41:49] [295/459] MAJB
[09:41:51] [296/459] CTRR
[09:41:51] [297/459] MCTG
[09:41:53] [298/459] MACE
[09:41:53] [299/459] AAAS
[09:41:55] [300/459] CPVV
[09:41:55] [301/459] RCHG
[09:41:56] [302/459] MCNE
[09:41:57] [303/459] EMNC
[09:41:58] [304/459] MCAN
[09:41:59] [305/459] TCDM
[09:42:00] [306/459] IRGT
[09:42:01] [307/459] GCMG
[09:42:01] [308/459] MXSN
[09:42:02] [309/459] MXCK
[09:42:04] [310/459] MCRC
[09:42:04] [311/459] RSMI
[09:42:05] [312/459] WAML
[09:42:06] [313/459] MTSC
[09:42:07] [314/459] FMDR
[09:42:07] [315/459] LEPV
[09:42:08] [316/459] MTGD
[09:42:09] [317/459] IMOB
[09:42:09] [318/459] CLMM
[09:42:10] [319/459] PZCD
[09:42:11] [320/459] GOCS
[09:42:12] [321/459] KCMA
[09:42:13] [322/459] CCMP
[09:42:14] [323/459] MTSU
[09:42:15] [324/459] SNGL
[09:42:16] [325/459] MMMC
[09:42:17] [326/459] MMAA
[09:42:18] [327/459] GCDM
[09:42:19] [328/459] KTMV
[09:42:19] [329/459] AETE
[09:42:20] [330/459] OMCS
[09:42:21] [331/459] GDCD
[09:42:22] [332/459] NYMD
[09:42:23] [333/459] RNCV
[09:42:24] [334/459] KKMT
[09:42:25] [335/459] GDTH
[09:42:26] [336/459] KMMV
[09:42:27] [337/459] NHCG
[09:42:27] [338/459] PJDW
[09:42:28] [339/459] MMCV
[09:42:29] [340/459] FQSA
[09:42:30] [341/459] KURL
[09:42:31] [342/459] NNNX
[09:42:32] [343/459] AMAU
[09:42:33] [344/459] VVVM
[09:42:34] [345/459] VECU
[09:42:34] [346/459] WCVR
[09:42:35] [347/459] MTGG
[09:42:36] [348/459] SGTG
[09:42:37] [349/459] MNTG
[09:42:37] [350/459] JDDG
[09:42:38] [351/459] MBTK
[09:42:39] [352/459] SGCD
[09:42:40] [353/459] MCTC
[09:42:40] [354/459] JTPC
[09:42:41] [355/459] SDKT
[09:42:42] [356/459] KRCC
[09:42:43] [357/459] RMMD
[09:42:44] [358/459] AAME
[09:42:45] [359/459] TMWC
[09:42:46] [360/459] NRWY
[09:42:47] [361/459] CITD
[09:42:48] [362/459] VERD
[09:42:49] [363/459] MKSK
[09:42:49] [364/459] STSM
[09:42:51] [365/459] MJDG
[09:42:52] [366/459] RKPM
[09:42:52] [367/459] SSCE
[09:42:53] [368/459] VMAE
[09:42:54] [369/459] SBRU
[09:42:55] [370/459] AMBC
[09:42:55] [371/459] AMLU
[09:42:56] [372/459] INVZ
[09:42:57] [373/459] LGTV
[09:42:58] [374/459] SVAD
[09:42:59] [375/459] SMSA
[09:43:00] [376/459] SPCZ
[09:43:01] [377/459] GTCX
[09:43:01] [378/459] SCSL
[09:43:02] [379/459] SAHU
[09:43:04] [380/459] NCDA
[09:43:09] [381/459] SCCG
[09:43:09] [382/459] VKTL
[09:43:11] [383/459] PUUJ
[09:43:12] [384/459] STEJ
[09:43:13] [385/459] RJAL
[09:43:14] [386/459] ACJC
[09:43:14] [387/459] VTHC
[09:43:15] [388/459] ARVB
[09:43:16] [389/459] AUBB
[09:43:17] [390/459] GDBR
[09:43:18] [391/459] PVND
[09:43:19] [392/459] BGRJ
[09:43:20] [393/459] RJMM
[09:43:21] [394/459] MCSA
[09:43:22] [395/459] BODA
[09:43:23] [396/459] JAGG
[09:43:24] [397/459] SCGA
[09:43:25] [398/459] LRCM
[09:43:26] [399/459] CPCN
[09:43:27] [400/459] SSTF
[09:43:28] [401/459] SRXP
[09:43:29] [402/459] CNFX
[09:43:30] [403/459] ANDI
[09:43:31] [404/459] SYEW
[09:43:31] [405/459] RCRE
[09:43:32] [406/459] SCRW
[09:43:33] [407/459] MBKR
[09:43:34] [408/459] ASNT
[09:43:34] [409/459] JTMT
[09:43:35] [410/459] SHAY
[09:43:36] [411/459] VRTH
[09:43:37] [412/459] SPTI
[09:43:37] [413/459] DPTD
[09:43:38] [414/459] TGSN
[09:43:39] [415/459] RCWV
[09:43:40] [416/459] OCUR
[09:43:41] [417/459] KSTC
[09:43:41] [418/459] SANI
[09:43:42] [419/459] MLCA
[09:43:43] [420/459] EGCA
[09:43:44] [421/459] SYSN
[09:43:45] [422/459] PKTA
[09:43:46] [423/459] PRCC
[09:43:46] [424/459] KSTR
[09:43:48] [425/459] SNTP
[09:43:48] [426/459] RCHA
[09:43:49] [427/459] SEEA
[09:43:50] [428/459] ALAT
[09:43:51] [429/459] AATV
[09:43:51] [430/459] RJTE
[09:43:53] [431/459] AAPP
[09:43:54] [432/459] PMMH
[09:43:55] [433/459] INRJ
[09:43:55] [434/459] SARB
[09:43:56] [435/459] PCJL
[09:43:58] [436/459] PFJJ
[09:43:58] [437/459] GRDC
[09:43:59] [438/459] BCBA
[09:44:00] [439/459] VIXL
[09:44:02] [440/459] CSTL
[09:44:03] [441/459] MTDK
[09:44:04] [442/459] TDAC
[09:44:04] [443/459] GTDN
[09:44:05] [444/459] TTDE
[09:44:06] [445/459] ASTS
[09:44:07] [446/459] CPNS
[09:44:07] [447/459] PVVW
[09:44:08] [448/459] USEB
[09:44:09] [449/459] DTYN
[09:44:10] [450/459] PVLE
[09:44:10] [451/459] CIPS
[09:44:11] [452/459] PAEG
[09:44:12] [453/459] PTCW
[09:44:14] [454/459] G3SR
[09:44:15] [455/459] PGND
[09:44:16] [456/459] INVM
[09:44:16] [457/459] SPIA
[09:44:17] [458/459] PCSN
[09:44:18] [459/459] PPGV
[09:44:19] 🧹 Deduping shows
[09:44:19] ✅ DONE | Shows=654 | Movies=47
