[09:37:45] 🚀 SCRIPT STARTED
[09:37:45] [1/459] MCCZ
[09:37:45] 🧠 New identity created
[09:37:45] 🔄 Identity reset
[09:37:45] ❌ MCCZ | RuntimeError
[09:37:46] [2/459] FRPU
[09:37:46] 🧠 New identity created
[09:37:46] 🔄 Identity reset
[09:37:46] ❌ FRPU | RuntimeError
[09:37:46] [3/459] SKSI
[09:37:46] 🧠 New identity created
[09:37:46] 🔄 Identity reset
[09:37:46] ❌ SKSI | RuntimeError
[09:37:47] [4/459] SSCK
[09:37:47] 🧠 New identity created
[09:37:47] 🔄 Identity reset
[09:37:47] ❌ SSCK | RuntimeError
[09:37:47] [5/459] SRDC
[09:37:47] 🧠 New identity created
[09:37:47] 🔄 Identity reset
[09:37:47] ❌ SRDC | RuntimeError
[09:37:48] [6/459] RSCZ
[09:37:48] 🧠 New identity created
[09:37:48] 🔄 Identity reset
[09:37:48] ❌ RSCZ | RuntimeError
[09:37:48] [7/459] PRVT
[09:37:48] 🧠 New identity created
[09:37:48] 🔄 Identity reset
[09:37:48] ❌ PRVT | RuntimeError
[09:37:49] [8/459] GAGJ
[09:37:49] 🧠 New identity created
[09:37:49] 🔄 Identity reset
[09:37:49] ❌ GAGJ | RuntimeError
[09:37:49] [9/459] SMHG
[09:37:49] 🧠 New identity created
[09:37:49] 🔄 Identity reset
[09:37:49] ❌ SMHG | RuntimeError
[09:37:50] [10/459] JTST
[09:37:50] 🧠 New identity created
[09:37:50] 🔄 Identity reset
[09:37:50] ❌ JTST | RuntimeError
[09:37:51] [11/459] MYTH
[09:37:51] 🧠 New identity created
[09:37:51] 🔄 Identity reset
[09:37:51] ❌ MYTH | RuntimeError
[09:37:51] [12/459] JPCC
[09:37:51] 🧠 New identity created
[09:37:51] 🔄 Identity reset
[09:37:51] ❌ JPCC | RuntimeError
[09:37:52] [13/459] ACDC
[09:37:52] 🧠 New identity created
[09:37:52] 🔄 Identity reset
[09:37:52] ❌ ACDC | RuntimeError
[09:37:52] [14/459] SVFP
[09:37:52] 🧠 New identity created
[09:37:53] 🔄 Identity reset
[09:37:53] ❌ SVFP | RuntimeError
[09:37:53] [15/459] SFCM
[09:37:53] 🧠 New identity created
[09:37:53] 🔄 Identity reset
[09:37:53] ❌ SFCM | RuntimeError
[09:37:54] [16/459] RUPK
[09:37:54] 🧠 New identity created
[09:37:54] 🔄 Identity reset
[09:37:54] ❌ RUPK | RuntimeError
[09:37:54] [17/459] NTCR
[09:37:54] 🧠 New identity created
[09:37:54] 🔄 Identity reset
[09:37:54] ❌ NTCR | RuntimeError
[09:37:55] [18/459] RTCH
[09:37:55] 🧠 New identity created
[09:37:55] 🔄 Identity reset
[09:37:55] ❌ RTCH | RuntimeError
[09:37:56] [19/459] SCMH
[09:37:56] 🧠 New identity created
[09:37:56] 🔄 Identity reset
[09:37:56] ❌ SCMH | RuntimeError
[09:37:56] [20/459] SVYM
[09:37:56] 🧠 New identity created
[09:37:56] 🔄 Identity reset
[09:37:56] ❌ SVYM | RuntimeError
[09:37:57] [21/459] SPYM
[09:37:57] 🧠 New identity created
[09:37:57] 🔄 Identity reset
[09:37:57] ❌ SPYM | RuntimeError
[09:37:57] [22/459] SMMF
[09:37:57] 🧠 New identity created
[09:37:58] 🔄 Identity reset
[09:37:58] ❌ SMMF | RuntimeError
[09:37:58] [23/459] CLLB
[09:37:58] 🧠 New identity created
[09:37:58] 🔄 Identity reset
[09:37:58] ❌ CLLB | RuntimeError
[09:37:59] [24/459] FMCB
[09:37:59] 🧠 New identity created
[09:37:59] 🔄 Identity reset
[09:37:59] ❌ FMCB | RuntimeError
[09:37:59] [25/459] BBTC
[09:37:59] 🧠 New identity created
[09:37:59] 🔄 Identity reset
[09:37:59] ❌ BBTC | RuntimeError
[09:38:00] [26/459] NTHS
[09:38:00] 🧠 New identity created
[09:38:00] 🔄 Identity reset
[09:38:00] ❌ NTHS | RuntimeError
[09:38:00] [27/459] PKKJ
[09:38:00] 🧠 New identity created
[09:38:00] 🔄 Identity reset
[09:38:00] ❌ PKKJ | RuntimeError
[09:38:01] [28/459] MTJA
[09:38:01] 🧠 New identity created
[09:38:01] 🔄 Identity reset
[09:38:01] ❌ MTJA | RuntimeError
[09:38:02] [29/459] PMSJ
[09:38:02] 🧠 New identity created
[09:38:02] 🔄 Identity reset
[09:38:02] ❌ PMSJ | RuntimeError
[09:38:02] [30/459] JMJU
[09:38:02] 🧠 New identity created
[09:38:02] 🔄 Identity reset
[09:38:02] ❌ JMJU | RuntimeError
[09:38:03] [31/459] SRAD
[09:38:03] 🧠 New identity created
[09:38:03] 🔄 Identity reset
[09:38:03] ❌ SRAD | RuntimeError
[09:38:04] [32/459] MJMC
[09:38:04] 🧠 New identity created
[09:38:04] 🔄 Identity reset
[09:38:04] ❌ MJMC | RuntimeError
[09:38:04] [33/459] DFRM
[09:38:04] 🧠 New identity created
[09:38:05] 🔄 Identity reset
[09:38:05] ❌ DFRM | RuntimeError
[09:38:05] [34/459] PMRS
[09:38:05] 🧠 New identity created
[09:38:05] 🔄 Identity reset
[09:38:05] ❌ PMRS | RuntimeError
[09:38:06] [35/459] RKPP
[09:38:06] 🧠 New identity created
[09:38:06] 🔄 Identity reset
[09:38:06] ❌ RKPP | RuntimeError
[09:38:06] [36/459] BMBK
[09:38:06] 🧠 New identity created
[09:38:06] 🔄 Identity reset
[09:38:06] ❌ BMBK | RuntimeError
[09:38:07] [37/459] NEWS
[09:38:07] 🧠 New identity created
[09:38:07] 🔄 Identity reset
[09:38:07] ❌ NEWS | RuntimeError
[09:38:07] [38/459] SALB
[09:38:07] 🧠 New identity created
[09:38:07] 🔄 Identity reset
[09:38:07] ❌ SALB | RuntimeError
[09:38:08] [39/459] SCPW
[09:38:08] 🧠 New identity created
[09:38:08] 🔄 Identity reset
[09:38:08] ❌ SCPW | RuntimeError
[09:38:09] [40/459] RAYL
[09:38:09] 🧠 New identity created
[09:38:09] 🔄 Identity reset
[09:38:09] ❌ RAYL | RuntimeError
[09:38:09] [41/459] CMGJ
[09:38:09] 🧠 New identity created
[09:38:09] 🔄 Identity reset
[09:38:09] ❌ CMGJ | RuntimeError
[09:38:10] [42/459] JRCR
[09:38:10] 🧠 New identity created
[09:38:10] 🔄 Identity reset
[09:38:10] ❌ JRCR | RuntimeError
[09:38:10] [43/459] SRTB
[09:38:10] 🧠 New identity created
[09:38:11] 🔄 Identity reset
[09:38:11] ❌ SRTB | RuntimeError
[09:38:11] [44/459] ETPB
[09:38:11] 🧠 New identity created
[09:38:11] 🔄 Identity reset
[09:38:11] ❌ ETPB | RuntimeError
[09:38:12] [45/459] MXBN
[09:38:12] 🧠 New identity created
[09:38:12] 🔄 Identity reset
[09:38:12] ❌ MXBN | RuntimeError
[09:38:12] [46/459] TOPE
[09:38:13] 🧠 New identity created
[09:38:13] 🔄 Identity reset
[09:38:13] ❌ TOPE | RuntimeError
[09:38:13] [47/459] SNLJ
[09:38:13] 🧠 New identity created
[09:38:13] 🔄 Identity reset
[09:38:13] ❌ SNLJ | RuntimeError
[09:38:14] [48/459] CDDP
[09:38:14] 🧠 New identity created
[09:38:14] 🔄 Identity reset
[09:38:14] ❌ CDDP | RuntimeError
[09:38:14] [49/459] APCX
[09:38:14] 🧠 New identity created
[09:38:14] 🔄 Identity reset
[09:38:14] ❌ APCX | RuntimeError
[09:38:15] [50/459] TALP
[09:38:15] 🧠 New identity created
[09:38:15] 🔄 Identity reset
[09:38:15] ❌ TALP | RuntimeError
[09:38:15] [51/459] RRMP
[09:38:15] 🧠 New identity created
[09:38:16] 🔄 Identity reset
[09:38:16] ❌ RRMP | RuntimeError
[09:38:16] [52/459] MAHB
[09:38:16] 🧠 New identity created
[09:38:16] 🔄 Identity reset
[09:38:16] ❌ MAHB | RuntimeError
[09:38:17] [53/459] MTKR
[09:38:17] 🧠 New identity created
[09:38:17] 🔄 Identity reset
[09:38:17] ❌ MTKR | RuntimeError
[09:38:18] [54/459] KSKL
[09:38:18] 🧠 New identity created
[09:38:18] 🔄 Identity reset
[09:38:18] ❌ KSKL | RuntimeError
[09:38:18] [55/459] RJLT
[09:38:18] 🧠 New identity created
[09:38:18] 🔄 Identity reset
[09:38:18] ❌ RJLT | RuntimeError
[09:38:19] [56/459] ATAS
[09:38:19] 🧠 New identity created
[09:38:19] 🔄 Identity reset
[09:38:19] ❌ ATAS | RuntimeError
[09:38:20] [57/459] AMHR
[09:38:20] 🧠 New identity created
[09:38:20] 🔄 Identity reset
[09:38:20] ❌ AMHR | RuntimeError
[09:38:20] [58/459] RSRM
[09:38:20] 🧠 New identity created
[09:38:20] 🔄 Identity reset
[09:38:20] ❌ RSRM | RuntimeError
[09:38:21] [59/459] GCAT
[09:38:21] 🧠 New identity created
[09:38:21] 🔄 Identity reset
[09:38:21] ❌ GCAT | RuntimeError
[09:38:22] [60/459] SMML
[09:38:22] 🧠 New identity created
[09:38:22] 🔄 Identity reset
[09:38:22] ❌ SMML | RuntimeError
[09:38:22] [61/459] ACCD
[09:38:22] 🧠 New identity created
[09:38:22] 🔄 Identity reset
[09:38:22] ❌ ACCD | RuntimeError
[09:38:23] [62/459] VYDA
[09:38:23] 🧠 New identity created
[09:38:23] 🔄 Identity reset
[09:38:23] ❌ VYDA | RuntimeError
[09:38:24] [63/459] MSKT
[09:38:24] 🧠 New identity created
[09:38:24] 🔄 Identity reset
[09:38:24] ❌ MSKT | RuntimeError
[09:38:24] [64/459] AVDM
[09:38:24] 🧠 New identity created
[09:38:24] 🔄 Identity reset
[09:38:24] ❌ AVDM | RuntimeError
[09:38:25] [65/459] ASMH
[09:38:25] 🧠 New identity created
[09:38:26] [66/459] VTMB
[09:38:27] [67/459] WVMB
[09:38:27] [68/459] PPMN
[09:38:28] [69/459] MTMD
[09:38:29] [70/459] SMMO
[09:38:30] [71/459] DLPB
[09:38:31] [72/459] AKMD
[09:38:32] [73/459] SHRR
[09:38:33] [74/459] ASCO
[09:38:34] [75/459] CZVX
[09:38:35] [76/459] GCBB
[09:38:36] [77/459] ATBM
[09:38:37] [78/459] TCGM
[09:38:37] [79/459] UMSE
[09:38:38] [80/459] NKCL
[09:38:40] [81/459] BTLR
[09:38:41] [82/459] GOCL
[09:38:41] [83/459] MIRN
[09:38:42] [84/459] THEC
[09:38:43] [85/459] SPPB
[09:38:44] [86/459] PMMM
[09:38:45] [87/459] GGMC
[09:38:46] [88/459] AVSR
[09:38:47] [89/459] RDMH
[09:38:47] [90/459] JSRS
[09:38:48] [91/459] VKGP
[09:38:49] [92/459] ACRT
[09:38:50] [93/459] GCBA
[09:38:50] [94/459] GTCP
[09:38:52] [95/459] AKFC
[09:38:52] [96/459] INCS
[09:38:54] [97/459] SMCK
[09:38:55] [98/459] BRUN
[09:38:56] [99/459] RPPC
[09:38:57] [100/459] PAYD
[09:38:58] [101/459] SVVT
[09:38:59] [102/459] RNCC
[09:38:59] [103/459] PCRC
[09:39:00] [104/459] PMRM
[09:39:01] [105/459] CCRP
[09:39:02] [106/459] INCR
[09:39:02] [107/459] ZTMP
[09:39:03] [108/459] MCNR
[09:39:04] [109/459] INRP
[09:39:05] [110/459] STRC
[09:39:06] [111/459] RATI
[09:39:07] [112/459] PBTR
[09:39:08] [113/459] CMHP
[09:39:08] [114/459] ZECJ
[09:39:09] [115/459] CCCB
[09:39:10] [116/459] BWCB
[09:39:10] [117/459] CCAT
[09:39:11] [118/459] KGCM
[09:39:12] [119/459] INPT
[09:39:13] [120/459] FNCO
[09:39:14] [121/459] SRMJ
[09:39:15] [122/459] PFSC
[09:39:16] [123/459] PBMC
[09:39:17] [124/459] KARP
[09:39:18] [125/459] KOVI
[09:39:19] [126/459] ACXL
[09:39:20] [127/459] GKCC
[09:39:20] [128/459] ASCC
[09:39:21] [129/459] SETC
[09:39:22] [130/459] KACC
[09:39:23] [131/459] KAVE
[09:39:24] [132/459] CNTC
[09:39:25] [133/459] MEEN
[09:39:26] [134/459] BMRV
[09:39:27] [135/459] SVAM
[09:39:28] [136/459] VTBP
[09:39:29] [137/459] VCKN
[09:39:30] [138/459] SGTK
[09:39:31] [139/459] RCGS
[09:39:32] [140/459] RCCB
[09:39:33] [141/459] RKSR
[09:39:33] [142/459] RKCU
[09:39:34] [143/459] GIBH
[09:39:35] [144/459] CXBS
[09:39:36] [145/459] GGCB
[09:39:37] [146/459] SCPB
[09:39:37] [147/459] AKTB
[09:39:38] [148/459] SRBU
[09:39:39] [149/459] CSSA
[09:39:40] [150/459] MYAN
[09:39:40] [151/459] EXCA
[09:39:41] [152/459] CKSA
[09:39:42] [153/459] JTNM
[09:39:43] [154/459] CXKT
[09:39:44] [155/459] NCLM
[09:39:44] [156/459] JAAD
[09:39:45] [157/459] RDCR
[09:39:47] [158/459] MEER
[09:39:47] [159/459] SIBT
[09:39:48] [160/459] PVVB
[09:39:49] [161/459] FNPN
[09:39:50] [162/459] CRPX
[09:39:50] [163/459] STET
[09:39:52] [164/459] METE
[09:39:53] [165/459] BJML
[09:39:54] [166/459] MAVT
[09:39:54] [167/459] MSRM
[09:39:55] [168/459] TJMP
[09:39:56] [169/459] MHCK
[09:39:57] [170/459] SVGP
[09:39:58] [171/459] KRRC
[09:39:58] [172/459] IMCH
[09:39:59] [173/459] CMCS
[09:40:00] [174/459] SGND
[09:40:02] [175/459] RNAT
[09:40:03] [176/459] PRTN
[09:40:04] [177/459] MPTN
[09:40:05] [178/459] ARCC
[09:40:06] [179/459] NTTE
[09:40:07] [180/459] ABND
[09:40:09] [181/459] KCSN
[09:40:09] [182/459] KCSA
[09:40:10] [183/459] DCKT
[09:40:11] [184/459] MBBR
[09:40:13] [185/459] RAMU
[09:40:14] [186/459] RACW
[09:40:14] [187/459] MCHP
[09:40:15] [188/459] TMHM
[09:40:16] [189/459] STXH
[09:40:16] [190/459] AGSG
[09:40:17] [191/459] SIRA
[09:40:18] [192/459] RCAN
[09:40:19] [193/459] CWTB
[09:40:19] [194/459] VTYM
[09:40:20] [195/459] RRPP
[09:40:21] [196/459] ASMR
[09:40:22] [197/459] RONO
[09:40:23] [198/459] MEMR
[09:40:24] [199/459] CTMR
[09:40:25] [200/459] PMTT
[09:40:26] [201/459] PSLX
[09:40:27] [202/459] IPPL
[09:40:29] [203/459] MMSG
[09:40:30] [204/459] INEL
[09:40:30] [205/459] COAC
[09:40:31] [206/459] WVLK
[09:40:32] [207/459] PPXL
[09:40:33] [208/459] PSML
[09:40:34] [209/459] FNLK
[09:40:34] [210/459] ILUM
[09:40:35] [211/459] ILCM
[09:40:36] [212/459] MSNL
[09:40:37] [213/459] VINB
[09:40:38] [214/459] SALW
[09:40:38] [215/459] PRTB
[09:40:39] [216/459] NCIL
[09:40:40] [217/459] PSUL
[09:40:41] [218/459] SCLK
[09:40:41] [219/459] ADDC
[09:40:42] [220/459] OACL
[09:40:43] [221/459] OOCF
[09:40:44] [222/459] GPMF
[09:40:45] [223/459] SSDG
[09:40:46] [224/459] SKRS
[09:40:47] [225/459] NTTP
[09:40:48] [226/459] SLTP
[09:40:49] [227/459] JTLC
[09:40:50] [228/459] POON
[09:40:51] [229/459] CCPC
[09:40:52] [230/459] DCKC
[09:40:53] [231/459] CPRT
[09:40:53] [232/459] EYHZ
[09:40:54] [233/459] ARBL
[09:40:55] [234/459] SBTB
[09:40:56] [235/459] MMCK
[09:40:56] [236/459] PLMR
[09:40:57] [237/459] BIJH
[09:40:58] [238/459] SDRT
[09:40:59] [239/459] PRDC
[09:41:00] [240/459] OMJA
[09:41:01] [241/459] VKCR
[09:41:01] [242/459] ATRT
[09:41:02] [243/459] WVRP
[09:41:03] [244/459] MVRP
[09:41:04] [245/459] FCAX
[09:41:05] [246/459] CTLC
[09:41:06] [247/459] JCHB
[09:41:07] [248/459] SELP
[09:41:08] [249/459] VCPG
[09:41:09] [250/459] ASCX
[09:41:10] [251/459] EOCS
[09:41:11] [252/459] RCPH
[09:41:12] [253/459] RJTM
[09:41:12] [254/459] SGMD
[09:41:13] [255/459] SVJT
[09:41:15] [256/459] SPPO
[09:41:16] [257/459] MNRL
[09:41:17] [258/459] KNOX
[09:41:17] [259/459] GIER
[09:41:18] [260/459] PJMS
[09:41:20] [261/459] UNSP
[09:41:21] [262/459] JETP
[09:41:22] [263/459] VTWA
[09:41:23] [264/459] SCJI
[09:41:25] [265/459] CBZZ
[09:41:25] [266/459] SDCJ
[09:41:26] [267/459] RRCC
[09:41:27] [268/459] VNKG
[09:41:28] [269/459] LKTO
[09:41:29] [270/459] PJRM
[09:41:29] [271/459] NVRM
[09:41:30] [272/459] SJCS
[09:41:31] [273/459] VIGK
[09:41:32] [274/459] ANST
[09:41:33] [275/459] JTTS
[09:41:34] [276/459] NTST
[09:41:34] [277/459] PREB
[09:41:35] [278/459] TSCZ
[09:41:37] [279/459] CDCM
[09:41:37] [280/459] ELYE
[09:41:38] [281/459] INBS
[09:41:39] [282/459] SMGC
[09:41:40] [283/459] UTMP
[09:41:41] [284/459] INTA
[09:41:42] [285/459] OMPT
[09:41:43] [286/459] SCIR
[09:41:43] [287/459] GCKJ
[09:41:44] [288/459] INOG
[09:41:45] [289/459] SMGB
[09:41:46] [290/459] MCSG
[09:41:47] [291/459] STKG
[09:41:48] [292/459] TTKG
[09:41:49] [293/459] SRTR
[09:41:51] [294/459] ETTR
[09:41:52] [295/459] GGGZ
[09:41:53] [296/459] IPGM
[09:41:54] [297/459] FCDH
[09:41:54] [298/459] DESB
[09:41:55] [299/459] VNTP
[09:41:56] [300/459] ANNT
[09:41:57] [301/459] SLTI
[09:41:57] [302/459] MAJU
[09:41:58] [303/459] JCXP
[09:41:59] [304/459] HARK
[09:42:00] [305/459] JPCJ
[09:42:01] [306/459] RXBD
[09:42:02] [307/459] PTKJ
[09:42:02] [308/459] CMTU
[09:42:03] [309/459] SWOR
[09:42:04] [310/459] JMEX
[09:42:05] [311/459] DTPT
[09:42:06] [312/459] VGMM
[09:42:07] [313/459] VCSG
[09:42:08] [314/459] CVCG
[09:42:09] [315/459] TNTT
[09:42:10] [316/459] SHRM
[09:42:11] [317/459] CGKD
[09:42:11] [318/459] EKCM
[09:42:12] [319/459] SDCX
[09:42:13] [320/459] SBTE
[09:42:14] [321/459] STKJ
[09:42:15] [322/459] TPCE
[09:42:16] [323/459] JTNP
[09:42:17] [324/459] LPCH
[09:42:18] [325/459] CPUO
[09:42:18] [326/459] APSU
[09:42:19] [327/459] RTHC
[09:42:20] [328/459] PTBU
[09:42:21] [329/459] CUCC
[09:42:22] [330/459] CPSA
[09:42:22] [331/459] SUAY
[09:42:23] [332/459] AYAA
[09:42:25] [333/459] MUCH
[09:42:26] [334/459] PCIN
[09:42:26] [335/459] JRRM
[09:42:27] [336/459] KATS
[09:42:29] [337/459] MHFF
[09:42:30] [338/459] ESYM
[09:42:31] [339/459] STYV
[09:42:32] [340/459] SDKG
[09:42:32] [341/459] SMTI
[09:42:33] [342/459] NYCS
[09:42:35] [343/459] MTBG
[09:42:36] [344/459] RHCA
[09:42:37] [345/459] PCKH
[09:42:38] [346/459] ARCR
[09:42:38] [347/459] NCMB
[09:42:39] [348/459] SHYC
[09:42:40] [349/459] LACK
[09:42:41] [350/459] MTCM
[09:42:41] [351/459] RRBN
[09:42:42] [352/459] MYDC
[09:42:44] [353/459] STCS
[09:42:44] [354/459] CONN
[09:42:45] [355/459] SIPS
[09:42:46] [356/459] SMMX
[09:42:47] [357/459] SCBY
[09:42:48] [358/459] SUAP
[09:42:49] [359/459] RSMK
[09:42:50] [360/459] STKP
[09:42:51] [361/459] CIPC
[09:42:52] [362/459] KKCI
[09:42:53] [363/459] CTNK
[09:42:54] [364/459] MMTZ
[09:42:55] [365/459] DCCO
[09:42:56] [366/459] VNMN
[09:42:56] [367/459] RLCN
[09:42:57] [368/459] CMMS
[09:42:58] [369/459] AYOU
[09:42:59] [370/459] SSCN
[09:43:00] [371/459] SMXN
[09:43:01] [372/459] ASSK
[09:43:02] [373/459] VCKM
[09:43:03] [374/459] PCPH
[09:43:04] [375/459] PADM
[09:43:04] [376/459] IESA
[09:43:05] [377/459] VCSP
[09:43:06] [378/459] AEST
[09:43:07] [379/459] VTNR
[09:43:08] [380/459] GTTA
[09:43:09] [381/459] CMMM
[09:43:10] [382/459] AHKT
[09:43:11] [383/459] SIJI
[09:43:12] [384/459] VCEI
[09:43:13] [385/459] SAKR
[09:43:13] [386/459] VSMT
[09:43:14] [387/459] SSCT
[09:43:15] [388/459] USTR
[09:43:16] [389/459] MTKT
[09:43:17] [390/459] TGMP
[09:43:18] [391/459] SIVC
[09:43:18] [392/459] KICT
[09:43:19] [393/459] DAMD
[09:43:20] [394/459] CNPT
[09:43:21] [395/459] RVTT
[09:43:21] [396/459] SNCM
[09:43:22] [397/459] GHTE
[09:43:23] [398/459] PPAM
[09:43:24] [399/459] PVAA
[09:43:25] [400/459] CPAO
[09:43:25] [401/459] HAMD
[09:43:26] [402/459] RCCA
[09:43:27] [403/459] MPCH
[09:43:28] [404/459] ARED
[09:43:29] [405/459] RRCV
[09:43:30] [406/459] MTRB
[09:43:30] [407/459] CKUA
[09:43:31] [408/459] ABMP
[09:43:32] [409/459] RCWA
[09:43:33] [410/459] CGAR
[09:43:33] [411/459] METH
[09:43:34] [412/459] WAGA
[09:43:35] [413/459] MCMA
[09:43:35] [414/459] CSMP
[09:43:36] [415/459] RCNK
[09:43:37] [416/459] PSTM
[09:43:38] [417/459] CSEP
[09:43:39] [418/459] AMGD
[09:43:41] [419/459] CSTE
[09:43:41] [420/459] CONS
[09:43:42] [421/459] APPX
[09:43:43] [422/459] MABC
[09:43:44] [423/459] CXST
[09:43:45] [424/459] MATN
[09:43:46] [425/459] MACZ
[09:43:47] [426/459] MASA
[09:43:47] [427/459] MBSX
[09:43:48] [428/459] CSST
[09:43:49] [429/459] APCL
[09:43:50] [430/459] CGOS
[09:43:51] [431/459] CPEC
[09:43:53] [432/459] MCCP
[09:43:53] [433/459] BSSO
[09:43:54] [434/459] SJKA
[09:43:56] [435/459] CGBO
[09:43:56] [436/459] MVSK
[09:43:57] [437/459] HVCA
[09:43:58] [438/459] NAMD
[09:43:59] [439/459] DEVI
[09:44:00] [440/459] SCSV
[09:44:01] [441/459] PSMA
[09:44:02] [442/459] CLDJ
[09:44:03] [443/459] NMAD
[09:44:04] [444/459] CGMO
[09:44:04] [445/459] MCNA
[09:44:05] [446/459] OCBN
[09:44:06] [447/459] CPEM
[09:44:07] [448/459] CPSM
[09:44:08] [449/459] RCAD
[09:44:09] [450/459] CPMU
[09:44:10] [451/459] DICD
[09:44:11] [452/459] CHOE
[09:44:12] [453/459] PDJM
[09:44:13] [454/459] SSTU
[09:44:14] [455/459] VNRN
[09:44:15] [456/459] PVLG
[09:44:15] [457/459] SWBL
[09:44:16] [458/459] SCAB
[09:44:18] [459/459] RDDA
[09:44:19] 🧹 Deduping shows
[09:44:19] ✅ DONE | Shows=570 | Movies=44
[16:55:41] 🚀 SCRIPT STARTED
[16:55:41] [1/459] MCCZ
[16:55:41] 🧠 New identity created
[16:55:41] 🔄 Identity reset
[16:55:41] ❌ MCCZ | RuntimeError
[16:55:42] [2/459] FRPU
[16:55:42] 🧠 New identity created
[16:55:42] 🔄 Identity reset
[16:55:42] ❌ FRPU | RuntimeError
[16:55:42] [3/459] SKSI
[16:55:42] 🧠 New identity created
[16:55:42] 🔄 Identity reset
[16:55:42] ❌ SKSI | RuntimeError
[16:55:43] [4/459] SSCK
[16:55:43] 🧠 New identity created
[16:55:43] 🔄 Identity reset
[16:55:43] ❌ SSCK | RuntimeError
[16:55:44] [5/459] SRDC
[16:55:44] 🧠 New identity created
[16:55:44] 🔄 Identity reset
[16:55:44] ❌ SRDC | RuntimeError
[16:55:44] [6/459] RSCZ
[16:55:44] 🧠 New identity created
[16:55:45] 🔄 Identity reset
[16:55:45] ❌ RSCZ | RuntimeError
[16:55:45] [7/459] PRVT
[16:55:45] 🧠 New identity created
[16:55:45] 🔄 Identity reset
[16:55:45] ❌ PRVT | RuntimeError
[16:55:46] [8/459] GAGJ
[16:55:46] 🧠 New identity created
[16:55:46] 🔄 Identity reset
[16:55:46] ❌ GAGJ | RuntimeError
[16:55:46] [9/459] SMHG
[16:55:46] 🧠 New identity created
[16:55:46] 🔄 Identity reset
[16:55:46] ❌ SMHG | RuntimeError
[16:55:47] [10/459] JTST
[16:55:47] 🧠 New identity created
[16:55:47] 🔄 Identity reset
[16:55:47] ❌ JTST | RuntimeError
[16:55:48] [11/459] MYTH
[16:55:48] 🧠 New identity created
[16:55:48] 🔄 Identity reset
[16:55:48] ❌ MYTH | RuntimeError
[16:55:48] [12/459] JPCC
[16:55:48] 🧠 New identity created
[16:55:48] 🔄 Identity reset
[16:55:48] ❌ JPCC | RuntimeError
[16:55:49] [13/459] ACDC
[16:55:49] 🧠 New identity created
[16:55:49] 🔄 Identity reset
[16:55:49] ❌ ACDC | RuntimeError
[16:55:50] [14/459] SVFP
[16:55:50] 🧠 New identity created
[16:55:50] 🔄 Identity reset
[16:55:50] ❌ SVFP | RuntimeError
[16:55:50] [15/459] SFCM
[16:55:50] 🧠 New identity created
[16:55:51] 🔄 Identity reset
[16:55:51] ❌ SFCM | RuntimeError
[16:55:51] [16/459] RUPK
[16:55:51] 🧠 New identity created
[16:55:51] 🔄 Identity reset
[16:55:51] ❌ RUPK | RuntimeError
[16:55:52] [17/459] NTCR
[16:55:52] 🧠 New identity created
[16:55:52] 🔄 Identity reset
[16:55:52] ❌ NTCR | RuntimeError
[16:55:52] [18/459] RTCH
[16:55:52] 🧠 New identity created
[16:55:52] 🔄 Identity reset
[16:55:52] ❌ RTCH | RuntimeError
[16:55:53] [19/459] SCMH
[16:55:53] 🧠 New identity created
[16:55:53] 🔄 Identity reset
[16:55:53] ❌ SCMH | RuntimeError
[16:55:53] [20/459] SVYM
[16:55:53] 🧠 New identity created
[16:55:54] 🔄 Identity reset
[16:55:54] ❌ SVYM | RuntimeError
[16:55:54] [21/459] SPYM
[16:55:54] 🧠 New identity created
[16:55:54] 🔄 Identity reset
[16:55:54] ❌ SPYM | RuntimeError
[16:55:55] [22/459] SMMF
[16:55:55] 🧠 New identity created
[16:55:55] 🔄 Identity reset
[16:55:55] ❌ SMMF | RuntimeError
[16:55:55] [23/459] CLLB
[16:55:55] 🧠 New identity created
[16:55:55] 🔄 Identity reset
[16:55:55] ❌ CLLB | RuntimeError
[16:55:56] [24/459] FMCB
[16:55:56] 🧠 New identity created
[16:55:56] 🔄 Identity reset
[16:55:56] ❌ FMCB | RuntimeError
[16:55:57] [25/459] BBTC
[16:55:57] 🧠 New identity created
[16:55:57] 🔄 Identity reset
[16:55:57] ❌ BBTC | RuntimeError
[16:55:57] [26/459] NTHS
[16:55:57] 🧠 New identity created
[16:55:57] 🔄 Identity reset
[16:55:57] ❌ NTHS | RuntimeError
[16:55:58] [27/459] PKKJ
[16:55:58] 🧠 New identity created
[16:55:58] 🔄 Identity reset
[16:55:58] ❌ PKKJ | RuntimeError
[16:55:59] [28/459] MTJA
[16:55:59] 🧠 New identity created
[16:55:59] 🔄 Identity reset
[16:55:59] ❌ MTJA | RuntimeError
[16:56:00] [29/459] PMSJ
[16:56:00] 🧠 New identity created
[16:56:00] 🔄 Identity reset
[16:56:00] ❌ PMSJ | RuntimeError
[16:56:00] [30/459] JMJU
[16:56:00] 🧠 New identity created
[16:56:00] 🔄 Identity reset
[16:56:00] ❌ JMJU | RuntimeError
[16:56:01] [31/459] SRAD
[16:56:01] 🧠 New identity created
[16:56:01] 🔄 Identity reset
[16:56:01] ❌ SRAD | RuntimeError
[16:56:01] [32/459] MJMC
[16:56:01] 🧠 New identity created
[16:56:02] 🔄 Identity reset
[16:56:02] ❌ MJMC | RuntimeError
[16:56:02] [33/459] DFRM
[16:56:02] 🧠 New identity created
[16:56:02] 🔄 Identity reset
[16:56:02] ❌ DFRM | RuntimeError
[16:56:03] [34/459] PMRS
[16:56:03] 🧠 New identity created
[16:56:03] 🔄 Identity reset
[16:56:03] ❌ PMRS | RuntimeError
[16:56:03] [35/459] RKPP
[16:56:03] 🧠 New identity created
[16:56:03] 🔄 Identity reset
[16:56:03] ❌ RKPP | RuntimeError
[16:56:04] [36/459] BMBK
[16:56:04] 🧠 New identity created
[16:56:04] 🔄 Identity reset
[16:56:04] ❌ BMBK | RuntimeError
[16:56:05] [37/459] NEWS
[16:56:05] 🧠 New identity created
[16:56:05] 🔄 Identity reset
[16:56:05] ❌ NEWS | RuntimeError
[16:56:05] [38/459] SALB
[16:56:05] 🧠 New identity created
[16:56:05] 🔄 Identity reset
[16:56:05] ❌ SALB | RuntimeError
[16:56:06] [39/459] SCPW
[16:56:06] 🧠 New identity created
[16:56:06] 🔄 Identity reset
[16:56:06] ❌ SCPW | RuntimeError
[16:56:07] [40/459] RAYL
[16:56:07] 🧠 New identity created
[16:56:07] 🔄 Identity reset
[16:56:07] ❌ RAYL | RuntimeError
[16:56:07] [41/459] CMGJ
[16:56:07] 🧠 New identity created
[16:56:07] 🔄 Identity reset
[16:56:07] ❌ CMGJ | RuntimeError
[16:56:08] [42/459] JRCR
[16:56:08] 🧠 New identity created
[16:56:08] 🔄 Identity reset
[16:56:08] ❌ JRCR | RuntimeError
[16:56:09] [43/459] SRTB
[16:56:09] 🧠 New identity created
[16:56:09] 🔄 Identity reset
[16:56:09] ❌ SRTB | RuntimeError
[16:56:09] [44/459] ETPB
[16:56:09] 🧠 New identity created
[16:56:09] 🔄 Identity reset
[16:56:09] ❌ ETPB | RuntimeError
[16:56:10] [45/459] MXBN
[16:56:10] 🧠 New identity created
[16:56:10] 🔄 Identity reset
[16:56:10] ❌ MXBN | RuntimeError
[16:56:11] [46/459] TOPE
[16:56:11] 🧠 New identity created
[16:56:11] 🔄 Identity reset
[16:56:11] ❌ TOPE | RuntimeError
[16:56:11] [47/459] SNLJ
[16:56:11] 🧠 New identity created
[16:56:11] 🔄 Identity reset
[16:56:11] ❌ SNLJ | RuntimeError
[16:56:12] [48/459] CDDP
[16:56:12] 🧠 New identity created
[16:56:12] 🔄 Identity reset
[16:56:12] ❌ CDDP | RuntimeError
[16:56:12] [49/459] APCX
[16:56:12] 🧠 New identity created
[16:56:12] 🔄 Identity reset
[16:56:12] ❌ APCX | RuntimeError
[16:56:13] [50/459] TALP
[16:56:13] 🧠 New identity created
[16:56:13] 🔄 Identity reset
[16:56:13] ❌ TALP | RuntimeError
[16:56:14] [51/459] RRMP
[16:56:14] 🧠 New identity created
[16:56:14] 🔄 Identity reset
[16:56:14] ❌ RRMP | RuntimeError
[16:56:14] [52/459] MAHB
[16:56:14] 🧠 New identity created
[16:56:14] 🔄 Identity reset
[16:56:14] ❌ MAHB | RuntimeError
[16:56:15] [53/459] MTKR
[16:56:15] 🧠 New identity created
[16:56:15] 🔄 Identity reset
[16:56:15] ❌ MTKR | RuntimeError
[16:56:15] [54/459] KSKL
[16:56:15] 🧠 New identity created
[16:56:15] 🔄 Identity reset
[16:56:15] ❌ KSKL | RuntimeError
[16:56:16] [55/459] RJLT
[16:56:16] 🧠 New identity created
[16:56:16] 🔄 Identity reset
[16:56:16] ❌ RJLT | RuntimeError
[16:56:17] [56/459] ATAS
[16:56:17] 🧠 New identity created
[16:56:17] 🔄 Identity reset
[16:56:17] ❌ ATAS | RuntimeError
[16:56:17] [57/459] AMHR
[16:56:17] 🧠 New identity created
[16:56:17] 🔄 Identity reset
[16:56:17] ❌ AMHR | RuntimeError
[16:56:18] [58/459] RSRM
[16:56:18] 🧠 New identity created
[16:56:18] 🔄 Identity reset
[16:56:18] ❌ RSRM | RuntimeError
[16:56:19] [59/459] GCAT
[16:56:19] 🧠 New identity created
[16:56:19] 🔄 Identity reset
[16:56:19] ❌ GCAT | RuntimeError
[16:56:19] [60/459] SMML
[16:56:19] 🧠 New identity created
[16:56:19] 🔄 Identity reset
[16:56:19] ❌ SMML | RuntimeError
[16:56:20] [61/459] ACCD
[16:56:20] 🧠 New identity created
[16:56:21] [62/459] VYDA
[16:56:22] [63/459] MSKT
[16:56:23] [64/459] AVDM
[16:56:23] [65/459] ASMH
[16:56:24] [66/459] VTMB
[16:56:25] [67/459] WVMB
[16:56:26] [68/459] PPMN
[16:56:26] [69/459] MTMD
[16:56:27] [70/459] SMMO
[16:56:28] [71/459] DLPB
[16:56:29] [72/459] AKMD
[16:56:30] [73/459] SHRR
[16:56:31] [74/459] ASCO
[16:56:31] [75/459] CZVX
[16:56:32] [76/459] GCBB
[16:56:33] [77/459] ATBM
[16:56:34] [78/459] TCGM
[16:56:35] [79/459] UMSE
[16:56:36] [80/459] NKCL
[16:56:37] [81/459] BTLR
[16:56:38] [82/459] GOCL
[16:56:39] [83/459] MIRN
[16:56:40] [84/459] THEC
[16:56:41] [85/459] SPPB
[16:56:41] [86/459] PMMM
[16:56:42] [87/459] GGMC
[16:56:43] [88/459] AVSR
[16:56:44] [89/459] RDMH
[16:56:45] [90/459] JSRS
[16:56:45] [91/459] VKGP
[16:56:46] [92/459] ACRT
[16:56:47] [93/459] GCBA
[16:56:48] [94/459] GTCP
[16:56:48] [95/459] AKFC
[16:56:50] [96/459] INCS
[16:56:51] [97/459] SMCK
[16:56:53] [98/459] BRUN
[16:56:53] [99/459] RPPC
[16:56:54] [100/459] PAYD
[16:56:56] [101/459] SVVT
[16:56:56] [102/459] RNCC
[16:56:57] [103/459] PCRC
[16:56:58] [104/459] PMRM
[16:56:59] [105/459] CCRP
[16:57:01] [106/459] INCR
[16:57:02] [107/459] ZTMP
[16:57:03] [108/459] MCNR
[16:57:03] [109/459] INRP
[16:57:04] [110/459] STRC
[16:57:05] [111/459] RATI
[16:57:06] [112/459] PBTR
[16:57:07] [113/459] CMHP
[16:57:07] [114/459] ZECJ
[16:57:08] [115/459] CCCB
[16:57:09] [116/459] BWCB
[16:57:10] [117/459] CCAT
[16:57:11] [118/459] KGCM
[16:57:11] [119/459] INPT
[16:57:12] [120/459] FNCO
[16:57:13] [121/459] SRMJ
[16:57:14] [122/459] PFSC
[16:57:14] [123/459] PBMC
[16:57:15] [124/459] KARP
[16:57:16] [125/459] KOVI
[16:57:17] [126/459] ACXL
[16:57:18] [127/459] GKCC
[16:57:18] [128/459] ASCC
[16:57:19] [129/459] SETC
[16:57:20] [130/459] KACC
[16:57:21] [131/459] KAVE
[16:57:21] [132/459] CNTC
[16:57:22] [133/459] MEEN
[16:57:23] [134/459] BMRV
[16:57:24] [135/459] SVAM
[16:57:25] [136/459] VTBP
[16:57:27] [137/459] VCKN
[16:57:28] [138/459] SGTK
[16:57:28] [139/459] RCGS
[16:57:29] [140/459] RCCB
[16:57:30] [141/459] RKSR
[16:57:31] [142/459] RKCU
[16:57:32] [143/459] GIBH
[16:57:33] [144/459] CXBS
[16:57:34] [145/459] GGCB
[16:57:34] [146/459] SCPB
[16:57:35] [147/459] AKTB
[16:57:36] [148/459] SRBU
[16:57:37] [149/459] CSSA
[16:57:38] [150/459] MYAN
[16:57:39] [151/459] EXCA
[16:57:40] [152/459] CKSA
[16:57:40] [153/459] JTNM
[16:57:41] [154/459] CXKT
[16:57:42] [155/459] NCLM
[16:57:43] [156/459] JAAD
[16:57:44] [157/459] RDCR
[16:57:46] [158/459] MEER
[16:57:47] [159/459] SIBT
[16:57:47] [160/459] PVVB
[16:57:48] [161/459] FNPN
[16:57:49] [162/459] CRPX
[16:57:50] [163/459] STET
[16:57:51] [164/459] METE
[16:57:52] [165/459] BJML
[16:57:52] [166/459] MAVT
[16:57:53] [167/459] MSRM
[16:57:54] [168/459] TJMP
[16:57:55] [169/459] MHCK
[16:57:56] [170/459] SVGP
[16:57:57] [171/459] KRRC
[16:57:57] [172/459] IMCH
[16:57:58] [173/459] CMCS
[16:57:59] [174/459] SGND
[16:58:00] [175/459] RNAT
[16:58:00] [176/459] PRTN
[16:58:01] [177/459] MPTN
[16:58:02] [178/459] ARCC
[16:58:03] [179/459] NTTE
[16:58:04] [180/459] ABND
[16:58:05] [181/459] KCSN
[16:58:05] [182/459] KCSA
[16:58:06] [183/459] DCKT
[16:58:07] [184/459] MBBR
[16:58:08] [185/459] RAMU
[16:58:08] [186/459] RACW
[16:58:09] [187/459] MCHP
[16:58:10] [188/459] TMHM
[16:58:11] [189/459] STXH
[16:58:11] [190/459] AGSG
[16:58:13] [191/459] SIRA
[16:58:14] [192/459] RCAN
[16:58:14] [193/459] CWTB
[16:58:15] [194/459] VTYM
[16:58:16] [195/459] RRPP
[16:58:17] [196/459] ASMR
[16:58:18] [197/459] RONO
[16:58:19] [198/459] MEMR
[16:58:20] [199/459] CTMR
[16:58:21] [200/459] PMTT
[16:58:21] [201/459] PSLX
[16:58:22] [202/459] IPPL
[16:58:23] [203/459] MMSG
[16:58:24] [204/459] INEL
[16:58:25] [205/459] COAC
[16:58:26] [206/459] WVLK
[16:58:28] [207/459] PPXL
[16:58:28] [208/459] PSML
[16:58:29] [209/459] FNLK
[16:58:30] [210/459] ILUM
[16:58:31] [211/459] ILCM
[16:58:32] [212/459] MSNL
[16:58:33] [213/459] VINB
[16:58:34] [214/459] SALW
[16:58:34] [215/459] PRTB
[16:58:35] [216/459] NCIL
[16:58:36] [217/459] PSUL
[16:58:37] [218/459] SCLK
[16:58:37] [219/459] ADDC
[16:58:38] [220/459] OACL
[16:58:39] [221/459] OOCF
[16:58:40] [222/459] GPMF
[16:58:40] [223/459] SSDG
[16:58:41] [224/459] SKRS
[16:58:43] [225/459] NTTP
[16:58:43] [226/459] SLTP
[16:58:44] [227/459] JTLC
[16:58:45] [228/459] POON
[16:58:46] [229/459] CCPC
[16:58:47] [230/459] DCKC
[16:58:48] [231/459] CPRT
[16:58:48] [232/459] EYHZ
[16:58:49] [233/459] ARBL
[16:58:50] [234/459] SBTB
[16:58:51] [235/459] MMCK
[16:58:51] [236/459] PLMR
[16:58:52] [237/459] BIJH
[16:58:53] [238/459] SDRT
[16:58:54] [239/459] PRDC
[16:58:55] [240/459] OMJA
[16:58:56] [241/459] VKCR
[16:58:56] [242/459] ATRT
[16:58:57] [243/459] WVRP
[16:58:58] [244/459] MVRP
[16:58:59] [245/459] FCAX
[16:59:00] [246/459] CTLC
[16:59:00] [247/459] JCHB
[16:59:01] [248/459] SELP
[16:59:02] [249/459] VCPG
[16:59:03] [250/459] ASCX
[16:59:04] [251/459] EOCS
[16:59:05] [252/459] RCPH
[16:59:06] [253/459] RJTM
[16:59:07] [254/459] SGMD
[16:59:07] [255/459] SVJT
[16:59:08] [256/459] SPPO
[16:59:09] [257/459] MNRL
[16:59:10] [258/459] KNOX
[16:59:11] [259/459] GIER
[16:59:11] [260/459] PJMS
[16:59:12] [261/459] UNSP
[16:59:13] [262/459] JETP
[16:59:14] [263/459] VTWA
[16:59:15] [264/459] SCJI
[16:59:15] [265/459] CBZZ
[16:59:16] [266/459] SDCJ
[16:59:17] [267/459] RRCC
[16:59:18] [268/459] VNKG
[16:59:18] [269/459] LKTO
[16:59:19] [270/459] PJRM
[16:59:20] [271/459] NVRM
[16:59:21] [272/459] SJCS
[16:59:21] [273/459] VIGK
[16:59:22] [274/459] ANST
[16:59:23] [275/459] JTTS
[16:59:24] [276/459] NTST
[16:59:25] [277/459] PREB
[16:59:26] [278/459] TSCZ
[16:59:26] [279/459] CDCM
[16:59:27] [280/459] ELYE
[16:59:27] [281/459] INBS
[16:59:29] [282/459] SMGC
[16:59:29] [283/459] UTMP
[16:59:30] [284/459] INTA
[16:59:31] [285/459] OMPT
[16:59:32] [286/459] SCIR
[16:59:33] [287/459] GCKJ
[16:59:34] [288/459] INOG
[16:59:35] [289/459] SMGB
[16:59:36] [290/459] MCSG
[16:59:37] [291/459] STKG
[16:59:38] [292/459] TTKG
[16:59:39] [293/459] SRTR
[16:59:40] [294/459] ETTR
[16:59:40] [295/459] GGGZ
[16:59:41] [296/459] IPGM
[16:59:42] [297/459] FCDH
[16:59:43] [298/459] DESB
[16:59:44] [299/459] VNTP
[16:59:45] [300/459] ANNT
[16:59:45] [301/459] SLTI
[16:59:46] [302/459] MAJU
[16:59:47] [303/459] JCXP
[16:59:48] [304/459] HARK
[16:59:49] [305/459] JPCJ
[16:59:49] [306/459] RXBD
[16:59:50] [307/459] PTKJ
[16:59:51] [308/459] CMTU
[16:59:52] [309/459] SWOR
[16:59:53] [310/459] JMEX
[16:59:55] [311/459] DTPT
[16:59:56] [312/459] VGMM
[16:59:57] [313/459] VCSG
[16:59:58] [314/459] CVCG
[16:59:59] [315/459] TNTT
[17:00:00] [316/459] SHRM
[17:00:01] [317/459] CGKD
[17:00:02] [318/459] EKCM
[17:00:03] [319/459] SDCX
[17:00:03] [320/459] SBTE
[17:00:04] [321/459] STKJ
[17:00:05] [322/459] TPCE
[17:00:06] [323/459] JTNP
[17:00:07] [324/459] LPCH
[17:00:07] [325/459] CPUO
[17:00:08] [326/459] APSU
[17:00:09] [327/459] RTHC
[17:00:10] [328/459] PTBU
[17:00:11] [329/459] CUCC
[17:00:12] [330/459] CPSA
[17:00:12] [331/459] SUAY
[17:00:13] [332/459] AYAA
[17:00:14] [333/459] MUCH
[17:00:15] [334/459] PCIN
[17:00:15] [335/459] JRRM
[17:00:16] [336/459] KATS
[17:00:17] [337/459] MHFF
[17:00:18] [338/459] ESYM
[17:00:19] [339/459] STYV
[17:00:20] [340/459] SDKG
[17:00:21] [341/459] SMTI
[17:00:21] [342/459] NYCS
[17:00:22] [343/459] MTBG
[17:00:23] [344/459] RHCA
[17:00:25] [345/459] PCKH
[17:00:25] [346/459] ARCR
[17:00:26] [347/459] NCMB
[17:00:27] [348/459] SHYC
[17:00:28] [349/459] LACK
[17:00:29] [350/459] MTCM
[17:00:30] [351/459] RRBN
[17:00:31] [352/459] MYDC
[17:00:32] [353/459] STCS
[17:00:33] [354/459] CONN
[17:00:34] [355/459] SIPS
[17:00:35] [356/459] SMMX
[17:00:36] [357/459] SCBY
[17:00:36] [358/459] SUAP
[17:00:38] [359/459] RSMK
[17:00:39] [360/459] STKP
[17:00:40] [361/459] CIPC
[17:00:40] [362/459] KKCI
[17:00:41] [363/459] CTNK
[17:00:42] [364/459] MMTZ
[17:00:43] [365/459] DCCO
[17:00:43] [366/459] VNMN
[17:00:44] [367/459] RLCN
[17:00:45] [368/459] CMMS
[17:00:46] [369/459] AYOU
[17:00:47] [370/459] SSCN
[17:00:48] [371/459] SMXN
[17:00:48] [372/459] ASSK
[17:00:49] [373/459] VCKM
[17:00:50] [374/459] PCPH
[17:00:51] [375/459] PADM
[17:00:52] [376/459] IESA
[17:00:52] [377/459] VCSP
[17:00:53] [378/459] AEST
[17:00:53] [379/459] VTNR
[17:00:55] [380/459] GTTA
[17:00:56] [381/459] CMMM
[17:00:56] [382/459] AHKT
[17:00:57] [383/459] SIJI
[17:00:58] [384/459] VCEI
[17:00:59] [385/459] SAKR
[17:01:00] [386/459] VSMT
[17:01:01] [387/459] SSCT
[17:01:01] [388/459] USTR
[17:01:02] [389/459] MTKT
[17:01:03] [390/459] TGMP
[17:01:04] [391/459] SIVC
[17:01:05] [392/459] KICT
[17:01:05] [393/459] DAMD
[17:01:06] [394/459] CNPT
[17:01:08] [395/459] RVTT
[17:01:08] [396/459] SNCM
[17:01:09] [397/459] GHTE
[17:01:10] [398/459] PPAM
[17:01:10] [399/459] PVAA
[17:01:11] [400/459] CPAO
[17:01:12] [401/459] HAMD
[17:01:13] [402/459] RCCA
[17:01:14] [403/459] MPCH
[17:01:14] [404/459] ARED
[17:01:15] [405/459] RRCV
[17:01:16] [406/459] MTRB
[17:01:17] [407/459] CKUA
[17:01:18] [408/459] ABMP
[17:01:19] [409/459] RCWA
[17:01:19] [410/459] CGAR
[17:01:20] [411/459] METH
[17:01:21] [412/459] WAGA
[17:01:22] [413/459] MCMA
[17:01:23] [414/459] CSMP
[17:01:24] [415/459] RCNK
[17:01:25] [416/459] PSTM
[17:01:26] [417/459] CSEP
[17:01:27] [418/459] AMGD
[17:01:27] [419/459] CSTE
[17:01:28] [420/459] CONS
[17:01:29] [421/459] APPX
[17:01:29] [422/459] MABC
[17:01:30] [423/459] CXST
[17:01:31] [424/459] MATN
[17:01:32] [425/459] MACZ
[17:01:32] [426/459] MASA
[17:01:33] [427/459] MBSX
[17:01:34] [428/459] CSST
[17:01:35] [429/459] APCL
[17:01:35] [430/459] CGOS
[17:01:36] [431/459] CPEC
[17:01:37] [432/459] MCCP
[17:01:38] [433/459] BSSO
[17:01:39] [434/459] SJKA
[17:01:39] [435/459] CGBO
[17:01:40] [436/459] MVSK
[17:01:41] [437/459] HVCA
[17:01:42] [438/459] NAMD
[17:01:42] [439/459] DEVI
[17:01:44] [440/459] SCSV
[17:01:45] [441/459] PSMA
[17:01:45] [442/459] CLDJ
[17:01:46] [443/459] NMAD
[17:01:47] [444/459] CGMO
[17:01:47] [445/459] MCNA
[17:01:49] [446/459] OCBN
[17:01:50] [447/459] CPEM
[17:01:51] [448/459] CPSM
[17:01:52] [449/459] RCAD
[17:01:52] [450/459] CPMU
[17:01:53] [451/459] DICD
[17:01:54] [452/459] CHOE
[17:01:55] [453/459] PDJM
[17:01:56] [454/459] SSTU
[17:01:56] [455/459] VNRN
[17:01:57] [456/459] PVLG
[17:01:58] [457/459] SWBL
[17:01:59] [458/459] SCAB
[17:02:00] [459/459] RDDA
[17:02:01] 🧹 Deduping shows
[17:02:01] ✅ DONE | Shows=624 | Movies=46
[04:52:28] 🚀 SCRIPT STARTED
[04:52:28] [1/459] MCCZ
[04:52:28] 🧠 New identity created
[04:52:28] 🔄 Identity reset
[04:52:28] ❌ MCCZ | RuntimeError
[04:52:28] [2/459] FRPU
[04:52:28] 🧠 New identity created
[04:52:28] 🔄 Identity reset
[04:52:28] ❌ FRPU | RuntimeError
[04:52:29] [3/459] SKSI
[04:52:29] 🧠 New identity created
[04:52:30] [4/459] SSCK
[04:52:30] [5/459] SRDC
[04:52:31] [6/459] RSCZ
[04:52:32] [7/459] PRVT
[04:52:33] [8/459] GAGJ
[04:52:34] [9/459] SMHG
[04:52:35] [10/459] JTST
[04:52:35] [11/459] MYTH
[04:52:36] [12/459] JPCC
[04:52:37] [13/459] ACDC
[04:52:38] [14/459] SVFP
[04:52:39] [15/459] SFCM
[04:52:40] [16/459] RUPK
[04:52:40] [17/459] NTCR
[04:52:41] [18/459] RTCH
[04:52:42] [19/459] SCMH
[04:52:43] [20/459] SVYM
[04:52:44] [21/459] SPYM
[04:52:45] [22/459] SMMF
[04:52:46] [23/459] CLLB
[04:52:47] [24/459] FMCB
[04:52:48] [25/459] BBTC
[04:52:48] [26/459] NTHS
[04:52:49] [27/459] PKKJ
[04:52:50] [28/459] MTJA
[04:52:51] [29/459] PMSJ
[04:52:52] [30/459] JMJU
[04:52:53] [31/459] SRAD
[04:52:53] [32/459] MJMC
[04:52:54] [33/459] DFRM
[04:52:56] [34/459] PMRS
[04:52:56] [35/459] RKPP
[04:52:57] [36/459] BMBK
[04:52:58] [37/459] NEWS
[04:52:59] [38/459] SALB
[04:53:00] [39/459] SCPW
[04:53:01] [40/459] RAYL
[04:53:01] [41/459] CMGJ
[04:53:02] [42/459] JRCR
[04:53:03] [43/459] SRTB
[04:53:04] [44/459] ETPB
[04:53:04] [45/459] MXBN
[04:53:06] [46/459] TOPE
[04:53:07] [47/459] SNLJ
[04:53:08] [48/459] CDDP
[04:53:08] [49/459] APCX
[04:53:09] [50/459] TALP
[04:53:10] [51/459] RRMP
[04:53:11] [52/459] MAHB
[04:53:12] [53/459] MTKR
[04:53:13] [54/459] KSKL
[04:53:14] [55/459] RJLT
[04:53:15] [56/459] ATAS
[04:53:15] [57/459] AMHR
[04:53:16] [58/459] RSRM
[04:53:17] [59/459] GCAT
[04:53:18] [60/459] SMML
[04:53:19] [61/459] ACCD
[04:53:20] [62/459] VYDA
[04:53:21] [63/459] MSKT
[04:53:21] [64/459] AVDM
[04:53:22] [65/459] ASMH
[04:53:23] [66/459] VTMB
[04:53:25] [67/459] WVMB
[04:53:26] [68/459] PPMN
[04:53:27] [69/459] MTMD
[04:53:27] [70/459] SMMO
[04:53:28] [71/459] DLPB
[04:53:29] [72/459] AKMD
[04:53:29] [73/459] SHRR
[04:53:30] [74/459] ASCO
[04:53:31] [75/459] CZVX
[04:53:31] [76/459] GCBB
[04:53:32] [77/459] ATBM
[04:53:33] [78/459] TCGM
[04:53:34] [79/459] UMSE
[04:53:35] [80/459] NKCL
[04:53:35] [81/459] BTLR
[04:53:36] [82/459] GOCL
[04:53:37] [83/459] MIRN
[04:53:38] [84/459] THEC
[04:53:39] [85/459] SPPB
[04:53:40] [86/459] PMMM
[04:53:41] [87/459] GGMC
[04:53:42] [88/459] AVSR
[04:53:43] [89/459] RDMH
[04:53:44] [90/459] JSRS
[04:53:44] [91/459] VKGP
[04:53:45] [92/459] ACRT
[04:53:46] [93/459] GCBA
[04:53:47] [94/459] GTCP
[04:53:47] [95/459] AKFC
[04:53:48] [96/459] INCS
[04:53:49] [97/459] SMCK
[04:53:51] [98/459] BRUN
[04:53:52] [99/459] RPPC
[04:53:52] [100/459] PAYD
[04:53:53] [101/459] SVVT
[04:53:54] [102/459] RNCC
[04:53:55] [103/459] PCRC
[04:53:56] [104/459] PMRM
[04:53:57] [105/459] CCRP
[04:53:58] [106/459] INCR
[04:53:59] [107/459] ZTMP
[04:54:00] [108/459] MCNR
[04:54:01] [109/459] INRP
[04:54:02] [110/459] STRC
[04:54:02] [111/459] RATI
[04:54:03] [112/459] PBTR
[04:54:04] [113/459] CMHP
[04:54:05] [114/459] ZECJ
[04:54:05] [115/459] CCCB
[04:54:06] [116/459] BWCB
[04:54:08] [117/459] CCAT
[04:54:08] [118/459] KGCM
[04:54:09] [119/459] INPT
[04:54:10] [120/459] FNCO
[04:54:11] [121/459] SRMJ
[04:54:11] [122/459] PFSC
[04:54:12] [123/459] PBMC
[04:54:13] [124/459] KARP
[04:54:14] [125/459] KOVI
[04:54:14] [126/459] ACXL
[04:54:15] [127/459] GKCC
[04:54:16] [128/459] ASCC
[04:54:17] [129/459] SETC
[04:54:18] [130/459] KACC
[04:54:19] [131/459] KAVE
[04:54:20] [132/459] CNTC
[04:54:21] [133/459] MEEN
[04:54:22] [134/459] BMRV
[04:54:22] [135/459] SVAM
[04:54:23] [136/459] VTBP
[04:54:24] [137/459] VCKN
[04:54:25] [138/459] SGTK
[04:54:27] [139/459] RCGS
[04:54:27] [140/459] RCCB
[04:54:28] [141/459] RKSR
[04:54:29] [142/459] RKCU
[04:54:30] [143/459] GIBH
[04:54:31] [144/459] CXBS
[04:54:32] [145/459] GGCB
[04:54:32] [146/459] SCPB
[04:54:33] [147/459] AKTB
[04:54:34] [148/459] SRBU
[04:54:35] [149/459] CSSA
[04:54:36] [150/459] MYAN
[04:54:37] [151/459] EXCA
[04:54:38] [152/459] CKSA
[04:54:38] [153/459] JTNM
[04:54:39] [154/459] CXKT
[04:54:40] [155/459] NCLM
[04:54:41] [156/459] JAAD
[04:54:42] [157/459] RDCR
[04:54:42] [158/459] MEER
[04:54:43] [159/459] SIBT
[04:54:44] [160/459] PVVB
[04:54:45] [161/459] FNPN
[04:54:46] [162/459] CRPX
[04:54:47] [163/459] STET
[04:54:47] [164/459] METE
[04:54:48] [165/459] BJML
[04:54:50] [166/459] MAVT
[04:54:50] [167/459] MSRM
[04:54:51] [168/459] TJMP
[04:54:52] [169/459] MHCK
[04:54:53] [170/459] SVGP
[04:54:54] [171/459] KRRC
[04:54:55] [172/459] IMCH
[04:54:56] [173/459] CMCS
[04:54:56] [174/459] SGND
[04:54:57] [175/459] RNAT
[04:54:58] [176/459] PRTN
[04:54:59] [177/459] MPTN
[04:55:00] [178/459] ARCC
[04:55:00] [179/459] NTTE
[04:55:01] [180/459] ABND
[04:55:02] [181/459] KCSN
[04:55:02] [182/459] KCSA
[04:55:04] [183/459] DCKT
[04:55:05] [184/459] MBBR
[04:55:06] [185/459] RAMU
[04:55:07] [186/459] RACW
[04:55:07] [187/459] MCHP
[04:55:08] [188/459] TMHM
[04:55:09] [189/459] STXH
[04:55:10] [190/459] AGSG
[04:55:11] [191/459] SIRA
[04:55:11] [192/459] RCAN
[04:55:12] [193/459] CWTB
[04:55:13] [194/459] VTYM
[04:55:14] [195/459] RRPP
[04:55:15] [196/459] ASMR
[04:55:16] [197/459] RONO
[04:55:16] [198/459] MEMR
[04:55:18] [199/459] CTMR
[04:55:19] [200/459] PMTT
[04:55:19] [201/459] PSLX
[04:55:20] [202/459] IPPL
[04:55:21] [203/459] MMSG
[04:55:22] [204/459] INEL
[04:55:23] [205/459] COAC
[04:55:24] [206/459] WVLK
[04:55:25] [207/459] PPXL
[04:55:26] [208/459] PSML
[04:55:26] [209/459] FNLK
[04:55:28] [210/459] ILUM
[04:55:29] [211/459] ILCM
[04:55:30] [212/459] MSNL
[04:55:31] [213/459] VINB
[04:55:32] [214/459] SALW
[04:55:32] [215/459] PRTB
[04:55:34] [216/459] NCIL
[04:55:34] [217/459] PSUL
[04:55:35] [218/459] SCLK
[04:55:36] [219/459] ADDC
[04:55:37] [220/459] OACL
[04:55:37] [221/459] OOCF
[04:55:38] [222/459] GPMF
[04:55:39] [223/459] SSDG
[04:55:40] [224/459] SKRS
[04:55:40] [225/459] NTTP
[04:55:41] [226/459] SLTP
[04:55:42] [227/459] JTLC
[04:55:43] [228/459] POON
[04:55:44] [229/459] CCPC
[04:55:44] [230/459] DCKC
[04:55:46] [231/459] CPRT
[04:55:46] [232/459] EYHZ
[04:55:48] [233/459] ARBL
[04:55:48] [234/459] SBTB
[04:55:49] [235/459] MMCK
[04:55:50] [236/459] PLMR
[04:55:51] [237/459] BIJH
[04:55:51] [238/459] SDRT
[04:55:52] [239/459] PRDC
[04:55:53] [240/459] OMJA
[04:55:53] [241/459] VKCR
[04:55:54] [242/459] ATRT
[04:55:55] [243/459] WVRP
[04:55:56] [244/459] MVRP
[04:55:57] [245/459] FCAX
[04:55:58] [246/459] CTLC
[04:55:59] [247/459] JCHB
[04:56:00] [248/459] SELP
[04:56:01] [249/459] VCPG
[04:56:01] [250/459] ASCX
[04:56:02] [251/459] EOCS
[04:56:03] [252/459] RCPH
[04:56:04] [253/459] RJTM
[04:56:05] [254/459] SGMD
[04:56:05] [255/459] SVJT
[04:56:06] [256/459] SPPO
[04:56:07] [257/459] MNRL
[04:56:08] [258/459] KNOX
[04:56:08] [259/459] GIER
[04:56:10] [260/459] PJMS
[04:56:11] [261/459] UNSP
[04:56:11] [262/459] JETP
[04:56:12] [263/459] VTWA
[04:56:13] [264/459] SCJI
[04:56:14] [265/459] CBZZ
[04:56:15] [266/459] SDCJ
[04:56:15] [267/459] RRCC
[04:56:16] [268/459] VNKG
[04:56:17] [269/459] LKTO
[04:56:18] [270/459] PJRM
[04:56:19] [271/459] NVRM
[04:56:20] [272/459] SJCS
[04:56:21] [273/459] VIGK
[04:56:22] [274/459] ANST
[04:56:22] [275/459] JTTS
[04:56:23] [276/459] NTST
[04:56:24] [277/459] PREB
[04:56:25] [278/459] TSCZ
[04:56:26] [279/459] CDCM
[04:56:26] [280/459] ELYE
[04:56:27] [281/459] INBS
[04:56:28] [282/459] SMGC
[04:56:28] [283/459] UTMP
[04:56:29] [284/459] INTA
[04:56:30] [285/459] OMPT
[04:56:31] [286/459] SCIR
[04:56:32] [287/459] GCKJ
[04:56:32] [288/459] INOG
[04:56:33] [289/459] SMGB
[04:56:34] [290/459] MCSG
[04:56:35] [291/459] STKG
[04:56:36] [292/459] TTKG
[04:56:36] [293/459] SRTR
[04:56:37] [294/459] ETTR
[04:56:38] [295/459] GGGZ
[04:56:39] [296/459] IPGM
[04:56:39] [297/459] FCDH
[04:56:40] [298/459] DESB
[04:56:41] [299/459] VNTP
[04:56:41] [300/459] ANNT
[04:56:42] [301/459] SLTI
[04:56:43] [302/459] MAJU
[04:56:44] [303/459] JCXP
[04:56:45] [304/459] HARK
[04:56:46] [305/459] JPCJ
[04:56:47] [306/459] RXBD
[04:56:48] [307/459] PTKJ
[04:56:49] [308/459] CMTU
[04:56:50] [309/459] SWOR
[04:56:51] [310/459] JMEX
[04:56:53] [311/459] DTPT
[04:56:54] [312/459] VGMM
[04:56:55] [313/459] VCSG
[04:56:56] [314/459] CVCG
[04:56:56] [315/459] TNTT
[04:56:57] [316/459] SHRM
[04:56:58] [317/459] CGKD
[04:56:59] [318/459] EKCM
[04:57:00] [319/459] SDCX
[04:57:01] [320/459] SBTE
[04:57:02] [321/459] STKJ
[04:57:03] [322/459] TPCE
[04:57:04] [323/459] JTNP
[04:57:05] [324/459] LPCH
[04:57:06] [325/459] CPUO
[04:57:06] [326/459] APSU
[04:57:07] [327/459] RTHC
[04:57:08] [328/459] PTBU
[04:57:09] [329/459] CUCC
[04:57:09] [330/459] CPSA
[04:57:10] [331/459] SUAY
[04:57:12] [332/459] AYAA
[04:57:12] [333/459] MUCH
[04:57:13] [334/459] PCIN
[04:57:14] [335/459] JRRM
[04:57:15] [336/459] KATS
[04:57:15] [337/459] MHFF
[04:57:16] [338/459] ESYM
[04:57:16] [339/459] STYV
[04:57:18] [340/459] SDKG
[04:57:19] [341/459] SMTI
[04:57:20] [342/459] NYCS
[04:57:21] [343/459] MTBG
[04:57:22] [344/459] RHCA
[04:57:23] [345/459] PCKH
[04:57:24] [346/459] ARCR
[04:57:25] [347/459] NCMB
[04:57:25] [348/459] SHYC
[04:57:26] [349/459] LACK
[04:57:27] [350/459] MTCM
[04:57:28] [351/459] RRBN
[04:57:29] [352/459] MYDC
[04:57:30] [353/459] STCS
[04:57:30] [354/459] CONN
[04:57:31] [355/459] SIPS
[04:57:33] [356/459] SMMX
[04:57:33] [357/459] SCBY
[04:57:34] [358/459] SUAP
[04:57:35] [359/459] RSMK
[04:57:36] [360/459] STKP
[04:57:37] [361/459] CIPC
[04:57:37] [362/459] KKCI
[04:57:38] [363/459] CTNK
[04:57:39] [364/459] MMTZ
[04:57:40] [365/459] DCCO
[04:57:40] [366/459] VNMN
[04:57:42] [367/459] RLCN
[04:57:43] [368/459] CMMS
[04:57:44] [369/459] AYOU
[04:57:44] [370/459] SSCN
[04:57:45] [371/459] SMXN
[04:57:46] [372/459] ASSK
[04:57:46] [373/459] VCKM
[04:57:47] [374/459] PCPH
[04:57:48] [375/459] PADM
[04:57:49] [376/459] IESA
[04:57:50] [377/459] VCSP
[04:57:51] [378/459] AEST
[04:57:51] [379/459] VTNR
[04:57:52] [380/459] GTTA
[04:57:53] [381/459] CMMM
[04:57:54] [382/459] AHKT
[04:57:54] [383/459] SIJI
[04:57:55] [384/459] VCEI
[04:57:56] [385/459] SAKR
[04:57:57] [386/459] VSMT
[04:57:58] [387/459] SSCT
[04:57:58] [388/459] USTR
[04:57:59] [389/459] MTKT
[04:58:00] [390/459] TGMP
[04:58:01] [391/459] SIVC
[04:58:02] [392/459] KICT
[04:58:03] [393/459] DAMD
[04:58:04] [394/459] CNPT
[04:58:05] [395/459] RVTT
[04:58:06] [396/459] SNCM
[04:58:07] [397/459] GHTE
[04:58:07] [398/459] PPAM
[04:58:08] [399/459] PVAA
[04:58:09] [400/459] CPAO
[04:58:10] [401/459] HAMD
[04:58:11] [402/459] RCCA
[04:58:11] [403/459] MPCH
[04:58:12] [404/459] ARED
[04:58:13] [405/459] RRCV
[04:58:14] [406/459] MTRB
[04:58:15] [407/459] CKUA
[04:58:15] [408/459] ABMP
[04:58:16] [409/459] RCWA
[04:58:17] [410/459] CGAR
[04:58:18] [411/459] METH
[04:58:20] [412/459] WAGA
[04:58:21] [413/459] MCMA
[04:58:22] [414/459] CSMP
[04:58:23] [415/459] RCNK
[04:58:24] [416/459] PSTM
[04:58:25] [417/459] CSEP
[04:58:26] [418/459] AMGD
[04:58:26] [419/459] CSTE
[04:58:27] [420/459] CONS
[04:58:28] [421/459] APPX
[04:58:28] [422/459] MABC
[04:58:29] [423/459] CXST
[04:58:30] [424/459] MATN
[04:58:30] [425/459] MACZ
[04:58:31] [426/459] MASA
[04:58:32] [427/459] MBSX
[04:58:33] [428/459] CSST
[04:58:33] [429/459] APCL
[04:58:34] [430/459] CGOS
[04:58:35] [431/459] CPEC
[04:58:36] [432/459] MCCP
[04:58:37] [433/459] BSSO
[04:58:37] [434/459] SJKA
[04:58:38] [435/459] CGBO
[04:58:39] [436/459] MVSK
[04:58:40] [437/459] HVCA
[04:58:41] [438/459] NAMD
[04:58:42] [439/459] DEVI
[04:58:43] [440/459] SCSV
[04:58:44] [441/459] PSMA
[04:58:44] [442/459] CLDJ
[04:58:45] [443/459] NMAD
[04:58:46] [444/459] CGMO
[04:58:47] [445/459] MCNA
[04:58:48] [446/459] OCBN
[04:58:48] [447/459] CPEM
[04:58:49] [448/459] CPSM
[04:58:50] [449/459] RCAD
[04:58:51] [450/459] CPMU
[04:58:52] [451/459] DICD
[04:58:53] [452/459] CHOE
[04:58:54] [453/459] PDJM
[04:58:55] [454/459] SSTU
[04:58:56] [455/459] VNRN
[04:58:57] [456/459] PVLG
[04:58:57] [457/459] SWBL
[04:58:58] [458/459] SCAB
[04:58:59] [459/459] RDDA
[04:58:59] 🧹 Deduping shows
[04:58:59] ✅ DONE | Shows=747 | Movies=50
