[09:37:40] 🚀 SCRIPT STARTED
[09:37:40] [1/296] CDCA
[09:37:40] 🧠 New identity created
[09:37:40] 🔄 Identity reset
[09:37:40] ❌ CDCA | RuntimeError
[09:37:40] [2/296] MNSR
[09:37:40] 🧠 New identity created
[09:37:40] 🔄 Identity reset
[09:37:40] ❌ MNSR | RuntimeError
[09:37:41] [3/296] CSSL
[09:37:41] 🧠 New identity created
[09:37:41] 🔄 Identity reset
[09:37:41] ❌ CSSL | RuntimeError
[09:37:42] [4/296] BGGM
[09:37:42] 🧠 New identity created
[09:37:42] 🔄 Identity reset
[09:37:42] ❌ BGGM | RuntimeError
[09:37:42] [5/296] MANT
[09:37:42] 🧠 New identity created
[09:37:42] 🔄 Identity reset
[09:37:42] ❌ MANT | RuntimeError
[09:37:43] [6/296] SOOY
[09:37:43] 🧠 New identity created
[09:37:43] 🔄 Identity reset
[09:37:43] ❌ SOOY | RuntimeError
[09:37:43] [7/296] VPPK
[09:37:43] 🧠 New identity created
[09:37:44] 🔄 Identity reset
[09:37:44] ❌ VPPK | RuntimeError
[09:37:44] [8/296] MYHJ
[09:37:44] 🧠 New identity created
[09:37:44] 🔄 Identity reset
[09:37:44] ❌ MYHJ | RuntimeError
[09:37:45] [9/296] KSCK
[09:37:45] 🧠 New identity created
[09:37:45] [10/296] KATK
[09:37:46] [11/296] RTRT
[09:37:47] [12/296] SSTT
[09:37:47] [13/296] SSTV
[09:37:48] [14/296] LACM
[09:37:49] [15/296] SGMG
[09:37:49] [16/296] KACX
[09:37:50] [17/296] GVCP
[09:37:51] [18/296] CSNC
[09:37:51] [19/296] SXCB
[09:37:52] [20/296] BAHS
[09:37:53] [21/296] PCBI
[09:37:53] [22/296] PSSM
[09:37:54] [23/296] RCOK
[09:37:54] [24/296] SCPF
[09:37:55] [25/296] SSAS
[09:37:56] [26/296] EVMM
[09:37:56] [27/296] SYCB
[09:37:57] [28/296] GCKI
[09:37:57] [29/296] IAET
[09:37:58] [30/296] DDTD
[09:37:59] [31/296] GMDH
[09:37:59] [32/296] STLE
[09:38:00] [33/296] JTRA
[09:38:01] [34/296] RPPA
[09:38:01] [35/296] ARUT
[09:38:02] [36/296] JTVM
[09:38:02] [37/296] SWRH
[09:38:03] [38/296] DCPC
[09:38:03] [39/296] RAPR
[09:38:04] [40/296] GCRT
[09:38:05] [41/296] ATUN
[09:38:05] [42/296] LTRM
[09:38:06] [43/296] TASR
[09:38:07] [44/296] RLLC
[09:38:07] [45/296] MABI
[09:38:08] [46/296] SVHB
[09:38:08] [47/296] NVTB
[09:38:09] [48/296] KCKG
[09:38:10] [49/296] SSRN
[09:38:10] [50/296] VDDC
[09:38:11] [51/296] GKTK
[09:38:12] [52/296] YFSN
[09:38:12] [53/296] GCSG
[09:38:13] [54/296] ESSM
[09:38:13] [55/296] KRIH
[09:38:14] [56/296] GCDS
[09:38:14] [57/296] CCSH
[09:38:15] [58/296] ACSK
[09:38:16] [59/296] APRK
[09:38:16] [60/296] ADKM
[09:38:17] [61/296] SRDM
[09:38:17] [62/296] RMOG
[09:38:18] [63/296] SJMY
[09:38:19] [64/296] PGGC
[09:38:19] [65/296] INGM
[09:38:20] [66/296] LSCB
[09:38:21] [67/296] STAD
[09:38:21] [68/296] MCCR
[09:38:22] [69/296] ABCC
[09:38:22] [70/296] RKCC
[09:38:23] [71/296] RTCR
[09:38:24] [72/296] GGBC
[09:38:24] [73/296] GCSD
[09:38:25] [74/296] LPTY
[09:38:25] [75/296] MCFD
[09:38:26] [76/296] HENN
[09:38:26] [77/296] SMKU
[09:38:27] [78/296] TNZC
[09:38:28] [79/296] DRCD
[09:38:28] [80/296] DLCD
[09:38:29] [81/296] RCDA
[09:38:29] [82/296] COSM
[09:38:30] [83/296] MCMJ
[09:38:30] [84/296] CSTR
[09:38:31] [85/296] CVDK
[09:38:31] [86/296] INRR
[09:38:32] [87/296] RJRT
[09:38:33] [88/296] IRMR
[09:38:33] [89/296] SRCF
[09:38:34] [90/296] GRCR
[09:38:34] [91/296] SURC
[09:38:35] [92/296] NMNH
[09:38:35] [93/296] SVBL
[09:38:36] [94/296] KACI
[09:38:37] [95/296] TDGO
[09:38:37] [96/296] KTBR
[09:38:38] [97/296] PMAD
[09:38:39] [98/296] CCPN
[09:38:39] [99/296] SBTK
[09:38:40] [100/296] LMDK
[09:38:40] [101/296] PGDA
[09:38:41] [102/296] SRML
[09:38:41] [103/296] EVCK
[09:38:42] [104/296] RTTK
[09:38:43] [105/296] SRTU
[09:38:44] [106/296] VRSA
[09:38:44] [107/296] VARS
[09:38:45] [108/296] DSCZ
[09:38:46] [109/296] GAGA
[09:38:46] [110/296] SARV
[09:38:47] [111/296] SEEG
[09:38:47] [112/296] GLCA
[09:38:48] [113/296] APAS
[09:38:49] [114/296] VCIA
[09:38:49] [115/296] SJTA
[09:38:50] [116/296] SABM
[09:38:51] [117/296] PPAG
[09:38:51] [118/296] RVCA
[09:38:52] [119/296] CCIA
[09:38:52] [120/296] HTAG
[09:38:53] [121/296] SMBI
[09:38:53] [122/296] MCJR
[09:38:54] [123/296] CCJR
[09:38:55] [124/296] SINF
[09:38:55] [125/296] CPLX
[09:38:56] [126/296] KKTJ
[09:38:56] [127/296] GDBW
[09:38:57] [128/296] CSUB
[09:38:58] [129/296] DABA
[09:38:58] [130/296] TITR
[09:38:59] [131/296] NYCR
[09:39:00] [132/296] RTRY
[09:39:00] [133/296] JTJL
[09:39:01] [134/296] SJCP
[09:39:01] [135/296] KCCA
[09:39:02] [136/296] MLPG
[09:39:03] [137/296] VRCK
[09:39:03] [138/296] SRIN
[09:39:04] [139/296] CXMK
[09:39:04] [140/296] SKAD
[09:39:05] [141/296] AVTR
[09:39:05] [142/296] PTAJ
[09:39:06] [143/296] SCNK
[09:39:06] [144/296] STTI
[09:39:07] [145/296] KACR
[09:39:07] [146/296] SSDX
[09:39:08] [147/296] VRTJ
[09:39:08] [148/296] RAJD
[09:39:09] [149/296] SCIP
[09:39:09] [150/296] RJSL
[09:39:10] [151/296] ARRS
[09:39:11] [152/296] ASMS
[09:39:11] [153/296] RDTS
[09:39:12] [154/296] DVMY
[09:39:12] [155/296] RASA
[09:39:13] [156/296] INOM
[09:39:14] [157/296] SPRS
[09:39:14] [158/296] SGCS
[09:39:15] [159/296] SALM
[09:39:15] [160/296] PKHC
[09:39:16] [161/296] RCSV
[09:39:17] [162/296] CPKC
[09:39:17] [163/296] AACD
[09:39:18] [164/296] GGCV
[09:39:18] [165/296] SMKD
[09:39:19] [166/296] NBCH
[09:39:19] [167/296] AMCB
[09:39:20] [168/296] OPCN
[09:39:21] [169/296] DCIN
[09:39:21] [170/296] INGW
[09:39:22] [171/296] PKKW
[09:39:22] [172/296] FNGW
[09:39:23] [173/296] GCGD
[09:39:23] [174/296] MSTW
[09:39:24] [175/296] KCCG
[09:39:24] [176/296] MRSS
[09:39:25] [177/296] CLCF
[09:39:26] [178/296] EETS
[09:39:26] [179/296] AATR
[09:39:27] [180/296] CMMN
[09:39:27] [181/296] SCCJ
[09:39:28] [182/296] CDTK
[09:39:29] [183/296] AICP
[09:39:29] [184/296] FNBP
[09:39:30] [185/296] CBPB
[09:39:30] [186/296] CPAS
[09:39:31] [187/296] MAPM
[09:39:31] [188/296] PASD
[09:39:32] [189/296] JCMN
[09:39:33] [190/296] MALB
[09:39:33] [191/296] SACG
[09:39:34] [192/296] DDRX
[09:39:35] [193/296] DDXB
[09:39:35] [194/296] RAMC
[09:39:35] [195/296] SANC
[09:39:36] [196/296] BCBP
[09:39:36] [197/296] ALPC
[09:39:37] [198/296] RBAC
[09:39:38] [199/296] RAJL
[09:39:38] [200/296] MPDX
[09:39:39] [201/296] MUSC
[09:39:40] [202/296] VKMK
[09:39:40] [203/296] SKCG
[09:39:41] [204/296] ANCN
[09:39:41] [205/296] MMCJ
[09:39:42] [206/296] DCAK
[09:39:43] [207/296] SCKG
[09:39:43] [208/296] LMCK
[09:39:44] [209/296] CKKX
[09:39:44] [210/296] ANKU
[09:39:45] [211/296] CSMD
[09:39:45] [212/296] MKMP
[09:39:46] [213/296] SVBG
[09:39:46] [214/296] ROOP
[09:39:47] [215/296] GDMT
[09:39:48] [216/296] FPPF
[09:39:48] [217/296] SFUU
[09:39:49] [218/296] ANCB
[09:39:49] [219/296] SMMC
[09:39:50] [220/296] UGKT
[09:39:51] [221/296] JVRM
[09:39:51] [222/296] BATG
[09:39:52] [223/296] RATE
[09:39:52] [224/296] SKME
[09:39:53] [225/296] LMTP
[09:39:53] [226/296] TCBD
[09:39:54] [227/296] ESBD
[09:39:55] [228/296] GDCU
[09:39:56] [229/296] SNKT
[09:39:56] [230/296] SRNK
[09:39:57] [231/296] SMED
[09:39:57] [232/296] CSQS
[09:39:58] [233/296] ALCS
[09:39:59] [234/296] KCKN
[09:39:59] [235/296] VCCL
[09:40:00] [236/296] MCDA
[09:40:01] [237/296] SHMI
[09:40:01] [238/296] SKHA
[09:40:02] [239/296] SVFK
[09:40:02] [240/296] INVB
[09:40:03] [241/296] MELD
[09:40:03] [242/296] JTYS
[09:40:04] [243/296] INCM
[09:40:04] [244/296] MCDV
[09:40:05] [245/296] KSGK
[09:40:05] [246/296] ICMG
[09:40:06] [247/296] CSCV
[09:40:07] [248/296] STMD
[09:40:07] [249/296] STTR
[09:40:08] [250/296] INVC
[09:40:08] [251/296] JTBL
[09:40:09] [252/296] SRVV
[09:40:09] [253/296] MAVC
[09:40:10] [254/296] SRPP
[09:40:10] [255/296] JGDM
[09:40:11] [256/296] MBSJ
[09:40:12] [257/296] SSLL
[09:40:12] [258/296] SLKP
[09:40:13] [259/296] NSRV
[09:40:14] [260/296] UTDV
[09:40:14] [261/296] KICM
[09:40:15] [262/296] KCMD
[09:40:15] [263/296] TTPP
[09:40:16] [264/296] KMPV
[09:40:17] [265/296] SKTV
[09:40:17] [266/296] STCV
[09:40:18] [267/296] SRDA
[09:40:18] [268/296] JTSX
[09:40:19] [269/296] STBV
[09:40:19] [270/296] APVZ
[09:40:20] [271/296] GSTV
[09:40:21] [272/296] NMVS
[09:40:21] [273/296] SKRT
[09:40:22] [274/296] RMDV
[09:40:23] [275/296] RATG
[09:40:23] [276/296] SJYV
[09:40:24] [277/296] NDGP
[09:40:24] [278/296] SNDG
[09:40:25] [279/296] INSR
[09:40:25] [280/296] INSO
[09:40:26] [281/296] CCSI
[09:40:27] [282/296] RASM
[09:40:27] [283/296] NEWC
[09:40:27] [284/296] VSHL
[09:40:28] [285/296] BISW
[09:40:28] [286/296] GCNG
[09:40:29] [287/296] CWSC
[09:40:30] [288/296] SKAN
[09:40:30] [289/296] SEHP
[09:40:31] [290/296] CCOA
[09:40:31] [291/296] MCAJ
[09:40:32] [292/296] ACDE
[09:40:33] [293/296] AACM
[09:40:33] [294/296] JJCK
[09:40:34] [295/296] RCMO
[09:40:34] [296/296] GDAW
[09:40:35] 🧹 Deduping shows
[09:40:35] ✅ DONE | Shows=475 | Movies=32
