[09:37:38] 🚀 SCRIPT STARTED
[09:37:38] [1/326] BSAT
[09:37:38] 🧠 New identity created
[09:37:38] 🔄 Identity reset
[09:37:38] ❌ BSAT | RuntimeError
[09:37:39] [2/326] RSSM
[09:37:39] 🧠 New identity created
[09:37:39] 🔄 Identity reset
[09:37:39] ❌ RSSM | RuntimeError
[09:37:40] [3/326] GCTA
[09:37:40] 🧠 New identity created
[09:37:40] 🔄 Identity reset
[09:37:40] ❌ GCTA | RuntimeError
[09:37:40] [4/326] TOPN
[09:37:40] 🧠 New identity created
[09:37:40] 🔄 Identity reset
[09:37:40] ❌ TOPN | RuntimeError
[09:37:41] [5/326] MCUS
[09:37:41] 🧠 New identity created
[09:37:41] 🔄 Identity reset
[09:37:41] ❌ MCUS | RuntimeError
[09:37:41] [6/326] SHRL
[09:37:41] 🧠 New identity created
[09:37:42] 🔄 Identity reset
[09:37:42] ❌ SHRL | RuntimeError
[09:37:42] [7/326] UPTP
[09:37:42] 🧠 New identity created
[09:37:42] 🔄 Identity reset
[09:37:42] ❌ UPTP | RuntimeError
[09:37:43] [8/326] TMMP
[09:37:43] 🧠 New identity created
[09:37:43] 🔄 Identity reset
[09:37:43] ❌ TMMP | RuntimeError
[09:37:44] [9/326] DNRP
[09:37:44] 🧠 New identity created
[09:37:44] 🔄 Identity reset
[09:37:44] ❌ DNRP | RuntimeError
[09:37:44] [10/326] SRLT
[09:37:44] 🧠 New identity created
[09:37:44] 🔄 Identity reset
[09:37:44] ❌ SRLT | RuntimeError
[09:37:45] [11/326] RCNS
[09:37:45] 🧠 New identity created
[09:37:45] 🔄 Identity reset
[09:37:45] ❌ RCNS | RuntimeError
[09:37:46] [12/326] DCBH
[09:37:46] 🧠 New identity created
[09:37:47] [13/326] NAGJ
[09:37:48] [14/326] JVRC
[09:37:49] [15/326] KRJG
[09:37:49] [16/326] SRTJ
[09:37:50] [17/326] CMXM
[09:37:51] [18/326] STMI
[09:37:52] [19/326] SLST
[09:37:53] [20/326] DTCN
[09:37:54] [21/326] STYN
[09:37:55] [22/326] SZVR
[09:37:56] [23/326] SRKO
[09:37:56] [24/326] JTGT
[09:37:57] [25/326] SVFD
[09:37:58] [26/326] SISD
[09:37:59] [27/326] ABDD
[09:38:00] [28/326] DRCA
[09:38:00] [29/326] AVCS
[09:38:01] [30/326] MVKH
[09:38:02] [31/326] ACPR
[09:38:02] [32/326] STIP
[09:38:03] [33/326] MTRA
[09:38:04] [34/326] RMKH
[09:38:05] [35/326] NKRL
[09:38:06] [36/326] PCWN
[09:38:06] [37/326] BLMT
[09:38:07] [38/326] GDPG
[09:38:08] [39/326] SRMX
[09:38:08] [40/326] JACP
[09:38:09] [41/326] CPSH
[09:38:10] [42/326] MCCD
[09:38:11] [43/326] ECGH
[09:38:12] [44/326] MKCK
[09:38:13] [45/326] SRMM
[09:38:14] [46/326] SKYR
[09:38:15] [47/326] PCKC
[09:38:16] [48/326] JCMA
[09:38:17] [49/326] BSMP
[09:38:19] [50/326] VSPA
[09:38:20] [51/326] DJYA
[09:38:20] [52/326] DIMP
[09:38:21] [53/326] FXDR
[09:38:22] [54/326] SSRC
[09:38:23] [55/326] STHP
[09:38:24] [56/326] CPPD
[09:38:25] [57/326] FCLK
[09:38:26] [58/326] SCPP
[09:38:26] [59/326] DCMJ
[09:38:27] [60/326] RCCR
[09:38:28] [61/326] INMT
[09:38:29] [62/326] LXTK
[09:38:30] [63/326] SRYK
[09:38:31] [64/326] SGDK
[09:38:31] [65/326] PPKA
[09:38:32] [66/326] SPKA
[09:38:33] [67/326] CGHH
[09:38:34] [68/326] DCJN
[09:38:34] [69/326] SRKV
[09:38:35] [70/326] SAJC
[09:38:36] [71/326] SUSR
[09:38:37] [72/326] STYG
[09:38:37] [73/326] NTKP
[09:38:38] [74/326] AKTG
[09:38:39] [75/326] CGCM
[09:38:40] [76/326] TULC
[09:38:41] [77/326] NYYZ
[09:38:42] [78/326] NYBW
[09:38:43] [79/326] MACB
[09:38:43] [80/326] SLVT
[09:38:44] [81/326] SANA
[09:38:45] [82/326] ACMR
[09:38:46] [83/326] CPKN
[09:38:47] [84/326] DLGK
[09:38:49] [85/326] CWCK
[09:38:49] [86/326] FDDH
[09:38:50] [87/326] MMMD
[09:38:51] [88/326] CMEH
[09:38:52] [89/326] GGGV
[09:38:52] [90/326] SPJL
[09:38:53] [91/326] RCCD
[09:38:54] [92/326] STTZ
[09:38:54] [93/326] BTCF
[09:38:55] [94/326] TSTZ
[09:38:56] [95/326] IPMM
[09:38:57] [96/326] PMPW
[09:38:57] [97/326] PCMZ
[09:38:58] [98/326] ESEM
[09:38:59] [99/326] PIPO
[09:39:00] [100/326] MATK
[09:39:00] [101/326] PGHM
[09:39:01] [102/326] CTSR
[09:39:02] [103/326] CYKR
[09:39:03] [104/326] MSCM
[09:39:03] [105/326] RFNP
[09:39:04] [106/326] PDCP
[09:39:05] [107/326] NPSE
[09:39:06] [108/326] MKML
[09:39:06] [109/326] FTDP
[09:39:07] [110/326] MMXA
[09:39:08] [111/326] CEPO
[09:39:09] [112/326] CMVP
[09:39:10] [113/326] SGTH
[09:39:11] [114/326] SAYN
[09:39:11] [115/326] URVS
[09:39:12] [116/326] VJTN
[09:39:13] [117/326] BBYK
[09:39:14] [118/326] SHBO
[09:39:15] [119/326] VCMR
[09:39:15] [120/326] MACT
[09:39:16] [121/326] JMNP
[09:39:17] [122/326] VICS
[09:39:18] [123/326] VCDA
[09:39:19] [124/326] GCMM
[09:39:19] [125/326] INVS
[09:39:20] [126/326] SCGM
[09:39:21] [127/326] PCDA
[09:39:22] [128/326] KDCT
[09:39:22] [129/326] JACS
[09:39:23] [130/326] GMMC
[09:39:24] [131/326] AICM
[09:39:25] [132/326] TJCM
[09:39:25] [133/326] RMTI
[09:39:26] [134/326] SHAC
[09:39:27] [135/326] APJC
[09:39:29] [136/326] GCTG
[09:39:30] [137/326] SSMC
[09:39:30] [138/326] THRM
[09:39:31] [139/326] RBCT
[09:39:32] [140/326] DIKT
[09:39:33] [141/326] MIDL
[09:39:34] [142/326] VCSN
[09:39:35] [143/326] SKTG
[09:39:37] [144/326] SMWC
[09:39:38] [145/326] MNKH
[09:39:39] [146/326] PIAT
[09:39:39] [147/326] LTTP
[09:39:40] [148/326] PTPU
[09:39:41] [149/326] ACMG
[09:39:41] [150/326] SHMM
[09:39:42] [151/326] MCMN
[09:39:43] [152/326] GLDC
[09:39:44] [153/326] HOUT
[09:39:45] [154/326] SVRP
[09:39:46] [155/326] PVDN
[09:39:46] [156/326] SCPY
[09:39:47] [157/326] DTPY
[09:39:48] [158/326] GKCS
[09:39:50] [159/326] NCAM
[09:39:51] [160/326] BSRM
[09:39:51] [161/326] RCLC
[09:39:52] [162/326] SKKD
[09:39:53] [163/326] ACHU
[09:39:54] [164/326] RSCF
[09:39:55] [165/326] IMSH
[09:39:56] [166/326] MACX
[09:39:57] [167/326] HMMW
[09:39:58] [168/326] JTCP
[09:39:59] [169/326] SREN
[09:40:00] [170/326] PJRR
[09:40:00] [171/326] INAC
[09:40:01] [172/326] BMCA
[09:40:02] [173/326] SHCB
[09:40:02] [174/326] GABA
[09:40:03] [175/326] SBCT
[09:40:04] [176/326] GCMA
[09:40:05] [177/326] MYTK
[09:40:06] [178/326] INZS
[09:40:06] [179/326] RMIK
[09:40:08] [180/326] NYCH
[09:40:08] [181/326] RAVE
[09:40:09] [182/326] PSXM
[09:40:10] [183/326] MCGP
[09:40:11] [184/326] PDDK
[09:40:12] [185/326] SPCK
[09:40:13] [186/326] MCRL
[09:40:14] [187/326] MHKT
[09:40:15] [188/326] ANRR
[09:40:16] [189/326] SAPK
[09:40:17] [190/326] NCUK
[09:40:18] [191/326] JUGA
[09:40:18] [192/326] DBSC
[09:40:19] [193/326] LALK
[09:40:20] [194/326] GUCK
[09:40:20] [195/326] STSG
[09:40:21] [196/326] PPPZ
[09:40:22] [197/326] CNCY
[09:40:24] [198/326] MTAR
[09:40:25] [199/326] VNKD
[09:40:26] [200/326] KMAJ
[09:40:27] [201/326] ACXK
[09:40:28] [202/326] UTKC
[09:40:29] [203/326] PBLK
[09:40:30] [204/326] ACBX
[09:40:31] [205/326] PTGM
[09:40:32] [206/326] BTDA
[09:40:32] [207/326] PJMB
[09:40:33] [208/326] TPDA
[09:40:34] [209/326] AMOE
[09:40:35] [210/326] PRHT
[09:40:36] [211/326] PRTA
[09:40:37] [212/326] STAM
[09:40:37] [213/326] MSAA
[09:40:38] [214/326] SDLU
[09:40:39] [215/326] RCHH
[09:40:40] [216/326] KANT
[09:40:42] [217/326] FCRT
[09:40:42] [218/326] DNKM
[09:40:43] [219/326] RYCP
[09:40:44] [220/326] MYRP
[09:40:45] [221/326] PPAK
[09:40:46] [222/326] NVPK
[09:40:46] [223/326] PRMC
[09:40:47] [224/326] JBCS
[09:40:48] [225/326] GXCK
[09:40:48] [226/326] USKO
[09:40:50] [227/326] GTEM
[09:40:50] [228/326] SMBU
[09:40:51] [229/326] VETC
[09:40:52] [230/326] LCDA
[09:40:53] [231/326] MTVT
[09:40:54] [232/326] PYCP
[09:40:55] [233/326] PNSC
[09:40:56] [234/326] PPCC
[09:40:57] [235/326] TGRT
[09:40:58] [236/326] JYOT
[09:40:59] [237/326] SRCZ
[09:41:00] [238/326] SJTE
[09:41:00] [239/326] DESC
[09:41:01] [240/326] JHVN
[09:41:02] [241/326] IPSG
[09:41:03] [242/326] IPCM
[09:41:04] [243/326] PDRS
[09:41:05] [244/326] ANCV
[09:41:05] [245/326] CMVV
[09:41:06] [246/326] SHYP
[09:41:07] [247/326] DNCS
[09:41:08] [248/326] GAJK
[09:41:09] [249/326] AKTN
[09:41:10] [250/326] KAYA
[09:41:11] [251/326] SBRC
[09:41:11] [252/326] CHTP
[09:41:12] [253/326] SHRT
[09:41:13] [254/326] BCKU
[09:41:14] [255/326] FCPS
[09:41:15] [256/326] ARDD
[09:41:16] [257/326] CPCM
[09:41:16] [258/326] CGSM
[09:41:17] [259/326] PSMP
[09:41:18] [260/326] SDAL
[09:41:18] [261/326] RTNB
[09:41:19] [262/326] LMCR
[09:41:20] [263/326] CIMA
[09:41:21] [264/326] RNAS
[09:41:23] [265/326] LITH
[09:41:23] [266/326] PBOX
[09:41:24] [267/326] FRTS
[09:41:25] [268/326] RKIC
[09:41:26] [269/326] PTAI
[09:41:27] [270/326] GCIC
[09:41:28] [271/326] FNAS
[09:41:28] [272/326] SCAR
[09:41:29] [273/326] MTCA
[09:41:30] [274/326] SCTS
[09:41:31] [275/326] SYCS
[09:41:33] [276/326] RDMS
[09:41:34] [277/326] KAMP
[09:41:35] [278/326] ERSD
[09:41:36] [279/326] MJMJ
[09:41:36] [280/326] SRCJ
[09:41:37] [281/326] SCXE
[09:41:38] [282/326] SVFR
[09:41:39] [283/326] BHCS
[09:41:40] [284/326] IMCC
[09:41:41] [285/326] PCBO
[09:41:41] [286/326] PRVN
[09:41:42] [287/326] AUPM
[09:41:43] [288/326] INBW
[09:41:44] [289/326] SVCW
[09:41:45] [290/326] RKCF
[09:41:46] [291/326] UVBH
[09:41:46] [292/326] DNCY
[09:41:47] [293/326] ABCN
[09:41:48] [294/326] PRUR
[09:41:49] [295/326] PFMR
[09:41:50] [296/326] RKCN
[09:41:50] [297/326] CFEA
[09:41:51] [298/326] SDBG
[09:41:52] [299/326] SNAR
[09:41:54] [300/326] YISI
[09:41:54] [301/326] JCFF
[09:41:55] [302/326] VTRK
[09:41:56] [303/326] PCLZ
[09:41:57] [304/326] DIMY
[09:41:57] [305/326] BBTS
[09:41:58] [306/326] GATH
[09:41:59] [307/326] GTMN
[09:42:00] [308/326] VTMH
[09:42:00] [309/326] CCKP
[09:42:01] [310/326] GPKA
[09:42:02] [311/326] MHCL
[09:42:03] [312/326] ATCL
[09:42:03] [313/326] SBCK
[09:42:04] [314/326] AMMR
[09:42:05] [315/326] MADC
[09:42:06] [316/326] TMMA
[09:42:07] [317/326] CACC
[09:42:07] [318/326] CHAL
[09:42:08] [319/326] DURG
[09:42:09] [320/326] GMKU
[09:42:10] [321/326] GECA
[09:42:11] [322/326] KYRR
[09:42:11] [323/326] KSDE
[09:42:12] [324/326] LMCI
[09:42:13] [325/326] NKCP
[09:42:14] [326/326] BGTC
[09:42:15] 🧹 Deduping shows
[09:42:15] ✅ DONE | Shows=465 | Movies=36
