[00:07:34] 🚀 BMS DAILY TRACKER STARTED
[00:07:34] [1/459] NECA
[00:07:34] 🧠 New identity
[00:07:34] 🔄 Identity reset
[00:07:34] ❌ NECA | RuntimeError
[00:07:35] [2/459] BJLC
[00:07:35] 🧠 New identity
[00:07:35] 🔄 Identity reset
[00:07:35] ❌ BJLC | RuntimeError
[00:07:36] [3/459] BASU
[00:07:36] 🧠 New identity
[00:07:36] 🔄 Identity reset
[00:07:36] ❌ BASU | RuntimeError
[00:07:36] [4/459] RUPI
[00:07:37] 🧠 New identity
[00:07:37] 🔄 Identity reset
[00:07:37] ❌ RUPI | RuntimeError
[00:07:37] [5/459] LCBK
[00:07:37] 🧠 New identity
[00:07:37] 🔄 Identity reset
[00:07:37] ❌ LCBK | RuntimeError
[00:07:38] [6/459] PMAC
[00:07:38] 🧠 New identity
[00:07:38] 🔄 Identity reset
[00:07:38] ❌ PMAC | RuntimeError
[00:07:38] [7/459] AMLC
[00:07:38] 🧠 New identity
[00:07:38] 🔄 Identity reset
[00:07:38] ❌ AMLC | RuntimeError
[00:07:39] [8/459] LICL
[00:07:39] 🧠 New identity
[00:07:39] 🔄 Identity reset
[00:07:39] ❌ LICL | RuntimeError
[00:07:40] [9/459] UDMM
[00:07:40] 🧠 New identity
[00:07:40] 🔄 Identity reset
[00:07:40] ❌ UDMM | RuntimeError
[00:07:40] [10/459] STBZ
[00:07:40] 🧠 New identity
[00:07:40] 🔄 Identity reset
[00:07:40] ❌ STBZ | RuntimeError
[00:07:41] [11/459] UUBT
[00:07:41] 🧠 New identity
[00:07:41] 🔄 Identity reset
[00:07:41] ❌ UUBT | RuntimeError
[00:07:42] [12/459] SJKC
[00:07:42] 🧠 New identity
[00:07:42] 🔄 Identity reset
[00:07:42] ❌ SJKC | RuntimeError
[00:07:42] [13/459] TUAL
[00:07:42] 🧠 New identity
[00:07:42] 🔄 Identity reset
[00:07:42] ❌ TUAL | RuntimeError
[00:07:43] [14/459] MRSE
[00:07:43] 🧠 New identity
[00:07:43] 🔄 Identity reset
[00:07:43] ❌ MRSE | RuntimeError
[00:07:44] [15/459] RMRK
[00:07:44] 🧠 New identity
[00:07:44] 🔄 Identity reset
[00:07:44] ❌ RMRK | RuntimeError
[00:07:44] [16/459] TTKP
[00:07:44] 🧠 New identity
[00:07:44] 🔄 Identity reset
[00:07:44] ❌ TTKP | RuntimeError
[00:07:45] [17/459] KTKO
[00:07:45] 🧠 New identity
[00:07:45] 🔄 Identity reset
[00:07:45] ❌ KTKO | RuntimeError
[00:07:46] [18/459] SDBK
[00:07:46] 🧠 New identity
[00:07:46] 🔄 Identity reset
[00:07:46] ❌ SDBK | RuntimeError
[00:07:46] [19/459] MCPR
[00:07:46] 🧠 New identity
[00:07:46] 🔄 Identity reset
[00:07:46] ❌ MCPR | RuntimeError
[00:07:47] [20/459] CHTI
[00:07:47] 🧠 New identity
[00:07:47] 🔄 Identity reset
[00:07:47] ❌ CHTI | RuntimeError
[00:07:48] [21/459] GCCP
[00:07:48] 🧠 New identity
[00:07:48] 🔄 Identity reset
[00:07:48] ❌ GCCP | RuntimeError
[00:07:48] [22/459] SRMY
[00:07:48] 🧠 New identity
[00:07:49] 🔄 Identity reset
[00:07:49] ❌ SRMY | RuntimeError
[00:07:49] [23/459] NYST
[00:07:49] 🧠 New identity
[00:07:49] 🔄 Identity reset
[00:07:49] ❌ NYST | RuntimeError
[00:07:50] [24/459] NYAG
[00:07:50] 🧠 New identity
[00:07:50] 🔄 Identity reset
[00:07:50] ❌ NYAG | RuntimeError
[00:07:50] [25/459] SBMT
[00:07:51] 🧠 New identity
[00:07:51] 🔄 Identity reset
[00:07:51] ❌ SBMT | RuntimeError
[00:07:51] [26/459] INGA
[00:07:51] 🧠 New identity
[00:07:51] 🔄 Identity reset
[00:07:51] ❌ INGA | RuntimeError
[00:07:52] [27/459] WSIC
[00:07:52] 🧠 New identity
[00:07:52] 🔄 Identity reset
[00:07:52] ❌ WSIC | RuntimeError
[00:07:52] [28/459] SCSS
[00:07:52] 🧠 New identity
[00:07:52] 🔄 Identity reset
[00:07:52] ❌ SCSS | RuntimeError
[00:07:53] [29/459] COPG
[00:07:53] 🧠 New identity
[00:07:53] 🔄 Identity reset
[00:07:53] ❌ COPG | RuntimeError
[00:07:53] [30/459] RCGR
[00:07:53] 🧠 New identity
[00:07:53] 🔄 Identity reset
[00:07:53] ❌ RCGR | RuntimeError
[00:07:54] [31/459] TCZA
[00:07:54] 🧠 New identity
[00:07:54] 🔄 Identity reset
[00:07:54] ❌ TCZA | RuntimeError
[00:07:54] [32/459] CNLP
[00:07:54] 🧠 New identity
[00:07:54] 🔄 Identity reset
[00:07:54] ❌ CNLP | RuntimeError
[00:07:55] [33/459] CLKN
[00:07:55] 🧠 New identity
[00:07:55] 🔄 Identity reset
[00:07:55] ❌ CLKN | RuntimeError
[00:07:56] [34/459] LHDF
[00:07:56] 🧠 New identity
[00:07:56] 🔄 Identity reset
[00:07:56] ❌ LHDF | RuntimeError
[00:07:56] [35/459] ELKC
[00:07:56] 🧠 New identity
[00:07:56] 🔄 Identity reset
[00:07:56] ❌ ELKC | RuntimeError
[00:07:57] [36/459] VCEM
[00:07:57] 🧠 New identity
[00:07:57] 🔄 Identity reset
[00:07:57] ❌ VCEM | RuntimeError
[00:07:57] [37/459] SSZA
[00:07:57] 🧠 New identity
[00:07:57] 🔄 Identity reset
[00:07:57] ❌ SSZA | RuntimeError
[00:07:58] [38/459] KRMT
[00:07:58] 🧠 New identity
[00:07:59] [39/459] LCMV
[00:08:00] [40/459] AYCZ
[00:08:00] [41/459] CUMS
[00:08:01] [42/459] BOCK
[00:08:02] [43/459] PNMR
[00:08:03] [44/459] PJCP
[00:08:04] [45/459] JDDD
[00:08:05] [46/459] STMS
[00:08:06] [47/459] FLMB
[00:08:07] [48/459] PKCM
[00:08:08] [49/459] SPPR
[00:08:08] [50/459] EYLH
[00:08:09] [51/459] RJCC
[00:08:10] [52/459] MMPS
[00:08:11] [53/459] SHMX
[00:08:12] [54/459] CCNL
[00:08:12] [55/459] RCNV
[00:08:13] [56/459] MAAG
[00:08:14] [57/459] LXCM
[00:08:15] [58/459] RCNI
[00:08:16] [59/459] SNNI
[00:08:17] [60/459] LALC
[00:08:18] [61/459] SOCN
[00:08:19] [62/459] JHTP
[00:08:20] [63/459] PITP
[00:08:21] [64/459] CCKW
[00:08:22] [65/459] MCMC
[00:08:23] [66/459] DEES
[00:08:24] [67/459] SABT
[00:08:25] [68/459] VSPP
[00:08:25] [69/459] ABCT
[00:08:26] [70/459] JVTB
[00:08:27] [71/459] VCBD
[00:08:28] [72/459] RMGG
[00:08:29] [73/459] RNMH
[00:08:30] [74/459] SPGL
[00:08:31] [75/459] JTTR
[00:08:31] [76/459] SICS
[00:08:32] [77/459] SRMI
[00:08:33] [78/459] SSIJ
[00:08:34] [79/459] KFMT
[00:08:35] [80/459] VBIT
[00:08:36] [81/459] JKCT
[00:08:37] [82/459] GCGP
[00:08:37] [83/459] GDCS
[00:08:38] [84/459] TRBA
[00:08:39] [85/459] QUST
[00:08:40] [86/459] VSHM
[00:08:41] [87/459] SDCP
[00:08:41] [88/459] SNVS
[00:08:42] [89/459] NYTO
[00:08:44] [90/459] URWC
[00:08:45] [91/459] GTWH
[00:08:46] [92/459] PFCM
[00:08:46] [93/459] KRTA
[00:08:47] [94/459] AXMC
[00:08:48] [95/459] EVMC
[00:08:49] [96/459] HGSM
[00:08:50] [97/459] ACVM
[00:08:51] [98/459] PSKL
[00:08:52] [99/459] RDMP
[00:08:52] [100/459] RHGH
[00:08:53] [101/459] OMCM
[00:08:55] [102/459] DCCP
[00:08:55] [103/459] MCPB
[00:08:56] [104/459] ALCI
[00:08:57] [105/459] BLMX
[00:08:58] [106/459] BTMV
[00:08:59] [107/459] FVPN
[00:09:00] [108/459] CMAR
[00:09:01] [109/459] CEIM
[00:09:03] [110/459] CMVA
[00:09:03] [111/459] CPIV
[00:09:04] [112/459] CNPE
[00:09:05] [113/459] COLV
[00:09:06] [114/459] DNNV
[00:09:07] [115/459] HCAD
[00:09:08] [116/459] TAKA
[00:09:08] [117/459] INVD
[00:09:10] [118/459] IRMM
[00:09:11] [119/459] INSE
[00:09:12] [120/459] MRSW
[00:09:13] [121/459] MCVD
[00:09:13] [122/459] MCSO
[00:09:14] [123/459] PEVM
[00:09:15] [124/459] PVNL
[00:09:16] [125/459] PTCV
[00:09:17] [126/459] PRTC
[00:09:18] [127/459] RCVA
[00:09:19] [128/459] MTBN
[00:09:19] [129/459] LUCP
[00:09:20] [130/459] FMPT
[00:09:21] [131/459] JLSL
[00:09:22] [132/459] SBHA
[00:09:23] [133/459] SHRC
[00:09:23] [134/459] AVPS
[00:09:24] [135/459] STPM
[00:09:25] [136/459] ATRD
[00:09:26] [137/459] VTED
[00:09:27] [138/459] ACAI
[00:09:28] [139/459] SMAE
[00:09:29] [140/459] VMAT
[00:09:30] [141/459] LKCT
[00:09:30] [142/459] JTVK
[00:09:31] [143/459] PRTY
[00:09:32] [144/459] GETT
[00:09:33] [145/459] ESAP
[00:09:35] [146/459] NCPM
[00:09:36] [147/459] PCPA
[00:09:38] [148/459] MMOM
[00:09:38] [149/459] PHUP
[00:09:39] [150/459] CCPI
[00:09:41] [151/459] CNTD
[00:09:42] [152/459] NLJR
[00:09:43] [153/459] SRNG
[00:09:43] [154/459] MHAL
[00:09:44] [155/459] PNSM
[00:09:45] [156/459] DRMY
[00:09:46] [157/459] CCMU
[00:09:47] [158/459] SCMY
[00:09:47] [159/459] PVSY
[00:09:48] [160/459] SDLM
[00:09:49] [161/459] ICCM
[00:09:50] [162/459] PYSU
[00:09:51] [163/459] GATM
[00:09:52] [164/459] WOTM
[00:09:53] [165/459] RKTS
[00:09:54] [166/459] PMTY
[00:09:54] [167/459] LYMS
[00:09:55] [168/459] TGCA
[00:09:56] [169/459] DSTA
[00:09:57] [170/459] CNGE
[00:09:58] [171/459] VSTG
[00:09:59] [172/459] GTCK
[00:10:00] [173/459] TGNT
[00:10:01] [174/459] ASLC
[00:10:02] [175/459] SSST
[00:10:04] [176/459] KBTT
[00:10:05] [177/459] HKCP
[00:10:06] [178/459] SWLC
[00:10:07] [179/459] RTND
[00:10:07] [180/459] PKKT
[00:10:08] [181/459] HSTK
[00:10:09] [182/459] SPTT
[00:10:10] [183/459] IMPM
[00:10:11] [184/459] SCMV
[00:10:12] [185/459] SPCT
[00:10:13] [186/459] JBCA
[00:10:14] [187/459] ATTR
[00:10:14] [188/459] SPMT
[00:10:15] [189/459] LCTM
[00:10:16] [190/459] SCVL
[00:10:17] [191/459] SCVT
[00:10:18] [192/459] KRIC
[00:10:18] [193/459] CTMG
[00:10:19] [194/459] ACNC
[00:10:20] [195/459] DMCK
[00:10:21] [196/459] KMTV
[00:10:22] [197/459] PFCJ
[00:10:22] [198/459] VNMD
[00:10:23] [199/459] VPCZ
[00:10:24] [200/459] SRYR
[00:10:25] [201/459] SYTR
[00:10:25] [202/459] GATR
[00:10:27] [203/459] URTR
[00:10:28] [204/459] MKSM
[00:10:29] [205/459] VSMH
[00:10:30] [206/459] SKRJ
[00:10:31] [207/459] SSJR
[00:10:32] [208/459] SVSM
[00:10:33] [209/459] RUCM
[00:10:34] [210/459] PRKN
[00:10:34] [211/459] RROH
[00:10:35] [212/459] SCTN
[00:10:36] [213/459] RTDM
[00:10:38] [214/459] ASRM
[00:10:39] [215/459] SKMD
[00:10:39] [216/459] SUTD
[00:10:40] [217/459] SADM
[00:10:41] [218/459] WCNR
[00:10:42] [219/459] CNED
[00:10:43] [220/459] MPDB
[00:10:44] [221/459] KTBH
[00:10:44] [222/459] IDRM
[00:10:45] [223/459] PJJT
[00:10:46] [224/459] PFCV
[00:10:47] [225/459] AACT
[00:10:48] [226/459] AAAD
[00:10:49] [227/459] ANES
[00:10:50] [228/459] MNCA
[00:10:51] [229/459] RMGU
[00:10:51] [230/459] DLCN
[00:10:52] [231/459] LJWT
[00:10:54] [232/459] MCBG
[00:10:55] [233/459] MYBG
[00:10:55] [234/459] GCCA
[00:10:56] [235/459] GCGA
[00:10:57] [236/459] ECGN
[00:10:58] [237/459] PRAB
[00:10:59] [238/459] PNMP
[00:11:00] [239/459] GCPT
[00:11:01] [240/459] ROYN
[00:11:02] [241/459] VATM
[00:11:02] [242/459] KSNT
[00:11:03] [243/459] ACTC
[00:11:04] [244/459] PLTD
[00:11:05] [245/459] SKMK
[00:11:06] [246/459] CMTT
[00:11:07] [247/459] SMXP
[00:11:08] [248/459] SCMX
[00:11:08] [249/459] ACXN
[00:11:09] [250/459] ASWT
[00:11:10] [251/459] VVVL
[00:11:11] [252/459] NAGO
[00:11:12] [253/459] SNCN
[00:11:13] [254/459] MCKP
[00:11:13] [255/459] SAMO
[00:11:14] [256/459] JBTV
[00:11:15] [257/459] DCVV
[00:11:16] [258/459] KMSV
[00:11:17] [259/459] KDCN
[00:11:18] [260/459] CNCP
[00:11:18] [261/459] HAMC
[00:11:19] [262/459] CCVZ
[00:11:20] [263/459] NCCK
[00:11:21] [264/459] MCHR
[00:11:22] [265/459] SCHT
[00:11:23] [266/459] ESSH
[00:11:23] [267/459] CUJC
[00:11:24] [268/459] PECP
[00:11:25] [269/459] PMMI
[00:11:26] [270/459] PCCH
[00:11:27] [271/459] PRPM
[00:11:29] [272/459] PVKL
[00:11:30] [273/459] CBSM
[00:11:31] [274/459] PVCZ
[00:11:32] [275/459] PCVV
[00:11:33] [276/459] CTMJ
[00:11:34] [277/459] RCPS
[00:11:35] [278/459] PCIT
[00:11:35] [279/459] FNCH
[00:11:36] [280/459] INZD
[00:11:37] [281/459] INPC
[00:11:38] [282/459] LCZP
[00:11:39] [283/459] SMCB
[00:11:40] [284/459] PTSB
[00:11:41] [285/459] TPSI
[00:11:41] [286/459] KHMJ
[00:11:42] [287/459] RCCJ
[00:11:43] [288/459] NCJA
[00:11:44] [289/459] NCJN
[00:11:46] [290/459] BTDP
[00:11:46] [291/459] PADY
[00:11:47] [292/459] NYBH
[00:11:48] [293/459] MTBR
[00:11:49] [294/459] KRBC
[00:11:50] [295/459] DKTI
[00:11:50] [296/459] ANAN
[00:11:51] [297/459] INBP
[00:11:52] [298/459] PATB
[00:11:53] [299/459] RGNT
[00:11:54] [300/459] CGPM
[00:11:55] [301/459] INTN
[00:11:55] [302/459] MCMP
[00:11:56] [303/459] ASRG
[00:11:57] [304/459] CXJD
[00:11:58] [305/459] SPCP
[00:11:59] [306/459] CSTP
[00:12:00] [307/459] PKVC
[00:12:01] [308/459] ESCP
[00:12:01] [309/459] CAEP
[00:12:02] [310/459] CCSP
[00:12:03] [311/459] KTPC
[00:12:04] [312/459] DACA
[00:12:05] [313/459] NVKY
[00:12:06] [314/459] PTIN
[00:12:07] [315/459] SCIN
[00:12:08] [316/459] MCTY
[00:12:09] [317/459] PCMX
[00:12:10] [318/459] INIC
[00:12:10] [319/459] MMZM
[00:12:11] [320/459] SSLP
[00:12:12] [321/459] DTDT
[00:12:13] [322/459] FFCX
[00:12:14] [323/459] RCMM
[00:12:15] [324/459] KYID
[00:12:15] [325/459] CSCI
[00:12:16] [326/459] FCMC
[00:12:17] [327/459] MMXI
[00:12:18] [328/459] ASTC
[00:12:19] [329/459] CMRA
[00:12:19] [330/459] DICI
[00:12:20] [331/459] KDIN
[00:12:21] [332/459] PRFI
[00:12:22] [333/459] SVFC
[00:12:22] [334/459] UCPL
[00:12:23] [335/459] COOC
[00:12:24] [336/459] SCAL
[00:12:25] [337/459] SVFF
[00:12:26] [338/459] VCMG
[00:12:27] [339/459] UUCT
[00:12:28] [340/459] GCSE
[00:12:29] [341/459] SUSC
[00:12:30] [342/459] MISC
[00:12:31] [343/459] RMBL
[00:12:32] [344/459] CMXN
[00:12:33] [345/459] PVBK
[00:12:34] [346/459] HHCG
[00:12:35] [347/459] SCAG
[00:12:36] [348/459] CNPR
[00:12:36] [349/459] CSER
[00:12:38] [350/459] HLWD
[00:12:39] [351/459] BOLY
[00:12:40] [352/459] SSPG
[00:12:40] [353/459] MUPX
[00:12:41] [354/459] HAMR
[00:12:42] [355/459] SDNC
[00:12:43] [356/459] RTEN
[00:12:44] [357/459] SDTD
[00:12:45] [358/459] KAWS
[00:12:46] [359/459] CMZX
[00:12:47] [360/459] DCDD
[00:12:48] [361/459] ALSN
[00:12:49] [362/459] IMXS
[00:12:50] [363/459] PVFF
[00:12:51] [364/459] PVOO
[00:12:52] [365/459] CFBS
[00:12:53] [366/459] PVER
[00:12:54] [367/459] PPNX
[00:12:55] [368/459] CNRM
[00:12:56] [369/459] PVWW
[00:12:57] [370/459] INMB
[00:12:58] [371/459] CPJR
[00:12:59] [372/459] INRZ
[00:12:59] [373/459] PMSR
[00:13:00] [374/459] GPGM
[00:13:01] [375/459] PGWB
[00:13:02] [376/459] PMBR
[00:13:03] [377/459] GPAM
[00:13:04] [378/459] INBC
[00:13:04] [379/459] PZVK
[00:13:05] [380/459] CPEB
[00:13:06] [381/459] FMLB
[00:13:07] [382/459] INBG
[00:13:08] [383/459] GPBR
[00:13:09] [384/459] PAAS
[00:13:11] [385/459] VTBR
[00:13:12] [386/459] GPMY
[00:13:12] [387/459] GYBU
[00:13:14] [388/459] INBJ
[00:13:15] [389/459] LKTH
[00:13:16] [390/459] NSBR
[00:13:17] [391/459] PDRD
[00:13:18] [392/459] VRBL
[00:13:19] [393/459] VTGB
[00:13:20] [394/459] VTSK
[00:13:21] [395/459] BKDV
[00:13:22] [396/459] SVTB
[00:13:23] [397/459] MLDT
[00:13:24] [398/459] NRBL
[00:13:24] [399/459] SLTR
[00:13:25] [400/459] VNKA
[00:13:26] [401/459] TDCA
[00:13:27] [402/459] INBM
[00:13:28] [403/459] SSNR
[00:13:29] [404/459] BHAC
[00:13:29] [405/459] SDSD
[00:13:30] [406/459] SAMP
[00:13:31] [407/459] RATK
[00:13:32] [408/459] KCBI
[00:13:34] [409/459] URBL
[00:13:34] [410/459] MKBG
[00:13:35] [411/459] ASTB
[00:13:37] [412/459] VBWT
[00:13:38] [413/459] GPSM
[00:13:38] [414/459] ROON
[00:13:39] [415/459] CHTH
[00:13:40] [416/459] SSPA
[00:13:41] [417/459] ANBL
[00:13:42] [418/459] VTBE
[00:13:43] [419/459] SVKT
[00:13:44] [420/459] SVYK
[00:13:45] [421/459] PTBK
[00:13:46] [422/459] RKTB
[00:13:47] [423/459] BALT
[00:13:48] [424/459] STSV
[00:13:49] [425/459] VCCB
[00:13:50] [426/459] SLTB
[00:13:51] [427/459] SBCR
[00:13:52] [428/459] VDCS
[00:13:53] [429/459] MDKI
[00:13:54] [430/459] SMRN
[00:13:55] [431/459] PTBC
[00:13:56] [432/459] RADI
[00:13:56] [433/459] ADCR
[00:13:57] [434/459] SDCS
[00:13:58] [435/459] SRPJ
[00:13:59] [436/459] ARTS
[00:14:00] [437/459] SRHK
[00:14:01] [438/459] SPAY
[00:14:02] [439/459] GPTB
[00:14:03] [440/459] SNNN
[00:14:04] [441/459] BALJ
[00:14:05] [442/459] TRIG
[00:14:06] [443/459] GTYT
[00:14:06] [444/459] ATGN
[00:14:07] [445/459] ANTE
[00:14:08] [446/459] BDCG
[00:14:09] [447/459] VECI
[00:14:09] [448/459] SCPR
[00:14:10] [449/459] RTEA
[00:14:11] [450/459] JSAI
[00:14:12] [451/459] VJTP
[00:14:13] [452/459] GNDS
[00:14:14] [453/459] PAXA
[00:14:15] [454/459] CGGM
[00:14:16] [455/459] ACKZ
[00:14:16] [456/459] EMCC
[00:14:17] [457/459] KLSK
[00:14:18] [458/459] AVCK
[00:14:19] [459/459] JTCK
[00:14:20] ✅ DONE | Shows=0 | Movies=0
