[00:07:39] 🚀 BMS DAILY TRACKER STARTED
[00:07:39] [1/326] BSAT
[00:07:39] 🧠 New identity
[00:07:39] 🔄 Identity reset
[00:07:39] ❌ BSAT | RuntimeError
[00:07:39] [2/326] RSSM
[00:07:39] 🧠 New identity
[00:07:39] 🔄 Identity reset
[00:07:39] ❌ RSSM | RuntimeError
[00:07:40] [3/326] GCTA
[00:07:40] 🧠 New identity
[00:07:40] 🔄 Identity reset
[00:07:40] ❌ GCTA | RuntimeError
[00:07:41] [4/326] TOPN
[00:07:41] 🧠 New identity
[00:07:42] [5/326] MCUS
[00:07:42] [6/326] SHRL
[00:07:44] [7/326] UPTP
[00:07:45] [8/326] TMMP
[00:07:46] [9/326] DNRP
[00:07:47] [10/326] SRLT
[00:07:48] [11/326] RCNS
[00:07:49] [12/326] DCBH
[00:07:50] [13/326] NAGJ
[00:07:51] [14/326] JVRC
[00:07:52] [15/326] KRJG
[00:07:53] [16/326] SRTJ
[00:07:54] [17/326] CMXM
[00:07:54] [18/326] STMI
[00:07:55] [19/326] SLST
[00:07:56] [20/326] DTCN
[00:07:57] [21/326] STYN
[00:07:58] [22/326] SZVR
[00:07:59] [23/326] SRKO
[00:08:00] [24/326] JTGT
[00:08:01] [25/326] SVFD
[00:08:02] [26/326] SISD
[00:08:03] [27/326] ABDD
[00:08:04] [28/326] DRCA
[00:08:05] [29/326] AVCS
[00:08:06] [30/326] MVKH
[00:08:07] [31/326] ACPR
[00:08:08] [32/326] STIP
[00:08:08] [33/326] MTRA
[00:08:09] [34/326] RMKH
[00:08:10] [35/326] NKRL
[00:08:11] [36/326] PCWN
[00:08:12] [37/326] BLMT
[00:08:13] [38/326] GDPG
[00:08:14] [39/326] SRMX
[00:08:15] [40/326] JACP
[00:08:16] [41/326] CPSH
[00:08:17] [42/326] MCCD
[00:08:17] [43/326] ECGH
[00:08:18] [44/326] MKCK
[00:08:19] [45/326] SRMM
[00:08:20] [46/326] SKYR
[00:08:20] [47/326] PCKC
[00:08:21] [48/326] JCMA
[00:08:22] [49/326] BSMP
[00:08:23] [50/326] VSPA
[00:08:24] [51/326] DJYA
[00:08:24] [52/326] DIMP
[00:08:25] [53/326] FXDR
[00:08:26] [54/326] SSRC
[00:08:27] [55/326] STHP
[00:08:28] [56/326] CPPD
[00:08:29] [57/326] FCLK
[00:08:30] [58/326] SCPP
[00:08:31] [59/326] DCMJ
[00:08:32] [60/326] RCCR
[00:08:34] [61/326] INMT
[00:08:34] [62/326] LXTK
[00:08:36] [63/326] SRYK
[00:08:36] [64/326] SGDK
[00:08:37] [65/326] PPKA
[00:08:38] [66/326] SPKA
[00:08:39] [67/326] CGHH
[00:08:39] [68/326] DCJN
[00:08:41] [69/326] SRKV
[00:08:42] [70/326] SAJC
[00:08:42] [71/326] SUSR
[00:08:43] [72/326] STYG
[00:08:44] [73/326] NTKP
[00:08:45] [74/326] AKTG
[00:08:46] [75/326] CGCM
[00:08:47] [76/326] TULC
[00:08:48] [77/326] NYYZ
[00:08:49] [78/326] NYBW
[00:08:50] [79/326] MACB
[00:08:51] [80/326] SLVT
[00:08:52] [81/326] SANA
[00:08:53] [82/326] ACMR
[00:08:54] [83/326] CPKN
[00:08:56] [84/326] DLGK
[00:08:56] [85/326] CWCK
[00:08:58] [86/326] FDDH
[00:08:58] [87/326] MMMD
[00:08:59] [88/326] CMEH
[00:09:01] [89/326] GGGV
[00:09:01] [90/326] SPJL
[00:09:02] [91/326] RCCD
[00:09:03] [92/326] STTZ
[00:09:03] [93/326] BTCF
[00:09:05] [94/326] TSTZ
[00:09:06] [95/326] IPMM
[00:09:07] [96/326] PMPW
[00:09:07] [97/326] PCMZ
[00:09:08] [98/326] ESEM
[00:09:09] [99/326] PIPO
[00:09:10] [100/326] MATK
[00:09:11] [101/326] PGHM
[00:09:11] [102/326] CTSR
[00:09:12] [103/326] CYKR
[00:09:13] [104/326] MSCM
[00:09:14] [105/326] RFNP
[00:09:15] [106/326] PDCP
[00:09:16] [107/326] NPSE
[00:09:16] [108/326] MKML
[00:09:17] [109/326] FTDP
[00:09:18] [110/326] MMXA
[00:09:19] [111/326] CEPO
[00:09:20] [112/326] CMVP
[00:09:20] [113/326] SGTH
[00:09:21] [114/326] SAYN
[00:09:23] [115/326] URVS
[00:09:24] [116/326] VJTN
[00:09:25] [117/326] BBYK
[00:09:26] [118/326] SHBO
[00:09:27] [119/326] VCMR
[00:09:28] [120/326] MACT
[00:09:29] [121/326] JMNP
[00:09:29] [122/326] VICS
[00:09:30] [123/326] VCDA
[00:09:31] [124/326] GCMM
[00:09:32] [125/326] INVS
[00:09:33] [126/326] SCGM
[00:09:34] [127/326] PCDA
[00:09:35] [128/326] KDCT
[00:09:36] [129/326] JACS
[00:09:36] [130/326] GMMC
[00:09:37] [131/326] AICM
[00:09:38] [132/326] TJCM
[00:09:39] [133/326] RMTI
[00:09:40] [134/326] SHAC
[00:09:40] [135/326] APJC
[00:09:41] [136/326] GCTG
[00:09:42] [137/326] SSMC
[00:09:43] [138/326] THRM
[00:09:44] [139/326] RBCT
[00:09:44] [140/326] DIKT
[00:09:45] [141/326] MIDL
[00:09:46] [142/326] VCSN
[00:09:47] [143/326] SKTG
[00:09:47] [144/326] SMWC
[00:09:48] [145/326] MNKH
[00:09:49] [146/326] PIAT
[00:09:50] [147/326] LTTP
[00:09:51] [148/326] PTPU
[00:09:52] [149/326] ACMG
[00:09:53] [150/326] SHMM
[00:09:53] [151/326] MCMN
[00:09:54] [152/326] GLDC
[00:09:55] [153/326] HOUT
[00:09:56] [154/326] SVRP
[00:09:56] [155/326] PVDN
[00:09:57] [156/326] SCPY
[00:09:58] [157/326] DTPY
[00:09:58] [158/326] GKCS
[00:09:59] [159/326] NCAM
[00:10:00] [160/326] BSRM
[00:10:02] [161/326] RCLC
[00:10:02] [162/326] SKKD
[00:10:04] [163/326] ACHU
[00:10:04] [164/326] RSCF
[00:10:05] [165/326] IMSH
[00:10:06] [166/326] MACX
[00:10:07] [167/326] HMMW
[00:10:08] [168/326] JTCP
[00:10:09] [169/326] SREN
[00:10:10] [170/326] PJRR
[00:10:11] [171/326] INAC
[00:10:12] [172/326] BMCA
[00:10:13] [173/326] SHCB
[00:10:14] [174/326] GABA
[00:10:14] [175/326] SBCT
[00:10:15] [176/326] GCMA
[00:10:16] [177/326] MYTK
[00:10:17] [178/326] INZS
[00:10:17] [179/326] RMIK
[00:10:18] [180/326] NYCH
[00:10:19] [181/326] RAVE
[00:10:21] [182/326] PSXM
[00:10:22] [183/326] MCGP
[00:10:22] [184/326] PDDK
[00:10:24] [185/326] SPCK
[00:10:24] [186/326] MCRL
[00:10:26] [187/326] MHKT
[00:10:27] [188/326] ANRR
[00:10:28] [189/326] SAPK
[00:10:29] [190/326] NCUK
[00:10:31] [191/326] JUGA
[00:10:32] [192/326] DBSC
[00:10:32] [193/326] LALK
[00:10:33] [194/326] GUCK
[00:10:34] [195/326] STSG
[00:10:35] [196/326] PPPZ
[00:10:36] [197/326] CNCY
[00:10:37] [198/326] MTAR
[00:10:38] [199/326] VNKD
[00:10:39] [200/326] KMAJ
[00:10:40] [201/326] ACXK
[00:10:40] [202/326] UTKC
[00:10:41] [203/326] PBLK
[00:10:42] [204/326] ACBX
[00:10:42] [205/326] PTGM
[00:10:43] [206/326] BTDA
[00:10:44] [207/326] PJMB
[00:10:44] [208/326] TPDA
[00:10:45] [209/326] AMOE
[00:10:46] [210/326] PRHT
[00:10:47] [211/326] PRTA
[00:10:48] [212/326] STAM
[00:10:49] [213/326] MSAA
[00:10:49] [214/326] SDLU
[00:10:50] [215/326] RCHH
[00:10:51] [216/326] KANT
[00:10:52] [217/326] FCRT
[00:10:52] [218/326] DNKM
[00:10:53] [219/326] RYCP
[00:10:54] [220/326] MYRP
[00:10:56] [221/326] PPAK
[00:10:57] [222/326] NVPK
[00:10:58] [223/326] PRMC
[00:10:59] [224/326] JBCS
[00:11:00] [225/326] GXCK
[00:11:00] [226/326] USKO
[00:11:01] [227/326] GTEM
[00:11:02] [228/326] SMBU
[00:11:03] [229/326] VETC
[00:11:03] [230/326] LCDA
[00:11:04] [231/326] MTVT
[00:11:05] [232/326] PYCP
[00:11:06] [233/326] PNSC
[00:11:06] [234/326] PPCC
[00:11:07] [235/326] TGRT
[00:11:08] [236/326] JYOT
[00:11:09] [237/326] SRCZ
[00:11:09] [238/326] SJTE
[00:11:10] [239/326] DESC
[00:11:11] [240/326] JHVN
[00:11:11] [241/326] IPSG
[00:11:12] [242/326] IPCM
[00:11:12] [243/326] PDRS
[00:11:13] [244/326] ANCV
[00:11:14] [245/326] CMVV
[00:11:15] [246/326] SHYP
[00:11:17] [247/326] DNCS
[00:11:18] [248/326] GAJK
[00:11:18] [249/326] AKTN
[00:11:19] [250/326] KAYA
[00:11:20] [251/326] SBRC
[00:11:21] [252/326] CHTP
[00:11:22] [253/326] SHRT
[00:11:23] [254/326] BCKU
[00:11:24] [255/326] FCPS
[00:11:24] [256/326] ARDD
[00:11:26] [257/326] CPCM
[00:11:27] [258/326] CGSM
[00:11:27] [259/326] PSMP
[00:11:28] [260/326] SDAL
[00:11:29] [261/326] RTNB
[00:11:30] [262/326] LMCR
[00:11:31] [263/326] CIMA
[00:11:32] [264/326] RNAS
[00:11:33] [265/326] LITH
[00:11:33] [266/326] PBOX
[00:11:34] [267/326] FRTS
[00:11:35] [268/326] RKIC
[00:11:36] [269/326] PTAI
[00:11:37] [270/326] GCIC
[00:11:38] [271/326] FNAS
[00:11:39] [272/326] SCAR
[00:11:40] [273/326] MTCA
[00:11:41] [274/326] SCTS
[00:11:42] [275/326] SYCS
[00:11:43] [276/326] RDMS
[00:11:44] [277/326] KAMP
[00:11:45] [278/326] ERSD
[00:11:46] [279/326] MJMJ
[00:11:47] [280/326] SRCJ
[00:11:48] [281/326] SCXE
[00:11:49] [282/326] SVFR
[00:11:50] [283/326] BHCS
[00:11:51] [284/326] IMCC
[00:11:52] [285/326] PCBO
[00:11:53] [286/326] PRVN
[00:11:54] [287/326] AUPM
[00:11:54] [288/326] INBW
[00:11:55] [289/326] SVCW
[00:11:56] [290/326] RKCF
[00:11:57] [291/326] UVBH
[00:11:58] [292/326] DNCY
[00:11:59] [293/326] ABCN
[00:12:00] [294/326] PRUR
[00:12:01] [295/326] PFMR
[00:12:02] [296/326] RKCN
[00:12:03] [297/326] CFEA
[00:12:04] [298/326] SDBG
[00:12:05] [299/326] SNAR
[00:12:06] [300/326] YISI
[00:12:07] [301/326] JCFF
[00:12:07] [302/326] VTRK
[00:12:08] [303/326] PCLZ
[00:12:09] [304/326] DIMY
[00:12:10] [305/326] BBTS
[00:12:12] [306/326] GATH
[00:12:12] [307/326] GTMN
[00:12:13] [308/326] VTMH
[00:12:14] [309/326] CCKP
[00:12:15] [310/326] GPKA
[00:12:15] [311/326] MHCL
[00:12:16] [312/326] ATCL
[00:12:17] [313/326] SBCK
[00:12:18] [314/326] AMMR
[00:12:19] [315/326] MADC
[00:12:20] [316/326] TMMA
[00:12:20] [317/326] CACC
[00:12:21] [318/326] CHAL
[00:12:22] [319/326] DURG
[00:12:23] [320/326] GMKU
[00:12:23] [321/326] GECA
[00:12:25] [322/326] KYRR
[00:12:26] [323/326] KSDE
[00:12:26] [324/326] LMCI
[00:12:28] [325/326] NKCP
[00:12:28] [326/326] BGTC
[00:12:29] ✅ DONE | Shows=0 | Movies=0
