[00:07:33] 🚀 BMS DAILY TRACKER STARTED
[00:07:33] [1/459] MBDC
[00:07:33] 🧠 New identity
[00:07:33] 🔄 Identity reset
[00:07:33] ❌ MBDC | RuntimeError
[00:07:34] [2/459] CHKM
[00:07:34] 🧠 New identity
[00:07:35] [3/459] JTKZ
[00:07:35] [4/459] CMCT
[00:07:36] [5/459] ASHO
[00:07:37] [6/459] ECDG
[00:07:38] [7/459] SPAT
[00:07:39] [8/459] HILC
[00:07:40] [9/459] SPPH
[00:07:41] [10/459] SBHN
[00:07:42] [11/459] RRCA
[00:07:43] [12/459] APAA
[00:07:44] [13/459] RAME
[00:07:45] [14/459] TMMS
[00:07:46] [15/459] BATK
[00:07:47] [16/459] LKOP
[00:07:48] [17/459] AMTT
[00:07:49] [18/459] PTGK
[00:07:50] [19/459] ANRS
[00:07:51] [20/459] VWBW
[00:07:51] [21/459] SVFG
[00:07:52] [22/459] STAT
[00:07:53] [23/459] GDCV
[00:07:54] [24/459] VEBI
[00:07:54] [25/459] VDSS
[00:07:55] [26/459] NTHV
[00:07:56] [27/459] AOCH
[00:07:57] [28/459] KASR
[00:07:59] [29/459] AYCS
[00:08:00] [30/459] SHAI
[00:08:01] [31/459] SKPE
[00:08:02] [32/459] SBTA
[00:08:02] [33/459] RTTD
[00:08:03] [34/459] CCJD
[00:08:04] [35/459] RSJJ
[00:08:05] [36/459] RKND
[00:08:06] [37/459] SVTX
[00:08:06] [38/459] BAKM
[00:08:07] [39/459] SVDC
[00:08:08] [40/459] MNCV
[00:08:10] [41/459] SJGC
[00:08:11] [42/459] MTPK
[00:08:12] [43/459] GATP
[00:08:14] [44/459] ABTS
[00:08:14] [45/459] ABDE
[00:08:15] [46/459] RCNM
[00:08:16] [47/459] KTHV
[00:08:17] [48/459] MDGJ
[00:08:18] [49/459] SMLM
[00:08:18] [50/459] JTMA
[00:08:19] [51/459] ACKP
[00:08:20] [52/459] SRTA
[00:08:21] [53/459] STAY
[00:08:22] [54/459] MAVO
[00:08:23] [55/459] APTS
[00:08:23] [56/459] OMEA
[00:08:24] [57/459] TTFD
[00:08:25] [58/459] MJCU
[00:08:26] [59/459] CXTE
[00:08:26] [60/459] CTPX
[00:08:27] [61/459] ASSL
[00:08:28] [62/459] CMVB
[00:08:29] [63/459] VPUR
[00:08:29] [64/459] JJDA
[00:08:30] [65/459] INBL
[00:08:31] [66/459] BIKB
[00:08:32] [67/459] NTBB
[00:08:33] [68/459] GLOB
[00:08:34] [69/459] SNTB
[00:08:34] [70/459] CHGV
[00:08:35] [71/459] SSBZ
[00:08:36] [72/459] PRDB
[00:08:37] [73/459] ISMT
[00:08:38] [74/459] MCSD
[00:08:38] [75/459] JBTT
[00:08:39] [76/459] GEKR
[00:08:40] [77/459] PVUN
[00:08:41] [78/459] NRTB
[00:08:42] [79/459] PRAA
[00:08:43] [80/459] PCBL
[00:08:44] [81/459] PTCM
[00:08:45] [82/459] KHNN
[00:08:46] [83/459] OMJE
[00:08:47] [84/459] STGN
[00:08:48] [85/459] RPMS
[00:08:49] [86/459] NWAD
[00:08:50] [87/459] BLCK
[00:08:51] [88/459] SVAA
[00:08:52] [89/459] URVM
[00:08:53] [90/459] ANTM
[00:08:53] [91/459] VJYM
[00:08:54] [92/459] MAZZ
[00:08:55] [93/459] CSHM
[00:08:57] [94/459] WGMH
[00:08:57] [95/459] SALN
[00:08:58] [96/459] BRTP
[00:08:59] [97/459] SVTA
[00:09:01] [98/459] SBTP
[00:09:01] [99/459] VLSS
[00:09:02] [100/459] SRJA
[00:09:03] [101/459] ANCG
[00:09:05] [102/459] CGGC
[00:09:06] [103/459] CRJA
[00:09:07] [104/459] USCR
[00:09:07] [105/459] MMEF
[00:09:08] [106/459] JCRJ
[00:09:09] [107/459] ADCM
[00:09:10] [108/459] BMYK
[00:09:10] [109/459] KICS
[00:09:11] [110/459] MBBT
[00:09:12] [111/459] MACK
[00:09:14] [112/459] CLDR
[00:09:15] [113/459] JYCR
[00:09:17] [114/459] DCRP
[00:09:17] [115/459] RAHT
[00:09:19] [116/459] CSSM
[00:09:20] [117/459] ATPK
[00:09:21] [118/459] KLRT
[00:09:21] [119/459] SRDD
[00:09:22] [120/459] CKMC
[00:09:23] [121/459] KRVM
[00:09:24] [122/459] AKCP
[00:09:25] [123/459] CNCV
[00:09:25] [124/459] PACT
[00:09:26] [125/459] NATP
[00:09:27] [126/459] PCPK
[00:09:28] [127/459] SMHO
[00:09:29] [128/459] CWTK
[00:09:29] [129/459] RVKZ
[00:09:30] [130/459] ASPD
[00:09:31] [131/459] VTKZ
[00:09:32] [132/459] LCSO
[00:09:33] [133/459] PRDY
[00:09:34] [134/459] RCAP
[00:09:35] [135/459] RGAR
[00:09:36] [136/459] RCAC
[00:09:36] [137/459] PMOD
[00:09:37] [138/459] PVCN
[00:09:38] [139/459] SCRZ
[00:09:39] [140/459] PVPC
[00:09:40] [141/459] STID
[00:09:41] [142/459] NEDD
[00:09:42] [143/459] BNBA
[00:09:43] [144/459] NTCD
[00:09:44] [145/459] OCDE
[00:09:45] [146/459] CCDU
[00:09:45] [147/459] CRXH
[00:09:47] [148/459] VLVT
[00:09:47] [149/459] CICI
[00:09:49] [150/459] SUCB
[00:09:50] [151/459] TCBP
[00:09:51] [152/459] SCCY
[00:09:52] [153/459] LXCY
[00:09:53] [154/459] NCMD
[00:09:54] [155/459] PHCS
[00:09:54] [156/459] DUXR
[00:09:55] [157/459] VNKS
[00:09:56] [158/459] SEDP
[00:09:57] [159/459] SVEN
[00:09:58] [160/459] SRKM
[00:09:59] [161/459] JTLT
[00:09:59] [162/459] SVSS
[00:10:00] [163/459] AMDE
[00:10:01] [164/459] WVRN
[00:10:02] [165/459] ISMG
[00:10:03] [166/459] WVKS
[00:10:03] [167/459] USCG
[00:10:05] [168/459] IOTG
[00:10:07] [169/459] RRJM
[00:10:08] [170/459] EDMP
[00:10:08] [171/459] SCGZ
[00:10:09] [172/459] GMGX
[00:10:11] [173/459] OMTP
[00:10:12] [174/459] MITD
[00:10:13] [175/459] SMMD
[00:10:13] [176/459] STML
[00:10:14] [177/459] MCFS
[00:10:15] [178/459] FPKA
[00:10:16] [179/459] OMLR
[00:10:17] [180/459] KKSC
[00:10:18] [181/459] RVMA
[00:10:19] [182/459] SCLL
[00:10:20] [183/459] SCDK
[00:10:21] [184/459] SXMI
[00:10:22] [185/459] SHDN
[00:10:23] [186/459] PAAD
[00:10:24] [187/459] UUCB
[00:10:25] [188/459] JHOL
[00:10:26] [189/459] SGWT
[00:10:27] [190/459] SRII
[00:10:28] [191/459] SGCK
[00:10:29] [192/459] SVVB
[00:10:30] [193/459] DMHA
[00:10:31] [194/459] PPNL
[00:10:32] [195/459] CPNL
[00:10:33] [196/459] WVLD
[00:10:34] [197/459] PSLV
[00:10:34] [198/459] VTTL
[00:10:35] [199/459] NPAD
[00:10:36] [200/459] PVCS
[00:10:37] [201/459] MCHL
[00:10:38] [202/459] PPLL
[00:10:39] [203/459] MALO
[00:10:39] [204/459] SWBH
[00:10:40] [205/459] PUGB
[00:10:41] [206/459] INBB
[00:10:42] [207/459] INNS
[00:10:43] [208/459] MCPT
[00:10:44] [209/459] SCMI
[00:10:45] [210/459] OCON
[00:10:46] [211/459] SCSM
[00:10:47] [212/459] RJVN
[00:10:48] [213/459] AMDK
[00:10:48] [214/459] ISMR
[00:10:49] [215/459] SMTD
[00:10:51] [216/459] VTDD
[00:10:51] [217/459] PDDZ
[00:10:52] [218/459] PCCK
[00:10:53] [219/459] INAM
[00:10:54] [220/459] FNKT
[00:10:54] [221/459] GDKA
[00:10:55] [222/459] MAYU
[00:10:56] [223/459] TCGU
[00:10:57] [224/459] KDCA
[00:10:58] [225/459] DOMY
[00:10:59] [226/459] PDDD
[00:10:59] [227/459] BJTS
[00:11:00] [228/459] VTCA
[00:11:01] [229/459] SBTM
[00:11:02] [230/459] SEET
[00:11:03] [231/459] SSTJ
[00:11:04] [232/459] SVNT
[00:11:05] [233/459] PPPR
[00:11:06] [234/459] PVYS
[00:11:07] [235/459] IOSE
[00:11:07] [236/459] ACTV
[00:11:08] [237/459] APVE
[00:11:09] [238/459] TCCL
[00:11:10] [239/459] SCMO
[00:11:11] [240/459] SAUM
[00:11:12] [241/459] KCJS
[00:11:13] [242/459] NJCJ
[00:11:13] [243/459] NECF
[00:11:14] [244/459] CCGW
[00:11:15] [245/459] CCMG
[00:11:16] [246/459] NYRG
[00:11:16] [247/459] NCSQ
[00:11:18] [248/459] GRCG
[00:11:19] [249/459] CCBT
[00:11:20] [250/459] ACGA
[00:11:21] [251/459] INAG
[00:11:22] [252/459] FUCG
[00:11:23] [253/459] AICF
[00:11:24] [254/459] GRGA
[00:11:25] [255/459] GDCN
[00:11:25] [256/459] RRCG
[00:11:26] [257/459] SDCH
[00:11:27] [258/459] WVJM
[00:11:28] [259/459] JCCZ
[00:11:29] [260/459] CNCL
[00:11:30] [261/459] TMLV
[00:11:30] [262/459] MEMB
[00:11:31] [263/459] SGTD
[00:11:32] [264/459] CONX
[00:11:33] [265/459] CCMH
[00:11:34] [266/459] ACMC
[00:11:34] [267/459] DTPD
[00:11:36] [268/459] POJA
[00:11:37] [269/459] FNBH
[00:11:38] [270/459] CGCB
[00:11:38] [271/459] RACN
[00:11:40] [272/459] JTSM
[00:11:41] [273/459] SCDN
[00:11:42] [274/459] AACK
[00:11:42] [275/459] RMCE
[00:11:43] [276/459] BSGB
[00:11:44] [277/459] MRCB
[00:11:45] [278/459] SRVR
[00:11:46] [279/459] VTKK
[00:11:47] [280/459] AMST
[00:11:47] [281/459] APCY
[00:11:48] [282/459] LMHO
[00:11:49] [283/459] MTZH
[00:11:50] [284/459] AMZB
[00:11:51] [285/459] SUVT
[00:11:52] [286/459] RCIP
[00:11:53] [287/459] KESR
[00:11:53] [288/459] SNKC
[00:11:54] [289/459] SCED
[00:11:55] [290/459] DVCA
[00:11:56] [291/459] VCDT
[00:11:57] [292/459] RRDI
[00:11:59] [293/459] DFCH
[00:12:00] [294/459] INSC
[00:12:00] [295/459] RGTR
[00:12:02] [296/459] FMOT
[00:12:03] [297/459] SCPM
[00:12:04] [298/459] GCDT
[00:12:05] [299/459] BRKT
[00:12:05] [300/459] DEMP
[00:12:06] [301/459] SRLC
[00:12:07] [302/459] KSTT
[00:12:08] [303/459] SMMT
[00:12:10] [304/459] SILM
[00:12:11] [305/459] JCVM
[00:12:13] [306/459] KCSV
[00:12:14] [307/459] MHLK
[00:12:14] [308/459] SLVL
[00:12:15] [309/459] RJKP
[00:12:16] [310/459] BBPC
[00:12:17] [311/459] MXCB
[00:12:18] [312/459] TCPK
[00:12:19] [313/459] RTBR
[00:12:20] [314/459] GAUT
[00:12:20] [315/459] DVCF
[00:12:21] [316/459] JTSB
[00:12:22] [317/459] SBLS
[00:12:23] [318/459] UDAY
[00:12:25] [319/459] PTNP
[00:12:26] [320/459] DMKT
[00:12:26] [321/459] NTDT
[00:12:27] [322/459] SHDJ
[00:12:28] [323/459] OTNC
[00:12:28] [324/459] RNTW
[00:12:29] [325/459] GCMI
[00:12:30] [326/459] CRCM
[00:12:31] [327/459] NNCZ
[00:12:32] [328/459] OEMO
[00:12:33] [329/459] PVJM
[00:12:33] [330/459] CPJI
[00:12:34] [331/459] RMCJ
[00:12:35] [332/459] CNWJ
[00:12:36] [333/459] EPJM
[00:12:37] [334/459] FNJJ
[00:12:38] [335/459] GCMJ
[00:12:38] [336/459] INPS
[00:12:39] [337/459] BICJ
[00:12:40] [338/459] ISTJ
[00:12:41] [339/459] INJC
[00:12:42] [340/459] GLXJ
[00:12:43] [341/459] INEM
[00:12:44] [342/459] JTMN
[00:12:45] [343/459] FRCJ
[00:12:45] [344/459] DDJP
[00:12:47] [345/459] INJV
[00:12:48] [346/459] GOLC
[00:12:49] [347/459] KOCI
[00:12:50] [348/459] FSTD
[00:12:51] [349/459] PACJ
[00:12:52] [350/459] GMCN
[00:12:52] [351/459] MMDJ
[00:12:53] [352/459] GODH
[00:12:54] [353/459] SKYN
[00:12:55] [354/459] NCTH
[00:12:57] [355/459] SKVZ
[00:12:58] [356/459] SVML
[00:12:58] [357/459] ACVZ
[00:12:59] [358/459] SURA
[00:13:01] [359/459] RTRB
[00:13:02] [360/459] LLCT
[00:13:03] [361/459] ATTS
[00:13:03] [362/459] JYCM
[00:13:04] [363/459] CTKR
[00:13:05] [364/459] LCKR
[00:13:06] [365/459] NYCV
[00:13:07] [366/459] NYOH
[00:13:08] [367/459] NOVX
[00:13:09] [368/459] MRGK
[00:13:10] [369/459] MOON
[00:13:11] [370/459] SBUC
[00:13:12] [371/459] GSVA
[00:13:13] [372/459] VIAK
[00:13:13] [373/459] SMVZ
[00:13:14] [374/459] MATE
[00:13:15] [375/459] RDCN
[00:13:16] [376/459] ASBL
[00:13:17] [377/459] ASVS
[00:13:18] [378/459] ASSR
[00:13:19] [379/459] SSKN
[00:13:20] [380/459] DRPV
[00:13:21] [381/459] MRHT
[00:13:22] [382/459] BSCN
[00:13:23] [383/459] RKNX
[00:13:24] [384/459] MSMC
[00:13:25] [385/459] MSCJ
[00:13:26] [386/459] BTBJ
[00:13:28] [387/459] MJCC
[00:13:28] [388/459] IOMM
[00:13:29] [389/459] ADGR
[00:13:30] [390/459] MYCP
[00:13:31] [391/459] IGCM
[00:13:32] [392/459] PGRK
[00:13:33] [393/459] VPGO
[00:13:34] [394/459] KOMS
[00:13:34] [395/459] URGG
[00:13:35] [396/459] GOST
[00:13:36] [397/459] LACT
[00:13:37] [398/459] BWCM
[00:13:38] [399/459] NCCW
[00:13:39] [400/459] SKYC
[00:13:40] [401/459] CCPM
[00:13:41] [402/459] VCBT
[00:13:42] [403/459] SDKR
[00:13:43] [404/459] CTYB
[00:13:43] [405/459] SHCX
[00:13:44] [406/459] RCUN
[00:13:45] [407/459] CNRA
[00:13:46] [408/459] RFCA
[00:13:47] [409/459] RDCU
[00:13:48] [410/459] SARK
[00:13:49] [411/459] SPPP
[00:13:49] [412/459] ADMB
[00:13:50] [413/459] JYOE
[00:13:51] [414/459] SRMD
[00:13:52] [415/459] RJDH
[00:13:53] [416/459] SSTD
[00:13:53] [417/459] AACV
[00:13:54] [418/459] PPVD
[00:13:55] [419/459] STCP
[00:13:56] [420/459] ANJR
[00:13:57] [421/459] ANLS
[00:13:58] [422/459] BIJO
[00:13:59] [423/459] AVAB
[00:14:01] [424/459] SPMD
[00:14:01] [425/459] SVJL
[00:14:02] [426/459] SDDJ
[00:14:04] [427/459] SLTU
[00:14:05] [428/459] SAKA
[00:14:06] [429/459] PMAM
[00:14:06] [430/459] FNAM
[00:14:07] [431/459] ACAM
[00:14:08] [432/459] SCMM
[00:14:09] [433/459] PMAK
[00:14:10] [434/459] NYSA
[00:14:10] [435/459] FCPA
[00:14:11] [436/459] GDAN
[00:14:12] [437/459] RSCA
[00:14:14] [438/459] DMAN
[00:14:15] [439/459] DZCM
[00:14:15] [440/459] NSGL
[00:14:16] [441/459] CCPP
[00:14:17] [442/459] PSMG
[00:14:18] [443/459] GSER
[00:14:18] [444/459] FCCT
[00:14:19] [445/459] FCTB
[00:14:20] [446/459] LCNK
[00:14:21] [447/459] SKTY
[00:14:22] [448/459] INAA
[00:14:23] [449/459] RCWN
[00:14:24] [450/459] VAIS
[00:14:26] [451/459] CVMN
[00:14:26] [452/459] INTS
[00:14:27] [453/459] FRGS
[00:14:29] [454/459] DTCK
[00:14:29] [455/459] MCMH
[00:14:30] [456/459] ECRR
[00:14:31] [457/459] RLLP
[00:14:32] [458/459] CCSN
[00:14:33] [459/459] CCBA
[00:14:34] ✅ DONE | Shows=0 | Movies=0
