[00:07:35] 🚀 BMS DAILY TRACKER STARTED
[00:07:35] [1/445] TGMR
[00:07:35] 🧠 New identity
[00:07:35] 🔄 Identity reset
[00:07:35] ❌ TGMR | RuntimeError
[00:07:36] [2/445] CXKR
[00:07:36] 🧠 New identity
[00:07:36] 🔄 Identity reset
[00:07:36] ❌ CXKR | RuntimeError
[00:07:36] [3/445] SROP
[00:07:36] 🧠 New identity
[00:07:36] 🔄 Identity reset
[00:07:36] ❌ SROP | RuntimeError
[00:07:37] [4/445] GTSV
[00:07:37] 🧠 New identity
[00:07:37] 🔄 Identity reset
[00:07:37] ❌ GTSV | RuntimeError
[00:07:38] [5/445] SNTY
[00:07:38] 🧠 New identity
[00:07:38] 🔄 Identity reset
[00:07:38] ❌ SNTY | RuntimeError
[00:07:38] [6/445] SMYY
[00:07:38] 🧠 New identity
[00:07:38] 🔄 Identity reset
[00:07:38] ❌ SMYY | RuntimeError
[00:07:39] [7/445] CNCS
[00:07:39] 🧠 New identity
[00:07:39] 🔄 Identity reset
[00:07:39] ❌ CNCS | RuntimeError
[00:07:40] [8/445] CSTM
[00:07:40] 🧠 New identity
[00:07:41] [9/445] NUCD
[00:07:42] [10/445] SHCZ
[00:07:43] [11/445] NJCT
[00:07:43] [12/445] COPC
[00:07:44] [13/445] STVV
[00:07:45] [14/445] SKRN
[00:07:46] [15/445] APPZ
[00:07:47] [16/445] YMGN
[00:07:48] [17/445] SVTU
[00:07:49] [18/445] GTAD
[00:07:51] [19/445] PSUS
[00:07:51] [20/445] SMCD
[00:07:52] [21/445] CMCM
[00:07:53] [22/445] SYCT
[00:07:54] [23/445] STLY
[00:07:55] [24/445] CMHU
[00:07:56] [25/445] CMSA
[00:07:56] [26/445] CLCU
[00:07:57] [27/445] PPNT
[00:07:58] [28/445] JTAB
[00:07:59] [29/445] BUUC
[00:08:00] [30/445] BSVK
[00:08:01] [31/445] VVVQ
[00:08:02] [32/445] TKMU
[00:08:02] [33/445] ESYL
[00:08:03] [34/445] ACHP
[00:08:04] [35/445] BTKD
[00:08:05] [36/445] DESA
[00:08:06] [37/445] GBCT
[00:08:07] [38/445] BLLD
[00:08:07] [39/445] SKNT
[00:08:08] [40/445] SSTE
[00:08:09] [41/445] VJMR
[00:08:10] [42/445] NTPU
[00:08:11] [43/445] RDKN
[00:08:12] [44/445] ADGC
[00:08:12] [45/445] VRBP
[00:08:13] [46/445] NMNA
[00:08:14] [47/445] CMMX
[00:08:15] [48/445] PTKO
[00:08:16] [49/445] RBML
[00:08:16] [50/445] SAIC
[00:08:17] [51/445] SVTJ
[00:08:19] [52/445] MRTE
[00:08:19] [53/445] RBTP
[00:08:20] [54/445] NLPS
[00:08:21] [55/445] GTNA
[00:08:21] [56/445] DGGC
[00:08:22] [57/445] SMCR
[00:08:23] [58/445] SCGD
[00:08:24] [59/445] SRRJ
[00:08:24] [60/445] CNRY
[00:08:25] [61/445] KTDI
[00:08:26] [62/445] SNJL
[00:08:26] [63/445] RKMD
[00:08:28] [64/445] SMDC
[00:08:28] [65/445] TADG
[00:08:29] [66/445] MCGS
[00:08:30] [67/445] PETK
[00:08:31] [68/445] CHAG
[00:08:31] [69/445] KSTL
[00:08:32] [70/445] AADS
[00:08:33] [71/445] NTHZ
[00:08:34] [72/445] HCKI
[00:08:34] [73/445] SSEF
[00:08:35] [74/445] MCGX
[00:08:36] [75/445] ERRA
[00:08:37] [76/445] SDTW
[00:08:37] [77/445] RMPK
[00:08:38] [78/445] PTHK
[00:08:39] [79/445] PXCS
[00:08:40] [80/445] SVLU
[00:08:41] [81/445] STAH
[00:08:42] [82/445] JRGF
[00:08:43] [83/445] CDOK
[00:08:43] [84/445] CMSG
[00:08:44] [85/445] APTD
[00:08:45] [86/445] KMPG
[00:08:46] [87/445] MUTJ
[00:08:46] [88/445] VCCI
[00:08:47] [89/445] URBE
[00:08:48] [90/445] TCTS
[00:08:49] [91/445] STSN
[00:08:50] [92/445] AKCH
[00:08:50] [93/445] APSC
[00:08:51] [94/445] VLTB
[00:08:52] [95/445] SANU
[00:08:53] [96/445] AXAM
[00:08:54] [97/445] MGMG
[00:08:54] [98/445] HTBY
[00:08:55] [99/445] MMZS
[00:08:56] [100/445] SUDR
[00:08:57] [101/445] CCAD
[00:08:57] [102/445] SKKC
[00:08:59] [103/445] RMCD
[00:09:00] [104/445] SBCQ
[00:09:01] [105/445] DCCT
[00:09:02] [106/445] VTKP
[00:09:02] [107/445] MLAM
[00:09:04] [108/445] SAVT
[00:09:05] [109/445] GEPL
[00:09:06] [110/445] AMCD
[00:09:07] [111/445] CCXR
[00:09:09] [112/445] GRNG
[00:09:09] [113/445] EBCA
[00:09:10] [114/445] CNVG
[00:09:11] [115/445] MWSS
[00:09:12] [116/445] VBOR
[00:09:12] [117/445] NEEB
[00:09:13] [118/445] SUTH
[00:09:14] [119/445] ANDB
[00:09:15] [120/445] MMXS
[00:09:15] [121/445] CNPD
[00:09:16] [122/445] SDCE
[00:09:17] [123/445] DHCB
[00:09:18] [124/445] ODEN
[00:09:19] [125/445] TNTC
[00:09:19] [126/445] VBKM
[00:09:20] [127/445] RZYM
[00:09:21] [128/445] JEMC
[00:09:22] [129/445] CMAU
[00:09:22] [130/445] SIVP
[00:09:23] [131/445] ATAG
[00:09:24] [132/445] CHTM
[00:09:25] [133/445] AAEE
[00:09:26] [134/445] IWPM
[00:09:26] [135/445] KCMW
[00:09:27] [136/445] MCTD
[00:09:28] [137/445] SPWR
[00:09:29] [138/445] SDPO
[00:09:29] [139/445] PCSK
[00:09:30] [140/445] ACHV
[00:09:31] [141/445] SVLA
[00:09:32] [142/445] PICT
[00:09:33] [143/445] BXDR
[00:09:33] [144/445] SPWA
[00:09:34] [145/445] MCKO
[00:09:35] [146/445] RTHK
[00:09:36] [147/445] CCMF
[00:09:36] [148/445] MRGB
[00:09:37] [149/445] CPLC
[00:09:38] [150/445] RACD
[00:09:39] [151/445] ATKT
[00:09:40] [152/445] SARN
[00:09:40] [153/445] KKUI
[00:09:41] [154/445] RGCM
[00:09:42] [155/445] BRVP
[00:09:43] [156/445] HRSR
[00:09:44] [157/445] GKGM
[00:09:45] [158/445] TTCD
[00:09:45] [159/445] PTTI
[00:09:46] [160/445] MPTT
[00:09:47] [161/445] CVTT
[00:09:47] [162/445] PCXD
[00:09:48] [163/445] GCDC
[00:09:50] [164/445] CCCF
[00:09:50] [165/445] MRAD
[00:09:51] [166/445] CPLK
[00:09:52] [167/445] SATB
[00:09:53] [168/445] SNVG
[00:09:53] [169/445] JMBA
[00:09:54] [170/445] TEJA
[00:09:55] [171/445] STYO
[00:09:56] [172/445] JTBP
[00:09:56] [173/445] KRGD
[00:09:57] [174/445] SLJJ
[00:09:58] [175/445] SPTJ
[00:09:59] [176/445] SWJG
[00:09:59] [177/445] LKRT
[00:10:00] [178/445] KCKA
[00:10:02] [179/445] SNCR
[00:10:02] [180/445] SMKL
[00:10:03] [181/445] GCFA
[00:10:04] [182/445] DDCK
[00:10:04] [183/445] NCHJ
[00:10:05] [184/445] RDMA
[00:10:06] [185/445] SVSV
[00:10:06] [186/445] SCJG
[00:10:07] [187/445] VKLP
[00:10:08] [188/445] NWCC
[00:10:09] [189/445] VKNS
[00:10:10] [190/445] SDDP
[00:10:11] [191/445] ACSI
[00:10:11] [192/445] SATG
[00:10:12] [193/445] SCMW
[00:10:13] [194/445] LKTK
[00:10:14] [195/445] VCKV
[00:10:15] [196/445] KKPE
[00:10:15] [197/445] KIGH
[00:10:16] [198/445] SRPM
[00:10:17] [199/445] SCAH
[00:10:19] [200/445] MUTA
[00:10:19] [201/445] SEPU
[00:10:20] [202/445] INOA
[00:10:20] [203/445] BASK
[00:10:21] [204/445] NECB
[00:10:22] [205/445] GTTG
[00:10:23] [206/445] ASSA
[00:10:24] [207/445] ANCL
[00:10:24] [208/445] GCTI
[00:10:25] [209/445] RCTS
[00:10:26] [210/445] ACNL
[00:10:26] [211/445] MYCT
[00:10:27] [212/445] NMHT
[00:10:28] [213/445] MDIT
[00:10:29] [214/445] LATG
[00:10:30] [215/445] SMTY
[00:10:30] [216/445] CVCT
[00:10:31] [217/445] RAMB
[00:10:32] [218/445] TGMS
[00:10:33] [219/445] BHEL
[00:10:33] [220/445] SHCT
[00:10:34] [221/445] SVCT
[00:10:35] [222/445] MRIY
[00:10:36] [223/445] SARO
[00:10:37] [224/445] STCT
[00:10:37] [225/445] JKKC
[00:10:38] [226/445] PLTT
[00:10:39] [227/445] SRNT
[00:10:40] [228/445] YAST
[00:10:41] [229/445] PERL
[00:10:42] [230/445] CICM
[00:10:43] [231/445] MMTR
[00:10:44] [232/445] ABTK
[00:10:44] [233/445] ATYY
[00:10:45] [234/445] ASTK
[00:10:46] [235/445] VVCK
[00:10:47] [236/445] ATKY
[00:10:48] [237/445] GWEK
[00:10:49] [238/445] SVFH
[00:10:49] [239/445] SLTA
[00:10:50] [240/445] AASH
[00:10:51] [241/445] ACXB
[00:10:52] [242/445] SMTX
[00:10:53] [243/445] AZDH
[00:10:53] [244/445] CMMH
[00:10:54] [245/445] SCSZ
[00:10:55] [246/445] SCKP
[00:10:56] [247/445] NXTM
[00:10:57] [248/445] NWCS
[00:10:58] [249/445] CXMH
[00:10:58] [250/445] PCMA
[00:10:59] [251/445] SGCM
[00:11:00] [252/445] SDTU
[00:11:01] [253/445] MMVI
[00:11:01] [254/445] JKCM
[00:11:02] [255/445] VCMM
[00:11:03] [256/445] SYEE
[00:11:04] [257/445] VASD
[00:11:04] [258/445] BDRB
[00:11:05] [259/445] LASM
[00:11:06] [260/445] DCRL
[00:11:07] [261/445] DVPM
[00:11:08] [262/445] SBMJ
[00:11:08] [263/445] CBMU
[00:11:09] [264/445] IUBS
[00:11:10] [265/445] INAP
[00:11:11] [266/445] SRRC
[00:11:12] [267/445] SAGR
[00:11:13] [268/445] CPMJ
[00:11:13] [269/445] ATJL
[00:11:14] [270/445] NNTD
[00:11:15] [271/445] JHCJ
[00:11:16] [272/445] CMMP
[00:11:16] [273/445] RSDR
[00:11:17] [274/445] AMTI
[00:11:18] [275/445] NYSG
[00:11:19] [276/445] AVSG
[00:11:20] [277/445] SYTP
[00:11:21] [278/445] LARC
[00:11:22] [279/445] RJTP
[00:11:22] [280/445] LAKC
[00:11:24] [281/445] MCXE
[00:11:25] [282/445] CCZC
[00:11:26] [283/445] AVCH
[00:11:26] [284/445] CMBE
[00:11:27] [285/445] MRRC
[00:11:28] [286/445] PCPY
[00:11:28] [287/445] SRMH
[00:11:29] [288/445] SVGS
[00:11:31] [289/445] PCSE
[00:11:32] [290/445] SVFT
[00:11:33] [291/445] TNZP
[00:11:33] [292/445] ICTP
[00:11:34] [293/445] ACTZ
[00:11:35] [294/445] GTUR
[00:11:36] [295/445] MAFC
[00:11:38] [296/445] MINL
[00:11:38] [297/445] MRCL
[00:11:39] [298/445] RCRP
[00:11:40] [299/445] RFFG
[00:11:41] [300/445] RMAS
[00:11:41] [301/445] INVR
[00:11:42] [302/445] RMAR
[00:11:43] [303/445] CNIS
[00:11:44] [304/445] RHRJ
[00:11:44] [305/445] INXR
[00:11:46] [306/445] VALT
[00:11:47] [307/445] LCSH
[00:11:47] [308/445] CMVS
[00:11:48] [309/445] CNMS
[00:11:49] [310/445] ROOG
[00:11:51] [311/445] ISRM
[00:11:51] [312/445] RCRM
[00:11:52] [313/445] ACJA
[00:11:53] [314/445] RCVS
[00:11:54] [315/445] CPUS
[00:11:54] [316/445] TGCS
[00:11:55] [317/445] RKCJ
[00:11:56] [318/445] MKSB
[00:11:57] [319/445] TCSJ
[00:11:58] [320/445] RMGP
[00:11:58] [321/445] CLLP
[00:11:59] [322/445] RCMV
[00:12:00] [323/445] CCKS
[00:12:00] [324/445] RSRP
[00:12:01] [325/445] APLP
[00:12:02] [326/445] CNVS
[00:12:03] [327/445] RMVY
[00:12:04] [328/445] PGBD
[00:12:05] [329/445] KLMS
[00:12:06] [330/445] RUST
[00:12:06] [331/445] MASM
[00:12:08] [332/445] BACS
[00:12:09] [333/445] BWST
[00:12:09] [334/445] RRFH
[00:12:10] [335/445] SJTM
[00:12:11] [336/445] BEMR
[00:12:11] [337/445] MCGR
[00:12:12] [338/445] SDSK
[00:12:13] [339/445] VBOL
[00:12:14] [340/445] RMGM
[00:12:15] [341/445] NOPL
[00:12:15] [342/445] MKJK
[00:12:16] [343/445] CVRN
[00:12:17] [344/445] MMEN
[00:12:18] [345/445] AMNG
[00:12:19] [346/445] INTM
[00:12:19] [347/445] SLCZ
[00:12:21] [348/445] AMJN
[00:12:21] [349/445] ACJN
[00:12:23] [350/445] AMKN
[00:12:24] [351/445] BTCN
[00:12:24] [352/445] AMBT
[00:12:25] [353/445] PACN
[00:12:26] [354/445] LCNS
[00:12:27] [355/445] PPKC
[00:12:28] [356/445] JYYN
[00:12:28] [357/445] JTNR
[00:12:29] [358/445] GTEE
[00:12:30] [359/445] SRNM
[00:12:31] [360/445] SDTC
[00:12:32] [361/445] VPCA
[00:12:33] [362/445] VLRA
[00:12:33] [363/445] SHKR
[00:12:34] [364/445] SBKD
[00:12:35] [365/445] SAAD
[00:12:36] [366/445] JTGN
[00:12:36] [367/445] SLAM
[00:12:37] [368/445] VTPM
[00:12:38] [369/445] ANPT
[00:12:39] [370/445] PUNB
[00:12:40] [371/445] CPKT
[00:12:40] [372/445] CNWE
[00:12:41] [373/445] ECPP
[00:12:42] [374/445] CPAR
[00:12:43] [375/445] ESBW
[00:12:44] [376/445] PKPU
[00:12:44] [377/445] CPRP
[00:12:45] [378/445] RAHU
[00:12:46] [379/445] RHMN
[00:12:47] [380/445] FMJP
[00:12:47] [381/445] CTMP
[00:12:48] [382/445] INPN
[00:12:49] [383/445] STTG
[00:12:50] [384/445] CTRD
[00:12:51] [385/445] PUVB
[00:12:52] [386/445] ESVP
[00:12:53] [387/445] CPFT
[00:12:54] [388/445] LCPC
[00:12:55] [389/445] VBCT
[00:12:56] [390/445] FSCW
[00:12:57] [391/445] VCMP
[00:12:58] [392/445] ASHC
[00:12:58] [393/445] VLCX
[00:12:59] [394/445] SHEV
[00:13:00] [395/445] APCO
[00:13:01] [396/445] SILC
[00:13:02] [397/445] SNMR
[00:13:02] [398/445] KYBO
[00:13:03] [399/445] SATK
[00:13:03] [400/445] SSCS
[00:13:04] [401/445] CLSB
[00:13:05] [402/445] KMJR
[00:13:06] [403/445] FSCK
[00:13:07] [404/445] NNKA
[00:13:07] [405/445] CLMK
[00:13:08] [406/445] DMPZ
[00:13:09] [407/445] INQM
[00:13:10] [408/445] CAML
[00:13:10] [409/445] INRK
[00:13:11] [410/445] IMKN
[00:13:12] [411/445] SVNR
[00:13:13] [412/445] INSL
[00:13:14] [413/445] MSMA
[00:13:15] [414/445] MCKK
[00:13:15] [415/445] FCHP
[00:13:16] [416/445] SFCR
[00:13:17] [417/445] NACK
[00:13:18] [418/445] PVAK
[00:13:19] [419/445] INER
[00:13:19] [420/445] RDBK
[00:13:20] [421/445] SVFN
[00:13:21] [422/445] IFRM
[00:13:22] [423/445] ATCK
[00:13:22] [424/445] ASKO
[00:13:23] [425/445] STKT
[00:13:24] [426/445] SVFB
[00:13:25] [427/445] INKS
[00:13:26] [428/445] PCRA
[00:13:26] [429/445] ATJA
[00:13:27] [430/445] IMJN
[00:13:28] [431/445] INHD
[00:13:29] [432/445] BARA
[00:13:29] [433/445] MCSL
[00:13:30] [434/445] RTOY
[00:13:31] [435/445] MENO
[00:13:32] [436/445] PUDM
[00:13:33] [437/445] PRCN
[00:13:34] [438/445] JMJR
[00:13:34] [439/445] SSGK
[00:13:35] [440/445] SSRL
[00:13:36] [441/445] JYKL
[00:13:37] [442/445] ACNB
[00:13:38] [443/445] SONP
[00:13:39] [444/445] EMCI
[00:13:40] [445/445] MRJH
[00:13:40] ✅ DONE | Shows=0 | Movies=0
