[00:07:37] 🚀 BMS DAILY TRACKER STARTED
[00:07:37] [1/296] CDCA
[00:07:37] 🧠 New identity
[00:07:37] 🔄 Identity reset
[00:07:37] ❌ CDCA | RuntimeError
[00:07:37] [2/296] MNSR
[00:07:37] 🧠 New identity
[00:07:37] 🔄 Identity reset
[00:07:37] ❌ MNSR | RuntimeError
[00:07:38] [3/296] CSSL
[00:07:38] 🧠 New identity
[00:07:38] 🔄 Identity reset
[00:07:38] ❌ CSSL | RuntimeError
[00:07:39] [4/296] BGGM
[00:07:39] 🧠 New identity
[00:07:39] 🔄 Identity reset
[00:07:39] ❌ BGGM | RuntimeError
[00:07:39] [5/296] MANT
[00:07:39] 🧠 New identity
[00:07:39] 🔄 Identity reset
[00:07:39] ❌ MANT | RuntimeError
[00:07:40] [6/296] SOOY
[00:07:40] 🧠 New identity
[00:07:40] 🔄 Identity reset
[00:07:40] ❌ SOOY | RuntimeError
[00:07:41] [7/296] VPPK
[00:07:41] 🧠 New identity
[00:07:41] 🔄 Identity reset
[00:07:41] ❌ VPPK | RuntimeError
[00:07:41] [8/296] MYHJ
[00:07:41] 🧠 New identity
[00:07:41] 🔄 Identity reset
[00:07:41] ❌ MYHJ | RuntimeError
[00:07:42] [9/296] KSCK
[00:07:42] 🧠 New identity
[00:07:42] 🔄 Identity reset
[00:07:42] ❌ KSCK | RuntimeError
[00:07:43] [10/296] KATK
[00:07:43] 🧠 New identity
[00:07:43] 🔄 Identity reset
[00:07:43] ❌ KATK | RuntimeError
[00:07:43] [11/296] RTRT
[00:07:43] 🧠 New identity
[00:07:43] 🔄 Identity reset
[00:07:43] ❌ RTRT | RuntimeError
[00:07:44] [12/296] SSTT
[00:07:44] 🧠 New identity
[00:07:44] 🔄 Identity reset
[00:07:44] ❌ SSTT | RuntimeError
[00:07:45] [13/296] SSTV
[00:07:45] 🧠 New identity
[00:07:45] 🔄 Identity reset
[00:07:45] ❌ SSTV | RuntimeError
[00:07:45] [14/296] LACM
[00:07:45] 🧠 New identity
[00:07:45] 🔄 Identity reset
[00:07:45] ❌ LACM | RuntimeError
[00:07:46] [15/296] SGMG
[00:07:46] 🧠 New identity
[00:07:46] 🔄 Identity reset
[00:07:46] ❌ SGMG | RuntimeError
[00:07:47] [16/296] KACX
[00:07:47] 🧠 New identity
[00:07:47] 🔄 Identity reset
[00:07:47] ❌ KACX | RuntimeError
[00:07:47] [17/296] GVCP
[00:07:47] 🧠 New identity
[00:07:48] 🔄 Identity reset
[00:07:48] ❌ GVCP | RuntimeError
[00:07:48] [18/296] CSNC
[00:07:48] 🧠 New identity
[00:07:48] 🔄 Identity reset
[00:07:48] ❌ CSNC | RuntimeError
[00:07:49] [19/296] SXCB
[00:07:49] 🧠 New identity
[00:07:49] 🔄 Identity reset
[00:07:49] ❌ SXCB | RuntimeError
[00:07:49] [20/296] BAHS
[00:07:49] 🧠 New identity
[00:07:49] 🔄 Identity reset
[00:07:49] ❌ BAHS | RuntimeError
[00:07:50] [21/296] PCBI
[00:07:50] 🧠 New identity
[00:07:50] 🔄 Identity reset
[00:07:50] ❌ PCBI | RuntimeError
[00:07:50] [22/296] PSSM
[00:07:50] 🧠 New identity
[00:07:50] 🔄 Identity reset
[00:07:50] ❌ PSSM | RuntimeError
[00:07:51] [23/296] RCOK
[00:07:51] 🧠 New identity
[00:07:51] 🔄 Identity reset
[00:07:51] ❌ RCOK | RuntimeError
[00:07:52] [24/296] SCPF
[00:07:52] 🧠 New identity
[00:07:52] 🔄 Identity reset
[00:07:52] ❌ SCPF | RuntimeError
[00:07:52] [25/296] SSAS
[00:07:52] 🧠 New identity
[00:07:53] 🔄 Identity reset
[00:07:53] ❌ SSAS | RuntimeError
[00:07:53] [26/296] EVMM
[00:07:53] 🧠 New identity
[00:07:54] [27/296] SYCB
[00:07:55] [28/296] GCKI
[00:07:56] [29/296] IAET
[00:07:57] [30/296] DDTD
[00:07:59] [31/296] GMDH
[00:07:59] [32/296] STLE
[00:08:01] [33/296] JTRA
[00:08:02] [34/296] RPPA
[00:08:02] [35/296] ARUT
[00:08:03] [36/296] JTVM
[00:08:04] [37/296] SWRH
[00:08:05] [38/296] DCPC
[00:08:06] [39/296] RAPR
[00:08:07] [40/296] GCRT
[00:08:08] [41/296] ATUN
[00:08:08] [42/296] LTRM
[00:08:09] [43/296] TASR
[00:08:10] [44/296] RLLC
[00:08:11] [45/296] MABI
[00:08:12] [46/296] SVHB
[00:08:13] [47/296] NVTB
[00:08:14] [48/296] KCKG
[00:08:15] [49/296] SSRN
[00:08:15] [50/296] VDDC
[00:08:16] [51/296] GKTK
[00:08:18] [52/296] YFSN
[00:08:19] [53/296] GCSG
[00:08:20] [54/296] ESSM
[00:08:21] [55/296] KRIH
[00:08:22] [56/296] GCDS
[00:08:23] [57/296] CCSH
[00:08:24] [58/296] ACSK
[00:08:25] [59/296] APRK
[00:08:26] [60/296] ADKM
[00:08:26] [61/296] SRDM
[00:08:27] [62/296] RMOG
[00:08:29] [63/296] SJMY
[00:08:29] [64/296] PGGC
[00:08:31] [65/296] INGM
[00:08:31] [66/296] LSCB
[00:08:32] [67/296] STAD
[00:08:33] [68/296] MCCR
[00:08:34] [69/296] ABCC
[00:08:35] [70/296] RKCC
[00:08:36] [71/296] RTCR
[00:08:37] [72/296] GGBC
[00:08:37] [73/296] GCSD
[00:08:38] [74/296] LPTY
[00:08:39] [75/296] MCFD
[00:08:40] [76/296] HENN
[00:08:41] [77/296] SMKU
[00:08:42] [78/296] TNZC
[00:08:43] [79/296] DRCD
[00:08:43] [80/296] DLCD
[00:08:44] [81/296] RCDA
[00:08:45] [82/296] COSM
[00:08:46] [83/296] MCMJ
[00:08:47] [84/296] CSTR
[00:08:48] [85/296] CVDK
[00:08:50] [86/296] INRR
[00:08:50] [87/296] RJRT
[00:08:51] [88/296] IRMR
[00:08:52] [89/296] SRCF
[00:08:53] [90/296] GRCR
[00:08:55] [91/296] SURC
[00:08:56] [92/296] NMNH
[00:08:57] [93/296] SVBL
[00:08:58] [94/296] KACI
[00:08:58] [95/296] TDGO
[00:08:59] [96/296] KTBR
[00:09:00] [97/296] PMAD
[00:09:01] [98/296] CCPN
[00:09:02] [99/296] SBTK
[00:09:03] [100/296] LMDK
[00:09:03] [101/296] PGDA
[00:09:04] [102/296] SRML
[00:09:05] [103/296] EVCK
[00:09:06] [104/296] RTTK
[00:09:07] [105/296] SRTU
[00:09:09] [106/296] VRSA
[00:09:09] [107/296] VARS
[00:09:10] [108/296] DSCZ
[00:09:11] [109/296] GAGA
[00:09:12] [110/296] SARV
[00:09:13] [111/296] SEEG
[00:09:14] [112/296] GLCA
[00:09:15] [113/296] APAS
[00:09:15] [114/296] VCIA
[00:09:16] [115/296] SJTA
[00:09:18] [116/296] SABM
[00:09:19] [117/296] PPAG
[00:09:20] [118/296] RVCA
[00:09:20] [119/296] CCIA
[00:09:21] [120/296] HTAG
[00:09:22] [121/296] SMBI
[00:09:23] [122/296] MCJR
[00:09:24] [123/296] CCJR
[00:09:25] [124/296] SINF
[00:09:26] [125/296] CPLX
[00:09:27] [126/296] KKTJ
[00:09:28] [127/296] GDBW
[00:09:28] [128/296] CSUB
[00:09:29] [129/296] DABA
[00:09:30] [130/296] TITR
[00:09:30] [131/296] NYCR
[00:09:31] [132/296] RTRY
[00:09:32] [133/296] JTJL
[00:09:33] [134/296] SJCP
[00:09:34] [135/296] KCCA
[00:09:35] [136/296] MLPG
[00:09:35] [137/296] VRCK
[00:09:36] [138/296] SRIN
[00:09:37] [139/296] CXMK
[00:09:38] [140/296] SKAD
[00:09:39] [141/296] AVTR
[00:09:40] [142/296] PTAJ
[00:09:41] [143/296] SCNK
[00:09:43] [144/296] STTI
[00:09:44] [145/296] KACR
[00:09:45] [146/296] SSDX
[00:09:45] [147/296] VRTJ
[00:09:46] [148/296] RAJD
[00:09:47] [149/296] SCIP
[00:09:48] [150/296] RJSL
[00:09:49] [151/296] ARRS
[00:09:50] [152/296] ASMS
[00:09:50] [153/296] RDTS
[00:09:51] [154/296] DVMY
[00:09:52] [155/296] RASA
[00:09:53] [156/296] INOM
[00:09:54] [157/296] SPRS
[00:09:55] [158/296] SGCS
[00:09:55] [159/296] SALM
[00:09:56] [160/296] PKHC
[00:09:57] [161/296] RCSV
[00:09:58] [162/296] CPKC
[00:09:59] [163/296] AACD
[00:10:00] [164/296] GGCV
[00:10:01] [165/296] SMKD
[00:10:01] [166/296] NBCH
[00:10:02] [167/296] AMCB
[00:10:03] [168/296] OPCN
[00:10:04] [169/296] DCIN
[00:10:05] [170/296] INGW
[00:10:06] [171/296] PKKW
[00:10:06] [172/296] FNGW
[00:10:08] [173/296] GCGD
[00:10:08] [174/296] MSTW
[00:10:09] [175/296] KCCG
[00:10:10] [176/296] MRSS
[00:10:11] [177/296] CLCF
[00:10:11] [178/296] EETS
[00:10:12] [179/296] AATR
[00:10:13] [180/296] CMMN
[00:10:14] [181/296] SCCJ
[00:10:15] [182/296] CDTK
[00:10:16] [183/296] AICP
[00:10:17] [184/296] FNBP
[00:10:17] [185/296] CBPB
[00:10:18] [186/296] CPAS
[00:10:19] [187/296] MAPM
[00:10:20] [188/296] PASD
[00:10:21] [189/296] JCMN
[00:10:22] [190/296] MALB
[00:10:23] [191/296] SACG
[00:10:23] [192/296] DDRX
[00:10:24] [193/296] DDXB
[00:10:25] [194/296] RAMC
[00:10:26] [195/296] SANC
[00:10:27] [196/296] BCBP
[00:10:28] [197/296] ALPC
[00:10:28] [198/296] RBAC
[00:10:29] [199/296] RAJL
[00:10:30] [200/296] MPDX
[00:10:31] [201/296] MUSC
[00:10:32] [202/296] VKMK
[00:10:33] [203/296] SKCG
[00:10:34] [204/296] ANCN
[00:10:35] [205/296] MMCJ
[00:10:36] [206/296] DCAK
[00:10:36] [207/296] SCKG
[00:10:37] [208/296] LMCK
[00:10:38] [209/296] CKKX
[00:10:39] [210/296] ANKU
[00:10:39] [211/296] CSMD
[00:10:41] [212/296] MKMP
[00:10:42] [213/296] SVBG
[00:10:43] [214/296] ROOP
[00:10:44] [215/296] GDMT
[00:10:44] [216/296] FPPF
[00:10:45] [217/296] SFUU
[00:10:46] [218/296] ANCB
[00:10:48] [219/296] SMMC
[00:10:49] [220/296] UGKT
[00:10:50] [221/296] JVRM
[00:10:51] [222/296] BATG
[00:10:52] [223/296] RATE
[00:10:53] [224/296] SKME
[00:10:54] [225/296] LMTP
[00:10:55] [226/296] TCBD
[00:10:56] [227/296] ESBD
[00:10:56] [228/296] GDCU
[00:10:57] [229/296] SNKT
[00:10:58] [230/296] SRNK
[00:10:59] [231/296] SMED
[00:11:00] [232/296] CSQS
[00:11:02] [233/296] ALCS
[00:11:02] [234/296] KCKN
[00:11:03] [235/296] VCCL
[00:11:04] [236/296] MCDA
[00:11:05] [237/296] SHMI
[00:11:05] [238/296] SKHA
[00:11:06] [239/296] SVFK
[00:11:07] [240/296] INVB
[00:11:08] [241/296] MELD
[00:11:09] [242/296] JTYS
[00:11:10] [243/296] INCM
[00:11:11] [244/296] MCDV
[00:11:13] [245/296] KSGK
[00:11:14] [246/296] ICMG
[00:11:15] [247/296] CSCV
[00:11:15] [248/296] STMD
[00:11:16] [249/296] STTR
[00:11:17] [250/296] INVC
[00:11:18] [251/296] JTBL
[00:11:19] [252/296] SRVV
[00:11:20] [253/296] MAVC
[00:11:21] [254/296] SRPP
[00:11:21] [255/296] JGDM
[00:11:22] [256/296] MBSJ
[00:11:24] [257/296] SSLL
[00:11:25] [258/296] SLKP
[00:11:26] [259/296] NSRV
[00:11:28] [260/296] UTDV
[00:11:29] [261/296] KICM
[00:11:30] [262/296] KCMD
[00:11:31] [263/296] TTPP
[00:11:32] [264/296] KMPV
[00:11:33] [265/296] SKTV
[00:11:33] [266/296] STCV
[00:11:34] [267/296] SRDA
[00:11:35] [268/296] JTSX
[00:11:36] [269/296] STBV
[00:11:37] [270/296] APVZ
[00:11:38] [271/296] GSTV
[00:11:38] [272/296] NMVS
[00:11:39] [273/296] SKRT
[00:11:40] [274/296] RMDV
[00:11:41] [275/296] RATG
[00:11:42] [276/296] SJYV
[00:11:43] [277/296] NDGP
[00:11:43] [278/296] SNDG
[00:11:45] [279/296] INSR
[00:11:46] [280/296] INSO
[00:11:46] [281/296] CCSI
[00:11:47] [282/296] RASM
[00:11:48] [283/296] NEWC
[00:11:50] [284/296] VSHL
[00:11:51] [285/296] BISW
[00:11:51] [286/296] GCNG
[00:11:52] [287/296] CWSC
[00:11:53] [288/296] SKAN
[00:11:54] [289/296] SEHP
[00:11:55] [290/296] CCOA
[00:11:56] [291/296] MCAJ
[00:11:57] [292/296] ACDE
[00:11:58] [293/296] AACM
[00:11:59] [294/296] JJCK
[00:12:00] [295/296] RCMO
[00:12:01] [296/296] GDAW
[00:12:01] ✅ DONE | Shows=0 | Movies=0
