[00:07:36] 🚀 BMS DAILY TRACKER STARTED
[00:07:36] [1/459] FNDB
[00:07:36] 🧠 New identity
[00:07:36] 🔄 Identity reset
[00:07:36] ❌ FNDB | RuntimeError
[00:07:36] [2/459] AMBH
[00:07:36] 🧠 New identity
[00:07:36] 🔄 Identity reset
[00:07:36] ❌ AMBH | RuntimeError
[00:07:37] [3/459] PRHN
[00:07:37] 🧠 New identity
[00:07:37] 🔄 Identity reset
[00:07:37] ❌ PRHN | RuntimeError
[00:07:37] [4/459] ACPM
[00:07:37] 🧠 New identity
[00:07:37] 🔄 Identity reset
[00:07:37] ❌ ACPM | RuntimeError
[00:07:38] [5/459] PVFS
[00:07:38] 🧠 New identity
[00:07:38] 🔄 Identity reset
[00:07:38] ❌ PVFS | RuntimeError
[00:07:38] [6/459] AACN
[00:07:38] 🧠 New identity
[00:07:39] [7/459] ACAS
[00:07:40] [8/459] CTNR
[00:07:41] [9/459] MMAH
[00:07:42] [10/459] CPMH
[00:07:43] [11/459] IGMH
[00:07:43] [12/459] ABCS
[00:07:44] [13/459] CMMA
[00:07:45] [14/459] GPRH
[00:07:46] [15/459] PNNG
[00:07:47] [16/459] AMCA
[00:07:48] [17/459] ISTN
[00:07:49] [18/459] PIIC
[00:07:50] [19/459] AHMH
[00:07:51] [20/459] ASHN
[00:07:52] [21/459] INHY
[00:07:52] [22/459] SRMO
[00:07:53] [23/459] PIMH
[00:07:54] [24/459] PVTS
[00:07:55] [25/459] MMCA
[00:07:56] [26/459] AKYJ
[00:07:56] [27/459] BRKH
[00:07:57] [28/459] MAHM
[00:07:58] [29/459] CPHY
[00:07:59] [30/459] PVTP
[00:08:00] [31/459] SMMR
[00:08:01] [32/459] PVHM
[00:08:01] [33/459] SNDY
[00:08:02] [34/459] GOKU
[00:08:03] [35/459] ACEV
[00:08:04] [36/459] PVUM
[00:08:05] [37/459] VSWA
[00:08:06] [38/459] IPRS
[00:08:07] [39/459] ASGN
[00:08:09] [40/459] BKMV
[00:08:10] [41/459] PVYH
[00:08:11] [42/459] INKM
[00:08:12] [43/459] ARJU
[00:08:12] [44/459] JJPP
[00:08:14] [45/459] SSRM
[00:08:15] [46/459] HMHD
[00:08:16] [47/459] SNKH
[00:08:17] [48/459] ACHI
[00:08:17] [49/459] MRAA
[00:08:18] [50/459] INMH
[00:08:19] [51/459] ARMH
[00:08:20] [52/459] DVRR
[00:08:22] [53/459] SUDA
[00:08:23] [54/459] MCSS
[00:08:24] [55/459] VRKC
[00:08:24] [56/459] PRCX
[00:08:25] [57/459] ASJY
[00:08:26] [58/459] MTHY
[00:08:28] [59/459] SRCM
[00:08:30] [60/459] TVHY
[00:08:30] [61/459] STHD
[00:08:31] [62/459] CPCL
[00:08:33] [63/459] PSMJ
[00:08:34] [64/459] MRGT
[00:08:35] [65/459] ARYH
[00:08:36] [66/459] VTRB
[00:08:37] [67/459] SCHC
[00:08:38] [68/459] MRRG
[00:08:39] [69/459] SPCB
[00:08:40] [70/459] AMCM
[00:08:40] [71/459] IVNM
[00:08:41] [72/459] TRHY
[00:08:42] [73/459] PTTH
[00:08:43] [74/459] RKMH
[00:08:44] [75/459] PRCS
[00:08:45] [76/459] VAJA
[00:08:45] [77/459] BJNG
[00:08:46] [78/459] SCVM
[00:08:47] [79/459] GNHB
[00:08:48] [80/459] TLUR
[00:08:49] [81/459] UKCC
[00:08:50] [82/459] SRKR
[00:08:51] [83/459] RMKN
[00:08:52] [84/459] SLRT
[00:08:53] [85/459] LKMT
[00:08:54] [86/459] SSRJ
[00:08:54] [87/459] SPHT
[00:08:55] [88/459] ANTT
[00:08:57] [89/459] SRCH
[00:08:58] [90/459] SRCA
[00:08:58] [91/459] ARTH
[00:08:59] [92/459] MCBH
[00:09:00] [93/459] SNIB
[00:09:01] [94/459] SART
[00:09:02] [95/459] SKTA
[00:09:03] [96/459] YAKT
[00:09:04] [97/459] MLCK
[00:09:05] [98/459] ANTS
[00:09:05] [99/459] DGCA
[00:09:06] [100/459] SGMP
[00:09:07] [101/459] ASWN
[00:09:08] [102/459] KFVU
[00:09:09] [103/459] POOR
[00:09:10] [104/459] GKDN
[00:09:10] [105/459] EOSE
[00:09:11] [106/459] GTTT
[00:09:12] [107/459] ARRO
[00:09:13] [108/459] CMMK
[00:09:14] [109/459] MSCN
[00:09:15] [110/459] GDKH
[00:09:16] [111/459] DLMT
[00:09:16] [112/459] PVMF
[00:09:17] [113/459] CPCK
[00:09:18] [114/459] VMHE
[00:09:19] [115/459] PVLC
[00:09:20] [116/459] PCVB
[00:09:21] [117/459] SNYK
[00:09:22] [118/459] KTEK
[00:09:22] [119/459] PCNM
[00:09:23] [120/459] NTTR
[00:09:24] [121/459] CPSK
[00:09:25] [122/459] JMMA
[00:09:26] [123/459] GCFK
[00:09:27] [124/459] MYCA
[00:09:28] [125/459] KSNP
[00:09:29] [126/459] PMCE
[00:09:30] [127/459] SCKI
[00:09:31] [128/459] FSMA
[00:09:32] [129/459] CETA
[00:09:33] [130/459] MCIK
[00:09:33] [131/459] MYCR
[00:09:34] [132/459] EVMP
[00:09:35] [133/459] SSGT
[00:09:36] [134/459] KCTK
[00:09:37] [135/459] ZTKC
[00:09:37] [136/459] MMTA
[00:09:38] [137/459] MAJT
[00:09:39] [138/459] ACPK
[00:09:41] [139/459] JMAX
[00:09:42] [140/459] SETK
[00:09:43] [141/459] CAIS
[00:09:43] [142/459] AGCD
[00:09:44] [143/459] URCL
[00:09:45] [144/459] VTDS
[00:09:46] [145/459] JCNM
[00:09:47] [146/459] KCAM
[00:09:48] [147/459] ADCU
[00:09:48] [148/459] GXYN
[00:09:49] [149/459] SMJG
[00:09:50] [150/459] EYCJ
[00:09:50] [151/459] CCEJ
[00:09:51] [152/459] MARS
[00:09:52] [153/459] CPVJ
[00:09:53] [154/459] INVP
[00:09:54] [155/459] CPOV
[00:09:54] [156/459] VIJK
[00:09:56] [157/459] LAIM
[00:09:58] [158/459] STHV
[00:09:59] [159/459] SVLJ
[00:09:59] [160/459] ATVJ
[00:10:00] [161/459] JTSC
[00:10:01] [162/459] RMTV
[00:10:02] [163/459] MGGG
[00:10:03] [164/459] SWTH
[00:10:04] [165/459] INVJ
[00:10:05] [166/459] PRSV
[00:10:06] [167/459] JATV
[00:10:07] [168/459] RCVD
[00:10:07] [169/459] BDMA
[00:10:09] [170/459] BLJI
[00:10:10] [171/459] SWOT
[00:10:10] [172/459] SWRN
[00:10:11] [173/459] TVRA
[00:10:12] [174/459] VCSV
[00:10:13] [175/459] NVRN
[00:10:14] [176/459] SIKC
[00:10:15] [177/459] VAKR
[00:10:16] [178/459] SYLN
[00:10:17] [179/459] KLJL
[00:10:18] [180/459] LKMY
[00:10:19] [181/459] VSLY
[00:10:20] [182/459] CIKO
[00:10:21] [183/459] GPBG
[00:10:22] [184/459] CECM
[00:10:22] [185/459] SLKB
[00:10:23] [186/459] MTBO
[00:10:24] [187/459] SSHB
[00:10:26] [188/459] VPCS
[00:10:27] [189/459] RCSR
[00:10:28] [190/459] RJRM
[00:10:28] [191/459] KPPB
[00:10:29] [192/459] SEDC
[00:10:30] [193/459] SCAI
[00:10:31] [194/459] RMTR
[00:10:32] [195/459] ASST
[00:10:33] [196/459] GCAK
[00:10:34] [197/459] ANNK
[00:10:35] [198/459] KDDF
[00:10:36] [199/459] NRDP
[00:10:37] [200/459] PLAK
[00:10:38] [201/459] GCMC
[00:10:39] [202/459] ALPY
[00:10:40] [203/459] SICE
[00:10:41] [204/459] SISR
[00:10:42] [205/459] SRPZ
[00:10:43] [206/459] SRSW
[00:10:43] [207/459] SUYA
[00:10:44] [208/459] AMMT
[00:10:45] [209/459] BHCU
[00:10:46] [210/459] KLPA
[00:10:47] [211/459] NVKH
[00:10:48] [212/459] JMRC
[00:10:49] [213/459] KTTT
[00:10:50] [214/459] MAGH
[00:10:51] [215/459] MMMX
[00:10:52] [216/459] SALJ
[00:10:53] [217/459] GTJA
[00:10:53] [218/459] MAHT
[00:10:54] [219/459] SSNN
[00:10:56] [220/459] ARRP
[00:10:57] [221/459] ATNS
[00:10:57] [222/459] SKDT
[00:10:58] [223/459] ACAT
[00:10:59] [224/459] APRC
[00:11:01] [225/459] SWAG
[00:11:02] [226/459] SDPT
[00:11:03] [227/459] STPS
[00:11:04] [228/459] WWCZ
[00:11:05] [229/459] LLCH
[00:11:07] [230/459] MZHA
[00:11:07] [231/459] CRJG
[00:11:08] [232/459] JGTK
[00:11:09] [233/459] KCSR
[00:11:10] [234/459] CHTL
[00:11:11] [235/459] EDSR
[00:11:11] [236/459] CSWO
[00:11:12] [237/459] CPVM
[00:11:13] [238/459] MXBY
[00:11:14] [239/459] FMMA
[00:11:15] [240/459] POVI
[00:11:16] [241/459] MTHB
[00:11:16] [242/459] INRC
[00:11:17] [243/459] PIPP
[00:11:18] [244/459] BMXC
[00:11:19] [245/459] PCMM
[00:11:21] [246/459] PMKM
[00:11:22] [247/459] GATY
[00:11:23] [248/459] IMCM
[00:11:24] [249/459] POPE
[00:11:25] [250/459] MTCR
[00:11:26] [251/459] PVAE
[00:11:26] [252/459] PVMI
[00:11:27] [253/459] CPNM
[00:11:29] [254/459] FMRL
[00:11:30] [255/459] MCIW
[00:11:31] [256/459] MXBO
[00:11:32] [257/459] FMKY
[00:11:32] [258/459] FMDA
[00:11:33] [259/459] THAB
[00:11:34] [260/459] PRCW
[00:11:35] [261/459] PITI
[00:11:36] [262/459] MCFF
[00:11:36] [263/459] PDDV
[00:11:37] [264/459] MCRM
[00:11:38] [265/459] KKMB
[00:11:40] [266/459] INKO
[00:11:41] [267/459] PLXP
[00:11:42] [268/459] MMHA
[00:11:43] [269/459] FMVS
[00:11:44] [270/459] POLM
[00:11:45] [271/459] STER
[00:11:47] [272/459] PVWJ
[00:11:48] [273/459] IMJW
[00:11:49] [274/459] FNAN
[00:11:49] [275/459] CAGL
[00:11:51] [276/459] IPBG
[00:11:52] [277/459] SMFV
[00:11:53] [278/459] MMMR
[00:11:54] [279/459] MMWM
[00:11:55] [280/459] FNCM
[00:11:56] [281/459] MDVA
[00:11:56] [282/459] MMET
[00:11:57] [283/459] MIDO
[00:11:58] [284/459] INNP
[00:11:59] [285/459] MIFU
[00:12:00] [286/459] MMSZ
[00:12:01] [287/459] BMXA
[00:12:02] [288/459] MCAA
[00:12:04] [289/459] SCVP
[00:12:05] [290/459] PLUS
[00:12:06] [291/459] MUCK
[00:12:06] [292/459] MTMA
[00:12:07] [293/459] HPVR
[00:12:08] [294/459] PMPK
[00:12:09] [295/459] MAJB
[00:12:10] [296/459] CTRR
[00:12:11] [297/459] MCTG
[00:12:12] [298/459] MACE
[00:12:13] [299/459] AAAS
[00:12:13] [300/459] CPVV
[00:12:14] [301/459] RCHG
[00:12:15] [302/459] MCNE
[00:12:17] [303/459] EMNC
[00:12:17] [304/459] MCAN
[00:12:18] [305/459] TCDM
[00:12:19] [306/459] IRGT
[00:12:21] [307/459] GCMG
[00:12:21] [308/459] MXSN
[00:12:22] [309/459] MXCK
[00:12:23] [310/459] MCRC
[00:12:24] [311/459] RSMI
[00:12:25] [312/459] WAML
[00:12:25] [313/459] MTSC
[00:12:26] [314/459] FMDR
[00:12:27] [315/459] LEPV
[00:12:28] [316/459] MTGD
[00:12:29] [317/459] IMOB
[00:12:30] [318/459] CLMM
[00:12:31] [319/459] PZCD
[00:12:31] [320/459] GOCS
[00:12:32] [321/459] KCMA
[00:12:33] [322/459] CCMP
[00:12:34] [323/459] MTSU
[00:12:35] [324/459] SNGL
[00:12:36] [325/459] MMMC
[00:12:36] [326/459] MMAA
[00:12:37] [327/459] GCDM
[00:12:38] [328/459] KTMV
[00:12:39] [329/459] AETE
[00:12:39] [330/459] OMCS
[00:12:40] [331/459] GDCD
[00:12:41] [332/459] NYMD
[00:12:42] [333/459] RNCV
[00:12:43] [334/459] KKMT
[00:12:44] [335/459] GDTH
[00:12:44] [336/459] KMMV
[00:12:45] [337/459] NHCG
[00:12:46] [338/459] PJDW
[00:12:47] [339/459] MMCV
[00:12:48] [340/459] FQSA
[00:12:49] [341/459] KURL
[00:12:50] [342/459] NNNX
[00:12:51] [343/459] AMAU
[00:12:52] [344/459] VVVM
[00:12:53] [345/459] VECU
[00:12:54] [346/459] WCVR
[00:12:54] [347/459] MTGG
[00:12:55] [348/459] SGTG
[00:12:56] [349/459] MNTG
[00:12:57] [350/459] JDDG
[00:12:58] [351/459] MBTK
[00:12:58] [352/459] SGCD
[00:12:59] [353/459] MCTC
[00:13:00] [354/459] JTPC
[00:13:01] [355/459] SDKT
[00:13:03] [356/459] KRCC
[00:13:03] [357/459] RMMD
[00:13:04] [358/459] AAME
[00:13:05] [359/459] TMWC
[00:13:06] [360/459] NRWY
[00:13:07] [361/459] CITD
[00:13:08] [362/459] VERD
[00:13:09] [363/459] MKSK
[00:13:10] [364/459] STSM
[00:13:10] [365/459] MJDG
[00:13:11] [366/459] RKPM
[00:13:13] [367/459] SSCE
[00:13:14] [368/459] VMAE
[00:13:14] [369/459] SBRU
[00:13:15] [370/459] AMBC
[00:13:17] [371/459] AMLU
[00:13:18] [372/459] INVZ
[00:13:18] [373/459] LGTV
[00:13:20] [374/459] SVAD
[00:13:20] [375/459] SMSA
[00:13:21] [376/459] SPCZ
[00:13:22] [377/459] GTCX
[00:13:22] [378/459] SCSL
[00:13:23] [379/459] SAHU
[00:13:24] [380/459] NCDA
[00:13:26] [381/459] SCCG
[00:13:26] [382/459] VKTL
[00:13:27] [383/459] PUUJ
[00:13:28] [384/459] STEJ
[00:13:29] [385/459] RJAL
[00:13:30] [386/459] ACJC
[00:13:31] [387/459] VTHC
[00:13:32] [388/459] ARVB
[00:13:32] [389/459] AUBB
[00:13:33] [390/459] GDBR
[00:13:34] [391/459] PVND
[00:13:35] [392/459] BGRJ
[00:13:36] [393/459] RJMM
[00:13:37] [394/459] MCSA
[00:13:38] [395/459] BODA
[00:13:39] [396/459] JAGG
[00:13:40] [397/459] SCGA
[00:13:41] [398/459] LRCM
[00:13:41] [399/459] CPCN
[00:13:42] [400/459] SSTF
[00:13:43] [401/459] SRXP
[00:13:44] [402/459] CNFX
[00:13:46] [403/459] ANDI
[00:13:47] [404/459] SYEW
[00:13:47] [405/459] RCRE
[00:13:48] [406/459] SCRW
[00:13:49] [407/459] MBKR
[00:13:50] [408/459] ASNT
[00:13:51] [409/459] JTMT
[00:13:52] [410/459] SHAY
[00:13:52] [411/459] VRTH
[00:13:53] [412/459] SPTI
[00:13:54] [413/459] DPTD
[00:13:55] [414/459] TGSN
[00:13:55] [415/459] RCWV
[00:13:56] [416/459] OCUR
[00:13:57] [417/459] KSTC
[00:13:58] [418/459] SANI
[00:13:58] [419/459] MLCA
[00:13:59] [420/459] EGCA
[00:14:00] [421/459] SYSN
[00:14:01] [422/459] PKTA
[00:14:02] [423/459] PRCC
[00:14:03] [424/459] KSTR
[00:14:03] [425/459] SNTP
[00:14:04] [426/459] RCHA
[00:14:05] [427/459] SEEA
[00:14:06] [428/459] ALAT
[00:14:07] [429/459] AATV
[00:14:08] [430/459] RJTE
[00:14:09] [431/459] AAPP
[00:14:09] [432/459] PMMH
[00:14:10] [433/459] INRJ
[00:14:11] [434/459] SARB
[00:14:12] [435/459] PCJL
[00:14:13] [436/459] PFJJ
[00:14:14] [437/459] GRDC
[00:14:15] [438/459] BCBA
[00:14:16] [439/459] VIXL
[00:14:17] [440/459] CSTL
[00:14:18] [441/459] MTDK
[00:14:19] [442/459] TDAC
[00:14:19] [443/459] GTDN
[00:14:20] [444/459] TTDE
[00:14:21] [445/459] ASTS
[00:14:22] [446/459] CPNS
[00:14:22] [447/459] PVVW
[00:14:24] [448/459] USEB
[00:14:25] [449/459] DTYN
[00:14:25] [450/459] PVLE
[00:14:26] [451/459] CIPS
[00:14:27] [452/459] PAEG
[00:14:28] [453/459] PTCW
[00:14:29] [454/459] G3SR
[00:14:30] [455/459] PGND
[00:14:30] [456/459] INVM
[00:14:31] [457/459] SPIA
[00:14:32] [458/459] PCSN
[00:14:33] [459/459] PPGV
[00:14:34] ✅ DONE | Shows=3 | Movies=2
