[00:07:36] 🚀 BMS DAILY TRACKER STARTED
[00:07:36] [1/459] MCCZ
[00:07:36] 🧠 New identity
[00:07:36] 🔄 Identity reset
[00:07:36] ❌ MCCZ | RuntimeError
[00:07:36] [2/459] FRPU
[00:07:36] 🧠 New identity
[00:07:37] 🔄 Identity reset
[00:07:37] ❌ FRPU | RuntimeError
[00:07:37] [3/459] SKSI
[00:07:37] 🧠 New identity
[00:07:37] 🔄 Identity reset
[00:07:37] ❌ SKSI | RuntimeError
[00:07:38] [4/459] SSCK
[00:07:38] 🧠 New identity
[00:07:38] 🔄 Identity reset
[00:07:38] ❌ SSCK | RuntimeError
[00:07:38] [5/459] SRDC
[00:07:38] 🧠 New identity
[00:07:38] 🔄 Identity reset
[00:07:38] ❌ SRDC | RuntimeError
[00:07:39] [6/459] RSCZ
[00:07:39] 🧠 New identity
[00:07:39] 🔄 Identity reset
[00:07:39] ❌ RSCZ | RuntimeError
[00:07:40] [7/459] PRVT
[00:07:40] 🧠 New identity
[00:07:40] 🔄 Identity reset
[00:07:40] ❌ PRVT | RuntimeError
[00:07:40] [8/459] GAGJ
[00:07:40] 🧠 New identity
[00:07:40] 🔄 Identity reset
[00:07:40] ❌ GAGJ | RuntimeError
[00:07:41] [9/459] SMHG
[00:07:41] 🧠 New identity
[00:07:41] 🔄 Identity reset
[00:07:41] ❌ SMHG | RuntimeError
[00:07:41] [10/459] JTST
[00:07:41] 🧠 New identity
[00:07:42] 🔄 Identity reset
[00:07:42] ❌ JTST | RuntimeError
[00:07:42] [11/459] MYTH
[00:07:42] 🧠 New identity
[00:07:42] 🔄 Identity reset
[00:07:42] ❌ MYTH | RuntimeError
[00:07:43] [12/459] JPCC
[00:07:43] 🧠 New identity
[00:07:43] 🔄 Identity reset
[00:07:43] ❌ JPCC | RuntimeError
[00:07:43] [13/459] ACDC
[00:07:43] 🧠 New identity
[00:07:43] 🔄 Identity reset
[00:07:43] ❌ ACDC | RuntimeError
[00:07:44] [14/459] SVFP
[00:07:44] 🧠 New identity
[00:07:44] 🔄 Identity reset
[00:07:44] ❌ SVFP | RuntimeError
[00:07:45] [15/459] SFCM
[00:07:45] 🧠 New identity
[00:07:45] 🔄 Identity reset
[00:07:45] ❌ SFCM | RuntimeError
[00:07:45] [16/459] RUPK
[00:07:45] 🧠 New identity
[00:07:45] 🔄 Identity reset
[00:07:45] ❌ RUPK | RuntimeError
[00:07:46] [17/459] NTCR
[00:07:46] 🧠 New identity
[00:07:46] 🔄 Identity reset
[00:07:46] ❌ NTCR | RuntimeError
[00:07:47] [18/459] RTCH
[00:07:47] 🧠 New identity
[00:07:47] 🔄 Identity reset
[00:07:47] ❌ RTCH | RuntimeError
[00:07:48] [19/459] SCMH
[00:07:48] 🧠 New identity
[00:07:48] 🔄 Identity reset
[00:07:48] ❌ SCMH | RuntimeError
[00:07:48] [20/459] SVYM
[00:07:48] 🧠 New identity
[00:07:48] 🔄 Identity reset
[00:07:48] ❌ SVYM | RuntimeError
[00:07:49] [21/459] SPYM
[00:07:49] 🧠 New identity
[00:07:49] 🔄 Identity reset
[00:07:49] ❌ SPYM | RuntimeError
[00:07:50] [22/459] SMMF
[00:07:50] 🧠 New identity
[00:07:50] 🔄 Identity reset
[00:07:50] ❌ SMMF | RuntimeError
[00:07:50] [23/459] CLLB
[00:07:50] 🧠 New identity
[00:07:50] 🔄 Identity reset
[00:07:50] ❌ CLLB | RuntimeError
[00:07:51] [24/459] FMCB
[00:07:51] 🧠 New identity
[00:07:51] 🔄 Identity reset
[00:07:51] ❌ FMCB | RuntimeError
[00:07:52] [25/459] BBTC
[00:07:52] 🧠 New identity
[00:07:52] 🔄 Identity reset
[00:07:52] ❌ BBTC | RuntimeError
[00:07:52] [26/459] NTHS
[00:07:52] 🧠 New identity
[00:07:52] 🔄 Identity reset
[00:07:52] ❌ NTHS | RuntimeError
[00:07:53] [27/459] PKKJ
[00:07:53] 🧠 New identity
[00:07:53] 🔄 Identity reset
[00:07:53] ❌ PKKJ | RuntimeError
[00:07:53] [28/459] MTJA
[00:07:53] 🧠 New identity
[00:07:54] 🔄 Identity reset
[00:07:54] ❌ MTJA | RuntimeError
[00:07:54] [29/459] PMSJ
[00:07:54] 🧠 New identity
[00:07:54] 🔄 Identity reset
[00:07:54] ❌ PMSJ | RuntimeError
[00:07:55] [30/459] JMJU
[00:07:55] 🧠 New identity
[00:07:55] 🔄 Identity reset
[00:07:55] ❌ JMJU | RuntimeError
[00:07:55] [31/459] SRAD
[00:07:55] 🧠 New identity
[00:07:56] 🔄 Identity reset
[00:07:56] ❌ SRAD | RuntimeError
[00:07:56] [32/459] MJMC
[00:07:56] 🧠 New identity
[00:07:56] 🔄 Identity reset
[00:07:56] ❌ MJMC | RuntimeError
[00:07:57] [33/459] DFRM
[00:07:57] 🧠 New identity
[00:07:57] 🔄 Identity reset
[00:07:57] ❌ DFRM | RuntimeError
[00:07:57] [34/459] PMRS
[00:07:57] 🧠 New identity
[00:07:57] 🔄 Identity reset
[00:07:57] ❌ PMRS | RuntimeError
[00:07:58] [35/459] RKPP
[00:07:58] 🧠 New identity
[00:07:58] 🔄 Identity reset
[00:07:58] ❌ RKPP | RuntimeError
[00:07:59] [36/459] BMBK
[00:07:59] 🧠 New identity
[00:07:59] 🔄 Identity reset
[00:07:59] ❌ BMBK | RuntimeError
[00:07:59] [37/459] NEWS
[00:07:59] 🧠 New identity
[00:07:59] 🔄 Identity reset
[00:07:59] ❌ NEWS | RuntimeError
[00:08:00] [38/459] SALB
[00:08:00] 🧠 New identity
[00:08:00] 🔄 Identity reset
[00:08:00] ❌ SALB | RuntimeError
[00:08:01] [39/459] SCPW
[00:08:01] 🧠 New identity
[00:08:01] 🔄 Identity reset
[00:08:01] ❌ SCPW | RuntimeError
[00:08:02] [40/459] RAYL
[00:08:02] 🧠 New identity
[00:08:02] 🔄 Identity reset
[00:08:02] ❌ RAYL | RuntimeError
[00:08:02] [41/459] CMGJ
[00:08:02] 🧠 New identity
[00:08:03] [42/459] JRCR
[00:08:04] [43/459] SRTB
[00:08:05] [44/459] ETPB
[00:08:06] [45/459] MXBN
[00:08:07] [46/459] TOPE
[00:08:08] [47/459] SNLJ
[00:08:09] [48/459] CDDP
[00:08:10] [49/459] APCX
[00:08:11] [50/459] TALP
[00:08:11] [51/459] RRMP
[00:08:12] [52/459] MAHB
[00:08:13] [53/459] MTKR
[00:08:14] [54/459] KSKL
[00:08:15] [55/459] RJLT
[00:08:16] [56/459] ATAS
[00:08:17] [57/459] AMHR
[00:08:19] [58/459] RSRM
[00:08:20] [59/459] GCAT
[00:08:20] [60/459] SMML
[00:08:22] [61/459] ACCD
[00:08:23] [62/459] VYDA
[00:08:24] [63/459] MSKT
[00:08:24] [64/459] AVDM
[00:08:25] [65/459] ASMH
[00:08:26] [66/459] VTMB
[00:08:27] [67/459] WVMB
[00:08:28] [68/459] PPMN
[00:08:29] [69/459] MTMD
[00:08:29] [70/459] SMMO
[00:08:30] [71/459] DLPB
[00:08:31] [72/459] AKMD
[00:08:32] [73/459] SHRR
[00:08:33] [74/459] ASCO
[00:08:33] [75/459] CZVX
[00:08:34] [76/459] GCBB
[00:08:35] [77/459] ATBM
[00:08:36] [78/459] TCGM
[00:08:38] [79/459] UMSE
[00:08:39] [80/459] NKCL
[00:08:40] [81/459] BTLR
[00:08:40] [82/459] GOCL
[00:08:41] [83/459] MIRN
[00:08:42] [84/459] THEC
[00:08:43] [85/459] SPPB
[00:08:45] [86/459] PMMM
[00:08:46] [87/459] GGMC
[00:08:47] [88/459] AVSR
[00:08:48] [89/459] RDMH
[00:08:48] [90/459] JSRS
[00:08:49] [91/459] VKGP
[00:08:50] [92/459] ACRT
[00:08:51] [93/459] GCBA
[00:08:52] [94/459] GTCP
[00:08:53] [95/459] AKFC
[00:08:54] [96/459] INCS
[00:08:54] [97/459] SMCK
[00:08:55] [98/459] BRUN
[00:08:56] [99/459] RPPC
[00:08:57] [100/459] PAYD
[00:08:58] [101/459] SVVT
[00:08:58] [102/459] RNCC
[00:08:59] [103/459] PCRC
[00:09:00] [104/459] PMRM
[00:09:01] [105/459] CCRP
[00:09:02] [106/459] INCR
[00:09:02] [107/459] ZTMP
[00:09:03] [108/459] MCNR
[00:09:04] [109/459] INRP
[00:09:05] [110/459] STRC
[00:09:06] [111/459] RATI
[00:09:07] [112/459] PBTR
[00:09:08] [113/459] CMHP
[00:09:09] [114/459] ZECJ
[00:09:10] [115/459] CCCB
[00:09:11] [116/459] BWCB
[00:09:12] [117/459] CCAT
[00:09:13] [118/459] KGCM
[00:09:14] [119/459] INPT
[00:09:15] [120/459] FNCO
[00:09:15] [121/459] SRMJ
[00:09:17] [122/459] PFSC
[00:09:17] [123/459] PBMC
[00:09:18] [124/459] KARP
[00:09:19] [125/459] KOVI
[00:09:21] [126/459] ACXL
[00:09:22] [127/459] GKCC
[00:09:23] [128/459] ASCC
[00:09:24] [129/459] SETC
[00:09:24] [130/459] KACC
[00:09:25] [131/459] KAVE
[00:09:26] [132/459] CNTC
[00:09:27] [133/459] MEEN
[00:09:28] [134/459] BMRV
[00:09:28] [135/459] SVAM
[00:09:29] [136/459] VTBP
[00:09:30] [137/459] VCKN
[00:09:31] [138/459] SGTK
[00:09:32] [139/459] RCGS
[00:09:32] [140/459] RCCB
[00:09:33] [141/459] RKSR
[00:09:35] [142/459] RKCU
[00:09:36] [143/459] GIBH
[00:09:37] [144/459] CXBS
[00:09:38] [145/459] GGCB
[00:09:39] [146/459] SCPB
[00:09:41] [147/459] AKTB
[00:09:42] [148/459] SRBU
[00:09:43] [149/459] CSSA
[00:09:44] [150/459] MYAN
[00:09:44] [151/459] EXCA
[00:09:45] [152/459] CKSA
[00:09:46] [153/459] JTNM
[00:09:47] [154/459] CXKT
[00:09:49] [155/459] NCLM
[00:09:49] [156/459] JAAD
[00:09:50] [157/459] RDCR
[00:09:51] [158/459] MEER
[00:09:52] [159/459] SIBT
[00:09:53] [160/459] PVVB
[00:09:54] [161/459] FNPN
[00:09:54] [162/459] CRPX
[00:09:55] [163/459] STET
[00:09:56] [164/459] METE
[00:09:57] [165/459] BJML
[00:09:58] [166/459] MAVT
[00:09:59] [167/459] MSRM
[00:09:59] [168/459] TJMP
[00:10:00] [169/459] MHCK
[00:10:01] [170/459] SVGP
[00:10:02] [171/459] KRRC
[00:10:03] [172/459] IMCH
[00:10:03] [173/459] CMCS
[00:10:04] [174/459] SGND
[00:10:05] [175/459] RNAT
[00:10:06] [176/459] PRTN
[00:10:07] [177/459] MPTN
[00:10:08] [178/459] ARCC
[00:10:08] [179/459] NTTE
[00:10:10] [180/459] ABND
[00:10:11] [181/459] KCSN
[00:10:12] [182/459] KCSA
[00:10:12] [183/459] DCKT
[00:10:13] [184/459] MBBR
[00:10:14] [185/459] RAMU
[00:10:15] [186/459] RACW
[00:10:16] [187/459] MCHP
[00:10:17] [188/459] TMHM
[00:10:18] [189/459] STXH
[00:10:19] [190/459] AGSG
[00:10:19] [191/459] SIRA
[00:10:20] [192/459] RCAN
[00:10:21] [193/459] CWTB
[00:10:22] [194/459] VTYM
[00:10:23] [195/459] RRPP
[00:10:24] [196/459] ASMR
[00:10:26] [197/459] RONO
[00:10:26] [198/459] MEMR
[00:10:27] [199/459] CTMR
[00:10:28] [200/459] PMTT
[00:10:29] [201/459] PSLX
[00:10:29] [202/459] IPPL
[00:10:30] [203/459] MMSG
[00:10:31] [204/459] INEL
[00:10:32] [205/459] COAC
[00:10:33] [206/459] WVLK
[00:10:34] [207/459] PPXL
[00:10:35] [208/459] PSML
[00:10:36] [209/459] FNLK
[00:10:37] [210/459] ILUM
[00:10:38] [211/459] ILCM
[00:10:38] [212/459] MSNL
[00:10:39] [213/459] VINB
[00:10:40] [214/459] SALW
[00:10:41] [215/459] PRTB
[00:10:42] [216/459] NCIL
[00:10:43] [217/459] PSUL
[00:10:43] [218/459] SCLK
[00:10:44] [219/459] ADDC
[00:10:45] [220/459] OACL
[00:10:46] [221/459] OOCF
[00:10:47] [222/459] GPMF
[00:10:48] [223/459] SSDG
[00:10:49] [224/459] SKRS
[00:10:49] [225/459] NTTP
[00:10:50] [226/459] SLTP
[00:10:51] [227/459] JTLC
[00:10:52] [228/459] POON
[00:10:53] [229/459] CCPC
[00:10:54] [230/459] DCKC
[00:10:55] [231/459] CPRT
[00:10:56] [232/459] EYHZ
[00:10:56] [233/459] ARBL
[00:10:57] [234/459] SBTB
[00:10:58] [235/459] MMCK
[00:10:59] [236/459] PLMR
[00:10:59] [237/459] BIJH
[00:11:00] [238/459] SDRT
[00:11:01] [239/459] PRDC
[00:11:02] [240/459] OMJA
[00:11:03] [241/459] VKCR
[00:11:04] [242/459] ATRT
[00:11:05] [243/459] WVRP
[00:11:06] [244/459] MVRP
[00:11:06] [245/459] FCAX
[00:11:07] [246/459] CTLC
[00:11:08] [247/459] JCHB
[00:11:09] [248/459] SELP
[00:11:10] [249/459] VCPG
[00:11:11] [250/459] ASCX
[00:11:11] [251/459] EOCS
[00:11:12] [252/459] RCPH
[00:11:14] [253/459] RJTM
[00:11:15] [254/459] SGMD
[00:11:15] [255/459] SVJT
[00:11:17] [256/459] SPPO
[00:11:18] [257/459] MNRL
[00:11:20] [258/459] KNOX
[00:11:20] [259/459] GIER
[00:11:21] [260/459] PJMS
[00:11:22] [261/459] UNSP
[00:11:23] [262/459] JETP
[00:11:24] [263/459] VTWA
[00:11:25] [264/459] SCJI
[00:11:25] [265/459] CBZZ
[00:11:26] [266/459] SDCJ
[00:11:27] [267/459] RRCC
[00:11:28] [268/459] VNKG
[00:11:29] [269/459] LKTO
[00:11:30] [270/459] PJRM
[00:11:31] [271/459] NVRM
[00:11:32] [272/459] SJCS
[00:11:33] [273/459] VIGK
[00:11:34] [274/459] ANST
[00:11:35] [275/459] JTTS
[00:11:36] [276/459] NTST
[00:11:37] [277/459] PREB
[00:11:37] [278/459] TSCZ
[00:11:38] [279/459] CDCM
[00:11:39] [280/459] ELYE
[00:11:41] [281/459] INBS
[00:11:41] [282/459] SMGC
[00:11:42] [283/459] UTMP
[00:11:43] [284/459] INTA
[00:11:44] [285/459] OMPT
[00:11:45] [286/459] SCIR
[00:11:46] [287/459] GCKJ
[00:11:46] [288/459] INOG
[00:11:47] [289/459] SMGB
[00:11:48] [290/459] MCSG
[00:11:49] [291/459] STKG
[00:11:51] [292/459] TTKG
[00:11:51] [293/459] SRTR
[00:11:52] [294/459] ETTR
[00:11:53] [295/459] GGGZ
[00:11:54] [296/459] IPGM
[00:11:55] [297/459] FCDH
[00:11:56] [298/459] DESB
[00:11:57] [299/459] VNTP
[00:11:57] [300/459] ANNT
[00:11:58] [301/459] SLTI
[00:11:59] [302/459] MAJU
[00:12:00] [303/459] JCXP
[00:12:01] [304/459] HARK
[00:12:02] [305/459] JPCJ
[00:12:02] [306/459] RXBD
[00:12:03] [307/459] PTKJ
[00:12:04] [308/459] CMTU
[00:12:05] [309/459] SWOR
[00:12:06] [310/459] JMEX
[00:12:07] [311/459] DTPT
[00:12:08] [312/459] VGMM
[00:12:09] [313/459] VCSG
[00:12:09] [314/459] CVCG
[00:12:10] [315/459] TNTT
[00:12:11] [316/459] SHRM
[00:12:12] [317/459] CGKD
[00:12:13] [318/459] EKCM
[00:12:14] [319/459] SDCX
[00:12:14] [320/459] SBTE
[00:12:15] [321/459] STKJ
[00:12:16] [322/459] TPCE
[00:12:17] [323/459] JTNP
[00:12:18] [324/459] LPCH
[00:12:18] [325/459] CPUO
[00:12:19] [326/459] APSU
[00:12:20] [327/459] RTHC
[00:12:21] [328/459] PTBU
[00:12:22] [329/459] CUCC
[00:12:23] [330/459] CPSA
[00:12:23] [331/459] SUAY
[00:12:24] [332/459] AYAA
[00:12:25] [333/459] MUCH
[00:12:26] [334/459] PCIN
[00:12:26] [335/459] JRRM
[00:12:27] [336/459] KATS
[00:12:28] [337/459] MHFF
[00:12:29] [338/459] ESYM
[00:12:30] [339/459] STYV
[00:12:30] [340/459] SDKG
[00:12:31] [341/459] SMTI
[00:12:32] [342/459] NYCS
[00:12:33] [343/459] MTBG
[00:12:34] [344/459] RHCA
[00:12:35] [345/459] PCKH
[00:12:36] [346/459] ARCR
[00:12:37] [347/459] NCMB
[00:12:38] [348/459] SHYC
[00:12:38] [349/459] LACK
[00:12:39] [350/459] MTCM
[00:12:40] [351/459] RRBN
[00:12:41] [352/459] MYDC
[00:12:42] [353/459] STCS
[00:12:43] [354/459] CONN
[00:12:44] [355/459] SIPS
[00:12:44] [356/459] SMMX
[00:12:45] [357/459] SCBY
[00:12:46] [358/459] SUAP
[00:12:47] [359/459] RSMK
[00:12:47] [360/459] STKP
[00:12:48] [361/459] CIPC
[00:12:49] [362/459] KKCI
[00:12:50] [363/459] CTNK
[00:12:51] [364/459] MMTZ
[00:12:52] [365/459] DCCO
[00:12:53] [366/459] VNMN
[00:12:54] [367/459] RLCN
[00:12:54] [368/459] CMMS
[00:12:55] [369/459] AYOU
[00:12:56] [370/459] SSCN
[00:12:57] [371/459] SMXN
[00:12:58] [372/459] ASSK
[00:13:00] [373/459] VCKM
[00:13:02] [374/459] PCPH
[00:13:04] [375/459] PADM
[00:13:04] [376/459] IESA
[00:13:05] [377/459] VCSP
[00:13:06] [378/459] AEST
[00:13:07] [379/459] VTNR
[00:13:08] [380/459] GTTA
[00:13:09] [381/459] CMMM
[00:13:10] [382/459] AHKT
[00:13:11] [383/459] SIJI
[00:13:13] [384/459] VCEI
[00:13:14] [385/459] SAKR
[00:13:15] [386/459] VSMT
[00:13:15] [387/459] SSCT
[00:13:16] [388/459] USTR
[00:13:17] [389/459] MTKT
[00:13:18] [390/459] TGMP
[00:13:19] [391/459] SIVC
[00:13:20] [392/459] KICT
[00:13:20] [393/459] DAMD
[00:13:21] [394/459] CNPT
[00:13:22] [395/459] RVTT
[00:13:23] [396/459] SNCM
[00:13:23] [397/459] GHTE
[00:13:24] [398/459] PPAM
[00:13:25] [399/459] PVAA
[00:13:26] [400/459] CPAO
[00:13:27] [401/459] HAMD
[00:13:28] [402/459] RCCA
[00:13:28] [403/459] MPCH
[00:13:29] [404/459] ARED
[00:13:30] [405/459] RRCV
[00:13:31] [406/459] MTRB
[00:13:32] [407/459] CKUA
[00:13:34] [408/459] ABMP
[00:13:35] [409/459] RCWA
[00:13:36] [410/459] CGAR
[00:13:36] [411/459] METH
[00:13:37] [412/459] WAGA
[00:13:38] [413/459] MCMA
[00:13:39] [414/459] CSMP
[00:13:40] [415/459] RCNK
[00:13:41] [416/459] PSTM
[00:13:42] [417/459] CSEP
[00:13:42] [418/459] AMGD
[00:13:43] [419/459] CSTE
[00:13:44] [420/459] CONS
[00:13:45] [421/459] APPX
[00:13:46] [422/459] MABC
[00:13:47] [423/459] CXST
[00:13:47] [424/459] MATN
[00:13:48] [425/459] MACZ
[00:13:49] [426/459] MASA
[00:13:50] [427/459] MBSX
[00:13:50] [428/459] CSST
[00:13:51] [429/459] APCL
[00:13:52] [430/459] CGOS
[00:13:53] [431/459] CPEC
[00:13:54] [432/459] MCCP
[00:13:55] [433/459] BSSO
[00:13:55] [434/459] SJKA
[00:13:56] [435/459] CGBO
[00:13:57] [436/459] MVSK
[00:13:58] [437/459] HVCA
[00:13:58] [438/459] NAMD
[00:14:00] [439/459] DEVI
[00:14:01] [440/459] SCSV
[00:14:02] [441/459] PSMA
[00:14:03] [442/459] CLDJ
[00:14:04] [443/459] NMAD
[00:14:06] [444/459] CGMO
[00:14:07] [445/459] MCNA
[00:14:07] [446/459] OCBN
[00:14:08] [447/459] CPEM
[00:14:09] [448/459] CPSM
[00:14:10] [449/459] RCAD
[00:14:10] [450/459] CPMU
[00:14:11] [451/459] DICD
[00:14:13] [452/459] CHOE
[00:14:14] [453/459] PDJM
[00:14:15] [454/459] SSTU
[00:14:16] [455/459] VNRN
[00:14:17] [456/459] PVLG
[00:14:18] [457/459] SWBL
[00:14:20] [458/459] SCAB
[00:14:20] [459/459] RDDA
[00:14:21] ✅ DONE | Shows=0 | Movies=0
